{ "timestamp":"2017-10-17T06:28:11Z", "event":"Fileheader", "part":1, "language":"English\\UK", "gameversion":"2.4", "build":"r156431/r0 " }
{ "timestamp":"2017-10-17T06:28:11Z", "event":"Music", "MusicTrack":"NoTrack" }
{ "timestamp":"2017-10-17T06:28:11Z", "event":"Music", "MusicTrack":"MainMenu" }
{ "timestamp":"2017-10-17T06:28:56Z", "event":"Cargo", "Inventory":[  ] }
{ "timestamp":"2017-10-17T06:28:56Z", "event":"Loadout", "Ship":"DiamondBackXL", "ShipID":2, "ShipName":"KONNYAKU", "ShipIdent":"IG-E01", "Modules":[ { "Slot":"LargeHardpoint1", "Item":"Hpt_PulseLaser_Gimbal_Large", "On":true, "Priority":0, "Health":1.000000, "Value":140600 }, { "Slot":"MediumHardpoint2", "Item":"Hpt_MiningLaser_Fixed_Small", "On":true, "Priority":0, "Health":1.000000, "Value":6800 }, { "Slot":"TinyHardpoint1", "Item":"Hpt_HeatSinkLauncher_Turret_Tiny", "On":true, "Priority":0, "AmmoInClip":1, "AmmoInHopper":2, "Health":1.000000, "Value":3500 }, { "Slot":"TinyHardpoint2", "Item":"Hpt_HeatSinkLauncher_Turret_Tiny", "On":true, "Priority":0, "AmmoInClip":1, "AmmoInHopper":2, "Health":1.000000, "Value":3500 }, { "Slot":"TinyHardpoint3", "Item":"Hpt_ChaffLauncher_Tiny", "On":true, "Priority":0, "AmmoInClip":1, "AmmoInHopper":10, "Health":1.000000, "Value":8500 }, { "Slot":"Armour", "Item":"DiamondBackXL_Armour_Grade1", "On":true, "Priority":1, "Health":1.000000, "Value":0 }, { "Slot":"PowerPlant", "Item":"Int_Powerplant_Size4_Class4", "On":true, "Priority":1, "Health":1.000000, "Value":536693 }, { "Slot":"MainEngines", "Item":"Int_Engine_Size4_Class4", "On":true, "Priority":0, "Health":1.000000, "Value":536693 }, { "Slot":"FrameShiftDrive", "Item":"Int_Hyperdrive_Size5_Class4", "On":true, "Priority":0, "Health":1.000000, "Value":1701318 }, { "Slot":"LifeSupport", "Item":"Int_LifeSupport_Size3_Class2", "On":true, "Priority":0, "Health":1.000000, "Value":10133 }, { "Slot":"PowerDistributor", "Item":"Int_PowerDistributor_Size4_Class2", "On":true, "Priority":0, "Health":1.000000, "Value":28373 }, { "Slot":"Radar", "Item":"Int_Sensors_Size3_Class2", "On":true, "Priority":0, "Health":1.000000, "Value":10133 }, { "Slot":"FuelTank", "Item":"Int_FuelTank_Size5_Class3", "On":true, "Priority":1, "Health":1.000000, "Value":97754 }, { "Slot":"Decal1", "Item":"Decal_Explorer_Surveyor", "On":true, "Priority":1, "Health":1.000000, "Value":0 }, { "Slot":"Decal2", "Item":"Decal_Explorer_Surveyor", "On":true, "Priority":1, "Health":1.000000, "Value":0 }, { "Slot":"Decal3", "Item":"Decal_Explorer_Surveyor", "On":true, "Priority":1, "Health":1.000000, "Value":0 }, { "Slot":"Slot01_Size4", "Item":"Int_ShieldGenerator_Size4_Class1", "On":true, "Priority":2, "Health":1.000000, "Value":19878 }, { "Slot":"Slot02_Size4", "Item":"Int_FuelScoop_Size4_Class4", "On":true, "Priority":0, "Health":1.000000, "Value":715591 }, { "Slot":"Slot03_Size3", "Item":"Int_BuggyBay_Size2_Class2", "On":true, "Priority":0, "Health":1.000000, "Value":21600 }, { "Slot":"Slot04_Size3", "Item":"Int_Repairer_Size3_Class2", "On":true, "Priority":0, "AmmoInClip":3200, "Health":1.000000, "Value":97200 }, { "Slot":"Slot05_Size2", "Item":"Int_StellarBodyDiscoveryScanner_Advanced", "On":true, "Priority":1, "Health":1.000000, "Value":1545000 }, { "Slot":"Slot06_Size2", "Item":"Int_DetailedSurfaceScanner_Tiny", "On":true, "Priority":1, "Health":1.000000, "Value":250000 }, { "Slot":"PlanetaryApproachSuite", "Item":"Int_PlanetApproachSuite", "On":true, "Priority":1, "Health":1.000000, "Value":500 }, { "Slot":"ShipCockpit", "Item":"DiamondBackXL_Cockpit", "On":true, "Priority":1, "Health":1.000000, "Value":0 }, { "Slot":"CargoHatch", "Item":"ModularCargoBayDoor", "On":true, "Priority":2, "Health":1.000000, "Value":0 } ] }
{ "timestamp":"2017-10-17T06:28:56Z", "event":"Materials", "Raw":[ { "Name":"carbon", "Count":2 }, { "Name":"iron", "Count":3 } ], "Manufactured":[ { "Name":"mechanicalscrap", "Count":8 }, { "Name":"gridresistors", "Count":3 }, { "Name":"heatdispersionplate", "Count":5 }, { "Name":"salvagedalloys", "Count":6 }, { "Name":"hybridcapacitors", "Count":5 }, { "Name":"heatconductionwiring", "Count":2 } ], "Encoded":[ { "Name":"shieldsoakanalysis", "Count":3 }, { "Name":"disruptedwakeechoes", "Count":5 }, { "Name":"shieldcyclerecordings", "Count":9 }, { "Name":"emissiondata", "Count":3 }, { "Name":"bulkscandata", "Count":9 }, { "Name":"scrambledemissiondata", "Count":7 }, { "Name":"archivedemissiondata", "Count":3 }, { "Name":"shielddensityreports", "Count":9 }, { "Name":"legacyfirmware", "Count":1 } ] }
{ "timestamp":"2017-10-17T06:28:56Z", "event":"LoadGame", "Commander":"Igaguri", "Ship":"DiamondBackXL", "ShipID":2, "ShipName":"KONNYAKU", "ShipIdent":"IG-E01", "FuelLevel":32.000000, "FuelCapacity":32.000000, "GameMode":"Solo", "Credits":726935, "Loan":0 }
{ "timestamp":"2017-10-17T06:28:56Z", "event":"Rank", "Combat":1, "Trade":4, "Explore":4, "Empire":0, "Federation":1, "CQC":0 }
{ "timestamp":"2017-10-17T06:28:56Z", "event":"Progress", "Combat":26, "Trade":1, "Explore":9, "Empire":0, "Federation":100, "CQC":0 }
{ "timestamp":"2017-10-17T06:29:14Z", "event":"Location", "Docked":true, "StationName":"Poisson Orbital", "StationType":"Coriolis", "StarSystem":"Kappa", "StarPos":[120.969,-11.906,-85.156], "SystemAllegiance":"Federation", "SystemEconomy":"$economy_HighTech;", "SystemEconomy_Localised":"High Tech", "SystemGovernment":"$government_Corporate;", "SystemGovernment_Localised":"Corporate", "SystemSecurity":"$SYSTEM_SECURITY_high;", "SystemSecurity_Localised":"High Security", "Population":5724331, "Body":"Poisson Orbital", "BodyType":"Station", "Factions":[ { "Name":"HIP 36731 Services", "FactionState":"Boom", "Government":"Corporate", "Influence":0.459000, "Allegiance":"Federation", "PendingStates":[ { "State":"Retreat", "Trend":0 } ] }, { "Name":"Pilots Federation Local Branch", "FactionState":"None", "Government":"Democracy", "Influence":0.000000, "Allegiance":"PilotsFederation" }, { "Name":"Udegobo Silver Power Int", "FactionState":"Boom", "Government":"Corporate", "Influence":0.160000, "Allegiance":"Federation" }, { "Name":"Tjiwang Gold Brotherhood", "FactionState":"None", "Government":"Anarchy", "Influence":0.018000, "Allegiance":"Independent", "PendingStates":[ { "State":"Boom", "Trend":1 } ] }, { "Name":"Kappa Public PLC", "FactionState":"None", "Government":"Corporate", "Influence":0.110000, "Allegiance":"Independent" }, { "Name":"League of Kappa", "FactionState":"None", "Government":"Dictatorship", "Influence":0.060000, "Allegiance":"Independent" }, { "Name":"Union of Kappa Free", "FactionState":"CivilWar", "Government":"Democracy", "Influence":0.084000, "Allegiance":"Independent" }, { "Name":"Natural Kappa Focus", "FactionState":"CivilWar", "Government":"Dictatorship", "Influence":0.109000, "Allegiance":"Independent" } ], "SystemFaction":"HIP 36731 Services", "FactionState":"Boom" }
{ "timestamp":"2017-10-17T06:29:15Z", "event":"Music", "MusicTrack":"NoTrack" }
{ "timestamp":"2017-10-17T06:29:15Z", "event":"Docked", "StationName":"Poisson Orbital", "StationType":"Coriolis", "StarSystem":"Kappa", "StationFaction":"HIP 36731 Services", "FactionState":"Boom", "StationGovernment":"$government_Corporate;", "StationGovernment_Localised":"Corporate", "StationAllegiance":"Federation", "StationServices":[ "Dock", "Autodock", "Commodities", "Contacts", "Exploration", "Missions", "Outfitting", "CrewLounge", "Rearm", "Refuel", "Repair", "Shipyard", "Tuning", "MissionsGenerated", "FlightController", "StationOperations", "Powerplay", "SearchAndRescue" ], "StationEconomy":"$economy_HighTech;", "StationEconomy_Localised":"High Tech", "DistFromStarLS":595.173157 }
{ "timestamp":"2017-10-17T06:29:15Z", "event":"Music", "MusicTrack":"Starport" }
{ "timestamp":"2017-10-17T06:29:56Z", "event":"Music", "MusicTrack":"GalaxyMap" }
{ "timestamp":"2017-10-17T06:30:01Z", "event":"Music", "MusicTrack":"Starport" }
{ "timestamp":"2017-10-17T06:30:11Z", "event":"Music", "MusicTrack":"GalaxyMap" }
{ "timestamp":"2017-10-17T06:31:14Z", "event":"Music", "MusicTrack":"Starport" }
{ "timestamp":"2017-10-17T06:31:48Z", "event":"ModuleBuy", "Slot":"TinyHardpoint4", "BuyItem":"$hpt_chafflauncher_tiny_name;", "BuyItem_Localised":"Chaff", "BuyPrice":8500, "Ship":"diamondbackxl", "ShipID":2 }
{ "timestamp":"2017-10-17T06:32:01Z", "event":"ModuleSell", "Slot":"TinyHardpoint3", "SellItem":"$hpt_chafflauncher_tiny_name;", "SellItem_Localised":"Chaff", "SellPrice":8500, "Ship":"diamondbackxl", "ShipID":2 }
{ "timestamp":"2017-10-17T06:34:07Z", "event":"Undocked", "StationName":"Poisson Orbital", "StationType":"Coriolis" }
{ "timestamp":"2017-10-17T06:34:35Z", "event":"Music", "MusicTrack":"NoTrack" }
{ "timestamp":"2017-10-17T06:34:52Z", "event":"Music", "MusicTrack":"GalaxyMap" }
{ "timestamp":"2017-10-17T06:35:14Z", "event":"Music", "MusicTrack":"SystemMap" }
{ "timestamp":"2017-10-17T06:35:23Z", "event":"Music", "MusicTrack":"GalaxyMap" }
{ "timestamp":"2017-10-17T06:35:24Z", "event":"Music", "MusicTrack":"NoTrack" }
{ "timestamp":"2017-10-17T06:35:43Z", "event":"StartJump", "JumpType":"Hyperspace", "StarSystem":"Kherno", "StarClass":"K" }
{ "timestamp":"2017-10-17T06:35:46Z", "event":"ReceiveText", "From":"Poisson Orbital", "Message":"$STATION_NoFireZone_exited;", "Message_Localised":"No fire zone left.", "Channel":"npc" }
{ "timestamp":"2017-10-17T06:36:02Z", "event":"FSDJump", "StarSystem":"Kherno", "StarPos":[128.875,-17.594,-60.938], "SystemAllegiance":"Independent", "SystemEconomy":"$economy_Extraction;", "SystemEconomy_Localised":"Extraction", "SystemGovernment":"$government_Feudal;", "SystemGovernment_Localised":"Feudal", "SystemSecurity":"$SYSTEM_SECURITY_low;", "SystemSecurity_Localised":"Low Security", "Population":1015, "JumpDist":26.104, "FuelUsed":4.063728, "FuelLevel":27.936272, "Factions":[ { "Name":"Noblemen of Kherno", "FactionState":"None", "Government":"Feudal", "Influence":0.712000, "Allegiance":"Independent" }, { "Name":"Values Party of Cilbien Zu", "FactionState":"None", "Government":"Democracy", "Influence":0.147000, "Allegiance":"Federation", "PendingStates":[ { "State":"Boom", "Trend":1 } ] }, { "Name":"Pilots Federation Local Branch", "FactionState":"None", "Government":"Democracy", "Influence":0.000000, "Allegiance":"PilotsFederation" }, { "Name":"Djinbin Public Company", "FactionState":"None", "Government":"Corporate", "Influence":0.141000, "Allegiance":"Federation" } ], "SystemFaction":"Noblemen of Kherno" }
{ "timestamp":"2017-10-17T06:36:02Z", "event":"Music", "MusicTrack":"Supercruise" }
{ "timestamp":"2017-10-17T06:36:24Z", "event":"FuelScoop", "Scooped":4.063722, "Total":32.000000 }
{ "timestamp":"2017-10-17T06:36:46Z", "event":"StartJump", "JumpType":"Hyperspace", "StarSystem":"Col 285 Sector MH-A b15-2", "StarClass":"M" }
{ "timestamp":"2017-10-17T06:36:51Z", "event":"Music", "MusicTrack":"NoTrack" }
{ "timestamp":"2017-10-17T06:37:04Z", "event":"FSDJump", "StarSystem":"Col 285 Sector MH-A b15-2", "StarPos":[138.438,-17.969,-37.500], "SystemAllegiance":"", "SystemEconomy":"$economy_None;", "SystemEconomy_Localised":"None", "SystemGovernment":"$government_None;", "SystemGovernment_Localised":"None", "SystemSecurity":"$GAlAXY_MAP_INFO_state_anarchy;", "SystemSecurity_Localised":"Anarchy", "Population":0, "JumpDist":25.316, "FuelUsed":3.769776, "FuelLevel":28.230225 }
{ "timestamp":"2017-10-17T06:37:05Z", "event":"Music", "MusicTrack":"Supercruise" }
{ "timestamp":"2017-10-17T06:37:18Z", "event":"Music", "MusicTrack":"SystemMap" }
{ "timestamp":"2017-10-17T06:37:22Z", "event":"Music", "MusicTrack":"Supercruise" }
{ "timestamp":"2017-10-17T06:37:35Z", "event":"Music", "MusicTrack":"GalaxyMap" }
{ "timestamp":"2017-10-17T06:37:42Z", "event":"Music", "MusicTrack":"SystemMap" }
{ "timestamp":"2017-10-17T06:37:45Z", "event":"Music", "MusicTrack":"Supercruise" }
{ "timestamp":"2017-10-17T06:38:02Z", "event":"StartJump", "JumpType":"Hyperspace", "StarSystem":"Bolon Tzu", "StarClass":"L" }
{ "timestamp":"2017-10-17T06:38:07Z", "event":"Music", "MusicTrack":"NoTrack" }
{ "timestamp":"2017-10-17T06:38:20Z", "event":"FSDJump", "StarSystem":"Bolon Tzu", "StarPos":[144.469,-16.500,-12.813], "SystemAllegiance":"Independent", "SystemEconomy":"$economy_Industrial;", "SystemEconomy_Localised":"Industrial", "SystemGovernment":"$government_Anarchy;", "SystemGovernment_Localised":"Anarchy", "SystemSecurity":"$GAlAXY_MAP_INFO_state_anarchy;", "SystemSecurity_Localised":"Anarchy", "Population":1091340, "JumpDist":25.456, "FuelUsed":3.731055, "FuelLevel":24.499170, "Factions":[ { "Name":"Aristocrats of Bolon Tzu", "FactionState":"None", "Government":"Feudal", "Influence":0.075075, "Allegiance":"Independent", "PendingStates":[ { "State":"CivilWar", "Trend":0 } ] }, { "Name":"Nandhs Transport PLC", "FactionState":"Boom", "Government":"Corporate", "Influence":0.120120, "Allegiance":"Independent" }, { "Name":"Pilots Federation Local Branch", "FactionState":"None", "Government":"Democracy", "Influence":0.000000, "Allegiance":"PilotsFederation" }, { "Name":"CD-49 3617 Limited", "FactionState":"None", "Government":"Corporate", "Influence":0.043043, "Allegiance":"Empire", "PendingStates":[ { "State":"Boom", "Trend":1 } ], "RecoveringStates":[ { "State":"Expansion", "Trend":0 } ] }, { "Name":"People's Party of Bolon Tzu", "FactionState":"Boom", "Government":"Communism", "Influence":0.074074, "Allegiance":"Independent", "PendingStates":[ { "State":"CivilWar", "Trend":0 } ] }, { "Name":"Bolon Tzu Major Systems", "FactionState":"Lockdown", "Government":"Corporate", "Influence":0.035035, "Allegiance":"Independent", "PendingStates":[ { "State":"Boom", "Trend":0 } ] }, { "Name":"Bolon Tzu Resistance", "FactionState":"Famine", "Government":"Democracy", "Influence":0.057057, "Allegiance":"Independent" }, { "Name":"Mob of Bolon Tzu", "FactionState":"Boom", "Government":"Anarchy", "Influence":0.595596, "Allegiance":"Independent" } ], "SystemFaction":"Mob of Bolon Tzu", "FactionState":"Boom" }
{ "timestamp":"2017-10-17T06:38:20Z", "event":"Music", "MusicTrack":"Supercruise" }
{ "timestamp":"2017-10-17T06:38:28Z", "event":"Music", "MusicTrack":"SystemMap" }
{ "timestamp":"2017-10-17T06:38:31Z", "event":"Music", "MusicTrack":"Supercruise" }
{ "timestamp":"2017-10-17T06:41:21Z", "event":"SupercruiseExit", "StarSystem":"Bolon Tzu", "Body":"Brunel Enterprise", "BodyType":"Station" }
{ "timestamp":"2017-10-17T06:41:21Z", "event":"Music", "MusicTrack":"DestinationFromSupercruise" }
{ "timestamp":"2017-10-17T06:41:26Z", "event":"Music", "MusicTrack":"NoTrack" }
{ "timestamp":"2017-10-17T06:41:29Z", "event":"ReceiveText", "From":"Brunel Enterprise", "Message":"$STATION_NoFireZone_entered;", "Message_Localised":"No fire zone entered.", "Channel":"npc" }
{ "timestamp":"2017-10-17T06:41:34Z", "event":"DockingRequested", "StationName":"Brunel Enterprise" }
{ "timestamp":"2017-10-17T06:41:34Z", "event":"ReceiveText", "From":"Brunel Enterprise", "Message":"$DockingChatter_Neutral;", "Message_Localised":"Ensure to observe starport protocol during your visit, pilot.", "Channel":"npc" }
{ "timestamp":"2017-10-17T06:41:36Z", "event":"ReceiveText", "From":"Brunel Enterprise", "Message":"$STATION_docking_granted;", "Message_Localised":"Docking request granted.", "Channel":"npc" }
{ "timestamp":"2017-10-17T06:41:36Z", "event":"DockingGranted", "LandingPad":31, "StationName":"Brunel Enterprise" }
{ "timestamp":"2017-10-17T06:42:08Z", "event":"Music", "MusicTrack":"Starport" }
{ "timestamp":"2017-10-17T06:42:37Z", "event":"Docked", "StationName":"Brunel Enterprise", "StationType":"Coriolis", "StarSystem":"Bolon Tzu", "StationFaction":"Mob of Bolon Tzu", "FactionState":"Boom", "StationGovernment":"$government_Anarchy;", "StationGovernment_Localised":"Anarchy", "StationServices":[ "Dock", "Autodock", "BlackMarket", "Commodities", "Contacts", "Exploration", "Missions", "Outfitting", "CrewLounge", "Rearm", "Refuel", "Repair", "Shipyard", "Tuning", "MissionsGenerated", "FlightController", "StationOperations", "Powerplay", "SearchAndRescue" ], "StationEconomy":"$economy_Industrial;", "StationEconomy_Localised":"Industrial", "DistFromStarLS":873.978088 }
{ "timestamp":"2017-10-17T06:43:21Z", "event":"RefuelAll", "Cost":385, "Amount":7.672509 }
{ "timestamp":"2017-10-17T06:43:57Z", "event":"Undocked", "StationName":"Brunel Enterprise", "StationType":"Coriolis" }
{ "timestamp":"2017-10-17T06:44:56Z", "event":"Music", "MusicTrack":"NoTrack" }
{ "timestamp":"2017-10-17T06:45:27Z", "event":"StartJump", "JumpType":"Supercruise" }
{ "timestamp":"2017-10-17T06:45:32Z", "event":"SupercruiseEntry", "StarSystem":"Bolon Tzu" }
{ "timestamp":"2017-10-17T06:45:32Z", "event":"Music", "MusicTrack":"Supercruise" }
{ "timestamp":"2017-10-17T06:46:07Z", "event":"StartJump", "JumpType":"Hyperspace", "StarSystem":"Col 285 Sector JM-L c8-28", "StarClass":"K" }
{ "timestamp":"2017-10-17T06:46:12Z", "event":"Music", "MusicTrack":"NoTrack" }
{ "timestamp":"2017-10-17T06:46:26Z", "event":"FSDJump", "StarSystem":"Col 285 Sector JM-L c8-28", "StarPos":[159.813,-16.844,8.094], "SystemAllegiance":"", "SystemEconomy":"$economy_None;", "SystemEconomy_Localised":"None", "SystemGovernment":"$government_None;", "SystemGovernment_Localised":"None", "SystemSecurity":"$GAlAXY_MAP_INFO_state_anarchy;", "SystemSecurity_Localised":"Anarchy", "Population":0, "JumpDist":25.935, "FuelUsed":3.999648, "FuelLevel":28.000351 }
{ "timestamp":"2017-10-17T06:46:26Z", "event":"Music", "MusicTrack":"Supercruise" }
{ "timestamp":"2017-10-17T06:46:49Z", "event":"FuelScoop", "Scooped":3.999691, "Total":32.000000 }
{ "timestamp":"2017-10-17T06:47:20Z", "event":"StartJump", "JumpType":"Hyperspace", "StarSystem":"HIP 47263", "StarClass":"G" }
{ "timestamp":"2017-10-17T06:47:25Z", "event":"Music", "MusicTrack":"NoTrack" }
{ "timestamp":"2017-10-17T06:47:38Z", "event":"FSDJump", "StarSystem":"HIP 47263", "StarPos":[169.438,-16.000,32.188], "SystemAllegiance":"Empire", "SystemEconomy":"$economy_Military;", "SystemEconomy_Localised":"Military", "SystemGovernment":"$government_Patronage;", "SystemGovernment_Localised":"Patronage", "SystemSecurity":"$SYSTEM_SECURITY_low;", "SystemSecurity_Localised":"Low Security", "Population":880058, "JumpDist":25.959, "FuelUsed":4.008362, "FuelLevel":27.991638, "Factions":[ { "Name":"Ngalites Citizens of Tradition", "FactionState":"Boom", "Government":"Patronage", "Influence":0.287287, "Allegiance":"Empire" }, { "Name":"Pilots Federation Local Branch", "FactionState":"None", "Government":"Democracy", "Influence":0.000000, "Allegiance":"PilotsFederation" }, { "Name":"Imset Crimson Vision Ltd", "FactionState":"War", "Government":"Corporate", "Influence":0.118118, "Allegiance":"Independent", "PendingStates":[ { "State":"Boom", "Trend":0 }, { "State":"Famine", "Trend":0 } ] }, { "Name":"Cheper Independent Bond", "FactionState":"War", "Government":"Patronage", "Influence":0.084084, "Allegiance":"Independent", "PendingStates":[ { "State":"Boom", "Trend":0 } ] }, { "Name":"Skandini Imperial Society", "FactionState":"None", "Government":"Patronage", "Influence":0.462462, "Allegiance":"Empire", "RecoveringStates":[ { "State":"Boom", "Trend":0 } ] }, { "Name":"Natural Skandini Freedom Party", "FactionState":"Boom", "Government":"Dictatorship", "Influence":0.048048, "Allegiance":"Independent" } ], "SystemFaction":"Skandini Imperial Society" }
{ "timestamp":"2017-10-17T06:47:39Z", "event":"Music", "MusicTrack":"Supercruise" }
{ "timestamp":"2017-10-17T06:48:00Z", "event":"FuelScoop", "Scooped":4.008373, "Total":32.000000 }
{ "timestamp":"2017-10-17T06:49:12Z", "event":"StartJump", "JumpType":"Hyperspace", "StarSystem":"Col 285 Sector EG-T b18-5", "StarClass":"M" }
{ "timestamp":"2017-10-17T06:49:17Z", "event":"Music", "MusicTrack":"NoTrack" }
{ "timestamp":"2017-10-17T06:49:30Z", "event":"FSDJump", "StarSystem":"Col 285 Sector EG-T b18-5", "StarPos":[181.375,-9.875,53.750], "SystemAllegiance":"", "SystemEconomy":"$economy_None;", "SystemEconomy_Localised":"None", "SystemGovernment":"$government_None;", "SystemGovernment_Localised":"None", "SystemSecurity":"$GAlAXY_MAP_INFO_state_anarchy;", "SystemSecurity_Localised":"Anarchy", "Population":0, "JumpDist":25.396, "FuelUsed":3.798728, "FuelLevel":28.201273 }
{ "timestamp":"2017-10-17T06:49:30Z", "event":"Music", "MusicTrack":"Supercruise" }
{ "timestamp":"2017-10-17T06:49:51Z", "event":"FuelScoop", "Scooped":3.798723, "Total":32.000000 }
{ "timestamp":"2017-10-17T06:50:14Z", "event":"StartJump", "JumpType":"Hyperspace", "StarSystem":"Col 285 Sector KX-P b20-1", "StarClass":"M" }
{ "timestamp":"2017-10-17T06:50:19Z", "event":"Music", "MusicTrack":"NoTrack" }
{ "timestamp":"2017-10-17T06:50:33Z", "event":"FSDJump", "StarSystem":"Col 285 Sector KX-P b20-1", "StarPos":[179.313,-2.281,78.531], "SystemAllegiance":"", "SystemEconomy":"$economy_None;", "SystemEconomy_Localised":"None", "SystemGovernment":"$government_None;", "SystemGovernment_Localised":"None", "SystemSecurity":"$GAlAXY_MAP_INFO_state_anarchy;", "SystemSecurity_Localised":"Anarchy", "Population":0, "JumpDist":26.001, "FuelUsed":4.024406, "FuelLevel":27.975594 }
{ "timestamp":"2017-10-17T06:50:33Z", "event":"Music", "MusicTrack":"Supercruise" }
{ "timestamp":"2017-10-17T06:50:53Z", "event":"SupercruiseExit", "StarSystem":"Col 285 Sector KX-P b20-1", "Body":"Col 285 Sector KX-P b20-1", "BodyType":"Star" }
{ "timestamp":"2017-10-17T06:50:53Z", "event":"Music", "MusicTrack":"Exploration" }
{ "timestamp":"2017-10-17T06:52:01Z", "event":"StartJump", "JumpType":"Hyperspace", "StarSystem":"Col 285 Sector WE-G c11-32", "StarClass":"K" }
{ "timestamp":"2017-10-17T06:52:07Z", "event":"Music", "MusicTrack":"NoTrack" }
{ "timestamp":"2017-10-17T06:52:20Z", "event":"FSDJump", "StarSystem":"Col 285 Sector WE-G c11-32", "StarPos":[181.625,-3.344,104.031], "SystemAllegiance":"", "SystemEconomy":"$economy_None;", "SystemEconomy_Localised":"None", "SystemGovernment":"$government_None;", "SystemGovernment_Localised":"None", "SystemSecurity":"$GAlAXY_MAP_INFO_state_anarchy;", "SystemSecurity_Localised":"Anarchy", "Population":0, "JumpDist":25.627, "FuelUsed":3.871766, "FuelLevel":27.619883 }
{ "timestamp":"2017-10-17T06:52:20Z", "event":"Music", "MusicTrack":"Supercruise" }
{ "timestamp":"2017-10-17T06:52:48Z", "event":"FuelScoop", "Scooped":4.380119, "Total":32.000000 }
{ "timestamp":"2017-10-17T06:53:17Z", "event":"StartJump", "JumpType":"Hyperspace", "StarSystem":"Col 285 Sector SJ-M b22-7", "StarClass":"M" }
{ "timestamp":"2017-10-17T06:53:22Z", "event":"Music", "MusicTrack":"NoTrack" }
{ "timestamp":"2017-10-17T06:53:36Z", "event":"FSDJump", "StarSystem":"Col 285 Sector SJ-M b22-7", "StarPos":[186.156,9.344,125.094], "SystemAllegiance":"", "SystemEconomy":"$economy_None;", "SystemEconomy_Localised":"None", "SystemGovernment":"$government_None;", "SystemGovernment_Localised":"None", "SystemSecurity":"$GAlAXY_MAP_INFO_state_anarchy;", "SystemSecurity_Localised":"Anarchy", "Population":0, "JumpDist":25.003, "FuelUsed":3.656357, "FuelLevel":28.343643 }
{ "timestamp":"2017-10-17T06:53:36Z", "event":"Music", "MusicTrack":"Supercruise" }
{ "timestamp":"2017-10-17T06:53:57Z", "event":"FuelScoop", "Scooped":3.207010, "Total":31.550644 }
{ "timestamp":"2017-10-17T06:53:57Z", "event":"Music", "MusicTrack":"GalaxyMap" }
{ "timestamp":"2017-10-17T06:54:22Z", "event":"Music", "MusicTrack":"Supercruise" }
{ "timestamp":"2017-10-17T06:54:41Z", "event":"StartJump", "JumpType":"Hyperspace", "StarSystem":"Col 285 Sector AL-E c12-20", "StarClass":"M" }
{ "timestamp":"2017-10-17T06:54:47Z", "event":"Music", "MusicTrack":"NoTrack" }
{ "timestamp":"2017-10-17T06:55:00Z", "event":"FSDJump", "StarSystem":"Col 285 Sector AL-E c12-20", "StarPos":[192.281,14.906,149.406], "SystemAllegiance":"", "SystemEconomy":"$economy_None;", "SystemEconomy_Localised":"None", "SystemGovernment":"$government_None;", "SystemGovernment_Localised":"None", "SystemSecurity":"$GAlAXY_MAP_INFO_state_anarchy;", "SystemSecurity_Localised":"Anarchy", "Population":0, "JumpDist":25.682, "FuelUsed":3.893202, "FuelLevel":27.657442 }
{ "timestamp":"2017-10-17T06:55:00Z", "event":"Music", "MusicTrack":"Supercruise" }
{ "timestamp":"2017-10-17T06:55:27Z", "event":"FuelScoop", "Scooped":4.342546, "Total":32.000000 }
{ "timestamp":"2017-10-17T06:55:43Z", "event":"Music", "MusicTrack":"SystemMap" }
{ "timestamp":"2017-10-17T06:55:47Z", "event":"Music", "MusicTrack":"Supercruise" }
{ "timestamp":"2017-10-17T06:56:33Z", "event":"Scan", "BodyName":"Col 285 Sector AL-E c12-20 A 1", "DistanceFromArrivalLS":273.586426, "TidalLock":false, "TerraformState":"", "PlanetClass":"High metal content body", "Atmosphere":"thin sulfur dioxide atmosphere", "AtmosphereType":"SulphurDioxide", "AtmosphereComposition":[ { "Name":"SulphurDioxide", "Percent":100.000000 } ], "Volcanism":"", "MassEM":0.065147, "Radius":2598626.250000, "SurfaceGravity":3.845193, "SurfaceTemperature":186.212875, "SurfacePressure":213.039230, "Landable":false, "SemiMajorAxis":82022531072.000000, "Eccentricity":0.000055, "OrbitalInclination":-0.003132, "Periapsis":92.246391, "OrbitalPeriod":17385570.000000, "RotationPeriod":308816.687500, "AxialTilt":-0.330377 }
{ "timestamp":"2017-10-17T06:56:37Z", "event":"Music", "MusicTrack":"SystemMap" }
{ "timestamp":"2017-10-17T06:56:45Z", "event":"Music", "MusicTrack":"Supercruise" }
{ "timestamp":"2017-10-17T06:56:47Z", "event":"Music", "MusicTrack":"SystemMap" }
{ "timestamp":"2017-10-17T06:56:52Z", "event":"Music", "MusicTrack":"Supercruise" }
{ "timestamp":"2017-10-17T06:57:10Z", "event":"StartJump", "JumpType":"Hyperspace", "StarSystem":"Col 285 Sector EC-H b25-7", "StarClass":"M" }
{ "timestamp":"2017-10-17T06:57:15Z", "event":"Music", "MusicTrack":"NoTrack" }
{ "timestamp":"2017-10-17T06:57:29Z", "event":"FSDJump", "StarSystem":"Col 285 Sector EC-H b25-7", "StarPos":[190.875,14.563,175.313], "SystemAllegiance":"", "SystemEconomy":"$economy_None;", "SystemEconomy_Localised":"None", "SystemGovernment":"$government_None;", "SystemGovernment_Localised":"None", "SystemSecurity":"$GAlAXY_MAP_INFO_state_anarchy;", "SystemSecurity_Localised":"Anarchy", "Population":0, "JumpDist":25.947, "FuelUsed":4.003797, "FuelLevel":27.996202 }
{ "timestamp":"2017-10-17T06:57:29Z", "event":"Music", "MusicTrack":"Supercruise" }
{ "timestamp":"2017-10-17T06:58:03Z", "event":"FuelScoop", "Scooped":4.003835, "Total":32.000000 }
{ "timestamp":"2017-10-17T06:58:51Z", "event":"USSDrop", "USSType":"$USS_Type_Salvage;", "USSType_Localised":"Degraded emissions detected", "USSThreat":0 }
{ "timestamp":"2017-10-17T06:58:52Z", "event":"SupercruiseExit", "StarSystem":"Col 285 Sector EC-H b25-7", "Body":"Col 285 Sector EC-H b25-7 A", "BodyType":"Star" }
{ "timestamp":"2017-10-17T06:58:53Z", "event":"Music", "MusicTrack":"Exploration" }
{ "timestamp":"2017-10-17T06:59:58Z", "event":"Music", "MusicTrack":"SystemMap" }
{ "timestamp":"2017-10-17T07:00:06Z", "event":"Music", "MusicTrack":"Exploration" }
{ "timestamp":"2017-10-17T07:00:26Z", "event":"StartJump", "JumpType":"Hyperspace", "StarSystem":"Wregoe YN-X c28-8", "StarClass":"K" }
{ "timestamp":"2017-10-17T07:00:31Z", "event":"Music", "MusicTrack":"NoTrack" }
{ "timestamp":"2017-10-17T07:00:44Z", "event":"FSDJump", "StarSystem":"Wregoe YN-X c28-8", "StarPos":[194.188,17.750,200.000], "SystemAllegiance":"", "SystemEconomy":"$economy_None;", "SystemEconomy_Localised":"None", "SystemGovernment":"$government_None;", "SystemGovernment_Localised":"None", "SystemSecurity":"$GAlAXY_MAP_INFO_state_anarchy;", "SystemSecurity_Localised":"Anarchy", "Population":0, "JumpDist":25.112, "FuelUsed":3.695787, "FuelLevel":28.304213 }
{ "timestamp":"2017-10-17T07:00:45Z", "event":"Music", "MusicTrack":"Supercruise" }
{ "timestamp":"2017-10-17T07:00:57Z", "event":"Music", "MusicTrack":"SystemMap" }
{ "timestamp":"2017-10-17T07:00:58Z", "event":"Music", "MusicTrack":"Supercruise" }
{ "timestamp":"2017-10-17T07:01:03Z", "event":"Music", "MusicTrack":"GalaxyMap" }
{ "timestamp":"2017-10-17T07:01:03Z", "event":"FuelScoop", "Scooped":1.494787, "Total":29.798998 }
{ "timestamp":"2017-10-17T07:01:05Z", "event":"Music", "MusicTrack":"Supercruise" }
{ "timestamp":"2017-10-17T07:01:24Z", "event":"StartJump", "JumpType":"Hyperspace", "StarSystem":"Praea Euq GA-A c5", "StarClass":"M" }
{ "timestamp":"2017-10-17T07:01:29Z", "event":"Music", "MusicTrack":"NoTrack" }
{ "timestamp":"2017-10-17T07:01:42Z", "event":"FSDJump", "StarSystem":"Praea Euq GA-A c5", "StarPos":[199.406,12.375,223.563], "SystemAllegiance":"", "SystemEconomy":"$economy_None;", "SystemEconomy_Localised":"None", "SystemGovernment":"$government_None;", "SystemGovernment_Localised":"None", "SystemSecurity":"$GAlAXY_MAP_INFO_state_anarchy;", "SystemSecurity_Localised":"Anarchy", "Population":0, "JumpDist":24.725, "FuelUsed":3.508682, "FuelLevel":26.290316 }
{ "timestamp":"2017-10-17T07:01:43Z", "event":"Music", "MusicTrack":"Supercruise" }
{ "timestamp":"2017-10-17T07:01:54Z", "event":"Music", "MusicTrack":"SystemMap" }
{ "timestamp":"2017-10-17T07:02:06Z", "event":"Scan", "BodyName":"Praea Euq GA-A c5 A", "DistanceFromArrivalLS":0.000000, "StarType":"M", "StellarMass":0.460938, "Radius":392619552.000000, "AbsoluteMagnitude":8.580872, "Age_MY":4734, "SurfaceTemperature":3243.000000, "Luminosity":"Va", "SemiMajorAxis":12669479936.000000, "Eccentricity":0.158031, "OrbitalInclination":-0.754606, "Periapsis":316.436401, "OrbitalPeriod":3697449.500000, "RotationPeriod":193964.546875, "AxialTilt":0.000000 }
{ "timestamp":"2017-10-17T07:02:28Z", "event":"Music", "MusicTrack":"Supercruise" }
{ "timestamp":"2017-10-17T07:02:31Z", "event":"Music", "MusicTrack":"SystemMap" }
{ "timestamp":"2017-10-17T07:02:33Z", "event":"Music", "MusicTrack":"Supercruise" }
{ "timestamp":"2017-10-17T07:02:49Z", "event":"Scan", "BodyName":"Praea Euq GA-A c5 B", "DistanceFromArrivalLS":125.602531, "StarType":"M", "StellarMass":0.292969, "Radius":325421312.000000, "AbsoluteMagnitude":10.185471, "Age_MY":4734, "SurfaceTemperature":2462.000000, "Luminosity":"Va", "SemiMajorAxis":19933310976.000000, "Eccentricity":0.158031, "OrbitalInclination":-0.754606, "Periapsis":136.436386, "OrbitalPeriod":3697449.500000, "RotationPeriod":143046.203125, "AxialTilt":0.000000, "Rings":[ { "Name":"Praea Euq GA-A c5 B A Belt", "RingClass":"eRingClass_Rocky", "MassMT":6.3971e+13, "InnerRad":6.2315e+08, "OuterRad":1.6027e+09 } ] }
{ "timestamp":"2017-10-17T07:06:02Z", "event":"Music", "MusicTrack":"SystemMap" }
{ "timestamp":"2017-10-17T07:06:09Z", "event":"Music", "MusicTrack":"Supercruise" }
{ "timestamp":"2017-10-17T07:06:38Z", "event":"Scan", "BodyName":"Praea Euq GA-A c5 AB 1", "DistanceFromArrivalLS":681.995361, "TidalLock":false, "TerraformState":"", "PlanetClass":"Sudarsky class III gas giant", "Atmosphere":"", "AtmosphereComposition":[ { "Name":"Hydrogen", "Percent":73.857864 }, { "Name":"Helium", "Percent":26.142141 } ], "Volcanism":"", "MassEM":1160.850342, "Radius":77076080.000000, "SurfaceGravity":77.883667, "SurfaceTemperature":314.257751, "SurfacePressure":0.000000, "Landable":false, "SemiMajorAxis":192991608832.000000, "Eccentricity":0.002968, "OrbitalInclination":-0.088066, "Periapsis":228.754456, "OrbitalPeriod":52908996.000000, "RotationPeriod":76403.500000, "AxialTilt":1.427206, "Rings":[ { "Name":"Praea Euq GA-A c5 AB 1 A Ring", "RingClass":"eRingClass_MetalRich", "MassMT":3.7115e+12, "InnerRad":1.2351e+08, "OuterRad":3.6588e+08 } ], "ReserveLevel":"PristineResources" }
{ "timestamp":"2017-10-17T07:06:47Z", "event":"Music", "MusicTrack":"SystemMap" }
{ "timestamp":"2017-10-17T07:06:53Z", "event":"Music", "MusicTrack":"Supercruise" }
{ "timestamp":"2017-10-17T07:07:11Z", "event":"Scan", "BodyName":"Praea Euq GA-A c5 AB 3", "DistanceFromArrivalLS":1160.750854, "TidalLock":false, "TerraformState":"", "PlanetClass":"Sudarsky class II gas giant", "Atmosphere":"", "AtmosphereComposition":[ { "Name":"Hydrogen", "Percent":73.857857 }, { "Name":"Helium", "Percent":26.142141 } ], "Volcanism":"", "MassEM":529.623901, "Radius":75884736.000000, "SurfaceGravity":36.657940, "SurfaceTemperature":163.711029, "SurfacePressure":0.000000, "Landable":false, "SemiMajorAxis":335854436352.000000, "Eccentricity":0.003714, "OrbitalInclination":-0.725217, "Periapsis":340.174896, "OrbitalPeriod":121464256.000000, "RotationPeriod":79733.867188, "AxialTilt":-2.795338 }
{ "timestamp":"2017-10-17T07:07:55Z", "event":"Scan", "BodyName":"Praea Euq GA-A c5 AB 1 c", "DistanceFromArrivalLS":694.978699, "TidalLock":true, "TerraformState":"", "PlanetClass":"Icy body", "Atmosphere":"", "AtmosphereType":"None", "Volcanism":"", "MassEM":0.016197, "Radius":2236195.750000, "SurfaceGravity":1.290969, "SurfaceTemperature":116.037354, "SurfacePressure":0.000000, "Landable":true, "Materials":[ { "Name":"sulphur", "Percent":27.665272 }, { "Name":"carbon", "Percent":23.263630 }, { "Name":"phosphorus", "Percent":14.893776 }, { "Name":"iron", "Percent":11.907651 }, { "Name":"nickel", "Percent":9.006448 }, { "Name":"manganese", "Percent":4.917738 }, { "Name":"zinc", "Percent":3.236053 }, { "Name":"vanadium", "Percent":2.924105 }, { "Name":"molybdenum", "Percent":0.777563 }, { "Name":"tin", "Percent":0.740797 }, { "Name":"antimony", "Percent":0.666958 } ], "SemiMajorAxis":4047262976.000000, "Eccentricity":0.000000, "OrbitalInclination":80.986374, "Periapsis":147.506943, "OrbitalPeriod":2378291.750000, "RotationPeriod":2378343.500000, "AxialTilt":-0.037360 }
{ "timestamp":"2017-10-17T07:08:16Z", "event":"Scan", "BodyName":"Praea Euq GA-A c5 AB 1 b", "DistanceFromArrivalLS":683.540771, "TidalLock":false, "TerraformState":"", "PlanetClass":"Rocky body", "Atmosphere":"thin carbon dioxide atmosphere", "AtmosphereType":"CarbonDioxide", "AtmosphereComposition":[ { "Name":"CarbonDioxide", "Percent":99.009911 }, { "Name":"SulphurDioxide", "Percent":0.990099 } ], "Volcanism":"", "MassEM":0.005127, "Radius":1206824.500000, "SurfaceGravity":1.403181, "SurfaceTemperature":174.688690, "SurfacePressure":3859.192139, "Landable":false, "SemiMajorAxis":1649159040.000000, "Eccentricity":0.006531, "OrbitalInclination":-0.306090, "Periapsis":59.440300, "OrbitalPeriod":618609.875000, "RotationPeriod":-618623.312500, "AxialTilt":2.556243 }
{ "timestamp":"2017-10-17T07:08:40Z", "event":"Scan", "BodyName":"Praea Euq GA-A c5 AB 1 a", "DistanceFromArrivalLS":681.503723, "TidalLock":true, "TerraformState":"", "PlanetClass":"Rocky body", "Atmosphere":"", "AtmosphereType":"None", "Volcanism":"minor silicate vapour geysers volcanism", "MassEM":0.004491, "Radius":1156095.000000, "SurfaceGravity":1.339136, "SurfaceTemperature":161.382889, "SurfacePressure":0.000000, "Landable":true, "Materials":[ { "Name":"iron", "Percent":19.567450 }, { "Name":"sulphur", "Percent":19.317127 }, { "Name":"carbon", "Percent":16.243704 }, { "Name":"nickel", "Percent":14.799998 }, { "Name":"phosphorus", "Percent":10.399498 }, { "Name":"manganese", "Percent":8.081157 }, { "Name":"vanadium", "Percent":4.805085 }, { "Name":"selenium", "Percent":3.023294 }, { "Name":"cadmium", "Percent":1.519501 }, { "Name":"yttrium", "Percent":1.168740 }, { "Name":"tungsten", "Percent":1.074450 } ], "SemiMajorAxis":553128896.000000, "Eccentricity":0.001447, "OrbitalInclination":0.227161, "Periapsis":328.830383, "OrbitalPeriod":120160.742188, "RotationPeriod":120163.351563, "AxialTilt":-0.216624 }
{ "timestamp":"2017-10-17T07:10:04Z", "event":"Music", "MusicTrack":"SystemMap" }
{ "timestamp":"2017-10-17T07:10:08Z", "event":"Music", "MusicTrack":"Supercruise" }
{ "timestamp":"2017-10-17T07:11:15Z", "event":"SupercruiseExit", "StarSystem":"Praea Euq GA-A c5", "Body":"Praea Euq GA-A c5 AB 1 a", "BodyType":"Planet" }
{ "timestamp":"2017-10-17T07:11:16Z", "event":"Music", "MusicTrack":"Exploration" }
{ "timestamp":"2017-10-17T07:14:35Z", "event":"Touchdown", "PlayerControlled":true, "Latitude":-36.711689, "Longitude":69.632179 }
{ "timestamp":"2017-10-17T07:14:48Z", "event":"LaunchSRV", "Loadout":"starter", "PlayerControlled":true }
{ "timestamp":"2017-10-17T07:24:11Z", "event":"DockSRV" }
