{ "timestamp":"2017-11-09T23:46:56Z", "event":"Fileheader", "part":1, "language":"English\\UK", "gameversion":"2.4", "build":"r156431/r0 " }
{ "timestamp":"2017-11-09T23:46:56Z", "event":"Music", "MusicTrack":"NoTrack" }
{ "timestamp":"2017-11-09T23:46:56Z", "event":"Music", "MusicTrack":"MainMenu" }
{ "timestamp":"2017-11-09T23:48:11Z", "event":"Cargo", "Inventory":[  ] }
{ "timestamp":"2017-11-09T23:48:11Z", "event":"Loadout", "Ship":"DiamondBackXL", "ShipID":2, "ShipName":"KONNYAKU", "ShipIdent":"IG-E01", "Modules":[ { "Slot":"LargeHardpoint1", "Item":"Hpt_PulseLaser_Gimbal_Large", "On":true, "Priority":2, "Health":0.891463, "Value":140600 }, { "Slot":"MediumHardpoint2", "Item":"Hpt_MiningLaser_Fixed_Small", "On":true, "Priority":1, "Health":0.968142, "Value":6800 }, { "Slot":"TinyHardpoint1", "Item":"Hpt_HeatSinkLauncher_Turret_Tiny", "On":true, "Priority":0, "AmmoInClip":1, "AmmoInHopper":1, "Health":0.915583, "Value":3500 }, { "Slot":"TinyHardpoint2", "Item":"Hpt_HeatSinkLauncher_Turret_Tiny", "On":true, "Priority":0, "AmmoInClip":1, "AmmoInHopper":1, "Health":0.906481, "Value":3500 }, { "Slot":"TinyHardpoint4", "Item":"Hpt_ChaffLauncher_Tiny", "On":true, "Priority":1, "AmmoInClip":1, "AmmoInHopper":10, "Health":0.857794, "Value":8500 }, { "Slot":"Armour", "Item":"DiamondBackXL_Armour_Grade1", "On":true, "Priority":1, "Health":1.000000, "Value":0 }, { "Slot":"PowerPlant", "Item":"Int_Powerplant_Size4_Class4", "On":true, "Priority":1, "Health":0.913398, "Value":536693 }, { "Slot":"MainEngines", "Item":"Int_Engine_Size4_Class4", "On":true, "Priority":0, "Health":0.942583, "Value":536693 }, { "Slot":"FrameShiftDrive", "Item":"Int_Hyperdrive_Size5_Class4", "On":true, "Priority":0, "Health":0.908045, "Value":1701318 }, { "Slot":"LifeSupport", "Item":"Int_LifeSupport_Size3_Class2", "On":true, "Priority":0, "Health":0.896499, "Value":10133 }, { "Slot":"PowerDistributor", "Item":"Int_PowerDistributor_Size4_Class2", "On":true, "Priority":0, "Health":0.956763, "Value":28373 }, { "Slot":"Radar", "Item":"Int_Sensors_Size3_Class2", "On":true, "Priority":3, "Health":0.917260, "Value":10133 }, { "Slot":"FuelTank", "Item":"Int_FuelTank_Size5_Class3", "On":true, "Priority":1, "Health":1.000000, "Value":97754 }, { "Slot":"Decal1", "Item":"Decal_Explorer_Surveyor", "On":true, "Priority":1, "Health":1.000000, "Value":0 }, { "Slot":"Decal2", "Item":"Decal_Explorer_Surveyor", "On":true, "Priority":1, "Health":1.000000, "Value":0 }, { "Slot":"Decal3", "Item":"Decal_Explorer_Surveyor", "On":true, "Priority":1, "Health":1.000000, "Value":0 }, { "Slot":"Slot01_Size4", "Item":"Int_ShieldGenerator_Size4_Class1", "On":true, "Priority":1, "Health":0.966528, "Value":19878 }, { "Slot":"Slot02_Size4", "Item":"Int_FuelScoop_Size4_Class4", "On":true, "Priority":3, "Health":0.923486, "Value":715591 }, { "Slot":"Slot03_Size3", "Item":"Int_BuggyBay_Size2_Class2", "On":true, "Priority":0, "Health":0.937336, "Value":21600 }, { "Slot":"Slot04_Size3", "Item":"Int_Repairer_Size3_Class2", "On":true, "Priority":0, "AmmoInClip":2871, "Health":0.885168, "Value":97200 }, { "Slot":"Slot05_Size2", "Item":"Int_StellarBodyDiscoveryScanner_Advanced", "On":true, "Priority":1, "Health":0.911575, "Value":1545000 }, { "Slot":"Slot06_Size2", "Item":"Int_DetailedSurfaceScanner_Tiny", "On":true, "Priority":1, "Health":1.000000, "Value":250000 }, { "Slot":"PlanetaryApproachSuite", "Item":"Int_PlanetApproachSuite", "On":true, "Priority":1, "Health":1.000000, "Value":500 }, { "Slot":"ShipCockpit", "Item":"DiamondBackXL_Cockpit", "On":true, "Priority":1, "Health":0.942407, "Value":0 }, { "Slot":"CargoHatch", "Item":"ModularCargoBayDoor", "On":true, "Priority":2, "Health":0.901852, "Value":0 } ] }
{ "timestamp":"2017-11-09T23:48:11Z", "event":"Materials", "Raw":[ { "Name":"carbon", "Count":14 }, { "Name":"iron", "Count":26 }, { "Name":"chromium", "Count":10 }, { "Name":"nickel", "Count":23 }, { "Name":"manganese", "Count":24 }, { "Name":"zinc", "Count":4 }, { "Name":"sulphur", "Count":9 }, { "Name":"tungsten", "Count":3 } ], "Manufactured":[ { "Name":"mechanicalscrap", "Count":8 }, { "Name":"gridresistors", "Count":3 }, { "Name":"heatdispersionplate", "Count":5 }, { "Name":"salvagedalloys", "Count":6 }, { "Name":"hybridcapacitors", "Count":5 }, { "Name":"heatconductionwiring", "Count":2 } ], "Encoded":[ { "Name":"shieldsoakanalysis", "Count":3 }, { "Name":"disruptedwakeechoes", "Count":5 }, { "Name":"shieldcyclerecordings", "Count":9 }, { "Name":"emissiondata", "Count":3 }, { "Name":"bulkscandata", "Count":9 }, { "Name":"scrambledemissiondata", "Count":7 }, { "Name":"archivedemissiondata", "Count":3 }, { "Name":"shielddensityreports", "Count":9 }, { "Name":"legacyfirmware", "Count":1 } ] }
{ "timestamp":"2017-11-09T23:48:11Z", "event":"LoadGame", "Commander":"Igaguri", "Ship":"DiamondBackXL", "ShipID":2, "ShipName":"KONNYAKU", "ShipIdent":"IG-E01", "FuelLevel":32.000000, "FuelCapacity":32.000000, "GameMode":"Group", "Group":"TenManGu", "Credits":726550, "Loan":0 }
{ "timestamp":"2017-11-09T23:48:11Z", "event":"Rank", "Combat":1, "Trade":4, "Explore":4, "Empire":0, "Federation":1, "CQC":0 }
{ "timestamp":"2017-11-09T23:48:11Z", "event":"Progress", "Combat":26, "Trade":1, "Explore":12, "Empire":0, "Federation":100, "CQC":0 }
{ "timestamp":"2017-11-09T23:48:21Z", "event":"Location", "Docked":false, "StarSystem":"Eos Audst OU-B c15-0", "StarPos":[671.250,2121.156,20067.500], "SystemAllegiance":"", "SystemEconomy":"$economy_None;", "SystemEconomy_Localised":"None", "SystemGovernment":"$government_None;", "SystemGovernment_Localised":"None", "SystemSecurity":"$GAlAXY_MAP_INFO_state_anarchy;", "SystemSecurity_Localised":"Anarchy", "Population":0, "Body":"Eos Audst OU-B c15-0 2", "BodyType":"Planet" }
{ "timestamp":"2017-11-09T23:48:21Z", "event":"Music", "MusicTrack":"NoTrack" }
{ "timestamp":"2017-11-09T23:48:21Z", "event":"Music", "MusicTrack":"Exploration" }
{ "timestamp":"2017-11-09T23:48:26Z", "event":"Music", "MusicTrack":"GalaxyMap" }
{ "timestamp":"2017-11-09T23:48:29Z", "event":"StartJump", "JumpType":"Supercruise" }
{ "timestamp":"2017-11-09T23:48:29Z", "event":"Music", "MusicTrack":"Exploration" }
{ "timestamp":"2017-11-09T23:48:34Z", "event":"SupercruiseEntry", "StarSystem":"Eos Audst OU-B c15-0" }
{ "timestamp":"2017-11-09T23:48:34Z", "event":"Music", "MusicTrack":"Supercruise" }
{ "timestamp":"2017-11-09T23:48:38Z", "event":"Music", "MusicTrack":"GalaxyMap" }
{ "timestamp":"2017-11-09T23:50:03Z", "event":"Music", "MusicTrack":"Supercruise" }
{ "timestamp":"2017-11-09T23:50:21Z", "event":"StartJump", "JumpType":"Hyperspace", "StarSystem":"Eos Audst VU-N d7-188", "StarClass":"F" }
{ "timestamp":"2017-11-09T23:50:27Z", "event":"Music", "MusicTrack":"NoTrack" }
{ "timestamp":"2017-11-09T23:50:40Z", "event":"FSDJump", "StarSystem":"Eos Audst VU-N d7-188", "StarPos":[678.906,2108.438,20088.875], "SystemAllegiance":"", "SystemEconomy":"$economy_None;", "SystemEconomy_Localised":"None", "SystemGovernment":"$government_None;", "SystemGovernment_Localised":"None", "SystemSecurity":"$GAlAXY_MAP_INFO_state_anarchy;", "SystemSecurity_Localised":"Anarchy", "Population":0, "JumpDist":26.025, "FuelUsed":4.033585, "FuelLevel":27.446415 }
{ "timestamp":"2017-11-09T23:50:40Z", "event":"Music", "MusicTrack":"Supercruise" }
{ "timestamp":"2017-11-09T23:51:04Z", "event":"FuelScoop", "Scooped":4.553562, "Total":32.000000 }
{ "timestamp":"2017-11-09T23:51:32Z", "event":"Music", "MusicTrack":"SystemMap" }
{ "timestamp":"2017-11-09T23:51:36Z", "event":"Music", "MusicTrack":"Supercruise" }
{ "timestamp":"2017-11-09T23:52:52Z", "event":"Scan", "BodyName":"Eos Audst VU-N d7-188 4", "DistanceFromArrivalLS":1639.782959, "TidalLock":false, "TerraformState":"", "PlanetClass":"High metal content body", "Atmosphere":"hot thick methane rich atmosphere", "AtmosphereType":"MethaneRich", "AtmosphereComposition":[ { "Name":"Ammonia", "Percent":31.462944 }, { "Name":"Methane", "Percent":31.462944 }, { "Name":"Nitrogen", "Percent":31.462944 } ], "Volcanism":"major silicate vapour geysers volcanism", "MassEM":4.541492, "Radius":9372888.000000, "SurfaceGravity":20.604452, "SurfaceTemperature":550.510437, "SurfacePressure":14661043.000000, "Landable":false, "SemiMajorAxis":491589730304.000000, "Eccentricity":0.000018, "OrbitalInclination":-0.001114, "Periapsis":10.259122, "OrbitalPeriod":182543904.000000, "RotationPeriod":81626.593750, "AxialTilt":0.298143 }
{ "timestamp":"2017-11-09T23:53:02Z", "event":"Music", "MusicTrack":"SystemMap" }
{ "timestamp":"2017-11-09T23:53:07Z", "event":"Music", "MusicTrack":"Supercruise" }
{ "timestamp":"2017-11-09T23:53:26Z", "event":"StartJump", "JumpType":"Hyperspace", "StarSystem":"Eos Audst VU-N d7-8", "StarClass":"F" }
{ "timestamp":"2017-11-09T23:53:31Z", "event":"Music", "MusicTrack":"NoTrack" }
{ "timestamp":"2017-11-09T23:53:44Z", "event":"FSDJump", "StarSystem":"Eos Audst VU-N d7-8", "StarPos":[675.719,2120.156,20111.219], "SystemAllegiance":"", "SystemEconomy":"$economy_None;", "SystemEconomy_Localised":"None", "SystemGovernment":"$government_None;", "SystemGovernment_Localised":"None", "SystemSecurity":"$GAlAXY_MAP_INFO_state_anarchy;", "SystemSecurity_Localised":"Anarchy", "Population":0, "JumpDist":25.431, "FuelUsed":3.811793, "FuelLevel":28.188208 }
{ "timestamp":"2017-11-09T23:53:45Z", "event":"Music", "MusicTrack":"Supercruise" }
{ "timestamp":"2017-11-09T23:54:06Z", "event":"FuelScoop", "Scooped":3.811836, "Total":32.000000 }
{ "timestamp":"2017-11-09T23:54:15Z", "event":"Music", "MusicTrack":"SystemMap" }
{ "timestamp":"2017-11-09T23:54:18Z", "event":"Music", "MusicTrack":"Supercruise" }
{ "timestamp":"2017-11-09T23:55:44Z", "event":"Scan", "BodyName":"Eos Audst VU-N d7-8 A 1", "DistanceFromArrivalLS":661.800232, "TidalLock":false, "TerraformState":"", "PlanetClass":"High metal content body", "Atmosphere":"hot thick carbon dioxide atmosphere", "AtmosphereType":"CarbonDioxide", "AtmosphereComposition":[ { "Name":"CarbonDioxide", "Percent":95.848190 }, { "Name":"Nitrogen", "Percent":3.193114 }, { "Name":"SulphurDioxide", "Percent":0.958482 } ], "Volcanism":"metallic magma volcanism", "MassEM":2.414607, "Radius":7849212.000000, "SurfaceGravity":15.620816, "SurfaceTemperature":980.750366, "SurfacePressure":36124368.000000, "Landable":false, "SemiMajorAxis":215552753664.000000, "Eccentricity":0.085824, "OrbitalInclination":-80.679276, "Periapsis":87.571579, "OrbitalPeriod":49676224.000000, "RotationPeriod":118633.117188, "AxialTilt":0.069564 }
{ "timestamp":"2017-11-09T23:56:14Z", "event":"StartJump", "JumpType":"Hyperspace", "StarSystem":"Eos Audst VU-N d7-22", "StarClass":"F" }
{ "timestamp":"2017-11-09T23:56:19Z", "event":"Music", "MusicTrack":"NoTrack" }
{ "timestamp":"2017-11-09T23:56:32Z", "event":"FSDJump", "StarSystem":"Eos Audst VU-N d7-22", "StarPos":[662.969,2102.688,20123.250], "SystemAllegiance":"", "SystemEconomy":"$economy_None;", "SystemEconomy_Localised":"None", "SystemGovernment":"$government_None;", "SystemGovernment_Localised":"None", "SystemSecurity":"$GAlAXY_MAP_INFO_state_anarchy;", "SystemSecurity_Localised":"Anarchy", "Population":0, "JumpDist":24.748, "FuelUsed":3.565720, "FuelLevel":28.434280 }
{ "timestamp":"2017-11-09T23:56:33Z", "event":"Music", "MusicTrack":"Supercruise" }
{ "timestamp":"2017-11-09T23:56:53Z", "event":"FuelScoop", "Scooped":3.565725, "Total":32.000000 }
{ "timestamp":"2017-11-09T23:57:00Z", "event":"Music", "MusicTrack":"SystemMap" }
{ "timestamp":"2017-11-09T23:57:01Z", "event":"Music", "MusicTrack":"Supercruise" }
{ "timestamp":"2017-11-09T23:58:28Z", "event":"StartJump", "JumpType":"Hyperspace", "StarSystem":"Eos Audst YA-M d8-138", "StarClass":"F" }
{ "timestamp":"2017-11-09T23:58:33Z", "event":"Music", "MusicTrack":"NoTrack" }
{ "timestamp":"2017-11-09T23:58:47Z", "event":"FSDJump", "StarSystem":"Eos Audst YA-M d8-138", "StarPos":[652.375,2098.813,20139.719], "SystemAllegiance":"", "SystemEconomy":"$economy_None;", "SystemEconomy_Localised":"None", "SystemGovernment":"$government_None;", "SystemGovernment_Localised":"None", "SystemSecurity":"$GAlAXY_MAP_INFO_state_anarchy;", "SystemSecurity_Localised":"Anarchy", "Population":0, "JumpDist":19.962, "FuelUsed":2.106099, "FuelLevel":29.893902 }
{ "timestamp":"2017-11-09T23:58:47Z", "event":"Music", "MusicTrack":"Supercruise" }
{ "timestamp":"2017-11-09T23:59:03Z", "event":"FuelScoop", "Scooped":2.106088, "Total":32.000000 }
{ "timestamp":"2017-11-09T23:59:07Z", "event":"Music", "MusicTrack":"SystemMap" }
{ "timestamp":"2017-11-09T23:59:09Z", "event":"Music", "MusicTrack":"Supercruise" }
{ "timestamp":"2017-11-09T23:59:40Z", "event":"StartJump", "JumpType":"Hyperspace", "StarSystem":"Eos Audst ZA-M d8-46", "StarClass":"G" }
{ "timestamp":"2017-11-09T23:59:46Z", "event":"Music", "MusicTrack":"NoTrack" }
{ "timestamp":"2017-11-09T23:59:59Z", "event":"FSDJump", "StarSystem":"Eos Audst ZA-M d8-46", "StarPos":[657.938,2084.813,20159.625], "SystemAllegiance":"", "SystemEconomy":"$economy_None;", "SystemEconomy_Localised":"None", "SystemGovernment":"$government_None;", "SystemGovernment_Localised":"None", "SystemSecurity":"$GAlAXY_MAP_INFO_state_anarchy;", "SystemSecurity_Localised":"Anarchy", "Population":0, "JumpDist":24.964, "FuelUsed":3.642285, "FuelLevel":28.357716 }
{ "timestamp":"2017-11-09T23:59:59Z", "event":"Music", "MusicTrack":"Supercruise" }
{ "timestamp":"2017-11-10T00:01:03Z", "event":"FuelScoop", "Scooped":3.642285, "Total":32.000000 }
{ "timestamp":"2017-11-10T00:01:07Z", "event":"Music", "MusicTrack":"SystemMap" }
{ "timestamp":"2017-11-10T00:01:12Z", "event":"Music", "MusicTrack":"Supercruise" }
{ "timestamp":"2017-11-10T00:02:35Z", "event":"Scan", "BodyName":"Eos Audst ZA-M d8-46 A 3", "DistanceFromArrivalLS":846.166321, "TidalLock":false, "TerraformState":"", "PlanetClass":"Water world", "Atmosphere":"carbon dioxide atmosphere", "AtmosphereType":"CarbonDioxide", "AtmosphereComposition":[ { "Name":"CarbonDioxide", "Percent":77.355629 }, { "Name":"Oxygen", "Percent":21.690403 }, { "Name":"SulphurDioxide", "Percent":0.819683 } ], "Volcanism":"", "MassEM":0.207910, "Radius":3753418.250000, "SurfaceGravity":5.882084, "SurfaceTemperature":292.625366, "SurfacePressure":33254.648438, "Landable":false, "SemiMajorAxis":253690396672.000000, "Eccentricity":0.000074, "OrbitalInclination":0.540667, "Periapsis":23.895674, "OrbitalPeriod":67979296.000000, "RotationPeriod":137029.296875, "AxialTilt":-0.181853 }
