{ "timestamp":"2017-10-06T06:12:45Z", "event":"Fileheader", "part":1, "language":"English\\UK", "gameversion":"2.4", "build":"r155756/r0 " }
{ "timestamp":"2017-10-06T06:12:45Z", "event":"Music", "MusicTrack":"NoTrack" }
{ "timestamp":"2017-10-06T06:12:45Z", "event":"Music", "MusicTrack":"MainMenu" }
{ "timestamp":"2017-10-06T06:14:36Z", "event":"Cargo", "Inventory":[  ] }
{ "timestamp":"2017-10-06T06:14:36Z", "event":"Loadout", "Ship":"CobraMkIII", "ShipID":1, "ShipName":"Kamaboko", "ShipIdent":"IG-C03", "Modules":[ { "Slot":"MediumHardpoint1", "Item":"Hpt_PulseLaser_Gimbal_Medium", "On":true, "Priority":0, "Health":1.000000, "Value":35400 }, { "Slot":"MediumHardpoint2", "Item":"Hpt_PulseLaser_Gimbal_Medium", "On":true, "Priority":0, "Health":1.000000, "Value":35400 }, { "Slot":"SmallHardpoint1", "Item":"Hpt_MiningLaser_Fixed_Small", "On":true, "Priority":0, "Health":1.000000, "Value":6800 }, { "Slot":"SmallHardpoint2", "Item":"Hpt_MiningLaser_Fixed_Small", "On":true, "Priority":0, "Health":1.000000, "Value":6800 }, { "Slot":"TinyHardpoint1", "Item":"Hpt_HeatSinkLauncher_Turret_Tiny", "On":true, "Priority":0, "AmmoInClip":1, "AmmoInHopper":2, "Health":1.000000, "Value":3500 }, { "Slot":"TinyHardpoint2", "Item":"Hpt_ChaffLauncher_Tiny", "On":true, "Priority":0, "AmmoInClip":1, "AmmoInHopper":10, "Health":1.000000, "Value":8500 }, { "Slot":"Armour", "Item":"CobraMkIII_Armour_Grade1", "On":true, "Priority":1, "Health":1.000000, "Value":0 }, { "Slot":"PowerPlant", "Item":"Int_Powerplant_Size4_Class3", "On":true, "Priority":1, "Health":1.000000, "Value":178898 }, { "Slot":"MainEngines", "Item":"Int_Engine_Size4_Class5", "On":true, "Priority":0, "Health":1.000000, "Value":1610080 }, { "Slot":"FrameShiftDrive", "Item":"Int_Hyperdrive_Size4_Class4", "On":true, "Priority":0, "Health":1.000000, "Value":536693 }, { "Slot":"LifeSupport", "Item":"Int_LifeSupport_Size3_Class5", "On":true, "Priority":0, "Health":1.000000, "Value":158331 }, { "Slot":"PowerDistributor", "Item":"Int_PowerDistributor_Size3_Class3", "On":true, "Priority":0, "Health":1.000000, "Value":25333 }, { "Slot":"Radar", "Item":"Int_Sensors_Size3_Class2", "On":true, "Priority":0, "Health":1.000000, "Value":10133 }, { "Slot":"FuelTank", "Item":"Int_FuelTank_Size4_Class3", "On":true, "Priority":1, "Health":1.000000, "Value":24734 }, { "Slot":"Slot01_Size4", "Item":"Int_ShieldGenerator_Size4_Class3", "On":true, "Priority":0, "Health":1.000000, "Value":178898 }, { "Slot":"Slot02_Size4", "Item":"Int_PassengerCabin_Size4_Class2", "On":true, "Priority":1, "AmmoInClip":6, "Health":1.000000, "Value":56862 }, { "Slot":"Slot03_Size4", "Item":"Int_PassengerCabin_Size4_Class2", "On":true, "Priority":1, "AmmoInClip":6, "Health":1.000000, "Value":56862 }, { "Slot":"Slot04_Size2", "Item":"Int_CargoRack_Size2_Class1", "On":true, "Priority":1, "Health":1.000000, "Value":3250 }, { "Slot":"Slot05_Size2", "Item":"Int_CargoRack_Size2_Class1", "On":true, "Priority":1, "Health":1.000000, "Value":3250 }, { "Slot":"Slot06_Size2", "Item":"Int_StellarBodyDiscoveryScanner_Standard", "On":true, "Priority":1, "Health":1.000000, "Value":1000 }, { "Slot":"PlanetaryApproachSuite", "Item":"Int_PlanetApproachSuite", "On":true, "Priority":1, "Health":1.000000, "Value":500 }, { "Slot":"ShipCockpit", "Item":"CobraMkIII_Cockpit", "On":true, "Priority":1, "Health":1.000000, "Value":0 }, { "Slot":"CargoHatch", "Item":"ModularCargoBayDoor", "On":true, "Priority":2, "Health":1.000000, "Value":0 } ] }
{ "timestamp":"2017-10-06T06:14:36Z", "event":"Materials", "Raw":[ { "Name":"carbon", "Count":3 }, { "Name":"iron", "Count":3 } ], "Manufactured":[ { "Name":"mechanicalscrap", "Count":4 }, { "Name":"gridresistors", "Count":1 }, { "Name":"conductivecomponents", "Count":1 }, { "Name":"heatdispersionplate", "Count":6 }, { "Name":"salvagedalloys", "Count":6 }, { "Name":"hybridcapacitors", "Count":6 }, { "Name":"heatconductionwiring", "Count":3 } ], "Encoded":[ { "Name":"shieldsoakanalysis", "Count":3 }, { "Name":"disruptedwakeechoes", "Count":5 }, { "Name":"shieldcyclerecordings", "Count":3 }, { "Name":"emissiondata", "Count":3 }, { "Name":"bulkscandata", "Count":1 }, { "Name":"scrambledemissiondata", "Count":4 }, { "Name":"archivedemissiondata", "Count":3 } ] }
{ "timestamp":"2017-10-06T06:14:36Z", "event":"LoadGame", "Commander":"Igaguri", "Ship":"CobraMkIII", "ShipID":1, "ShipName":"Kamaboko", "ShipIdent":"IG-C03", "FuelLevel":16.000000, "FuelCapacity":16.000000, "GameMode":"Open", "Credits":2629469, "Loan":0 }
{ "timestamp":"2017-10-06T06:14:36Z", "event":"Rank", "Combat":0, "Trade":4, "Explore":3, "Empire":0, "Federation":0, "CQC":0 }
{ "timestamp":"2017-10-06T06:14:36Z", "event":"Progress", "Combat":0, "Trade":1, "Explore":40, "Empire":0, "Federation":70, "CQC":0 }
{ "timestamp":"2017-10-06T06:14:39Z", "event":"ApproachSettlement", "Name":"Zahn Beacon" }
{ "timestamp":"2017-10-06T06:14:52Z", "event":"Location", "Docked":true, "StationName":"Zahn Beacon", "StationType":"SurfaceStation", "StarSystem":"Zang O", "StarPos":[118.875,-9.000,-74.313], "SystemAllegiance":"Independent", "SystemEconomy":"$economy_Colony;", "SystemEconomy_Localised":"Colony", "SystemGovernment":"$government_Patronage;", "SystemGovernment_Localised":"Patronage", "SystemSecurity":"$SYSTEM_SECURITY_low;", "SystemSecurity_Localised":"Low Security", "Population":1446, "Body":"Zang O B 1 a", "BodyType":"Planet", "Factions":[ { "Name":"HIP 36731 Services", "FactionState":"None", "Government":"Corporate", "Influence":0.044044, "Allegiance":"Federation", "PendingStates":[ { "State":"Boom", "Trend":1 } ] }, { "Name":"Pilots Federation Local Branch", "FactionState":"None", "Government":"Democracy", "Influence":0.000000, "Allegiance":"PilotsFederation" }, { "Name":"Udegobo Silver Power Int", "FactionState":"None", "Government":"Corporate", "Influence":0.218218, "Allegiance":"Federation", "RecoveringStates":[ { "State":"Boom", "Trend":0 } ] }, { "Name":"Alliance of Suttora", "FactionState":"Election", "Government":"Confederacy", "Influence":0.079079, "Allegiance":"Federation", "RecoveringStates":[ { "State":"Retreat", "Trend":0 } ] }, { "Name":"Confederation of Dewindji", "FactionState":"Boom", "Government":"Confederacy", "Influence":0.102102, "Allegiance":"Federation" }, { "Name":"Zang O Independent Governance", "FactionState":"Boom", "Government":"Patronage", "Influence":0.477477, "Allegiance":"Independent" }, { "Name":"Uniting Zang O", "FactionState":"Election", "Government":"Cooperative", "Influence":0.079079, "Allegiance":"Independent" } ], "SystemFaction":"Zang O Independent Governance", "FactionState":"Boom" }
{ "timestamp":"2017-10-06T06:14:53Z", "event":"Music", "MusicTrack":"NoTrack" }
{ "timestamp":"2017-10-06T06:14:53Z", "event":"Docked", "StationName":"Zahn Beacon", "StationType":"SurfaceStation", "StarSystem":"Zang O", "StationFaction":"Zang O Independent Governance", "FactionState":"Boom", "StationGovernment":"$government_Patronage;", "StationGovernment_Localised":"Patronage", "StationServices":[ "Dock", "Autodock", "Contacts", "Exploration", "Missions", "Outfitting", "CrewLounge", "Rearm", "Refuel", "Repair", "Tuning", "MissionsGenerated", "Facilitator", "FlightController", "StationOperations", "Powerplay", "SearchAndRescue" ], "StationEconomy":"$economy_Colony;", "StationEconomy_Localised":"Colony", "DistFromStarLS":79864.867188 }
{ "timestamp":"2017-10-06T06:15:00Z", "event":"Music", "MusicTrack":"GalaxyMap" }
{ "timestamp":"2017-10-06T06:15:11Z", "event":"Undocked", "StationName":"Zahn Beacon", "StationType":"SurfaceStation" }
{ "timestamp":"2017-10-06T06:15:16Z", "event":"Music", "MusicTrack":"SystemMap" }
{ "timestamp":"2017-10-06T06:15:23Z", "event":"Music", "MusicTrack":"NoTrack" }
{ "timestamp":"2017-10-06T06:15:53Z", "event":"ReceiveText", "From":"Zahn Beacon", "Message":"$STATION_NoFireZone_exited;", "Message_Localised":"No fire zone left.", "Channel":"npc" }
{ "timestamp":"2017-10-06T06:16:02Z", "event":"StartJump", "JumpType":"Supercruise" }
{ "timestamp":"2017-10-06T06:16:02Z", "event":"ApproachSettlement", "Name":"Zahn Beacon" }
{ "timestamp":"2017-10-06T06:16:07Z", "event":"SupercruiseEntry", "StarSystem":"Zang O" }
{ "timestamp":"2017-10-06T06:16:07Z", "event":"Music", "MusicTrack":"Supercruise" }
{ "timestamp":"2017-10-06T06:16:34Z", "event":"Music", "MusicTrack":"GalaxyMap" }
{ "timestamp":"2017-10-06T06:16:48Z", "event":"Music", "MusicTrack":"SystemMap" }
{ "timestamp":"2017-10-06T06:17:08Z", "event":"Music", "MusicTrack":"GalaxyMap" }
{ "timestamp":"2017-10-06T06:17:35Z", "event":"Music", "MusicTrack":"Supercruise" }
{ "timestamp":"2017-10-06T06:17:57Z", "event":"StartJump", "JumpType":"Hyperspace", "StarSystem":"Kappa", "StarClass":"M" }
{ "timestamp":"2017-10-06T06:18:02Z", "event":"Music", "MusicTrack":"NoTrack" }
{ "timestamp":"2017-10-06T06:18:16Z", "event":"FSDJump", "StarSystem":"Kappa", "StarPos":[120.969,-11.906,-85.156], "SystemAllegiance":"Federation", "SystemEconomy":"$economy_HighTech;", "SystemEconomy_Localised":"High Tech", "SystemGovernment":"$government_Corporate;", "SystemGovernment_Localised":"Corporate", "SystemSecurity":"$SYSTEM_SECURITY_medium;", "SystemSecurity_Localised":"Medium Security", "Population":5724331, "JumpDist":11.420, "FuelUsed":1.012716, "FuelLevel":14.987285, "Factions":[ { "Name":"HIP 36731 Services", "FactionState":"None", "Government":"Corporate", "Influence":0.483000, "Allegiance":"Federation", "PendingStates":[ { "State":"Boom", "Trend":1 } ] }, { "Name":"Pilots Federation Local Branch", "FactionState":"None", "Government":"Democracy", "Influence":0.000000, "Allegiance":"PilotsFederation" }, { "Name":"Udegobo Silver Power Int", "FactionState":"None", "Government":"Corporate", "Influence":0.209000, "Allegiance":"Federation", "RecoveringStates":[ { "State":"Boom", "Trend":0 } ] }, { "Name":"Tjiwang Gold Brotherhood", "FactionState":"None", "Government":"Anarchy", "Influence":0.010000, "Allegiance":"Independent" }, { "Name":"Kappa Public PLC", "FactionState":"None", "Government":"Corporate", "Influence":0.061000, "Allegiance":"Independent" }, { "Name":"League of Kappa", "FactionState":"None", "Government":"Dictatorship", "Influence":0.037000, "Allegiance":"Independent" }, { "Name":"Union of Kappa Free", "FactionState":"CivilWar", "Government":"Democracy", "Influence":0.118000, "Allegiance":"Independent" }, { "Name":"Natural Kappa Focus", "FactionState":"CivilWar", "Government":"Dictatorship", "Influence":0.082000, "Allegiance":"Independent" } ], "SystemFaction":"HIP 36731 Services" }
{ "timestamp":"2017-10-06T06:18:16Z", "event":"Music", "MusicTrack":"DestinationFromHyperspace" }
{ "timestamp":"2017-10-06T06:18:21Z", "event":"Music", "MusicTrack":"Supercruise" }
{ "timestamp":"2017-10-06T06:18:26Z", "event":"Music", "MusicTrack":"GalaxyMap" }
{ "timestamp":"2017-10-06T06:18:29Z", "event":"Music", "MusicTrack":"SystemMap" }
{ "timestamp":"2017-10-06T06:18:33Z", "event":"Music", "MusicTrack":"Supercruise" }
{ "timestamp":"2017-10-06T06:20:32Z", "event":"SupercruiseExit", "StarSystem":"Kappa", "Body":"Poisson Orbital", "BodyType":"Station" }
{ "timestamp":"2017-10-06T06:20:32Z", "event":"Music", "MusicTrack":"DestinationFromSupercruise" }
{ "timestamp":"2017-10-06T06:20:37Z", "event":"Music", "MusicTrack":"NoTrack" }
{ "timestamp":"2017-10-06T06:20:39Z", "event":"ReceiveText", "From":"Poisson Orbital", "Message":"$STATION_NoFireZone_entered;", "Message_Localised":"No fire zone entered.", "Channel":"npc" }
{ "timestamp":"2017-10-06T06:20:50Z", "event":"DockingRequested", "StationName":"Poisson Orbital" }
{ "timestamp":"2017-10-06T06:20:50Z", "event":"ReceiveText", "From":"Poisson Orbital", "Message":"$DockingChatter_Friendly;", "Message_Localised":"It's great to see you again, Commander.", "Channel":"npc" }
{ "timestamp":"2017-10-06T06:20:52Z", "event":"ReceiveText", "From":"Poisson Orbital", "Message":"$STATION_docking_granted;", "Message_Localised":"Docking request granted.", "Channel":"npc" }
{ "timestamp":"2017-10-06T06:20:52Z", "event":"DockingGranted", "LandingPad":34, "StationName":"Poisson Orbital" }
{ "timestamp":"2017-10-06T06:21:10Z", "event":"Music", "MusicTrack":"Starport" }
{ "timestamp":"2017-10-06T06:21:55Z", "event":"Docked", "StationName":"Poisson Orbital", "StationType":"Coriolis", "StarSystem":"Kappa", "StationFaction":"HIP 36731 Services", "StationGovernment":"$government_Corporate;", "StationGovernment_Localised":"Corporate", "StationAllegiance":"Federation", "StationServices":[ "Dock", "Autodock", "Commodities", "Contacts", "Exploration", "Missions", "Outfitting", "CrewLounge", "Rearm", "Refuel", "Repair", "Shipyard", "Tuning", "MissionsGenerated", "FlightController", "StationOperations", "Powerplay", "SearchAndRescue" ], "StationEconomy":"$economy_HighTech;", "StationEconomy_Localised":"High Tech", "DistFromStarLS":595.273193 }
{ "timestamp":"2017-10-06T06:22:18Z", "event":"RefuelAll", "Cost":58, "Amount":1.145591 }
{ "timestamp":"2017-10-06T06:23:33Z", "event":"ModuleBuy", "Slot":"Slot02_Size4", "SellItem":"$int_passengercabin_size4_class2_name;", "SellItem_Localised":"BC Passenger Cabin", "SellPrice":56862, "BuyItem":"$int_cargorack_size4_class1_name;", "BuyItem_Localised":"Cargo Rack", "BuyPrice":34328, "Ship":"cobramkiii", "ShipID":1 }
{ "timestamp":"2017-10-06T06:23:42Z", "event":"ModuleBuy", "Slot":"Slot03_Size4", "SellItem":"$int_passengercabin_size4_class2_name;", "SellItem_Localised":"BC Passenger Cabin", "SellPrice":56862, "BuyItem":"$int_cargorack_size4_class1_name;", "BuyItem_Localised":"Cargo Rack", "BuyPrice":34328, "Ship":"cobramkiii", "ShipID":1 }
{ "timestamp":"2017-10-06T06:24:33Z", "event":"ReceiveText", "From":"$npc_name_decorate:#name=Pacal Balan;", "From_Localised":"Pacal Balan", "Message":"$Commuter_AuthorityScan07;", "Message_Localised":"There's no need to scan me, officer. I have nothing to find.", "Channel":"npc" }
{ "timestamp":"2017-10-06T06:26:09Z", "event":"ReceiveText", "From":"$npc_name_decorate:#name=Veeoh McDougal;", "From_Localised":"Veeoh McDougal", "Message":"$Commuter_AuthorityScan01;", "Message_Localised":"Is there a problem here, officer?", "Channel":"npc" }
{ "timestamp":"2017-10-06T06:29:42Z", "event":"ReceiveText", "From":"$npc_name_decorate:#name=Gareth Knipe;", "From_Localised":"Gareth Knipe", "Message":"$Commuter_AuthorityScan02;", "Message_Localised":"How can I be of assistance?", "Channel":"npc" }
{ "timestamp":"2017-10-06T06:36:35Z", "event":"Music", "MusicTrack":"Exploration" }
