{ "timestamp":"2017-11-06T00:32:56Z", "event":"Fileheader", "part":1, "language":"English\\UK", "gameversion":"2.4", "build":"r156431/r0 " }
{ "timestamp":"2017-11-06T00:32:56Z", "event":"Music", "MusicTrack":"NoTrack" }
{ "timestamp":"2017-11-06T00:32:56Z", "event":"Music", "MusicTrack":"MainMenu" }
{ "timestamp":"2017-11-06T00:33:48Z", "event":"Cargo", "Inventory":[  ] }
{ "timestamp":"2017-11-06T00:33:48Z", "event":"Loadout", "Ship":"DiamondBackXL", "ShipID":2, "ShipName":"KONNYAKU", "ShipIdent":"IG-E01", "Modules":[ { "Slot":"LargeHardpoint1", "Item":"Hpt_PulseLaser_Gimbal_Large", "On":true, "Priority":2, "Health":0.924342, "Value":140600 }, { "Slot":"MediumHardpoint2", "Item":"Hpt_MiningLaser_Fixed_Small", "On":true, "Priority":1, "Health":1.000000, "Value":6800 }, { "Slot":"TinyHardpoint1", "Item":"Hpt_HeatSinkLauncher_Turret_Tiny", "On":true, "Priority":0, "AmmoInClip":1, "AmmoInHopper":1, "Health":0.935894, "Value":3500 }, { "Slot":"TinyHardpoint2", "Item":"Hpt_HeatSinkLauncher_Turret_Tiny", "On":true, "Priority":0, "AmmoInClip":1, "AmmoInHopper":1, "Health":0.930729, "Value":3500 }, { "Slot":"TinyHardpoint4", "Item":"Hpt_ChaffLauncher_Tiny", "On":true, "Priority":1, "AmmoInClip":1, "AmmoInHopper":10, "Health":0.890536, "Value":8500 }, { "Slot":"Armour", "Item":"DiamondBackXL_Armour_Grade1", "On":true, "Priority":1, "Health":1.000000, "Value":0 }, { "Slot":"PowerPlant", "Item":"Int_Powerplant_Size4_Class4", "On":true, "Priority":1, "Health":0.945347, "Value":536693 }, { "Slot":"MainEngines", "Item":"Int_Engine_Size4_Class4", "On":true, "Priority":0, "Health":0.979369, "Value":536693 }, { "Slot":"FrameShiftDrive", "Item":"Int_Hyperdrive_Size5_Class4", "On":true, "Priority":0, "Health":0.971479, "Value":1701318 }, { "Slot":"LifeSupport", "Item":"Int_LifeSupport_Size3_Class2", "On":true, "Priority":0, "Health":0.925968, "Value":10133 }, { "Slot":"PowerDistributor", "Item":"Int_PowerDistributor_Size4_Class2", "On":true, "Priority":0, "Health":0.992576, "Value":28373 }, { "Slot":"Radar", "Item":"Int_Sensors_Size3_Class2", "On":true, "Priority":3, "Health":0.951004, "Value":10133 }, { "Slot":"FuelTank", "Item":"Int_FuelTank_Size5_Class3", "On":true, "Priority":1, "Health":1.000000, "Value":97754 }, { "Slot":"Decal1", "Item":"Decal_Explorer_Surveyor", "On":true, "Priority":1, "Health":1.000000, "Value":0 }, { "Slot":"Decal2", "Item":"Decal_Explorer_Surveyor", "On":true, "Priority":1, "Health":1.000000, "Value":0 }, { "Slot":"Decal3", "Item":"Decal_Explorer_Surveyor", "On":true, "Priority":1, "Health":1.000000, "Value":0 }, { "Slot":"Slot01_Size4", "Item":"Int_ShieldGenerator_Size4_Class1", "On":true, "Priority":1, "Health":0.982616, "Value":19878 }, { "Slot":"Slot02_Size4", "Item":"Int_FuelScoop_Size4_Class4", "On":true, "Priority":3, "Health":0.939855, "Value":715591 }, { "Slot":"Slot03_Size3", "Item":"Int_BuggyBay_Size2_Class2", "On":true, "Priority":0, "Health":0.959555, "Value":21600 }, { "Slot":"Slot04_Size3", "Item":"Int_Repairer_Size3_Class2", "On":true, "Priority":0, "AmmoInClip":2871, "Health":0.921206, "Value":97200 }, { "Slot":"Slot05_Size2", "Item":"Int_StellarBodyDiscoveryScanner_Advanced", "On":true, "Priority":1, "Health":0.960471, "Value":1545000 }, { "Slot":"Slot06_Size2", "Item":"Int_DetailedSurfaceScanner_Tiny", "On":true, "Priority":1, "Health":1.000000, "Value":250000 }, { "Slot":"PlanetaryApproachSuite", "Item":"Int_PlanetApproachSuite", "On":true, "Priority":1, "Health":1.000000, "Value":500 }, { "Slot":"ShipCockpit", "Item":"DiamondBackXL_Cockpit", "On":true, "Priority":1, "Health":0.984958, "Value":0 }, { "Slot":"CargoHatch", "Item":"ModularCargoBayDoor", "On":true, "Priority":2, "Health":0.932743, "Value":0 } ] }
{ "timestamp":"2017-11-06T00:33:48Z", "event":"Materials", "Raw":[ { "Name":"carbon", "Count":14 }, { "Name":"iron", "Count":26 }, { "Name":"chromium", "Count":10 }, { "Name":"nickel", "Count":20 }, { "Name":"manganese", "Count":24 }, { "Name":"zinc", "Count":4 }, { "Name":"sulphur", "Count":9 }, { "Name":"tungsten", "Count":3 } ], "Manufactured":[ { "Name":"mechanicalscrap", "Count":8 }, { "Name":"gridresistors", "Count":3 }, { "Name":"heatdispersionplate", "Count":5 }, { "Name":"salvagedalloys", "Count":6 }, { "Name":"hybridcapacitors", "Count":5 }, { "Name":"heatconductionwiring", "Count":2 } ], "Encoded":[ { "Name":"shieldsoakanalysis", "Count":3 }, { "Name":"disruptedwakeechoes", "Count":5 }, { "Name":"shieldcyclerecordings", "Count":9 }, { "Name":"emissiondata", "Count":3 }, { "Name":"bulkscandata", "Count":9 }, { "Name":"scrambledemissiondata", "Count":7 }, { "Name":"archivedemissiondata", "Count":3 }, { "Name":"shielddensityreports", "Count":9 }, { "Name":"legacyfirmware", "Count":1 } ] }
{ "timestamp":"2017-11-06T00:33:48Z", "event":"LoadGame", "Commander":"Igaguri", "Ship":"DiamondBackXL", "ShipID":2, "ShipName":"KONNYAKU", "ShipIdent":"IG-E01", "FuelLevel":32.000000, "FuelCapacity":32.000000, "GameMode":"Open", "Credits":726550, "Loan":0 }
{ "timestamp":"2017-11-06T00:33:48Z", "event":"Rank", "Combat":1, "Trade":4, "Explore":4, "Empire":0, "Federation":1, "CQC":0 }
{ "timestamp":"2017-11-06T00:33:48Z", "event":"Progress", "Combat":26, "Trade":1, "Explore":12, "Empire":0, "Federation":100, "CQC":0 }
{ "timestamp":"2017-11-06T00:33:59Z", "event":"Location", "Docked":false, "StarSystem":"Byeia Ain WD-K d8-1169", "StarPos":[932.625,37.406,16304.000], "SystemAllegiance":"", "SystemEconomy":"$economy_None;", "SystemEconomy_Localised":"None", "SystemGovernment":"$government_None;", "SystemGovernment_Localised":"None", "SystemSecurity":"$GAlAXY_MAP_INFO_state_anarchy;", "SystemSecurity_Localised":"Anarchy", "Population":0, "Body":"Byeia Ain WD-K d8-1169", "BodyType":"Star" }
{ "timestamp":"2017-11-06T00:33:59Z", "event":"Music", "MusicTrack":"NoTrack" }
{ "timestamp":"2017-11-06T00:33:59Z", "event":"Music", "MusicTrack":"Exploration" }
{ "timestamp":"2017-11-06T00:34:12Z", "event":"StartJump", "JumpType":"Supercruise" }
{ "timestamp":"2017-11-06T00:34:17Z", "event":"SupercruiseEntry", "StarSystem":"Byeia Ain WD-K d8-1169" }
{ "timestamp":"2017-11-06T00:34:17Z", "event":"Music", "MusicTrack":"Supercruise" }
{ "timestamp":"2017-11-06T00:34:41Z", "event":"Music", "MusicTrack":"GalaxyMap" }
{ "timestamp":"2017-11-06T00:36:45Z", "event":"Music", "MusicTrack":"SystemMap" }
{ "timestamp":"2017-11-06T00:36:46Z", "event":"Music", "MusicTrack":"Supercruise" }
{ "timestamp":"2017-11-06T00:37:17Z", "event":"StartJump", "JumpType":"Hyperspace", "StarSystem":"Byeia Ain QM-U c16-466", "StarClass":"K" }
{ "timestamp":"2017-11-06T00:37:22Z", "event":"Music", "MusicTrack":"NoTrack" }
{ "timestamp":"2017-11-06T00:37:35Z", "event":"FSDJump", "StarSystem":"Byeia Ain QM-U c16-466", "StarPos":[929.438,32.625,16329.313], "SystemAllegiance":"", "SystemEconomy":"$economy_None;", "SystemEconomy_Localised":"None", "SystemGovernment":"$government_None;", "SystemGovernment_Localised":"None", "SystemSecurity":"$GAlAXY_MAP_INFO_state_anarchy;", "SystemSecurity_Localised":"Anarchy", "Population":0, "JumpDist":25.957, "FuelUsed":4.007831, "FuelLevel":27.992168 }
{ "timestamp":"2017-11-06T00:37:36Z", "event":"Music", "MusicTrack":"Supercruise" }
{ "timestamp":"2017-11-06T00:37:57Z", "event":"FuelScoop", "Scooped":4.007837, "Total":32.000000 }
{ "timestamp":"2017-11-06T00:37:59Z", "event":"Music", "MusicTrack":"SystemMap" }
{ "timestamp":"2017-11-06T00:38:03Z", "event":"Music", "MusicTrack":"Supercruise" }
{ "timestamp":"2017-11-06T00:39:59Z", "event":"Music", "MusicTrack":"SystemMap" }
{ "timestamp":"2017-11-06T00:42:36Z", "event":"Music", "MusicTrack":"Supercruise" }
{ "timestamp":"2017-11-06T00:42:41Z", "event":"Music", "MusicTrack":"GalaxyMap" }
{ "timestamp":"2017-11-06T00:42:44Z", "event":"Music", "MusicTrack":"Supercruise" }
{ "timestamp":"2017-11-06T00:43:00Z", "event":"StartJump", "JumpType":"Hyperspace", "StarSystem":"Byeia Ain US-S c17-127", "StarClass":"K" }
{ "timestamp":"2017-11-06T00:43:05Z", "event":"Music", "MusicTrack":"NoTrack" }
{ "timestamp":"2017-11-06T00:43:18Z", "event":"FSDJump", "StarSystem":"Byeia Ain US-S c17-127", "StarPos":[928.969,33.656,16355.219], "SystemAllegiance":"", "SystemEconomy":"$economy_None;", "SystemEconomy_Localised":"None", "SystemGovernment":"$government_None;", "SystemGovernment_Localised":"None", "SystemSecurity":"$GAlAXY_MAP_INFO_state_anarchy;", "SystemSecurity_Localised":"Anarchy", "Population":0, "JumpDist":25.931, "FuelUsed":3.998168, "FuelLevel":28.001831 }
{ "timestamp":"2017-11-06T00:43:19Z", "event":"Music", "MusicTrack":"Supercruise" }
{ "timestamp":"2017-11-06T00:43:41Z", "event":"FuelScoop", "Scooped":3.998171, "Total":32.000000 }
{ "timestamp":"2017-11-06T00:43:42Z", "event":"Music", "MusicTrack":"SystemMap" }
{ "timestamp":"2017-11-06T00:43:48Z", "event":"Music", "MusicTrack":"Supercruise" }
{ "timestamp":"2017-11-06T00:44:05Z", "event":"StartJump", "JumpType":"Hyperspace", "StarSystem":"Byeia Ain YY-Q c18-758", "StarClass":"K" }
{ "timestamp":"2017-11-06T00:44:10Z", "event":"Music", "MusicTrack":"NoTrack" }
{ "timestamp":"2017-11-06T00:44:24Z", "event":"FSDJump", "StarSystem":"Byeia Ain YY-Q c18-758", "StarPos":[926.000,38.281,16380.469], "SystemAllegiance":"", "SystemEconomy":"$economy_None;", "SystemEconomy_Localised":"None", "SystemGovernment":"$government_None;", "SystemGovernment_Localised":"None", "SystemSecurity":"$GAlAXY_MAP_INFO_state_anarchy;", "SystemSecurity_Localised":"Anarchy", "Population":0, "JumpDist":25.841, "FuelUsed":3.964255, "FuelLevel":28.035746 }
{ "timestamp":"2017-11-06T00:44:24Z", "event":"Music", "MusicTrack":"Supercruise" }
{ "timestamp":"2017-11-06T00:44:37Z", "event":"Music", "MusicTrack":"SystemMap" }
{ "timestamp":"2017-11-06T00:44:47Z", "event":"Music", "MusicTrack":"Supercruise" }
{ "timestamp":"2017-11-06T00:44:47Z", "event":"Scan", "BodyName":"Byeia Ain YY-Q c18-758 A", "DistanceFromArrivalLS":0.000000, "StarType":"K", "StellarMass":0.878906, "Radius":680684928.000000, "AbsoluteMagnitude":5.529480, "Age_MY":5120, "SurfaceTemperature":4972.000000, "Luminosity":"Va", "SemiMajorAxis":7897710592.000000, "Eccentricity":0.321208, "OrbitalInclination":22.957909, "Periapsis":161.544769, "OrbitalPeriod":1533746.375000, "RotationPeriod":330672.687500, "AxialTilt":0.000000 }
{ "timestamp":"2017-11-06T00:45:07Z", "event":"Scan", "BodyName":"Byeia Ain YY-Q c18-758 B", "DistanceFromArrivalLS":63.730064, "StarType":"M", "StellarMass":0.488281, "Radius":444896704.000000, "AbsoluteMagnitude":8.187851, "Age_MY":5120, "SurfaceTemperature":3335.000000, "Luminosity":"Va", "SemiMajorAxis":14215879680.000000, "Eccentricity":0.321208, "OrbitalInclination":22.957909, "Periapsis":341.544769, "OrbitalPeriod":1533746.375000, "RotationPeriod":204798.578125, "AxialTilt":0.000000 }
{ "timestamp":"2017-11-06T00:45:33Z", "event":"StartJump", "JumpType":"Hyperspace", "StarSystem":"Byeia Ain YY-Q c18-161", "StarClass":"K" }
{ "timestamp":"2017-11-06T00:45:38Z", "event":"Music", "MusicTrack":"NoTrack" }
{ "timestamp":"2017-11-06T00:45:51Z", "event":"FSDJump", "StarSystem":"Byeia Ain YY-Q c18-161", "StarPos":[923.875,39.813,16406.313], "SystemAllegiance":"", "SystemEconomy":"$economy_None;", "SystemEconomy_Localised":"None", "SystemGovernment":"$government_None;", "SystemGovernment_Localised":"None", "SystemSecurity":"$GAlAXY_MAP_INFO_state_anarchy;", "SystemSecurity_Localised":"Anarchy", "Population":0, "JumpDist":25.976, "FuelUsed":3.915778, "FuelLevel":24.119967 }
{ "timestamp":"2017-11-06T00:45:52Z", "event":"Music", "MusicTrack":"Supercruise" }
{ "timestamp":"2017-11-06T00:46:16Z", "event":"FuelScoop", "Scooped":5.001019, "Total":29.120962 }
{ "timestamp":"2017-11-06T00:46:26Z", "event":"FuelScoop", "Scooped":2.879039, "Total":32.000000 }
{ "timestamp":"2017-11-06T00:46:32Z", "event":"Music", "MusicTrack":"SystemMap" }
{ "timestamp":"2017-11-06T00:46:36Z", "event":"Music", "MusicTrack":"Supercruise" }
{ "timestamp":"2017-11-06T00:46:48Z", "event":"Music", "MusicTrack":"GalaxyMap" }
{ "timestamp":"2017-11-06T00:46:51Z", "event":"Music", "MusicTrack":"Supercruise" }
{ "timestamp":"2017-11-06T00:47:07Z", "event":"StartJump", "JumpType":"Hyperspace", "StarSystem":"Byeia Ain AK-I d9-1383", "StarClass":"N" }
{ "timestamp":"2017-11-06T00:47:13Z", "event":"Music", "MusicTrack":"NoTrack" }
{ "timestamp":"2017-11-06T00:47:26Z", "event":"FSDJump", "StarSystem":"Byeia Ain AK-I d9-1383", "StarPos":[922.500,47.344,16424.063], "SystemAllegiance":"", "SystemEconomy":"$economy_None;", "SystemEconomy_Localised":"None", "SystemGovernment":"$government_None;", "SystemGovernment_Localised":"None", "SystemSecurity":"$GAlAXY_MAP_INFO_state_anarchy;", "SystemSecurity_Localised":"Anarchy", "Population":0, "JumpDist":19.331, "FuelUsed":1.946555, "FuelLevel":30.053444 }
{ "timestamp":"2017-11-06T00:47:26Z", "event":"Music", "MusicTrack":"Supercruise" }
{ "timestamp":"2017-11-06T00:47:37Z", "event":"Music", "MusicTrack":"SystemMap" }
{ "timestamp":"2017-11-06T00:47:38Z", "event":"Music", "MusicTrack":"Supercruise" }
{ "timestamp":"2017-11-06T00:47:47Z", "event":"Scan", "BodyName":"Byeia Ain AK-I d9-1383 A", "DistanceFromArrivalLS":0.000000, "StarType":"N", "StellarMass":0.824219, "Radius":10710.937500, "AbsoluteMagnitude":4.934265, "Age_MY":3154, "SurfaceTemperature":8575541.000000, "Luminosity":"VII", "SemiMajorAxis":530694569984.000000, "Eccentricity":0.121327, "OrbitalInclination":-25.076513, "Periapsis":161.031097, "OrbitalPeriod":1036903104.000000, "RotationPeriod":1.046372, "AxialTilt":0.000000 }
{ "timestamp":"2017-11-06T00:48:11Z", "event":"Music", "MusicTrack":"SystemMap" }
{ "timestamp":"2017-11-06T00:48:19Z", "event":"Music", "MusicTrack":"Supercruise" }
{ "timestamp":"2017-11-06T00:49:16Z", "event":"JetConeBoost", "BoostValue":4.000000 }
{ "timestamp":"2017-11-06T00:49:34Z", "event":"StartJump", "JumpType":"Hyperspace", "StarSystem":"Byeia Ain EQ-G d10-3515", "StarClass":"F" }
{ "timestamp":"2017-11-06T00:49:40Z", "event":"Music", "MusicTrack":"NoTrack" }
{ "timestamp":"2017-11-06T00:49:53Z", "event":"FSDJump", "StarSystem":"Byeia Ain EQ-G d10-3515", "StarPos":[920.813,51.688,16528.375], "SystemAllegiance":"", "SystemEconomy":"$economy_None;", "SystemEconomy_Localised":"None", "SystemGovernment":"$government_None;", "SystemGovernment_Localised":"None", "SystemSecurity":"$GAlAXY_MAP_INFO_state_anarchy;", "SystemSecurity_Localised":"Anarchy", "Population":0, "JumpDist":104.417, "FuelUsed":4.014269, "FuelLevel":26.039175, "BoostUsed":4 }
{ "timestamp":"2017-11-06T00:49:53Z", "event":"Music", "MusicTrack":"Supercruise" }
{ "timestamp":"2017-11-06T00:50:18Z", "event":"FuelScoop", "Scooped":5.000668, "Total":31.039833 }
{ "timestamp":"2017-11-06T00:50:21Z", "event":"FuelScoop", "Scooped":0.960167, "Total":32.000000 }
{ "timestamp":"2017-11-06T00:50:29Z", "event":"Music", "MusicTrack":"SystemMap" }
{ "timestamp":"2017-11-06T00:50:30Z", "event":"Music", "MusicTrack":"Supercruise" }
{ "timestamp":"2017-11-06T00:50:31Z", "event":"Music", "MusicTrack":"GalaxyMap" }
{ "timestamp":"2017-11-06T00:50:48Z", "event":"Music", "MusicTrack":"SystemMap" }
{ "timestamp":"2017-11-06T00:50:49Z", "event":"Music", "MusicTrack":"Supercruise" }
