{ "timestamp":"2017-10-17T12:13:40Z", "event":"Fileheader", "part":1, "language":"English\\UK", "gameversion":"2.4", "build":"r156431/r0 " }
{ "timestamp":"2017-10-17T12:13:40Z", "event":"Music", "MusicTrack":"NoTrack" }
{ "timestamp":"2017-10-17T12:13:40Z", "event":"Music", "MusicTrack":"MainMenu" }
{ "timestamp":"2017-10-17T12:14:31Z", "event":"Cargo", "Inventory":[  ] }
{ "timestamp":"2017-10-17T12:14:31Z", "event":"Loadout", "Ship":"DiamondBackXL", "ShipID":2, "ShipName":"KONNYAKU", "ShipIdent":"IG-E01", "Modules":[ { "Slot":"LargeHardpoint1", "Item":"Hpt_PulseLaser_Gimbal_Large", "On":true, "Priority":0, "Health":0.994020, "Value":140600 }, { "Slot":"MediumHardpoint2", "Item":"Hpt_MiningLaser_Fixed_Small", "On":true, "Priority":0, "Health":0.984353, "Value":6800 }, { "Slot":"TinyHardpoint1", "Item":"Hpt_HeatSinkLauncher_Turret_Tiny", "On":true, "Priority":0, "AmmoInClip":1, "AmmoInHopper":2, "Health":0.997299, "Value":3500 }, { "Slot":"TinyHardpoint2", "Item":"Hpt_HeatSinkLauncher_Turret_Tiny", "On":true, "Priority":0, "AmmoInClip":1, "AmmoInHopper":2, "Health":0.989419, "Value":3500 }, { "Slot":"TinyHardpoint4", "Item":"Hpt_ChaffLauncher_Tiny", "On":true, "Priority":0, "AmmoInClip":1, "AmmoInHopper":10, "Health":0.984160, "Value":8500 }, { "Slot":"Armour", "Item":"DiamondBackXL_Armour_Grade1", "On":true, "Priority":1, "Health":1.000000, "Value":0 }, { "Slot":"PowerPlant", "Item":"Int_Powerplant_Size4_Class4", "On":true, "Priority":1, "Health":0.993120, "Value":536693 }, { "Slot":"MainEngines", "Item":"Int_Engine_Size4_Class4", "On":true, "Priority":0, "Health":0.996931, "Value":536693 }, { "Slot":"FrameShiftDrive", "Item":"Int_Hyperdrive_Size5_Class4", "On":true, "Priority":0, "Health":0.999750, "Value":1701318 }, { "Slot":"LifeSupport", "Item":"Int_LifeSupport_Size3_Class2", "On":true, "Priority":0, "Health":0.993309, "Value":10133 }, { "Slot":"PowerDistributor", "Item":"Int_PowerDistributor_Size4_Class2", "On":true, "Priority":0, "Health":0.980621, "Value":28373 }, { "Slot":"Radar", "Item":"Int_Sensors_Size3_Class2", "On":true, "Priority":0, "Health":0.997002, "Value":10133 }, { "Slot":"FuelTank", "Item":"Int_FuelTank_Size5_Class3", "On":true, "Priority":1, "Health":1.000000, "Value":97754 }, { "Slot":"Decal1", "Item":"Decal_Explorer_Surveyor", "On":true, "Priority":1, "Health":1.000000, "Value":0 }, { "Slot":"Decal2", "Item":"Decal_Explorer_Surveyor", "On":true, "Priority":1, "Health":1.000000, "Value":0 }, { "Slot":"Decal3", "Item":"Decal_Explorer_Surveyor", "On":true, "Priority":1, "Health":1.000000, "Value":0 }, { "Slot":"Slot01_Size4", "Item":"Int_ShieldGenerator_Size4_Class1", "On":true, "Priority":2, "Health":0.994591, "Value":19878 }, { "Slot":"Slot02_Size4", "Item":"Int_FuelScoop_Size4_Class4", "On":true, "Priority":0, "Health":0.995509, "Value":715591 }, { "Slot":"Slot03_Size3", "Item":"Int_BuggyBay_Size2_Class2", "On":true, "Priority":0, "Health":0.995906, "Value":21600 }, { "Slot":"Slot04_Size3", "Item":"Int_Repairer_Size3_Class2", "On":true, "Priority":0, "AmmoInClip":3200, "Health":0.987025, "Value":97200 }, { "Slot":"Slot05_Size2", "Item":"Int_StellarBodyDiscoveryScanner_Advanced", "On":true, "Priority":1, "Health":0.996946, "Value":1545000 }, { "Slot":"Slot06_Size2", "Item":"Int_DetailedSurfaceScanner_Tiny", "On":true, "Priority":1, "Health":1.000000, "Value":250000 }, { "Slot":"PlanetaryApproachSuite", "Item":"Int_PlanetApproachSuite", "On":true, "Priority":1, "Health":1.000000, "Value":500 }, { "Slot":"ShipCockpit", "Item":"DiamondBackXL_Cockpit", "On":true, "Priority":1, "Health":1.000000, "Value":0 }, { "Slot":"CargoHatch", "Item":"ModularCargoBayDoor", "On":true, "Priority":2, "Health":0.991189, "Value":0 } ] }
{ "timestamp":"2017-10-17T12:14:31Z", "event":"Materials", "Raw":[ { "Name":"carbon", "Count":2 }, { "Name":"iron", "Count":3 } ], "Manufactured":[ { "Name":"mechanicalscrap", "Count":8 }, { "Name":"gridresistors", "Count":3 }, { "Name":"heatdispersionplate", "Count":5 }, { "Name":"salvagedalloys", "Count":6 }, { "Name":"hybridcapacitors", "Count":5 }, { "Name":"heatconductionwiring", "Count":2 } ], "Encoded":[ { "Name":"shieldsoakanalysis", "Count":3 }, { "Name":"disruptedwakeechoes", "Count":5 }, { "Name":"shieldcyclerecordings", "Count":9 }, { "Name":"emissiondata", "Count":3 }, { "Name":"bulkscandata", "Count":9 }, { "Name":"scrambledemissiondata", "Count":7 }, { "Name":"archivedemissiondata", "Count":3 }, { "Name":"shielddensityreports", "Count":9 }, { "Name":"legacyfirmware", "Count":1 } ] }
{ "timestamp":"2017-10-17T12:14:31Z", "event":"LoadGame", "Commander":"Igaguri", "Ship":"DiamondBackXL", "ShipID":2, "ShipName":"KONNYAKU", "ShipIdent":"IG-E01", "FuelLevel":28.087629, "FuelCapacity":32.000000, "GameMode":"Solo", "Credits":726550, "Loan":0 }
{ "timestamp":"2017-10-17T12:14:31Z", "event":"Rank", "Combat":1, "Trade":4, "Explore":4, "Empire":0, "Federation":1, "CQC":0 }
{ "timestamp":"2017-10-17T12:14:31Z", "event":"Progress", "Combat":26, "Trade":1, "Explore":9, "Empire":0, "Federation":100, "CQC":0 }
{ "timestamp":"2017-10-17T12:14:40Z", "event":"Location", "Docked":false, "StarSystem":"Praea Euq FG-W b15-5", "StarPos":[280.563,10.781,564.656], "SystemAllegiance":"", "SystemEconomy":"$economy_None;", "SystemEconomy_Localised":"None", "SystemGovernment":"$government_None;", "SystemGovernment_Localised":"None", "SystemSecurity":"$GAlAXY_MAP_INFO_state_anarchy;", "SystemSecurity_Localised":"Anarchy", "Population":0, "Body":"Praea Euq FG-W b15-5 3", "BodyType":"Planet" }
{ "timestamp":"2017-10-17T12:14:41Z", "event":"Music", "MusicTrack":"NoTrack" }
{ "timestamp":"2017-10-17T12:14:41Z", "event":"Music", "MusicTrack":"Exploration" }
{ "timestamp":"2017-10-17T12:15:08Z", "event":"Music", "MusicTrack":"GalaxyMap" }
{ "timestamp":"2017-10-17T12:15:12Z", "event":"Music", "MusicTrack":"Exploration" }
{ "timestamp":"2017-10-17T12:15:15Z", "event":"Music", "MusicTrack":"SystemMap" }
{ "timestamp":"2017-10-17T12:15:23Z", "event":"Music", "MusicTrack":"Exploration" }
{ "timestamp":"2017-10-17T12:15:31Z", "event":"StartJump", "JumpType":"Supercruise" }
{ "timestamp":"2017-10-17T12:15:36Z", "event":"SupercruiseEntry", "StarSystem":"Praea Euq FG-W b15-5" }
{ "timestamp":"2017-10-17T12:15:36Z", "event":"Music", "MusicTrack":"Supercruise" }
{ "timestamp":"2017-10-17T12:17:20Z", "event":"Scan", "BodyName":"Praea Euq FG-W b15-5 4", "DistanceFromArrivalLS":1706.020630, "TidalLock":false, "TerraformState":"", "PlanetClass":"Icy body", "Atmosphere":"thick argon rich atmosphere", "AtmosphereType":"ArgonRich", "AtmosphereComposition":[ { "Name":"Nitrogen", "Percent":99.167236 }, { "Name":"Argon", "Percent":0.832385 } ], "Volcanism":"", "MassEM":0.247544, "Radius":5066005.000000, "SurfaceGravity":3.844413, "SurfaceTemperature":67.452606, "SurfacePressure":47620688.000000, "Landable":false, "SemiMajorAxis":511383109632.000000, "Eccentricity":0.000153, "OrbitalInclination":-0.005751, "Periapsis":52.382500, "OrbitalPeriod":305630816.000000, "RotationPeriod":103939.117188, "AxialTilt":-0.285801 }
{ "timestamp":"2017-10-17T12:17:42Z", "event":"Music", "MusicTrack":"SystemMap" }
{ "timestamp":"2017-10-17T12:17:51Z", "event":"Music", "MusicTrack":"Supercruise" }
{ "timestamp":"2017-10-17T12:19:40Z", "event":"Scan", "BodyName":"Praea Euq FG-W b15-5 3", "DistanceFromArrivalLS":1480.376099, "TidalLock":false, "TerraformState":"", "PlanetClass":"Icy body", "Atmosphere":"thick argon rich atmosphere", "AtmosphereType":"ArgonRich", "AtmosphereComposition":[ { "Name":"Nitrogen", "Percent":99.009628 }, { "Name":"Argon", "Percent":0.990095 } ], "Volcanism":"minor carbon dioxide geysers volcanism", "MassEM":0.560515, "Radius":6525975.000000, "SurfaceGravity":5.245729, "SurfaceTemperature":78.597672, "SurfacePressure":115976416.000000, "Landable":false, "SemiMajorAxis":443804450816.000000, "Eccentricity":0.000005, "OrbitalInclination":-0.243380, "Periapsis":314.610596, "OrbitalPeriod":247095616.000000, "RotationPeriod":115455.359375, "AxialTilt":-2.552780 }
{ "timestamp":"2017-10-17T12:19:43Z", "event":"Music", "MusicTrack":"SystemMap" }
{ "timestamp":"2017-10-17T12:19:50Z", "event":"Music", "MusicTrack":"Supercruise" }
{ "timestamp":"2017-10-17T12:21:44Z", "event":"Scan", "BodyName":"Praea Euq FG-W b15-5 5", "DistanceFromArrivalLS":1943.845581, "TidalLock":false, "TerraformState":"", "PlanetClass":"Icy body", "Atmosphere":"thin neon atmosphere", "AtmosphereType":"Neon", "AtmosphereComposition":[ { "Name":"Neon", "Percent":100.000000 } ], "Volcanism":"", "MassEM":0.296899, "Radius":5363351.000000, "SurfaceGravity":4.113829, "SurfaceTemperature":47.554684, "SurfacePressure":207.079239, "Landable":false, "SemiMajorAxis":582841663488.000000, "Eccentricity":0.000317, "OrbitalInclination":-0.003140, "Periapsis":104.333084, "OrbitalPeriod":371880512.000000, "RotationPeriod":155621.656250, "AxialTilt":0.325392 }
{ "timestamp":"2017-10-17T12:21:52Z", "event":"Music", "MusicTrack":"SystemMap" }
{ "timestamp":"2017-10-17T12:21:55Z", "event":"Music", "MusicTrack":"Supercruise" }
{ "timestamp":"2017-10-17T12:21:59Z", "event":"Music", "MusicTrack":"SystemMap" }
{ "timestamp":"2017-10-17T12:22:02Z", "event":"Music", "MusicTrack":"Supercruise" }
{ "timestamp":"2017-10-17T12:22:05Z", "event":"Music", "MusicTrack":"SystemMap" }
{ "timestamp":"2017-10-17T12:22:07Z", "event":"Music", "MusicTrack":"Supercruise" }
{ "timestamp":"2017-10-17T12:25:02Z", "event":"Scan", "BodyName":"Praea Euq FG-W b15-5 6", "DistanceFromArrivalLS":2364.402588, "TidalLock":false, "TerraformState":"", "PlanetClass":"Icy body", "Atmosphere":"thin neon atmosphere", "AtmosphereType":"Neon", "AtmosphereComposition":[ { "Name":"Neon", "Percent":100.000000 } ], "Volcanism":"minor carbon dioxide geysers volcanism", "MassEM":0.623394, "Radius":6748641.000000, "SurfaceGravity":5.455559, "SurfaceTemperature":43.162327, "SurfacePressure":364.186157, "Landable":false, "SemiMajorAxis":707969810432.000000, "Eccentricity":0.001449, "OrbitalInclination":0.094370, "Periapsis":3.370545, "OrbitalPeriod":497851360.000000, "RotationPeriod":128454.960938, "AxialTilt":0.231464 }
{ "timestamp":"2017-10-17T12:25:06Z", "event":"Music", "MusicTrack":"SystemMap" }
{ "timestamp":"2017-10-17T12:25:10Z", "event":"Music", "MusicTrack":"Supercruise" }
{ "timestamp":"2017-10-17T12:28:11Z", "event":"Scan", "BodyName":"Praea Euq FG-W b15-5 7", "DistanceFromArrivalLS":3876.048096, "TidalLock":false, "TerraformState":"", "PlanetClass":"Icy body", "Atmosphere":"neon rich atmosphere", "AtmosphereType":"NeonRich", "AtmosphereComposition":[ { "Name":"Helium", "Percent":97.556892 }, { "Name":"Neon", "Percent":2.443106 } ], "Volcanism":"minor carbon dioxide geysers volcanism", "MassEM":0.756692, "Radius":7159584.500000, "SurfaceGravity":5.883733, "SurfaceTemperature":34.029949, "SurfacePressure":17338.382813, "Landable":false, "SemiMajorAxis":1159858880512.000000, "Eccentricity":0.002375, "OrbitalInclination":-0.010563, "Periapsis":311.727692, "OrbitalPeriod":1043963392.000000, "RotationPeriod":43404.250000, "AxialTilt":0.194992 }
{ "timestamp":"2017-10-17T12:28:19Z", "event":"Music", "MusicTrack":"SystemMap" }
{ "timestamp":"2017-10-17T12:28:21Z", "event":"Music", "MusicTrack":"Supercruise" }
{ "timestamp":"2017-10-17T12:28:22Z", "event":"Music", "MusicTrack":"GalaxyMap" }
{ "timestamp":"2017-10-17T12:29:01Z", "event":"Music", "MusicTrack":"SystemMap" }
{ "timestamp":"2017-10-17T12:29:02Z", "event":"Music", "MusicTrack":"Supercruise" }
{ "timestamp":"2017-10-17T12:29:24Z", "event":"StartJump", "JumpType":"Hyperspace", "StarSystem":"Praea Euq HR-U b16-5", "StarClass":"L" }
{ "timestamp":"2017-10-17T12:29:29Z", "event":"Music", "MusicTrack":"NoTrack" }
{ "timestamp":"2017-10-17T12:29:42Z", "event":"FSDJump", "StarSystem":"Praea Euq HR-U b16-5", "StarPos":[281.500,19.906,587.875], "SystemAllegiance":"", "SystemEconomy":"$economy_None;", "SystemEconomy_Localised":"None", "SystemGovernment":"$government_None;", "SystemGovernment_Localised":"None", "SystemSecurity":"$GAlAXY_MAP_INFO_state_anarchy;", "SystemSecurity_Localised":"Anarchy", "Population":0, "JumpDist":24.965, "FuelUsed":3.542274, "FuelLevel":24.025356 }
{ "timestamp":"2017-10-17T12:29:43Z", "event":"Music", "MusicTrack":"Supercruise" }
{ "timestamp":"2017-10-17T12:29:57Z", "event":"Music", "MusicTrack":"SystemMap" }
{ "timestamp":"2017-10-17T12:30:05Z", "event":"Music", "MusicTrack":"Supercruise" }
{ "timestamp":"2017-10-17T12:31:48Z", "event":"Music", "MusicTrack":"SystemMap" }
{ "timestamp":"2017-10-17T12:31:51Z", "event":"Music", "MusicTrack":"Supercruise" }
{ "timestamp":"2017-10-17T12:31:53Z", "event":"Scan", "BodyName":"Praea Euq HR-U b16-5 4", "DistanceFromArrivalLS":1734.864380, "TidalLock":false, "TerraformState":"", "PlanetClass":"Icy body", "Atmosphere":"helium atmosphere", "AtmosphereType":"Helium", "AtmosphereComposition":[ { "Name":"Helium", "Percent":91.378433 }, { "Name":"Hydrogen", "Percent":8.620606 } ], "Volcanism":"major water geysers volcanism", "MassEM":3.302054, "Radius":11028140.000000, "SurfaceGravity":10.821539, "SurfaceTemperature":24.969799, "SurfacePressure":62489.195313, "Landable":false, "SemiMajorAxis":520548745216.000000, "Eccentricity":0.001946, "OrbitalInclination":4.396772, "Periapsis":79.680267, "OrbitalPeriod":458840576.000000, "RotationPeriod":171551.390625, "AxialTilt":0.196512 }
{ "timestamp":"2017-10-17T12:31:54Z", "event":"Music", "MusicTrack":"SystemMap" }
{ "timestamp":"2017-10-17T12:31:57Z", "event":"Music", "MusicTrack":"Supercruise" }
{ "timestamp":"2017-10-17T12:33:45Z", "event":"Scan", "BodyName":"Praea Euq HR-U b16-5 5", "DistanceFromArrivalLS":2943.180420, "TidalLock":false, "TerraformState":"", "PlanetClass":"Icy body", "Atmosphere":"helium atmosphere", "AtmosphereType":"Helium", "AtmosphereComposition":[ { "Name":"Helium", "Percent":91.379318 }, { "Name":"Hydrogen", "Percent":8.620689 } ], "Volcanism":"major water geysers volcanism", "MassEM":3.784141, "Radius":11387141.000000, "SurfaceGravity":11.631810, "SurfaceTemperature":20.453613, "SurfacePressure":70309.914063, "Landable":false, "SemiMajorAxis":885247901696.000000, "Eccentricity":0.004152, "OrbitalInclination":0.003069, "Periapsis":241.817780, "OrbitalPeriod":1017576512.000000, "RotationPeriod":80145.843750, "AxialTilt":0.657803 }
{ "timestamp":"2017-10-17T12:34:04Z", "event":"Scan", "BodyName":"Praea Euq HR-U b16-5 5 a", "DistanceFromArrivalLS":2958.025879, "TidalLock":false, "TerraformState":"", "PlanetClass":"Icy body", "Atmosphere":"", "AtmosphereType":"None", "Volcanism":"", "MassEM":0.350999, "Radius":6000628.500000, "SurfaceGravity":3.885274, "SurfaceTemperature":20.002176, "SurfacePressure":2.362748, "Landable":true, "Materials":[ { "Name":"sulphur", "Percent":27.196323 }, { "Name":"carbon", "Percent":22.869293 }, { "Name":"phosphorus", "Percent":14.641314 }, { "Name":"iron", "Percent":11.776674 }, { "Name":"nickel", "Percent":8.907383 }, { "Name":"manganese", "Percent":4.863646 }, { "Name":"selenium", "Percent":4.256455 }, { "Name":"zinc", "Percent":3.200459 }, { "Name":"cadmium", "Percent":0.914512 }, { "Name":"ruthenium", "Percent":0.727285 }, { "Name":"tungsten", "Percent":0.646658 } ], "SemiMajorAxis":5841838080.000000, "Eccentricity":0.000000, "OrbitalInclination":-88.834076, "Periapsis":337.103546, "OrbitalPeriod":69103456.000000, "RotationPeriod":120125.742188, "AxialTilt":-0.496505 }
{ "timestamp":"2017-10-17T12:34:13Z", "event":"Music", "MusicTrack":"SystemMap" }
{ "timestamp":"2017-10-17T12:34:17Z", "event":"Music", "MusicTrack":"Supercruise" }
{ "timestamp":"2017-10-17T12:34:34Z", "event":"StartJump", "JumpType":"Hyperspace", "StarSystem":"Praea Euq RI-K c8-8", "StarClass":"K" }
{ "timestamp":"2017-10-17T12:34:39Z", "event":"Music", "MusicTrack":"NoTrack" }
{ "timestamp":"2017-10-17T12:34:52Z", "event":"FSDJump", "StarSystem":"Praea Euq RI-K c8-8", "StarPos":[300.969,24.750,604.250], "SystemAllegiance":"", "SystemEconomy":"$economy_None;", "SystemEconomy_Localised":"None", "SystemGovernment":"$government_None;", "SystemGovernment_Localised":"None", "SystemSecurity":"$GAlAXY_MAP_INFO_state_anarchy;", "SystemSecurity_Localised":"Anarchy", "Population":0, "JumpDist":25.897, "FuelUsed":3.788098, "FuelLevel":20.237259 }
{ "timestamp":"2017-10-17T12:34:52Z", "event":"Music", "MusicTrack":"Supercruise" }
{ "timestamp":"2017-10-17T12:35:25Z", "event":"FuelScoop", "Scooped":5.000331, "Total":25.237583 }
{ "timestamp":"2017-10-17T12:35:44Z", "event":"FuelScoop", "Scooped":5.002237, "Total":30.239817 }
{ "timestamp":"2017-10-17T12:35:52Z", "event":"FuelScoop", "Scooped":1.760205, "Total":32.000000 }
{ "timestamp":"2017-10-17T12:36:24Z", "event":"Music", "MusicTrack":"SystemMap" }
{ "timestamp":"2017-10-17T12:36:29Z", "event":"Music", "MusicTrack":"Supercruise" }
{ "timestamp":"2017-10-17T12:36:31Z", "event":"Scan", "BodyName":"Praea Euq RI-K c8-8 B", "DistanceFromArrivalLS":175.243240, "StarType":"M", "StellarMass":0.445313, "Radius":377677216.000000, "AbsoluteMagnitude":8.118378, "Age_MY":2716, "SurfaceTemperature":3678.000000, "Luminosity":"Va", "SemiMajorAxis":27888306176.000000, "Eccentricity":0.203030, "OrbitalInclination":-2.571499, "Periapsis":118.710098, "OrbitalPeriod":5565643.000000, "RotationPeriod":146085.703125, "AxialTilt":0.000000 }
{ "timestamp":"2017-10-17T12:37:14Z", "event":"Scan", "BodyName":"Praea Euq RI-K c8-8 A", "DistanceFromArrivalLS":0.000000, "StarType":"K", "StellarMass":0.617188, "Radius":508868736.000000, "AbsoluteMagnitude":7.137833, "Age_MY":2716, "SurfaceTemperature":3971.000000, "Luminosity":"Va", "SemiMajorAxis":20121948160.000000, "Eccentricity":0.203030, "OrbitalInclination":-2.571499, "Periapsis":298.710114, "OrbitalPeriod":5565643.000000, "RotationPeriod":217976.234375, "AxialTilt":0.000000 }
{ "timestamp":"2017-10-17T12:37:36Z", "event":"StartJump", "JumpType":"Hyperspace", "StarSystem":"Praea Euq QD-R b18-7", "StarClass":"M" }
{ "timestamp":"2017-10-17T12:37:42Z", "event":"Music", "MusicTrack":"NoTrack" }
{ "timestamp":"2017-10-17T12:37:55Z", "event":"FSDJump", "StarSystem":"Praea Euq QD-R b18-7", "StarPos":[300.719,23.969,628.469], "SystemAllegiance":"", "SystemEconomy":"$economy_None;", "SystemEconomy_Localised":"None", "SystemGovernment":"$government_None;", "SystemGovernment_Localised":"None", "SystemSecurity":"$GAlAXY_MAP_INFO_state_anarchy;", "SystemSecurity_Localised":"Anarchy", "Population":0, "JumpDist":24.233, "FuelUsed":3.375692, "FuelLevel":28.104307 }
{ "timestamp":"2017-10-17T12:37:55Z", "event":"Music", "MusicTrack":"Supercruise" }
{ "timestamp":"2017-10-17T12:38:22Z", "event":"FuelScoop", "Scooped":3.895701, "Total":32.000000 }
{ "timestamp":"2017-10-17T12:38:25Z", "event":"Music", "MusicTrack":"SystemMap" }
{ "timestamp":"2017-10-17T12:38:26Z", "event":"Music", "MusicTrack":"Supercruise" }
{ "timestamp":"2017-10-17T12:38:58Z", "event":"Scan", "BodyName":"Praea Euq QD-R b18-7 A", "DistanceFromArrivalLS":0.000000, "StarType":"M", "StellarMass":0.414063, "Radius":426537088.000000, "AbsoluteMagnitude":7.977509, "Age_MY":2214, "SurfaceTemperature":3575.000000, "Luminosity":"Va", "SemiMajorAxis":3259060453376.000000, "Eccentricity":0.224059, "OrbitalInclination":-6.557539, "Periapsis":18.666594, "OrbitalPeriod":42490732544.000000, "RotationPeriod":245496.156250, "AxialTilt":0.000000 }
{ "timestamp":"2017-10-17T12:39:12Z", "event":"Music", "MusicTrack":"SystemMap" }
{ "timestamp":"2017-10-17T12:39:15Z", "event":"Music", "MusicTrack":"Supercruise" }
{ "timestamp":"2017-10-17T12:46:28Z", "event":"Scan", "BodyName":"Praea Euq QD-R b18-7 B", "DistanceFromArrivalLS":55717.679688, "StarType":"L", "StellarMass":0.117188, "Radius":177037504.000000, "AbsoluteMagnitude":13.807480, "Age_MY":2214, "SurfaceTemperature":1450.000000, "Luminosity":"V", "SemiMajorAxis":11515348385792.000000, "Eccentricity":0.224059, "OrbitalInclination":-6.557539, "Periapsis":198.666595, "OrbitalPeriod":42490732544.000000, "RotationPeriod":83265.015625, "AxialTilt":0.000000 }
{ "timestamp":"2017-10-17T12:46:43Z", "event":"Music", "MusicTrack":"SystemMap" }
{ "timestamp":"2017-10-17T12:46:45Z", "event":"Music", "MusicTrack":"Supercruise" }
{ "timestamp":"2017-10-17T12:46:49Z", "event":"Music", "MusicTrack":"GalaxyMap" }
{ "timestamp":"2017-10-17T13:49:24Z", "event":"Music", "MusicTrack":"Supercruise" }
{ "timestamp":"2017-10-17T13:49:28Z", "event":"Music", "MusicTrack":"GalaxyMap" }
{ "timestamp":"2017-10-17T13:49:29Z", "event":"Music", "MusicTrack":"Supercruise" }
{ "timestamp":"2017-10-17T13:49:33Z", "event":"Music", "MusicTrack":"GalaxyMap" }
{ "timestamp":"2017-10-17T13:49:58Z", "event":"Music", "MusicTrack":"Supercruise" }
