{ "timestamp":"2017-11-01T04:52:27Z", "event":"Fileheader", "part":1, "language":"English\\UK", "gameversion":"2.4", "build":"r156431/r0 " }
{ "timestamp":"2017-11-01T04:52:27Z", "event":"Music", "MusicTrack":"NoTrack" }
{ "timestamp":"2017-11-01T04:52:27Z", "event":"Music", "MusicTrack":"MainMenu" }
{ "timestamp":"2017-11-01T04:53:08Z", "event":"Cargo", "Inventory":[  ] }
{ "timestamp":"2017-11-01T04:53:08Z", "event":"Loadout", "Ship":"DiamondBackXL", "ShipID":2, "ShipName":"KONNYAKU", "ShipIdent":"IG-E01", "Modules":[ { "Slot":"LargeHardpoint1", "Item":"Hpt_PulseLaser_Gimbal_Large", "On":true, "Priority":2, "Health":0.941472, "Value":140600 }, { "Slot":"MediumHardpoint2", "Item":"Hpt_MiningLaser_Fixed_Small", "On":true, "Priority":1, "Health":0.953362, "Value":6800 }, { "Slot":"TinyHardpoint1", "Item":"Hpt_HeatSinkLauncher_Turret_Tiny", "On":true, "Priority":0, "AmmoInClip":1, "AmmoInHopper":2, "Health":0.953579, "Value":3500 }, { "Slot":"TinyHardpoint2", "Item":"Hpt_HeatSinkLauncher_Turret_Tiny", "On":true, "Priority":0, "AmmoInClip":1, "AmmoInHopper":2, "Health":0.949510, "Value":3500 }, { "Slot":"TinyHardpoint4", "Item":"Hpt_ChaffLauncher_Tiny", "On":true, "Priority":1, "AmmoInClip":1, "AmmoInHopper":10, "Health":0.922569, "Value":8500 }, { "Slot":"Armour", "Item":"DiamondBackXL_Armour_Grade1", "On":true, "Priority":1, "Health":1.000000, "Value":0 }, { "Slot":"PowerPlant", "Item":"Int_Powerplant_Size4_Class4", "On":true, "Priority":1, "Health":0.962441, "Value":536693 }, { "Slot":"MainEngines", "Item":"Int_Engine_Size4_Class4", "On":true, "Priority":0, "Health":0.964169, "Value":536693 }, { "Slot":"FrameShiftDrive", "Item":"Int_Hyperdrive_Size5_Class4", "On":true, "Priority":0, "Health":0.932688, "Value":1701318 }, { "Slot":"LifeSupport", "Item":"Int_LifeSupport_Size3_Class2", "On":true, "Priority":0, "Health":0.937790, "Value":10133 }, { "Slot":"PowerDistributor", "Item":"Int_PowerDistributor_Size4_Class2", "On":true, "Priority":0, "Health":0.998602, "Value":28373 }, { "Slot":"Radar", "Item":"Int_Sensors_Size3_Class2", "On":true, "Priority":3, "Health":0.968630, "Value":10133 }, { "Slot":"FuelTank", "Item":"Int_FuelTank_Size5_Class3", "On":true, "Priority":1, "Health":1.000000, "Value":97754 }, { "Slot":"Decal1", "Item":"Decal_Explorer_Surveyor", "On":true, "Priority":1, "Health":1.000000, "Value":0 }, { "Slot":"Decal2", "Item":"Decal_Explorer_Surveyor", "On":true, "Priority":1, "Health":1.000000, "Value":0 }, { "Slot":"Decal3", "Item":"Decal_Explorer_Surveyor", "On":true, "Priority":1, "Health":1.000000, "Value":0 }, { "Slot":"Slot01_Size4", "Item":"Int_ShieldGenerator_Size4_Class1", "On":true, "Priority":1, "Health":0.981419, "Value":19878 }, { "Slot":"Slot02_Size4", "Item":"Int_FuelScoop_Size4_Class4", "On":true, "Priority":3, "Health":0.944909, "Value":715591 }, { "Slot":"Slot03_Size3", "Item":"Int_BuggyBay_Size2_Class2", "On":true, "Priority":0, "Health":0.973013, "Value":21600 }, { "Slot":"Slot04_Size3", "Item":"Int_Repairer_Size3_Class2", "On":true, "Priority":0, "AmmoInClip":2179, "Health":0.937855, "Value":97200 }, { "Slot":"Slot05_Size2", "Item":"Int_StellarBodyDiscoveryScanner_Advanced", "On":true, "Priority":1, "Health":0.969358, "Value":1545000 }, { "Slot":"Slot06_Size2", "Item":"Int_DetailedSurfaceScanner_Tiny", "On":true, "Priority":1, "Health":1.000000, "Value":250000 }, { "Slot":"PlanetaryApproachSuite", "Item":"Int_PlanetApproachSuite", "On":true, "Priority":1, "Health":1.000000, "Value":500 }, { "Slot":"ShipCockpit", "Item":"DiamondBackXL_Cockpit", "On":true, "Priority":1, "Health":0.986414, "Value":0 }, { "Slot":"CargoHatch", "Item":"ModularCargoBayDoor", "On":true, "Priority":2, "Health":0.948078, "Value":0 } ] }
{ "timestamp":"2017-11-01T04:53:08Z", "event":"Materials", "Raw":[ { "Name":"carbon", "Count":2 }, { "Name":"iron", "Count":18 }, { "Name":"chromium", "Count":12 }, { "Name":"nickel", "Count":3 }, { "Name":"manganese", "Count":6 }, { "Name":"vanadium", "Count":3 } ], "Manufactured":[ { "Name":"mechanicalscrap", "Count":8 }, { "Name":"gridresistors", "Count":3 }, { "Name":"heatdispersionplate", "Count":5 }, { "Name":"salvagedalloys", "Count":6 }, { "Name":"hybridcapacitors", "Count":5 }, { "Name":"heatconductionwiring", "Count":2 } ], "Encoded":[ { "Name":"shieldsoakanalysis", "Count":3 }, { "Name":"disruptedwakeechoes", "Count":5 }, { "Name":"shieldcyclerecordings", "Count":9 }, { "Name":"emissiondata", "Count":3 }, { "Name":"bulkscandata", "Count":9 }, { "Name":"scrambledemissiondata", "Count":7 }, { "Name":"archivedemissiondata", "Count":3 }, { "Name":"shielddensityreports", "Count":9 }, { "Name":"legacyfirmware", "Count":1 } ] }
{ "timestamp":"2017-11-01T04:53:08Z", "event":"LoadGame", "Commander":"Igaguri", "Ship":"DiamondBackXL", "ShipID":2, "ShipName":"KONNYAKU", "ShipIdent":"IG-E01", "FuelLevel":32.000000, "FuelCapacity":32.000000, "GameMode":"Open", "Credits":726550, "Loan":0 }
{ "timestamp":"2017-11-01T04:53:08Z", "event":"Rank", "Combat":1, "Trade":4, "Explore":4, "Empire":0, "Federation":1, "CQC":0 }
{ "timestamp":"2017-11-01T04:53:08Z", "event":"Progress", "Combat":26, "Trade":1, "Explore":10, "Empire":0, "Federation":100, "CQC":0 }
{ "timestamp":"2017-11-01T04:53:18Z", "event":"Location", "Docked":false, "StarSystem":"Prieluia AA-H d10-190", "StarPos":[957.469,149.156,8806.813], "SystemAllegiance":"", "SystemEconomy":"$economy_None;", "SystemEconomy_Localised":"None", "SystemGovernment":"$government_None;", "SystemGovernment_Localised":"None", "SystemSecurity":"$GAlAXY_MAP_INFO_state_anarchy;", "SystemSecurity_Localised":"Anarchy", "Population":0, "Body":"Prieluia AA-H d10-190 AB", "BodyType":"Null" }
{ "timestamp":"2017-11-01T04:53:18Z", "event":"Music", "MusicTrack":"NoTrack" }
{ "timestamp":"2017-11-01T04:53:18Z", "event":"Music", "MusicTrack":"Exploration" }
{ "timestamp":"2017-11-01T04:53:22Z", "event":"Music", "MusicTrack":"GalaxyMap" }
{ "timestamp":"2017-11-01T04:54:08Z", "event":"Music", "MusicTrack":"Exploration" }
{ "timestamp":"2017-11-01T04:54:16Z", "event":"Music", "MusicTrack":"SystemMap" }
{ "timestamp":"2017-11-01T04:55:35Z", "event":"Music", "MusicTrack":"Exploration" }
{ "timestamp":"2017-11-01T04:55:57Z", "event":"StartJump", "JumpType":"Hyperspace", "StarSystem":"Prieluia AA-H d10-69", "StarClass":"A" }
{ "timestamp":"2017-11-01T04:56:03Z", "event":"Music", "MusicTrack":"NoTrack" }
{ "timestamp":"2017-11-01T04:56:16Z", "event":"FSDJump", "StarSystem":"Prieluia AA-H d10-69", "StarPos":[951.344,151.375,8831.063], "SystemAllegiance":"", "SystemEconomy":"$economy_None;", "SystemEconomy_Localised":"None", "SystemGovernment":"$government_None;", "SystemGovernment_Localised":"None", "SystemSecurity":"$GAlAXY_MAP_INFO_state_anarchy;", "SystemSecurity_Localised":"Anarchy", "Population":0, "JumpDist":25.110, "FuelUsed":3.695036, "FuelLevel":28.304964 }
{ "timestamp":"2017-11-01T04:56:16Z", "event":"Music", "MusicTrack":"Supercruise" }
{ "timestamp":"2017-11-01T04:56:26Z", "event":"Music", "MusicTrack":"SystemMap" }
{ "timestamp":"2017-11-01T04:56:39Z", "event":"Scan", "BodyName":"Prieluia AA-H d10-69 A", "DistanceFromArrivalLS":0.000000, "StarType":"A", "StellarMass":1.757813, "Radius":973738176.000000, "AbsoluteMagnitude":2.807907, "Age_MY":1784, "SurfaceTemperature":7778.000000, "Luminosity":"Vb", "SemiMajorAxis":11629456523264.000000, "Eccentricity":0.044814, "OrbitalInclination":-39.725979, "Periapsis":166.588348, "OrbitalPeriod":45922623488.000000, "RotationPeriod":67726.554688, "AxialTilt":0.000000 }
{ "timestamp":"2017-11-01T04:56:46Z", "event":"Music", "MusicTrack":"Supercruise" }
{ "timestamp":"2017-11-01T04:56:48Z", "event":"Music", "MusicTrack":"SystemMap" }
{ "timestamp":"2017-11-01T04:56:57Z", "event":"Music", "MusicTrack":"Supercruise" }
{ "timestamp":"2017-11-01T04:56:59Z", "event":"Music", "MusicTrack":"SystemMap" }
{ "timestamp":"2017-11-01T04:57:04Z", "event":"Music", "MusicTrack":"Supercruise" }
{ "timestamp":"2017-11-01T04:57:27Z", "event":"FuelScoop", "Scooped":3.695053, "Total":32.000000 }
{ "timestamp":"2017-11-01T04:58:16Z", "event":"Music", "MusicTrack":"SystemMap" }
{ "timestamp":"2017-11-01T04:58:16Z", "event":"Scan", "BodyName":"Prieluia AA-H d10-69 A 1", "DistanceFromArrivalLS":926.992981, "TidalLock":false, "TerraformState":"", "PlanetClass":"Sudarsky class III gas giant", "Atmosphere":"", "AtmosphereComposition":[ { "Name":"Hydrogen", "Percent":69.232697 }, { "Name":"Helium", "Percent":30.767313 } ], "Volcanism":"", "MassEM":254.895203, "Radius":68402304.000000, "SurfaceGravity":21.713486, "SurfaceTemperature":338.390198, "SurfacePressure":0.000000, "Landable":false, "SemiMajorAxis":277963997184.000000, "Eccentricity":0.000288, "OrbitalInclination":-0.035170, "Periapsis":96.906128, "OrbitalPeriod":60221464.000000, "RotationPeriod":146376.984375, "AxialTilt":-0.329458, "Rings":[ { "Name":"Prieluia AA-H d10-69 A 1 A Ring", "RingClass":"eRingClass_MetalRich", "MassMT":4.7258e+10, "InnerRad":1.0883e+08, "OuterRad":1.1622e+08 }, { "Name":"Prieluia AA-H d10-69 A 1 B Ring", "RingClass":"eRingClass_MetalRich", "MassMT":1.0005e+12, "InnerRad":1.1632e+08, "OuterRad":2.2073e+08 } ], "ReserveLevel":"PristineResources" }
{ "timestamp":"2017-11-01T04:58:17Z", "event":"Music", "MusicTrack":"Supercruise" }
{ "timestamp":"2017-11-01T04:58:22Z", "event":"Music", "MusicTrack":"SystemMap" }
{ "timestamp":"2017-11-01T04:58:25Z", "event":"Music", "MusicTrack":"Supercruise" }
{ "timestamp":"2017-11-01T04:59:05Z", "event":"Scan", "BodyName":"Prieluia AA-H d10-69 A 1 i", "DistanceFromArrivalLS":914.660583, "TidalLock":true, "TerraformState":"", "PlanetClass":"Rocky body", "Atmosphere":"", "AtmosphereType":"None", "Volcanism":"", "MassEM":0.001174, "Radius":742247.000000, "SurfaceGravity":0.849365, "SurfaceTemperature":316.821869, "SurfacePressure":0.000000, "Landable":true, "Materials":[ { "Name":"iron", "Percent":19.609919 }, { "Name":"sulphur", "Percent":19.259851 }, { "Name":"carbon", "Percent":16.195539 }, { "Name":"nickel", "Percent":14.832121 }, { "Name":"phosphorus", "Percent":10.368664 }, { "Name":"manganese", "Percent":8.098696 }, { "Name":"zinc", "Percent":5.329242 }, { "Name":"arsenic", "Percent":2.535124 }, { "Name":"cadmium", "Percent":1.522799 }, { "Name":"yttrium", "Percent":1.171277 }, { "Name":"tungsten", "Percent":1.076782 } ], "SemiMajorAxis":3955616512.000000, "Eccentricity":0.000792, "OrbitalInclination":-1.516990, "Periapsis":38.501141, "OrbitalPeriod":4904002.000000, "RotationPeriod":4904119.500000, "AxialTilt":-0.045774 }
{ "timestamp":"2017-11-01T04:59:42Z", "event":"Scan", "BodyName":"Prieluia AA-H d10-69 A 1 g", "DistanceFromArrivalLS":921.438599, "TidalLock":false, "TerraformState":"", "PlanetClass":"Rocky body", "Atmosphere":"", "AtmosphereType":"None", "Volcanism":"", "MassEM":0.002112, "Radius":900684.437500, "SurfaceGravity":1.037458, "SurfaceTemperature":317.724182, "SurfacePressure":0.000000, "Landable":true, "Materials":[ { "Name":"iron", "Percent":19.287365 }, { "Name":"sulphur", "Percent":18.847519 }, { "Name":"carbon", "Percent":15.848812 }, { "Name":"nickel", "Percent":14.588155 }, { "Name":"phosphorus", "Percent":10.146682 }, { "Name":"manganese", "Percent":7.965485 }, { "Name":"zinc", "Percent":5.241584 }, { "Name":"vanadium", "Percent":4.736306 }, { "Name":"tellurium", "Percent":1.436774 }, { "Name":"tungsten", "Percent":1.059070 }, { "Name":"mercury", "Percent":0.842248 } ], "SemiMajorAxis":2150149376.000000, "Eccentricity":0.000228, "OrbitalInclination":0.016056, "Periapsis":134.093613, "OrbitalPeriod":1965315.625000, "RotationPeriod":-1965362.625000, "AxialTilt":2.672266 }
{ "timestamp":"2017-11-01T05:00:06Z", "event":"Music", "MusicTrack":"SystemMap" }
{ "timestamp":"2017-11-01T05:00:07Z", "event":"Music", "MusicTrack":"Supercruise" }
{ "timestamp":"2017-11-01T05:00:12Z", "event":"Music", "MusicTrack":"SystemMap" }
{ "timestamp":"2017-11-01T05:00:12Z", "event":"Scan", "BodyName":"Prieluia AA-H d10-69 A 1 b", "DistanceFromArrivalLS":925.494141, "TidalLock":true, "TerraformState":"", "PlanetClass":"Rocky body", "Atmosphere":"", "AtmosphereType":"None", "Volcanism":"", "MassEM":0.000411, "Radius":524059.937500, "SurfaceGravity":0.596051, "SurfaceTemperature":320.402191, "SurfacePressure":0.000000, "Landable":true, "Materials":[ { "Name":"iron", "Percent":20.196108 }, { "Name":"sulphur", "Percent":19.835577 }, { "Name":"carbon", "Percent":16.679665 }, { "Name":"nickel", "Percent":15.275489 }, { "Name":"phosphorus", "Percent":10.678609 }, { "Name":"manganese", "Percent":8.340786 }, { "Name":"arsenic", "Percent":2.610905 }, { "Name":"zirconium", "Percent":2.345184 }, { "Name":"tellurium", "Percent":1.512095 }, { "Name":"molybdenum", "Percent":1.318794 }, { "Name":"tin", "Percent":1.206788 } ], "SemiMajorAxis":678794560.000000, "Eccentricity":0.000103, "OrbitalInclination":-0.002699, "Periapsis":116.873085, "OrbitalPeriod":348607.593750, "RotationPeriod":348615.968750, "AxialTilt":-0.077340 }
{ "timestamp":"2017-11-01T05:00:14Z", "event":"Music", "MusicTrack":"Supercruise" }
{ "timestamp":"2017-11-01T05:00:35Z", "event":"Scan", "BodyName":"Prieluia AA-H d10-69 A 1 d", "DistanceFromArrivalLS":927.475098, "TidalLock":false, "TerraformState":"", "PlanetClass":"Rocky body", "Atmosphere":"", "AtmosphereType":"None", "Volcanism":"major silicate vapour geysers volcanism", "MassEM":0.000391, "Radius":515673.937500, "SurfaceGravity":0.586381, "SurfaceTemperature":319.662842, "SurfacePressure":0.000000, "Landable":true, "Materials":[ { "Name":"iron", "Percent":19.049696 }, { "Name":"sulphur", "Percent":18.709629 }, { "Name":"carbon", "Percent":15.732861 }, { "Name":"nickel", "Percent":14.408390 }, { "Name":"phosphorus", "Percent":10.072448 }, { "Name":"chromium", "Percent":8.567281 }, { "Name":"zinc", "Percent":5.176994 }, { "Name":"vanadium", "Percent":4.677942 }, { "Name":"niobium", "Percent":1.301945 }, { "Name":"antimony", "Percent":1.164539 }, { "Name":"tin", "Percent":1.138286 } ], "SemiMajorAxis":2072829.000000, "Eccentricity":0.121432, "OrbitalInclination":-9.579303, "Periapsis":282.864960, "OrbitalPeriod":43213.359375, "RotationPeriod":34258.820313, "AxialTilt":-0.037977 }
{ "timestamp":"2017-11-01T05:00:53Z", "event":"Scan", "BodyName":"Prieluia AA-H d10-69 A 1 c", "DistanceFromArrivalLS":927.475220, "TidalLock":true, "TerraformState":"", "PlanetClass":"Rocky body", "Atmosphere":"", "AtmosphereType":"None", "Volcanism":"metallic magma volcanism", "MassEM":0.000945, "Radius":690706.875000, "SurfaceGravity":0.789223, "SurfaceTemperature":319.662842, "SurfacePressure":0.000000, "Landable":true, "Materials":[ { "Name":"iron", "Percent":19.487066 }, { "Name":"sulphur", "Percent":19.139193 }, { "Name":"carbon", "Percent":16.094078 }, { "Name":"nickel", "Percent":14.739201 }, { "Name":"phosphorus", "Percent":10.303706 }, { "Name":"manganese", "Percent":8.047959 }, { "Name":"germanium", "Percent":5.633195 }, { "Name":"arsenic", "Percent":2.519242 }, { "Name":"cadmium", "Percent":1.513259 }, { "Name":"niobium", "Percent":1.331837 }, { "Name":"antimony", "Percent":1.191276 } ], "SemiMajorAxis":858433.187500, "Eccentricity":0.121432, "OrbitalInclination":-9.579303, "Periapsis":102.864952, "OrbitalPeriod":43213.359375, "RotationPeriod":79853.164063, "AxialTilt":-0.452233 }
{ "timestamp":"2017-11-01T05:01:25Z", "event":"Music", "MusicTrack":"SystemMap" }
{ "timestamp":"2017-11-01T05:01:26Z", "event":"Music", "MusicTrack":"Supercruise" }
{ "timestamp":"2017-11-01T05:01:52Z", "event":"Scan", "BodyName":"Prieluia AA-H d10-69 A 1 a", "DistanceFromArrivalLS":928.608398, "TidalLock":true, "TerraformState":"", "PlanetClass":"Rocky body", "Atmosphere":"", "AtmosphereType":"None", "Volcanism":"", "MassEM":0.000819, "Radius":658616.812500, "SurfaceGravity":0.752465, "SurfaceTemperature":321.329132, "SurfacePressure":0.000000, "Landable":true, "Materials":[ { "Name":"iron", "Percent":19.679075 }, { "Name":"sulphur", "Percent":19.287170 }, { "Name":"carbon", "Percent":16.218513 }, { "Name":"nickel", "Percent":14.884429 }, { "Name":"phosphorus", "Percent":10.383370 }, { "Name":"manganese", "Percent":8.127257 }, { "Name":"germanium", "Percent":5.676749 }, { "Name":"zirconium", "Percent":2.285146 }, { "Name":"antimony", "Percent":1.200486 }, { "Name":"tin", "Percent":1.177226 }, { "Name":"tungsten", "Percent":1.080579 } ], "SemiMajorAxis":511797088.000000, "Eccentricity":0.001440, "OrbitalInclination":0.077347, "Periapsis":187.108414, "OrbitalPeriod":228231.734375, "RotationPeriod":228237.203125, "AxialTilt":0.034667 }
{ "timestamp":"2017-11-01T05:02:22Z", "event":"Scan", "BodyName":"Prieluia AA-H d10-69 A 1 e", "DistanceFromArrivalLS":925.711304, "TidalLock":false, "TerraformState":"", "PlanetClass":"Rocky body", "Atmosphere":"", "AtmosphereType":"None", "Volcanism":"", "MassEM":0.001262, "Radius":759531.937500, "SurfaceGravity":0.871776, "SurfaceTemperature":318.736908, "SurfacePressure":0.000000, "Landable":true, "Materials":[ { "Name":"iron", "Percent":19.107994 }, { "Name":"sulphur", "Percent":18.641932 }, { "Name":"carbon", "Percent":15.675935 }, { "Name":"nickel", "Percent":14.452486 }, { "Name":"phosphorus", "Percent":10.036002 }, { "Name":"chromium", "Percent":8.593500 }, { "Name":"germanium", "Percent":5.486838 }, { "Name":"vanadium", "Percent":4.692258 }, { "Name":"cadmium", "Percent":1.483822 }, { "Name":"tin", "Percent":1.145827 }, { "Name":"technetium", "Percent":0.683416 } ], "SemiMajorAxis":1282349568.000000, "Eccentricity":0.004636, "OrbitalInclination":-0.043392, "Periapsis":154.644287, "OrbitalPeriod":905188.375000, "RotationPeriod":301736.687500, "AxialTilt":-1.020227 }
{ "timestamp":"2017-11-01T05:02:24Z", "event":"Music", "MusicTrack":"SystemMap" }
{ "timestamp":"2017-11-01T05:02:25Z", "event":"Music", "MusicTrack":"Supercruise" }
{ "timestamp":"2017-11-01T05:02:50Z", "event":"Music", "MusicTrack":"SystemMap" }
{ "timestamp":"2017-11-01T05:02:51Z", "event":"Music", "MusicTrack":"Supercruise" }
{ "timestamp":"2017-11-01T05:02:59Z", "event":"Scan", "BodyName":"Prieluia AA-H d10-69 A 1 f", "DistanceFromArrivalLS":927.124756, "TidalLock":true, "TerraformState":"", "PlanetClass":"Rocky body", "Atmosphere":"", "AtmosphereType":"None", "Volcanism":"", "MassEM":0.000793, "Radius":651743.625000, "SurfaceGravity":0.743882, "SurfaceTemperature":318.271759, "SurfacePressure":0.000000, "Landable":true, "Materials":[ { "Name":"iron", "Percent":19.459911 }, { "Name":"sulphur", "Percent":19.112522 }, { "Name":"carbon", "Percent":16.071651 }, { "Name":"nickel", "Percent":14.718660 }, { "Name":"phosphorus", "Percent":10.289348 }, { "Name":"manganese", "Percent":8.036745 }, { "Name":"germanium", "Percent":5.625346 }, { "Name":"selenium", "Percent":2.991271 }, { "Name":"niobium", "Percent":1.329981 }, { "Name":"ruthenium", "Percent":1.201774 }, { "Name":"tin", "Percent":1.162798 } ], "SemiMajorAxis":1599440384.000000, "Eccentricity":0.000145, "OrbitalInclination":-0.048400, "Periapsis":137.083862, "OrbitalPeriod":1260902.375000, "RotationPeriod":1260932.625000, "AxialTilt":0.098540 }
{ "timestamp":"2017-11-01T05:03:38Z", "event":"Scan", "BodyName":"Prieluia AA-H d10-69 A 1 h", "DistanceFromArrivalLS":931.520020, "TidalLock":true, "TerraformState":"", "PlanetClass":"Rocky body", "Atmosphere":"", "AtmosphereType":"None", "Volcanism":"", "MassEM":0.001284, "Radius":764605.625000, "SurfaceGravity":0.875516, "SurfaceTemperature":317.348328, "SurfacePressure":0.000000, "Landable":true, "Materials":[ { "Name":"iron", "Percent":19.078905 }, { "Name":"sulphur", "Percent":18.738319 }, { "Name":"carbon", "Percent":15.756986 }, { "Name":"nickel", "Percent":14.430484 }, { "Name":"phosphorus", "Percent":10.087893 }, { "Name":"chromium", "Percent":8.580419 }, { "Name":"manganese", "Percent":7.879394 }, { "Name":"zirconium", "Percent":2.215454 }, { "Name":"niobium", "Percent":1.303941 }, { "Name":"molybdenum", "Percent":1.245842 }, { "Name":"technetium", "Percent":0.682375 } ], "SemiMajorAxis":2711052544.000000, "Eccentricity":0.002419, "OrbitalInclination":-0.136515, "Periapsis":239.807648, "OrbitalPeriod":2782507.000000, "RotationPeriod":2782573.250000, "AxialTilt":0.103269 }
{ "timestamp":"2017-11-01T05:03:43Z", "event":"Music", "MusicTrack":"SystemMap" }
{ "timestamp":"2017-11-01T05:03:56Z", "event":"Music", "MusicTrack":"Supercruise" }
{ "timestamp":"2017-11-01T05:04:28Z", "event":"Music", "MusicTrack":"SystemMap" }
{ "timestamp":"2017-11-01T05:05:16Z", "event":"Music", "MusicTrack":"Supercruise" }
{ "timestamp":"2017-11-01T05:05:20Z", "event":"Music", "MusicTrack":"SystemMap" }
{ "timestamp":"2017-11-01T05:05:26Z", "event":"Music", "MusicTrack":"Supercruise" }
{ "timestamp":"2017-11-01T05:05:35Z", "event":"Music", "MusicTrack":"SystemMap" }
{ "timestamp":"2017-11-01T05:05:47Z", "event":"Music", "MusicTrack":"Supercruise" }
{ "timestamp":"2017-11-01T05:09:21Z", "event":"Music", "MusicTrack":"SystemMap" }
{ "timestamp":"2017-11-01T05:09:32Z", "event":"Music", "MusicTrack":"Supercruise" }
{ "timestamp":"2017-11-01T05:10:41Z", "event":"SupercruiseExit", "StarSystem":"Prieluia AA-H d10-69", "Body":"Prieluia AA-H d10-69 A 1 g", "BodyType":"Planet" }
{ "timestamp":"2017-11-01T05:10:41Z", "event":"Music", "MusicTrack":"Exploration" }
{ "timestamp":"2017-11-01T05:12:13Z", "event":"Touchdown", "PlayerControlled":true, "Latitude":88.138908, "Longitude":7.675809 }
{ "timestamp":"2017-11-01T05:12:18Z", "event":"LaunchSRV", "Loadout":"starter", "PlayerControlled":true }
{ "timestamp":"2017-11-01T05:14:02Z", "event":"MaterialCollected", "Category":"Raw", "Name":"iron", "Count":3 }
{ "timestamp":"2017-11-01T05:14:40Z", "event":"MaterialCollected", "Category":"Raw", "Name":"manganese", "Count":3 }
{ "timestamp":"2017-11-01T05:14:53Z", "event":"MaterialCollected", "Category":"Raw", "Name":"carbon", "Count":3 }
{ "timestamp":"2017-11-01T05:15:08Z", "event":"MaterialCollected", "Category":"Raw", "Name":"nickel", "Count":3 }
{ "timestamp":"2017-11-01T05:15:17Z", "event":"MaterialCollected", "Category":"Raw", "Name":"iron", "Count":3 }
{ "timestamp":"2017-11-01T05:15:42Z", "event":"Liftoff", "PlayerControlled":false }
{ "timestamp":"2017-11-01T05:15:45Z", "event":"Music", "MusicTrack":"SystemMap" }
{ "timestamp":"2017-11-01T05:15:46Z", "event":"Music", "MusicTrack":"Exploration" }
{ "timestamp":"2017-11-01T05:19:27Z", "event":"MaterialCollected", "Category":"Raw", "Name":"manganese", "Count":3 }
{ "timestamp":"2017-11-01T05:19:42Z", "event":"MaterialCollected", "Category":"Raw", "Name":"carbon", "Count":3 }
{ "timestamp":"2017-11-01T05:19:55Z", "event":"MaterialCollected", "Category":"Raw", "Name":"nickel", "Count":3 }
{ "timestamp":"2017-11-01T05:20:04Z", "event":"MaterialCollected", "Category":"Raw", "Name":"nickel", "Count":3 }
{ "timestamp":"2017-11-01T05:22:02Z", "event":"MaterialCollected", "Category":"Raw", "Name":"carbon", "Count":3 }
{ "timestamp":"2017-11-01T05:22:17Z", "event":"MaterialCollected", "Category":"Raw", "Name":"manganese", "Count":3 }
{ "timestamp":"2017-11-01T05:22:27Z", "event":"MaterialCollected", "Category":"Raw", "Name":"manganese", "Count":3 }
{ "timestamp":"2017-11-01T05:23:17Z", "event":"Synthesis", "Name":"Repair Basic", "Materials":[ { "Name":"iron", "Count":2 }, { "Name":"nickel", "Count":1 } ] }
{ "timestamp":"2017-11-01T05:23:22Z", "event":"Synthesis", "Name":"Repair Basic", "Materials":[ { "Name":"iron", "Count":2 }, { "Name":"nickel", "Count":1 } ] }
{ "timestamp":"2017-11-01T05:27:00Z", "event":"MaterialDiscovered", "Category":"Raw", "Name":"zinc", "DiscoveryNumber":7 }
{ "timestamp":"2017-11-01T05:27:00Z", "event":"MaterialCollected", "Category":"Raw", "Name":"zinc", "Count":3 }
{ "timestamp":"2017-11-01T05:27:09Z", "event":"MaterialDiscovered", "Category":"Raw", "Name":"sulphur", "DiscoveryNumber":8 }
{ "timestamp":"2017-11-01T05:27:09Z", "event":"MaterialCollected", "Category":"Raw", "Name":"sulphur", "Count":3 }
{ "timestamp":"2017-11-01T05:27:16Z", "event":"MaterialDiscovered", "Category":"Raw", "Name":"tungsten", "DiscoveryNumber":9 }
{ "timestamp":"2017-11-01T05:27:16Z", "event":"MaterialCollected", "Category":"Raw", "Name":"tungsten", "Count":3 }
{ "timestamp":"2017-11-01T05:27:29Z", "event":"MaterialCollected", "Category":"Raw", "Name":"zinc", "Count":3 }
{ "timestamp":"2017-11-01T05:30:12Z", "event":"MaterialCollected", "Category":"Raw", "Name":"carbon", "Count":3 }
{ "timestamp":"2017-11-01T05:30:24Z", "event":"MaterialCollected", "Category":"Raw", "Name":"nickel", "Count":3 }
{ "timestamp":"2017-11-01T05:30:35Z", "event":"MaterialCollected", "Category":"Raw", "Name":"iron", "Count":3 }
{ "timestamp":"2017-11-01T05:30:49Z", "event":"MaterialCollected", "Category":"Raw", "Name":"manganese", "Count":3 }
{ "timestamp":"2017-11-01T05:31:03Z", "event":"MaterialCollected", "Category":"Raw", "Name":"iron", "Count":3 }
{ "timestamp":"2017-11-01T05:31:13Z", "event":"MaterialCollected", "Category":"Raw", "Name":"nickel", "Count":3 }
{ "timestamp":"2017-11-01T05:34:05Z", "event":"MaterialCollected", "Category":"Raw", "Name":"sulphur", "Count":3 }
{ "timestamp":"2017-11-01T05:34:26Z", "event":"MaterialCollected", "Category":"Raw", "Name":"nickel", "Count":3 }
{ "timestamp":"2017-11-01T05:34:38Z", "event":"MaterialCollected", "Category":"Raw", "Name":"sulphur", "Count":3 }
{ "timestamp":"2017-11-01T05:34:47Z", "event":"MaterialCollected", "Category":"Raw", "Name":"nickel", "Count":3 }
{ "timestamp":"2017-11-01T05:35:28Z", "event":"MaterialCollected", "Category":"Raw", "Name":"manganese", "Count":3 }
{ "timestamp":"2017-11-01T05:36:38Z", "event":"Touchdown", "PlayerControlled":false }
{ "timestamp":"2017-11-01T05:36:44Z", "event":"Music", "MusicTrack":"SystemMap" }
{ "timestamp":"2017-11-01T05:36:44Z", "event":"Music", "MusicTrack":"Exploration" }
{ "timestamp":"2017-11-01T05:40:19Z", "event":"Liftoff", "PlayerControlled":false }
{ "timestamp":"2017-11-01T05:41:24Z", "event":"Touchdown", "PlayerControlled":false }
{ "timestamp":"2017-11-01T05:42:36Z", "event":"DockSRV" }
{ "timestamp":"2017-11-01T05:43:26Z", "event":"AfmuRepairs", "Module":"$int_engine_size4_class4_name;", "Module_Localised":"Thrusters", "FullyRepaired":true, "Health":1.000000 }
{ "timestamp":"2017-11-01T05:44:39Z", "event":"AfmuRepairs", "Module":"$int_hyperdrive_size5_class4_name;", "Module_Localised":"FSD", "FullyRepaired":true, "Health":1.000000 }
{ "timestamp":"2017-11-01T05:45:09Z", "event":"ShieldState", "ShieldsUp":false }
{ "timestamp":"2017-11-01T05:45:16Z", "event":"AfmuRepairs", "Module":"$int_shieldgenerator_size4_class1_name;", "Module_Localised":"Shield Generator", "FullyRepaired":true, "Health":1.000000 }
{ "timestamp":"2017-11-01T05:45:54Z", "event":"Liftoff", "PlayerControlled":true, "Latitude":88.038162, "Longitude":2.527622 }
{ "timestamp":"2017-11-01T05:46:09Z", "event":"ShieldState", "ShieldsUp":true }
{ "timestamp":"2017-11-01T05:46:46Z", "event":"StartJump", "JumpType":"Hyperspace", "StarSystem":"Prieluia SY-U b44-12", "StarClass":"M" }
{ "timestamp":"2017-11-01T05:46:51Z", "event":"Music", "MusicTrack":"NoTrack" }
{ "timestamp":"2017-11-01T05:47:05Z", "event":"FSDJump", "StarSystem":"Prieluia SY-U b44-12", "StarPos":[951.000,147.250,8856.844], "SystemAllegiance":"", "SystemEconomy":"$economy_None;", "SystemEconomy_Localised":"None", "SystemGovernment":"$government_None;", "SystemGovernment_Localised":"None", "SystemSecurity":"$GAlAXY_MAP_INFO_state_anarchy;", "SystemSecurity_Localised":"Anarchy", "Population":0, "JumpDist":26.111, "FuelUsed":4.053369, "FuelLevel":27.426632 }
{ "timestamp":"2017-11-01T05:47:05Z", "event":"Music", "MusicTrack":"Supercruise" }
{ "timestamp":"2017-11-01T05:47:14Z", "event":"Music", "MusicTrack":"SystemMap" }
{ "timestamp":"2017-11-01T05:47:15Z", "event":"Music", "MusicTrack":"Supercruise" }
{ "timestamp":"2017-11-01T05:47:20Z", "event":"FuelScoop", "Scooped":1.710322, "Total":29.136944 }
{ "timestamp":"2017-11-01T05:47:32Z", "event":"StartJump", "JumpType":"Hyperspace", "StarSystem":"Prieluia JM-K c22-45", "StarClass":"K" }
{ "timestamp":"2017-11-01T05:47:37Z", "event":"Music", "MusicTrack":"NoTrack" }
{ "timestamp":"2017-11-01T05:47:50Z", "event":"FSDJump", "StarSystem":"Prieluia JM-K c22-45", "StarPos":[958.219,150.469,8880.031], "SystemAllegiance":"", "SystemEconomy":"$economy_None;", "SystemEconomy_Localised":"None", "SystemGovernment":"$government_None;", "SystemGovernment_Localised":"None", "SystemSecurity":"$GAlAXY_MAP_INFO_state_anarchy;", "SystemSecurity_Localised":"Anarchy", "Population":0, "JumpDist":24.498, "FuelUsed":3.403548, "FuelLevel":25.733395 }
{ "timestamp":"2017-11-01T05:47:50Z", "event":"Music", "MusicTrack":"Supercruise" }
{ "timestamp":"2017-11-01T05:48:09Z", "event":"Music", "MusicTrack":"SystemMap" }
{ "timestamp":"2017-11-01T05:48:10Z", "event":"Music", "MusicTrack":"Supercruise" }
{ "timestamp":"2017-11-01T05:48:21Z", "event":"Scan", "BodyName":"Prieluia JM-K c22-45 A", "DistanceFromArrivalLS":0.000000, "StarType":"K", "StellarMass":0.695313, "Radius":514684384.000000, "AbsoluteMagnitude":6.835587, "Age_MY":1712, "SurfaceTemperature":4233.000000, "Luminosity":"Va", "SemiMajorAxis":10946936832.000000, "Eccentricity":0.273681, "OrbitalInclination":24.232025, "Periapsis":38.970497, "OrbitalPeriod":3308216.250000, "RotationPeriod":209224.796875, "AxialTilt":0.000000 }
{ "timestamp":"2017-11-01T05:48:41Z", "event":"Scan", "BodyName":"Prieluia JM-K c22-45 B", "DistanceFromArrivalLS":124.119598, "StarType":"M", "StellarMass":0.335938, "Radius":325378848.000000, "AbsoluteMagnitude":9.353348, "Age_MY":1712, "SurfaceTemperature":2982.000000, "Luminosity":"Va", "SemiMajorAxis":22657609728.000000, "Eccentricity":0.273681, "OrbitalInclination":24.232025, "Periapsis":218.970490, "OrbitalPeriod":3308216.250000, "RotationPeriod":162262.156250, "AxialTilt":0.000000 }
{ "timestamp":"2017-11-01T05:49:40Z", "event":"FuelScoop", "Scooped":5.001204, "Total":30.734585 }
{ "timestamp":"2017-11-01T05:49:45Z", "event":"FuelScoop", "Scooped":1.265403, "Total":32.000000 }
{ "timestamp":"2017-11-01T05:50:28Z", "event":"Music", "MusicTrack":"MainMenu" }
