{ "timestamp":"2017-10-07T11:45:55Z", "event":"Fileheader", "part":1, "language":"English\\UK", "gameversion":"2.4", "build":"r155756/r0 " }
{ "timestamp":"2017-10-07T11:45:55Z", "event":"Music", "MusicTrack":"NoTrack" }
{ "timestamp":"2017-10-07T11:45:55Z", "event":"Music", "MusicTrack":"MainMenu" }
{ "timestamp":"2017-10-07T11:46:50Z", "event":"Cargo", "Inventory":[ { "Name":"uraninite", "Count":36 } ] }
{ "timestamp":"2017-10-07T11:46:50Z", "event":"Loadout", "Ship":"CobraMkIII", "ShipID":1, "ShipName":"Kamaboko", "ShipIdent":"IG-C03", "Modules":[ { "Slot":"MediumHardpoint1", "Item":"Hpt_PulseLaser_Gimbal_Medium", "On":true, "Priority":0, "Health":1.000000, "Value":35400 }, { "Slot":"MediumHardpoint2", "Item":"Hpt_PulseLaser_Gimbal_Medium", "On":true, "Priority":0, "Health":1.000000, "Value":35400 }, { "Slot":"SmallHardpoint1", "Item":"Hpt_MiningLaser_Fixed_Small", "On":true, "Priority":0, "Health":1.000000, "Value":6800 }, { "Slot":"SmallHardpoint2", "Item":"Hpt_MiningLaser_Fixed_Small", "On":true, "Priority":0, "Health":1.000000, "Value":6800 }, { "Slot":"TinyHardpoint1", "Item":"Hpt_HeatSinkLauncher_Turret_Tiny", "On":true, "Priority":0, "AmmoInClip":1, "AmmoInHopper":2, "Health":1.000000, "Value":3500 }, { "Slot":"TinyHardpoint2", "Item":"Hpt_ChaffLauncher_Tiny", "On":true, "Priority":0, "AmmoInClip":1, "AmmoInHopper":10, "Health":1.000000, "Value":8500 }, { "Slot":"Armour", "Item":"CobraMkIII_Armour_Grade1", "On":true, "Priority":1, "Health":1.000000, "Value":0 }, { "Slot":"PowerPlant", "Item":"Int_Powerplant_Size4_Class3", "On":true, "Priority":1, "Health":1.000000, "Value":178898 }, { "Slot":"MainEngines", "Item":"Int_Engine_Size4_Class5", "On":true, "Priority":0, "Health":1.000000, "Value":1610080 }, { "Slot":"FrameShiftDrive", "Item":"Int_Hyperdrive_Size4_Class4", "On":true, "Priority":0, "Health":1.000000, "Value":536693 }, { "Slot":"LifeSupport", "Item":"Int_LifeSupport_Size3_Class5", "On":true, "Priority":0, "Health":1.000000, "Value":158331 }, { "Slot":"PowerDistributor", "Item":"Int_PowerDistributor_Size3_Class3", "On":true, "Priority":0, "Health":1.000000, "Value":25333 }, { "Slot":"Radar", "Item":"Int_Sensors_Size3_Class2", "On":true, "Priority":0, "Health":1.000000, "Value":10133 }, { "Slot":"FuelTank", "Item":"Int_FuelTank_Size4_Class3", "On":true, "Priority":1, "Health":1.000000, "Value":24734 }, { "Slot":"Slot01_Size4", "Item":"Int_ShieldGenerator_Size4_Class3", "On":true, "Priority":0, "Health":1.000000, "Value":178898 }, { "Slot":"Slot02_Size4", "Item":"Int_CargoRack_Size4_Class1", "On":true, "Priority":1, "Health":1.000000, "Value":34328 }, { "Slot":"Slot03_Size4", "Item":"Int_CargoRack_Size4_Class1", "On":true, "Priority":1, "Health":1.000000, "Value":34328 }, { "Slot":"Slot04_Size2", "Item":"Int_CargoRack_Size2_Class1", "On":true, "Priority":1, "Health":1.000000, "Value":3250 }, { "Slot":"Slot05_Size2", "Item":"Int_FuelScoop_Size2_Class5", "On":true, "Priority":0, "Health":1.000000, "Value":284844 }, { "Slot":"Slot06_Size2", "Item":"Int_StellarBodyDiscoveryScanner_Intermediate", "On":true, "Priority":1, "Health":1.000000, "Value":505000 }, { "Slot":"PlanetaryApproachSuite", "Item":"Int_PlanetApproachSuite", "On":true, "Priority":1, "Health":1.000000, "Value":500 }, { "Slot":"ShipCockpit", "Item":"CobraMkIII_Cockpit", "On":true, "Priority":1, "Health":1.000000, "Value":0 }, { "Slot":"CargoHatch", "Item":"ModularCargoBayDoor", "On":true, "Priority":2, "Health":1.000000, "Value":0 } ] }
{ "timestamp":"2017-10-07T11:46:50Z", "event":"Materials", "Raw":[ { "Name":"carbon", "Count":3 }, { "Name":"iron", "Count":3 } ], "Manufactured":[ { "Name":"mechanicalscrap", "Count":4 }, { "Name":"gridresistors", "Count":1 }, { "Name":"conductivecomponents", "Count":1 }, { "Name":"heatdispersionplate", "Count":6 }, { "Name":"salvagedalloys", "Count":6 }, { "Name":"hybridcapacitors", "Count":6 }, { "Name":"heatconductionwiring", "Count":3 } ], "Encoded":[ { "Name":"shieldsoakanalysis", "Count":3 }, { "Name":"disruptedwakeechoes", "Count":5 }, { "Name":"shieldcyclerecordings", "Count":3 }, { "Name":"emissiondata", "Count":3 }, { "Name":"bulkscandata", "Count":1 }, { "Name":"scrambledemissiondata", "Count":4 }, { "Name":"archivedemissiondata", "Count":3 } ] }
{ "timestamp":"2017-10-07T11:46:50Z", "event":"LoadGame", "Commander":"Igaguri", "Ship":"CobraMkIII", "ShipID":1, "ShipName":"Kamaboko", "ShipIdent":"IG-C03", "FuelLevel":13.107782, "FuelCapacity":16.000000, "GameMode":"Open", "Credits":1811208, "Loan":0 }
{ "timestamp":"2017-10-07T11:46:50Z", "event":"Rank", "Combat":0, "Trade":4, "Explore":3, "Empire":0, "Federation":0, "CQC":0 }
{ "timestamp":"2017-10-07T11:46:50Z", "event":"Progress", "Combat":0, "Trade":1, "Explore":40, "Empire":0, "Federation":70, "CQC":0 }
{ "timestamp":"2017-10-07T11:47:07Z", "event":"Location", "Docked":true, "StationName":"Poisson Orbital", "StationType":"Coriolis", "StarSystem":"Kappa", "StarPos":[120.969,-11.906,-85.156], "SystemAllegiance":"Federation", "SystemEconomy":"$economy_HighTech;", "SystemEconomy_Localised":"High Tech", "SystemGovernment":"$government_Corporate;", "SystemGovernment_Localised":"Corporate", "SystemSecurity":"$SYSTEM_SECURITY_medium;", "SystemSecurity_Localised":"Medium Security", "Population":5724331, "Body":"Poisson Orbital", "BodyType":"Station", "Factions":[ { "Name":"HIP 36731 Services", "FactionState":"None", "Government":"Corporate", "Influence":0.483000, "Allegiance":"Federation", "PendingStates":[ { "State":"Boom", "Trend":1 } ] }, { "Name":"Pilots Federation Local Branch", "FactionState":"None", "Government":"Democracy", "Influence":0.000000, "Allegiance":"PilotsFederation" }, { "Name":"Udegobo Silver Power Int", "FactionState":"None", "Government":"Corporate", "Influence":0.209000, "Allegiance":"Federation" }, { "Name":"Tjiwang Gold Brotherhood", "FactionState":"None", "Government":"Anarchy", "Influence":0.010000, "Allegiance":"Independent" }, { "Name":"Kappa Public PLC", "FactionState":"None", "Government":"Corporate", "Influence":0.061000, "Allegiance":"Independent" }, { "Name":"League of Kappa", "FactionState":"None", "Government":"Dictatorship", "Influence":0.037000, "Allegiance":"Independent" }, { "Name":"Union of Kappa Free", "FactionState":"CivilWar", "Government":"Democracy", "Influence":0.118000, "Allegiance":"Independent" }, { "Name":"Natural Kappa Focus", "FactionState":"CivilWar", "Government":"Dictatorship", "Influence":0.082000, "Allegiance":"Independent" } ], "SystemFaction":"HIP 36731 Services" }
{ "timestamp":"2017-10-07T11:47:08Z", "event":"Music", "MusicTrack":"NoTrack" }
{ "timestamp":"2017-10-07T11:47:08Z", "event":"Docked", "StationName":"Poisson Orbital", "StationType":"Coriolis", "StarSystem":"Kappa", "StationFaction":"HIP 36731 Services", "StationGovernment":"$government_Corporate;", "StationGovernment_Localised":"Corporate", "StationAllegiance":"Federation", "StationServices":[ "Dock", "Autodock", "Commodities", "Contacts", "Exploration", "Missions", "Outfitting", "CrewLounge", "Rearm", "Refuel", "Repair", "Shipyard", "Tuning", "MissionsGenerated", "FlightController", "StationOperations", "Powerplay", "SearchAndRescue" ], "StationEconomy":"$economy_HighTech;", "StationEconomy_Localised":"High Tech", "DistFromStarLS":595.145630 }
{ "timestamp":"2017-10-07T11:47:08Z", "event":"Music", "MusicTrack":"Starport" }
{ "timestamp":"2017-10-07T11:48:12Z", "event":"ReceiveText", "From":"$npc_name_decorate:#name=Topcat;", "From_Localised":"Topcat", "Message":"$Commuter_AuthorityScan01;", "Message_Localised":"Is there a problem here, officer?", "Channel":"npc" }
{ "timestamp":"2017-10-07T11:48:25Z", "event":"Music", "MusicTrack":"SystemMap" }
{ "timestamp":"2017-10-07T11:48:44Z", "event":"Music", "MusicTrack":"Starport" }
{ "timestamp":"2017-10-07T11:48:45Z", "event":"Music", "MusicTrack":"GalaxyMap" }
{ "timestamp":"2017-10-07T11:48:56Z", "event":"Music", "MusicTrack":"SystemMap" }
{ "timestamp":"2017-10-07T11:49:14Z", "event":"Music", "MusicTrack":"Starport" }
{ "timestamp":"2017-10-07T11:49:18Z", "event":"Music", "MusicTrack":"GalaxyMap" }
{ "timestamp":"2017-10-07T11:49:23Z", "event":"Music", "MusicTrack":"SystemMap" }
{ "timestamp":"2017-10-07T11:49:27Z", "event":"Music", "MusicTrack":"GalaxyMap" }
{ "timestamp":"2017-10-07T11:49:28Z", "event":"Music", "MusicTrack":"Starport" }
{ "timestamp":"2017-10-07T11:49:32Z", "event":"Undocked", "StationName":"Poisson Orbital", "StationType":"Coriolis" }
{ "timestamp":"2017-10-07T11:49:57Z", "event":"Music", "MusicTrack":"NoTrack" }
{ "timestamp":"2017-10-07T11:50:19Z", "event":"ReceiveText", "From":"Poisson Orbital", "Message":"$STATION_NoFireZone_exited;", "Message_Localised":"No fire zone left.", "Channel":"npc" }
{ "timestamp":"2017-10-07T11:50:24Z", "event":"StartJump", "JumpType":"Hyperspace", "StarSystem":"Suttora", "StarClass":"K" }
{ "timestamp":"2017-10-07T11:50:43Z", "event":"FSDJump", "StarSystem":"Suttora", "StarPos":[113.000,-9.031,-81.000], "SystemAllegiance":"Federation", "SystemEconomy":"$economy_Refinery;", "SystemEconomy_Localised":"Refinery", "SystemGovernment":"$government_Confederacy;", "SystemGovernment_Localised":"Confederacy", "SystemSecurity":"$SYSTEM_SECURITY_medium;", "SystemSecurity_Localised":"Medium Security", "Population":38274, "JumpDist":9.436, "FuelUsed":0.723944, "FuelLevel":12.383838, "Factions":[ { "Name":"HIP 36731 Services", "FactionState":"None", "Government":"Corporate", "Influence":0.058000, "Allegiance":"Federation", "PendingStates":[ { "State":"Boom", "Trend":1 } ] }, { "Name":"Pilots Federation Local Branch", "FactionState":"None", "Government":"Democracy", "Influence":0.000000, "Allegiance":"PilotsFederation" }, { "Name":"Udegobo Silver Power Int", "FactionState":"None", "Government":"Corporate", "Influence":0.176000, "Allegiance":"Federation" }, { "Name":"Alliance of Suttora", "FactionState":"None", "Government":"Confederacy", "Influence":0.283000, "Allegiance":"Federation" }, { "Name":"Confederation of Dewindji", "FactionState":"Boom", "Government":"Confederacy", "Influence":0.291000, "Allegiance":"Federation" }, { "Name":"Suttora Silver Society", "FactionState":"CivilWar", "Government":"Anarchy", "Influence":0.096000, "Allegiance":"Independent" }, { "Name":"Suttora Advanced Commodities", "FactionState":"CivilWar", "Government":"Corporate", "Influence":0.096000, "Allegiance":"Independent", "RecoveringStates":[ { "State":"Famine", "Trend":0 } ] } ], "SystemFaction":"Alliance of Suttora" }
{ "timestamp":"2017-10-07T11:50:43Z", "event":"Music", "MusicTrack":"DestinationFromHyperspace" }
{ "timestamp":"2017-10-07T11:50:48Z", "event":"Music", "MusicTrack":"Supercruise" }
{ "timestamp":"2017-10-07T11:51:04Z", "event":"FuelScoop", "Scooped":0.498926, "Total":12.882773 }
{ "timestamp":"2017-10-07T11:51:09Z", "event":"Music", "MusicTrack":"SystemMap" }
{ "timestamp":"2017-10-07T11:51:19Z", "event":"Music", "MusicTrack":"Supercruise" }
{ "timestamp":"2017-10-07T11:52:39Z", "event":"SupercruiseExit", "StarSystem":"Suttora", "Body":"Good Settlement", "BodyType":"Station" }
{ "timestamp":"2017-10-07T11:52:39Z", "event":"Music", "MusicTrack":"DestinationFromSupercruise" }
{ "timestamp":"2017-10-07T11:52:44Z", "event":"Music", "MusicTrack":"Exploration" }
{ "timestamp":"2017-10-07T11:52:47Z", "event":"ReceiveText", "From":"Good Settlement", "Message":"$STATION_NoFireZone_entered;", "Message_Localised":"No fire zone entered.", "Channel":"npc" }
{ "timestamp":"2017-10-07T11:52:49Z", "event":"DockingRequested", "StationName":"Good Settlement" }
{ "timestamp":"2017-10-07T11:52:49Z", "event":"ReceiveText", "From":"Good Settlement", "Message":"$DockingChatter_Neutral;", "Message_Localised":"Ensure to observe starport protocol during your visit, pilot.", "Channel":"npc" }
{ "timestamp":"2017-10-07T11:52:51Z", "event":"ReceiveText", "From":"Good Settlement", "Message":"$STATION_docking_granted;", "Message_Localised":"Docking request granted.", "Channel":"npc" }
{ "timestamp":"2017-10-07T11:52:51Z", "event":"DockingGranted", "LandingPad":2, "StationName":"Good Settlement" }
{ "timestamp":"2017-10-07T11:54:01Z", "event":"Docked", "StationName":"Good Settlement", "StationType":"Outpost", "StarSystem":"Suttora", "StationFaction":"Alliance of Suttora", "StationGovernment":"$government_Confederacy;", "StationGovernment_Localised":"Confederacy", "StationAllegiance":"Federation", "StationServices":[ "Dock", "Autodock", "Commodities", "Contacts", "Exploration", "Missions", "Refuel", "Repair", "Tuning", "MissionsGenerated", "FlightController", "StationOperations", "Powerplay", "SearchAndRescue" ], "StationEconomy":"$economy_Refinery;", "StationEconomy_Localised":"Refinery", "DistFromStarLS":284.678070 }
{ "timestamp":"2017-10-07T11:54:27Z", "event":"MarketSell", "Type":"uraninite", "Count":36, "SellPrice":1113, "TotalSale":40068, "AvgPricePaid":820 }
{ "timestamp":"2017-10-07T11:54:45Z", "event":"MarketBuy", "Type":"uranium", "Count":36, "BuyPrice":2547, "TotalCost":91692 }
{ "timestamp":"2017-10-07T11:54:52Z", "event":"Music", "MusicTrack":"GalaxyMap" }
{ "timestamp":"2017-10-07T11:54:56Z", "event":"Music", "MusicTrack":"SystemMap" }
{ "timestamp":"2017-10-07T11:55:02Z", "event":"Music", "MusicTrack":"GalaxyMap" }
{ "timestamp":"2017-10-07T11:55:07Z", "event":"Music", "MusicTrack":"SystemMap" }
{ "timestamp":"2017-10-07T11:55:14Z", "event":"Music", "MusicTrack":"GalaxyMap" }
{ "timestamp":"2017-10-07T11:55:20Z", "event":"Music", "MusicTrack":"Exploration" }
{ "timestamp":"2017-10-07T11:55:37Z", "event":"Undocked", "StationName":"Good Settlement", "StationType":"Outpost" }
{ "timestamp":"2017-10-07T11:56:09Z", "event":"ReceiveText", "From":"Good Settlement", "Message":"$STATION_NoFireZone_exited;", "Message_Localised":"No fire zone left.", "Channel":"npc" }
{ "timestamp":"2017-10-07T11:56:13Z", "event":"StartJump", "JumpType":"Hyperspace", "StarSystem":"Kappa", "StarClass":"M" }
{ "timestamp":"2017-10-07T11:56:18Z", "event":"Music", "MusicTrack":"NoTrack" }
{ "timestamp":"2017-10-07T11:56:32Z", "event":"FSDJump", "StarSystem":"Kappa", "StarPos":[120.969,-11.906,-85.156], "SystemAllegiance":"Federation", "SystemEconomy":"$economy_HighTech;", "SystemEconomy_Localised":"High Tech", "SystemGovernment":"$government_Corporate;", "SystemGovernment_Localised":"Corporate", "SystemSecurity":"$SYSTEM_SECURITY_medium;", "SystemSecurity_Localised":"Medium Security", "Population":5724331, "JumpDist":9.436, "FuelUsed":0.722691, "FuelLevel":12.160083, "Factions":[ { "Name":"HIP 36731 Services", "FactionState":"None", "Government":"Corporate", "Influence":0.483000, "Allegiance":"Federation", "PendingStates":[ { "State":"Boom", "Trend":1 } ] }, { "Name":"Pilots Federation Local Branch", "FactionState":"None", "Government":"Democracy", "Influence":0.000000, "Allegiance":"PilotsFederation" }, { "Name":"Udegobo Silver Power Int", "FactionState":"None", "Government":"Corporate", "Influence":0.209000, "Allegiance":"Federation" }, { "Name":"Tjiwang Gold Brotherhood", "FactionState":"None", "Government":"Anarchy", "Influence":0.010000, "Allegiance":"Independent" }, { "Name":"Kappa Public PLC", "FactionState":"None", "Government":"Corporate", "Influence":0.061000, "Allegiance":"Independent" }, { "Name":"League of Kappa", "FactionState":"None", "Government":"Dictatorship", "Influence":0.037000, "Allegiance":"Independent" }, { "Name":"Union of Kappa Free", "FactionState":"CivilWar", "Government":"Democracy", "Influence":0.118000, "Allegiance":"Independent" }, { "Name":"Natural Kappa Focus", "FactionState":"CivilWar", "Government":"Dictatorship", "Influence":0.082000, "Allegiance":"Independent" } ], "SystemFaction":"HIP 36731 Services" }
{ "timestamp":"2017-10-07T11:56:32Z", "event":"Music", "MusicTrack":"Supercruise" }
{ "timestamp":"2017-10-07T11:58:38Z", "event":"SupercruiseExit", "StarSystem":"Kappa", "Body":"Poisson Orbital", "BodyType":"Station" }
{ "timestamp":"2017-10-07T11:58:38Z", "event":"Music", "MusicTrack":"DestinationFromSupercruise" }
{ "timestamp":"2017-10-07T11:58:43Z", "event":"Music", "MusicTrack":"NoTrack" }
{ "timestamp":"2017-10-07T11:58:46Z", "event":"ReceiveText", "From":"Poisson Orbital", "Message":"$STATION_NoFireZone_entered;", "Message_Localised":"No fire zone entered.", "Channel":"npc" }
{ "timestamp":"2017-10-07T11:58:51Z", "event":"DockingRequested", "StationName":"Poisson Orbital" }
{ "timestamp":"2017-10-07T11:58:51Z", "event":"ReceiveText", "From":"Poisson Orbital", "Message":"$DockingChatter_Friendly;", "Message_Localised":"It's great to see you again, Commander.", "Channel":"npc" }
{ "timestamp":"2017-10-07T11:58:52Z", "event":"ReceiveText", "From":"Poisson Orbital", "Message":"$STATION_docking_granted;", "Message_Localised":"Docking request granted.", "Channel":"npc" }
{ "timestamp":"2017-10-07T11:58:52Z", "event":"DockingGranted", "LandingPad":43, "StationName":"Poisson Orbital" }
{ "timestamp":"2017-10-07T11:59:26Z", "event":"Music", "MusicTrack":"Starport" }
{ "timestamp":"2017-10-07T11:59:55Z", "event":"Docked", "StationName":"Poisson Orbital", "StationType":"Coriolis", "StarSystem":"Kappa", "StationFaction":"HIP 36731 Services", "StationGovernment":"$government_Corporate;", "StationGovernment_Localised":"Corporate", "StationAllegiance":"Federation", "StationServices":[ "Dock", "Autodock", "Commodities", "Contacts", "Exploration", "Missions", "Outfitting", "CrewLounge", "Rearm", "Refuel", "Repair", "Shipyard", "Tuning", "MissionsGenerated", "FlightController", "StationOperations", "Powerplay", "SearchAndRescue" ], "StationEconomy":"$economy_HighTech;", "StationEconomy_Localised":"High Tech", "DistFromStarLS":595.144836 }
{ "timestamp":"2017-10-07T12:00:11Z", "event":"RefuelAll", "Cost":211, "Amount":4.206892 }
{ "timestamp":"2017-10-07T12:00:40Z", "event":"Music", "MusicTrack":"Exploration" }
{ "timestamp":"2017-10-07T12:00:41Z", "event":"Music", "MusicTrack":"MainMenu" }
{ "timestamp":"2017-10-07T12:01:07Z", "event":"Cargo", "Inventory":[ { "Name":"uranium", "Count":36 } ] }
{ "timestamp":"2017-10-07T12:01:07Z", "event":"Loadout", "Ship":"CobraMkIII", "ShipID":1, "ShipName":"Kamaboko", "ShipIdent":"IG-C03", "Modules":[ { "Slot":"MediumHardpoint1", "Item":"Hpt_PulseLaser_Gimbal_Medium", "On":true, "Priority":0, "Health":1.000000, "Value":35400 }, { "Slot":"MediumHardpoint2", "Item":"Hpt_PulseLaser_Gimbal_Medium", "On":true, "Priority":0, "Health":1.000000, "Value":35400 }, { "Slot":"SmallHardpoint1", "Item":"Hpt_MiningLaser_Fixed_Small", "On":true, "Priority":0, "Health":1.000000, "Value":6800 }, { "Slot":"SmallHardpoint2", "Item":"Hpt_MiningLaser_Fixed_Small", "On":true, "Priority":0, "Health":1.000000, "Value":6800 }, { "Slot":"TinyHardpoint1", "Item":"Hpt_HeatSinkLauncher_Turret_Tiny", "On":true, "Priority":0, "AmmoInClip":1, "AmmoInHopper":2, "Health":1.000000, "Value":3500 }, { "Slot":"TinyHardpoint2", "Item":"Hpt_ChaffLauncher_Tiny", "On":true, "Priority":0, "AmmoInClip":1, "AmmoInHopper":10, "Health":1.000000, "Value":8500 }, { "Slot":"Armour", "Item":"CobraMkIII_Armour_Grade1", "On":true, "Priority":1, "Health":1.000000, "Value":0 }, { "Slot":"PowerPlant", "Item":"Int_Powerplant_Size4_Class3", "On":true, "Priority":1, "Health":1.000000, "Value":178898 }, { "Slot":"MainEngines", "Item":"Int_Engine_Size4_Class5", "On":true, "Priority":0, "Health":1.000000, "Value":1610080 }, { "Slot":"FrameShiftDrive", "Item":"Int_Hyperdrive_Size4_Class4", "On":true, "Priority":0, "Health":1.000000, "Value":536693 }, { "Slot":"LifeSupport", "Item":"Int_LifeSupport_Size3_Class5", "On":true, "Priority":0, "Health":1.000000, "Value":158331 }, { "Slot":"PowerDistributor", "Item":"Int_PowerDistributor_Size3_Class3", "On":true, "Priority":0, "Health":1.000000, "Value":25333 }, { "Slot":"Radar", "Item":"Int_Sensors_Size3_Class2", "On":true, "Priority":0, "Health":1.000000, "Value":10133 }, { "Slot":"FuelTank", "Item":"Int_FuelTank_Size4_Class3", "On":true, "Priority":1, "Health":1.000000, "Value":24734 }, { "Slot":"Slot01_Size4", "Item":"Int_ShieldGenerator_Size4_Class3", "On":true, "Priority":0, "Health":1.000000, "Value":178898 }, { "Slot":"Slot02_Size4", "Item":"Int_CargoRack_Size4_Class1", "On":true, "Priority":1, "Health":1.000000, "Value":34328 }, { "Slot":"Slot03_Size4", "Item":"Int_CargoRack_Size4_Class1", "On":true, "Priority":1, "Health":1.000000, "Value":34328 }, { "Slot":"Slot04_Size2", "Item":"Int_CargoRack_Size2_Class1", "On":true, "Priority":1, "Health":1.000000, "Value":3250 }, { "Slot":"Slot05_Size2", "Item":"Int_FuelScoop_Size2_Class5", "On":true, "Priority":0, "Health":1.000000, "Value":284844 }, { "Slot":"Slot06_Size2", "Item":"Int_StellarBodyDiscoveryScanner_Intermediate", "On":true, "Priority":1, "Health":1.000000, "Value":505000 }, { "Slot":"PlanetaryApproachSuite", "Item":"Int_PlanetApproachSuite", "On":true, "Priority":1, "Health":1.000000, "Value":500 }, { "Slot":"ShipCockpit", "Item":"CobraMkIII_Cockpit", "On":true, "Priority":1, "Health":1.000000, "Value":0 }, { "Slot":"CargoHatch", "Item":"ModularCargoBayDoor", "On":true, "Priority":2, "Health":1.000000, "Value":0 } ] }
{ "timestamp":"2017-10-07T12:01:07Z", "event":"Materials", "Raw":[ { "Name":"carbon", "Count":3 }, { "Name":"iron", "Count":3 } ], "Manufactured":[ { "Name":"mechanicalscrap", "Count":4 }, { "Name":"gridresistors", "Count":1 }, { "Name":"conductivecomponents", "Count":1 }, { "Name":"heatdispersionplate", "Count":6 }, { "Name":"salvagedalloys", "Count":6 }, { "Name":"hybridcapacitors", "Count":6 }, { "Name":"heatconductionwiring", "Count":3 } ], "Encoded":[ { "Name":"shieldsoakanalysis", "Count":3 }, { "Name":"disruptedwakeechoes", "Count":5 }, { "Name":"shieldcyclerecordings", "Count":3 }, { "Name":"emissiondata", "Count":3 }, { "Name":"bulkscandata", "Count":1 }, { "Name":"scrambledemissiondata", "Count":4 }, { "Name":"archivedemissiondata", "Count":3 } ] }
{ "timestamp":"2017-10-07T12:01:07Z", "event":"LoadGame", "Commander":"Igaguri", "Ship":"CobraMkIII", "ShipID":1, "ShipName":"Kamaboko", "ShipIdent":"IG-C03", "FuelLevel":16.000000, "FuelCapacity":16.000000, "GameMode":"Solo", "Credits":1759373, "Loan":0 }
{ "timestamp":"2017-10-07T12:01:07Z", "event":"Rank", "Combat":0, "Trade":4, "Explore":3, "Empire":0, "Federation":0, "CQC":0 }
{ "timestamp":"2017-10-07T12:01:07Z", "event":"Progress", "Combat":0, "Trade":1, "Explore":40, "Empire":0, "Federation":70, "CQC":0 }
{ "timestamp":"2017-10-07T12:01:13Z", "event":"Location", "Docked":true, "StationName":"Poisson Orbital", "StationType":"Coriolis", "StarSystem":"Kappa", "StarPos":[120.969,-11.906,-85.156], "SystemAllegiance":"Federation", "SystemEconomy":"$economy_HighTech;", "SystemEconomy_Localised":"High Tech", "SystemGovernment":"$government_Corporate;", "SystemGovernment_Localised":"Corporate", "SystemSecurity":"$SYSTEM_SECURITY_medium;", "SystemSecurity_Localised":"Medium Security", "Population":5724331, "Body":"Poisson Orbital", "BodyType":"Station", "Factions":[ { "Name":"HIP 36731 Services", "FactionState":"None", "Government":"Corporate", "Influence":0.483000, "Allegiance":"Federation", "PendingStates":[ { "State":"Boom", "Trend":1 } ] }, { "Name":"Pilots Federation Local Branch", "FactionState":"None", "Government":"Democracy", "Influence":0.000000, "Allegiance":"PilotsFederation" }, { "Name":"Udegobo Silver Power Int", "FactionState":"None", "Government":"Corporate", "Influence":0.209000, "Allegiance":"Federation" }, { "Name":"Tjiwang Gold Brotherhood", "FactionState":"None", "Government":"Anarchy", "Influence":0.010000, "Allegiance":"Independent" }, { "Name":"Kappa Public PLC", "FactionState":"None", "Government":"Corporate", "Influence":0.061000, "Allegiance":"Independent" }, { "Name":"League of Kappa", "FactionState":"None", "Government":"Dictatorship", "Influence":0.037000, "Allegiance":"Independent" }, { "Name":"Union of Kappa Free", "FactionState":"CivilWar", "Government":"Democracy", "Influence":0.118000, "Allegiance":"Independent" }, { "Name":"Natural Kappa Focus", "FactionState":"CivilWar", "Government":"Dictatorship", "Influence":0.082000, "Allegiance":"Independent" } ], "SystemFaction":"HIP 36731 Services" }
{ "timestamp":"2017-10-07T12:01:13Z", "event":"Music", "MusicTrack":"NoTrack" }
{ "timestamp":"2017-10-07T12:01:13Z", "event":"Docked", "StationName":"Poisson Orbital", "StationType":"Coriolis", "StarSystem":"Kappa", "StationFaction":"HIP 36731 Services", "StationGovernment":"$government_Corporate;", "StationGovernment_Localised":"Corporate", "StationAllegiance":"Federation", "StationServices":[ "Dock", "Autodock", "Commodities", "Contacts", "Exploration", "Missions", "Outfitting", "CrewLounge", "Rearm", "Refuel", "Repair", "Shipyard", "Tuning", "MissionsGenerated", "FlightController", "StationOperations", "Powerplay", "SearchAndRescue" ], "StationEconomy":"$economy_HighTech;", "StationEconomy_Localised":"High Tech", "DistFromStarLS":595.144775 }
{ "timestamp":"2017-10-07T12:01:13Z", "event":"Music", "MusicTrack":"Starport" }
{ "timestamp":"2017-10-07T12:01:53Z", "event":"MarketSell", "Type":"uranium", "Count":36, "SellPrice":3218, "TotalSale":115848, "AvgPricePaid":2547 }
{ "timestamp":"2017-10-07T12:03:13Z", "event":"MarketBuy", "Type":"bioreducinglichen", "Count":36, "BuyPrice":871, "TotalCost":31356 }
{ "timestamp":"2017-10-07T12:03:17Z", "event":"Music", "MusicTrack":"GalaxyMap" }
{ "timestamp":"2017-10-07T12:03:18Z", "event":"Music", "MusicTrack":"Starport" }
{ "timestamp":"2017-10-07T12:03:21Z", "event":"Music", "MusicTrack":"GalaxyMap" }
{ "timestamp":"2017-10-07T12:03:30Z", "event":"Music", "MusicTrack":"Starport" }
{ "timestamp":"2017-10-07T12:03:35Z", "event":"Undocked", "StationName":"Poisson Orbital", "StationType":"Coriolis" }
{ "timestamp":"2017-10-07T12:04:01Z", "event":"Music", "MusicTrack":"NoTrack" }
{ "timestamp":"2017-10-07T12:04:24Z", "event":"ReceiveText", "From":"Poisson Orbital", "Message":"$STATION_NoFireZone_exited;", "Message_Localised":"No fire zone left.", "Channel":"npc" }
{ "timestamp":"2017-10-07T12:04:32Z", "event":"StartJump", "JumpType":"Hyperspace", "StarSystem":"Celtani", "StarClass":"M" }
{ "timestamp":"2017-10-07T12:04:51Z", "event":"FSDJump", "StarSystem":"Celtani", "StarPos":[107.781,-10.531,-84.375], "SystemAllegiance":"Federation", "SystemEconomy":"$economy_Extraction;", "SystemEconomy_Localised":"Extraction", "SystemGovernment":"$government_Democracy;", "SystemGovernment_Localised":"Democracy", "SystemSecurity":"$SYSTEM_SECURITY_medium;", "SystemSecurity_Localised":"Medium Security", "Population":1676076, "JumpDist":13.282, "FuelUsed":1.624824, "FuelLevel":14.375175, "Factions":[ { "Name":"Pilots Federation Local Branch", "FactionState":"None", "Government":"Democracy", "Influence":0.000000, "Allegiance":"PilotsFederation" }, { "Name":"Future of Celtani", "FactionState":"None", "Government":"Democracy", "Influence":0.611612, "Allegiance":"Federation" }, { "Name":"Udegobo Silver Power Int", "FactionState":"None", "Government":"Corporate", "Influence":0.084084, "Allegiance":"Federation" }, { "Name":"Confederation of Dewindji", "FactionState":"Boom", "Government":"Confederacy", "Influence":0.060060, "Allegiance":"Federation" }, { "Name":"Nationalists of Celtani", "FactionState":"None", "Government":"Dictatorship", "Influence":0.082082, "Allegiance":"Independent" }, { "Name":"Partnership of Celtani", "FactionState":"None", "Government":"Anarchy", "Influence":0.014014, "Allegiance":"Independent" }, { "Name":"Celtani Electronics Industry", "FactionState":"Boom", "Government":"Corporate", "Influence":0.117117, "Allegiance":"Independent" }, { "Name":"Celtani Drug Empire", "FactionState":"None", "Government":"Anarchy", "Influence":0.031031, "Allegiance":"Independent", "PendingStates":[ { "State":"Boom", "Trend":0 } ] } ], "SystemFaction":"Future of Celtani" }
{ "timestamp":"2017-10-07T12:04:51Z", "event":"Music", "MusicTrack":"DestinationFromHyperspace" }
{ "timestamp":"2017-10-07T12:04:56Z", "event":"Music", "MusicTrack":"Supercruise" }
{ "timestamp":"2017-10-07T12:05:09Z", "event":"FuelScoop", "Scooped":0.614413, "Total":14.989585 }
{ "timestamp":"2017-10-07T12:07:28Z", "event":"SupercruiseExit", "StarSystem":"Celtani", "Body":"Forrester Port", "BodyType":"Station" }
{ "timestamp":"2017-10-07T12:07:28Z", "event":"Music", "MusicTrack":"DestinationFromSupercruise" }
{ "timestamp":"2017-10-07T12:07:33Z", "event":"Music", "MusicTrack":"NoTrack" }
{ "timestamp":"2017-10-07T12:07:35Z", "event":"ReceiveText", "From":"Forrester Port", "Message":"$STATION_NoFireZone_entered;", "Message_Localised":"No fire zone entered.", "Channel":"npc" }
{ "timestamp":"2017-10-07T12:07:40Z", "event":"DockingRequested", "StationName":"Forrester Port" }
{ "timestamp":"2017-10-07T12:07:40Z", "event":"ReceiveText", "From":"Forrester Port", "Message":"$DockingChatter_Neutral;", "Message_Localised":"Ensure to observe starport protocol during your visit, pilot.", "Channel":"npc" }
{ "timestamp":"2017-10-07T12:07:41Z", "event":"ReceiveText", "From":"Forrester Port", "Message":"$STATION_docking_granted;", "Message_Localised":"Docking request granted.", "Channel":"npc" }
{ "timestamp":"2017-10-07T12:07:41Z", "event":"DockingGranted", "LandingPad":14, "StationName":"Forrester Port" }
{ "timestamp":"2017-10-07T12:08:09Z", "event":"Music", "MusicTrack":"Starport" }
{ "timestamp":"2017-10-07T12:08:49Z", "event":"Docked", "StationName":"Forrester Port", "StationType":"Coriolis", "StarSystem":"Celtani", "StationFaction":"Future of Celtani", "StationGovernment":"$government_Democracy;", "StationGovernment_Localised":"Democracy", "StationAllegiance":"Federation", "StationServices":[ "Dock", "Autodock", "BlackMarket", "Commodities", "Contacts", "Exploration", "Missions", "Outfitting", "CrewLounge", "Rearm", "Refuel", "Repair", "Shipyard", "Tuning", "MissionsGenerated", "FlightController", "StationOperations", "Powerplay", "SearchAndRescue" ], "StationEconomy":"$economy_Extraction;", "StationEconomy_Localised":"Extraction", "DistFromStarLS":1094.870117 }
{ "timestamp":"2017-10-07T12:09:34Z", "event":"MarketSell", "Type":"bioreducinglichen", "Count":36, "SellPrice":1285, "TotalSale":46260, "AvgPricePaid":871 }
{ "timestamp":"2017-10-07T12:09:48Z", "event":"MarketBuy", "Type":"uraninite", "Count":36, "BuyPrice":820, "TotalCost":29520 }
{ "timestamp":"2017-10-07T12:09:52Z", "event":"Music", "MusicTrack":"GalaxyMap" }
{ "timestamp":"2017-10-07T12:10:01Z", "event":"Music", "MusicTrack":"Starport" }
{ "timestamp":"2017-10-07T12:10:18Z", "event":"Undocked", "StationName":"Forrester Port", "StationType":"Coriolis" }
{ "timestamp":"2017-10-07T12:10:43Z", "event":"Music", "MusicTrack":"NoTrack" }
{ "timestamp":"2017-10-07T12:11:05Z", "event":"ReceiveText", "From":"Forrester Port", "Message":"$STATION_NoFireZone_exited;", "Message_Localised":"No fire zone left.", "Channel":"npc" }
{ "timestamp":"2017-10-07T12:11:14Z", "event":"StartJump", "JumpType":"Hyperspace", "StarSystem":"Suttora", "StarClass":"K" }
{ "timestamp":"2017-10-07T12:11:33Z", "event":"FSDJump", "StarSystem":"Suttora", "StarPos":[113.000,-9.031,-81.000], "SystemAllegiance":"Federation", "SystemEconomy":"$economy_Refinery;", "SystemEconomy_Localised":"Refinery", "SystemGovernment":"$government_Confederacy;", "SystemGovernment_Localised":"Confederacy", "SystemSecurity":"$SYSTEM_SECURITY_medium;", "SystemSecurity_Localised":"Medium Security", "Population":38274, "JumpDist":6.393, "FuelUsed":0.300011, "FuelLevel":14.689573, "Factions":[ { "Name":"HIP 36731 Services", "FactionState":"None", "Government":"Corporate", "Influence":0.058000, "Allegiance":"Federation", "PendingStates":[ { "State":"Boom", "Trend":1 } ] }, { "Name":"Pilots Federation Local Branch", "FactionState":"None", "Government":"Democracy", "Influence":0.000000, "Allegiance":"PilotsFederation" }, { "Name":"Udegobo Silver Power Int", "FactionState":"None", "Government":"Corporate", "Influence":0.176000, "Allegiance":"Federation" }, { "Name":"Alliance of Suttora", "FactionState":"None", "Government":"Confederacy", "Influence":0.283000, "Allegiance":"Federation" }, { "Name":"Confederation of Dewindji", "FactionState":"Boom", "Government":"Confederacy", "Influence":0.291000, "Allegiance":"Federation" }, { "Name":"Suttora Silver Society", "FactionState":"CivilWar", "Government":"Anarchy", "Influence":0.096000, "Allegiance":"Independent" }, { "Name":"Suttora Advanced Commodities", "FactionState":"CivilWar", "Government":"Corporate", "Influence":0.096000, "Allegiance":"Independent", "RecoveringStates":[ { "State":"Famine", "Trend":0 } ] } ], "SystemFaction":"Alliance of Suttora" }
{ "timestamp":"2017-10-07T12:11:33Z", "event":"Music", "MusicTrack":"Supercruise" }
{ "timestamp":"2017-10-07T12:13:29Z", "event":"SupercruiseExit", "StarSystem":"Suttora", "Body":"Good Settlement", "BodyType":"Station" }
{ "timestamp":"2017-10-07T12:13:29Z", "event":"Music", "MusicTrack":"DestinationFromSupercruise" }
{ "timestamp":"2017-10-07T12:13:34Z", "event":"Music", "MusicTrack":"Exploration" }
{ "timestamp":"2017-10-07T12:13:37Z", "event":"ReceiveText", "From":"Good Settlement", "Message":"$STATION_NoFireZone_entered;", "Message_Localised":"No fire zone entered.", "Channel":"npc" }
{ "timestamp":"2017-10-07T12:13:44Z", "event":"DockingRequested", "StationName":"Good Settlement" }
{ "timestamp":"2017-10-07T12:13:44Z", "event":"ReceiveText", "From":"Good Settlement", "Message":"$DockingChatter_Neutral;", "Message_Localised":"Ensure to observe starport protocol during your visit, pilot.", "Channel":"npc" }
{ "timestamp":"2017-10-07T12:13:46Z", "event":"ReceiveText", "From":"Good Settlement", "Message":"$STATION_docking_granted;", "Message_Localised":"Docking request granted.", "Channel":"npc" }
{ "timestamp":"2017-10-07T12:13:46Z", "event":"DockingGranted", "LandingPad":2, "StationName":"Good Settlement" }
{ "timestamp":"2017-10-07T12:15:09Z", "event":"Docked", "StationName":"Good Settlement", "StationType":"Outpost", "StarSystem":"Suttora", "StationFaction":"Alliance of Suttora", "StationGovernment":"$government_Confederacy;", "StationGovernment_Localised":"Confederacy", "StationAllegiance":"Federation", "StationServices":[ "Dock", "Autodock", "Commodities", "Contacts", "Exploration", "Missions", "Refuel", "Repair", "Tuning", "MissionsGenerated", "FlightController", "StationOperations", "Powerplay", "SearchAndRescue" ], "StationEconomy":"$economy_Refinery;", "StationEconomy_Localised":"Refinery", "DistFromStarLS":284.688812 }
{ "timestamp":"2017-10-07T12:15:31Z", "event":"MarketSell", "Type":"uraninite", "Count":36, "SellPrice":1113, "TotalSale":40068, "AvgPricePaid":820 }
{ "timestamp":"2017-10-07T12:16:35Z", "event":"MarketBuy", "Type":"uranium", "Count":36, "BuyPrice":2547, "TotalCost":91692 }
{ "timestamp":"2017-10-07T12:17:19Z", "event":"RefuelAll", "Cost":76, "Amount":1.494511 }
{ "timestamp":"2017-10-07T12:17:22Z", "event":"Music", "MusicTrack":"GalaxyMap" }
{ "timestamp":"2017-10-07T12:17:23Z", "event":"Music", "MusicTrack":"Exploration" }
{ "timestamp":"2017-10-07T12:17:27Z", "event":"Music", "MusicTrack":"GalaxyMap" }
{ "timestamp":"2017-10-07T12:17:33Z", "event":"Music", "MusicTrack":"Exploration" }
{ "timestamp":"2017-10-07T12:17:41Z", "event":"Undocked", "StationName":"Good Settlement", "StationType":"Outpost" }
{ "timestamp":"2017-10-07T12:18:10Z", "event":"ReceiveText", "From":"Good Settlement", "Message":"$STATION_NoFireZone_exited;", "Message_Localised":"No fire zone left.", "Channel":"npc" }
{ "timestamp":"2017-10-07T12:18:12Z", "event":"StartJump", "JumpType":"Hyperspace", "StarSystem":"Kappa", "StarClass":"M" }
{ "timestamp":"2017-10-07T12:18:18Z", "event":"Music", "MusicTrack":"NoTrack" }
{ "timestamp":"2017-10-07T12:18:31Z", "event":"FSDJump", "StarSystem":"Kappa", "StarPos":[120.969,-11.906,-85.156], "SystemAllegiance":"Federation", "SystemEconomy":"$economy_HighTech;", "SystemEconomy_Localised":"High Tech", "SystemGovernment":"$government_Corporate;", "SystemGovernment_Localised":"Corporate", "SystemSecurity":"$SYSTEM_SECURITY_medium;", "SystemSecurity_Localised":"Medium Security", "Population":5724331, "JumpDist":9.436, "FuelUsed":0.740168, "FuelLevel":15.259832, "Factions":[ { "Name":"HIP 36731 Services", "FactionState":"None", "Government":"Corporate", "Influence":0.483000, "Allegiance":"Federation", "PendingStates":[ { "State":"Boom", "Trend":1 } ] }, { "Name":"Pilots Federation Local Branch", "FactionState":"None", "Government":"Democracy", "Influence":0.000000, "Allegiance":"PilotsFederation" }, { "Name":"Udegobo Silver Power Int", "FactionState":"None", "Government":"Corporate", "Influence":0.209000, "Allegiance":"Federation" }, { "Name":"Tjiwang Gold Brotherhood", "FactionState":"None", "Government":"Anarchy", "Influence":0.010000, "Allegiance":"Independent" }, { "Name":"Kappa Public PLC", "FactionState":"None", "Government":"Corporate", "Influence":0.061000, "Allegiance":"Independent" }, { "Name":"League of Kappa", "FactionState":"None", "Government":"Dictatorship", "Influence":0.037000, "Allegiance":"Independent" }, { "Name":"Union of Kappa Free", "FactionState":"CivilWar", "Government":"Democracy", "Influence":0.118000, "Allegiance":"Independent" }, { "Name":"Natural Kappa Focus", "FactionState":"CivilWar", "Government":"Dictatorship", "Influence":0.082000, "Allegiance":"Independent" } ], "SystemFaction":"HIP 36731 Services" }
{ "timestamp":"2017-10-07T12:18:31Z", "event":"Music", "MusicTrack":"Supercruise" }
{ "timestamp":"2017-10-07T12:18:38Z", "event":"FuelScoop", "Scooped":0.003178, "Total":15.263007 }
{ "timestamp":"2017-10-07T12:20:44Z", "event":"SupercruiseExit", "StarSystem":"Kappa", "Body":"Poisson Orbital", "BodyType":"Station" }
{ "timestamp":"2017-10-07T12:20:44Z", "event":"Music", "MusicTrack":"DestinationFromSupercruise" }
{ "timestamp":"2017-10-07T12:20:49Z", "event":"Music", "MusicTrack":"NoTrack" }
{ "timestamp":"2017-10-07T12:20:50Z", "event":"ReceiveText", "From":"Poisson Orbital", "Message":"$STATION_NoFireZone_entered;", "Message_Localised":"No fire zone entered.", "Channel":"npc" }
{ "timestamp":"2017-10-07T12:20:55Z", "event":"DockingRequested", "StationName":"Poisson Orbital" }
{ "timestamp":"2017-10-07T12:20:55Z", "event":"ReceiveText", "From":"Poisson Orbital", "Message":"$DockingChatter_Friendly;", "Message_Localised":"It's great to see you again, Commander.", "Channel":"npc" }
{ "timestamp":"2017-10-07T12:20:58Z", "event":"ReceiveText", "From":"Poisson Orbital", "Message":"$STATION_docking_granted;", "Message_Localised":"Docking request granted.", "Channel":"npc" }
{ "timestamp":"2017-10-07T12:20:58Z", "event":"DockingGranted", "LandingPad":31, "StationName":"Poisson Orbital" }
{ "timestamp":"2017-10-07T12:21:18Z", "event":"Music", "MusicTrack":"Starport" }
{ "timestamp":"2017-10-07T12:21:50Z", "event":"Docked", "StationName":"Poisson Orbital", "StationType":"Coriolis", "StarSystem":"Kappa", "StationFaction":"HIP 36731 Services", "StationGovernment":"$government_Corporate;", "StationGovernment_Localised":"Corporate", "StationAllegiance":"Federation", "StationServices":[ "Dock", "Autodock", "Commodities", "Contacts", "Exploration", "Missions", "Outfitting", "CrewLounge", "Rearm", "Refuel", "Repair", "Shipyard", "Tuning", "MissionsGenerated", "FlightController", "StationOperations", "Powerplay", "SearchAndRescue" ], "StationEconomy":"$economy_HighTech;", "StationEconomy_Localised":"High Tech", "DistFromStarLS":595.144226 }
{ "timestamp":"2017-10-07T12:22:07Z", "event":"RefuelAll", "Cost":41, "Amount":0.815919 }
{ "timestamp":"2017-10-07T12:22:24Z", "event":"MarketSell", "Type":"uranium", "Count":36, "SellPrice":3218, "TotalSale":115848, "AvgPricePaid":2547 }
{ "timestamp":"2017-10-07T12:34:08Z", "event":"Music", "MusicTrack":"GalaxyMap" }
{ "timestamp":"2017-10-07T12:34:59Z", "event":"Music", "MusicTrack":"SystemMap" }
{ "timestamp":"2017-10-07T12:35:25Z", "event":"Music", "MusicTrack":"GalaxyMap" }
{ "timestamp":"2017-10-07T12:39:51Z", "event":"Music", "MusicTrack":"Starport" }
{ "timestamp":"2017-10-07T12:40:30Z", "event":"ModuleBuy", "Slot":"SmallHardpoint1", "SellItem":"$hpt_mininglaser_fixed_small_name;", "SellItem_Localised":"Mining Laser", "SellPrice":6800, "BuyItem":"$hpt_pulselaser_gimbal_small_name;", "BuyItem_Localised":"Pulse Laser", "BuyPrice":6600, "Ship":"cobramkiii", "ShipID":1 }
{ "timestamp":"2017-10-07T12:40:46Z", "event":"ModuleBuy", "Slot":"SmallHardpoint2", "SellItem":"$hpt_mininglaser_fixed_small_name;", "SellItem_Localised":"Mining Laser", "SellPrice":6800, "BuyItem":"$hpt_pulselaser_gimbal_small_name;", "BuyItem_Localised":"Pulse Laser", "BuyPrice":6600, "Ship":"cobramkiii", "ShipID":1 }
{ "timestamp":"2017-10-07T12:45:44Z", "event":"ReceiveText", "From":"$npc_name_decorate:#name=Noots;", "From_Localised":"Noots", "Message":"$Commuter_HostileScan01;", "Message_Localised":"Please cease your unauthorised scan immediately.", "Channel":"npc" }
{ "timestamp":"2017-10-07T12:50:08Z", "event":"ModuleBuy", "Slot":"PowerPlant", "SellItem":"$int_powerplant_size4_class3_name;", "SellItem_Localised":"Power Plant", "SellPrice":178898, "BuyItem":"$int_powerplant_size4_class4_name;", "BuyItem_Localised":"Power Plant", "BuyPrice":536693, "Ship":"cobramkiii", "ShipID":1 }
{ "timestamp":"2017-10-07T12:50:10Z", "event":"ShieldState", "ShieldsUp":false }
{ "timestamp":"2017-10-07T12:50:12Z", "event":"ShieldState", "ShieldsUp":true }
{ "timestamp":"2017-10-07T12:50:30Z", "event":"ModuleBuy", "Slot":"PowerDistributor", "SellItem":"$int_powerdistributor_size3_class3_name;", "SellItem_Localised":"Power Distributor", "SellPrice":25333, "BuyItem":"$int_powerdistributor_size3_class5_name;", "BuyItem_Localised":"Power Distributor", "BuyPrice":158331, "Ship":"cobramkiii", "ShipID":1 }
{ "timestamp":"2017-10-07T12:50:56Z", "event":"ReceiveText", "From":"$npc_name_decorate:#name=Sébastien De Besançon;", "From_Localised":"Sébastien De Besançon", "Message":"$Smuggler_NearDeath01;", "Message_Localised":"Okay, okay, the cargo's all yours... This job isn't worth my life.", "Channel":"npc" }
{ "timestamp":"2017-10-07T12:51:26Z", "event":"ModuleBuy", "Slot":"MediumHardpoint1", "SellItem":"$hpt_pulselaser_gimbal_medium_name;", "SellItem_Localised":"Pulse Laser", "SellPrice":35400, "BuyItem":"$hpt_beamlaser_gimbal_medium_name;", "BuyItem_Localised":"Beam Laser", "BuyPrice":500600, "Ship":"cobramkiii", "ShipID":1 }
{ "timestamp":"2017-10-07T12:51:44Z", "event":"ModuleBuy", "Slot":"MediumHardpoint2", "SellItem":"$hpt_pulselaser_gimbal_medium_name;", "SellItem_Localised":"Pulse Laser", "SellPrice":35400, "BuyItem":"$hpt_beamlaser_gimbal_medium_name;", "BuyItem_Localised":"Beam Laser", "BuyPrice":500600, "Ship":"cobramkiii", "ShipID":1 }
{ "timestamp":"2017-10-07T12:55:28Z", "event":"Music", "MusicTrack":"SystemMap" }
{ "timestamp":"2017-10-07T12:55:32Z", "event":"Music", "MusicTrack":"GalaxyMap" }
{ "timestamp":"2017-10-07T12:55:48Z", "event":"Music", "MusicTrack":"SystemMap" }
{ "timestamp":"2017-10-07T12:55:49Z", "event":"Music", "MusicTrack":"Starport" }
{ "timestamp":"2017-10-07T12:56:03Z", "event":"ModuleBuy", "Slot":"Slot05_Size2", "SellItem":"$int_fuelscoop_size2_class5_name;", "SellItem_Localised":"Fuel Scoop", "SellPrice":284844, "BuyItem":"$int_cargorack_size2_class1_name;", "BuyItem_Localised":"Cargo Rack", "BuyPrice":3250, "Ship":"cobramkiii", "ShipID":1 }
{ "timestamp":"2017-10-07T12:56:24Z", "event":"ReceiveText", "From":"$npc_name_decorate:#name=klaas;", "From_Localised":"klaas", "Message":"$Commuter_HostileScan03;", "Message_Localised":"We have no valuable cargo onboard, please halt your scan.", "Channel":"npc" }
{ "timestamp":"2017-10-07T12:56:36Z", "event":"ModuleBuy", "Slot":"Slot02_Size4", "SellItem":"$int_cargorack_size4_class1_name;", "SellItem_Localised":"Cargo Rack", "SellPrice":34328, "BuyItem":"$int_fuelscoop_size4_class3_name;", "BuyItem_Localised":"Fuel Scoop", "BuyPrice":178898, "Ship":"cobramkiii", "ShipID":1 }
{ "timestamp":"2017-10-07T12:57:25Z", "event":"Music", "MusicTrack":"GalaxyMap" }
{ "timestamp":"2017-10-07T12:58:53Z", "event":"Music", "MusicTrack":"Starport" }
{ "timestamp":"2017-10-07T12:58:58Z", "event":"Music", "MusicTrack":"SystemMap" }
{ "timestamp":"2017-10-07T12:58:59Z", "event":"Music", "MusicTrack":"GalaxyMap" }
{ "timestamp":"2017-10-07T12:59:04Z", "event":"Music", "MusicTrack":"SystemMap" }
{ "timestamp":"2017-10-07T12:59:10Z", "event":"Undocked", "StationName":"Poisson Orbital", "StationType":"Coriolis" }
{ "timestamp":"2017-10-07T12:59:16Z", "event":"Music", "MusicTrack":"Starport" }
{ "timestamp":"2017-10-07T13:00:12Z", "event":"Music", "MusicTrack":"NoTrack" }
{ "timestamp":"2017-10-07T13:00:38Z", "event":"ReceiveText", "From":"Poisson Orbital", "Message":"$STATION_NoFireZone_exited;", "Message_Localised":"No fire zone left.", "Channel":"npc" }
{ "timestamp":"2017-10-07T13:00:50Z", "event":"ReceiveText", "From":"$npc_name_decorate:#name=Barakar;", "From_Localised":"Barakar", "Message":"$Commuter_AuthorityScan10;", "Message_Localised":"You'll get no trouble from me, officer.", "Channel":"npc" }
{ "timestamp":"2017-10-07T13:00:52Z", "event":"StartJump", "JumpType":"Hyperspace", "StarSystem":"Celtani", "StarClass":"M" }
{ "timestamp":"2017-10-07T13:01:11Z", "event":"FSDJump", "StarSystem":"Celtani", "StarPos":[107.781,-10.531,-84.375], "SystemAllegiance":"Federation", "SystemEconomy":"$economy_Extraction;", "SystemEconomy_Localised":"Extraction", "SystemGovernment":"$government_Democracy;", "SystemGovernment_Localised":"Democracy", "SystemSecurity":"$SYSTEM_SECURITY_medium;", "SystemSecurity_Localised":"Medium Security", "Population":1676076, "JumpDist":13.282, "FuelUsed":1.244681, "FuelLevel":14.755319, "Factions":[ { "Name":"Pilots Federation Local Branch", "FactionState":"None", "Government":"Democracy", "Influence":0.000000, "Allegiance":"PilotsFederation" }, { "Name":"Future of Celtani", "FactionState":"None", "Government":"Democracy", "Influence":0.611612, "Allegiance":"Federation" }, { "Name":"Udegobo Silver Power Int", "FactionState":"None", "Government":"Corporate", "Influence":0.084084, "Allegiance":"Federation" }, { "Name":"Confederation of Dewindji", "FactionState":"Boom", "Government":"Confederacy", "Influence":0.060060, "Allegiance":"Federation" }, { "Name":"Nationalists of Celtani", "FactionState":"None", "Government":"Dictatorship", "Influence":0.082082, "Allegiance":"Independent" }, { "Name":"Partnership of Celtani", "FactionState":"None", "Government":"Anarchy", "Influence":0.014014, "Allegiance":"Independent" }, { "Name":"Celtani Electronics Industry", "FactionState":"Boom", "Government":"Corporate", "Influence":0.117117, "Allegiance":"Independent" }, { "Name":"Celtani Drug Empire", "FactionState":"None", "Government":"Anarchy", "Influence":0.031031, "Allegiance":"Independent", "PendingStates":[ { "State":"Boom", "Trend":0 } ] } ], "SystemFaction":"Future of Celtani" }
{ "timestamp":"2017-10-07T13:01:11Z", "event":"Music", "MusicTrack":"Supercruise" }
{ "timestamp":"2017-10-07T13:01:24Z", "event":"FuelScoop", "Scooped":1.244682, "Total":16.000000 }
{ "timestamp":"2017-10-07T13:04:26Z", "event":"SupercruiseExit", "StarSystem":"Celtani", "Body":"Celtani 3 A Ring", "BodyType":"PlanetaryRing" }
{ "timestamp":"2017-10-07T13:04:27Z", "event":"Music", "MusicTrack":"Exploration" }
{ "timestamp":"2017-10-07T13:05:12Z", "event":"MaterialDiscovered", "Category":"Encoded", "Name":"shielddensityreports", "DiscoveryNumber":8 }
{ "timestamp":"2017-10-07T13:05:12Z", "event":"MaterialCollected", "Category":"Encoded", "Name":"shielddensityreports", "Count":3 }
{ "timestamp":"2017-10-07T13:05:36Z", "event":"ReceiveText", "From":"$npc_name_decorate:#name=Balthazar Sool;", "From_Localised":"Balthazar Sool", "Message":"$Escort_NearDeath04;", "Message_Localised":"Breaking off attack, I can't hold it.", "Channel":"npc" }
{ "timestamp":"2017-10-07T13:05:56Z", "event":"ReceiveText", "From":"$npc_name_decorate:#name=Docent;", "From_Localised":"Docent", "Message":"$BadKarmaCriticalDamage02;", "Message_Localised":"Impossible!", "Channel":"npc" }
{ "timestamp":"2017-10-07T13:06:15Z", "event":"ReceiveText", "From":"$ShipName_Police_Federation;", "From_Localised":"Federal Security Service", "Message":"$Police_ArrivedAtInvestigationLocation05;", "Message_Localised":"A crime has been reported here. All ships will be scanned.", "Channel":"npc" }
{ "timestamp":"2017-10-07T13:06:24Z", "event":"Music", "MusicTrack":"Combat_Dogfight" }
{ "timestamp":"2017-10-07T13:07:02Z", "event":"ReceiveText", "From":"$npc_name_decorate:#name=Turion Brightstar;", "From_Localised":"Turion Brightstar", "Message":"$BadKarmaCriticalDamage02;", "Message_Localised":"Impossible!", "Channel":"npc" }
{ "timestamp":"2017-10-07T13:07:26Z", "event":"Music", "MusicTrack":"Exploration" }
{ "timestamp":"2017-10-07T13:07:30Z", "event":"ReceiveText", "From":"$npc_name_decorate:#name=Ian Magill;", "From_Localised":"Ian Magill", "Message":"$BadKarmaCriticalDamage01;", "Message_Localised":"How is this happening?!", "Channel":"npc" }
{ "timestamp":"2017-10-07T13:07:51Z", "event":"Music", "MusicTrack":"Combat_Dogfight" }
{ "timestamp":"2017-10-07T13:08:41Z", "event":"Bounty", "Rewards":[ { "Faction":"Future of Celtani", "Reward":11119 } ], "Target":"empire_eagle", "TotalReward":11119, "VictimFaction":"Celtani Drug Empire" }
{ "timestamp":"2017-10-07T13:08:50Z", "event":"ShieldState", "ShieldsUp":false }
{ "timestamp":"2017-10-07T13:08:52Z", "event":"HullDamage", "Health":0.739090, "PlayerPilot":true, "Fighter":false }
{ "timestamp":"2017-10-07T13:08:57Z", "event":"HullDamage", "Health":0.543856, "PlayerPilot":true, "Fighter":false }
{ "timestamp":"2017-10-07T13:08:57Z", "event":"HullDamage", "Health":0.364159, "PlayerPilot":true, "Fighter":false }
{ "timestamp":"2017-10-07T13:09:01Z", "event":"HullDamage", "Health":0.051021, "PlayerPilot":true, "Fighter":false }
{ "timestamp":"2017-10-07T13:09:02Z", "event":"ReceiveText", "From":"$npc_name_decorate:#name=David Stern;", "From_Localised":"David Stern", "Message":"$Pirate_OnStartScanCargo11;", "Message_Localised":"I hope you have something good in your hold.", "Channel":"npc" }
{ "timestamp":"2017-10-07T13:09:08Z", "event":"ReceiveText", "From":"$npc_name_decorate:#name=David Stern;", "From_Localised":"David Stern", "Message":"$Pirate_OnStartScanCargo07;", "Message_Localised":"Do you have anything of value?", "Channel":"npc" }
{ "timestamp":"2017-10-07T13:09:18Z", "event":"ReceiveText", "From":"$npc_name_decorate:#name=David Stern;", "From_Localised":"David Stern", "Message":"$Pirate_OnNoCargoFound07;", "Message_Localised":"Nothing for me here.", "Channel":"npc" }
{ "timestamp":"2017-10-07T13:09:18Z", "event":"Scanned", "ScanType":"Cargo" }
{ "timestamp":"2017-10-07T13:09:27Z", "event":"ReceiveText", "From":"$npc_name_decorate:#name=Dark Pie;", "From_Localised":"Dark Pie", "Message":"$BadKarmaCriticalDamage05;", "Message_Localised":"No, no!", "Channel":"npc" }
{ "timestamp":"2017-10-07T13:09:30Z", "event":"ShieldState", "ShieldsUp":true }
{ "timestamp":"2017-10-07T13:09:46Z", "event":"Music", "MusicTrack":"Exploration" }
{ "timestamp":"2017-10-07T13:10:04Z", "event":"ReceiveText", "From":"$ShipName_Police_Federation;", "From_Localised":"Federal Security Service", "Message":"$Police_ArrivedAtInvestigationLocation03;", "Message_Localised":"Crime scene cordon initialised, all ships must submit to police scan.", "Channel":"npc" }
{ "timestamp":"2017-10-07T13:13:59Z", "event":"RebootRepair", "Modules":[ "MainEngines" ] }
{ "timestamp":"2017-10-07T13:14:33Z", "event":"Music", "MusicTrack":"SystemMap" }
{ "timestamp":"2017-10-07T13:14:40Z", "event":"ShieldState", "ShieldsUp":true }
{ "timestamp":"2017-10-07T13:14:41Z", "event":"Music", "MusicTrack":"Exploration" }
{ "timestamp":"2017-10-07T13:16:10Z", "event":"RebootRepair", "Modules":[  ] }
{ "timestamp":"2017-10-07T13:16:11Z", "event":"ShieldState", "ShieldsUp":true }
{ "timestamp":"2017-10-07T13:16:54Z", "event":"StartJump", "JumpType":"Supercruise" }
{ "timestamp":"2017-10-07T13:16:59Z", "event":"SupercruiseEntry", "StarSystem":"Celtani" }
{ "timestamp":"2017-10-07T13:17:00Z", "event":"Music", "MusicTrack":"Supercruise" }
{ "timestamp":"2017-10-07T13:19:22Z", "event":"SupercruiseExit", "StarSystem":"Celtani", "Body":"Forrester Port", "BodyType":"Station" }
{ "timestamp":"2017-10-07T13:19:23Z", "event":"Music", "MusicTrack":"DestinationFromSupercruise" }
{ "timestamp":"2017-10-07T13:19:28Z", "event":"Music", "MusicTrack":"NoTrack" }
{ "timestamp":"2017-10-07T13:19:31Z", "event":"ReceiveText", "From":"Forrester Port", "Message":"$STATION_NoFireZone_entered;", "Message_Localised":"No fire zone entered.", "Channel":"npc" }
{ "timestamp":"2017-10-07T13:20:26Z", "event":"DockingRequested", "StationName":"Forrester Port" }
{ "timestamp":"2017-10-07T13:20:26Z", "event":"ReceiveText", "From":"Forrester Port", "Message":"$DockingChatter_Neutral;", "Message_Localised":"Ensure to observe starport protocol during your visit, pilot.", "Channel":"npc" }
{ "timestamp":"2017-10-07T13:20:27Z", "event":"ReceiveText", "From":"Forrester Port", "Message":"$STATION_docking_granted;", "Message_Localised":"Docking request granted.", "Channel":"npc" }
{ "timestamp":"2017-10-07T13:20:27Z", "event":"DockingGranted", "LandingPad":13, "StationName":"Forrester Port" }
{ "timestamp":"2017-10-07T13:20:46Z", "event":"Music", "MusicTrack":"Starport" }
{ "timestamp":"2017-10-07T13:21:20Z", "event":"Docked", "StationName":"Forrester Port", "StationType":"Coriolis", "StarSystem":"Celtani", "StationFaction":"Future of Celtani", "StationGovernment":"$government_Democracy;", "StationGovernment_Localised":"Democracy", "StationAllegiance":"Federation", "StationServices":[ "Dock", "Autodock", "BlackMarket", "Commodities", "Contacts", "Exploration", "Missions", "Outfitting", "CrewLounge", "Rearm", "Refuel", "Repair", "Shipyard", "Tuning", "MissionsGenerated", "FlightController", "StationOperations", "Powerplay", "SearchAndRescue" ], "StationEconomy":"$economy_Extraction;", "StationEconomy_Localised":"Extraction", "DistFromStarLS":1094.935181 }
{ "timestamp":"2017-10-07T13:21:36Z", "event":"RedeemVoucher", "Type":"bounty", "Amount":11119, "Factions":[ { "Faction":"Future of Celtani", "Amount":11119 } ] }
{ "timestamp":"2017-10-07T13:22:01Z", "event":"RepairAll", "Cost":18846 }
{ "timestamp":"2017-10-07T13:22:03Z", "event":"BuyAmmo", "Cost":100 }
{ "timestamp":"2017-10-07T13:22:05Z", "event":"RefuelAll", "Cost":17, "Amount":0.328638 }
{ "timestamp":"2017-10-07T13:22:27Z", "event":"ReceiveText", "From":"$npc_name_decorate:#name=Mark Worsdall;", "From_Localised":"Mark Worsdall", "Message":"$Commuter_AuthorityScan05;", "Message_Localised":"On what grounds are you scanning this vessel, officer?", "Channel":"npc" }
{ "timestamp":"2017-10-07T13:23:40Z", "event":"Undocked", "StationName":"Forrester Port", "StationType":"Coriolis" }
{ "timestamp":"2017-10-07T13:24:03Z", "event":"Music", "MusicTrack":"NoTrack" }
{ "timestamp":"2017-10-07T13:24:52Z", "event":"Music", "MusicTrack":"SystemMap" }
{ "timestamp":"2017-10-07T13:25:02Z", "event":"Music", "MusicTrack":"NoTrack" }
{ "timestamp":"2017-10-07T13:25:13Z", "event":"ReceiveText", "From":"Forrester Port", "Message":"$STATION_NoFireZone_exited;", "Message_Localised":"No fire zone left.", "Channel":"npc" }
{ "timestamp":"2017-10-07T13:25:20Z", "event":"StartJump", "JumpType":"Supercruise" }
{ "timestamp":"2017-10-07T13:25:25Z", "event":"SupercruiseEntry", "StarSystem":"Celtani" }
{ "timestamp":"2017-10-07T13:25:25Z", "event":"Music", "MusicTrack":"Supercruise" }
{ "timestamp":"2017-10-07T13:27:40Z", "event":"SupercruiseExit", "StarSystem":"Celtani", "Body":"Celtani 2 A Ring", "BodyType":"PlanetaryRing" }
{ "timestamp":"2017-10-07T13:27:40Z", "event":"Music", "MusicTrack":"Exploration" }
{ "timestamp":"2017-10-07T13:27:54Z", "event":"MaterialCollected", "Category":"Encoded", "Name":"bulkscandata", "Count":3 }
{ "timestamp":"2017-10-07T13:27:55Z", "event":"MaterialCollected", "Category":"Encoded", "Name":"bulkscandata", "Count":3 }
{ "timestamp":"2017-10-07T13:29:15Z", "event":"ReceiveText", "From":"$npc_name_decorate:#name=Christian Dannie Storgaard;", "From_Localised":"Christian Dannie Storgaard", "Message":"$Pirate_OnDeclarePiracyAttack02;", "Message_Localised":"You choose death then. Very well.", "Channel":"npc" }
{ "timestamp":"2017-10-07T13:29:15Z", "event":"Music", "MusicTrack":"Combat_Dogfight" }
{ "timestamp":"2017-10-07T13:30:35Z", "event":"ReceiveText", "From":"$npc_name_decorate:#name=Christian Dannie Storgaard;", "From_Localised":"Christian Dannie Storgaard", "Message":"$BadKarmaCriticalDamage03;", "Message_Localised":"You fight a good fight!", "Channel":"npc" }
{ "timestamp":"2017-10-07T13:32:07Z", "event":"Bounty", "Rewards":[ { "Faction":"Federation", "Reward":65655 } ], "Target":"diamondbackxl", "TotalReward":65655, "VictimFaction":"Confederation of Dewindji" }
{ "timestamp":"2017-10-07T13:32:22Z", "event":"Music", "MusicTrack":"Exploration" }
{ "timestamp":"2017-10-07T13:32:32Z", "event":"Scanned", "ScanType":"Cargo" }
{ "timestamp":"2017-10-07T13:34:22Z", "event":"Music", "MusicTrack":"Combat_Dogfight" }
{ "timestamp":"2017-10-07T13:34:33Z", "event":"ReceiveText", "From":"$npc_name_decorate:#name=Lumba Jendrychowski;", "From_Localised":"Lumba Jendrychowski", "Message":"$Escort_EscortStayAndFight06;", "Message_Localised":"The mission is failed, but I will avenge them!", "Channel":"npc" }
{ "timestamp":"2017-10-07T13:34:42Z", "event":"Bounty", "Rewards":[ { "Faction":"Future of Celtani", "Reward":7105 } ], "Target":"eagle", "TotalReward":7105, "VictimFaction":"Celtani Drug Empire" }
{ "timestamp":"2017-10-07T13:34:57Z", "event":"Music", "MusicTrack":"Exploration" }
{ "timestamp":"2017-10-07T13:36:34Z", "event":"ReceiveText", "From":"$npc_name_decorate:#name=Trinity;", "From_Localised":"Trinity", "Message":"$Pirate_OnStartScanCargo02;", "Message_Localised":"Carrying anything nice?", "Channel":"npc" }
{ "timestamp":"2017-10-07T13:37:07Z", "event":"ReceiveText", "From":"$npc_name_decorate:#name=Trinity;", "From_Localised":"Trinity", "Message":"$Pirate_OnStartScanCargo10;", "Message_Localised":"Let me see what you have.", "Channel":"npc" }
{ "timestamp":"2017-10-07T13:37:10Z", "event":"ReceiveText", "From":"$npc_name_decorate:#name=Jules Daddy;", "From_Localised":"Jules Daddy", "Message":"$Pirate_OnDeclarePiracyAttack03;", "Message_Localised":"Now you die, victim.", "Channel":"npc" }
{ "timestamp":"2017-10-07T13:37:10Z", "event":"Music", "MusicTrack":"Combat_Dogfight" }
{ "timestamp":"2017-10-07T13:37:17Z", "event":"ReceiveText", "From":"$npc_name_decorate:#name=Trinity;", "From_Localised":"Trinity", "Message":"$Pirate_OnNoCargoFound09;", "Message_Localised":"Next time you should fill your hold with gold.", "Channel":"npc" }
{ "timestamp":"2017-10-07T13:37:17Z", "event":"Scanned", "ScanType":"Cargo" }
{ "timestamp":"2017-10-07T13:37:30Z", "event":"Bounty", "Rewards":[ { "Faction":"Federation", "Reward":13365 } ], "Target":"eagle", "TotalReward":13365, "VictimFaction":"Udegobo Silver Power Int" }
{ "timestamp":"2017-10-07T13:37:45Z", "event":"Music", "MusicTrack":"Exploration" }
{ "timestamp":"2017-10-07T13:37:46Z", "event":"Music", "MusicTrack":"Combat_Dogfight" }
{ "timestamp":"2017-10-07T13:38:04Z", "event":"Bounty", "Rewards":[ { "Faction":"Future of Celtani", "Reward":200 }, { "Faction":"Federation", "Reward":32339 } ], "Target":"viper_mkiv", "TotalReward":32539, "VictimFaction":"Celtani Drug Empire" }
{ "timestamp":"2017-10-07T13:38:20Z", "event":"Music", "MusicTrack":"Exploration" }
{ "timestamp":"2017-10-07T13:39:06Z", "event":"Scanned", "ScanType":"Cargo" }
{ "timestamp":"2017-10-07T13:39:06Z", "event":"ReceiveText", "From":"$ShipName_Police_Federation;", "From_Localised":"Federal Security Service", "Message":"$Police_ThankYouPassedStopAndSearch06;", "Message_Localised":"We're done here pilot, move along.", "Channel":"npc" }
{ "timestamp":"2017-10-07T13:39:37Z", "event":"Music", "MusicTrack":"Combat_Dogfight" }
{ "timestamp":"2017-10-07T13:39:52Z", "event":"ReceiveText", "From":"$npc_name_decorate:#name=Grant Spencer Meek;", "From_Localised":"Grant Spencer Meek", "Message":"$BadKarmaCriticalDamage06;", "Message_Localised":"I hadn't expected this.", "Channel":"npc" }
{ "timestamp":"2017-10-07T13:39:54Z", "event":"Bounty", "Rewards":[ { "Faction":"Future of Celtani", "Reward":11697 } ], "Target":"eagle", "TotalReward":11697, "VictimFaction":"Celtani Drug Empire" }
{ "timestamp":"2017-10-07T13:40:09Z", "event":"Music", "MusicTrack":"Exploration" }
{ "timestamp":"2017-10-07T13:41:46Z", "event":"MaterialCollected", "Category":"Encoded", "Name":"shielddensityreports", "Count":3 }
{ "timestamp":"2017-10-07T13:42:02Z", "event":"ReceiveText", "From":"$npc_name_decorate:#name=Alexander Strand;", "From_Localised":"Alexander Strand", "Message":"$Pirate_OnDeclarePiracyAttack01;", "Message_Localised":"I'll pick your bones clean, greenhorn.", "Channel":"npc" }
{ "timestamp":"2017-10-07T13:42:03Z", "event":"Music", "MusicTrack":"Combat_Dogfight" }
{ "timestamp":"2017-10-07T13:42:14Z", "event":"Bounty", "Rewards":[ { "Faction":"Future of Celtani", "Reward":6635 } ], "Target":"sidewinder", "TotalReward":6635, "VictimFaction":"Future of Celtani" }
{ "timestamp":"2017-10-07T13:42:29Z", "event":"Music", "MusicTrack":"Exploration" }
{ "timestamp":"2017-10-07T13:43:23Z", "event":"ReceiveText", "From":"$npc_name_decorate:#name=Charlie Murray;", "From_Localised":"Charlie Murray", "Message":"$Pirate_OnDeclarePiracyAttack04;", "Message_Localised":"I'm gonna boil you up!", "Channel":"npc" }
{ "timestamp":"2017-10-07T13:43:23Z", "event":"Music", "MusicTrack":"Combat_Dogfight" }
{ "timestamp":"2017-10-07T13:43:45Z", "event":"ReceiveText", "From":"$npc_name_decorate:#name=Spanners Campbell;", "From_Localised":"Spanners Campbell", "Message":"$BadKarmaCriticalDamage09;", "Message_Localised":"I can see when I'm outmatched.", "Channel":"npc" }
{ "timestamp":"2017-10-07T13:44:05Z", "event":"ReceiveText", "From":"$npc_name_decorate:#name=Charlie Murray;", "From_Localised":"Charlie Murray", "Message":"$BadKarmaCriticalDamage06;", "Message_Localised":"I hadn't expected this.", "Channel":"npc" }
{ "timestamp":"2017-10-07T13:44:06Z", "event":"ReceiveText", "From":"$npc_name_decorate:#name=Charlie Murray;", "From_Localised":"Charlie Murray", "Message":"$Pirate_OnHullLowJumpAway08;", "Message_Localised":"I will return another day.", "Channel":"npc" }
{ "timestamp":"2017-10-07T13:44:11Z", "event":"Bounty", "Rewards":[ { "Faction":"Future of Celtani", "Reward":49610 } ], "Target":"cobramkiv", "TotalReward":49610, "VictimFaction":"Partnership of Celtani" }
{ "timestamp":"2017-10-07T13:44:26Z", "event":"Music", "MusicTrack":"Exploration" }
{ "timestamp":"2017-10-07T13:44:32Z", "event":"ReceiveText", "From":"$npc_name_decorate:#name=Abok;", "From_Localised":"Abok", "Message":"$Pirate_OnStartScanCargo07;", "Message_Localised":"Do you have anything of value?", "Channel":"npc" }
{ "timestamp":"2017-10-07T13:44:42Z", "event":"ReceiveText", "From":"$npc_name_decorate:#name=Abok;", "From_Localised":"Abok", "Message":"$Pirate_OnNoCargoFound02;", "Message_Localised":"Bah, nothing.", "Channel":"npc" }
{ "timestamp":"2017-10-07T13:44:42Z", "event":"Scanned", "ScanType":"Cargo" }
{ "timestamp":"2017-10-07T13:44:44Z", "event":"Scanned", "ScanType":"Cargo" }
{ "timestamp":"2017-10-07T13:44:44Z", "event":"ReceiveText", "From":"$ShipName_Police_Federation;", "From_Localised":"Federal Security Service", "Message":"$Police_ThankYouPassedStopAndSearch09;", "Message_Localised":"Move along, Commander, we're done here.", "Channel":"npc" }
{ "timestamp":"2017-10-07T13:45:18Z", "event":"Music", "MusicTrack":"SystemMap" }
{ "timestamp":"2017-10-07T13:45:20Z", "event":"StartJump", "JumpType":"Supercruise" }
{ "timestamp":"2017-10-07T13:45:20Z", "event":"Music", "MusicTrack":"Exploration" }
{ "timestamp":"2017-10-07T13:45:25Z", "event":"SupercruiseEntry", "StarSystem":"Celtani" }
{ "timestamp":"2017-10-07T13:45:26Z", "event":"Music", "MusicTrack":"Supercruise" }
{ "timestamp":"2017-10-07T13:45:30Z", "event":"Music", "MusicTrack":"SystemMap" }
{ "timestamp":"2017-10-07T13:45:35Z", "event":"Music", "MusicTrack":"Supercruise" }
{ "timestamp":"2017-10-07T13:47:42Z", "event":"SupercruiseExit", "StarSystem":"Celtani", "Body":"Forrester Port", "BodyType":"Station" }
{ "timestamp":"2017-10-07T13:47:42Z", "event":"Music", "MusicTrack":"DestinationFromSupercruise" }
{ "timestamp":"2017-10-07T13:47:47Z", "event":"Music", "MusicTrack":"NoTrack" }
{ "timestamp":"2017-10-07T13:47:50Z", "event":"ReceiveText", "From":"Forrester Port", "Message":"$STATION_NoFireZone_entered;", "Message_Localised":"No fire zone entered.", "Channel":"npc" }
{ "timestamp":"2017-10-07T13:47:56Z", "event":"DockingRequested", "StationName":"Forrester Port" }
{ "timestamp":"2017-10-07T13:47:56Z", "event":"ReceiveText", "From":"Forrester Port", "Message":"$DockingChatter_Neutral;", "Message_Localised":"Ensure to observe starport protocol during your visit, pilot.", "Channel":"npc" }
{ "timestamp":"2017-10-07T13:47:57Z", "event":"ReceiveText", "From":"Forrester Port", "Message":"$STATION_docking_granted;", "Message_Localised":"Docking request granted.", "Channel":"npc" }
{ "timestamp":"2017-10-07T13:47:57Z", "event":"DockingGranted", "LandingPad":21, "StationName":"Forrester Port" }
{ "timestamp":"2017-10-07T13:48:31Z", "event":"Music", "MusicTrack":"Starport" }
{ "timestamp":"2017-10-07T13:49:02Z", "event":"Docked", "StationName":"Forrester Port", "StationType":"Coriolis", "StarSystem":"Celtani", "StationFaction":"Future of Celtani", "StationGovernment":"$government_Democracy;", "StationGovernment_Localised":"Democracy", "StationAllegiance":"Federation", "StationServices":[ "Dock", "Autodock", "BlackMarket", "Commodities", "Contacts", "Exploration", "Missions", "Outfitting", "CrewLounge", "Rearm", "Refuel", "Repair", "Shipyard", "Tuning", "MissionsGenerated", "FlightController", "StationOperations", "Powerplay", "SearchAndRescue" ], "StationEconomy":"$economy_Extraction;", "StationEconomy_Localised":"Extraction", "DistFromStarLS":1094.959961 }
{ "timestamp":"2017-10-07T13:49:11Z", "event":"RefuelAll", "Cost":22, "Amount":0.432244 }
{ "timestamp":"2017-10-07T13:49:30Z", "event":"RedeemVoucher", "Type":"bounty", "Amount":186606, "Factions":[ { "Faction":"Federation", "Amount":111359 }, { "Faction":"Future of Celtani", "Amount":75247 } ] }
{ "timestamp":"2017-10-07T13:51:31Z", "event":"SellExplorationData", "Systems":[ "HIP 36731", "CD-23 5548", "Ross 47", "LHS 1920", "Ross 55", "LP 782-16", "9 Puppis", "Tascheter Sector LH-V b2-1", "Trianguli Sector LS-T b3-1", "Col 285 Sector DV-D b13-1", "V1201 Orionis", "Col 285 Sector OS-T d3-101", "Hyades Sector QD-S c4-16", "Cupiat", "Mpalans", "Hyades Sector FW-L b8-3", "Puppis Sector HW-W b1-5", "Puppis Sector JR-W b1-6" ], "Discovered":[  ], "BaseValue":43076, "Bonus":0 }
{ "timestamp":"2017-10-07T13:51:51Z", "event":"Music", "MusicTrack":"Exploration" }
