{ "timestamp":"2017-11-01T07:20:18Z", "event":"Fileheader", "part":1, "language":"English\\UK", "gameversion":"2.4", "build":"r156431/r0 " }
{ "timestamp":"2017-11-01T07:20:18Z", "event":"Music", "MusicTrack":"NoTrack" }
{ "timestamp":"2017-11-01T07:20:18Z", "event":"Music", "MusicTrack":"MainMenu" }
{ "timestamp":"2017-11-01T07:21:03Z", "event":"Cargo", "Inventory":[  ] }
{ "timestamp":"2017-11-01T07:21:03Z", "event":"Loadout", "Ship":"DiamondBackXL", "ShipID":2, "ShipName":"KONNYAKU", "ShipIdent":"IG-E01", "Modules":[ { "Slot":"LargeHardpoint1", "Item":"Hpt_PulseLaser_Gimbal_Large", "On":true, "Priority":2, "Health":0.941472, "Value":140600 }, { "Slot":"MediumHardpoint2", "Item":"Hpt_MiningLaser_Fixed_Small", "On":true, "Priority":1, "Health":0.953362, "Value":6800 }, { "Slot":"TinyHardpoint1", "Item":"Hpt_HeatSinkLauncher_Turret_Tiny", "On":true, "Priority":0, "AmmoInClip":1, "AmmoInHopper":2, "Health":0.953579, "Value":3500 }, { "Slot":"TinyHardpoint2", "Item":"Hpt_HeatSinkLauncher_Turret_Tiny", "On":true, "Priority":0, "AmmoInClip":1, "AmmoInHopper":2, "Health":0.949510, "Value":3500 }, { "Slot":"TinyHardpoint4", "Item":"Hpt_ChaffLauncher_Tiny", "On":true, "Priority":1, "AmmoInClip":1, "AmmoInHopper":10, "Health":0.922569, "Value":8500 }, { "Slot":"Armour", "Item":"DiamondBackXL_Armour_Grade1", "On":true, "Priority":1, "Health":1.000000, "Value":0 }, { "Slot":"PowerPlant", "Item":"Int_Powerplant_Size4_Class4", "On":true, "Priority":1, "Health":0.962441, "Value":536693 }, { "Slot":"MainEngines", "Item":"Int_Engine_Size4_Class4", "On":true, "Priority":0, "Health":1.000000, "Value":536693 }, { "Slot":"FrameShiftDrive", "Item":"Int_Hyperdrive_Size5_Class4", "On":true, "Priority":0, "Health":1.000000, "Value":1701318 }, { "Slot":"LifeSupport", "Item":"Int_LifeSupport_Size3_Class2", "On":true, "Priority":0, "Health":0.937790, "Value":10133 }, { "Slot":"PowerDistributor", "Item":"Int_PowerDistributor_Size4_Class2", "On":true, "Priority":0, "Health":0.998602, "Value":28373 }, { "Slot":"Radar", "Item":"Int_Sensors_Size3_Class2", "On":true, "Priority":3, "Health":0.968630, "Value":10133 }, { "Slot":"FuelTank", "Item":"Int_FuelTank_Size5_Class3", "On":true, "Priority":1, "Health":1.000000, "Value":97754 }, { "Slot":"Decal1", "Item":"Decal_Explorer_Surveyor", "On":true, "Priority":1, "Health":1.000000, "Value":0 }, { "Slot":"Decal2", "Item":"Decal_Explorer_Surveyor", "On":true, "Priority":1, "Health":1.000000, "Value":0 }, { "Slot":"Decal3", "Item":"Decal_Explorer_Surveyor", "On":true, "Priority":1, "Health":1.000000, "Value":0 }, { "Slot":"Slot01_Size4", "Item":"Int_ShieldGenerator_Size4_Class1", "On":true, "Priority":1, "Health":1.000000, "Value":19878 }, { "Slot":"Slot02_Size4", "Item":"Int_FuelScoop_Size4_Class4", "On":true, "Priority":3, "Health":0.944909, "Value":715591 }, { "Slot":"Slot03_Size3", "Item":"Int_BuggyBay_Size2_Class2", "On":true, "Priority":0, "Health":0.973013, "Value":21600 }, { "Slot":"Slot04_Size3", "Item":"Int_Repairer_Size3_Class2", "On":true, "Priority":0, "AmmoInClip":1283, "Health":0.937855, "Value":97200 }, { "Slot":"Slot05_Size2", "Item":"Int_StellarBodyDiscoveryScanner_Advanced", "On":true, "Priority":1, "Health":0.969358, "Value":1545000 }, { "Slot":"Slot06_Size2", "Item":"Int_DetailedSurfaceScanner_Tiny", "On":true, "Priority":1, "Health":1.000000, "Value":250000 }, { "Slot":"PlanetaryApproachSuite", "Item":"Int_PlanetApproachSuite", "On":true, "Priority":1, "Health":1.000000, "Value":500 }, { "Slot":"ShipCockpit", "Item":"DiamondBackXL_Cockpit", "On":true, "Priority":1, "Health":1.000000, "Value":0 }, { "Slot":"CargoHatch", "Item":"ModularCargoBayDoor", "On":true, "Priority":2, "Health":0.948078, "Value":0 } ] }
{ "timestamp":"2017-11-01T07:21:03Z", "event":"Materials", "Raw":[ { "Name":"carbon", "Count":14 }, { "Name":"iron", "Count":26 }, { "Name":"chromium", "Count":12 }, { "Name":"nickel", "Count":22 }, { "Name":"manganese", "Count":24 }, { "Name":"vanadium", "Count":3 }, { "Name":"zinc", "Count":6 }, { "Name":"sulphur", "Count":9 }, { "Name":"tungsten", "Count":3 } ], "Manufactured":[ { "Name":"mechanicalscrap", "Count":8 }, { "Name":"gridresistors", "Count":3 }, { "Name":"heatdispersionplate", "Count":5 }, { "Name":"salvagedalloys", "Count":6 }, { "Name":"hybridcapacitors", "Count":5 }, { "Name":"heatconductionwiring", "Count":2 } ], "Encoded":[ { "Name":"shieldsoakanalysis", "Count":3 }, { "Name":"disruptedwakeechoes", "Count":5 }, { "Name":"shieldcyclerecordings", "Count":9 }, { "Name":"emissiondata", "Count":3 }, { "Name":"bulkscandata", "Count":9 }, { "Name":"scrambledemissiondata", "Count":7 }, { "Name":"archivedemissiondata", "Count":3 }, { "Name":"shielddensityreports", "Count":9 }, { "Name":"legacyfirmware", "Count":1 } ] }
{ "timestamp":"2017-11-01T07:21:03Z", "event":"LoadGame", "Commander":"Igaguri", "Ship":"DiamondBackXL", "ShipID":2, "ShipName":"KONNYAKU", "ShipIdent":"IG-E01", "FuelLevel":26.537861, "FuelCapacity":32.000000, "GameMode":"Open", "Credits":726550, "Loan":0 }
{ "timestamp":"2017-11-01T07:21:03Z", "event":"Rank", "Combat":1, "Trade":4, "Explore":4, "Empire":0, "Federation":1, "CQC":0 }
{ "timestamp":"2017-11-01T07:21:03Z", "event":"Progress", "Combat":26, "Trade":1, "Explore":12, "Empire":0, "Federation":100, "CQC":0 }
{ "timestamp":"2017-11-01T07:21:13Z", "event":"Location", "Docked":false, "StarSystem":"Prieluia ZK-D c26-2", "StarPos":[954.688,140.375,9025.969], "SystemAllegiance":"", "SystemEconomy":"$economy_None;", "SystemEconomy_Localised":"None", "SystemGovernment":"$government_None;", "SystemGovernment_Localised":"None", "SystemSecurity":"$GAlAXY_MAP_INFO_state_anarchy;", "SystemSecurity_Localised":"Anarchy", "Population":0, "Body":"Prieluia ZK-D c26-2 A", "BodyType":"Star" }
{ "timestamp":"2017-11-01T07:21:14Z", "event":"Music", "MusicTrack":"NoTrack" }
{ "timestamp":"2017-11-01T07:21:14Z", "event":"Music", "MusicTrack":"Exploration" }
{ "timestamp":"2017-11-01T07:21:27Z", "event":"Music", "MusicTrack":"SystemMap" }
{ "timestamp":"2017-11-01T07:21:32Z", "event":"Music", "MusicTrack":"Exploration" }
{ "timestamp":"2017-11-01T07:21:52Z", "event":"StartJump", "JumpType":"Supercruise" }
{ "timestamp":"2017-11-01T07:21:57Z", "event":"SupercruiseEntry", "StarSystem":"Prieluia ZK-D c26-2" }
{ "timestamp":"2017-11-01T07:21:58Z", "event":"Music", "MusicTrack":"Supercruise" }
{ "timestamp":"2017-11-01T07:22:03Z", "event":"Music", "MusicTrack":"GalaxyMap" }
{ "timestamp":"2017-11-01T07:22:06Z", "event":"Music", "MusicTrack":"Supercruise" }
{ "timestamp":"2017-11-01T07:22:29Z", "event":"FuelScoop", "Scooped":5.003863, "Total":31.541725 }
{ "timestamp":"2017-11-01T07:22:32Z", "event":"FuelScoop", "Scooped":0.458284, "Total":32.000000 }
{ "timestamp":"2017-11-01T07:22:52Z", "event":"StartJump", "JumpType":"Hyperspace", "StarSystem":"Prieluia DC-F b53-7", "StarClass":"M" }
{ "timestamp":"2017-11-01T07:22:57Z", "event":"Music", "MusicTrack":"NoTrack" }
{ "timestamp":"2017-11-01T07:23:10Z", "event":"FSDJump", "StarSystem":"Prieluia DC-F b53-7", "StarPos":[959.156,143.219,9051.375], "SystemAllegiance":"", "SystemEconomy":"$economy_None;", "SystemEconomy_Localised":"None", "SystemGovernment":"$government_None;", "SystemGovernment_Localised":"None", "SystemSecurity":"$GAlAXY_MAP_INFO_state_anarchy;", "SystemSecurity_Localised":"Anarchy", "Population":0, "JumpDist":25.953, "FuelUsed":4.005973, "FuelLevel":27.994026 }
{ "timestamp":"2017-11-01T07:23:10Z", "event":"Music", "MusicTrack":"Supercruise" }
{ "timestamp":"2017-11-01T07:23:34Z", "event":"FuelScoop", "Scooped":3.761484, "Total":31.755512 }
{ "timestamp":"2017-11-01T07:23:39Z", "event":"Music", "MusicTrack":"SystemMap" }
{ "timestamp":"2017-11-01T07:23:45Z", "event":"Music", "MusicTrack":"Supercruise" }
{ "timestamp":"2017-11-01T07:24:13Z", "event":"Scan", "BodyName":"Prieluia DC-F b53-7 A 1", "DistanceFromArrivalLS":172.735611, "TidalLock":true, "TerraformState":"", "PlanetClass":"Water world", "Atmosphere":"thick argon rich atmosphere", "AtmosphereType":"ArgonRich", "AtmosphereComposition":[ { "Name":"Nitrogen", "Percent":96.052979 }, { "Name":"Argon", "Percent":3.838192 }, { "Name":"Ammonia", "Percent":0.086212 } ], "Volcanism":"major water geysers volcanism", "MassEM":1.724682, "Radius":9149669.000000, "SurfaceGravity":8.211219, "SurfaceTemperature":275.126312, "SurfacePressure":73400624.000000, "Landable":false, "SemiMajorAxis":52122845184.000000, "Eccentricity":0.010000, "OrbitalInclination":-0.202566, "Periapsis":76.128166, "OrbitalPeriod":10331686.000000, "RotationPeriod":10331902.000000, "AxialTilt":0.156726, "Rings":[ { "Name":"Prieluia DC-F b53-7 A 1 A Ring", "RingClass":"eRingClass_Rocky", "MassMT":3.3276e+09, "InnerRad":2.237e+07, "OuterRad":4.3652e+07 } ], "ReserveLevel":"PristineResources" }
{ "timestamp":"2017-11-01T07:24:19Z", "event":"Music", "MusicTrack":"SystemMap" }
{ "timestamp":"2017-11-01T07:24:24Z", "event":"Music", "MusicTrack":"Supercruise" }
{ "timestamp":"2017-11-01T07:24:26Z", "event":"Music", "MusicTrack":"SystemMap" }
{ "timestamp":"2017-11-01T07:24:28Z", "event":"Music", "MusicTrack":"Supercruise" }
{ "timestamp":"2017-11-01T07:24:51Z", "event":"StartJump", "JumpType":"Hyperspace", "StarSystem":"Prieluia LO-B b55-2", "StarClass":"M" }
{ "timestamp":"2017-11-01T07:24:56Z", "event":"Music", "MusicTrack":"NoTrack" }
{ "timestamp":"2017-11-01T07:25:10Z", "event":"FSDJump", "StarSystem":"Prieluia LO-B b55-2", "StarPos":[966.000,140.375,9075.781], "SystemAllegiance":"", "SystemEconomy":"$economy_None;", "SystemEconomy_Localised":"None", "SystemGovernment":"$government_None;", "SystemGovernment_Localised":"None", "SystemSecurity":"$GAlAXY_MAP_INFO_state_anarchy;", "SystemSecurity_Localised":"Anarchy", "Population":0, "JumpDist":25.507, "FuelUsed":3.833392, "FuelLevel":27.922121 }
{ "timestamp":"2017-11-01T07:25:10Z", "event":"Music", "MusicTrack":"Supercruise" }
{ "timestamp":"2017-11-01T07:25:29Z", "event":"FuelScoop", "Scooped":2.676855, "Total":30.598963 }
{ "timestamp":"2017-11-01T07:25:49Z", "event":"StartJump", "JumpType":"Hyperspace", "StarSystem":"Prieluia QU-Z b55-8", "StarClass":"M" }
{ "timestamp":"2017-11-01T07:25:55Z", "event":"Music", "MusicTrack":"NoTrack" }
{ "timestamp":"2017-11-01T07:26:08Z", "event":"FSDJump", "StarSystem":"Prieluia QU-Z b55-8", "StarPos":[976.250,135.281,9098.406], "SystemAllegiance":"", "SystemEconomy":"$economy_None;", "SystemEconomy_Localised":"None", "SystemGovernment":"$government_None;", "SystemGovernment_Localised":"None", "SystemSecurity":"$GAlAXY_MAP_INFO_state_anarchy;", "SystemSecurity_Localised":"Anarchy", "Population":0, "JumpDist":25.355, "FuelUsed":3.750846, "FuelLevel":26.848118 }
{ "timestamp":"2017-11-01T07:26:08Z", "event":"Music", "MusicTrack":"Supercruise" }
{ "timestamp":"2017-11-01T07:26:47Z", "event":"FuelScoop", "Scooped":1.850464, "Total":28.698595 }
{ "timestamp":"2017-11-01T07:27:55Z", "event":"StartJump", "JumpType":"Hyperspace", "StarSystem":"Prieluia UA-Y b56-7", "StarClass":"M" }
{ "timestamp":"2017-11-01T07:28:00Z", "event":"Music", "MusicTrack":"NoTrack" }
{ "timestamp":"2017-11-01T07:28:14Z", "event":"FSDJump", "StarSystem":"Prieluia UA-Y b56-7", "StarPos":[977.469,139.344,9124.063], "SystemAllegiance":"", "SystemEconomy":"$economy_None;", "SystemEconomy_Localised":"None", "SystemGovernment":"$government_None;", "SystemGovernment_Localised":"None", "SystemSecurity":"$GAlAXY_MAP_INFO_state_anarchy;", "SystemSecurity_Localised":"Anarchy", "Population":0, "JumpDist":26.004, "FuelUsed":3.942771, "FuelLevel":24.755823 }
{ "timestamp":"2017-11-01T07:28:14Z", "event":"Music", "MusicTrack":"Supercruise" }
{ "timestamp":"2017-11-01T07:28:23Z", "event":"Music", "MusicTrack":"SystemMap" }
{ "timestamp":"2017-11-01T07:28:24Z", "event":"Music", "MusicTrack":"Supercruise" }
{ "timestamp":"2017-11-01T07:28:32Z", "event":"FuelScoop", "Scooped":2.223279, "Total":26.979090 }
{ "timestamp":"2017-11-01T07:28:46Z", "event":"StartJump", "JumpType":"Hyperspace", "StarSystem":"Prieluia XG-W b57-5", "StarClass":"M" }
{ "timestamp":"2017-11-01T07:28:52Z", "event":"Music", "MusicTrack":"NoTrack" }
{ "timestamp":"2017-11-01T07:29:05Z", "event":"FSDJump", "StarSystem":"Prieluia XG-W b57-5", "StarPos":[972.844,138.500,9145.375], "SystemAllegiance":"", "SystemEconomy":"$economy_None;", "SystemEconomy_Localised":"None", "SystemGovernment":"$government_None;", "SystemGovernment_Localised":"None", "SystemSecurity":"$GAlAXY_MAP_INFO_state_anarchy;", "SystemSecurity_Localised":"Anarchy", "Population":0, "JumpDist":21.825, "FuelUsed":2.538354, "FuelLevel":24.440735 }
{ "timestamp":"2017-11-01T07:29:05Z", "event":"Music", "MusicTrack":"Supercruise" }
{ "timestamp":"2017-11-01T07:29:15Z", "event":"Music", "MusicTrack":"SystemMap" }
{ "timestamp":"2017-11-01T07:29:15Z", "event":"Music", "MusicTrack":"Supercruise" }
{ "timestamp":"2017-11-01T07:29:25Z", "event":"FuelScoop", "Scooped":2.651197, "Total":27.091951 }
{ "timestamp":"2017-11-01T07:29:36Z", "event":"StartJump", "JumpType":"Hyperspace", "StarSystem":"Prieluia BN-U b58-11", "StarClass":"M" }
{ "timestamp":"2017-11-01T07:29:42Z", "event":"Music", "MusicTrack":"NoTrack" }
{ "timestamp":"2017-11-01T07:29:55Z", "event":"FSDJump", "StarSystem":"Prieluia BN-U b58-11", "StarPos":[967.656,143.469,9169.594], "SystemAllegiance":"", "SystemEconomy":"$economy_None;", "SystemEconomy_Localised":"None", "SystemGovernment":"$government_None;", "SystemGovernment_Localised":"None", "SystemSecurity":"$GAlAXY_MAP_INFO_state_anarchy;", "SystemSecurity_Localised":"Anarchy", "Population":0, "JumpDist":25.262, "FuelUsed":3.627000, "FuelLevel":23.464951 }
{ "timestamp":"2017-11-01T07:29:55Z", "event":"Music", "MusicTrack":"Supercruise" }
{ "timestamp":"2017-11-01T07:30:03Z", "event":"Music", "MusicTrack":"SystemMap" }
{ "timestamp":"2017-11-01T07:30:06Z", "event":"Music", "MusicTrack":"Supercruise" }
{ "timestamp":"2017-11-01T07:30:11Z", "event":"FuelScoop", "Scooped":1.844007, "Total":25.308983 }
{ "timestamp":"2017-11-01T07:30:24Z", "event":"StartJump", "JumpType":"Hyperspace", "StarSystem":"Plaa Ain IK-A d33", "StarClass":"F" }
{ "timestamp":"2017-11-01T07:30:29Z", "event":"Music", "MusicTrack":"NoTrack" }
{ "timestamp":"2017-11-01T07:30:43Z", "event":"FSDJump", "StarSystem":"Plaa Ain IK-A d33", "StarPos":[957.219,143.750,9191.563], "SystemAllegiance":"", "SystemEconomy":"$economy_None;", "SystemEconomy_Localised":"None", "SystemGovernment":"$government_None;", "SystemGovernment_Localised":"None", "SystemSecurity":"$GAlAXY_MAP_INFO_state_anarchy;", "SystemSecurity_Localised":"Anarchy", "Population":0, "JumpDist":24.324, "FuelUsed":3.273098, "FuelLevel":22.035885 }
{ "timestamp":"2017-11-01T07:30:43Z", "event":"Music", "MusicTrack":"Supercruise" }
{ "timestamp":"2017-11-01T07:30:53Z", "event":"Music", "MusicTrack":"SystemMap" }
{ "timestamp":"2017-11-01T07:30:54Z", "event":"Music", "MusicTrack":"Supercruise" }
{ "timestamp":"2017-11-01T07:31:06Z", "event":"Scan", "BodyName":"Plaa Ain IK-A d33 A", "DistanceFromArrivalLS":0.000000, "StarType":"F", "StellarMass":1.605469, "Radius":851779456.000000, "AbsoluteMagnitude":3.436386, "Age_MY":1420, "SurfaceTemperature":7196.000000, "Luminosity":"Vb", "SemiMajorAxis":8443216265216.000000, "Eccentricity":0.305695, "OrbitalInclination":76.382385, "Periapsis":184.492294, "OrbitalPeriod":41833816064.000000, "RotationPeriod":64678.011719, "AxialTilt":0.000000 }
{ "timestamp":"2017-11-01T07:31:44Z", "event":"FuelScoop", "Scooped":5.001603, "Total":27.037485 }
{ "timestamp":"2017-11-01T07:32:01Z", "event":"FuelScoop", "Scooped":4.962513, "Total":32.000000 }
{ "timestamp":"2017-11-01T07:32:47Z", "event":"StartJump", "JumpType":"Hyperspace", "StarSystem":"Plaa Ain NV-Z b7", "StarClass":"M" }
{ "timestamp":"2017-11-01T07:32:53Z", "event":"Music", "MusicTrack":"NoTrack" }
{ "timestamp":"2017-11-01T07:33:06Z", "event":"FSDJump", "StarSystem":"Plaa Ain NV-Z b7", "StarPos":[969.313,143.750,9212.469], "SystemAllegiance":"", "SystemEconomy":"$economy_None;", "SystemEconomy_Localised":"None", "SystemGovernment":"$government_None;", "SystemGovernment_Localised":"None", "SystemSecurity":"$GAlAXY_MAP_INFO_state_anarchy;", "SystemSecurity_Localised":"Anarchy", "Population":0, "JumpDist":24.152, "FuelUsed":3.359180, "FuelLevel":28.640820 }
{ "timestamp":"2017-11-01T07:33:06Z", "event":"Music", "MusicTrack":"Supercruise" }
{ "timestamp":"2017-11-01T07:33:21Z", "event":"Music", "MusicTrack":"SystemMap" }
{ "timestamp":"2017-11-01T07:33:24Z", "event":"Music", "MusicTrack":"Supercruise" }
{ "timestamp":"2017-11-01T07:33:25Z", "event":"FuelScoop", "Scooped":2.670900, "Total":31.311687 }
{ "timestamp":"2017-11-01T07:33:41Z", "event":"StartJump", "JumpType":"Hyperspace", "StarSystem":"Plaa Ain WA-Z c34", "StarClass":"G" }
{ "timestamp":"2017-11-01T07:33:46Z", "event":"Music", "MusicTrack":"NoTrack" }
{ "timestamp":"2017-11-01T07:34:00Z", "event":"FSDJump", "StarSystem":"Plaa Ain WA-Z c34", "StarPos":[976.406,154.813,9232.969], "SystemAllegiance":"", "SystemEconomy":"$economy_None;", "SystemEconomy_Localised":"None", "SystemGovernment":"$government_None;", "SystemGovernment_Localised":"None", "SystemSecurity":"$GAlAXY_MAP_INFO_state_anarchy;", "SystemSecurity_Localised":"Anarchy", "Population":0, "JumpDist":24.351, "FuelUsed":3.412099, "FuelLevel":27.899590 }
{ "timestamp":"2017-11-01T07:34:00Z", "event":"Music", "MusicTrack":"Supercruise" }
{ "timestamp":"2017-11-01T07:34:10Z", "event":"Music", "MusicTrack":"SystemMap" }
{ "timestamp":"2017-11-01T07:34:18Z", "event":"Music", "MusicTrack":"Supercruise" }
{ "timestamp":"2017-11-01T07:34:25Z", "event":"Scan", "BodyName":"Plaa Ain WA-Z c34", "DistanceFromArrivalLS":0.000000, "StarType":"G", "StellarMass":0.757813, "Radius":622231360.000000, "AbsoluteMagnitude":5.475739, "Age_MY":10014, "SurfaceTemperature":5265.000000, "Luminosity":"Vab", "RotationPeriod":262933.312500, "AxialTilt":0.000000 }
{ "timestamp":"2017-11-01T07:34:25Z", "event":"Music", "MusicTrack":"SystemMap" }
{ "timestamp":"2017-11-01T07:34:27Z", "event":"Music", "MusicTrack":"Supercruise" }
{ "timestamp":"2017-11-01T07:34:49Z", "event":"FuelScoop", "Scooped":4.100409, "Total":32.000000 }
{ "timestamp":"2017-11-01T07:35:59Z", "event":"Music", "MusicTrack":"SystemMap" }
{ "timestamp":"2017-11-01T07:36:00Z", "event":"Music", "MusicTrack":"Supercruise" }
{ "timestamp":"2017-11-01T07:36:02Z", "event":"Scan", "BodyName":"Plaa Ain WA-Z c34 2", "DistanceFromArrivalLS":469.979706, "TidalLock":false, "TerraformState":"Terraformable", "PlanetClass":"Water world", "Atmosphere":"nitrogen atmosphere", "AtmosphereType":"Nitrogen", "AtmosphereComposition":[ { "Name":"Nitrogen", "Percent":83.869156 }, { "Name":"Oxygen", "Percent":15.200821 }, { "Name":"CarbonDioxide", "Percent":0.905402 } ], "Volcanism":"", "MassEM":0.377857, "Radius":4528389.000000, "SurfaceGravity":7.344280, "SurfaceTemperature":265.076019, "SurfacePressure":89163.132813, "Landable":false, "SemiMajorAxis":140867567616.000000, "Eccentricity":0.000415, "OrbitalInclination":-0.000361, "Periapsis":38.638016, "OrbitalPeriod":33120952.000000, "RotationPeriod":223405.031250, "AxialTilt":-0.516808 }
{ "timestamp":"2017-11-01T07:36:03Z", "event":"Music", "MusicTrack":"SystemMap" }
{ "timestamp":"2017-11-01T07:36:05Z", "event":"Music", "MusicTrack":"Supercruise" }
{ "timestamp":"2017-11-01T07:37:31Z", "event":"Scan", "BodyName":"Plaa Ain WA-Z c34 3", "DistanceFromArrivalLS":710.785156, "TidalLock":false, "TerraformState":"", "PlanetClass":"Water world", "Atmosphere":"carbon dioxide rich atmosphere", "AtmosphereType":"CarbonDioxideRich", "AtmosphereComposition":[ { "Name":"Nitrogen", "Percent":68.449547 }, { "Name":"CarbonDioxide", "Percent":15.620594 }, { "Name":"Oxygen", "Percent":15.538247 } ], "Volcanism":"", "MassEM":0.471136, "Radius":4847155.000000, "SurfaceGravity":7.992482, "SurfaceTemperature":267.372345, "SurfacePressure":142927.625000, "Landable":false, "SemiMajorAxis":213318795264.000000, "Eccentricity":0.001807, "OrbitalInclination":0.014352, "Periapsis":282.972290, "OrbitalPeriod":61720576.000000, "RotationPeriod":112090.273438, "AxialTilt":-0.259249 }
{ "timestamp":"2017-11-01T07:37:32Z", "event":"Music", "MusicTrack":"SystemMap" }
{ "timestamp":"2017-11-01T07:37:35Z", "event":"Music", "MusicTrack":"Supercruise" }
{ "timestamp":"2017-11-01T07:38:00Z", "event":"StartJump", "JumpType":"Hyperspace", "StarSystem":"Plaa Ain ZN-U b3-11", "StarClass":"M" }
{ "timestamp":"2017-11-01T07:38:06Z", "event":"Music", "MusicTrack":"NoTrack" }
{ "timestamp":"2017-11-01T07:38:19Z", "event":"FSDJump", "StarSystem":"Plaa Ain ZN-U b3-11", "StarPos":[974.563,153.313,9257.344], "SystemAllegiance":"", "SystemEconomy":"$economy_None;", "SystemEconomy_Localised":"None", "SystemGovernment":"$government_None;", "SystemGovernment_Localised":"None", "SystemSecurity":"$GAlAXY_MAP_INFO_state_anarchy;", "SystemSecurity_Localised":"Anarchy", "Population":0, "JumpDist":24.491, "FuelUsed":3.464418, "FuelLevel":28.015581 }
{ "timestamp":"2017-11-01T07:38:19Z", "event":"Music", "MusicTrack":"Supercruise" }
{ "timestamp":"2017-11-01T07:38:30Z", "event":"Music", "MusicTrack":"SystemMap" }
{ "timestamp":"2017-11-01T07:38:31Z", "event":"Music", "MusicTrack":"Supercruise" }
{ "timestamp":"2017-11-01T07:38:35Z", "event":"FuelScoop", "Scooped":1.662890, "Total":29.678440 }
{ "timestamp":"2017-11-01T07:38:50Z", "event":"StartJump", "JumpType":"Hyperspace", "StarSystem":"Plaa Ain AH-X c1-42", "StarClass":"G" }
{ "timestamp":"2017-11-01T07:38:55Z", "event":"Music", "MusicTrack":"NoTrack" }
{ "timestamp":"2017-11-01T07:39:08Z", "event":"FSDJump", "StarSystem":"Plaa Ain AH-X c1-42", "StarPos":[978.625,155.969,9282.781], "SystemAllegiance":"", "SystemEconomy":"$economy_None;", "SystemEconomy_Localised":"None", "SystemGovernment":"$government_None;", "SystemGovernment_Localised":"None", "SystemSecurity":"$GAlAXY_MAP_INFO_state_anarchy;", "SystemSecurity_Localised":"Anarchy", "Population":0, "JumpDist":25.896, "FuelUsed":3.926655, "FuelLevel":25.751785 }
{ "timestamp":"2017-11-01T07:39:09Z", "event":"Music", "MusicTrack":"Supercruise" }
{ "timestamp":"2017-11-01T07:39:18Z", "event":"Music", "MusicTrack":"SystemMap" }
{ "timestamp":"2017-11-01T07:39:32Z", "event":"Scan", "BodyName":"Plaa Ain AH-X c1-42 A", "DistanceFromArrivalLS":0.000000, "StarType":"G", "StellarMass":0.867188, "Radius":686734080.000000, "AbsoluteMagnitude":5.081284, "Age_MY":5346, "SurfaceTemperature":5488.000000, "Luminosity":"Vab", "SemiMajorAxis":10632738897920.000000, "Eccentricity":0.212073, "OrbitalInclination":18.327755, "Periapsis":335.216888, "OrbitalPeriod":26837676032.000000, "RotationPeriod":389192.968750, "AxialTilt":0.000000 }
{ "timestamp":"2017-11-01T07:40:25Z", "event":"Music", "MusicTrack":"Supercruise" }
{ "timestamp":"2017-11-01T07:42:13Z", "event":"FuelScoop", "Scooped":5.000127, "Total":30.751940 }
{ "timestamp":"2017-11-01T07:42:18Z", "event":"FuelScoop", "Scooped":1.248070, "Total":32.000000 }
{ "timestamp":"2017-11-01T07:42:37Z", "event":"Music", "MusicTrack":"SystemMap" }
{ "timestamp":"2017-11-01T07:42:38Z", "event":"Music", "MusicTrack":"Supercruise" }
{ "timestamp":"2017-11-01T07:42:45Z", "event":"StartJump", "JumpType":"Hyperspace", "StarSystem":"Plaa Ain IA-R b5-4", "StarClass":"M" }
{ "timestamp":"2017-11-01T07:42:50Z", "event":"Music", "MusicTrack":"NoTrack" }
{ "timestamp":"2017-11-01T07:43:04Z", "event":"FSDJump", "StarSystem":"Plaa Ain IA-R b5-4", "StarPos":[978.281,152.844,9307.219], "SystemAllegiance":"", "SystemEconomy":"$economy_None;", "SystemEconomy_Localised":"None", "SystemGovernment":"$government_None;", "SystemGovernment_Localised":"None", "SystemSecurity":"$GAlAXY_MAP_INFO_state_anarchy;", "SystemSecurity_Localised":"Anarchy", "Population":0, "JumpDist":24.639, "FuelUsed":3.527520, "FuelLevel":28.472479 }
{ "timestamp":"2017-11-01T07:43:04Z", "event":"Music", "MusicTrack":"Supercruise" }
{ "timestamp":"2017-11-01T07:43:19Z", "event":"Music", "MusicTrack":"SystemMap" }
{ "timestamp":"2017-11-01T07:43:20Z", "event":"FuelScoop", "Scooped":1.805542, "Total":30.277996 }
{ "timestamp":"2017-11-01T07:43:21Z", "event":"Music", "MusicTrack":"Supercruise" }
{ "timestamp":"2017-11-01T07:43:22Z", "event":"Music", "MusicTrack":"SystemMap" }
{ "timestamp":"2017-11-01T07:43:23Z", "event":"Music", "MusicTrack":"Supercruise" }
{ "timestamp":"2017-11-01T07:43:44Z", "event":"StartJump", "JumpType":"Hyperspace", "StarSystem":"Plaa Ain DN-V c2-39", "StarClass":"K" }
{ "timestamp":"2017-11-01T07:43:50Z", "event":"Music", "MusicTrack":"NoTrack" }
{ "timestamp":"2017-11-01T07:44:03Z", "event":"FSDJump", "StarSystem":"Plaa Ain DN-V c2-39", "StarPos":[970.188,149.000,9329.281], "SystemAllegiance":"", "SystemEconomy":"$economy_None;", "SystemEconomy_Localised":"None", "SystemGovernment":"$government_None;", "SystemGovernment_Localised":"None", "SystemSecurity":"$GAlAXY_MAP_INFO_state_anarchy;", "SystemSecurity_Localised":"Anarchy", "Population":0, "JumpDist":23.813, "FuelUsed":3.209614, "FuelLevel":27.068382 }
{ "timestamp":"2017-11-01T07:44:03Z", "event":"Music", "MusicTrack":"Supercruise" }
{ "timestamp":"2017-11-01T07:44:14Z", "event":"Music", "MusicTrack":"SystemMap" }
{ "timestamp":"2017-11-01T07:44:20Z", "event":"Music", "MusicTrack":"Supercruise" }
{ "timestamp":"2017-11-01T07:44:26Z", "event":"Scan", "BodyName":"Plaa Ain DN-V c2-39 A", "DistanceFromArrivalLS":0.000000, "StarType":"K", "StellarMass":0.609375, "Radius":482252640.000000, "AbsoluteMagnitude":6.712219, "Age_MY":4936, "SurfaceTemperature":4499.000000, "Luminosity":"Vab", "SemiMajorAxis":48484732370944.000000, "Eccentricity":0.086415, "OrbitalInclination":-13.351280, "Periapsis":277.437378, "OrbitalPeriod":660845166592.000000, "RotationPeriod":160388.859375, "AxialTilt":0.000000, "Rings":[ { "Name":"Plaa Ain DN-V c2-39 A A Belt", "RingClass":"eRingClass_Rocky", "MassMT":1.0278e+14, "InnerRad":9.4317e+08, "OuterRad":2.0458e+09 }, { "Name":"Plaa Ain DN-V c2-39 A B Belt", "RingClass":"eRingClass_Rocky", "MassMT":1.7599e+14, "InnerRad":1.6171e+10, "OuterRad":4.1072e+11 } ] }
{ "timestamp":"2017-11-01T07:45:13Z", "event":"FuelScoop", "Scooped":4.931603, "Total":32.000000 }
{ "timestamp":"2017-11-01T07:45:29Z", "event":"StartJump", "JumpType":"Hyperspace", "StarSystem":"Plaa Ain IT-T c3-36", "StarClass":"K" }
{ "timestamp":"2017-11-01T07:45:34Z", "event":"Music", "MusicTrack":"NoTrack" }
{ "timestamp":"2017-11-01T07:45:47Z", "event":"FSDJump", "StarSystem":"Plaa Ain IT-T c3-36", "StarPos":[978.875,146.188,9353.656], "SystemAllegiance":"", "SystemEconomy":"$economy_None;", "SystemEconomy_Localised":"None", "SystemGovernment":"$government_None;", "SystemGovernment_Localised":"None", "SystemSecurity":"$GAlAXY_MAP_INFO_state_anarchy;", "SystemSecurity_Localised":"Anarchy", "Population":0, "JumpDist":26.029, "FuelUsed":4.035390, "FuelLevel":27.964609 }
{ "timestamp":"2017-11-01T07:45:47Z", "event":"Music", "MusicTrack":"Supercruise" }
{ "timestamp":"2017-11-01T07:45:57Z", "event":"Music", "MusicTrack":"SystemMap" }
{ "timestamp":"2017-11-01T07:46:00Z", "event":"Music", "MusicTrack":"Supercruise" }
{ "timestamp":"2017-11-01T07:46:10Z", "event":"Scan", "BodyName":"Plaa Ain IT-T c3-36 A", "DistanceFromArrivalLS":0.000000, "StarType":"K", "StellarMass":0.890625, "Radius":622974208.000000, "AbsoluteMagnitude":5.786118, "Age_MY":9048, "SurfaceTemperature":4899.000000, "Luminosity":"Va", "SemiMajorAxis":2276443392.000000, "Eccentricity":0.096605, "OrbitalInclination":18.398676, "Periapsis":88.038345, "OrbitalPeriod":164980.296875, "RotationPeriod":364361.812500, "AxialTilt":0.000000 }
{ "timestamp":"2017-11-01T07:46:34Z", "event":"Scan", "BodyName":"Plaa Ain IT-T c3-36 C", "DistanceFromArrivalLS":17.771915, "StarType":"L", "StellarMass":0.121094, "Radius":191024768.000000, "AbsoluteMagnitude":13.302475, "Age_MY":9048, "SurfaceTemperature":1568.000000, "Luminosity":"V", "SemiMajorAxis":834635840.000000, "Eccentricity":0.003348, "OrbitalInclination":43.207729, "Periapsis":135.064011, "OrbitalPeriod":21307.792969, "RotationPeriod":97981.921875, "AxialTilt":0.000000 }
{ "timestamp":"2017-11-01T07:46:43Z", "event":"Music", "MusicTrack":"SystemMap" }
{ "timestamp":"2017-11-01T07:46:50Z", "event":"Scan", "BodyName":"Plaa Ain IT-T c3-36 B", "DistanceFromArrivalLS":15.716863, "StarType":"K", "StellarMass":0.562500, "Radius":455997376.000000, "AbsoluteMagnitude":7.481277, "Age_MY":9048, "SurfaceTemperature":3876.000000, "Luminosity":"Va", "SemiMajorAxis":179678544.000000, "Eccentricity":0.003348, "OrbitalInclination":43.207729, "Periapsis":315.064026, "OrbitalPeriod":21307.792969, "RotationPeriod":237021.218750, "AxialTilt":0.000000 }
{ "timestamp":"2017-11-01T07:46:55Z", "event":"Music", "MusicTrack":"Supercruise" }
{ "timestamp":"2017-11-01T07:47:22Z", "event":"FuelScoop", "Scooped":4.035359, "Total":32.000000 }
{ "timestamp":"2017-11-01T07:47:52Z", "event":"Music", "MusicTrack":"SystemMap" }
{ "timestamp":"2017-11-01T07:47:54Z", "event":"Music", "MusicTrack":"Supercruise" }
{ "timestamp":"2017-11-01T07:49:07Z", "event":"Music", "MusicTrack":"SystemMap" }
{ "timestamp":"2017-11-01T07:49:34Z", "event":"Music", "MusicTrack":"Supercruise" }
{ "timestamp":"2017-11-01T07:49:54Z", "event":"Scan", "BodyName":"Plaa Ain IT-T c3-36 D", "DistanceFromArrivalLS":2594.685303, "StarType":"K", "StellarMass":0.605469, "Radius":535145280.000000, "AbsoluteMagnitude":6.570023, "Age_MY":9048, "SurfaceTemperature":4413.000000, "Luminosity":"Va", "SemiMajorAxis":558328774656.000000, "Eccentricity":0.043040, "OrbitalInclination":-41.602375, "Periapsis":18.580704, "OrbitalPeriod":251079008.000000, "RotationPeriod":231156.875000, "AxialTilt":0.000000 }
{ "timestamp":"2017-11-01T07:49:55Z", "event":"Music", "MusicTrack":"SystemMap" }
{ "timestamp":"2017-11-01T07:50:45Z", "event":"Music", "MusicTrack":"Supercruise" }
