{ "timestamp":"2017-11-01T06:50:33Z", "event":"Fileheader", "part":1, "language":"English\\UK", "gameversion":"2.4", "build":"r156431/r0 " }
{ "timestamp":"2017-11-01T06:50:33Z", "event":"Music", "MusicTrack":"NoTrack" }
{ "timestamp":"2017-11-01T06:50:33Z", "event":"Music", "MusicTrack":"MainMenu" }
{ "timestamp":"2017-11-01T06:55:50Z", "event":"Cargo", "Inventory":[  ] }
{ "timestamp":"2017-11-01T06:55:50Z", "event":"Loadout", "Ship":"DiamondBackXL", "ShipID":2, "ShipName":"KONNYAKU", "ShipIdent":"IG-E01", "Modules":[ { "Slot":"LargeHardpoint1", "Item":"Hpt_PulseLaser_Gimbal_Large", "On":true, "Priority":2, "Health":0.941472, "Value":140600 }, { "Slot":"MediumHardpoint2", "Item":"Hpt_MiningLaser_Fixed_Small", "On":true, "Priority":1, "Health":0.953362, "Value":6800 }, { "Slot":"TinyHardpoint1", "Item":"Hpt_HeatSinkLauncher_Turret_Tiny", "On":true, "Priority":0, "AmmoInClip":1, "AmmoInHopper":2, "Health":0.953579, "Value":3500 }, { "Slot":"TinyHardpoint2", "Item":"Hpt_HeatSinkLauncher_Turret_Tiny", "On":true, "Priority":0, "AmmoInClip":1, "AmmoInHopper":2, "Health":0.949510, "Value":3500 }, { "Slot":"TinyHardpoint4", "Item":"Hpt_ChaffLauncher_Tiny", "On":true, "Priority":1, "AmmoInClip":1, "AmmoInHopper":10, "Health":0.922569, "Value":8500 }, { "Slot":"Armour", "Item":"DiamondBackXL_Armour_Grade1", "On":true, "Priority":1, "Health":1.000000, "Value":0 }, { "Slot":"PowerPlant", "Item":"Int_Powerplant_Size4_Class4", "On":true, "Priority":1, "Health":0.962441, "Value":536693 }, { "Slot":"MainEngines", "Item":"Int_Engine_Size4_Class4", "On":true, "Priority":0, "Health":1.000000, "Value":536693 }, { "Slot":"FrameShiftDrive", "Item":"Int_Hyperdrive_Size5_Class4", "On":true, "Priority":0, "Health":1.000000, "Value":1701318 }, { "Slot":"LifeSupport", "Item":"Int_LifeSupport_Size3_Class2", "On":true, "Priority":0, "Health":0.937790, "Value":10133 }, { "Slot":"PowerDistributor", "Item":"Int_PowerDistributor_Size4_Class2", "On":true, "Priority":0, "Health":0.998602, "Value":28373 }, { "Slot":"Radar", "Item":"Int_Sensors_Size3_Class2", "On":true, "Priority":3, "Health":0.968630, "Value":10133 }, { "Slot":"FuelTank", "Item":"Int_FuelTank_Size5_Class3", "On":true, "Priority":1, "Health":1.000000, "Value":97754 }, { "Slot":"Decal1", "Item":"Decal_Explorer_Surveyor", "On":true, "Priority":1, "Health":1.000000, "Value":0 }, { "Slot":"Decal2", "Item":"Decal_Explorer_Surveyor", "On":true, "Priority":1, "Health":1.000000, "Value":0 }, { "Slot":"Decal3", "Item":"Decal_Explorer_Surveyor", "On":true, "Priority":1, "Health":1.000000, "Value":0 }, { "Slot":"Slot01_Size4", "Item":"Int_ShieldGenerator_Size4_Class1", "On":true, "Priority":1, "Health":1.000000, "Value":19878 }, { "Slot":"Slot02_Size4", "Item":"Int_FuelScoop_Size4_Class4", "On":true, "Priority":3, "Health":0.944909, "Value":715591 }, { "Slot":"Slot03_Size3", "Item":"Int_BuggyBay_Size2_Class2", "On":true, "Priority":0, "Health":0.973013, "Value":21600 }, { "Slot":"Slot04_Size3", "Item":"Int_Repairer_Size3_Class2", "On":true, "Priority":0, "AmmoInClip":1283, "Health":0.937855, "Value":97200 }, { "Slot":"Slot05_Size2", "Item":"Int_StellarBodyDiscoveryScanner_Advanced", "On":true, "Priority":1, "Health":0.969358, "Value":1545000 }, { "Slot":"Slot06_Size2", "Item":"Int_DetailedSurfaceScanner_Tiny", "On":true, "Priority":1, "Health":1.000000, "Value":250000 }, { "Slot":"PlanetaryApproachSuite", "Item":"Int_PlanetApproachSuite", "On":true, "Priority":1, "Health":1.000000, "Value":500 }, { "Slot":"ShipCockpit", "Item":"DiamondBackXL_Cockpit", "On":true, "Priority":1, "Health":1.000000, "Value":0 }, { "Slot":"CargoHatch", "Item":"ModularCargoBayDoor", "On":true, "Priority":2, "Health":0.948078, "Value":0 } ] }
{ "timestamp":"2017-11-01T06:55:50Z", "event":"Materials", "Raw":[ { "Name":"carbon", "Count":14 }, { "Name":"iron", "Count":26 }, { "Name":"chromium", "Count":12 }, { "Name":"nickel", "Count":22 }, { "Name":"manganese", "Count":24 }, { "Name":"vanadium", "Count":3 }, { "Name":"zinc", "Count":6 }, { "Name":"sulphur", "Count":9 }, { "Name":"tungsten", "Count":3 } ], "Manufactured":[ { "Name":"mechanicalscrap", "Count":8 }, { "Name":"gridresistors", "Count":3 }, { "Name":"heatdispersionplate", "Count":5 }, { "Name":"salvagedalloys", "Count":6 }, { "Name":"hybridcapacitors", "Count":5 }, { "Name":"heatconductionwiring", "Count":2 } ], "Encoded":[ { "Name":"shieldsoakanalysis", "Count":3 }, { "Name":"disruptedwakeechoes", "Count":5 }, { "Name":"shieldcyclerecordings", "Count":9 }, { "Name":"emissiondata", "Count":3 }, { "Name":"bulkscandata", "Count":9 }, { "Name":"scrambledemissiondata", "Count":7 }, { "Name":"archivedemissiondata", "Count":3 }, { "Name":"shielddensityreports", "Count":9 }, { "Name":"legacyfirmware", "Count":1 } ] }
{ "timestamp":"2017-11-01T06:55:50Z", "event":"LoadGame", "Commander":"Igaguri", "Ship":"DiamondBackXL", "ShipID":2, "ShipName":"KONNYAKU", "ShipIdent":"IG-E01", "FuelLevel":32.000000, "FuelCapacity":32.000000, "GameMode":"Open", "Credits":726550, "Loan":0 }
{ "timestamp":"2017-11-01T06:55:50Z", "event":"Rank", "Combat":1, "Trade":4, "Explore":4, "Empire":0, "Federation":1, "CQC":0 }
{ "timestamp":"2017-11-01T06:55:50Z", "event":"Progress", "Combat":26, "Trade":1, "Explore":12, "Empire":0, "Federation":100, "CQC":0 }
{ "timestamp":"2017-11-01T06:56:01Z", "event":"Location", "Docked":false, "StarSystem":"Prieluia JM-K c22-45", "StarPos":[958.219,150.469,8880.031], "SystemAllegiance":"", "SystemEconomy":"$economy_None;", "SystemEconomy_Localised":"None", "SystemGovernment":"$government_None;", "SystemGovernment_Localised":"None", "SystemSecurity":"$GAlAXY_MAP_INFO_state_anarchy;", "SystemSecurity_Localised":"Anarchy", "Population":0, "Body":"Prieluia JM-K c22-45 AB", "BodyType":"Null" }
{ "timestamp":"2017-11-01T06:56:02Z", "event":"Music", "MusicTrack":"NoTrack" }
{ "timestamp":"2017-11-01T06:56:02Z", "event":"Music", "MusicTrack":"Exploration" }
{ "timestamp":"2017-11-01T06:56:12Z", "event":"Music", "MusicTrack":"SystemMap" }
{ "timestamp":"2017-11-01T06:56:14Z", "event":"Music", "MusicTrack":"GalaxyMap" }
{ "timestamp":"2017-11-01T06:59:37Z", "event":"Music", "MusicTrack":"SystemMap" }
{ "timestamp":"2017-11-01T07:03:28Z", "event":"Music", "MusicTrack":"Exploration" }
{ "timestamp":"2017-11-01T07:03:59Z", "event":"StartJump", "JumpType":"Hyperspace", "StarSystem":"Prieluia BL-R b46-8", "StarClass":"M" }
{ "timestamp":"2017-11-01T07:04:05Z", "event":"Music", "MusicTrack":"NoTrack" }
{ "timestamp":"2017-11-01T07:04:18Z", "event":"FSDJump", "StarSystem":"Prieluia BL-R b46-8", "StarPos":[959.219,144.625,8903.500], "SystemAllegiance":"", "SystemEconomy":"$economy_None;", "SystemEconomy_Localised":"None", "SystemGovernment":"$government_None;", "SystemGovernment_Localised":"None", "SystemSecurity":"$GAlAXY_MAP_INFO_state_anarchy;", "SystemSecurity_Localised":"Anarchy", "Population":0, "JumpDist":24.206, "FuelUsed":3.377662, "FuelLevel":28.622337 }
{ "timestamp":"2017-11-01T07:04:18Z", "event":"Music", "MusicTrack":"Supercruise" }
{ "timestamp":"2017-11-01T07:05:04Z", "event":"FuelScoop", "Scooped":2.220189, "Total":30.842520 }
{ "timestamp":"2017-11-01T07:05:22Z", "event":"Music", "MusicTrack":"SystemMap" }
{ "timestamp":"2017-11-01T07:05:28Z", "event":"Music", "MusicTrack":"Supercruise" }
{ "timestamp":"2017-11-01T07:05:44Z", "event":"StartJump", "JumpType":"Hyperspace", "StarSystem":"Prieluia EG-F d11-69", "StarClass":"F" }
{ "timestamp":"2017-11-01T07:05:49Z", "event":"Music", "MusicTrack":"NoTrack" }
{ "timestamp":"2017-11-01T07:06:02Z", "event":"FSDJump", "StarSystem":"Prieluia EG-F d11-69", "StarPos":[961.531,141.594,8928.188], "SystemAllegiance":"", "SystemEconomy":"$economy_None;", "SystemEconomy_Localised":"None", "SystemGovernment":"$government_None;", "SystemGovernment_Localised":"None", "SystemSecurity":"$GAlAXY_MAP_INFO_state_anarchy;", "SystemSecurity_Localised":"Anarchy", "Population":0, "JumpDist":24.980, "FuelUsed":3.621930, "FuelLevel":27.220591 }
{ "timestamp":"2017-11-01T07:06:03Z", "event":"Music", "MusicTrack":"Supercruise" }
{ "timestamp":"2017-11-01T07:06:25Z", "event":"Scan", "BodyName":"Prieluia EG-F d11-69 A", "DistanceFromArrivalLS":0.000000, "StarType":"F", "StellarMass":0.984375, "Radius":646746176.000000, "AbsoluteMagnitude":4.695038, "Age_MY":2510, "SurfaceTemperature":6181.000000, "Luminosity":"VI", "SemiMajorAxis":277703852032.000000, "Eccentricity":0.067616, "OrbitalInclination":-11.318650, "Periapsis":262.510651, "OrbitalPeriod":341277408.000000, "RotationPeriod":351063.250000, "AxialTilt":0.000000 }
{ "timestamp":"2017-11-01T07:08:59Z", "event":"Music", "MusicTrack":"SystemMap" }
{ "timestamp":"2017-11-01T07:09:00Z", "event":"Music", "MusicTrack":"Supercruise" }
{ "timestamp":"2017-11-01T07:09:27Z", "event":"FuelScoop", "Scooped":5.003747, "Total":31.704365 }
{ "timestamp":"2017-11-01T07:09:28Z", "event":"FuelScoop", "Scooped":0.295646, "Total":32.000000 }
{ "timestamp":"2017-11-01T07:10:08Z", "event":"StartJump", "JumpType":"Hyperspace", "StarSystem":"Prieluia JX-N b48-7", "StarClass":"M" }
{ "timestamp":"2017-11-01T07:10:14Z", "event":"Music", "MusicTrack":"NoTrack" }
{ "timestamp":"2017-11-01T07:10:27Z", "event":"FSDJump", "StarSystem":"Prieluia JX-N b48-7", "StarPos":[961.094,135.125,8952.875], "SystemAllegiance":"", "SystemEconomy":"$economy_None;", "SystemEconomy_Localised":"None", "SystemGovernment":"$government_None;", "SystemGovernment_Localised":"None", "SystemSecurity":"$GAlAXY_MAP_INFO_state_anarchy;", "SystemSecurity_Localised":"Anarchy", "Population":0, "JumpDist":25.525, "FuelUsed":3.846311, "FuelLevel":28.153688 }
{ "timestamp":"2017-11-01T07:10:27Z", "event":"Music", "MusicTrack":"Supercruise" }
{ "timestamp":"2017-11-01T07:10:36Z", "event":"Music", "MusicTrack":"SystemMap" }
{ "timestamp":"2017-11-01T07:10:37Z", "event":"Music", "MusicTrack":"Supercruise" }
{ "timestamp":"2017-11-01T07:10:46Z", "event":"FuelScoop", "Scooped":1.250708, "Total":29.404404 }
{ "timestamp":"2017-11-01T07:11:00Z", "event":"StartJump", "JumpType":"Hyperspace", "StarSystem":"Prieluia XZ-E c25-16", "StarClass":"G" }
{ "timestamp":"2017-11-01T07:11:05Z", "event":"Music", "MusicTrack":"NoTrack" }
{ "timestamp":"2017-11-01T07:11:19Z", "event":"FSDJump", "StarSystem":"Prieluia XZ-E c25-16", "StarPos":[957.625,133.375,8977.719], "SystemAllegiance":"", "SystemEconomy":"$economy_None;", "SystemEconomy_Localised":"None", "SystemGovernment":"$government_None;", "SystemGovernment_Localised":"None", "SystemSecurity":"$GAlAXY_MAP_INFO_state_anarchy;", "SystemSecurity_Localised":"Anarchy", "Population":0, "JumpDist":25.146, "FuelUsed":3.647263, "FuelLevel":25.757141 }
{ "timestamp":"2017-11-01T07:11:19Z", "event":"Music", "MusicTrack":"Supercruise" }
{ "timestamp":"2017-11-01T07:11:29Z", "event":"Music", "MusicTrack":"SystemMap" }
{ "timestamp":"2017-11-01T07:11:37Z", "event":"Music", "MusicTrack":"Supercruise" }
{ "timestamp":"2017-11-01T07:11:43Z", "event":"Scan", "BodyName":"Prieluia XZ-E c25-16", "DistanceFromArrivalLS":0.000000, "StarType":"G", "StellarMass":0.859375, "Radius":618601920.000000, "AbsoluteMagnitude":5.080032, "Age_MY":476, "SurfaceTemperature":5784.000000, "Luminosity":"Vb", "RotationPeriod":354298.000000, "AxialTilt":0.000000, "Rings":[ { "Name":"Prieluia XZ-E c25-16 A Belt", "RingClass":"eRingClass_Metalic", "MassMT":4.6689e+12, "InnerRad":1.0207e+09, "OuterRad":2.398e+09 } ] }
{ "timestamp":"2017-11-01T07:11:43Z", "event":"Music", "MusicTrack":"SystemMap" }
{ "timestamp":"2017-11-01T07:11:46Z", "event":"Music", "MusicTrack":"Supercruise" }
{ "timestamp":"2017-11-01T07:12:14Z", "event":"FuelScoop", "Scooped":5.001533, "Total":30.758663 }
{ "timestamp":"2017-11-01T07:12:18Z", "event":"FuelScoop", "Scooped":1.241330, "Total":32.000000 }
{ "timestamp":"2017-11-01T07:12:44Z", "event":"StartJump", "JumpType":"Hyperspace", "StarSystem":"Prieluia UP-I b51-10", "StarClass":"M" }
{ "timestamp":"2017-11-01T07:12:49Z", "event":"Music", "MusicTrack":"NoTrack" }
{ "timestamp":"2017-11-01T07:13:02Z", "event":"FSDJump", "StarSystem":"Prieluia UP-I b51-10", "StarPos":[949.344,136.094,9002.156], "SystemAllegiance":"", "SystemEconomy":"$economy_None;", "SystemEconomy_Localised":"None", "SystemGovernment":"$government_None;", "SystemGovernment_Localised":"None", "SystemSecurity":"$GAlAXY_MAP_INFO_state_anarchy;", "SystemSecurity_Localised":"Anarchy", "Population":0, "JumpDist":25.945, "FuelUsed":4.003561, "FuelLevel":27.996439 }
{ "timestamp":"2017-11-01T07:13:03Z", "event":"Music", "MusicTrack":"Supercruise" }
{ "timestamp":"2017-11-01T07:13:20Z", "event":"FuelScoop", "Scooped":2.074171, "Total":30.070602 }
{ "timestamp":"2017-11-01T07:13:36Z", "event":"StartJump", "JumpType":"Hyperspace", "StarSystem":"Prieluia ZK-D c26-2", "StarClass":"K" }
{ "timestamp":"2017-11-01T07:13:41Z", "event":"Music", "MusicTrack":"NoTrack" }
{ "timestamp":"2017-11-01T07:13:54Z", "event":"FSDJump", "StarSystem":"Prieluia ZK-D c26-2", "StarPos":[954.688,140.375,9025.969], "SystemAllegiance":"", "SystemEconomy":"$economy_None;", "SystemEconomy_Localised":"None", "SystemGovernment":"$government_None;", "SystemGovernment_Localised":"None", "SystemSecurity":"$GAlAXY_MAP_INFO_state_anarchy;", "SystemSecurity_Localised":"Anarchy", "Population":0, "JumpDist":24.777, "FuelUsed":3.532742, "FuelLevel":26.537861 }
{ "timestamp":"2017-11-01T07:13:54Z", "event":"Music", "MusicTrack":"Supercruise" }
{ "timestamp":"2017-11-01T07:14:03Z", "event":"Music", "MusicTrack":"SystemMap" }
{ "timestamp":"2017-11-01T07:14:17Z", "event":"Scan", "BodyName":"Prieluia ZK-D c26-2 A", "DistanceFromArrivalLS":0.000000, "StarType":"K", "StellarMass":0.621094, "Radius":518632224.000000, "AbsoluteMagnitude":6.418350, "Age_MY":654, "SurfaceTemperature":4642.000000, "Luminosity":"Vab", "SemiMajorAxis":252344991744.000000, "Eccentricity":0.135972, "OrbitalInclination":-49.932236, "Periapsis":275.327087, "OrbitalPeriod":265826976.000000, "RotationPeriod":317877.250000, "AxialTilt":0.000000 }
{ "timestamp":"2017-11-01T07:14:41Z", "event":"Music", "MusicTrack":"Supercruise" }
{ "timestamp":"2017-11-01T07:14:42Z", "event":"Music", "MusicTrack":"SystemMap" }
{ "timestamp":"2017-11-01T07:14:48Z", "event":"Music", "MusicTrack":"Supercruise" }
