{ "timestamp":"2017-10-28T12:19:06Z", "event":"Fileheader", "part":1, "language":"English\\UK", "gameversion":"2.4", "build":"r156431/r0 " }
{ "timestamp":"2017-10-28T12:19:06Z", "event":"Music", "MusicTrack":"NoTrack" }
{ "timestamp":"2017-10-28T12:19:06Z", "event":"Music", "MusicTrack":"MainMenu" }
{ "timestamp":"2017-10-28T12:19:42Z", "event":"Friends", "Status":"Online", "Name":"Mitsumete Knight" }
{ "timestamp":"2017-10-28T12:19:54Z", "event":"Friends", "Status":"Online", "Name":"Mitsumete Knight" }
{ "timestamp":"2017-10-28T12:20:56Z", "event":"Cargo", "Inventory":[  ] }
{ "timestamp":"2017-10-28T12:20:56Z", "event":"Loadout", "Ship":"DiamondBackXL", "ShipID":2, "ShipName":"KONNYAKU", "ShipIdent":"IG-E01", "Modules":[ { "Slot":"LargeHardpoint1", "Item":"Hpt_PulseLaser_Gimbal_Large", "On":true, "Priority":2, "Health":0.958757, "Value":140600 }, { "Slot":"MediumHardpoint2", "Item":"Hpt_MiningLaser_Fixed_Small", "On":true, "Priority":1, "Health":0.958027, "Value":6800 }, { "Slot":"TinyHardpoint1", "Item":"Hpt_HeatSinkLauncher_Turret_Tiny", "On":true, "Priority":0, "AmmoInClip":1, "AmmoInHopper":2, "Health":0.960621, "Value":3500 }, { "Slot":"TinyHardpoint2", "Item":"Hpt_HeatSinkLauncher_Turret_Tiny", "On":true, "Priority":0, "AmmoInClip":1, "AmmoInHopper":2, "Health":0.956778, "Value":3500 }, { "Slot":"TinyHardpoint4", "Item":"Hpt_ChaffLauncher_Tiny", "On":true, "Priority":1, "AmmoInClip":1, "AmmoInHopper":10, "Health":0.922629, "Value":8500 }, { "Slot":"Armour", "Item":"DiamondBackXL_Armour_Grade1", "On":true, "Priority":1, "Health":1.000000, "Value":0 }, { "Slot":"PowerPlant", "Item":"Int_Powerplant_Size4_Class4", "On":true, "Priority":1, "Health":0.972401, "Value":536693 }, { "Slot":"MainEngines", "Item":"Int_Engine_Size4_Class4", "On":true, "Priority":0, "Health":0.983037, "Value":536693 }, { "Slot":"FrameShiftDrive", "Item":"Int_Hyperdrive_Size5_Class4", "On":true, "Priority":0, "Health":1.000000, "Value":1701318 }, { "Slot":"LifeSupport", "Item":"Int_LifeSupport_Size3_Class2", "On":true, "Priority":0, "Health":0.949443, "Value":10133 }, { "Slot":"PowerDistributor", "Item":"Int_PowerDistributor_Size4_Class2", "On":true, "Priority":0, "Health":1.000000, "Value":28373 }, { "Slot":"Radar", "Item":"Int_Sensors_Size3_Class2", "On":true, "Priority":3, "Health":0.974832, "Value":10133 }, { "Slot":"FuelTank", "Item":"Int_FuelTank_Size5_Class3", "On":true, "Priority":1, "Health":1.000000, "Value":97754 }, { "Slot":"Decal1", "Item":"Decal_Explorer_Surveyor", "On":true, "Priority":1, "Health":1.000000, "Value":0 }, { "Slot":"Decal2", "Item":"Decal_Explorer_Surveyor", "On":true, "Priority":1, "Health":1.000000, "Value":0 }, { "Slot":"Decal3", "Item":"Decal_Explorer_Surveyor", "On":true, "Priority":1, "Health":1.000000, "Value":0 }, { "Slot":"Slot01_Size4", "Item":"Int_ShieldGenerator_Size4_Class1", "On":true, "Priority":1, "Health":1.000000, "Value":19878 }, { "Slot":"Slot02_Size4", "Item":"Int_FuelScoop_Size4_Class4", "On":true, "Priority":3, "Health":0.960042, "Value":715591 }, { "Slot":"Slot03_Size3", "Item":"Int_BuggyBay_Size2_Class2", "On":true, "Priority":0, "Health":0.981141, "Value":21600 }, { "Slot":"Slot04_Size3", "Item":"Int_Repairer_Size3_Class2", "On":true, "Priority":0, "AmmoInClip":2473, "Health":0.939137, "Value":97200 }, { "Slot":"Slot05_Size2", "Item":"Int_StellarBodyDiscoveryScanner_Advanced", "On":true, "Priority":1, "Health":0.975861, "Value":1545000 }, { "Slot":"Slot06_Size2", "Item":"Int_DetailedSurfaceScanner_Tiny", "On":true, "Priority":1, "Health":1.000000, "Value":250000 }, { "Slot":"PlanetaryApproachSuite", "Item":"Int_PlanetApproachSuite", "On":true, "Priority":1, "Health":1.000000, "Value":500 }, { "Slot":"ShipCockpit", "Item":"DiamondBackXL_Cockpit", "On":true, "Priority":1, "Health":1.000000, "Value":0 }, { "Slot":"CargoHatch", "Item":"ModularCargoBayDoor", "On":true, "Priority":2, "Health":0.951189, "Value":0 } ] }
{ "timestamp":"2017-10-28T12:20:56Z", "event":"Materials", "Raw":[ { "Name":"carbon", "Count":2 }, { "Name":"iron", "Count":3 } ], "Manufactured":[ { "Name":"mechanicalscrap", "Count":8 }, { "Name":"gridresistors", "Count":3 }, { "Name":"heatdispersionplate", "Count":5 }, { "Name":"salvagedalloys", "Count":6 }, { "Name":"hybridcapacitors", "Count":5 }, { "Name":"heatconductionwiring", "Count":2 } ], "Encoded":[ { "Name":"shieldsoakanalysis", "Count":3 }, { "Name":"disruptedwakeechoes", "Count":5 }, { "Name":"shieldcyclerecordings", "Count":9 }, { "Name":"emissiondata", "Count":3 }, { "Name":"bulkscandata", "Count":9 }, { "Name":"scrambledemissiondata", "Count":7 }, { "Name":"archivedemissiondata", "Count":3 }, { "Name":"shielddensityreports", "Count":9 }, { "Name":"legacyfirmware", "Count":1 } ] }
{ "timestamp":"2017-10-28T12:20:56Z", "event":"LoadGame", "Commander":"Igaguri", "Ship":"DiamondBackXL", "ShipID":2, "ShipName":"KONNYAKU", "ShipIdent":"IG-E01", "FuelLevel":28.359997, "FuelCapacity":32.000000, "GameMode":"Open", "Credits":726550, "Loan":0 }
{ "timestamp":"2017-10-28T12:20:56Z", "event":"Rank", "Combat":1, "Trade":4, "Explore":4, "Empire":0, "Federation":1, "CQC":0 }
{ "timestamp":"2017-10-28T12:20:56Z", "event":"Progress", "Combat":26, "Trade":1, "Explore":9, "Empire":0, "Federation":100, "CQC":0 }
{ "timestamp":"2017-10-28T12:21:09Z", "event":"Location", "Docked":false, "StarSystem":"Tr 24 Sector NC-U d3-5", "StarPos":[1156.438,121.969,3340.250], "SystemAllegiance":"", "SystemEconomy":"$economy_None;", "SystemEconomy_Localised":"None", "SystemGovernment":"$government_None;", "SystemGovernment_Localised":"None", "SystemSecurity":"$GAlAXY_MAP_INFO_state_anarchy;", "SystemSecurity_Localised":"Anarchy", "Population":0, "Body":"Tr 24 Sector NC-U d3-5 7+8", "BodyType":"Null" }
{ "timestamp":"2017-10-28T12:21:09Z", "event":"Music", "MusicTrack":"NoTrack" }
{ "timestamp":"2017-10-28T12:21:09Z", "event":"Music", "MusicTrack":"Exploration" }
{ "timestamp":"2017-10-28T12:22:01Z", "event":"Music", "MusicTrack":"SystemMap" }
{ "timestamp":"2017-10-28T12:22:05Z", "event":"Music", "MusicTrack":"Exploration" }
{ "timestamp":"2017-10-28T12:22:06Z", "event":"Music", "MusicTrack":"SystemMap" }
{ "timestamp":"2017-10-28T12:22:08Z", "event":"Music", "MusicTrack":"Exploration" }
{ "timestamp":"2017-10-28T12:22:22Z", "event":"StartJump", "JumpType":"Supercruise" }
{ "timestamp":"2017-10-28T12:22:27Z", "event":"SupercruiseEntry", "StarSystem":"Tr 24 Sector NC-U d3-5" }
{ "timestamp":"2017-10-28T12:22:27Z", "event":"Music", "MusicTrack":"Supercruise" }
{ "timestamp":"2017-10-28T12:22:43Z", "event":"Music", "MusicTrack":"SystemMap" }
{ "timestamp":"2017-10-28T12:23:09Z", "event":"Music", "MusicTrack":"Supercruise" }
{ "timestamp":"2017-10-28T12:25:05Z", "event":"Scan", "BodyName":"Tr 24 Sector NC-U d3-5 9", "DistanceFromArrivalLS":998.842529, "TidalLock":false, "TerraformState":"", "PlanetClass":"High metal content body", "Atmosphere":"thick methane rich atmosphere", "AtmosphereType":"MethaneRich", "AtmosphereComposition":[ { "Name":"Ammonia", "Percent":32.489594 }, { "Name":"Methane", "Percent":32.489594 }, { "Name":"Nitrogen", "Percent":32.489594 } ], "Volcanism":"minor silicate vapour geysers volcanism", "MassEM":1.459706, "Radius":6805499.500000, "SurfaceGravity":12.561882, "SurfaceTemperature":429.729248, "SurfacePressure":2323856.250000, "Landable":false, "SemiMajorAxis":298174218240.000000, "Eccentricity":0.004270, "OrbitalInclination":0.127941, "Periapsis":55.331139, "OrbitalPeriod":92478024.000000, "RotationPeriod":72396.039063, "AxialTilt":0.062004 }
{ "timestamp":"2017-10-28T12:25:11Z", "event":"Music", "MusicTrack":"GalaxyMap" }
{ "timestamp":"2017-10-28T12:28:24Z", "event":"Music", "MusicTrack":"SystemMap" }
{ "timestamp":"2017-10-28T12:28:28Z", "event":"Music", "MusicTrack":"GalaxyMap" }
{ "timestamp":"2017-10-28T12:30:22Z", "event":"Music", "MusicTrack":"Supercruise" }
{ "timestamp":"2017-10-28T12:30:43Z", "event":"StartJump", "JumpType":"Hyperspace", "StarSystem":"Tr 24 Sector LH-G b13-0", "StarClass":"M" }
{ "timestamp":"2017-10-28T12:30:48Z", "event":"Music", "MusicTrack":"NoTrack" }
{ "timestamp":"2017-10-28T12:31:02Z", "event":"FSDJump", "StarSystem":"Tr 24 Sector LH-G b13-0", "StarPos":[1144.656,123.844,3361.125], "SystemAllegiance":"", "SystemEconomy":"$economy_None;", "SystemEconomy_Localised":"None", "SystemGovernment":"$government_None;", "SystemGovernment_Localised":"None", "SystemSecurity":"$GAlAXY_MAP_INFO_state_anarchy;", "SystemSecurity_Localised":"Anarchy", "Population":0, "JumpDist":24.043, "FuelUsed":3.246684, "FuelLevel":25.113314 }
{ "timestamp":"2017-10-28T12:31:02Z", "event":"Music", "MusicTrack":"Supercruise" }
{ "timestamp":"2017-10-28T12:31:12Z", "event":"Music", "MusicTrack":"SystemMap" }
{ "timestamp":"2017-10-28T12:31:23Z", "event":"Music", "MusicTrack":"Supercruise" }
{ "timestamp":"2017-10-28T12:31:25Z", "event":"Scan", "BodyName":"Tr 24 Sector LH-G b13-0 A", "DistanceFromArrivalLS":0.000000, "StarType":"M", "StellarMass":0.371094, "Radius":361970720.000000, "AbsoluteMagnitude":8.978607, "Age_MY":12851, "SurfaceTemperature":3082.000000, "Luminosity":"Va", "SemiMajorAxis":330302390272.000000, "Eccentricity":0.324539, "OrbitalInclination":-111.876442, "Periapsis":19.375721, "OrbitalPeriod":810661248.000000, "RotationPeriod":158150.750000, "AxialTilt":0.000000 }
{ "timestamp":"2017-10-28T12:31:25Z", "event":"Music", "MusicTrack":"SystemMap" }
{ "timestamp":"2017-10-28T12:31:28Z", "event":"Music", "MusicTrack":"Supercruise" }
{ "timestamp":"2017-10-28T12:31:46Z", "event":"Music", "MusicTrack":"SystemMap" }
{ "timestamp":"2017-10-28T12:31:52Z", "event":"Music", "MusicTrack":"Supercruise" }
{ "timestamp":"2017-10-28T12:32:13Z", "event":"Scan", "BodyName":"Tr 24 Sector LH-G b13-0 B", "DistanceFromArrivalLS":2755.734131, "StarType":"L", "StellarMass":0.167969, "Radius":237592368.000000, "AbsoluteMagnitude":11.962494, "Age_MY":12851, "SurfaceTemperature":1914.000000, "Luminosity":"V", "SemiMajorAxis":729733464064.000000, "Eccentricity":0.324539, "OrbitalInclination":-111.876442, "Periapsis":199.375717, "OrbitalPeriod":810661248.000000, "RotationPeriod":205389.937500, "AxialTilt":0.000000, "Rings":[ { "Name":"Tr 24 Sector LH-G b13-0 B A Belt", "RingClass":"eRingClass_Rocky", "MassMT":3.2298e+13, "InnerRad":4.6659e+08, "OuterRad":1.3314e+09 } ] }
{ "timestamp":"2017-10-28T12:32:14Z", "event":"Music", "MusicTrack":"SystemMap" }
{ "timestamp":"2017-10-28T12:32:18Z", "event":"Music", "MusicTrack":"Supercruise" }
{ "timestamp":"2017-10-28T12:33:33Z", "event":"Music", "MusicTrack":"SystemMap" }
{ "timestamp":"2017-10-28T12:33:40Z", "event":"Music", "MusicTrack":"Supercruise" }
{ "timestamp":"2017-10-28T12:34:14Z", "event":"Scan", "BodyName":"Tr 24 Sector LH-G b13-0 B 3", "DistanceFromArrivalLS":2666.699707, "TidalLock":true, "TerraformState":"", "PlanetClass":"High metal content body", "Atmosphere":"thin carbon dioxide atmosphere", "AtmosphereType":"CarbonDioxide", "AtmosphereComposition":[ { "Name":"CarbonDioxide", "Percent":100.000000 } ], "Volcanism":"", "MassEM":0.013910, "Radius":1572530.375000, "SurfaceGravity":2.242038, "SurfaceTemperature":193.647110, "SurfacePressure":7185.409668, "Landable":false, "SemiMajorAxis":27457409024.000000, "Eccentricity":0.006294, "OrbitalInclination":0.355172, "Periapsis":256.508270, "OrbitalPeriod":6054141.000000, "RotationPeriod":6054160.000000, "AxialTilt":0.345335 }
{ "timestamp":"2017-10-28T12:34:33Z", "event":"StartJump", "JumpType":"Hyperspace", "StarSystem":"Tr 24 Sector PN-E b14-0", "StarClass":"M" }
{ "timestamp":"2017-10-28T12:34:39Z", "event":"Music", "MusicTrack":"NoTrack" }
{ "timestamp":"2017-10-28T12:34:52Z", "event":"FSDJump", "StarSystem":"Tr 24 Sector PN-E b14-0", "StarPos":[1138.969,132.469,3377.906], "SystemAllegiance":"", "SystemEconomy":"$economy_None;", "SystemEconomy_Localised":"None", "SystemGovernment":"$government_None;", "SystemGovernment_Localised":"None", "SystemSecurity":"$GAlAXY_MAP_INFO_state_anarchy;", "SystemSecurity_Localised":"Anarchy", "Population":0, "JumpDist":19.707, "FuelUsed":1.953460, "FuelLevel":23.159853 }
{ "timestamp":"2017-10-28T12:34:52Z", "event":"Music", "MusicTrack":"Supercruise" }
{ "timestamp":"2017-10-28T12:35:07Z", "event":"Music", "MusicTrack":"SystemMap" }
{ "timestamp":"2017-10-28T12:35:08Z", "event":"Music", "MusicTrack":"Supercruise" }
{ "timestamp":"2017-10-28T12:35:31Z", "event":"FuelScoop", "Scooped":2.924830, "Total":26.084732 }
{ "timestamp":"2017-10-28T12:35:45Z", "event":"StartJump", "JumpType":"Hyperspace", "StarSystem":"Tr 24 Sector TT-C b15-0", "StarClass":"M" }
{ "timestamp":"2017-10-28T12:35:51Z", "event":"Music", "MusicTrack":"NoTrack" }
{ "timestamp":"2017-10-28T12:36:04Z", "event":"FSDJump", "StarSystem":"Tr 24 Sector TT-C b15-0", "StarPos":[1136.344,118.750,3399.875], "SystemAllegiance":"", "SystemEconomy":"$economy_None;", "SystemEconomy_Localised":"None", "SystemGovernment":"$government_None;", "SystemGovernment_Localised":"None", "SystemSecurity":"$GAlAXY_MAP_INFO_state_anarchy;", "SystemSecurity_Localised":"Anarchy", "Population":0, "JumpDist":26.033, "FuelUsed":3.888031, "FuelLevel":22.196701 }
{ "timestamp":"2017-10-28T12:36:04Z", "event":"Music", "MusicTrack":"Supercruise" }
{ "timestamp":"2017-10-28T12:36:13Z", "event":"Music", "MusicTrack":"SystemMap" }
{ "timestamp":"2017-10-28T12:36:26Z", "event":"Music", "MusicTrack":"Supercruise" }
{ "timestamp":"2017-10-28T12:36:27Z", "event":"Scan", "BodyName":"Tr 24 Sector TT-C b15-0 A", "DistanceFromArrivalLS":0.000000, "StarType":"M", "StellarMass":0.375000, "Radius":374599584.000000, "AbsoluteMagnitude":8.862045, "Age_MY":12863, "SurfaceTemperature":3112.000000, "Luminosity":"Va", "SemiMajorAxis":500896366592.000000, "Eccentricity":0.168854, "OrbitalInclination":-45.100750, "Periapsis":211.919205, "OrbitalPeriod":1078448768.000000, "RotationPeriod":278576.312500, "AxialTilt":0.000000 }
{ "timestamp":"2017-10-28T12:36:57Z", "event":"FuelScoop", "Scooped":5.000164, "Total":27.196865 }
{ "timestamp":"2017-10-28T12:37:15Z", "event":"FuelScoop", "Scooped":4.803142, "Total":32.000000 }
{ "timestamp":"2017-10-28T12:38:21Z", "event":"SupercruiseExit", "StarSystem":"Tr 24 Sector TT-C b15-0", "Body":"Tr 24 Sector TT-C b15-0 A", "BodyType":"Star" }
{ "timestamp":"2017-10-28T12:38:21Z", "event":"Music", "MusicTrack":"Exploration" }
{ "timestamp":"2017-10-28T12:39:57Z", "event":"StartJump", "JumpType":"Hyperspace", "StarSystem":"Tr 24 Sector XZ-A b16-1", "StarClass":"M" }
{ "timestamp":"2017-10-28T12:40:03Z", "event":"Music", "MusicTrack":"NoTrack" }
{ "timestamp":"2017-10-28T12:40:16Z", "event":"FSDJump", "StarSystem":"Tr 24 Sector XZ-A b16-1", "StarPos":[1136.656,123.375,3420.906], "SystemAllegiance":"", "SystemEconomy":"$economy_None;", "SystemEconomy_Localised":"None", "SystemGovernment":"$government_None;", "SystemGovernment_Localised":"None", "SystemSecurity":"$GAlAXY_MAP_INFO_state_anarchy;", "SystemSecurity_Localised":"Anarchy", "Population":0, "JumpDist":21.536, "FuelUsed":2.528356, "FuelLevel":28.951643 }
{ "timestamp":"2017-10-28T12:40:16Z", "event":"Music", "MusicTrack":"Supercruise" }
{ "timestamp":"2017-10-28T12:40:27Z", "event":"Music", "MusicTrack":"SystemMap" }
{ "timestamp":"2017-10-28T12:40:29Z", "event":"Music", "MusicTrack":"Supercruise" }
{ "timestamp":"2017-10-28T12:40:38Z", "event":"FuelScoop", "Scooped":3.048347, "Total":32.000000 }
{ "timestamp":"2017-10-28T12:40:45Z", "event":"Music", "MusicTrack":"GalaxyMap" }
{ "timestamp":"2017-10-28T12:43:24Z", "event":"Music", "MusicTrack":"Supercruise" }
{ "timestamp":"2017-10-28T12:43:41Z", "event":"StartJump", "JumpType":"Hyperspace", "StarSystem":"Tr 24 Sector BQ-M c8-2", "StarClass":"K" }
{ "timestamp":"2017-10-28T12:43:46Z", "event":"Music", "MusicTrack":"NoTrack" }
{ "timestamp":"2017-10-28T12:43:59Z", "event":"FSDJump", "StarSystem":"Tr 24 Sector BQ-M c8-2", "StarPos":[1137.500,98.750,3421.875], "SystemAllegiance":"", "SystemEconomy":"$economy_None;", "SystemEconomy_Localised":"None", "SystemGovernment":"$government_None;", "SystemGovernment_Localised":"None", "SystemSecurity":"$GAlAXY_MAP_INFO_state_anarchy;", "SystemSecurity_Localised":"Anarchy", "Population":0, "JumpDist":24.658, "FuelUsed":3.534041, "FuelLevel":28.465960 }
{ "timestamp":"2017-10-28T12:44:00Z", "event":"Music", "MusicTrack":"Supercruise" }
{ "timestamp":"2017-10-28T12:44:15Z", "event":"Music", "MusicTrack":"SystemMap" }
{ "timestamp":"2017-10-28T12:44:16Z", "event":"Music", "MusicTrack":"Supercruise" }
{ "timestamp":"2017-10-28T12:44:28Z", "event":"FuelScoop", "Scooped":3.534034, "Total":32.000000 }
{ "timestamp":"2017-10-28T12:44:56Z", "event":"StartJump", "JumpType":"Hyperspace", "StarSystem":"Tr 24 Sector CL-M c8-3", "StarClass":"M" }
{ "timestamp":"2017-10-28T12:45:01Z", "event":"Music", "MusicTrack":"NoTrack" }
{ "timestamp":"2017-10-28T12:45:14Z", "event":"FSDJump", "StarSystem":"Tr 24 Sector CL-M c8-3", "StarPos":[1122.656,83.719,3436.063], "SystemAllegiance":"", "SystemEconomy":"$economy_None;", "SystemEconomy_Localised":"None", "SystemGovernment":"$government_None;", "SystemGovernment_Localised":"None", "SystemSecurity":"$GAlAXY_MAP_INFO_state_anarchy;", "SystemSecurity_Localised":"Anarchy", "Population":0, "JumpDist":25.447, "FuelUsed":3.817682, "FuelLevel":28.182318 }
{ "timestamp":"2017-10-28T12:45:15Z", "event":"Music", "MusicTrack":"Supercruise" }
{ "timestamp":"2017-10-28T12:45:24Z", "event":"Music", "MusicTrack":"SystemMap" }
{ "timestamp":"2017-10-28T12:45:25Z", "event":"Music", "MusicTrack":"Supercruise" }
{ "timestamp":"2017-10-28T12:45:38Z", "event":"FuelScoop", "Scooped":3.817693, "Total":32.000000 }
{ "timestamp":"2017-10-28T12:45:54Z", "event":"StartJump", "JumpType":"Hyperspace", "StarSystem":"Tr 24 Sector QI-S d4-16", "StarClass":"N" }
{ "timestamp":"2017-10-28T12:46:00Z", "event":"Music", "MusicTrack":"NoTrack" }
{ "timestamp":"2017-10-28T12:46:13Z", "event":"FSDJump", "StarSystem":"Tr 24 Sector QI-S d4-16", "StarPos":[1110.906,66.531,3428.281], "SystemAllegiance":"", "SystemEconomy":"$economy_None;", "SystemEconomy_Localised":"None", "SystemGovernment":"$government_None;", "SystemGovernment_Localised":"None", "SystemSecurity":"$GAlAXY_MAP_INFO_state_anarchy;", "SystemSecurity_Localised":"Anarchy", "Population":0, "JumpDist":22.227, "FuelUsed":2.740298, "FuelLevel":29.259703 }
{ "timestamp":"2017-10-28T12:46:13Z", "event":"Music", "MusicTrack":"DestinationFromHyperspace" }
{ "timestamp":"2017-10-28T12:46:18Z", "event":"Music", "MusicTrack":"Supercruise" }
{ "timestamp":"2017-10-28T12:46:37Z", "event":"Music", "MusicTrack":"SystemMap" }
{ "timestamp":"2017-10-28T12:46:55Z", "event":"Music", "MusicTrack":"Supercruise" }
{ "timestamp":"2017-10-28T12:47:11Z", "event":"Music", "MusicTrack":"SystemMap" }
{ "timestamp":"2017-10-28T12:47:11Z", "event":"Music", "MusicTrack":"Supercruise" }
{ "timestamp":"2017-10-28T12:47:17Z", "event":"Music", "MusicTrack":"GalaxyMap" }
{ "timestamp":"2017-10-28T12:48:44Z", "event":"Music", "MusicTrack":"Supercruise" }
{ "timestamp":"2017-10-28T12:49:19Z", "event":"Music", "MusicTrack":"SystemMap" }
{ "timestamp":"2017-10-28T12:49:20Z", "event":"Music", "MusicTrack":"Supercruise" }
{ "timestamp":"2017-10-28T12:49:21Z", "event":"Music", "MusicTrack":"GalaxyMap" }
{ "timestamp":"2017-10-28T12:49:33Z", "event":"Music", "MusicTrack":"SystemMap" }
{ "timestamp":"2017-10-28T12:49:34Z", "event":"Music", "MusicTrack":"Supercruise" }
{ "timestamp":"2017-10-28T12:50:18Z", "event":"Music", "MusicTrack":"SystemMap" }
{ "timestamp":"2017-10-28T12:50:20Z", "event":"Music", "MusicTrack":"GalaxyMap" }
{ "timestamp":"2017-10-28T12:51:07Z", "event":"Music", "MusicTrack":"SystemMap" }
{ "timestamp":"2017-10-28T12:51:08Z", "event":"Music", "MusicTrack":"Supercruise" }
{ "timestamp":"2017-10-28T12:51:13Z", "event":"Music", "MusicTrack":"SystemMap" }
{ "timestamp":"2017-10-28T12:51:15Z", "event":"Music", "MusicTrack":"Supercruise" }
{ "timestamp":"2017-10-28T12:53:06Z", "event":"Scan", "BodyName":"Tr 24 Sector QI-S d4-16", "DistanceFromArrivalLS":0.000000, "StarType":"N", "StellarMass":0.617188, "Radius":11796.875000, "AbsoluteMagnitude":5.250977, "Age_MY":3542, "SurfaceTemperature":7733347.000000, "Luminosity":"VII", "RotationPeriod":2.417256, "AxialTilt":0.000000 }
{ "timestamp":"2017-10-28T12:53:55Z", "event":"JetConeBoost", "BoostValue":4.000000 }
{ "timestamp":"2017-10-28T12:54:21Z", "event":"StartJump", "JumpType":"Hyperspace", "StarSystem":"Tr 24 Sector PI-S d4-9", "StarClass":"N" }
{ "timestamp":"2017-10-28T12:54:26Z", "event":"Music", "MusicTrack":"NoTrack" }
{ "timestamp":"2017-10-28T12:54:39Z", "event":"FSDJump", "StarSystem":"Tr 24 Sector PI-S d4-9", "StarPos":[1023.750,63.594,3471.438], "SystemAllegiance":"", "SystemEconomy":"$economy_None;", "SystemEconomy_Localised":"None", "SystemGovernment":"$government_None;", "SystemGovernment_Localised":"None", "SystemSecurity":"$GAlAXY_MAP_INFO_state_anarchy;", "SystemSecurity_Localised":"Anarchy", "Population":0, "JumpDist":97.300, "FuelUsed":3.359818, "FuelLevel":25.899885, "BoostUsed":4 }
{ "timestamp":"2017-10-28T12:54:39Z", "event":"Music", "MusicTrack":"Supercruise" }
{ "timestamp":"2017-10-28T12:54:50Z", "event":"Music", "MusicTrack":"SystemMap" }
{ "timestamp":"2017-10-28T12:54:55Z", "event":"Music", "MusicTrack":"Supercruise" }
{ "timestamp":"2017-10-28T12:54:59Z", "event":"Scan", "BodyName":"Tr 24 Sector PI-S d4-9", "DistanceFromArrivalLS":0.000000, "StarType":"N", "StellarMass":0.828125, "Radius":10710.937500, "AbsoluteMagnitude":5.069489, "Age_MY":2894, "SurfaceTemperature":5041924.000000, "Luminosity":"VII", "RotationPeriod":1.213596, "AxialTilt":0.000000 }
{ "timestamp":"2017-10-28T12:56:49Z", "event":"JetConeBoost", "BoostValue":4.000000 }
{ "timestamp":"2017-10-28T12:57:17Z", "event":"StartJump", "JumpType":"Hyperspace", "StarSystem":"Tr 24 Sector TO-Q d5-21", "StarClass":"A" }
{ "timestamp":"2017-10-28T12:57:22Z", "event":"Music", "MusicTrack":"NoTrack" }
{ "timestamp":"2017-10-28T12:57:35Z", "event":"FSDJump", "StarSystem":"Tr 24 Sector TO-Q d5-21", "StarPos":[1048.375,72.500,3570.875], "SystemAllegiance":"", "SystemEconomy":"$economy_None;", "SystemEconomy_Localised":"None", "SystemGovernment":"$government_None;", "SystemGovernment_Localised":"None", "SystemSecurity":"$GAlAXY_MAP_INFO_state_anarchy;", "SystemSecurity_Localised":"Anarchy", "Population":0, "JumpDist":102.828, "FuelUsed":3.765452, "FuelLevel":22.134434, "BoostUsed":4 }
{ "timestamp":"2017-10-28T12:57:35Z", "event":"Music", "MusicTrack":"Supercruise" }
{ "timestamp":"2017-10-28T12:57:46Z", "event":"Music", "MusicTrack":"SystemMap" }
{ "timestamp":"2017-10-28T12:57:54Z", "event":"Music", "MusicTrack":"Supercruise" }
{ "timestamp":"2017-10-28T12:57:59Z", "event":"Scan", "BodyName":"Tr 24 Sector TO-Q d5-21 A", "DistanceFromArrivalLS":0.000000, "StarType":"A", "StellarMass":1.625000, "Radius":887692096.000000, "AbsoluteMagnitude":2.732422, "Age_MY":1264, "SurfaceTemperature":8289.000000, "Luminosity":"VI", "SemiMajorAxis":7309093765120.000000, "Eccentricity":0.027494, "OrbitalInclination":-29.371515, "Periapsis":343.791779, "OrbitalPeriod":16321544192.000000, "RotationPeriod":69992.132813, "AxialTilt":0.000000 }
{ "timestamp":"2017-10-28T12:58:08Z", "event":"SupercruiseExit", "StarSystem":"Tr 24 Sector TO-Q d5-21", "Body":"Tr 24 Sector TO-Q d5-21 A", "BodyType":"Star" }
{ "timestamp":"2017-10-28T12:58:08Z", "event":"Music", "MusicTrack":"Exploration" }
{ "timestamp":"2017-10-28T12:58:36Z", "event":"AfmuRepairs", "Module":"$int_hyperdrive_size5_class4_name;", "Module_Localised":"FSD", "FullyRepaired":true, "Health":1.000000 }
{ "timestamp":"2017-10-28T12:59:29Z", "event":"Music", "MusicTrack":"SystemMap" }
{ "timestamp":"2017-10-28T12:59:30Z", "event":"Music", "MusicTrack":"Exploration" }
{ "timestamp":"2017-10-28T12:59:40Z", "event":"StartJump", "JumpType":"Supercruise" }
{ "timestamp":"2017-10-28T12:59:45Z", "event":"SupercruiseEntry", "StarSystem":"Tr 24 Sector TO-Q d5-21" }
{ "timestamp":"2017-10-28T12:59:45Z", "event":"Music", "MusicTrack":"Supercruise" }
{ "timestamp":"2017-10-28T13:00:13Z", "event":"FuelScoop", "Scooped":5.000851, "Total":27.135260 }
{ "timestamp":"2017-10-28T13:00:32Z", "event":"FuelScoop", "Scooped":4.864738, "Total":32.000000 }
{ "timestamp":"2017-10-28T13:00:45Z", "event":"Music", "MusicTrack":"GalaxyMap" }
{ "timestamp":"2017-10-28T13:01:00Z", "event":"Music", "MusicTrack":"SystemMap" }
{ "timestamp":"2017-10-28T13:01:01Z", "event":"Music", "MusicTrack":"Supercruise" }
{ "timestamp":"2017-10-28T13:01:17Z", "event":"StartJump", "JumpType":"Hyperspace", "StarSystem":"Tr 24 Sector QJ-F c12-7", "StarClass":"M" }
{ "timestamp":"2017-10-28T13:01:22Z", "event":"Music", "MusicTrack":"NoTrack" }
{ "timestamp":"2017-10-28T13:01:36Z", "event":"FSDJump", "StarSystem":"Tr 24 Sector QJ-F c12-7", "StarPos":[1048.594,64.469,3594.281], "SystemAllegiance":"", "SystemEconomy":"$economy_None;", "SystemEconomy_Localised":"None", "SystemGovernment":"$government_None;", "SystemGovernment_Localised":"None", "SystemSecurity":"$GAlAXY_MAP_INFO_state_anarchy;", "SystemSecurity_Localised":"Anarchy", "Population":0, "JumpDist":24.747, "FuelUsed":3.565124, "FuelLevel":28.434875 }
{ "timestamp":"2017-10-28T13:01:36Z", "event":"Music", "MusicTrack":"Supercruise" }
{ "timestamp":"2017-10-28T13:01:59Z", "event":"Scan", "BodyName":"Tr 24 Sector QJ-F c12-7", "DistanceFromArrivalLS":0.000000, "StarType":"M", "StellarMass":0.484375, "Radius":484523712.000000, "AbsoluteMagnitude":8.022110, "Age_MY":6272, "SurfaceTemperature":3320.000000, "Luminosity":"Va", "RotationPeriod":207085.390625, "AxialTilt":0.000000, "Rings":[ { "Name":"Tr 24 Sector QJ-F c12-7 A Belt", "RingClass":"eRingClass_MetalRich", "MassMT":9.2908e+13, "InnerRad":7.9946e+08, "OuterRad":2.0336e+09 }, { "Name":"Tr 24 Sector QJ-F c12-7 B Belt", "RingClass":"eRingClass_Icy", "MassMT":6.3483e+15, "InnerRad":4.6092e+09, "OuterRad":2.8626e+11 } ] }
{ "timestamp":"2017-10-28T13:02:15Z", "event":"Music", "MusicTrack":"SystemMap" }
{ "timestamp":"2017-10-28T13:02:18Z", "event":"Music", "MusicTrack":"Supercruise" }
{ "timestamp":"2017-10-28T13:02:43Z", "event":"FuelScoop", "Scooped":4.085126, "Total":32.000000 }
{ "timestamp":"2017-10-28T13:03:06Z", "event":"StartJump", "JumpType":"Hyperspace", "StarSystem":"Tr 24 Sector YU-O d6-0", "StarClass":"F" }
{ "timestamp":"2017-10-28T13:03:11Z", "event":"Music", "MusicTrack":"NoTrack" }
{ "timestamp":"2017-10-28T13:03:24Z", "event":"FSDJump", "StarSystem":"Tr 24 Sector YU-O d6-0", "StarPos":[1060.000,57.125,3610.438], "SystemAllegiance":"", "SystemEconomy":"$economy_None;", "SystemEconomy_Localised":"None", "SystemGovernment":"$government_None;", "SystemGovernment_Localised":"None", "SystemSecurity":"$GAlAXY_MAP_INFO_state_anarchy;", "SystemSecurity_Localised":"Anarchy", "Population":0, "JumpDist":21.096, "FuelUsed":2.411525, "FuelLevel":29.588474 }
{ "timestamp":"2017-10-28T13:03:24Z", "event":"Music", "MusicTrack":"Supercruise" }
{ "timestamp":"2017-10-28T13:03:48Z", "event":"Scan", "BodyName":"Tr 24 Sector YU-O d6-0 A", "DistanceFromArrivalLS":0.000000, "StarType":"F", "StellarMass":1.210938, "Radius":839193088.000000, "AbsoluteMagnitude":4.143997, "Age_MY":1814, "SurfaceTemperature":6160.000000, "Luminosity":"Vab", "SemiMajorAxis":169276096512.000000, "Eccentricity":0.192682, "OrbitalInclination":-78.977806, "Periapsis":143.447662, "OrbitalPeriod":165086912.000000, "RotationPeriod":522075.000000, "AxialTilt":0.000000 }
{ "timestamp":"2017-10-28T13:05:12Z", "event":"Music", "MusicTrack":"SystemMap" }
{ "timestamp":"2017-10-28T13:05:14Z", "event":"Music", "MusicTrack":"Supercruise" }
{ "timestamp":"2017-10-28T13:05:31Z", "event":"FuelScoop", "Scooped":2.411520, "Total":32.000000 }
{ "timestamp":"2017-10-28T13:05:59Z", "event":"StartJump", "JumpType":"Hyperspace", "StarSystem":"Tr 24 Sector OU-I b25-0", "StarClass":"M" }
{ "timestamp":"2017-10-28T13:06:04Z", "event":"Music", "MusicTrack":"NoTrack" }
{ "timestamp":"2017-10-28T13:06:17Z", "event":"FSDJump", "StarSystem":"Tr 24 Sector OU-I b25-0", "StarPos":[1075.000,68.813,3627.938], "SystemAllegiance":"", "SystemEconomy":"$economy_None;", "SystemEconomy_Localised":"None", "SystemGovernment":"$government_None;", "SystemGovernment_Localised":"None", "SystemSecurity":"$GAlAXY_MAP_INFO_state_anarchy;", "SystemSecurity_Localised":"Anarchy", "Population":0, "JumpDist":25.843, "FuelUsed":3.964668, "FuelLevel":28.035332 }
{ "timestamp":"2017-10-28T13:06:18Z", "event":"Music", "MusicTrack":"Supercruise" }
{ "timestamp":"2017-10-28T13:06:32Z", "event":"Music", "MusicTrack":"SystemMap" }
{ "timestamp":"2017-10-28T13:06:43Z", "event":"Scan", "BodyName":"Tr 24 Sector OU-I b25-0", "DistanceFromArrivalLS":0.000000, "StarType":"M", "StellarMass":0.425781, "Radius":414927008.000000, "AbsoluteMagnitude":8.173203, "Age_MY":11446, "SurfaceTemperature":3465.000000, "Luminosity":"Va", "RotationPeriod":190374.359375, "AxialTilt":0.000000 }
{ "timestamp":"2017-10-28T13:10:24Z", "event":"Music", "MusicTrack":"Supercruise" }
{ "timestamp":"2017-10-28T13:10:51Z", "event":"FuelScoop", "Scooped":3.964639, "Total":32.000000 }
{ "timestamp":"2017-10-28T13:11:21Z", "event":"Music", "MusicTrack":"GalaxyMap" }
{ "timestamp":"2017-10-28T13:13:35Z", "event":"Music", "MusicTrack":"Supercruise" }
{ "timestamp":"2017-10-28T13:13:55Z", "event":"StartJump", "JumpType":"Hyperspace", "StarSystem":"Tr 24 Sector AQ-O d6-19", "StarClass":"F" }
{ "timestamp":"2017-10-28T13:14:00Z", "event":"Music", "MusicTrack":"NoTrack" }
{ "timestamp":"2017-10-28T13:14:14Z", "event":"FSDJump", "StarSystem":"Tr 24 Sector AQ-O d6-19", "StarPos":[1081.625,48.531,3642.188], "SystemAllegiance":"", "SystemEconomy":"$economy_None;", "SystemEconomy_Localised":"None", "SystemGovernment":"$government_None;", "SystemGovernment_Localised":"None", "SystemSecurity":"$GAlAXY_MAP_INFO_state_anarchy;", "SystemSecurity_Localised":"Anarchy", "Population":0, "JumpDist":25.657, "FuelUsed":3.895024, "FuelLevel":28.104977 }
{ "timestamp":"2017-10-28T13:14:14Z", "event":"Music", "MusicTrack":"Supercruise" }
{ "timestamp":"2017-10-28T13:14:23Z", "event":"Music", "MusicTrack":"SystemMap" }
{ "timestamp":"2017-10-28T13:14:25Z", "event":"Music", "MusicTrack":"Supercruise" }
{ "timestamp":"2017-10-28T13:14:37Z", "event":"Scan", "BodyName":"Tr 24 Sector AQ-O d6-19 A", "DistanceFromArrivalLS":0.000000, "StarType":"F", "StellarMass":1.367188, "Radius":840530176.000000, "AbsoluteMagnitude":3.669189, "Age_MY":2536, "SurfaceTemperature":6866.000000, "Luminosity":"Vb", "SemiMajorAxis":398797438976.000000, "Eccentricity":0.011907, "OrbitalInclination":32.367245, "Periapsis":307.851135, "OrbitalPeriod":638939840.000000, "RotationPeriod":230858.500000, "AxialTilt":0.000000 }
{ "timestamp":"2017-10-28T13:20:14Z", "event":"FuelScoop", "Scooped":3.895051, "Total":32.000000 }
{ "timestamp":"2017-10-28T13:20:51Z", "event":"StartJump", "JumpType":"Hyperspace", "StarSystem":"Tr 24 Sector EW-M d7-15", "StarClass":"F" }
{ "timestamp":"2017-10-28T13:20:56Z", "event":"Music", "MusicTrack":"NoTrack" }
{ "timestamp":"2017-10-28T13:21:09Z", "event":"FSDJump", "StarSystem":"Tr 24 Sector EW-M d7-15", "StarPos":[1088.688,49.281,3665.438], "SystemAllegiance":"", "SystemEconomy":"$economy_None;", "SystemEconomy_Localised":"None", "SystemGovernment":"$government_None;", "SystemGovernment_Localised":"None", "SystemSecurity":"$GAlAXY_MAP_INFO_state_anarchy;", "SystemSecurity_Localised":"Anarchy", "Population":0, "JumpDist":24.311, "FuelUsed":3.413457, "FuelLevel":28.586542 }
{ "timestamp":"2017-10-28T13:21:10Z", "event":"Music", "MusicTrack":"Supercruise" }
{ "timestamp":"2017-10-28T13:21:30Z", "event":"Music", "MusicTrack":"SystemMap" }
{ "timestamp":"2017-10-28T13:21:32Z", "event":"Music", "MusicTrack":"Supercruise" }
{ "timestamp":"2017-10-28T13:21:34Z", "event":"Scan", "BodyName":"Tr 24 Sector EW-M d7-15", "DistanceFromArrivalLS":0.000000, "StarType":"F", "StellarMass":1.515625, "Radius":977749632.000000, "AbsoluteMagnitude":3.076859, "Age_MY":820, "SurfaceTemperature":7296.000000, "Luminosity":"Vb", "RotationPeriod":110732.914063, "AxialTilt":0.000000 }
{ "timestamp":"2017-10-28T13:21:54Z", "event":"FuelScoop", "Scooped":3.413455, "Total":32.000000 }
{ "timestamp":"2017-10-28T13:22:20Z", "event":"StartJump", "JumpType":"Hyperspace", "StarSystem":"Tr 24 Sector EW-M d7-57", "StarClass":"F" }
{ "timestamp":"2017-10-28T13:22:25Z", "event":"Music", "MusicTrack":"NoTrack" }
{ "timestamp":"2017-10-28T13:22:38Z", "event":"FSDJump", "StarSystem":"Tr 24 Sector EW-M d7-57", "StarPos":[1090.563,38.188,3685.281], "SystemAllegiance":"", "SystemEconomy":"$economy_None;", "SystemEconomy_Localised":"None", "SystemGovernment":"$government_None;", "SystemGovernment_Localised":"None", "SystemSecurity":"$GAlAXY_MAP_INFO_state_anarchy;", "SystemSecurity_Localised":"Anarchy", "Population":0, "JumpDist":22.811, "FuelUsed":2.920635, "FuelLevel":29.079365 }
{ "timestamp":"2017-10-28T13:22:39Z", "event":"Music", "MusicTrack":"Supercruise" }
{ "timestamp":"2017-10-28T13:22:48Z", "event":"Music", "MusicTrack":"SystemMap" }
{ "timestamp":"2017-10-28T13:23:01Z", "event":"Scan", "BodyName":"Tr 24 Sector EW-M d7-57 A", "DistanceFromArrivalLS":0.000000, "StarType":"F", "StellarMass":1.332031, "Radius":868441024.000000, "AbsoluteMagnitude":3.814209, "Age_MY":2678, "SurfaceTemperature":6533.000000, "Luminosity":"Vab", "SemiMajorAxis":135484661760.000000, "Eccentricity":0.188431, "OrbitalInclination":-40.124947, "Periapsis":333.079590, "OrbitalPeriod":40795864.000000, "RotationPeriod":215715.671875, "AxialTilt":0.000000 }
{ "timestamp":"2017-10-28T13:24:19Z", "event":"Friends", "Status":"Online", "Name":"Mitsumete Knight" }
{ "timestamp":"2017-10-28T13:27:04Z", "event":"Music", "MusicTrack":"Supercruise" }
{ "timestamp":"2017-10-28T13:27:27Z", "event":"FuelScoop", "Scooped":3.440641, "Total":32.000000 }
