{ "timestamp":"2017-10-23T03:33:20Z", "event":"Fileheader", "part":1, "language":"English\\UK", "gameversion":"2.4", "build":"r156431/r0 " }
{ "timestamp":"2017-10-23T03:33:21Z", "event":"Music", "MusicTrack":"NoTrack" }
{ "timestamp":"2017-10-23T03:33:21Z", "event":"Music", "MusicTrack":"MainMenu" }
{ "timestamp":"2017-10-23T03:39:50Z", "event":"Cargo", "Inventory":[  ] }
{ "timestamp":"2017-10-23T03:39:50Z", "event":"Loadout", "Ship":"DiamondBackXL", "ShipID":2, "ShipName":"KONNYAKU", "ShipIdent":"IG-E01", "Modules":[ { "Slot":"LargeHardpoint1", "Item":"Hpt_PulseLaser_Gimbal_Large", "On":true, "Priority":0, "Health":0.986208, "Value":140600 }, { "Slot":"MediumHardpoint2", "Item":"Hpt_MiningLaser_Fixed_Small", "On":true, "Priority":0, "Health":0.984353, "Value":6800 }, { "Slot":"TinyHardpoint1", "Item":"Hpt_HeatSinkLauncher_Turret_Tiny", "On":true, "Priority":0, "AmmoInClip":1, "AmmoInHopper":2, "Health":0.994521, "Value":3500 }, { "Slot":"TinyHardpoint2", "Item":"Hpt_HeatSinkLauncher_Turret_Tiny", "On":true, "Priority":0, "AmmoInClip":1, "AmmoInHopper":2, "Health":0.989419, "Value":3500 }, { "Slot":"TinyHardpoint4", "Item":"Hpt_ChaffLauncher_Tiny", "On":true, "Priority":0, "AmmoInClip":1, "AmmoInHopper":10, "Health":0.959160, "Value":8500 }, { "Slot":"Armour", "Item":"DiamondBackXL_Armour_Grade1", "On":true, "Priority":1, "Health":1.000000, "Value":0 }, { "Slot":"PowerPlant", "Item":"Int_Powerplant_Size4_Class4", "On":true, "Priority":1, "Health":0.993120, "Value":536693 }, { "Slot":"MainEngines", "Item":"Int_Engine_Size4_Class4", "On":true, "Priority":0, "Health":0.996931, "Value":536693 }, { "Slot":"FrameShiftDrive", "Item":"Int_Hyperdrive_Size5_Class4", "On":true, "Priority":0, "Health":0.999750, "Value":1701318 }, { "Slot":"LifeSupport", "Item":"Int_LifeSupport_Size3_Class2", "On":true, "Priority":0, "Health":0.993309, "Value":10133 }, { "Slot":"PowerDistributor", "Item":"Int_PowerDistributor_Size4_Class2", "On":true, "Priority":0, "Health":0.964996, "Value":28373 }, { "Slot":"Radar", "Item":"Int_Sensors_Size3_Class2", "On":true, "Priority":0, "Health":0.997002, "Value":10133 }, { "Slot":"FuelTank", "Item":"Int_FuelTank_Size5_Class3", "On":true, "Priority":1, "Health":1.000000, "Value":97754 }, { "Slot":"Decal1", "Item":"Decal_Explorer_Surveyor", "On":true, "Priority":1, "Health":1.000000, "Value":0 }, { "Slot":"Decal2", "Item":"Decal_Explorer_Surveyor", "On":true, "Priority":1, "Health":1.000000, "Value":0 }, { "Slot":"Decal3", "Item":"Decal_Explorer_Surveyor", "On":true, "Priority":1, "Health":1.000000, "Value":0 }, { "Slot":"Slot01_Size4", "Item":"Int_ShieldGenerator_Size4_Class1", "On":true, "Priority":2, "Health":0.994591, "Value":19878 }, { "Slot":"Slot02_Size4", "Item":"Int_FuelScoop_Size4_Class4", "On":true, "Priority":0, "Health":0.995509, "Value":715591 }, { "Slot":"Slot03_Size3", "Item":"Int_BuggyBay_Size2_Class2", "On":true, "Priority":0, "Health":0.995906, "Value":21600 }, { "Slot":"Slot04_Size3", "Item":"Int_Repairer_Size3_Class2", "On":true, "Priority":0, "AmmoInClip":3200, "Health":0.987025, "Value":97200 }, { "Slot":"Slot05_Size2", "Item":"Int_StellarBodyDiscoveryScanner_Advanced", "On":true, "Priority":1, "Health":0.996946, "Value":1545000 }, { "Slot":"Slot06_Size2", "Item":"Int_DetailedSurfaceScanner_Tiny", "On":true, "Priority":1, "Health":1.000000, "Value":250000 }, { "Slot":"PlanetaryApproachSuite", "Item":"Int_PlanetApproachSuite", "On":true, "Priority":1, "Health":1.000000, "Value":500 }, { "Slot":"ShipCockpit", "Item":"DiamondBackXL_Cockpit", "On":true, "Priority":1, "Health":1.000000, "Value":0 }, { "Slot":"CargoHatch", "Item":"ModularCargoBayDoor", "On":true, "Priority":2, "Health":0.966189, "Value":0 } ] }
{ "timestamp":"2017-10-23T03:39:50Z", "event":"Materials", "Raw":[ { "Name":"carbon", "Count":2 }, { "Name":"iron", "Count":3 } ], "Manufactured":[ { "Name":"mechanicalscrap", "Count":8 }, { "Name":"gridresistors", "Count":3 }, { "Name":"heatdispersionplate", "Count":5 }, { "Name":"salvagedalloys", "Count":6 }, { "Name":"hybridcapacitors", "Count":5 }, { "Name":"heatconductionwiring", "Count":2 } ], "Encoded":[ { "Name":"shieldsoakanalysis", "Count":3 }, { "Name":"disruptedwakeechoes", "Count":5 }, { "Name":"shieldcyclerecordings", "Count":9 }, { "Name":"emissiondata", "Count":3 }, { "Name":"bulkscandata", "Count":9 }, { "Name":"scrambledemissiondata", "Count":7 }, { "Name":"archivedemissiondata", "Count":3 }, { "Name":"shielddensityreports", "Count":9 }, { "Name":"legacyfirmware", "Count":1 } ] }
{ "timestamp":"2017-10-23T03:39:50Z", "event":"LoadGame", "Commander":"Igaguri", "Ship":"DiamondBackXL", "ShipID":2, "ShipName":"KONNYAKU", "ShipIdent":"IG-E01", "FuelLevel":32.000000, "FuelCapacity":32.000000, "GameMode":"Open", "Credits":726550, "Loan":0 }
{ "timestamp":"2017-10-23T03:39:50Z", "event":"Rank", "Combat":1, "Trade":4, "Explore":4, "Empire":0, "Federation":1, "CQC":0 }
{ "timestamp":"2017-10-23T03:39:50Z", "event":"Progress", "Combat":26, "Trade":1, "Explore":9, "Empire":0, "Federation":100, "CQC":0 }
{ "timestamp":"2017-10-23T03:40:00Z", "event":"Location", "Docked":false, "StarSystem":"Praea Euq WL-S c18-5", "StarPos":[452.906,351.375,1034.219], "SystemAllegiance":"", "SystemEconomy":"$economy_None;", "SystemEconomy_Localised":"None", "SystemGovernment":"$government_None;", "SystemGovernment_Localised":"None", "SystemSecurity":"$GAlAXY_MAP_INFO_state_anarchy;", "SystemSecurity_Localised":"Anarchy", "Population":0, "Body":"Praea Euq WL-S c18-5", "BodyType":"Star" }
{ "timestamp":"2017-10-23T03:40:00Z", "event":"Music", "MusicTrack":"NoTrack" }
{ "timestamp":"2017-10-23T03:40:00Z", "event":"Music", "MusicTrack":"Exploration" }
{ "timestamp":"2017-10-23T03:41:15Z", "event":"Music", "MusicTrack":"GalaxyMap" }
{ "timestamp":"2017-10-23T03:41:20Z", "event":"Music", "MusicTrack":"SystemMap" }
{ "timestamp":"2017-10-23T03:41:30Z", "event":"Music", "MusicTrack":"Exploration" }
{ "timestamp":"2017-10-23T03:41:38Z", "event":"StartJump", "JumpType":"Supercruise" }
{ "timestamp":"2017-10-23T03:41:43Z", "event":"SupercruiseEntry", "StarSystem":"Praea Euq WL-S c18-5" }
{ "timestamp":"2017-10-23T03:41:43Z", "event":"Music", "MusicTrack":"Supercruise" }
{ "timestamp":"2017-10-23T03:43:11Z", "event":"Scan", "BodyName":"Praea Euq WL-S c18-5 10", "DistanceFromArrivalLS":1390.925537, "TidalLock":false, "TerraformState":"", "PlanetClass":"Sudarsky class III gas giant", "Atmosphere":"", "AtmosphereComposition":[ { "Name":"Hydrogen", "Percent":73.809525 }, { "Name":"Helium", "Percent":26.190483 } ], "Volcanism":"", "MassEM":1319.526611, "Radius":76604744.000000, "SurfaceGravity":89.622330, "SurfaceTemperature":309.808197, "SurfacePressure":0.000000, "Landable":false, "SemiMajorAxis":9882102784.000000, "Eccentricity":0.127084, "OrbitalInclination":-7.219354, "Periapsis":35.830502, "OrbitalPeriod":29525568.000000, "RotationPeriod":174885.515625, "AxialTilt":0.287009, "Rings":[ { "Name":"Praea Euq WL-S c18-5 10 A Ring", "RingClass":"eRingClass_MetalRich", "MassMT":3.9012e+12, "InnerRad":1.2266e+08, "OuterRad":3.8184e+08 } ], "ReserveLevel":"PristineResources" }
{ "timestamp":"2017-10-23T03:43:30Z", "event":"Scan", "BodyName":"Praea Euq WL-S c18-5 11", "DistanceFromArrivalLS":1470.876343, "TidalLock":false, "TerraformState":"", "PlanetClass":"Gas giant with water based life", "Atmosphere":"", "AtmosphereComposition":[ { "Name":"Hydrogen", "Percent":73.783134 }, { "Name":"Helium", "Percent":26.181122 } ], "Volcanism":"", "MassEM":786.348877, "Radius":77237896.000000, "SurfaceGravity":52.536823, "SurfaceTemperature":199.538666, "SurfacePressure":0.000000, "Landable":false, "SemiMajorAxis":16582861824.000000, "Eccentricity":0.127084, "OrbitalInclination":-7.219354, "Periapsis":215.830490, "OrbitalPeriod":29525568.000000, "RotationPeriod":131406.296875, "AxialTilt":2.801819, "Rings":[ { "Name":"Praea Euq WL-S c18-5 11 A Ring", "RingClass":"eRingClass_Rocky", "MassMT":2.2133e+11, "InnerRad":1.3701e+08, "OuterRad":1.6797e+08 }, { "Name":"Praea Euq WL-S c18-5 11 B Ring", "RingClass":"eRingClass_Rocky", "MassMT":1.7591e+12, "InnerRad":1.6807e+08, "OuterRad":3.2133e+08 } ], "ReserveLevel":"PristineResources" }
{ "timestamp":"2017-10-23T03:44:15Z", "event":"Scan", "BodyName":"Praea Euq WL-S c18-5 10 c", "DistanceFromArrivalLS":1391.722534, "TidalLock":true, "TerraformState":"", "PlanetClass":"Icy body", "Atmosphere":"", "AtmosphereType":"None", "Volcanism":"major water magma volcanism", "MassEM":0.014567, "Radius":2133551.500000, "SurfaceGravity":1.275516, "SurfaceTemperature":99.298653, "SurfacePressure":0.000000, "Landable":true, "Materials":[ { "Name":"sulphur", "Percent":26.163841 }, { "Name":"carbon", "Percent":22.001080 }, { "Name":"phosphorus", "Percent":14.085468 }, { "Name":"iron", "Percent":11.851356 }, { "Name":"nickel", "Percent":8.963869 }, { "Name":"chromium", "Percent":5.329948 }, { "Name":"manganese", "Percent":4.894489 }, { "Name":"selenium", "Percent":4.094862 }, { "Name":"cadmium", "Percent":0.920312 }, { "Name":"tellurium", "Percent":0.884797 }, { "Name":"niobium", "Percent":0.809977 } ], "SemiMajorAxis":1120697216.000000, "Eccentricity":0.001171, "OrbitalInclination":0.022751, "Periapsis":25.709238, "OrbitalPeriod":325034.750000, "RotationPeriod":325045.375000, "AxialTilt":-0.347043 }
{ "timestamp":"2017-10-23T03:44:35Z", "event":"Music", "MusicTrack":"SystemMap" }
{ "timestamp":"2017-10-23T03:44:41Z", "event":"Music", "MusicTrack":"Supercruise" }
{ "timestamp":"2017-10-23T03:44:42Z", "event":"Scan", "BodyName":"Praea Euq WL-S c18-5 10 d", "DistanceFromArrivalLS":1388.003174, "TidalLock":true, "TerraformState":"", "PlanetClass":"Icy body", "Atmosphere":"", "AtmosphereType":"None", "Volcanism":"", "MassEM":0.014773, "Radius":2143372.500000, "SurfaceGravity":1.281716, "SurfaceTemperature":94.813354, "SurfacePressure":0.000000, "Landable":true, "Materials":[ { "Name":"sulphur", "Percent":27.420410 }, { "Name":"carbon", "Percent":23.057726 }, { "Name":"phosphorus", "Percent":14.761951 }, { "Name":"iron", "Percent":12.420541 }, { "Name":"nickel", "Percent":9.394378 }, { "Name":"selenium", "Percent":4.291526 }, { "Name":"germanium", "Percent":3.580248 }, { "Name":"vanadium", "Percent":3.050053 }, { "Name":"yttrium", "Percent":0.741864 }, { "Name":"tin", "Percent":0.738894 }, { "Name":"mercury", "Percent":0.542385 } ], "SemiMajorAxis":1473088384.000000, "Eccentricity":0.003484, "OrbitalInclination":-0.221719, "Periapsis":265.814911, "OrbitalPeriod":489824.531250, "RotationPeriod":489840.531250, "AxialTilt":0.392546 }
{ "timestamp":"2017-10-23T03:44:43Z", "event":"Music", "MusicTrack":"SystemMap" }
{ "timestamp":"2017-10-23T03:44:47Z", "event":"Music", "MusicTrack":"Supercruise" }
{ "timestamp":"2017-10-23T03:45:11Z", "event":"Scan", "BodyName":"Praea Euq WL-S c18-5 10 b", "DistanceFromArrivalLS":1392.417358, "TidalLock":false, "TerraformState":"", "PlanetClass":"Icy body", "Atmosphere":"", "AtmosphereType":"None", "Volcanism":"major water geysers volcanism", "MassEM":0.019482, "Radius":2343413.500000, "SurfaceGravity":1.414001, "SurfaceTemperature":107.078514, "SurfacePressure":0.000000, "Landable":true, "Materials":[ { "Name":"sulphur", "Percent":27.557680 }, { "Name":"carbon", "Percent":23.173153 }, { "Name":"phosphorus", "Percent":14.835851 }, { "Name":"iron", "Percent":12.607503 }, { "Name":"nickel", "Percent":9.535788 }, { "Name":"manganese", "Percent":5.206770 }, { "Name":"vanadium", "Percent":3.095964 }, { "Name":"arsenic", "Percent":1.621721 }, { "Name":"niobium", "Percent":0.861656 }, { "Name":"yttrium", "Percent":0.753031 }, { "Name":"tin", "Percent":0.750875 } ], "SemiMajorAxis":750953280.000000, "Eccentricity":0.004313, "OrbitalInclination":0.684452, "Periapsis":168.962082, "OrbitalPeriod":178285.796875, "RotationPeriod":-178291.609375, "AxialTilt":1.997669 }
{ "timestamp":"2017-10-23T03:45:28Z", "event":"Scan", "BodyName":"Praea Euq WL-S c18-5 10 a", "DistanceFromArrivalLS":1389.695068, "TidalLock":true, "TerraformState":"", "PlanetClass":"Rocky ice body", "Atmosphere":"", "AtmosphereType":"None", "Volcanism":"metallic magma volcanism", "MassEM":0.006285, "Radius":1408769.500000, "SurfaceGravity":1.262247, "SurfaceTemperature":120.354607, "SurfacePressure":0.000000, "Landable":true, "Materials":[ { "Name":"sulphur", "Percent":21.143816 }, { "Name":"carbon", "Percent":17.779760 }, { "Name":"iron", "Percent":16.226000 }, { "Name":"nickel", "Percent":12.272666 }, { "Name":"phosphorus", "Percent":11.382907 }, { "Name":"chromium", "Percent":7.297371 }, { "Name":"manganese", "Percent":6.701172 }, { "Name":"zinc", "Percent":4.409619 }, { "Name":"niobium", "Percent":1.108961 }, { "Name":"yttrium", "Percent":0.969160 }, { "Name":"mercury", "Percent":0.708563 } ], "SemiMajorAxis":437871136.000000, "Eccentricity":0.000020, "OrbitalInclination":0.013105, "Periapsis":324.333679, "OrbitalPeriod":79381.046875, "RotationPeriod":79383.640625, "AxialTilt":-0.344793 }
{ "timestamp":"2017-10-23T03:45:48Z", "event":"Music", "MusicTrack":"SystemMap" }
{ "timestamp":"2017-10-23T03:45:49Z", "event":"Music", "MusicTrack":"Supercruise" }
{ "timestamp":"2017-10-23T03:46:43Z", "event":"SupercruiseExit", "StarSystem":"Praea Euq WL-S c18-5", "Body":"Praea Euq WL-S c18-5 10 a", "BodyType":"Planet" }
{ "timestamp":"2017-10-23T03:46:43Z", "event":"Music", "MusicTrack":"Exploration" }
{ "timestamp":"2017-10-23T03:49:24Z", "event":"Touchdown", "PlayerControlled":true, "Latitude":45.616302, "Longitude":-119.565224 }
{ "timestamp":"2017-10-23T03:49:32Z", "event":"LaunchSRV", "Loadout":"starter", "PlayerControlled":true }
{ "timestamp":"2017-10-23T03:54:21Z", "event":"DockSRV" }
{ "timestamp":"2017-10-23T03:54:28Z", "event":"Liftoff", "PlayerControlled":true, "Latitude":45.616302, "Longitude":-119.565239 }
{ "timestamp":"2017-10-23T03:54:52Z", "event":"StartJump", "JumpType":"Supercruise" }
{ "timestamp":"2017-10-23T03:54:57Z", "event":"SupercruiseEntry", "StarSystem":"Praea Euq WL-S c18-5" }
{ "timestamp":"2017-10-23T03:54:57Z", "event":"Music", "MusicTrack":"Supercruise" }
{ "timestamp":"2017-10-23T03:55:38Z", "event":"Music", "MusicTrack":"SystemMap" }
{ "timestamp":"2017-10-23T03:55:48Z", "event":"Music", "MusicTrack":"Supercruise" }
{ "timestamp":"2017-10-23T03:56:17Z", "event":"StartJump", "JumpType":"Hyperspace", "StarSystem":"Praea Euq MD-J d9-32", "StarClass":"F" }
{ "timestamp":"2017-10-23T03:56:22Z", "event":"Music", "MusicTrack":"NoTrack" }
{ "timestamp":"2017-10-23T03:56:35Z", "event":"FSDJump", "StarSystem":"Praea Euq MD-J d9-32", "StarPos":[463.281,363.125,1054.969], "SystemAllegiance":"", "SystemEconomy":"$economy_None;", "SystemEconomy_Localised":"None", "SystemGovernment":"$government_None;", "SystemGovernment_Localised":"None", "SystemSecurity":"$GAlAXY_MAP_INFO_state_anarchy;", "SystemSecurity_Localised":"Anarchy", "Population":0, "JumpDist":26.005, "FuelUsed":4.013053, "FuelLevel":27.466946 }
{ "timestamp":"2017-10-23T03:56:35Z", "event":"Music", "MusicTrack":"Supercruise" }
{ "timestamp":"2017-10-23T03:56:59Z", "event":"Scan", "BodyName":"Praea Euq MD-J d9-32 A", "DistanceFromArrivalLS":0.000000, "StarType":"F", "StellarMass":1.105469, "Radius":758516864.000000, "AbsoluteMagnitude":3.994598, "Age_MY":2994, "SurfaceTemperature":6706.000000, "Luminosity":"Vb", "SemiMajorAxis":606198824960.000000, "Eccentricity":0.127805, "OrbitalInclination":37.721615, "Periapsis":346.572968, "OrbitalPeriod":830686912.000000, "RotationPeriod":785545.437500, "AxialTilt":0.000000 }
{ "timestamp":"2017-10-23T03:56:59Z", "event":"Music", "MusicTrack":"SystemMap" }
{ "timestamp":"2017-10-23T03:57:47Z", "event":"Music", "MusicTrack":"Supercruise" }
{ "timestamp":"2017-10-23T03:58:16Z", "event":"FuelScoop", "Scooped":4.533049, "Total":32.000000 }
{ "timestamp":"2017-10-23T03:59:21Z", "event":"Scan", "BodyName":"Praea Euq MD-J d9-32 A 2", "DistanceFromArrivalLS":312.124695, "TidalLock":true, "TerraformState":"", "PlanetClass":"High metal content body", "Atmosphere":"hot carbon dioxide atmosphere", "AtmosphereType":"CarbonDioxide", "AtmosphereComposition":[ { "Name":"CarbonDioxide", "Percent":66.688293 }, { "Name":"SulphurDioxide", "Percent":33.311722 } ], "Volcanism":"", "MassEM":0.532773, "Radius":5024405.000000, "SurfaceGravity":8.411678, "SurfaceTemperature":787.037231, "SurfacePressure":302718.531250, "Landable":false, "SemiMajorAxis":93537550336.000000, "Eccentricity":0.000379, "OrbitalInclination":-0.776035, "Periapsis":327.218964, "OrbitalPeriod":14838258.000000, "RotationPeriod":14838315.000000, "AxialTilt":-0.445945 }
{ "timestamp":"2017-10-23T03:59:52Z", "event":"Music", "MusicTrack":"SystemMap" }
{ "timestamp":"2017-10-23T03:59:56Z", "event":"Music", "MusicTrack":"Supercruise" }
{ "timestamp":"2017-10-23T04:02:05Z", "event":"Scan", "BodyName":"Praea Euq MD-J d9-32 A 4", "DistanceFromArrivalLS":545.407349, "TidalLock":false, "TerraformState":"", "PlanetClass":"High metal content body", "Atmosphere":"hot thick carbon dioxide atmosphere", "AtmosphereType":"CarbonDioxide", "AtmosphereComposition":[ { "Name":"CarbonDioxide", "Percent":92.730057 }, { "Name":"SulphurDioxide", "Percent":7.269952 } ], "Volcanism":"", "MassEM":0.578913, "Radius":5132514.500000, "SurfaceGravity":8.759160, "SurfaceTemperature":766.402222, "SurfacePressure":1472637.250000, "Landable":false, "SemiMajorAxis":165074862080.000000, "Eccentricity":0.013578, "OrbitalInclination":0.269393, "Periapsis":6.955052, "OrbitalPeriod":34787668.000000, "RotationPeriod":115077.414063, "AxialTilt":-1.266893 }
{ "timestamp":"2017-10-23T04:02:13Z", "event":"Music", "MusicTrack":"SystemMap" }
{ "timestamp":"2017-10-23T04:02:30Z", "event":"Music", "MusicTrack":"Supercruise" }
{ "timestamp":"2017-10-23T04:02:51Z", "event":"StartJump", "JumpType":"Hyperspace", "StarSystem":"Praea Euq YT-H b39-2", "StarClass":"M" }
{ "timestamp":"2017-10-23T04:02:57Z", "event":"Music", "MusicTrack":"NoTrack" }
{ "timestamp":"2017-10-23T04:03:10Z", "event":"FSDJump", "StarSystem":"Praea Euq YT-H b39-2", "StarPos":[470.563,386.438,1063.531], "SystemAllegiance":"", "SystemEconomy":"$economy_None;", "SystemEconomy_Localised":"None", "SystemGovernment":"$government_None;", "SystemGovernment_Localised":"None", "SystemSecurity":"$GAlAXY_MAP_INFO_state_anarchy;", "SystemSecurity_Localised":"Anarchy", "Population":0, "JumpDist":25.881, "FuelUsed":3.978901, "FuelLevel":28.021099 }
{ "timestamp":"2017-10-23T04:03:10Z", "event":"Music", "MusicTrack":"Supercruise" }
{ "timestamp":"2017-10-23T04:03:25Z", "event":"Music", "MusicTrack":"SystemMap" }
{ "timestamp":"2017-10-23T04:03:27Z", "event":"Music", "MusicTrack":"Supercruise" }
{ "timestamp":"2017-10-23T04:03:33Z", "event":"Scan", "BodyName":"Praea Euq YT-H b39-2 A", "DistanceFromArrivalLS":0.000000, "StarType":"M", "StellarMass":0.308594, "Radius":321664480.000000, "AbsoluteMagnitude":9.559738, "Age_MY":13017, "SurfaceTemperature":2860.000000, "Luminosity":"Va", "SemiMajorAxis":692639956992.000000, "Eccentricity":0.009060, "OrbitalInclination":3.179676, "Periapsis":174.873169, "OrbitalPeriod":2299140864.000000, "RotationPeriod":138615.781250, "AxialTilt":0.000000 }
{ "timestamp":"2017-10-23T04:04:01Z", "event":"SupercruiseExit", "StarSystem":"Praea Euq YT-H b39-2", "Body":"Praea Euq YT-H b39-2 A", "BodyType":"Star" }
{ "timestamp":"2017-10-23T04:04:01Z", "event":"Music", "MusicTrack":"Exploration" }
{ "timestamp":"2017-10-23T04:04:30Z", "event":"AfmuRepairs", "Module":"$int_engine_size4_class4_name;", "Module_Localised":"Thrusters", "FullyRepaired":true, "Health":1.000000 }
{ "timestamp":"2017-10-23T04:04:33Z", "event":"ShieldState", "ShieldsUp":false }
{ "timestamp":"2017-10-23T04:04:42Z", "event":"AfmuRepairs", "Module":"$int_shieldgenerator_size4_class1_name;", "Module_Localised":"Shield Generator", "FullyRepaired":true, "Health":1.000000 }
{ "timestamp":"2017-10-23T04:05:03Z", "event":"AfmuRepairs", "Module":"$int_hyperdrive_size5_class4_name;", "Module_Localised":"FSD", "FullyRepaired":true, "Health":1.000000 }
{ "timestamp":"2017-10-23T04:06:06Z", "event":"ShieldState", "ShieldsUp":true }
{ "timestamp":"2017-10-23T04:10:09Z", "event":"StartJump", "JumpType":"Supercruise" }
{ "timestamp":"2017-10-23T04:10:14Z", "event":"SupercruiseEntry", "StarSystem":"Praea Euq YT-H b39-2" }
{ "timestamp":"2017-10-23T04:10:14Z", "event":"Music", "MusicTrack":"Supercruise" }
{ "timestamp":"2017-10-23T04:10:27Z", "event":"Music", "MusicTrack":"SystemMap" }
{ "timestamp":"2017-10-23T04:10:29Z", "event":"Music", "MusicTrack":"Supercruise" }
{ "timestamp":"2017-10-23T04:10:39Z", "event":"FuelScoop", "Scooped":3.978886, "Total":32.000000 }
{ "timestamp":"2017-10-23T04:13:40Z", "event":"Scan", "BodyName":"Praea Euq YT-H b39-2 B", "DistanceFromArrivalLS":6745.403809, "StarType":"L", "StellarMass":0.160156, "Radius":242240624.000000, "AbsoluteMagnitude":12.364487, "Age_MY":13017, "SurfaceTemperature":1728.000000, "Luminosity":"V", "SemiMajorAxis":1334599352320.000000, "Eccentricity":0.009060, "OrbitalInclination":3.179676, "Periapsis":354.873169, "OrbitalPeriod":2299140864.000000, "RotationPeriod":109634.179688, "AxialTilt":0.000000 }
