{ "timestamp":"2017-11-09T12:26:55Z", "event":"Fileheader", "part":1, "language":"English\\UK", "gameversion":"2.4", "build":"r156431/r0 " }
{ "timestamp":"2017-11-09T12:26:55Z", "event":"Music", "MusicTrack":"NoTrack" }
{ "timestamp":"2017-11-09T12:26:55Z", "event":"Music", "MusicTrack":"MainMenu" }
{ "timestamp":"2017-11-09T12:31:08Z", "event":"Cargo", "Inventory":[  ] }
{ "timestamp":"2017-11-09T12:31:08Z", "event":"Loadout", "Ship":"DiamondBackXL", "ShipID":2, "ShipName":"KONNYAKU", "ShipIdent":"IG-E01", "Modules":[ { "Slot":"LargeHardpoint1", "Item":"Hpt_PulseLaser_Gimbal_Large", "On":true, "Priority":2, "Health":0.891463, "Value":140600 }, { "Slot":"MediumHardpoint2", "Item":"Hpt_MiningLaser_Fixed_Small", "On":true, "Priority":1, "Health":0.968142, "Value":6800 }, { "Slot":"TinyHardpoint1", "Item":"Hpt_HeatSinkLauncher_Turret_Tiny", "On":true, "Priority":0, "AmmoInClip":1, "AmmoInHopper":1, "Health":0.915583, "Value":3500 }, { "Slot":"TinyHardpoint2", "Item":"Hpt_HeatSinkLauncher_Turret_Tiny", "On":true, "Priority":0, "AmmoInClip":1, "AmmoInHopper":1, "Health":0.906481, "Value":3500 }, { "Slot":"TinyHardpoint4", "Item":"Hpt_ChaffLauncher_Tiny", "On":true, "Priority":1, "AmmoInClip":1, "AmmoInHopper":10, "Health":0.857794, "Value":8500 }, { "Slot":"Armour", "Item":"DiamondBackXL_Armour_Grade1", "On":true, "Priority":1, "Health":1.000000, "Value":0 }, { "Slot":"PowerPlant", "Item":"Int_Powerplant_Size4_Class4", "On":true, "Priority":1, "Health":0.913398, "Value":536693 }, { "Slot":"MainEngines", "Item":"Int_Engine_Size4_Class4", "On":true, "Priority":0, "Health":0.942583, "Value":536693 }, { "Slot":"FrameShiftDrive", "Item":"Int_Hyperdrive_Size5_Class4", "On":true, "Priority":0, "Health":0.908045, "Value":1701318 }, { "Slot":"LifeSupport", "Item":"Int_LifeSupport_Size3_Class2", "On":true, "Priority":0, "Health":0.896499, "Value":10133 }, { "Slot":"PowerDistributor", "Item":"Int_PowerDistributor_Size4_Class2", "On":true, "Priority":0, "Health":0.956763, "Value":28373 }, { "Slot":"Radar", "Item":"Int_Sensors_Size3_Class2", "On":true, "Priority":3, "Health":0.917260, "Value":10133 }, { "Slot":"FuelTank", "Item":"Int_FuelTank_Size5_Class3", "On":true, "Priority":1, "Health":1.000000, "Value":97754 }, { "Slot":"Decal1", "Item":"Decal_Explorer_Surveyor", "On":true, "Priority":1, "Health":1.000000, "Value":0 }, { "Slot":"Decal2", "Item":"Decal_Explorer_Surveyor", "On":true, "Priority":1, "Health":1.000000, "Value":0 }, { "Slot":"Decal3", "Item":"Decal_Explorer_Surveyor", "On":true, "Priority":1, "Health":1.000000, "Value":0 }, { "Slot":"Slot01_Size4", "Item":"Int_ShieldGenerator_Size4_Class1", "On":true, "Priority":1, "Health":0.966528, "Value":19878 }, { "Slot":"Slot02_Size4", "Item":"Int_FuelScoop_Size4_Class4", "On":true, "Priority":3, "Health":0.923486, "Value":715591 }, { "Slot":"Slot03_Size3", "Item":"Int_BuggyBay_Size2_Class2", "On":true, "Priority":0, "Health":0.937336, "Value":21600 }, { "Slot":"Slot04_Size3", "Item":"Int_Repairer_Size3_Class2", "On":true, "Priority":0, "AmmoInClip":2871, "Health":0.885168, "Value":97200 }, { "Slot":"Slot05_Size2", "Item":"Int_StellarBodyDiscoveryScanner_Advanced", "On":true, "Priority":1, "Health":0.911575, "Value":1545000 }, { "Slot":"Slot06_Size2", "Item":"Int_DetailedSurfaceScanner_Tiny", "On":true, "Priority":1, "Health":1.000000, "Value":250000 }, { "Slot":"PlanetaryApproachSuite", "Item":"Int_PlanetApproachSuite", "On":true, "Priority":1, "Health":1.000000, "Value":500 }, { "Slot":"ShipCockpit", "Item":"DiamondBackXL_Cockpit", "On":true, "Priority":1, "Health":0.942407, "Value":0 }, { "Slot":"CargoHatch", "Item":"ModularCargoBayDoor", "On":true, "Priority":2, "Health":0.901852, "Value":0 } ] }
{ "timestamp":"2017-11-09T12:31:08Z", "event":"Materials", "Raw":[ { "Name":"carbon", "Count":14 }, { "Name":"iron", "Count":26 }, { "Name":"chromium", "Count":10 }, { "Name":"nickel", "Count":23 }, { "Name":"manganese", "Count":24 }, { "Name":"zinc", "Count":4 }, { "Name":"sulphur", "Count":9 }, { "Name":"tungsten", "Count":3 } ], "Manufactured":[ { "Name":"mechanicalscrap", "Count":8 }, { "Name":"gridresistors", "Count":3 }, { "Name":"heatdispersionplate", "Count":5 }, { "Name":"salvagedalloys", "Count":6 }, { "Name":"hybridcapacitors", "Count":5 }, { "Name":"heatconductionwiring", "Count":2 } ], "Encoded":[ { "Name":"shieldsoakanalysis", "Count":3 }, { "Name":"disruptedwakeechoes", "Count":5 }, { "Name":"shieldcyclerecordings", "Count":9 }, { "Name":"emissiondata", "Count":3 }, { "Name":"bulkscandata", "Count":9 }, { "Name":"scrambledemissiondata", "Count":7 }, { "Name":"archivedemissiondata", "Count":3 }, { "Name":"shielddensityreports", "Count":9 }, { "Name":"legacyfirmware", "Count":1 } ] }
{ "timestamp":"2017-11-09T12:31:08Z", "event":"LoadGame", "Commander":"Igaguri", "Ship":"DiamondBackXL", "ShipID":2, "ShipName":"KONNYAKU", "ShipIdent":"IG-E01", "FuelLevel":32.000000, "FuelCapacity":32.000000, "GameMode":"Open", "Credits":726550, "Loan":0 }
{ "timestamp":"2017-11-09T12:31:08Z", "event":"Rank", "Combat":1, "Trade":4, "Explore":4, "Empire":0, "Federation":1, "CQC":0 }
{ "timestamp":"2017-11-09T12:31:08Z", "event":"Progress", "Combat":26, "Trade":1, "Explore":12, "Empire":0, "Federation":100, "CQC":0 }
{ "timestamp":"2017-11-09T12:31:18Z", "event":"Location", "Docked":false, "StarSystem":"Eos Audst NS-A d1-61", "StarPos":[681.156,2325.344,19537.563], "SystemAllegiance":"", "SystemEconomy":"$economy_None;", "SystemEconomy_Localised":"None", "SystemGovernment":"$government_None;", "SystemGovernment_Localised":"None", "SystemSecurity":"$GAlAXY_MAP_INFO_state_anarchy;", "SystemSecurity_Localised":"Anarchy", "Population":0, "Body":"Eos Audst NS-A d1-61 A", "BodyType":"Star" }
{ "timestamp":"2017-11-09T12:31:18Z", "event":"Music", "MusicTrack":"NoTrack" }
{ "timestamp":"2017-11-09T12:31:18Z", "event":"Music", "MusicTrack":"Exploration" }
{ "timestamp":"2017-11-09T12:31:31Z", "event":"Music", "MusicTrack":"SystemMap" }
{ "timestamp":"2017-11-09T12:31:33Z", "event":"StartJump", "JumpType":"Supercruise" }
{ "timestamp":"2017-11-09T12:31:33Z", "event":"Music", "MusicTrack":"Exploration" }
{ "timestamp":"2017-11-09T12:31:38Z", "event":"SupercruiseEntry", "StarSystem":"Eos Audst NS-A d1-61" }
{ "timestamp":"2017-11-09T12:31:38Z", "event":"Music", "MusicTrack":"Supercruise" }
{ "timestamp":"2017-11-09T12:31:45Z", "event":"Music", "MusicTrack":"GalaxyMap" }
{ "timestamp":"2017-11-09T12:32:10Z", "event":"Music", "MusicTrack":"Supercruise" }
{ "timestamp":"2017-11-09T12:32:12Z", "event":"Music", "MusicTrack":"GalaxyMap" }
{ "timestamp":"2017-11-09T12:32:46Z", "event":"Music", "MusicTrack":"Supercruise" }
{ "timestamp":"2017-11-09T12:33:03Z", "event":"StartJump", "JumpType":"Hyperspace", "StarSystem":"Eos Audst ER-Z c2-0", "StarClass":"K" }
{ "timestamp":"2017-11-09T12:33:08Z", "event":"Music", "MusicTrack":"NoTrack" }
{ "timestamp":"2017-11-09T12:33:23Z", "event":"FSDJump", "StarSystem":"Eos Audst ER-Z c2-0", "StarPos":[679.719,2331.750,19556.344], "SystemAllegiance":"", "SystemEconomy":"$economy_None;", "SystemEconomy_Localised":"None", "SystemGovernment":"$government_None;", "SystemGovernment_Localised":"None", "SystemSecurity":"$GAlAXY_MAP_INFO_state_anarchy;", "SystemSecurity_Localised":"Anarchy", "Population":0, "JumpDist":19.896, "FuelUsed":2.089141, "FuelLevel":29.910858 }
{ "timestamp":"2017-11-09T12:33:23Z", "event":"Music", "MusicTrack":"Supercruise" }
{ "timestamp":"2017-11-09T12:33:39Z", "event":"FuelScoop", "Scooped":2.089151, "Total":32.000000 }
{ "timestamp":"2017-11-09T12:33:59Z", "event":"Music", "MusicTrack":"GalaxyMap" }
{ "timestamp":"2017-11-09T12:34:04Z", "event":"Music", "MusicTrack":"Supercruise" }
{ "timestamp":"2017-11-09T12:34:07Z", "event":"Music", "MusicTrack":"SystemMap" }
{ "timestamp":"2017-11-09T12:34:09Z", "event":"Music", "MusicTrack":"Supercruise" }
{ "timestamp":"2017-11-09T12:34:26Z", "event":"StartJump", "JumpType":"Hyperspace", "StarSystem":"Eos Audst WJ-Z e108", "StarClass":"B" }
{ "timestamp":"2017-11-09T12:34:31Z", "event":"Music", "MusicTrack":"NoTrack" }
{ "timestamp":"2017-11-09T12:34:44Z", "event":"FSDJump", "StarSystem":"Eos Audst WJ-Z e108", "StarPos":[690.500,2320.625,19575.031], "SystemAllegiance":"", "SystemEconomy":"$economy_None;", "SystemEconomy_Localised":"None", "SystemGovernment":"$government_None;", "SystemGovernment_Localised":"None", "SystemSecurity":"$GAlAXY_MAP_INFO_state_anarchy;", "SystemSecurity_Localised":"Anarchy", "Population":0, "JumpDist":24.274, "FuelUsed":3.400887, "FuelLevel":28.599113 }
{ "timestamp":"2017-11-09T12:34:45Z", "event":"Music", "MusicTrack":"Supercruise" }
{ "timestamp":"2017-11-09T12:34:57Z", "event":"Music", "MusicTrack":"SystemMap" }
{ "timestamp":"2017-11-09T12:35:11Z", "event":"Scan", "BodyName":"Eos Audst WJ-Z e108", "DistanceFromArrivalLS":0.000000, "StarType":"B", "StellarMass":3.343750, "Radius":1485981696.000000, "AbsoluteMagnitude":-0.229767, "Age_MY":198, "SurfaceTemperature":12670.000000, "Luminosity":"Vz", "RotationPeriod":69240.195313, "AxialTilt":0.000000 }
{ "timestamp":"2017-11-09T12:35:43Z", "event":"Music", "MusicTrack":"Supercruise" }
{ "timestamp":"2017-11-09T12:36:08Z", "event":"FuelScoop", "Scooped":3.400895, "Total":32.000000 }
{ "timestamp":"2017-11-09T12:36:29Z", "event":"StartJump", "JumpType":"Hyperspace", "StarSystem":"Eos Audst IX-X c3-0", "StarClass":"M" }
{ "timestamp":"2017-11-09T12:36:35Z", "event":"Music", "MusicTrack":"NoTrack" }
{ "timestamp":"2017-11-09T12:36:48Z", "event":"FSDJump", "StarSystem":"Eos Audst IX-X c3-0", "StarPos":[688.313,2318.844,19598.094], "SystemAllegiance":"", "SystemEconomy":"$economy_None;", "SystemEconomy_Localised":"None", "SystemGovernment":"$government_None;", "SystemGovernment_Localised":"None", "SystemSecurity":"$GAlAXY_MAP_INFO_state_anarchy;", "SystemSecurity_Localised":"Anarchy", "Population":0, "JumpDist":23.234, "FuelUsed":3.054995, "FuelLevel":28.945005 }
{ "timestamp":"2017-11-09T12:36:48Z", "event":"Music", "MusicTrack":"Supercruise" }
{ "timestamp":"2017-11-09T12:37:07Z", "event":"Music", "MusicTrack":"SystemMap" }
{ "timestamp":"2017-11-09T12:37:08Z", "event":"FuelScoop", "Scooped":2.589626, "Total":31.534628 }
{ "timestamp":"2017-11-09T12:37:19Z", "event":"Music", "MusicTrack":"Supercruise" }
{ "timestamp":"2017-11-09T12:37:50Z", "event":"Scan", "BodyName":"Eos Audst IX-X c3-0 A 4", "DistanceFromArrivalLS":83.508522, "TidalLock":true, "TerraformState":"", "PlanetClass":"High metal content body", "Atmosphere":"hot thick carbon dioxide atmosphere", "AtmosphereType":"CarbonDioxide", "AtmosphereComposition":[ { "Name":"CarbonDioxide", "Percent":99.000580 }, { "Name":"SulphurDioxide", "Percent":0.999203 } ], "Volcanism":"", "MassEM":0.781194, "Radius":5646144.000000, "SurfaceGravity":9.767073, "SurfaceTemperature":907.097534, "SurfacePressure":12159890.000000, "Landable":false, "SemiMajorAxis":25035112448.000000, "Eccentricity":0.000005, "OrbitalInclination":-0.000356, "Periapsis":91.581345, "OrbitalPeriod":3118916.750000, "RotationPeriod":3126612.750000, "AxialTilt":0.109083 }
{ "timestamp":"2017-11-09T12:37:56Z", "event":"Music", "MusicTrack":"SystemMap" }
{ "timestamp":"2017-11-09T12:38:04Z", "event":"Music", "MusicTrack":"Supercruise" }
{ "timestamp":"2017-11-09T12:38:34Z", "event":"StartJump", "JumpType":"Hyperspace", "StarSystem":"Eos Audst MD-W c4-4", "StarClass":"K" }
{ "timestamp":"2017-11-09T12:38:39Z", "event":"Music", "MusicTrack":"NoTrack" }
{ "timestamp":"2017-11-09T12:38:53Z", "event":"FSDJump", "StarSystem":"Eos Audst MD-W c4-4", "StarPos":[676.094,2314.844,19618.219], "SystemAllegiance":"", "SystemEconomy":"$economy_None;", "SystemEconomy_Localised":"None", "SystemGovernment":"$government_None;", "SystemGovernment_Localised":"None", "SystemSecurity":"$GAlAXY_MAP_INFO_state_anarchy;", "SystemSecurity_Localised":"Anarchy", "Population":0, "JumpDist":23.881, "FuelUsed":3.257849, "FuelLevel":28.276779 }
{ "timestamp":"2017-11-09T12:38:53Z", "event":"Music", "MusicTrack":"Supercruise" }
{ "timestamp":"2017-11-09T12:39:03Z", "event":"Music", "MusicTrack":"SystemMap" }
{ "timestamp":"2017-11-09T12:39:10Z", "event":"Music", "MusicTrack":"Supercruise" }
{ "timestamp":"2017-11-09T12:39:14Z", "event":"FuelScoop", "Scooped":2.343390, "Total":30.620173 }
{ "timestamp":"2017-11-09T12:40:15Z", "event":"StartJump", "JumpType":"Hyperspace", "StarSystem":"Eos Audst MD-W c4-0", "StarClass":"K" }
{ "timestamp":"2017-11-09T12:40:21Z", "event":"Music", "MusicTrack":"NoTrack" }
{ "timestamp":"2017-11-09T12:40:34Z", "event":"FSDJump", "StarSystem":"Eos Audst MD-W c4-0", "StarPos":[681.875,2304.875,19633.813], "SystemAllegiance":"", "SystemEconomy":"$economy_None;", "SystemEconomy_Localised":"None", "SystemGovernment":"$government_None;", "SystemGovernment_Localised":"None", "SystemSecurity":"$GAlAXY_MAP_INFO_state_anarchy;", "SystemSecurity_Localised":"Anarchy", "Population":0, "JumpDist":19.390, "FuelUsed":1.944206, "FuelLevel":28.675966 }
{ "timestamp":"2017-11-09T12:40:34Z", "event":"Music", "MusicTrack":"Supercruise" }
{ "timestamp":"2017-11-09T12:40:53Z", "event":"FuelScoop", "Scooped":3.324018, "Total":32.000000 }
{ "timestamp":"2017-11-09T12:40:57Z", "event":"Music", "MusicTrack":"SystemMap" }
{ "timestamp":"2017-11-09T12:41:01Z", "event":"Music", "MusicTrack":"Supercruise" }
{ "timestamp":"2017-11-09T12:41:58Z", "event":"Scan", "BodyName":"Eos Audst MD-W c4-0 1", "DistanceFromArrivalLS":385.372803, "TidalLock":false, "TerraformState":"", "PlanetClass":"Water world", "Atmosphere":"thick ammonia atmosphere", "AtmosphereType":"Ammonia", "AtmosphereComposition":[ { "Name":"Ammonia", "Percent":82.158401 }, { "Name":"Nitrogen", "Percent":14.055043 }, { "Name":"Oxygen", "Percent":2.462115 } ], "Volcanism":"", "MassEM":1.540686, "Radius":6905232.500000, "SurfaceGravity":12.878547, "SurfaceTemperature":322.517212, "SurfacePressure":959861.687500, "Landable":false, "SemiMajorAxis":115470237696.000000, "Eccentricity":0.000671, "OrbitalInclination":-0.012058, "Periapsis":246.029907, "OrbitalPeriod":25728134.000000, "RotationPeriod":156798.421875, "AxialTilt":0.140420 }
{ "timestamp":"2017-11-09T12:42:01Z", "event":"Music", "MusicTrack":"SystemMap" }
{ "timestamp":"2017-11-09T12:42:03Z", "event":"Music", "MusicTrack":"Supercruise" }
{ "timestamp":"2017-11-09T12:42:21Z", "event":"StartJump", "JumpType":"Hyperspace", "StarSystem":"Eos Audst RY-Y d1-47", "StarClass":"G" }
{ "timestamp":"2017-11-09T12:42:27Z", "event":"Music", "MusicTrack":"NoTrack" }
{ "timestamp":"2017-11-09T12:42:40Z", "event":"FSDJump", "StarSystem":"Eos Audst RY-Y d1-47", "StarPos":[679.281,2309.094,19649.406], "SystemAllegiance":"", "SystemEconomy":"$economy_None;", "SystemEconomy_Localised":"None", "SystemGovernment":"$government_None;", "SystemGovernment_Localised":"None", "SystemSecurity":"$GAlAXY_MAP_INFO_state_anarchy;", "SystemSecurity_Localised":"Anarchy", "Population":0, "JumpDist":16.361, "FuelUsed":1.293626, "FuelLevel":30.706373 }
{ "timestamp":"2017-11-09T12:42:40Z", "event":"Music", "MusicTrack":"Supercruise" }
{ "timestamp":"2017-11-09T12:42:53Z", "event":"FuelScoop", "Scooped":1.293622, "Total":32.000000 }
{ "timestamp":"2017-11-09T12:42:58Z", "event":"Music", "MusicTrack":"SystemMap" }
{ "timestamp":"2017-11-09T12:43:05Z", "event":"Music", "MusicTrack":"Supercruise" }
{ "timestamp":"2017-11-09T12:43:21Z", "event":"StartJump", "JumpType":"Hyperspace", "StarSystem":"Eos Audst SE-U c5-1", "StarClass":"K" }
{ "timestamp":"2017-11-09T12:43:26Z", "event":"Music", "MusicTrack":"NoTrack" }
{ "timestamp":"2017-11-09T12:43:39Z", "event":"FSDJump", "StarSystem":"Eos Audst SE-U c5-1", "StarPos":[672.500,2291.969,19662.875], "SystemAllegiance":"", "SystemEconomy":"$economy_None;", "SystemEconomy_Localised":"None", "SystemGovernment":"$government_None;", "SystemGovernment_Localised":"None", "SystemSecurity":"$GAlAXY_MAP_INFO_state_anarchy;", "SystemSecurity_Localised":"Anarchy", "Population":0, "JumpDist":22.818, "FuelUsed":2.922572, "FuelLevel":29.077429 }
{ "timestamp":"2017-11-09T12:43:40Z", "event":"Music", "MusicTrack":"Supercruise" }
{ "timestamp":"2017-11-09T12:44:07Z", "event":"Scan", "BodyName":"Eos Audst SE-U c5-1 A", "DistanceFromArrivalLS":0.000000, "StarType":"K", "StellarMass":0.671875, "Radius":495093728.000000, "AbsoluteMagnitude":6.306473, "Age_MY":8136, "SurfaceTemperature":4875.000000, "Luminosity":"Vab", "SemiMajorAxis":14240397131776.000000, "Eccentricity":0.077791, "OrbitalInclination":76.067078, "Periapsis":209.610870, "OrbitalPeriod":204346621952.000000, "RotationPeriod":220617.328125, "AxialTilt":0.000000 }
{ "timestamp":"2017-11-09T12:44:22Z", "event":"FuelScoop", "Scooped":2.922543, "Total":32.000000 }
{ "timestamp":"2017-11-09T12:45:01Z", "event":"StartJump", "JumpType":"Hyperspace", "StarSystem":"Eos Audst XZ-W d2-37", "StarClass":"F" }
{ "timestamp":"2017-11-09T12:45:07Z", "event":"Music", "MusicTrack":"NoTrack" }
{ "timestamp":"2017-11-09T12:45:20Z", "event":"FSDJump", "StarSystem":"Eos Audst XZ-W d2-37", "StarPos":[666.000,2279.313,19674.094], "SystemAllegiance":"", "SystemEconomy":"$economy_None;", "SystemEconomy_Localised":"None", "SystemGovernment":"$government_None;", "SystemGovernment_Localised":"None", "SystemSecurity":"$GAlAXY_MAP_INFO_state_anarchy;", "SystemSecurity_Localised":"Anarchy", "Population":0, "JumpDist":18.119, "FuelUsed":1.661037, "FuelLevel":29.818962 }
{ "timestamp":"2017-11-09T12:45:20Z", "event":"Music", "MusicTrack":"Supercruise" }
{ "timestamp":"2017-11-09T12:45:35Z", "event":"FuelScoop", "Scooped":2.181028, "Total":32.000000 }
{ "timestamp":"2017-11-09T12:45:48Z", "event":"Music", "MusicTrack":"SystemMap" }
{ "timestamp":"2017-11-09T12:46:48Z", "event":"Music", "MusicTrack":"Supercruise" }
{ "timestamp":"2017-11-09T12:47:04Z", "event":"StartJump", "JumpType":"Hyperspace", "StarSystem":"Eos Audst WK-S c6-0", "StarClass":"K" }
{ "timestamp":"2017-11-09T12:47:09Z", "event":"Music", "MusicTrack":"NoTrack" }
{ "timestamp":"2017-11-09T12:47:23Z", "event":"FSDJump", "StarSystem":"Eos Audst WK-S c6-0", "StarPos":[672.000,2282.344,19696.375], "SystemAllegiance":"", "SystemEconomy":"$economy_None;", "SystemEconomy_Localised":"None", "SystemGovernment":"$government_None;", "SystemGovernment_Localised":"None", "SystemSecurity":"$GAlAXY_MAP_INFO_state_anarchy;", "SystemSecurity_Localised":"Anarchy", "Population":0, "JumpDist":23.273, "FuelUsed":3.067502, "FuelLevel":28.932499 }
{ "timestamp":"2017-11-09T12:47:23Z", "event":"Music", "MusicTrack":"Supercruise" }
{ "timestamp":"2017-11-09T12:47:42Z", "event":"FuelScoop", "Scooped":3.067490, "Total":32.000000 }
{ "timestamp":"2017-11-09T12:48:55Z", "event":"StartJump", "JumpType":"Hyperspace", "StarSystem":"Eos Audst WK-S c6-2", "StarClass":"K" }
{ "timestamp":"2017-11-09T12:49:01Z", "event":"Music", "MusicTrack":"NoTrack" }
{ "timestamp":"2017-11-09T12:49:14Z", "event":"FSDJump", "StarSystem":"Eos Audst WK-S c6-2", "StarPos":[673.906,2270.406,19714.250], "SystemAllegiance":"", "SystemEconomy":"$economy_None;", "SystemEconomy_Localised":"None", "SystemGovernment":"$government_None;", "SystemGovernment_Localised":"None", "SystemSecurity":"$GAlAXY_MAP_INFO_state_anarchy;", "SystemSecurity_Localised":"Anarchy", "Population":0, "JumpDist":21.579, "FuelUsed":2.549062, "FuelLevel":29.450937 }
{ "timestamp":"2017-11-09T12:49:14Z", "event":"Music", "MusicTrack":"Supercruise" }
{ "timestamp":"2017-11-09T12:49:31Z", "event":"FuelScoop", "Scooped":2.549046, "Total":32.000000 }
{ "timestamp":"2017-11-09T12:49:36Z", "event":"Music", "MusicTrack":"SystemMap" }
{ "timestamp":"2017-11-09T12:49:40Z", "event":"Music", "MusicTrack":"Supercruise" }
{ "timestamp":"2017-11-09T12:49:56Z", "event":"StartJump", "JumpType":"Hyperspace", "StarSystem":"Eos Audst AR-Q c7-5", "StarClass":"K" }
{ "timestamp":"2017-11-09T12:50:02Z", "event":"Music", "MusicTrack":"NoTrack" }
{ "timestamp":"2017-11-09T12:50:15Z", "event":"FSDJump", "StarSystem":"Eos Audst AR-Q c7-5", "StarPos":[671.375,2273.469,19737.000], "SystemAllegiance":"", "SystemEconomy":"$economy_None;", "SystemEconomy_Localised":"None", "SystemGovernment":"$government_None;", "SystemGovernment_Localised":"None", "SystemSecurity":"$GAlAXY_MAP_INFO_state_anarchy;", "SystemSecurity_Localised":"Anarchy", "Population":0, "JumpDist":23.094, "FuelUsed":3.010180, "FuelLevel":28.989820 }
{ "timestamp":"2017-11-09T12:50:15Z", "event":"Music", "MusicTrack":"Supercruise" }
{ "timestamp":"2017-11-09T12:50:34Z", "event":"FuelScoop", "Scooped":3.010175, "Total":32.000000 }
{ "timestamp":"2017-11-09T12:50:34Z", "event":"Music", "MusicTrack":"SystemMap" }
{ "timestamp":"2017-11-09T12:50:47Z", "event":"Music", "MusicTrack":"Supercruise" }
{ "timestamp":"2017-11-09T12:51:16Z", "event":"Scan", "BodyName":"Eos Audst AR-Q c7-5 A 5", "DistanceFromArrivalLS":79.306564, "TidalLock":true, "TerraformState":"", "PlanetClass":"High metal content body", "Atmosphere":"hot carbon dioxide atmosphere", "AtmosphereType":"CarbonDioxide", "AtmosphereComposition":[ { "Name":"CarbonDioxide", "Percent":68.501778 }, { "Name":"SulphurDioxide", "Percent":31.498219 } ], "Volcanism":"major rocky magma volcanism", "MassEM":0.801001, "Radius":5753463.000000, "SurfaceGravity":9.644587, "SurfaceTemperature":743.371643, "SurfacePressure":446977.500000, "Landable":false, "SemiMajorAxis":228408912.000000, "Eccentricity":0.037931, "OrbitalInclination":-6.810655, "Periapsis":50.929878, "OrbitalPeriod":1403032.375000, "RotationPeriod":1748752.250000, "AxialTilt":-0.330461 }
{ "timestamp":"2017-11-09T12:51:18Z", "event":"Music", "MusicTrack":"SystemMap" }
{ "timestamp":"2017-11-09T12:51:25Z", "event":"Music", "MusicTrack":"Supercruise" }
{ "timestamp":"2017-11-09T12:51:38Z", "event":"Music", "MusicTrack":"SystemMap" }
{ "timestamp":"2017-11-09T12:51:41Z", "event":"Music", "MusicTrack":"Supercruise" }
{ "timestamp":"2017-11-09T12:52:37Z", "event":"Scan", "BodyName":"Eos Audst AR-Q c7-5 A 7", "DistanceFromArrivalLS":248.026672, "TidalLock":false, "TerraformState":"Terraformable", "PlanetClass":"Water world", "Atmosphere":"thick argon rich atmosphere", "AtmosphereType":"ArgonRich", "AtmosphereComposition":[ { "Name":"Nitrogen", "Percent":93.895546 }, { "Name":"Argon", "Percent":5.663850 }, { "Name":"Ammonia", "Percent":0.333843 } ], "Volcanism":"major rocky magma volcanism", "MassEM":0.943930, "Radius":6245435.500000, "SurfaceGravity":9.645477, "SurfaceTemperature":257.468597, "SurfacePressure":10708052.000000, "Landable":false, "SemiMajorAxis":74356678656.000000, "Eccentricity":0.000016, "OrbitalInclination":0.000200, "Periapsis":280.200226, "OrbitalPeriod":14356923.000000, "RotationPeriod":42720.433594, "AxialTilt":0.104418 }
{ "timestamp":"2017-11-09T12:52:41Z", "event":"Music", "MusicTrack":"SystemMap" }
{ "timestamp":"2017-11-09T12:52:48Z", "event":"Music", "MusicTrack":"Supercruise" }
{ "timestamp":"2017-11-09T12:53:08Z", "event":"StartJump", "JumpType":"Hyperspace", "StarSystem":"Eos Audst AQ-X e1-87", "StarClass":"B" }
{ "timestamp":"2017-11-09T12:53:13Z", "event":"Music", "MusicTrack":"NoTrack" }
{ "timestamp":"2017-11-09T12:53:26Z", "event":"FSDJump", "StarSystem":"Eos Audst AQ-X e1-87", "StarPos":[673.438,2264.906,19757.406], "SystemAllegiance":"", "SystemEconomy":"$economy_None;", "SystemEconomy_Localised":"None", "SystemGovernment":"$government_None;", "SystemGovernment_Localised":"None", "SystemSecurity":"$GAlAXY_MAP_INFO_state_anarchy;", "SystemSecurity_Localised":"Anarchy", "Population":0, "JumpDist":22.226, "FuelUsed":2.740055, "FuelLevel":29.259945 }
{ "timestamp":"2017-11-09T12:53:27Z", "event":"Music", "MusicTrack":"Supercruise" }
{ "timestamp":"2017-11-09T12:53:50Z", "event":"Music", "MusicTrack":"SystemMap" }
{ "timestamp":"2017-11-09T12:53:51Z", "event":"Scan", "BodyName":"Eos Audst AQ-X e1-87 A", "DistanceFromArrivalLS":0.000000, "StarType":"B", "StellarMass":3.601563, "Radius":1537409792.000000, "AbsoluteMagnitude":-0.478378, "Age_MY":156, "SurfaceTemperature":13190.000000, "Luminosity":"Vz", "SemiMajorAxis":11257760448512.000000, "Eccentricity":0.040554, "OrbitalInclination":-9.101786, "Periapsis":316.229431, "OrbitalPeriod":50530324480.000000, "RotationPeriod":67907.312500, "AxialTilt":0.000000 }
{ "timestamp":"2017-11-09T12:53:51Z", "event":"Music", "MusicTrack":"Supercruise" }
{ "timestamp":"2017-11-09T12:53:53Z", "event":"Music", "MusicTrack":"SystemMap" }
{ "timestamp":"2017-11-09T12:53:55Z", "event":"Music", "MusicTrack":"Supercruise" }
{ "timestamp":"2017-11-09T12:54:19Z", "event":"FuelScoop", "Scooped":2.740057, "Total":32.000000 }
{ "timestamp":"2017-11-09T12:54:50Z", "event":"StartJump", "JumpType":"Hyperspace", "StarSystem":"Eos Audst EX-O c8-3", "StarClass":"K" }
{ "timestamp":"2017-11-09T12:54:55Z", "event":"Music", "MusicTrack":"NoTrack" }
{ "timestamp":"2017-11-09T12:55:08Z", "event":"FSDJump", "StarSystem":"Eos Audst EX-O c8-3", "StarPos":[676.594,2263.656,19779.156], "SystemAllegiance":"", "SystemEconomy":"$economy_None;", "SystemEconomy_Localised":"None", "SystemGovernment":"$government_None;", "SystemGovernment_Localised":"None", "SystemSecurity":"$GAlAXY_MAP_INFO_state_anarchy;", "SystemSecurity_Localised":"Anarchy", "Population":0, "JumpDist":22.013, "FuelUsed":2.676478, "FuelLevel":29.323523 }
{ "timestamp":"2017-11-09T12:55:08Z", "event":"Music", "MusicTrack":"Supercruise" }
{ "timestamp":"2017-11-09T12:55:18Z", "event":"Music", "MusicTrack":"SystemMap" }
{ "timestamp":"2017-11-09T12:55:21Z", "event":"Music", "MusicTrack":"Supercruise" }
{ "timestamp":"2017-11-09T12:55:25Z", "event":"FuelScoop", "Scooped":1.354167, "Total":30.677691 }
{ "timestamp":"2017-11-09T12:55:40Z", "event":"StartJump", "JumpType":"Hyperspace", "StarSystem":"Eos Audst AQ-X e1-91", "StarClass":"B" }
{ "timestamp":"2017-11-09T12:55:45Z", "event":"Music", "MusicTrack":"NoTrack" }
{ "timestamp":"2017-11-09T12:55:58Z", "event":"FSDJump", "StarSystem":"Eos Audst AQ-X e1-91", "StarPos":[659.281,2253.844,19795.875], "SystemAllegiance":"", "SystemEconomy":"$economy_None;", "SystemEconomy_Localised":"None", "SystemGovernment":"$government_None;", "SystemGovernment_Localised":"None", "SystemSecurity":"$GAlAXY_MAP_INFO_state_anarchy;", "SystemSecurity_Localised":"Anarchy", "Population":0, "JumpDist":25.991, "FuelUsed":3.987301, "FuelLevel":26.690390 }
{ "timestamp":"2017-11-09T12:55:59Z", "event":"Music", "MusicTrack":"Supercruise" }
{ "timestamp":"2017-11-09T12:56:09Z", "event":"Music", "MusicTrack":"SystemMap" }
{ "timestamp":"2017-11-09T12:56:10Z", "event":"Music", "MusicTrack":"Supercruise" }
{ "timestamp":"2017-11-09T12:56:23Z", "event":"Scan", "BodyName":"Eos Audst AQ-X e1-91", "DistanceFromArrivalLS":0.000000, "StarType":"B", "StellarMass":3.558594, "Radius":1485981696.000000, "AbsoluteMagnitude":-0.321701, "Age_MY":100, "SurfaceTemperature":12941.000000, "Luminosity":"Vz", "RotationPeriod":75885.156250, "AxialTilt":0.000000 }
{ "timestamp":"2017-11-09T12:56:51Z", "event":"FuelScoop", "Scooped":5.000775, "Total":31.691145 }
{ "timestamp":"2017-11-09T12:56:52Z", "event":"FuelScoop", "Scooped":0.308861, "Total":32.000000 }
{ "timestamp":"2017-11-09T12:57:15Z", "event":"StartJump", "JumpType":"Hyperspace", "StarSystem":"Eos Audst GS-O c8-0", "StarClass":"G" }
{ "timestamp":"2017-11-09T12:57:20Z", "event":"Music", "MusicTrack":"NoTrack" }
{ "timestamp":"2017-11-09T12:57:33Z", "event":"FSDJump", "StarSystem":"Eos Audst GS-O c8-0", "StarPos":[655.375,2248.000,19813.531], "SystemAllegiance":"", "SystemEconomy":"$economy_None;", "SystemEconomy_Localised":"None", "SystemGovernment":"$government_None;", "SystemGovernment_Localised":"None", "SystemSecurity":"$GAlAXY_MAP_INFO_state_anarchy;", "SystemSecurity_Localised":"Anarchy", "Population":0, "JumpDist":19.004, "FuelUsed":1.867004, "FuelLevel":30.132996 }
{ "timestamp":"2017-11-09T12:57:33Z", "event":"Music", "MusicTrack":"Supercruise" }
{ "timestamp":"2017-11-09T12:57:43Z", "event":"Music", "MusicTrack":"SystemMap" }
{ "timestamp":"2017-11-09T12:57:46Z", "event":"FuelScoop", "Scooped":0.509333, "Total":30.642321 }
{ "timestamp":"2017-11-09T12:57:49Z", "event":"Music", "MusicTrack":"Supercruise" }
{ "timestamp":"2017-11-09T12:57:53Z", "event":"Music", "MusicTrack":"SystemMap" }
{ "timestamp":"2017-11-09T12:57:55Z", "event":"Music", "MusicTrack":"Supercruise" }
{ "timestamp":"2017-11-09T12:58:12Z", "event":"StartJump", "JumpType":"Hyperspace", "StarSystem":"Eos Audst KY-M c9-3", "StarClass":"K" }
{ "timestamp":"2017-11-09T12:58:18Z", "event":"Music", "MusicTrack":"NoTrack" }
{ "timestamp":"2017-11-09T12:58:31Z", "event":"FSDJump", "StarSystem":"Eos Audst KY-M c9-3", "StarPos":[676.594,2242.594,19826.813], "SystemAllegiance":"", "SystemEconomy":"$economy_None;", "SystemEconomy_Localised":"None", "SystemGovernment":"$government_None;", "SystemGovernment_Localised":"None", "SystemSecurity":"$GAlAXY_MAP_INFO_state_anarchy;", "SystemSecurity_Localised":"Anarchy", "Population":0, "JumpDist":25.610, "FuelUsed":3.844611, "FuelLevel":26.797710 }
{ "timestamp":"2017-11-09T12:58:31Z", "event":"Music", "MusicTrack":"Supercruise" }
{ "timestamp":"2017-11-09T12:58:58Z", "event":"Music", "MusicTrack":"SystemMap" }
{ "timestamp":"2017-11-09T12:58:59Z", "event":"FuelScoop", "Scooped":4.999294, "Total":31.796989 }
{ "timestamp":"2017-11-09T12:59:04Z", "event":"Music", "MusicTrack":"Supercruise" }
{ "timestamp":"2017-11-09T12:59:20Z", "event":"StartJump", "JumpType":"Hyperspace", "StarSystem":"Eos Audst KY-M c9-5", "StarClass":"K" }
{ "timestamp":"2017-11-09T12:59:26Z", "event":"Music", "MusicTrack":"NoTrack" }
{ "timestamp":"2017-11-09T12:59:39Z", "event":"FSDJump", "StarSystem":"Eos Audst KY-M c9-5", "StarPos":[684.563,2241.063,19848.531], "SystemAllegiance":"", "SystemEconomy":"$economy_None;", "SystemEconomy_Localised":"None", "SystemGovernment":"$government_None;", "SystemGovernment_Localised":"None", "SystemSecurity":"$GAlAXY_MAP_INFO_state_anarchy;", "SystemSecurity_Localised":"Anarchy", "Population":0, "JumpDist":23.185, "FuelUsed":3.035265, "FuelLevel":28.761724 }
{ "timestamp":"2017-11-09T12:59:39Z", "event":"Music", "MusicTrack":"Supercruise" }
{ "timestamp":"2017-11-09T12:59:58Z", "event":"FuelScoop", "Scooped":3.238267, "Total":32.000000 }
{ "timestamp":"2017-11-09T13:00:07Z", "event":"Music", "MusicTrack":"SystemMap" }
{ "timestamp":"2017-11-09T13:00:13Z", "event":"Music", "MusicTrack":"Supercruise" }
{ "timestamp":"2017-11-09T13:00:29Z", "event":"StartJump", "JumpType":"Hyperspace", "StarSystem":"Eos Audst FM-T d4-87", "StarClass":"F" }
{ "timestamp":"2017-11-09T13:00:34Z", "event":"Music", "MusicTrack":"NoTrack" }
{ "timestamp":"2017-11-09T13:00:48Z", "event":"FSDJump", "StarSystem":"Eos Audst FM-T d4-87", "StarPos":[686.344,2228.938,19865.781], "SystemAllegiance":"", "SystemEconomy":"$economy_None;", "SystemEconomy_Localised":"None", "SystemGovernment":"$government_None;", "SystemGovernment_Localised":"None", "SystemSecurity":"$GAlAXY_MAP_INFO_state_anarchy;", "SystemSecurity_Localised":"Anarchy", "Population":0, "JumpDist":21.160, "FuelUsed":2.429506, "FuelLevel":29.570494 }
{ "timestamp":"2017-11-09T13:00:48Z", "event":"Music", "MusicTrack":"Supercruise" }
{ "timestamp":"2017-11-09T13:01:04Z", "event":"FuelScoop", "Scooped":2.429513, "Total":32.000000 }
{ "timestamp":"2017-11-09T13:01:12Z", "event":"Music", "MusicTrack":"SystemMap" }
{ "timestamp":"2017-11-09T13:01:15Z", "event":"Music", "MusicTrack":"Supercruise" }
{ "timestamp":"2017-11-09T13:01:36Z", "event":"StartJump", "JumpType":"Hyperspace", "StarSystem":"Eos Audst FM-T d4-42", "StarClass":"F" }
{ "timestamp":"2017-11-09T13:01:41Z", "event":"Music", "MusicTrack":"NoTrack" }
{ "timestamp":"2017-11-09T13:01:55Z", "event":"FSDJump", "StarSystem":"Eos Audst FM-T d4-42", "StarPos":[677.125,2220.094,19888.531], "SystemAllegiance":"", "SystemEconomy":"$economy_None;", "SystemEconomy_Localised":"None", "SystemGovernment":"$government_None;", "SystemGovernment_Localised":"None", "SystemSecurity":"$GAlAXY_MAP_INFO_state_anarchy;", "SystemSecurity_Localised":"Anarchy", "Population":0, "JumpDist":26.091, "FuelUsed":4.059021, "FuelLevel":27.940979 }
{ "timestamp":"2017-11-09T13:01:55Z", "event":"Music", "MusicTrack":"Supercruise" }
{ "timestamp":"2017-11-09T13:02:17Z", "event":"FuelScoop", "Scooped":4.059001, "Total":32.000000 }
{ "timestamp":"2017-11-09T13:02:19Z", "event":"Music", "MusicTrack":"SystemMap" }
{ "timestamp":"2017-11-09T13:02:28Z", "event":"Music", "MusicTrack":"Supercruise" }
{ "timestamp":"2017-11-09T13:02:30Z", "event":"Music", "MusicTrack":"SystemMap" }
{ "timestamp":"2017-11-09T13:02:40Z", "event":"Music", "MusicTrack":"Supercruise" }
{ "timestamp":"2017-11-09T13:02:41Z", "event":"Music", "MusicTrack":"SystemMap" }
{ "timestamp":"2017-11-09T13:02:44Z", "event":"Music", "MusicTrack":"Supercruise" }
{ "timestamp":"2017-11-09T13:03:01Z", "event":"StartJump", "JumpType":"Hyperspace", "StarSystem":"Eos Audst GR-V e2-106", "StarClass":"B" }
{ "timestamp":"2017-11-09T13:03:07Z", "event":"Music", "MusicTrack":"NoTrack" }
{ "timestamp":"2017-11-09T13:03:20Z", "event":"FSDJump", "StarSystem":"Eos Audst GR-V e2-106", "StarPos":[686.875,2203.250,19904.906], "SystemAllegiance":"", "SystemEconomy":"$economy_None;", "SystemEconomy_Localised":"None", "SystemGovernment":"$government_None;", "SystemGovernment_Localised":"None", "SystemSecurity":"$GAlAXY_MAP_INFO_state_anarchy;", "SystemSecurity_Localised":"Anarchy", "Population":0, "JumpDist":25.435, "FuelUsed":3.813218, "FuelLevel":28.186783 }
{ "timestamp":"2017-11-09T13:03:20Z", "event":"Music", "MusicTrack":"Supercruise" }
{ "timestamp":"2017-11-09T13:03:29Z", "event":"Music", "MusicTrack":"SystemMap" }
{ "timestamp":"2017-11-09T13:03:33Z", "event":"Music", "MusicTrack":"Supercruise" }
{ "timestamp":"2017-11-09T13:03:43Z", "event":"Scan", "BodyName":"Eos Audst GR-V e2-106 A", "DistanceFromArrivalLS":0.000000, "StarType":"B", "StellarMass":5.394531, "Radius":2124195328.000000, "AbsoluteMagnitude":-2.023087, "Age_MY":146, "SurfaceTemperature":16013.000000, "Luminosity":"Vz", "SemiMajorAxis":20959545344.000000, "Eccentricity":0.284791, "OrbitalInclination":36.934757, "Periapsis":311.643280, "OrbitalPeriod":2870153.250000, "RotationPeriod":97098.992188, "AxialTilt":0.000000 }
{ "timestamp":"2017-11-09T13:03:54Z", "event":"Music", "MusicTrack":"SystemMap" }
{ "timestamp":"2017-11-09T13:03:59Z", "event":"Music", "MusicTrack":"Supercruise" }
{ "timestamp":"2017-11-09T13:04:05Z", "event":"Scan", "BodyName":"Eos Audst GR-V e2-106 B", "DistanceFromArrivalLS":237.531815, "StarType":"B", "StellarMass":2.820313, "Radius":1344326272.000000, "AbsoluteMagnitude":0.529770, "Age_MY":146, "SurfaceTemperature":11184.000000, "Luminosity":"Vz", "SemiMajorAxis":40090202112.000000, "Eccentricity":0.284791, "OrbitalInclination":36.934757, "Periapsis":131.643280, "OrbitalPeriod":2870153.250000, "RotationPeriod":59972.406250, "AxialTilt":0.000000 }
{ "timestamp":"2017-11-09T13:04:31Z", "event":"FuelScoop", "Scooped":3.813195, "Total":32.000000 }
{ "timestamp":"2017-11-09T13:05:13Z", "event":"Music", "MusicTrack":"SystemMap" }
{ "timestamp":"2017-11-09T13:05:18Z", "event":"Friends", "Status":"Online", "Name":"Mitsumete Knight" }
{ "timestamp":"2017-11-09T13:07:23Z", "event":"Music", "MusicTrack":"Supercruise" }
{ "timestamp":"2017-11-09T13:07:40Z", "event":"StartJump", "JumpType":"Hyperspace", "StarSystem":"Eos Audst LN-R d5-133", "StarClass":"F" }
{ "timestamp":"2017-11-09T13:07:45Z", "event":"Music", "MusicTrack":"NoTrack" }
{ "timestamp":"2017-11-09T13:07:59Z", "event":"FSDJump", "StarSystem":"Eos Audst LN-R d5-133", "StarPos":[687.313,2195.531,19925.406], "SystemAllegiance":"", "SystemEconomy":"$economy_None;", "SystemEconomy_Localised":"None", "SystemGovernment":"$government_None;", "SystemGovernment_Localised":"None", "SystemSecurity":"$GAlAXY_MAP_INFO_state_anarchy;", "SystemSecurity_Localised":"Anarchy", "Population":0, "JumpDist":21.909, "FuelUsed":2.637087, "FuelLevel":28.842913 }
{ "timestamp":"2017-11-09T13:07:59Z", "event":"Music", "MusicTrack":"Supercruise" }
{ "timestamp":"2017-11-09T13:08:17Z", "event":"FuelScoop", "Scooped":3.157109, "Total":32.000000 }
{ "timestamp":"2017-11-09T13:08:24Z", "event":"Music", "MusicTrack":"SystemMap" }
{ "timestamp":"2017-11-09T13:08:26Z", "event":"Music", "MusicTrack":"Supercruise" }
{ "timestamp":"2017-11-09T13:08:45Z", "event":"StartJump", "JumpType":"Hyperspace", "StarSystem":"Eos Audst LN-R d5-100", "StarClass":"G" }
{ "timestamp":"2017-11-09T13:08:50Z", "event":"Music", "MusicTrack":"NoTrack" }
{ "timestamp":"2017-11-09T13:09:04Z", "event":"FSDJump", "StarSystem":"Eos Audst LN-R d5-100", "StarPos":[695.969,2193.250,19948.500], "SystemAllegiance":"", "SystemEconomy":"$economy_None;", "SystemEconomy_Localised":"None", "SystemGovernment":"$government_None;", "SystemGovernment_Localised":"None", "SystemSecurity":"$GAlAXY_MAP_INFO_state_anarchy;", "SystemSecurity_Localised":"Anarchy", "Population":0, "JumpDist":24.768, "FuelUsed":3.572677, "FuelLevel":28.427322 }
{ "timestamp":"2017-11-09T13:09:04Z", "event":"Music", "MusicTrack":"Supercruise" }
{ "timestamp":"2017-11-09T13:09:24Z", "event":"FuelScoop", "Scooped":3.572671, "Total":32.000000 }
{ "timestamp":"2017-11-09T13:09:27Z", "event":"Music", "MusicTrack":"SystemMap" }
{ "timestamp":"2017-11-09T13:09:29Z", "event":"Music", "MusicTrack":"Supercruise" }
{ "timestamp":"2017-11-09T13:09:46Z", "event":"StartJump", "JumpType":"Hyperspace", "StarSystem":"Eos Audst LN-R d5-29", "StarClass":"G" }
{ "timestamp":"2017-11-09T13:09:52Z", "event":"Music", "MusicTrack":"NoTrack" }
{ "timestamp":"2017-11-09T13:10:05Z", "event":"FSDJump", "StarSystem":"Eos Audst LN-R d5-29", "StarPos":[685.563,2175.531,19962.656], "SystemAllegiance":"", "SystemEconomy":"$economy_None;", "SystemEconomy_Localised":"None", "SystemGovernment":"$government_None;", "SystemGovernment_Localised":"None", "SystemSecurity":"$GAlAXY_MAP_INFO_state_anarchy;", "SystemSecurity_Localised":"Anarchy", "Population":0, "JumpDist":24.953, "FuelUsed":3.638707, "FuelLevel":28.361294 }
{ "timestamp":"2017-11-09T13:10:05Z", "event":"Music", "MusicTrack":"Supercruise" }
{ "timestamp":"2017-11-09T13:10:33Z", "event":"FuelScoop", "Scooped":3.638710, "Total":32.000000 }
{ "timestamp":"2017-11-09T13:11:22Z", "event":"Music", "MusicTrack":"SystemMap" }
{ "timestamp":"2017-11-09T13:11:24Z", "event":"Music", "MusicTrack":"Supercruise" }
{ "timestamp":"2017-11-09T13:11:40Z", "event":"StartJump", "JumpType":"Hyperspace", "StarSystem":"Eos Audst PT-P d6-12", "StarClass":"A" }
{ "timestamp":"2017-11-09T13:11:45Z", "event":"Music", "MusicTrack":"NoTrack" }
{ "timestamp":"2017-11-09T13:11:59Z", "event":"FSDJump", "StarSystem":"Eos Audst PT-P d6-12", "StarPos":[687.594,2163.594,19985.000], "SystemAllegiance":"", "SystemEconomy":"$economy_None;", "SystemEconomy_Localised":"None", "SystemGovernment":"$government_None;", "SystemGovernment_Localised":"None", "SystemSecurity":"$GAlAXY_MAP_INFO_state_anarchy;", "SystemSecurity_Localised":"Anarchy", "Population":0, "JumpDist":25.414, "FuelUsed":3.805675, "FuelLevel":28.194324 }
{ "timestamp":"2017-11-09T13:11:59Z", "event":"Music", "MusicTrack":"Supercruise" }
{ "timestamp":"2017-11-09T13:12:20Z", "event":"FuelScoop", "Scooped":3.805701, "Total":32.000000 }
{ "timestamp":"2017-11-09T13:12:24Z", "event":"Music", "MusicTrack":"SystemMap" }
{ "timestamp":"2017-11-09T13:12:29Z", "event":"Music", "MusicTrack":"Supercruise" }
{ "timestamp":"2017-11-09T13:12:46Z", "event":"StartJump", "JumpType":"Hyperspace", "StarSystem":"Eos Audst PT-P d6-102", "StarClass":"F" }
{ "timestamp":"2017-11-09T13:12:51Z", "event":"Music", "MusicTrack":"NoTrack" }
{ "timestamp":"2017-11-09T13:13:04Z", "event":"FSDJump", "StarSystem":"Eos Audst PT-P d6-102", "StarPos":[678.719,2144.563,19999.375], "SystemAllegiance":"", "SystemEconomy":"$economy_None;", "SystemEconomy_Localised":"None", "SystemGovernment":"$government_None;", "SystemGovernment_Localised":"None", "SystemSecurity":"$GAlAXY_MAP_INFO_state_anarchy;", "SystemSecurity_Localised":"Anarchy", "Population":0, "JumpDist":25.448, "FuelUsed":3.818020, "FuelLevel":28.181980 }
{ "timestamp":"2017-11-09T13:13:05Z", "event":"Music", "MusicTrack":"Supercruise" }
{ "timestamp":"2017-11-09T13:13:26Z", "event":"FuelScoop", "Scooped":3.817999, "Total":32.000000 }
{ "timestamp":"2017-11-09T13:13:38Z", "event":"Music", "MusicTrack":"SystemMap" }
{ "timestamp":"2017-11-09T13:13:42Z", "event":"Music", "MusicTrack":"Supercruise" }
{ "timestamp":"2017-11-09T13:14:01Z", "event":"StartJump", "JumpType":"Hyperspace", "StarSystem":"Eos Audst PT-P d6-140", "StarClass":"F" }
{ "timestamp":"2017-11-09T13:14:07Z", "event":"Music", "MusicTrack":"NoTrack" }
{ "timestamp":"2017-11-09T13:14:20Z", "event":"FSDJump", "StarSystem":"Eos Audst PT-P d6-140", "StarPos":[678.188,2143.938,20022.344], "SystemAllegiance":"", "SystemEconomy":"$economy_None;", "SystemEconomy_Localised":"None", "SystemGovernment":"$government_None;", "SystemGovernment_Localised":"None", "SystemSecurity":"$GAlAXY_MAP_INFO_state_anarchy;", "SystemSecurity_Localised":"Anarchy", "Population":0, "JumpDist":22.983, "FuelUsed":2.974705, "FuelLevel":29.025295 }
{ "timestamp":"2017-11-09T13:14:20Z", "event":"Music", "MusicTrack":"Supercruise" }
{ "timestamp":"2017-11-09T13:14:48Z", "event":"Scan", "BodyName":"Eos Audst PT-P d6-140 A", "DistanceFromArrivalLS":0.000000, "StarType":"F", "StellarMass":1.175781, "Radius":737758848.000000, "AbsoluteMagnitude":4.018097, "Age_MY":2058, "SurfaceTemperature":6763.000000, "Luminosity":"VI", "SemiMajorAxis":10359617536.000000, "Eccentricity":0.012087, "OrbitalInclination":-17.730518, "Periapsis":27.737047, "OrbitalPeriod":1955068.375000, "RotationPeriod":260346.968750, "AxialTilt":0.000000 }
{ "timestamp":"2017-11-09T13:14:54Z", "event":"Music", "MusicTrack":"SystemMap" }
{ "timestamp":"2017-11-09T13:14:56Z", "event":"Music", "MusicTrack":"Supercruise" }
{ "timestamp":"2017-11-09T13:15:07Z", "event":"Scan", "BodyName":"Eos Audst PT-P d6-140 B", "DistanceFromArrivalLS":96.807526, "StarType":"K", "StellarMass":0.664063, "Radius":534126464.000000, "AbsoluteMagnitude":6.666702, "Age_MY":2058, "SurfaceTemperature":4320.000000, "Luminosity":"Va", "SemiMajorAxis":18342621184.000000, "Eccentricity":0.012087, "OrbitalInclination":-17.730518, "Periapsis":207.737045, "OrbitalPeriod":1955068.375000, "RotationPeriod":262719.156250, "AxialTilt":0.000000 }
{ "timestamp":"2017-11-09T13:20:52Z", "event":"StartJump", "JumpType":"Hyperspace", "StarSystem":"Eos Audst GR-V e2-286", "StarClass":"B" }
{ "timestamp":"2017-11-09T13:20:57Z", "event":"Music", "MusicTrack":"NoTrack" }
{ "timestamp":"2017-11-09T13:21:10Z", "event":"FSDJump", "StarSystem":"Eos Audst GR-V e2-286", "StarPos":[676.188,2135.938,20047.031], "SystemAllegiance":"", "SystemEconomy":"$economy_None;", "SystemEconomy_Localised":"None", "SystemGovernment":"$government_None;", "SystemGovernment_Localised":"None", "SystemSecurity":"$GAlAXY_MAP_INFO_state_anarchy;", "SystemSecurity_Localised":"Anarchy", "Population":0, "JumpDist":26.028, "FuelUsed":3.959883, "FuelLevel":25.065413 }
{ "timestamp":"2017-11-09T13:21:10Z", "event":"Music", "MusicTrack":"Supercruise" }
{ "timestamp":"2017-11-09T13:21:19Z", "event":"Music", "MusicTrack":"SystemMap" }
{ "timestamp":"2017-11-09T13:21:22Z", "event":"Music", "MusicTrack":"Supercruise" }
{ "timestamp":"2017-11-09T13:21:33Z", "event":"Scan", "BodyName":"Eos Audst GR-V e2-286 A", "DistanceFromArrivalLS":0.000000, "StarType":"B", "StellarMass":5.695313, "Radius":2260565760.000000, "AbsoluteMagnitude":-2.540741, "Age_MY":144, "SurfaceTemperature":17487.000000, "Luminosity":"Vz", "SemiMajorAxis":22961253777408.000000, "Eccentricity":0.245658, "OrbitalInclination":-70.576668, "Periapsis":201.250122, "OrbitalPeriod":70911131648.000000, "RotationPeriod":111013.265625, "AxialTilt":0.000000 }
{ "timestamp":"2017-11-09T13:22:00Z", "event":"FuelScoop", "Scooped":5.001177, "Total":30.066572 }
{ "timestamp":"2017-11-09T13:22:07Z", "event":"FuelScoop", "Scooped":1.933442, "Total":32.000000 }
{ "timestamp":"2017-11-09T13:22:10Z", "event":"Music", "MusicTrack":"SystemMap" }
{ "timestamp":"2017-11-09T13:22:12Z", "event":"Music", "MusicTrack":"Supercruise" }
{ "timestamp":"2017-11-09T13:22:49Z", "event":"StartJump", "JumpType":"Hyperspace", "StarSystem":"Eos Audst OU-B c15-0", "StarClass":"K" }
{ "timestamp":"2017-11-09T13:22:54Z", "event":"Music", "MusicTrack":"NoTrack" }
{ "timestamp":"2017-11-09T13:23:07Z", "event":"FSDJump", "StarSystem":"Eos Audst OU-B c15-0", "StarPos":[671.250,2121.156,20067.500], "SystemAllegiance":"", "SystemEconomy":"$economy_None;", "SystemEconomy_Localised":"None", "SystemGovernment":"$government_None;", "SystemGovernment_Localised":"None", "SystemSecurity":"$GAlAXY_MAP_INFO_state_anarchy;", "SystemSecurity_Localised":"Anarchy", "Population":0, "JumpDist":25.726, "FuelUsed":3.920869, "FuelLevel":28.079130 }
{ "timestamp":"2017-11-09T13:23:08Z", "event":"Music", "MusicTrack":"Supercruise" }
{ "timestamp":"2017-11-09T13:23:30Z", "event":"FuelScoop", "Scooped":3.920872, "Total":32.000000 }
{ "timestamp":"2017-11-09T13:23:34Z", "event":"Music", "MusicTrack":"SystemMap" }
{ "timestamp":"2017-11-09T13:23:38Z", "event":"Music", "MusicTrack":"Supercruise" }
{ "timestamp":"2017-11-09T13:23:49Z", "event":"Music", "MusicTrack":"SystemMap" }
{ "timestamp":"2017-11-09T13:23:56Z", "event":"Music", "MusicTrack":"Supercruise" }
{ "timestamp":"2017-11-09T13:24:47Z", "event":"Scan", "BodyName":"Eos Audst OU-B c15-0 1", "DistanceFromArrivalLS":539.184448, "TidalLock":false, "TerraformState":"", "PlanetClass":"Water world", "Atmosphere":"thick carbon dioxide atmosphere", "AtmosphereType":"CarbonDioxide", "AtmosphereComposition":[ { "Name":"CarbonDioxide", "Percent":56.264160 }, { "Name":"Nitrogen", "Percent":41.209202 }, { "Name":"Oxygen", "Percent":2.474048 } ], "Volcanism":"minor silicate vapour geysers volcanism", "MassEM":1.423290, "Radius":6753951.500000, "SurfaceGravity":12.436172, "SurfaceTemperature":303.386017, "SurfacePressure":1314877.750000, "Landable":false, "SemiMajorAxis":161643823104.000000, "Eccentricity":0.000020, "OrbitalInclination":-0.080769, "Periapsis":292.959778, "OrbitalPeriod":46927736.000000, "RotationPeriod":161973.156250, "AxialTilt":-0.513405 }
{ "timestamp":"2017-11-09T13:24:48Z", "event":"Music", "MusicTrack":"SystemMap" }
{ "timestamp":"2017-11-09T13:24:51Z", "event":"Music", "MusicTrack":"Supercruise" }
{ "timestamp":"2017-11-09T13:26:23Z", "event":"Scan", "BodyName":"Eos Audst OU-B c15-0 2", "DistanceFromArrivalLS":765.534180, "TidalLock":false, "TerraformState":"", "PlanetClass":"High metal content body", "Atmosphere":"thick carbon dioxide atmosphere", "AtmosphereType":"CarbonDioxide", "AtmosphereComposition":[ { "Name":"CarbonDioxide", "Percent":71.200409 }, { "Name":"Nitrogen", "Percent":28.747093 } ], "Volcanism":"", "MassEM":0.367932, "Radius":4488558.000000, "SurfaceGravity":7.278868, "SurfaceTemperature":243.489014, "SurfacePressure":880883.187500, "Landable":false, "SemiMajorAxis":229581996032.000000, "Eccentricity":0.000381, "OrbitalInclination":-0.197271, "Periapsis":220.842178, "OrbitalPeriod":79432400.000000, "RotationPeriod":85879.125000, "AxialTilt":0.074654 }
{ "timestamp":"2017-11-09T13:26:26Z", "event":"Music", "MusicTrack":"SystemMap" }
{ "timestamp":"2017-11-09T13:26:29Z", "event":"Music", "MusicTrack":"Supercruise" }
