{ "timestamp":"2017-10-23T07:22:43Z", "event":"Fileheader", "part":1, "language":"English\\UK", "gameversion":"2.4", "build":"r156431/r0 " }
{ "timestamp":"2017-10-23T07:22:43Z", "event":"Music", "MusicTrack":"NoTrack" }
{ "timestamp":"2017-10-23T07:22:43Z", "event":"Music", "MusicTrack":"MainMenu" }
{ "timestamp":"2017-10-23T07:23:43Z", "event":"Cargo", "Inventory":[  ] }
{ "timestamp":"2017-10-23T07:23:43Z", "event":"Loadout", "Ship":"DiamondBackXL", "ShipID":2, "ShipName":"KONNYAKU", "ShipIdent":"IG-E01", "Modules":[ { "Slot":"LargeHardpoint1", "Item":"Hpt_PulseLaser_Gimbal_Large", "On":true, "Priority":0, "Health":0.972260, "Value":140600 }, { "Slot":"MediumHardpoint2", "Item":"Hpt_MiningLaser_Fixed_Small", "On":true, "Priority":0, "Health":0.970081, "Value":6800 }, { "Slot":"TinyHardpoint1", "Item":"Hpt_HeatSinkLauncher_Turret_Tiny", "On":true, "Priority":0, "AmmoInClip":1, "AmmoInHopper":2, "Health":0.974758, "Value":3500 }, { "Slot":"TinyHardpoint2", "Item":"Hpt_HeatSinkLauncher_Turret_Tiny", "On":true, "Priority":0, "AmmoInClip":1, "AmmoInHopper":2, "Health":0.986378, "Value":3500 }, { "Slot":"TinyHardpoint4", "Item":"Hpt_ChaffLauncher_Tiny", "On":true, "Priority":0, "AmmoInClip":1, "AmmoInHopper":10, "Health":0.941302, "Value":8500 }, { "Slot":"Armour", "Item":"DiamondBackXL_Armour_Grade1", "On":true, "Priority":1, "Health":1.000000, "Value":0 }, { "Slot":"PowerPlant", "Item":"Int_Powerplant_Size4_Class4", "On":true, "Priority":1, "Health":0.986494, "Value":536693 }, { "Slot":"MainEngines", "Item":"Int_Engine_Size4_Class4", "On":true, "Priority":0, "Health":1.000000, "Value":536693 }, { "Slot":"FrameShiftDrive", "Item":"Int_Hyperdrive_Size5_Class4", "On":true, "Priority":0, "Health":1.000000, "Value":1701318 }, { "Slot":"LifeSupport", "Item":"Int_LifeSupport_Size3_Class2", "On":true, "Priority":0, "Health":0.977524, "Value":10133 }, { "Slot":"PowerDistributor", "Item":"Int_PowerDistributor_Size4_Class2", "On":true, "Priority":0, "Health":0.964458, "Value":28373 }, { "Slot":"Radar", "Item":"Int_Sensors_Size3_Class2", "On":true, "Priority":0, "Health":0.996371, "Value":10133 }, { "Slot":"FuelTank", "Item":"Int_FuelTank_Size5_Class3", "On":true, "Priority":1, "Health":1.000000, "Value":97754 }, { "Slot":"Decal1", "Item":"Decal_Explorer_Surveyor", "On":true, "Priority":1, "Health":1.000000, "Value":0 }, { "Slot":"Decal2", "Item":"Decal_Explorer_Surveyor", "On":true, "Priority":1, "Health":1.000000, "Value":0 }, { "Slot":"Decal3", "Item":"Decal_Explorer_Surveyor", "On":true, "Priority":1, "Health":1.000000, "Value":0 }, { "Slot":"Slot01_Size4", "Item":"Int_ShieldGenerator_Size4_Class1", "On":true, "Priority":2, "Health":1.000000, "Value":19878 }, { "Slot":"Slot02_Size4", "Item":"Int_FuelScoop_Size4_Class4", "On":true, "Priority":0, "Health":0.980984, "Value":715591 }, { "Slot":"Slot03_Size3", "Item":"Int_BuggyBay_Size2_Class2", "On":true, "Priority":0, "Health":0.993862, "Value":21600 }, { "Slot":"Slot04_Size3", "Item":"Int_Repairer_Size3_Class2", "On":true, "Priority":0, "AmmoInClip":2904, "Health":0.974641, "Value":97200 }, { "Slot":"Slot05_Size2", "Item":"Int_StellarBodyDiscoveryScanner_Advanced", "On":true, "Priority":1, "Health":0.995024, "Value":1545000 }, { "Slot":"Slot06_Size2", "Item":"Int_DetailedSurfaceScanner_Tiny", "On":true, "Priority":1, "Health":1.000000, "Value":250000 }, { "Slot":"PlanetaryApproachSuite", "Item":"Int_PlanetApproachSuite", "On":true, "Priority":1, "Health":1.000000, "Value":500 }, { "Slot":"ShipCockpit", "Item":"DiamondBackXL_Cockpit", "On":true, "Priority":1, "Health":0.996062, "Value":0 }, { "Slot":"CargoHatch", "Item":"ModularCargoBayDoor", "On":true, "Priority":2, "Health":0.962514, "Value":0 } ] }
{ "timestamp":"2017-10-23T07:23:43Z", "event":"Materials", "Raw":[ { "Name":"carbon", "Count":2 }, { "Name":"iron", "Count":3 } ], "Manufactured":[ { "Name":"mechanicalscrap", "Count":8 }, { "Name":"gridresistors", "Count":3 }, { "Name":"heatdispersionplate", "Count":5 }, { "Name":"salvagedalloys", "Count":6 }, { "Name":"hybridcapacitors", "Count":5 }, { "Name":"heatconductionwiring", "Count":2 } ], "Encoded":[ { "Name":"shieldsoakanalysis", "Count":3 }, { "Name":"disruptedwakeechoes", "Count":5 }, { "Name":"shieldcyclerecordings", "Count":9 }, { "Name":"emissiondata", "Count":3 }, { "Name":"bulkscandata", "Count":9 }, { "Name":"scrambledemissiondata", "Count":7 }, { "Name":"archivedemissiondata", "Count":3 }, { "Name":"shielddensityreports", "Count":9 }, { "Name":"legacyfirmware", "Count":1 } ] }
{ "timestamp":"2017-10-23T07:23:43Z", "event":"LoadGame", "Commander":"Igaguri", "Ship":"DiamondBackXL", "ShipID":2, "ShipName":"KONNYAKU", "ShipIdent":"IG-E01", "FuelLevel":31.480000, "FuelCapacity":32.000000, "GameMode":"Open", "Credits":726550, "Loan":0 }
{ "timestamp":"2017-10-23T07:23:43Z", "event":"Rank", "Combat":1, "Trade":4, "Explore":4, "Empire":0, "Federation":1, "CQC":0 }
{ "timestamp":"2017-10-23T07:23:43Z", "event":"Progress", "Combat":26, "Trade":1, "Explore":9, "Empire":0, "Federation":100, "CQC":0 }
{ "timestamp":"2017-10-23T07:23:54Z", "event":"Location", "Docked":false, "StarSystem":"Praea Euq YT-H b39-2", "StarPos":[470.563,386.438,1063.531], "SystemAllegiance":"", "SystemEconomy":"$economy_None;", "SystemEconomy_Localised":"None", "SystemGovernment":"$government_None;", "SystemGovernment_Localised":"None", "SystemSecurity":"$GAlAXY_MAP_INFO_state_anarchy;", "SystemSecurity_Localised":"Anarchy", "Population":0, "Body":"Praea Euq YT-H b39-2 B", "BodyType":"Star" }
{ "timestamp":"2017-10-23T07:23:54Z", "event":"Music", "MusicTrack":"NoTrack" }
{ "timestamp":"2017-10-23T07:23:54Z", "event":"Music", "MusicTrack":"Exploration" }
{ "timestamp":"2017-10-23T07:23:57Z", "event":"Music", "MusicTrack":"SystemMap" }
{ "timestamp":"2017-10-23T07:23:58Z", "event":"Music", "MusicTrack":"Exploration" }
{ "timestamp":"2017-10-23T07:24:03Z", "event":"Music", "MusicTrack":"GalaxyMap" }
{ "timestamp":"2017-10-23T07:24:06Z", "event":"Music", "MusicTrack":"Exploration" }
{ "timestamp":"2017-10-23T07:24:23Z", "event":"StartJump", "JumpType":"Hyperspace", "StarSystem":"Praea Euq DA-G b40-1", "StarClass":"M" }
{ "timestamp":"2017-10-23T07:24:28Z", "event":"Music", "MusicTrack":"NoTrack" }
{ "timestamp":"2017-10-23T07:24:42Z", "event":"FSDJump", "StarSystem":"Praea Euq DA-G b40-1", "StarPos":[485.406,394.781,1083.344], "SystemAllegiance":"", "SystemEconomy":"$economy_None;", "SystemEconomy_Localised":"None", "SystemGovernment":"$government_None;", "SystemGovernment_Localised":"None", "SystemSecurity":"$GAlAXY_MAP_INFO_state_anarchy;", "SystemSecurity_Localised":"Anarchy", "Population":0, "JumpDist":26.125, "FuelUsed":4.058349, "FuelLevel":27.421650 }
{ "timestamp":"2017-10-23T07:24:42Z", "event":"Music", "MusicTrack":"Supercruise" }
{ "timestamp":"2017-10-23T07:24:55Z", "event":"Music", "MusicTrack":"SystemMap" }
{ "timestamp":"2017-10-23T07:25:05Z", "event":"Scan", "BodyName":"Praea Euq DA-G b40-1 A", "DistanceFromArrivalLS":0.000000, "StarType":"M", "StellarMass":0.207031, "Radius":282737888.000000, "AbsoluteMagnitude":10.771454, "Age_MY":252, "SurfaceTemperature":2308.000000, "Luminosity":"Va", "SemiMajorAxis":42647989256192.000000, "Eccentricity":0.217451, "OrbitalInclination":-18.775547, "Periapsis":194.433609, "OrbitalPeriod":1140383547392.000000, "RotationPeriod":123166.562500, "AxialTilt":0.000000, "Rings":[ { "Name":"Praea Euq DA-G b40-1 A A Belt", "RingClass":"eRingClass_Rocky", "MassMT":1.3568e+08, "InnerRad":4.6652e+08, "OuterRad":1.5127e+09 } ] }
{ "timestamp":"2017-10-23T07:25:42Z", "event":"Music", "MusicTrack":"Supercruise" }
{ "timestamp":"2017-10-23T07:26:14Z", "event":"FuelScoop", "Scooped":4.578369, "Total":32.000000 }
{ "timestamp":"2017-10-23T07:26:53Z", "event":"Scan", "BodyName":"Praea Euq DA-G b40-1 A 4", "DistanceFromArrivalLS":30.357929, "TidalLock":true, "TerraformState":"", "PlanetClass":"High metal content body", "Atmosphere":"hot water atmosphere", "AtmosphereType":"Water", "AtmosphereComposition":[ { "Name":"Water", "Percent":100.000000 } ], "Volcanism":"", "MassEM":0.037710, "Radius":2176566.000000, "SurfaceGravity":3.172654, "SurfaceTemperature":632.920227, "SurfacePressure":268484.718750, "Landable":false, "SemiMajorAxis":9102035968.000000, "Eccentricity":0.000144, "OrbitalInclination":-0.001382, "Periapsis":342.260986, "OrbitalPeriod":1040619.937500, "RotationPeriod":1026219.875000, "AxialTilt":0.016243 }
{ "timestamp":"2017-10-23T07:27:00Z", "event":"Music", "MusicTrack":"SystemMap" }
{ "timestamp":"2017-10-23T07:27:04Z", "event":"Music", "MusicTrack":"Supercruise" }
{ "timestamp":"2017-10-23T07:27:22Z", "event":"Music", "MusicTrack":"SystemMap" }
{ "timestamp":"2017-10-23T07:27:30Z", "event":"Music", "MusicTrack":"Supercruise" }
{ "timestamp":"2017-10-23T07:28:08Z", "event":"Scan", "BodyName":"Praea Euq DA-G b40-1 A 6", "DistanceFromArrivalLS":94.714783, "TidalLock":false, "TerraformState":"", "PlanetClass":"High metal content body", "Atmosphere":"carbon dioxide atmosphere", "AtmosphereType":"CarbonDioxide", "AtmosphereComposition":[ { "Name":"CarbonDioxide", "Percent":99.999161 } ], "Volcanism":"", "MassEM":0.025455, "Radius":1916034.875000, "SurfaceGravity":2.763577, "SurfaceTemperature":198.565994, "SurfacePressure":10952.371094, "Landable":false, "SemiMajorAxis":28395366400.000000, "Eccentricity":0.000160, "OrbitalInclination":-0.006079, "Periapsis":286.433929, "OrbitalPeriod":5733971.500000, "RotationPeriod":525072.312500, "AxialTilt":-0.451875 }
{ "timestamp":"2017-10-23T07:30:52Z", "event":"Music", "MusicTrack":"SystemMap" }
{ "timestamp":"2017-10-23T07:31:05Z", "event":"Music", "MusicTrack":"Supercruise" }
{ "timestamp":"2017-10-23T07:33:18Z", "event":"Scan", "BodyName":"Praea Euq DA-G b40-1 A 7", "DistanceFromArrivalLS":164.136887, "TidalLock":true, "TerraformState":"", "PlanetClass":"High metal content body", "Atmosphere":"methane rich atmosphere", "AtmosphereType":"MethaneRich", "AtmosphereComposition":[ { "Name":"Nitrogen", "Percent":99.737022 }, { "Name":"Methane", "Percent":0.248108 } ], "Volcanism":"", "MassEM":0.351669, "Radius":4425714.500000, "SurfaceGravity":7.156105, "SurfaceTemperature":135.464569, "SurfacePressure":245285.031250, "Landable":false, "SemiMajorAxis":98707328.000000, "Eccentricity":0.179353, "OrbitalInclination":-8.306828, "Periapsis":301.156067, "OrbitalPeriod":1238048.000000, "RotationPeriod":1830105.375000, "AxialTilt":-0.142854 }
{ "timestamp":"2017-10-23T07:33:38Z", "event":"Scan", "BodyName":"Praea Euq DA-G b40-1 A 8", "DistanceFromArrivalLS":164.699493, "TidalLock":true, "TerraformState":"", "PlanetClass":"High metal content body", "Atmosphere":"methane rich atmosphere", "AtmosphereType":"MethaneRich", "AtmosphereComposition":[ { "Name":"Nitrogen", "Percent":96.614662 }, { "Name":"Methane", "Percent":3.370779 } ], "Volcanism":"", "MassEM":0.296735, "Radius":4198130.500000, "SurfaceGravity":6.710672, "SurfaceTemperature":164.126038, "SurfacePressure":222670.750000, "Landable":false, "SemiMajorAxis":116980960.000000, "Eccentricity":0.179353, "OrbitalInclination":-8.306828, "Periapsis":121.156075, "OrbitalPeriod":1238048.000000, "RotationPeriod":1681099.000000, "AxialTilt":-0.150601 }
{ "timestamp":"2017-10-23T07:33:49Z", "event":"Music", "MusicTrack":"SystemMap" }
{ "timestamp":"2017-10-23T07:33:51Z", "event":"Music", "MusicTrack":"Supercruise" }
{ "timestamp":"2017-10-23T07:34:13Z", "event":"StartJump", "JumpType":"Hyperspace", "StarSystem":"Praea Euq PO-H d10-5", "StarClass":"F" }
{ "timestamp":"2017-10-23T07:34:19Z", "event":"Music", "MusicTrack":"NoTrack" }
{ "timestamp":"2017-10-23T07:34:32Z", "event":"FSDJump", "StarSystem":"Praea Euq PO-H d10-5", "StarPos":[498.594,396.719,1105.625], "SystemAllegiance":"", "SystemEconomy":"$economy_None;", "SystemEconomy_Localised":"None", "SystemGovernment":"$government_None;", "SystemGovernment_Localised":"None", "SystemSecurity":"$GAlAXY_MAP_INFO_state_anarchy;", "SystemSecurity_Localised":"Anarchy", "Population":0, "JumpDist":25.964, "FuelUsed":4.010275, "FuelLevel":27.989725 }
{ "timestamp":"2017-10-23T07:34:32Z", "event":"Music", "MusicTrack":"Supercruise" }
{ "timestamp":"2017-10-23T07:34:43Z", "event":"Music", "MusicTrack":"SystemMap" }
{ "timestamp":"2017-10-23T07:34:55Z", "event":"Scan", "BodyName":"Praea Euq PO-H d10-5", "DistanceFromArrivalLS":0.000000, "StarType":"F", "StellarMass":1.343750, "Radius":907240320.000000, "AbsoluteMagnitude":3.343658, "Age_MY":1560, "SurfaceTemperature":7123.000000, "Luminosity":"Vb", "RotationPeriod":188049.656250, "AxialTilt":0.000000 }
{ "timestamp":"2017-10-23T07:34:59Z", "event":"Music", "MusicTrack":"Supercruise" }
{ "timestamp":"2017-10-23T07:35:00Z", "event":"Music", "MusicTrack":"SystemMap" }
{ "timestamp":"2017-10-23T07:36:12Z", "event":"Music", "MusicTrack":"Supercruise" }
{ "timestamp":"2017-10-23T07:36:39Z", "event":"FuelScoop", "Scooped":4.010295, "Total":32.000000 }
{ "timestamp":"2017-10-23T07:37:30Z", "event":"Scan", "BodyName":"Praea Euq PO-H d10-5 1", "DistanceFromArrivalLS":185.639771, "TidalLock":true, "TerraformState":"", "PlanetClass":"High metal content body", "Atmosphere":"", "AtmosphereType":"None", "Volcanism":"metallic magma volcanism", "MassEM":2.549136, "Radius":7990851.500000, "SurfaceGravity":15.911690, "SurfaceTemperature":576.997498, "SurfacePressure":0.000000, "Landable":true, "Materials":[ { "Name":"iron", "Percent":20.878311 }, { "Name":"nickel", "Percent":15.791479 }, { "Name":"sulphur", "Percent":14.929518 }, { "Name":"carbon", "Percent":12.554179 }, { "Name":"chromium", "Percent":9.389669 }, { "Name":"manganese", "Percent":8.622529 }, { "Name":"phosphorus", "Percent":8.037400 }, { "Name":"zinc", "Percent":5.673943 }, { "Name":"cadmium", "Percent":1.621295 }, { "Name":"tin", "Percent":1.354216 }, { "Name":"tellurium", "Percent":1.147465 } ], "SemiMajorAxis":55722733568.000000, "Eccentricity":0.001261, "OrbitalInclination":0.012401, "Periapsis":331.658508, "OrbitalPeriod":6103509.500000, "RotationPeriod":6188254.500000, "AxialTilt":-0.079144, "Rings":[ { "Name":"Praea Euq PO-H d10-5 1 A Ring", "RingClass":"eRingClass_MetalRich", "MassMT":6.3139e+09, "InnerRad":2.8458e+07, "OuterRad":3.0776e+07 }, { "Name":"Praea Euq PO-H d10-5 1 B Ring", "RingClass":"eRingClass_Rocky", "MassMT":5.8299e+10, "InnerRad":3.0855e+07, "OuterRad":4.6775e+07 } ], "ReserveLevel":"PristineResources" }
{ "timestamp":"2017-10-23T07:39:57Z", "event":"Music", "MusicTrack":"SystemMap" }
{ "timestamp":"2017-10-23T07:39:59Z", "event":"Music", "MusicTrack":"Supercruise" }
{ "timestamp":"2017-10-23T07:40:22Z", "event":"StartJump", "JumpType":"Hyperspace", "StarSystem":"Praea Euq KR-C b42-1", "StarClass":"M" }
{ "timestamp":"2017-10-23T07:40:28Z", "event":"Music", "MusicTrack":"NoTrack" }
{ "timestamp":"2017-10-23T07:40:41Z", "event":"FSDJump", "StarSystem":"Praea Euq KR-C b42-1", "StarPos":[508.469,408.844,1125.594], "SystemAllegiance":"", "SystemEconomy":"$economy_None;", "SystemEconomy_Localised":"None", "SystemGovernment":"$government_None;", "SystemGovernment_Localised":"None", "SystemSecurity":"$GAlAXY_MAP_INFO_state_anarchy;", "SystemSecurity_Localised":"Anarchy", "Population":0, "JumpDist":25.363, "FuelUsed":3.774618, "FuelLevel":27.705381 }
{ "timestamp":"2017-10-23T07:40:41Z", "event":"Music", "MusicTrack":"Supercruise" }
{ "timestamp":"2017-10-23T07:40:54Z", "event":"Music", "MusicTrack":"SystemMap" }
{ "timestamp":"2017-10-23T07:40:56Z", "event":"Music", "MusicTrack":"Supercruise" }
{ "timestamp":"2017-10-23T07:41:04Z", "event":"Scan", "BodyName":"Praea Euq KR-C b42-1 A", "DistanceFromArrivalLS":0.000000, "StarType":"M", "StellarMass":0.347656, "Radius":357407328.000000, "AbsoluteMagnitude":8.830750, "Age_MY":12922, "SurfaceTemperature":3209.000000, "Luminosity":"Va", "SemiMajorAxis":5165988970496.000000, "Eccentricity":0.081491, "OrbitalInclination":0.196439, "Periapsis":30.701757, "OrbitalPeriod":71230750720.000000, "RotationPeriod":163158.953125, "AxialTilt":0.000000 }
{ "timestamp":"2017-10-23T07:41:33Z", "event":"SupercruiseExit", "StarSystem":"Praea Euq KR-C b42-1", "Body":"Praea Euq KR-C b42-1 A", "BodyType":"Star" }
{ "timestamp":"2017-10-23T07:41:34Z", "event":"Music", "MusicTrack":"Exploration" }
{ "timestamp":"2017-10-23T07:42:49Z", "event":"StartJump", "JumpType":"Supercruise" }
{ "timestamp":"2017-10-23T07:42:54Z", "event":"SupercruiseEntry", "StarSystem":"Praea Euq KR-C b42-1" }
{ "timestamp":"2017-10-23T07:42:54Z", "event":"Music", "MusicTrack":"Supercruise" }
{ "timestamp":"2017-10-23T07:42:56Z", "event":"Music", "MusicTrack":"SystemMap" }
{ "timestamp":"2017-10-23T07:42:58Z", "event":"Music", "MusicTrack":"Supercruise" }
{ "timestamp":"2017-10-23T07:43:02Z", "event":"FuelScoop", "Scooped":0.027798, "Total":31.423290 }
{ "timestamp":"2017-10-23T07:48:25Z", "event":"Music", "MusicTrack":"SystemMap" }
{ "timestamp":"2017-10-23T07:48:26Z", "event":"Music", "MusicTrack":"Supercruise" }
{ "timestamp":"2017-10-23T07:50:14Z", "event":"Scan", "BodyName":"Praea Euq KR-C b42-1 B", "DistanceFromArrivalLS":65997.101563, "StarType":"L", "StellarMass":0.121094, "Radius":173450496.000000, "AbsoluteMagnitude":13.473465, "Age_MY":12922, "SurfaceTemperature":1582.000000, "Luminosity":"V", "SemiMajorAxis":14831390294016.000000, "Eccentricity":0.081491, "OrbitalInclination":0.196439, "Periapsis":210.701752, "OrbitalPeriod":71230750720.000000, "RotationPeriod":103691.351563, "AxialTilt":0.000000 }
{ "timestamp":"2017-10-23T07:52:41Z", "event":"StartJump", "JumpType":"Hyperspace", "StarSystem":"Praea Euq MC-B b43-1", "StarClass":"M" }
{ "timestamp":"2017-10-23T07:52:47Z", "event":"Music", "MusicTrack":"NoTrack" }
{ "timestamp":"2017-10-23T07:53:00Z", "event":"FSDJump", "StarSystem":"Praea Euq MC-B b43-1", "StarPos":[503.656,425.500,1140.188], "SystemAllegiance":"", "SystemEconomy":"$economy_None;", "SystemEconomy_Localised":"None", "SystemGovernment":"$government_None;", "SystemGovernment_Localised":"None", "SystemSecurity":"$GAlAXY_MAP_INFO_state_anarchy;", "SystemSecurity_Localised":"Anarchy", "Population":0, "JumpDist":22.662, "FuelUsed":2.863437, "FuelLevel":28.559853 }
{ "timestamp":"2017-10-23T07:53:00Z", "event":"Music", "MusicTrack":"Supercruise" }
{ "timestamp":"2017-10-23T07:53:25Z", "event":"Scan", "BodyName":"Praea Euq MC-B b43-1", "DistanceFromArrivalLS":0.000000, "StarType":"M", "StellarMass":0.242188, "Radius":259517760.000000, "AbsoluteMagnitude":10.970749, "Age_MY":506, "SurfaceTemperature":2301.000000, "Luminosity":"Va", "RotationPeriod":113415.804688, "AxialTilt":0.000000 }
{ "timestamp":"2017-10-23T07:53:44Z", "event":"FuelScoop", "Scooped":3.440138, "Total":32.000000 }
{ "timestamp":"2017-10-23T07:54:15Z", "event":"StartJump", "JumpType":"Hyperspace", "StarSystem":"Praea Euq ON-Z b43-0", "StarClass":"M" }
{ "timestamp":"2017-10-23T07:54:21Z", "event":"Music", "MusicTrack":"NoTrack" }
{ "timestamp":"2017-10-23T07:54:34Z", "event":"FSDJump", "StarSystem":"Praea Euq ON-Z b43-0", "StarPos":[505.000,442.344,1159.469], "SystemAllegiance":"", "SystemEconomy":"$economy_None;", "SystemEconomy_Localised":"None", "SystemGovernment":"$government_None;", "SystemGovernment_Localised":"None", "SystemSecurity":"$GAlAXY_MAP_INFO_state_anarchy;", "SystemSecurity_Localised":"Anarchy", "Population":0, "JumpDist":25.638, "FuelUsed":3.888146, "FuelLevel":28.111855 }
{ "timestamp":"2017-10-23T07:54:34Z", "event":"Music", "MusicTrack":"Supercruise" }
{ "timestamp":"2017-10-23T07:54:47Z", "event":"Music", "MusicTrack":"SystemMap" }
{ "timestamp":"2017-10-23T07:54:50Z", "event":"Music", "MusicTrack":"Supercruise" }
{ "timestamp":"2017-10-23T07:54:58Z", "event":"Scan", "BodyName":"Praea Euq ON-Z b43-0", "DistanceFromArrivalLS":0.000000, "StarType":"M", "StellarMass":0.304688, "Radius":355072608.000000, "AbsoluteMagnitude":9.498169, "Age_MY":592, "SurfaceTemperature":2761.000000, "Luminosity":"Va", "RotationPeriod":153470.343750, "AxialTilt":0.000000 }
{ "timestamp":"2017-10-23T07:55:29Z", "event":"FuelScoop", "Scooped":3.888116, "Total":32.000000 }
{ "timestamp":"2017-10-23T07:55:49Z", "event":"StartJump", "JumpType":"Hyperspace", "StarSystem":"Praea Euq RZ-F d11-0", "StarClass":"G" }
{ "timestamp":"2017-10-23T07:55:55Z", "event":"Music", "MusicTrack":"NoTrack" }
{ "timestamp":"2017-10-23T07:56:08Z", "event":"FSDJump", "StarSystem":"Praea Euq RZ-F d11-0", "StarPos":[507.719,459.000,1177.094], "SystemAllegiance":"", "SystemEconomy":"$economy_None;", "SystemEconomy_Localised":"None", "SystemGovernment":"$government_None;", "SystemGovernment_Localised":"None", "SystemSecurity":"$GAlAXY_MAP_INFO_state_anarchy;", "SystemSecurity_Localised":"Anarchy", "Population":0, "JumpDist":24.402, "FuelUsed":3.444808, "FuelLevel":28.555193 }
{ "timestamp":"2017-10-23T07:56:08Z", "event":"Music", "MusicTrack":"Supercruise" }
{ "timestamp":"2017-10-23T07:56:20Z", "event":"Music", "MusicTrack":"SystemMap" }
{ "timestamp":"2017-10-23T07:56:31Z", "event":"Music", "MusicTrack":"Supercruise" }
{ "timestamp":"2017-10-23T07:56:32Z", "event":"Scan", "BodyName":"Praea Euq RZ-F d11-0 A", "DistanceFromArrivalLS":0.000000, "StarType":"G", "StellarMass":0.929688, "Radius":722774016.000000, "AbsoluteMagnitude":4.776642, "Age_MY":660, "SurfaceTemperature":5738.000000, "Luminosity":"Vab", "SemiMajorAxis":6009748193280.000000, "Eccentricity":0.058123, "OrbitalInclination":-17.619951, "Periapsis":157.852615, "OrbitalPeriod":47496069120.000000, "RotationPeriod":299497.968750, "AxialTilt":0.000000, "Rings":[ { "Name":"Praea Euq RZ-F d11-0 A A Belt", "RingClass":"eRingClass_Metalic", "MassMT":1.0292e+10, "InnerRad":1.1946e+09, "OuterRad":2.3551e+09 } ] }
{ "timestamp":"2017-10-23T07:57:01Z", "event":"FuelScoop", "Scooped":3.444828, "Total":32.000000 }
{ "timestamp":"2017-10-23T07:57:04Z", "event":"Music", "MusicTrack":"SystemMap" }
{ "timestamp":"2017-10-23T07:57:08Z", "event":"Music", "MusicTrack":"Supercruise" }
{ "timestamp":"2017-10-23T07:58:16Z", "event":"Scan", "BodyName":"Praea Euq RZ-F d11-0 A 6", "DistanceFromArrivalLS":430.843292, "TidalLock":false, "TerraformState":"Terraformable", "PlanetClass":"High metal content body", "Atmosphere":"hot thick carbon dioxide atmosphere", "AtmosphereType":"CarbonDioxide", "AtmosphereComposition":[ { "Name":"CarbonDioxide", "Percent":95.900291 }, { "Name":"Nitrogen", "Percent":3.140496 }, { "Name":"SulphurDioxide", "Percent":0.959003 } ], "Volcanism":"minor silicate vapour geysers volcanism", "MassEM":1.264095, "Radius":6520997.500000, "SurfaceGravity":11.848432, "SurfaceTemperature":887.041077, "SurfacePressure":20975720.000000, "Landable":false, "SemiMajorAxis":129250795520.000000, "Eccentricity":0.000728, "OrbitalInclination":-0.017398, "Periapsis":355.315979, "OrbitalPeriod":26259818.000000, "RotationPeriod":101723.890625, "AxialTilt":-0.076737 }
{ "timestamp":"2017-10-23T07:58:20Z", "event":"Music", "MusicTrack":"SystemMap" }
{ "timestamp":"2017-10-23T07:58:24Z", "event":"Music", "MusicTrack":"Supercruise" }
{ "timestamp":"2017-10-23T07:59:37Z", "event":"Scan", "BodyName":"Praea Euq RZ-F d11-0 A 7", "DistanceFromArrivalLS":804.893616, "TidalLock":false, "TerraformState":"", "PlanetClass":"Water world", "Atmosphere":"hot thick water rich atmosphere", "AtmosphereType":"WaterRich", "AtmosphereComposition":[ { "Name":"Nitrogen", "Percent":87.908546 }, { "Name":"Water", "Percent":11.034780 }, { "Name":"Oxygen", "Percent":0.673020 } ], "Volcanism":"major silicate vapour geysers volcanism", "MassEM":8.242806, "Radius":10947030.000000, "SurfaceGravity":27.415228, "SurfaceTemperature":522.699158, "SurfacePressure":3045445.500000, "Landable":false, "SemiMajorAxis":241357160448.000000, "Eccentricity":0.001095, "OrbitalInclination":-0.098571, "Periapsis":96.724586, "OrbitalPeriod":67008864.000000, "RotationPeriod":117765.617188, "AxialTilt":-0.241211 }
{ "timestamp":"2017-10-23T08:00:39Z", "event":"Music", "MusicTrack":"SystemMap" }
{ "timestamp":"2017-10-23T08:01:06Z", "event":"Music", "MusicTrack":"GalaxyMap" }
{ "timestamp":"2017-10-23T08:02:11Z", "event":"Music", "MusicTrack":"SystemMap" }
{ "timestamp":"2017-10-23T08:02:13Z", "event":"Music", "MusicTrack":"Supercruise" }
{ "timestamp":"2017-10-23T08:02:31Z", "event":"StartJump", "JumpType":"Hyperspace", "StarSystem":"Praea Euq IZ-L c22-2", "StarClass":"K" }
{ "timestamp":"2017-10-23T08:02:37Z", "event":"Music", "MusicTrack":"NoTrack" }
{ "timestamp":"2017-10-23T08:02:50Z", "event":"FSDJump", "StarSystem":"Praea Euq IZ-L c22-2", "StarPos":[530.031,462.969,1190.063], "SystemAllegiance":"", "SystemEconomy":"$economy_None;", "SystemEconomy_Localised":"None", "SystemGovernment":"$government_None;", "SystemGovernment_Localised":"None", "SystemSecurity":"$GAlAXY_MAP_INFO_state_anarchy;", "SystemSecurity_Localised":"Anarchy", "Population":0, "JumpDist":26.111, "FuelUsed":4.053227, "FuelLevel":27.426773 }
{ "timestamp":"2017-10-23T08:02:50Z", "event":"Music", "MusicTrack":"Supercruise" }
{ "timestamp":"2017-10-23T08:03:01Z", "event":"Music", "MusicTrack":"SystemMap" }
{ "timestamp":"2017-10-23T08:03:07Z", "event":"Music", "MusicTrack":"Supercruise" }
{ "timestamp":"2017-10-23T08:03:13Z", "event":"Scan", "BodyName":"Praea Euq IZ-L c22-2", "DistanceFromArrivalLS":0.000000, "StarType":"K", "StellarMass":0.855469, "Radius":607416320.000000, "AbsoluteMagnitude":6.143982, "Age_MY":4746, "SurfaceTemperature":4569.000000, "Luminosity":"Va", "RotationPeriod":422756.531250, "AxialTilt":0.000000 }
{ "timestamp":"2017-10-23T08:03:14Z", "event":"Music", "MusicTrack":"SystemMap" }
{ "timestamp":"2017-10-23T08:03:45Z", "event":"Music", "MusicTrack":"Supercruise" }
{ "timestamp":"2017-10-23T08:03:52Z", "event":"Music", "MusicTrack":"MainMenu" }
{ "timestamp":"2017-10-23T08:36:46Z", "event":"Cargo", "Inventory":[  ] }
{ "timestamp":"2017-10-23T08:36:46Z", "event":"Loadout", "Ship":"DiamondBackXL", "ShipID":2, "ShipName":"KONNYAKU", "ShipIdent":"IG-E01", "Modules":[ { "Slot":"LargeHardpoint1", "Item":"Hpt_PulseLaser_Gimbal_Large", "On":true, "Priority":0, "Health":0.968937, "Value":140600 }, { "Slot":"MediumHardpoint2", "Item":"Hpt_MiningLaser_Fixed_Small", "On":true, "Priority":0, "Health":0.964389, "Value":6800 }, { "Slot":"TinyHardpoint1", "Item":"Hpt_HeatSinkLauncher_Turret_Tiny", "On":true, "Priority":0, "AmmoInClip":1, "AmmoInHopper":2, "Health":0.968775, "Value":3500 }, { "Slot":"TinyHardpoint2", "Item":"Hpt_HeatSinkLauncher_Turret_Tiny", "On":true, "Priority":0, "AmmoInClip":1, "AmmoInHopper":2, "Health":0.976092, "Value":3500 }, { "Slot":"TinyHardpoint4", "Item":"Hpt_ChaffLauncher_Tiny", "On":true, "Priority":0, "AmmoInClip":1, "AmmoInHopper":10, "Health":0.937388, "Value":8500 }, { "Slot":"Armour", "Item":"DiamondBackXL_Armour_Grade1", "On":true, "Priority":1, "Health":1.000000, "Value":0 }, { "Slot":"PowerPlant", "Item":"Int_Powerplant_Size4_Class4", "On":true, "Priority":1, "Health":0.975617, "Value":536693 }, { "Slot":"MainEngines", "Item":"Int_Engine_Size4_Class4", "On":true, "Priority":0, "Health":0.995336, "Value":536693 }, { "Slot":"FrameShiftDrive", "Item":"Int_Hyperdrive_Size5_Class4", "On":true, "Priority":0, "Health":0.992090, "Value":1701318 }, { "Slot":"LifeSupport", "Item":"Int_LifeSupport_Size3_Class2", "On":true, "Priority":0, "Health":0.963117, "Value":10133 }, { "Slot":"PowerDistributor", "Item":"Int_PowerDistributor_Size4_Class2", "On":true, "Priority":0, "Health":0.948296, "Value":28373 }, { "Slot":"Radar", "Item":"Int_Sensors_Size3_Class2", "On":true, "Priority":0, "Health":0.979704, "Value":10133 }, { "Slot":"FuelTank", "Item":"Int_FuelTank_Size5_Class3", "On":true, "Priority":1, "Health":1.000000, "Value":97754 }, { "Slot":"Decal1", "Item":"Decal_Explorer_Surveyor", "On":true, "Priority":1, "Health":1.000000, "Value":0 }, { "Slot":"Decal2", "Item":"Decal_Explorer_Surveyor", "On":true, "Priority":1, "Health":1.000000, "Value":0 }, { "Slot":"Decal3", "Item":"Decal_Explorer_Surveyor", "On":true, "Priority":1, "Health":1.000000, "Value":0 }, { "Slot":"Slot01_Size4", "Item":"Int_ShieldGenerator_Size4_Class1", "On":true, "Priority":2, "Health":0.983179, "Value":19878 }, { "Slot":"Slot02_Size4", "Item":"Int_FuelScoop_Size4_Class4", "On":true, "Priority":0, "Health":0.969165, "Value":715591 }, { "Slot":"Slot03_Size3", "Item":"Int_BuggyBay_Size2_Class2", "On":true, "Priority":0, "Health":0.985582, "Value":21600 }, { "Slot":"Slot04_Size3", "Item":"Int_Repairer_Size3_Class2", "On":true, "Priority":0, "AmmoInClip":2904, "Health":0.955449, "Value":97200 }, { "Slot":"Slot05_Size2", "Item":"Int_StellarBodyDiscoveryScanner_Advanced", "On":true, "Priority":1, "Health":0.982367, "Value":1545000 }, { "Slot":"Slot06_Size2", "Item":"Int_DetailedSurfaceScanner_Tiny", "On":true, "Priority":1, "Health":1.000000, "Value":250000 }, { "Slot":"PlanetaryApproachSuite", "Item":"Int_PlanetApproachSuite", "On":true, "Priority":1, "Health":1.000000, "Value":500 }, { "Slot":"ShipCockpit", "Item":"DiamondBackXL_Cockpit", "On":true, "Priority":1, "Health":0.982077, "Value":0 }, { "Slot":"CargoHatch", "Item":"ModularCargoBayDoor", "On":true, "Priority":2, "Health":0.955258, "Value":0 } ] }
{ "timestamp":"2017-10-23T08:36:46Z", "event":"Materials", "Raw":[ { "Name":"carbon", "Count":2 }, { "Name":"iron", "Count":3 } ], "Manufactured":[ { "Name":"mechanicalscrap", "Count":8 }, { "Name":"gridresistors", "Count":3 }, { "Name":"heatdispersionplate", "Count":5 }, { "Name":"salvagedalloys", "Count":6 }, { "Name":"hybridcapacitors", "Count":5 }, { "Name":"heatconductionwiring", "Count":2 } ], "Encoded":[ { "Name":"shieldsoakanalysis", "Count":3 }, { "Name":"disruptedwakeechoes", "Count":5 }, { "Name":"shieldcyclerecordings", "Count":9 }, { "Name":"emissiondata", "Count":3 }, { "Name":"bulkscandata", "Count":9 }, { "Name":"scrambledemissiondata", "Count":7 }, { "Name":"archivedemissiondata", "Count":3 }, { "Name":"shielddensityreports", "Count":9 }, { "Name":"legacyfirmware", "Count":1 } ] }
{ "timestamp":"2017-10-23T08:36:46Z", "event":"LoadGame", "Commander":"Igaguri", "Ship":"DiamondBackXL", "ShipID":2, "ShipName":"KONNYAKU", "ShipIdent":"IG-E01", "FuelLevel":27.426773, "FuelCapacity":32.000000, "GameMode":"Open", "Credits":726550, "Loan":0 }
{ "timestamp":"2017-10-23T08:36:46Z", "event":"Rank", "Combat":1, "Trade":4, "Explore":4, "Empire":0, "Federation":1, "CQC":0 }
{ "timestamp":"2017-10-23T08:36:46Z", "event":"Progress", "Combat":26, "Trade":1, "Explore":9, "Empire":0, "Federation":100, "CQC":0 }
{ "timestamp":"2017-10-23T08:36:50Z", "event":"Location", "Docked":false, "StarSystem":"Praea Euq IZ-L c22-2", "StarPos":[530.031,462.969,1190.063], "SystemAllegiance":"", "SystemEconomy":"$economy_None;", "SystemEconomy_Localised":"None", "SystemGovernment":"$government_None;", "SystemGovernment_Localised":"None", "SystemSecurity":"$GAlAXY_MAP_INFO_state_anarchy;", "SystemSecurity_Localised":"Anarchy", "Population":0, "Body":"Praea Euq IZ-L c22-2", "BodyType":"Star" }
{ "timestamp":"2017-10-23T08:36:50Z", "event":"Music", "MusicTrack":"NoTrack" }
{ "timestamp":"2017-10-23T08:36:50Z", "event":"Music", "MusicTrack":"Exploration" }
{ "timestamp":"2017-10-23T08:39:17Z", "event":"Music", "MusicTrack":"SystemMap" }
{ "timestamp":"2017-10-23T08:39:25Z", "event":"Music", "MusicTrack":"Exploration" }
{ "timestamp":"2017-10-23T08:39:31Z", "event":"Music", "MusicTrack":"GalaxyMap" }
{ "timestamp":"2017-10-23T08:39:33Z", "event":"Music", "MusicTrack":"Exploration" }
{ "timestamp":"2017-10-23T08:39:51Z", "event":"StartJump", "JumpType":"Hyperspace", "StarSystem":"Praea Euq RZ-F d11-20", "StarClass":"G" }
{ "timestamp":"2017-10-23T08:39:57Z", "event":"Music", "MusicTrack":"NoTrack" }
{ "timestamp":"2017-10-23T08:40:10Z", "event":"FSDJump", "StarSystem":"Praea Euq RZ-F d11-20", "StarPos":[550.406,476.875,1188.344], "SystemAllegiance":"", "SystemEconomy":"$economy_None;", "SystemEconomy_Localised":"None", "SystemGovernment":"$government_None;", "SystemGovernment_Localised":"None", "SystemSecurity":"$GAlAXY_MAP_INFO_state_anarchy;", "SystemSecurity_Localised":"Anarchy", "Population":0, "JumpDist":24.728, "FuelUsed":3.457355, "FuelLevel":23.969418 }
{ "timestamp":"2017-10-23T08:40:10Z", "event":"Music", "MusicTrack":"DestinationFromHyperspace" }
{ "timestamp":"2017-10-23T08:40:15Z", "event":"Music", "MusicTrack":"Supercruise" }
{ "timestamp":"2017-10-23T08:40:38Z", "event":"FuelScoop", "Scooped":5.002893, "Total":28.972307 }
{ "timestamp":"2017-10-23T08:40:49Z", "event":"FuelScoop", "Scooped":3.027689, "Total":32.000000 }
{ "timestamp":"2017-10-23T08:41:26Z", "event":"Scan", "BodyName":"Praea Euq RZ-F d11-20 A", "DistanceFromArrivalLS":0.000000, "StarType":"G", "StellarMass":1.144531, "Radius":825163392.000000, "AbsoluteMagnitude":4.536072, "Age_MY":894, "SurfaceTemperature":5676.000000, "Luminosity":"Va", "SemiMajorAxis":24751703588864.000000, "Eccentricity":0.118936, "OrbitalInclination":-74.960190, "Periapsis":110.529663, "OrbitalPeriod":198294274048.000000, "RotationPeriod":471356.500000, "AxialTilt":0.000000 }
{ "timestamp":"2017-10-23T08:41:38Z", "event":"Music", "MusicTrack":"SystemMap" }
{ "timestamp":"2017-10-23T08:42:03Z", "event":"Music", "MusicTrack":"Supercruise" }
{ "timestamp":"2017-10-23T08:42:08Z", "event":"Music", "MusicTrack":"SystemMap" }
{ "timestamp":"2017-10-23T08:42:09Z", "event":"Music", "MusicTrack":"Supercruise" }
{ "timestamp":"2017-10-23T08:43:12Z", "event":"Scan", "BodyName":"Praea Euq RZ-F d11-20 A 1", "DistanceFromArrivalLS":361.413818, "TidalLock":false, "TerraformState":"", "PlanetClass":"High metal content body", "Atmosphere":"hot thick carbon dioxide atmosphere", "AtmosphereType":"CarbonDioxide", "AtmosphereComposition":[ { "Name":"CarbonDioxide", "Percent":85.920135 }, { "Name":"SulphurDioxide", "Percent":14.079865 } ], "Volcanism":"", "MassEM":0.467317, "Radius":4830129.500000, "SurfaceGravity":7.983678, "SurfaceTemperature":662.220154, "SurfacePressure":648029.750000, "Landable":false, "SemiMajorAxis":108338053120.000000, "Eccentricity":0.000118, "OrbitalInclination":-0.025012, "Periapsis":219.428391, "OrbitalPeriod":18177462.000000, "RotationPeriod":97802.890625, "AxialTilt":-0.438755 }
{ "timestamp":"2017-10-23T08:43:31Z", "event":"Music", "MusicTrack":"SystemMap" }
{ "timestamp":"2017-10-23T08:43:46Z", "event":"Music", "MusicTrack":"Supercruise" }
{ "timestamp":"2017-10-23T08:43:51Z", "event":"Music", "MusicTrack":"GalaxyMap" }
{ "timestamp":"2017-10-23T08:45:33Z", "event":"Music", "MusicTrack":"Supercruise" }
{ "timestamp":"2017-10-23T08:45:57Z", "event":"StartJump", "JumpType":"Hyperspace", "StarSystem":"Praea Euq JZ-L c22-0", "StarClass":"G" }
{ "timestamp":"2017-10-23T08:46:02Z", "event":"Music", "MusicTrack":"NoTrack" }
{ "timestamp":"2017-10-23T08:46:15Z", "event":"FSDJump", "StarSystem":"Praea Euq JZ-L c22-0", "StarPos":[554.156,470.688,1210.031], "SystemAllegiance":"", "SystemEconomy":"$economy_None;", "SystemEconomy_Localised":"None", "SystemGovernment":"$government_None;", "SystemGovernment_Localised":"None", "SystemSecurity":"$GAlAXY_MAP_INFO_state_anarchy;", "SystemSecurity_Localised":"Anarchy", "Population":0, "JumpDist":22.863, "FuelUsed":2.936345, "FuelLevel":29.063654 }
{ "timestamp":"2017-10-23T08:46:16Z", "event":"Music", "MusicTrack":"Supercruise" }
{ "timestamp":"2017-10-23T08:46:29Z", "event":"Music", "MusicTrack":"SystemMap" }
{ "timestamp":"2017-10-23T08:46:30Z", "event":"Music", "MusicTrack":"Supercruise" }
{ "timestamp":"2017-10-23T08:46:38Z", "event":"Scan", "BodyName":"Praea Euq JZ-L c22-0", "DistanceFromArrivalLS":0.000000, "StarType":"G", "StellarMass":0.882813, "Radius":695224064.000000, "AbsoluteMagnitude":4.786041, "Age_MY":3430, "SurfaceTemperature":5838.000000, "Luminosity":"Vab", "RotationPeriod":283043.687500, "AxialTilt":0.000000 }
{ "timestamp":"2017-10-23T08:48:52Z", "event":"FuelScoop", "Scooped":2.936338, "Total":32.000000 }
{ "timestamp":"2017-10-23T09:34:10Z", "event":"Music", "MusicTrack":"MainMenu" }
{ "timestamp":"2017-10-23T10:38:50Z", "event":"Cargo", "Inventory":[  ] }
{ "timestamp":"2017-10-23T10:38:50Z", "event":"Loadout", "Ship":"DiamondBackXL", "ShipID":2, "ShipName":"KONNYAKU", "ShipIdent":"IG-E01", "Modules":[ { "Slot":"LargeHardpoint1", "Item":"Hpt_PulseLaser_Gimbal_Large", "On":true, "Priority":0, "Health":0.968937, "Value":140600 }, { "Slot":"MediumHardpoint2", "Item":"Hpt_MiningLaser_Fixed_Small", "On":true, "Priority":0, "Health":0.964389, "Value":6800 }, { "Slot":"TinyHardpoint1", "Item":"Hpt_HeatSinkLauncher_Turret_Tiny", "On":true, "Priority":0, "AmmoInClip":1, "AmmoInHopper":2, "Health":0.968775, "Value":3500 }, { "Slot":"TinyHardpoint2", "Item":"Hpt_HeatSinkLauncher_Turret_Tiny", "On":true, "Priority":0, "AmmoInClip":1, "AmmoInHopper":2, "Health":0.976092, "Value":3500 }, { "Slot":"TinyHardpoint4", "Item":"Hpt_ChaffLauncher_Tiny", "On":true, "Priority":0, "AmmoInClip":1, "AmmoInHopper":10, "Health":0.937388, "Value":8500 }, { "Slot":"Armour", "Item":"DiamondBackXL_Armour_Grade1", "On":true, "Priority":1, "Health":1.000000, "Value":0 }, { "Slot":"PowerPlant", "Item":"Int_Powerplant_Size4_Class4", "On":true, "Priority":1, "Health":0.975617, "Value":536693 }, { "Slot":"MainEngines", "Item":"Int_Engine_Size4_Class4", "On":true, "Priority":0, "Health":0.995336, "Value":536693 }, { "Slot":"FrameShiftDrive", "Item":"Int_Hyperdrive_Size5_Class4", "On":true, "Priority":0, "Health":0.992090, "Value":1701318 }, { "Slot":"LifeSupport", "Item":"Int_LifeSupport_Size3_Class2", "On":true, "Priority":0, "Health":0.963117, "Value":10133 }, { "Slot":"PowerDistributor", "Item":"Int_PowerDistributor_Size4_Class2", "On":true, "Priority":0, "Health":0.948296, "Value":28373 }, { "Slot":"Radar", "Item":"Int_Sensors_Size3_Class2", "On":true, "Priority":0, "Health":0.979704, "Value":10133 }, { "Slot":"FuelTank", "Item":"Int_FuelTank_Size5_Class3", "On":true, "Priority":1, "Health":1.000000, "Value":97754 }, { "Slot":"Decal1", "Item":"Decal_Explorer_Surveyor", "On":true, "Priority":1, "Health":1.000000, "Value":0 }, { "Slot":"Decal2", "Item":"Decal_Explorer_Surveyor", "On":true, "Priority":1, "Health":1.000000, "Value":0 }, { "Slot":"Decal3", "Item":"Decal_Explorer_Surveyor", "On":true, "Priority":1, "Health":1.000000, "Value":0 }, { "Slot":"Slot01_Size4", "Item":"Int_ShieldGenerator_Size4_Class1", "On":true, "Priority":2, "Health":0.983179, "Value":19878 }, { "Slot":"Slot02_Size4", "Item":"Int_FuelScoop_Size4_Class4", "On":true, "Priority":0, "Health":0.969165, "Value":715591 }, { "Slot":"Slot03_Size3", "Item":"Int_BuggyBay_Size2_Class2", "On":true, "Priority":0, "Health":0.985582, "Value":21600 }, { "Slot":"Slot04_Size3", "Item":"Int_Repairer_Size3_Class2", "On":true, "Priority":0, "AmmoInClip":2904, "Health":0.955449, "Value":97200 }, { "Slot":"Slot05_Size2", "Item":"Int_StellarBodyDiscoveryScanner_Advanced", "On":true, "Priority":1, "Health":0.982367, "Value":1545000 }, { "Slot":"Slot06_Size2", "Item":"Int_DetailedSurfaceScanner_Tiny", "On":true, "Priority":1, "Health":1.000000, "Value":250000 }, { "Slot":"PlanetaryApproachSuite", "Item":"Int_PlanetApproachSuite", "On":true, "Priority":1, "Health":1.000000, "Value":500 }, { "Slot":"ShipCockpit", "Item":"DiamondBackXL_Cockpit", "On":true, "Priority":1, "Health":0.982077, "Value":0 }, { "Slot":"CargoHatch", "Item":"ModularCargoBayDoor", "On":true, "Priority":2, "Health":0.955258, "Value":0 } ] }
{ "timestamp":"2017-10-23T10:38:50Z", "event":"Materials", "Raw":[ { "Name":"carbon", "Count":2 }, { "Name":"iron", "Count":3 } ], "Manufactured":[ { "Name":"mechanicalscrap", "Count":8 }, { "Name":"gridresistors", "Count":3 }, { "Name":"heatdispersionplate", "Count":5 }, { "Name":"salvagedalloys", "Count":6 }, { "Name":"hybridcapacitors", "Count":5 }, { "Name":"heatconductionwiring", "Count":2 } ], "Encoded":[ { "Name":"shieldsoakanalysis", "Count":3 }, { "Name":"disruptedwakeechoes", "Count":5 }, { "Name":"shieldcyclerecordings", "Count":9 }, { "Name":"emissiondata", "Count":3 }, { "Name":"bulkscandata", "Count":9 }, { "Name":"scrambledemissiondata", "Count":7 }, { "Name":"archivedemissiondata", "Count":3 }, { "Name":"shielddensityreports", "Count":9 }, { "Name":"legacyfirmware", "Count":1 } ] }
{ "timestamp":"2017-10-23T10:38:50Z", "event":"LoadGame", "Commander":"Igaguri", "Ship":"DiamondBackXL", "ShipID":2, "ShipName":"KONNYAKU", "ShipIdent":"IG-E01", "FuelLevel":30.959999, "FuelCapacity":32.000000, "GameMode":"Open", "Credits":726550, "Loan":0 }
{ "timestamp":"2017-10-23T10:38:50Z", "event":"Rank", "Combat":1, "Trade":4, "Explore":4, "Empire":0, "Federation":1, "CQC":0 }
{ "timestamp":"2017-10-23T10:38:50Z", "event":"Progress", "Combat":26, "Trade":1, "Explore":9, "Empire":0, "Federation":100, "CQC":0 }
{ "timestamp":"2017-10-23T10:38:53Z", "event":"Location", "Docked":false, "StarSystem":"Praea Euq JZ-L c22-0", "StarPos":[554.156,470.688,1210.031], "SystemAllegiance":"", "SystemEconomy":"$economy_None;", "SystemEconomy_Localised":"None", "SystemGovernment":"$government_None;", "SystemGovernment_Localised":"None", "SystemSecurity":"$GAlAXY_MAP_INFO_state_anarchy;", "SystemSecurity_Localised":"Anarchy", "Population":0, "Body":"Praea Euq JZ-L c22-0", "BodyType":"Star" }
{ "timestamp":"2017-10-23T10:38:53Z", "event":"Music", "MusicTrack":"NoTrack" }
{ "timestamp":"2017-10-23T10:38:53Z", "event":"Music", "MusicTrack":"Exploration" }
{ "timestamp":"2017-10-23T10:38:56Z", "event":"Music", "MusicTrack":"SystemMap" }
{ "timestamp":"2017-10-23T10:38:57Z", "event":"Music", "MusicTrack":"Exploration" }
{ "timestamp":"2017-10-23T10:39:14Z", "event":"StartJump", "JumpType":"Supercruise" }
{ "timestamp":"2017-10-23T10:39:19Z", "event":"SupercruiseEntry", "StarSystem":"Praea Euq JZ-L c22-0" }
{ "timestamp":"2017-10-23T10:39:19Z", "event":"Music", "MusicTrack":"Supercruise" }
{ "timestamp":"2017-10-23T10:39:21Z", "event":"Music", "MusicTrack":"GalaxyMap" }
{ "timestamp":"2017-10-23T10:39:24Z", "event":"Music", "MusicTrack":"Supercruise" }
{ "timestamp":"2017-10-23T10:39:54Z", "event":"StartJump", "JumpType":"Hyperspace", "StarSystem":"Praea Euq NF-K c23-2", "StarClass":"K" }
{ "timestamp":"2017-10-23T10:39:59Z", "event":"Music", "MusicTrack":"NoTrack" }
{ "timestamp":"2017-10-23T10:40:12Z", "event":"FSDJump", "StarSystem":"Praea Euq NF-K c23-2", "StarPos":[569.188,463.188,1224.656], "SystemAllegiance":"", "SystemEconomy":"$economy_None;", "SystemEconomy_Localised":"None", "SystemGovernment":"$government_None;", "SystemGovernment_Localised":"None", "SystemSecurity":"$GAlAXY_MAP_INFO_state_anarchy;", "SystemSecurity_Localised":"Anarchy", "Population":0, "JumpDist":22.273, "FuelUsed":2.736570, "FuelLevel":28.223429 }
{ "timestamp":"2017-10-23T10:40:13Z", "event":"Music", "MusicTrack":"Supercruise" }
{ "timestamp":"2017-10-23T10:40:38Z", "event":"Scan", "BodyName":"Praea Euq NF-K c23-2 A", "DistanceFromArrivalLS":0.000000, "StarType":"K", "StellarMass":0.785156, "Radius":538965824.000000, "AbsoluteMagnitude":5.860977, "Age_MY":10886, "SurfaceTemperature":5177.000000, "Luminosity":"Vab", "SemiMajorAxis":3077476608.000000, "Eccentricity":0.144219, "OrbitalInclination":4.085470, "Periapsis":288.365540, "OrbitalPeriod":410122.500000, "RotationPeriod":237382.343750, "AxialTilt":0.000000 }
{ "timestamp":"2017-10-23T10:40:52Z", "event":"Music", "MusicTrack":"SystemMap" }
{ "timestamp":"2017-10-23T10:42:12Z", "event":"Music", "MusicTrack":"Supercruise" }
{ "timestamp":"2017-10-23T10:42:16Z", "event":"Music", "MusicTrack":"SystemMap" }
{ "timestamp":"2017-10-23T10:42:20Z", "event":"Music", "MusicTrack":"Supercruise" }
{ "timestamp":"2017-10-23T10:43:04Z", "event":"Scan", "BodyName":"Praea Euq NF-K c23-2 B", "DistanceFromArrivalLS":26.531778, "StarType":"M", "StellarMass":0.421875, "Radius":380330336.000000, "AbsoluteMagnitude":8.594025, "Age_MY":10886, "SurfaceTemperature":3285.000000, "Luminosity":"Va", "SemiMajorAxis":5727524864.000000, "Eccentricity":0.144219, "OrbitalInclination":4.085470, "Periapsis":108.365524, "OrbitalPeriod":410122.500000, "RotationPeriod":234529.781250, "AxialTilt":0.000000 }
{ "timestamp":"2017-10-23T10:43:06Z", "event":"Music", "MusicTrack":"SystemMap" }
{ "timestamp":"2017-10-23T10:43:09Z", "event":"Music", "MusicTrack":"Supercruise" }
{ "timestamp":"2017-10-23T10:43:31Z", "event":"Scan", "BodyName":"Praea Euq NF-K c23-2 C", "DistanceFromArrivalLS":1595.364868, "StarType":"M", "StellarMass":0.316406, "Radius":341191456.000000, "AbsoluteMagnitude":9.959183, "Age_MY":10886, "SurfaceTemperature":2533.000000, "Luminosity":"Va", "SemiMajorAxis":329857466368.000000, "Eccentricity":0.177557, "OrbitalInclination":14.339708, "Periapsis":325.803406, "OrbitalPeriod":118690264.000000, "RotationPeriod":194397.250000, "AxialTilt":0.000000 }
{ "timestamp":"2017-10-23T10:44:24Z", "event":"Music", "MusicTrack":"SystemMap" }
{ "timestamp":"2017-10-23T10:44:26Z", "event":"Music", "MusicTrack":"Supercruise" }
{ "timestamp":"2017-10-23T10:45:04Z", "event":"FuelScoop", "Scooped":4.296583, "Total":32.000000 }
{ "timestamp":"2017-10-23T10:45:30Z", "event":"StartJump", "JumpType":"Hyperspace", "StarSystem":"Praea Euq UU-F d11-9", "StarClass":"F" }
{ "timestamp":"2017-10-23T10:45:36Z", "event":"Music", "MusicTrack":"NoTrack" }
{ "timestamp":"2017-10-23T10:45:49Z", "event":"FSDJump", "StarSystem":"Praea Euq UU-F d11-9", "StarPos":[582.844,454.844,1243.063], "SystemAllegiance":"", "SystemEconomy":"$economy_None;", "SystemEconomy_Localised":"None", "SystemGovernment":"$government_None;", "SystemGovernment_Localised":"None", "SystemSecurity":"$GAlAXY_MAP_INFO_state_anarchy;", "SystemSecurity_Localised":"Anarchy", "Population":0, "JumpDist":24.391, "FuelUsed":3.440895, "FuelLevel":28.559105 }
{ "timestamp":"2017-10-23T10:45:49Z", "event":"Music", "MusicTrack":"Supercruise" }
{ "timestamp":"2017-10-23T10:46:03Z", "event":"Music", "MusicTrack":"GalaxyMap" }
{ "timestamp":"2017-10-23T10:46:10Z", "event":"Music", "MusicTrack":"Supercruise" }
{ "timestamp":"2017-10-23T10:46:15Z", "event":"Scan", "BodyName":"Praea Euq UU-F d11-9", "DistanceFromArrivalLS":0.000000, "StarType":"F", "StellarMass":1.250000, "Radius":859717568.000000, "AbsoluteMagnitude":4.076736, "Age_MY":5512, "SurfaceTemperature":6181.000000, "Luminosity":"Vab", "RotationPeriod":451865.937500, "AxialTilt":0.000000 }
{ "timestamp":"2017-10-23T10:46:47Z", "event":"Music", "MusicTrack":"SystemMap" }
{ "timestamp":"2017-10-23T10:46:49Z", "event":"Music", "MusicTrack":"Supercruise" }
{ "timestamp":"2017-10-23T10:46:51Z", "event":"Music", "MusicTrack":"GalaxyMap" }
{ "timestamp":"2017-10-23T10:49:26Z", "event":"Music", "MusicTrack":"Supercruise" }
{ "timestamp":"2017-10-23T10:50:02Z", "event":"FuelScoop", "Scooped":3.440879, "Total":32.000000 }
{ "timestamp":"2017-10-23T10:51:55Z", "event":"StartJump", "JumpType":"Hyperspace", "StarSystem":"Praea Euq QA-K c23-1", "StarClass":"K" }
{ "timestamp":"2017-10-23T10:52:00Z", "event":"Music", "MusicTrack":"NoTrack" }
{ "timestamp":"2017-10-23T10:52:14Z", "event":"FSDJump", "StarSystem":"Praea Euq QA-K c23-1", "StarPos":[603.281,450.031,1253.750], "SystemAllegiance":"", "SystemEconomy":"$economy_None;", "SystemEconomy_Localised":"None", "SystemGovernment":"$government_None;", "SystemGovernment_Localised":"None", "SystemSecurity":"$GAlAXY_MAP_INFO_state_anarchy;", "SystemSecurity_Localised":"Anarchy", "Population":0, "JumpDist":23.560, "FuelUsed":3.160829, "FuelLevel":28.839170 }
{ "timestamp":"2017-10-23T10:52:14Z", "event":"Music", "MusicTrack":"Supercruise" }
{ "timestamp":"2017-10-23T10:52:27Z", "event":"Music", "MusicTrack":"SystemMap" }
{ "timestamp":"2017-10-23T10:52:33Z", "event":"Music", "MusicTrack":"Supercruise" }
{ "timestamp":"2017-10-23T10:52:38Z", "event":"Scan", "BodyName":"Praea Euq QA-K c23-1 A", "DistanceFromArrivalLS":0.000000, "StarType":"K", "StellarMass":0.597656, "Radius":515193792.000000, "AbsoluteMagnitude":6.599716, "Age_MY":10188, "SurfaceTemperature":4467.000000, "Luminosity":"Vab", "SemiMajorAxis":455028342784.000000, "Eccentricity":0.136895, "OrbitalInclination":-26.977978, "Periapsis":161.254974, "OrbitalPeriod":771945216.000000, "RotationPeriod":225502.234375, "AxialTilt":0.000000 }
{ "timestamp":"2017-10-23T10:52:38Z", "event":"Music", "MusicTrack":"SystemMap" }
{ "timestamp":"2017-10-23T10:52:40Z", "event":"Music", "MusicTrack":"Supercruise" }
{ "timestamp":"2017-10-23T10:53:14Z", "event":"FuelScoop", "Scooped":3.160825, "Total":32.000000 }
{ "timestamp":"2017-10-23T10:54:05Z", "event":"Music", "MusicTrack":"MainMenu" }
{ "timestamp":"2017-10-23T12:02:34Z", "event":"Cargo", "Inventory":[  ] }
{ "timestamp":"2017-10-23T12:02:34Z", "event":"Loadout", "Ship":"DiamondBackXL", "ShipID":2, "ShipName":"KONNYAKU", "ShipIdent":"IG-E01", "Modules":[ { "Slot":"LargeHardpoint1", "Item":"Hpt_PulseLaser_Gimbal_Large", "On":true, "Priority":2, "Health":0.968937, "Value":140600 }, { "Slot":"MediumHardpoint2", "Item":"Hpt_MiningLaser_Fixed_Small", "On":true, "Priority":1, "Health":0.964389, "Value":6800 }, { "Slot":"TinyHardpoint1", "Item":"Hpt_HeatSinkLauncher_Turret_Tiny", "On":true, "Priority":0, "AmmoInClip":1, "AmmoInHopper":2, "Health":0.968775, "Value":3500 }, { "Slot":"TinyHardpoint2", "Item":"Hpt_HeatSinkLauncher_Turret_Tiny", "On":true, "Priority":0, "AmmoInClip":1, "AmmoInHopper":2, "Health":0.976092, "Value":3500 }, { "Slot":"TinyHardpoint4", "Item":"Hpt_ChaffLauncher_Tiny", "On":true, "Priority":1, "AmmoInClip":1, "AmmoInHopper":10, "Health":0.937388, "Value":8500 }, { "Slot":"Armour", "Item":"DiamondBackXL_Armour_Grade1", "On":true, "Priority":1, "Health":1.000000, "Value":0 }, { "Slot":"PowerPlant", "Item":"Int_Powerplant_Size4_Class4", "On":true, "Priority":1, "Health":0.975617, "Value":536693 }, { "Slot":"MainEngines", "Item":"Int_Engine_Size4_Class4", "On":true, "Priority":0, "Health":0.995336, "Value":536693 }, { "Slot":"FrameShiftDrive", "Item":"Int_Hyperdrive_Size5_Class4", "On":true, "Priority":0, "Health":0.992090, "Value":1701318 }, { "Slot":"LifeSupport", "Item":"Int_LifeSupport_Size3_Class2", "On":true, "Priority":0, "Health":0.963117, "Value":10133 }, { "Slot":"PowerDistributor", "Item":"Int_PowerDistributor_Size4_Class2", "On":true, "Priority":0, "Health":0.948296, "Value":28373 }, { "Slot":"Radar", "Item":"Int_Sensors_Size3_Class2", "On":true, "Priority":3, "Health":0.979704, "Value":10133 }, { "Slot":"FuelTank", "Item":"Int_FuelTank_Size5_Class3", "On":true, "Priority":1, "Health":1.000000, "Value":97754 }, { "Slot":"Decal1", "Item":"Decal_Explorer_Surveyor", "On":true, "Priority":1, "Health":1.000000, "Value":0 }, { "Slot":"Decal2", "Item":"Decal_Explorer_Surveyor", "On":true, "Priority":1, "Health":1.000000, "Value":0 }, { "Slot":"Decal3", "Item":"Decal_Explorer_Surveyor", "On":true, "Priority":1, "Health":1.000000, "Value":0 }, { "Slot":"Slot01_Size4", "Item":"Int_ShieldGenerator_Size4_Class1", "On":true, "Priority":1, "Health":0.983179, "Value":19878 }, { "Slot":"Slot02_Size4", "Item":"Int_FuelScoop_Size4_Class4", "On":true, "Priority":3, "Health":0.969165, "Value":715591 }, { "Slot":"Slot03_Size3", "Item":"Int_BuggyBay_Size2_Class2", "On":true, "Priority":0, "Health":0.985582, "Value":21600 }, { "Slot":"Slot04_Size3", "Item":"Int_Repairer_Size3_Class2", "On":true, "Priority":0, "AmmoInClip":2904, "Health":0.955449, "Value":97200 }, { "Slot":"Slot05_Size2", "Item":"Int_StellarBodyDiscoveryScanner_Advanced", "On":true, "Priority":1, "Health":0.982367, "Value":1545000 }, { "Slot":"Slot06_Size2", "Item":"Int_DetailedSurfaceScanner_Tiny", "On":true, "Priority":1, "Health":1.000000, "Value":250000 }, { "Slot":"PlanetaryApproachSuite", "Item":"Int_PlanetApproachSuite", "On":true, "Priority":1, "Health":1.000000, "Value":500 }, { "Slot":"ShipCockpit", "Item":"DiamondBackXL_Cockpit", "On":true, "Priority":1, "Health":0.982077, "Value":0 }, { "Slot":"CargoHatch", "Item":"ModularCargoBayDoor", "On":true, "Priority":2, "Health":0.955258, "Value":0 } ] }
{ "timestamp":"2017-10-23T12:02:34Z", "event":"Materials", "Raw":[ { "Name":"carbon", "Count":2 }, { "Name":"iron", "Count":3 } ], "Manufactured":[ { "Name":"mechanicalscrap", "Count":8 }, { "Name":"gridresistors", "Count":3 }, { "Name":"heatdispersionplate", "Count":5 }, { "Name":"salvagedalloys", "Count":6 }, { "Name":"hybridcapacitors", "Count":5 }, { "Name":"heatconductionwiring", "Count":2 } ], "Encoded":[ { "Name":"shieldsoakanalysis", "Count":3 }, { "Name":"disruptedwakeechoes", "Count":5 }, { "Name":"shieldcyclerecordings", "Count":9 }, { "Name":"emissiondata", "Count":3 }, { "Name":"bulkscandata", "Count":9 }, { "Name":"scrambledemissiondata", "Count":7 }, { "Name":"archivedemissiondata", "Count":3 }, { "Name":"shielddensityreports", "Count":9 }, { "Name":"legacyfirmware", "Count":1 } ] }
{ "timestamp":"2017-10-23T12:02:34Z", "event":"LoadGame", "Commander":"Igaguri", "Ship":"DiamondBackXL", "ShipID":2, "ShipName":"KONNYAKU", "ShipIdent":"IG-E01", "FuelLevel":32.000000, "FuelCapacity":32.000000, "GameMode":"Open", "Credits":726550, "Loan":0 }
{ "timestamp":"2017-10-23T12:02:34Z", "event":"Rank", "Combat":1, "Trade":4, "Explore":4, "Empire":0, "Federation":1, "CQC":0 }
{ "timestamp":"2017-10-23T12:02:34Z", "event":"Progress", "Combat":26, "Trade":1, "Explore":9, "Empire":0, "Federation":100, "CQC":0 }
{ "timestamp":"2017-10-23T12:02:37Z", "event":"Location", "Docked":false, "StarSystem":"Praea Euq QA-K c23-1", "StarPos":[603.281,450.031,1253.750], "SystemAllegiance":"", "SystemEconomy":"$economy_None;", "SystemEconomy_Localised":"None", "SystemGovernment":"$government_None;", "SystemGovernment_Localised":"None", "SystemSecurity":"$GAlAXY_MAP_INFO_state_anarchy;", "SystemSecurity_Localised":"Anarchy", "Population":0, "Body":"Praea Euq QA-K c23-1 A", "BodyType":"Star" }
{ "timestamp":"2017-10-23T12:02:37Z", "event":"Music", "MusicTrack":"NoTrack" }
{ "timestamp":"2017-10-23T12:02:37Z", "event":"Music", "MusicTrack":"Exploration" }
{ "timestamp":"2017-10-23T12:02:55Z", "event":"Music", "MusicTrack":"SystemMap" }
{ "timestamp":"2017-10-23T12:02:59Z", "event":"Music", "MusicTrack":"Exploration" }
{ "timestamp":"2017-10-23T12:03:02Z", "event":"Music", "MusicTrack":"GalaxyMap" }
{ "timestamp":"2017-10-23T12:03:03Z", "event":"Music", "MusicTrack":"Exploration" }
{ "timestamp":"2017-10-23T12:03:05Z", "event":"StartJump", "JumpType":"Supercruise" }
{ "timestamp":"2017-10-23T12:03:10Z", "event":"SupercruiseEntry", "StarSystem":"Praea Euq QA-K c23-1" }
{ "timestamp":"2017-10-23T12:03:10Z", "event":"Music", "MusicTrack":"Supercruise" }
{ "timestamp":"2017-10-23T12:03:13Z", "event":"Music", "MusicTrack":"GalaxyMap" }
{ "timestamp":"2017-10-23T12:04:17Z", "event":"Music", "MusicTrack":"Supercruise" }
{ "timestamp":"2017-10-23T12:04:34Z", "event":"StartJump", "JumpType":"Hyperspace", "StarSystem":"Praea Euq VG-I c24-1", "StarClass":"K" }
{ "timestamp":"2017-10-23T12:04:40Z", "event":"Music", "MusicTrack":"NoTrack" }
{ "timestamp":"2017-10-23T12:04:53Z", "event":"FSDJump", "StarSystem":"Praea Euq VG-I c24-1", "StarPos":[618.563,436.906,1268.469], "SystemAllegiance":"", "SystemEconomy":"$economy_None;", "SystemEconomy_Localised":"None", "SystemGovernment":"$government_None;", "SystemGovernment_Localised":"None", "SystemSecurity":"$GAlAXY_MAP_INFO_state_anarchy;", "SystemSecurity_Localised":"Anarchy", "Population":0, "JumpDist":24.948, "FuelUsed":3.637134, "FuelLevel":28.362865 }
{ "timestamp":"2017-10-23T12:04:53Z", "event":"Music", "MusicTrack":"Supercruise" }
{ "timestamp":"2017-10-23T12:05:16Z", "event":"Music", "MusicTrack":"SystemMap" }
{ "timestamp":"2017-10-23T12:05:16Z", "event":"Scan", "BodyName":"Praea Euq VG-I c24-1", "DistanceFromArrivalLS":0.000000, "StarType":"K", "StellarMass":0.656250, "Radius":510800224.000000, "AbsoluteMagnitude":6.518341, "Age_MY":8650, "SurfaceTemperature":4571.000000, "Luminosity":"Va", "RotationPeriod":245474.546875, "AxialTilt":0.000000 }
{ "timestamp":"2017-10-23T12:05:16Z", "event":"Music", "MusicTrack":"Supercruise" }
{ "timestamp":"2017-10-23T12:05:38Z", "event":"FuelScoop", "Scooped":3.637137, "Total":32.000000 }
{ "timestamp":"2017-10-23T12:06:00Z", "event":"StartJump", "JumpType":"Hyperspace", "StarSystem":"Praea Euq VG-I c24-4", "StarClass":"K" }
{ "timestamp":"2017-10-23T12:06:06Z", "event":"Music", "MusicTrack":"NoTrack" }
{ "timestamp":"2017-10-23T12:06:19Z", "event":"FSDJump", "StarSystem":"Praea Euq VG-I c24-4", "StarPos":[636.344,451.906,1278.875], "SystemAllegiance":"", "SystemEconomy":"$economy_None;", "SystemEconomy_Localised":"None", "SystemGovernment":"$government_None;", "SystemGovernment_Localised":"None", "SystemSecurity":"$GAlAXY_MAP_INFO_state_anarchy;", "SystemSecurity_Localised":"Anarchy", "Population":0, "JumpDist":25.485, "FuelUsed":3.831624, "FuelLevel":28.168377 }
{ "timestamp":"2017-10-23T12:06:19Z", "event":"Music", "MusicTrack":"Supercruise" }
{ "timestamp":"2017-10-23T12:06:31Z", "event":"Music", "MusicTrack":"SystemMap" }
{ "timestamp":"2017-10-23T12:06:42Z", "event":"Scan", "BodyName":"Praea Euq VG-I c24-4 A", "DistanceFromArrivalLS":0.000000, "StarType":"K", "StellarMass":0.664063, "Radius":550830528.000000, "AbsoluteMagnitude":6.157547, "Age_MY":8846, "SurfaceTemperature":4783.000000, "Luminosity":"Vab", "SemiMajorAxis":40010455711744.000000, "Eccentricity":0.264242, "OrbitalInclination":48.232029, "Periapsis":71.996941, "OrbitalPeriod":753590272000.000000, "RotationPeriod":314135.312500, "AxialTilt":0.000000, "Rings":[ { "Name":"Praea Euq VG-I c24-4 A A Belt", "RingClass":"eRingClass_MetalRich", "MassMT":8.2657e+11, "InnerRad":9.1099e+08, "OuterRad":2.1053e+09 } ] }
{ "timestamp":"2017-10-23T12:06:53Z", "event":"Music", "MusicTrack":"Supercruise" }
