{ "timestamp":"2017-10-15T03:04:08Z", "event":"Fileheader", "part":1, "language":"English\\UK", "gameversion":"2.4", "build":"r156431/r0 " }
{ "timestamp":"2017-10-15T03:04:08Z", "event":"Music", "MusicTrack":"NoTrack" }
{ "timestamp":"2017-10-15T03:04:08Z", "event":"Music", "MusicTrack":"MainMenu" }
{ "timestamp":"2017-10-15T03:10:49Z", "event":"Cargo", "Inventory":[  ] }
{ "timestamp":"2017-10-15T03:10:49Z", "event":"Loadout", "Ship":"CobraMkIII", "ShipID":1, "ShipName":"Kamaboko", "ShipIdent":"IG-C03", "Modules":[ { "Slot":"MediumHardpoint1", "Item":"Hpt_BeamLaser_Gimbal_Medium", "On":true, "Priority":0, "Health":1.000000, "Value":500600 }, { "Slot":"MediumHardpoint2", "Item":"Hpt_BeamLaser_Gimbal_Medium", "On":true, "Priority":0, "Health":1.000000, "Value":500600 }, { "Slot":"SmallHardpoint1", "Item":"Hpt_PulseLaser_Gimbal_Small", "On":true, "Priority":0, "Health":1.000000, "Value":6600 }, { "Slot":"SmallHardpoint2", "Item":"Hpt_PulseLaser_Gimbal_Small", "On":true, "Priority":0, "Health":1.000000, "Value":6600 }, { "Slot":"TinyHardpoint1", "Item":"Hpt_HeatSinkLauncher_Turret_Tiny", "On":true, "Priority":0, "AmmoInClip":1, "AmmoInHopper":2, "Health":1.000000, "Value":3500 }, { "Slot":"TinyHardpoint2", "Item":"Hpt_ChaffLauncher_Tiny", "On":true, "Priority":0, "AmmoInClip":1, "AmmoInHopper":10, "Health":1.000000, "Value":8500 }, { "Slot":"Armour", "Item":"CobraMkIII_Armour_Grade1", "On":true, "Priority":1, "Health":1.000000, "Value":0 }, { "Slot":"PowerPlant", "Item":"Int_Powerplant_Size4_Class4", "On":true, "Priority":1, "Health":1.000000, "Value":536693 }, { "Slot":"MainEngines", "Item":"Int_Engine_Size4_Class5", "On":true, "Priority":0, "Health":1.000000, "Value":1610080 }, { "Slot":"FrameShiftDrive", "Item":"Int_Hyperdrive_Size4_Class4", "On":true, "Priority":0, "Health":1.000000, "Value":536693 }, { "Slot":"LifeSupport", "Item":"Int_LifeSupport_Size3_Class5", "On":true, "Priority":0, "Health":1.000000, "Value":158331 }, { "Slot":"PowerDistributor", "Item":"Int_PowerDistributor_Size3_Class5", "On":true, "Priority":0, "Health":1.000000, "Value":158331 }, { "Slot":"Radar", "Item":"Int_Sensors_Size3_Class5", "On":true, "Priority":0, "Health":1.000000, "Value":158331 }, { "Slot":"FuelTank", "Item":"Int_FuelTank_Size4_Class3", "On":true, "Priority":1, "Health":1.000000, "Value":24734 }, { "Slot":"Slot01_Size4", "Item":"Int_ShieldGenerator_Size4_Class3", "On":true, "Priority":0, "Health":1.000000, "Value":178898 }, { "Slot":"Slot02_Size4", "Item":"Int_PassengerCabin_Size4_Class2", "On":true, "Priority":1, "AmmoInClip":6, "Health":1.000000, "Value":56862 }, { "Slot":"Slot03_Size4", "Item":"Int_PassengerCabin_Size4_Class2", "On":true, "Priority":1, "AmmoInClip":6, "Health":1.000000, "Value":56862 }, { "Slot":"Slot04_Size2", "Item":"Int_CargoRack_Size2_Class1", "On":true, "Priority":1, "Health":1.000000, "Value":3250 }, { "Slot":"Slot05_Size2", "Item":"Int_FuelScoop_Size2_Class4", "On":true, "Priority":0, "Health":1.000000, "Value":71211 }, { "Slot":"Slot06_Size2", "Item":"Int_StellarBodyDiscoveryScanner_Intermediate", "On":true, "Priority":1, "Health":1.000000, "Value":505000 }, { "Slot":"PlanetaryApproachSuite", "Item":"Int_PlanetApproachSuite", "On":true, "Priority":1, "Health":1.000000, "Value":500 }, { "Slot":"ShipCockpit", "Item":"CobraMkIII_Cockpit", "On":true, "Priority":1, "Health":1.000000, "Value":0 }, { "Slot":"CargoHatch", "Item":"ModularCargoBayDoor", "On":true, "Priority":2, "Health":1.000000, "Value":0 } ] }
{ "timestamp":"2017-10-15T03:10:49Z", "event":"Materials", "Raw":[ { "Name":"carbon", "Count":3 }, { "Name":"iron", "Count":3 } ], "Manufactured":[ { "Name":"mechanicalscrap", "Count":8 }, { "Name":"gridresistors", "Count":3 }, { "Name":"conductivecomponents", "Count":1 }, { "Name":"heatdispersionplate", "Count":6 }, { "Name":"salvagedalloys", "Count":6 }, { "Name":"hybridcapacitors", "Count":6 }, { "Name":"heatconductionwiring", "Count":3 } ], "Encoded":[ { "Name":"shieldsoakanalysis", "Count":3 }, { "Name":"disruptedwakeechoes", "Count":5 }, { "Name":"shieldcyclerecordings", "Count":6 }, { "Name":"emissiondata", "Count":3 }, { "Name":"bulkscandata", "Count":9 }, { "Name":"scrambledemissiondata", "Count":7 }, { "Name":"archivedemissiondata", "Count":3 }, { "Name":"shielddensityreports", "Count":6 }, { "Name":"legacyfirmware", "Count":1 } ] }
{ "timestamp":"2017-10-15T03:10:49Z", "event":"LoadGame", "Commander":"Igaguri", "Ship":"CobraMkIII", "ShipID":1, "ShipName":"Kamaboko", "ShipIdent":"IG-C03", "FuelLevel":14.275116, "FuelCapacity":16.000000, "GameMode":"Solo", "Credits":8027047, "Loan":0 }
{ "timestamp":"2017-10-15T03:10:49Z", "event":"Rank", "Combat":1, "Trade":4, "Explore":3, "Empire":0, "Federation":1, "CQC":0 }
{ "timestamp":"2017-10-15T03:10:49Z", "event":"Progress", "Combat":16, "Trade":1, "Explore":97, "Empire":0, "Federation":100, "CQC":0 }
{ "timestamp":"2017-10-15T03:10:57Z", "event":"Location", "Docked":false, "StarSystem":"Wredguia XD-K d8-102", "StarPos":[-303.063,10.750,-323.813], "SystemAllegiance":"", "SystemEconomy":"$economy_None;", "SystemEconomy_Localised":"None", "SystemGovernment":"$government_None;", "SystemGovernment_Localised":"None", "SystemSecurity":"$GAlAXY_MAP_INFO_state_anarchy;", "SystemSecurity_Localised":"Anarchy", "Population":0, "Body":"Wredguia XD-K d8-102", "BodyType":"Star" }
{ "timestamp":"2017-10-15T03:10:57Z", "event":"Music", "MusicTrack":"NoTrack" }
{ "timestamp":"2017-10-15T03:10:57Z", "event":"Music", "MusicTrack":"Exploration" }
{ "timestamp":"2017-10-15T03:16:10Z", "event":"Music", "MusicTrack":"GalaxyMap" }
{ "timestamp":"2017-10-15T03:16:10Z", "event":"Music", "MusicTrack":"Exploration" }
{ "timestamp":"2017-10-15T03:16:19Z", "event":"Music", "MusicTrack":"GalaxyMap" }
{ "timestamp":"2017-10-15T03:17:03Z", "event":"Music", "MusicTrack":"SystemMap" }
{ "timestamp":"2017-10-15T03:17:11Z", "event":"Music", "MusicTrack":"GalaxyMap" }
{ "timestamp":"2017-10-15T03:17:12Z", "event":"Music", "MusicTrack":"Exploration" }
{ "timestamp":"2017-10-15T03:17:15Z", "event":"Music", "MusicTrack":"GalaxyMap" }
{ "timestamp":"2017-10-15T03:17:45Z", "event":"Music", "MusicTrack":"Exploration" }
{ "timestamp":"2017-10-15T03:18:03Z", "event":"StartJump", "JumpType":"Hyperspace", "StarSystem":"Wredguia UH-U c16-10", "StarClass":"K" }
{ "timestamp":"2017-10-15T03:18:08Z", "event":"Music", "MusicTrack":"NoTrack" }
{ "timestamp":"2017-10-15T03:18:22Z", "event":"FSDJump", "StarSystem":"Wredguia UH-U c16-10", "StarPos":[-297.969,10.406,-310.000], "SystemAllegiance":"", "SystemEconomy":"$economy_None;", "SystemEconomy_Localised":"None", "SystemGovernment":"$government_None;", "SystemGovernment_Localised":"None", "SystemSecurity":"$GAlAXY_MAP_INFO_state_anarchy;", "SystemSecurity_Localised":"Anarchy", "Population":0, "JumpDist":14.726, "FuelUsed":1.880516, "FuelLevel":12.394600 }
{ "timestamp":"2017-10-15T03:18:22Z", "event":"Music", "MusicTrack":"Supercruise" }
{ "timestamp":"2017-10-15T03:18:40Z", "event":"FuelScoop", "Scooped":0.474216, "Total":12.868810 }
{ "timestamp":"2017-10-15T03:18:57Z", "event":"StartJump", "JumpType":"Hyperspace", "StarSystem":"Wredguia YN-S c17-20", "StarClass":"G" }
{ "timestamp":"2017-10-15T03:19:02Z", "event":"Music", "MusicTrack":"NoTrack" }
{ "timestamp":"2017-10-15T03:19:15Z", "event":"FSDJump", "StarSystem":"Wredguia YN-S c17-20", "StarPos":[-287.969,8.563,-299.250], "SystemAllegiance":"", "SystemEconomy":"$economy_None;", "SystemEconomy_Localised":"None", "SystemGovernment":"$government_None;", "SystemGovernment_Localised":"None", "SystemSecurity":"$GAlAXY_MAP_INFO_state_anarchy;", "SystemSecurity_Localised":"Anarchy", "Population":0, "JumpDist":14.797, "FuelUsed":1.880363, "FuelLevel":10.988447 }
{ "timestamp":"2017-10-15T03:19:15Z", "event":"Music", "MusicTrack":"Supercruise" }
{ "timestamp":"2017-10-15T03:20:57Z", "event":"FuelScoop", "Scooped":5.000299, "Total":15.988727 }
{ "timestamp":"2017-10-15T03:20:57Z", "event":"FuelScoop", "Scooped":0.011275, "Total":16.000000 }
{ "timestamp":"2017-10-15T03:21:52Z", "event":"Music", "MusicTrack":"GalaxyMap" }
{ "timestamp":"2017-10-15T03:21:56Z", "event":"Music", "MusicTrack":"Supercruise" }
{ "timestamp":"2017-10-15T03:22:15Z", "event":"StartJump", "JumpType":"Hyperspace", "StarSystem":"Wredguia VG-L b35-1", "StarClass":"M" }
{ "timestamp":"2017-10-15T03:22:21Z", "event":"Music", "MusicTrack":"NoTrack" }
{ "timestamp":"2017-10-15T03:22:34Z", "event":"FSDJump", "StarSystem":"Wredguia VG-L b35-1", "StarPos":[-283.500,5.156,-300.250], "SystemAllegiance":"", "SystemEconomy":"$economy_None;", "SystemEconomy_Localised":"None", "SystemGovernment":"$government_None;", "SystemGovernment_Localised":"None", "SystemSecurity":"$GAlAXY_MAP_INFO_state_anarchy;", "SystemSecurity_Localised":"Anarchy", "Population":0, "JumpDist":5.707, "FuelUsed":0.214643, "FuelLevel":15.295358 }
{ "timestamp":"2017-10-15T03:22:34Z", "event":"Music", "MusicTrack":"Supercruise" }
{ "timestamp":"2017-10-15T03:22:47Z", "event":"FuelScoop", "Scooped":0.165683, "Total":15.461052 }
{ "timestamp":"2017-10-15T03:23:00Z", "event":"StartJump", "JumpType":"Hyperspace", "StarSystem":"Wredguia VG-L b35-2", "StarClass":"M" }
{ "timestamp":"2017-10-15T03:23:05Z", "event":"Music", "MusicTrack":"NoTrack" }
{ "timestamp":"2017-10-15T03:23:19Z", "event":"FSDJump", "StarSystem":"Wredguia VG-L b35-2", "StarPos":[-272.188,5.781,-298.031], "SystemAllegiance":"", "SystemEconomy":"$economy_None;", "SystemEconomy_Localised":"None", "SystemGovernment":"$government_None;", "SystemGovernment_Localised":"None", "SystemSecurity":"$GAlAXY_MAP_INFO_state_anarchy;", "SystemSecurity_Localised":"Anarchy", "Population":0, "JumpDist":11.545, "FuelUsed":1.084233, "FuelLevel":14.376819 }
{ "timestamp":"2017-10-15T03:23:19Z", "event":"Music", "MusicTrack":"Supercruise" }
{ "timestamp":"2017-10-15T03:23:44Z", "event":"StartJump", "JumpType":"Hyperspace", "StarSystem":"Wredguia VG-L b35-3", "StarClass":"TTS" }
{ "timestamp":"2017-10-15T03:23:50Z", "event":"Music", "MusicTrack":"NoTrack" }
{ "timestamp":"2017-10-15T03:24:03Z", "event":"FSDJump", "StarSystem":"Wredguia VG-L b35-3", "StarPos":[-271.594,1.031,-293.594], "SystemAllegiance":"", "SystemEconomy":"$economy_None;", "SystemEconomy_Localised":"None", "SystemGovernment":"$government_None;", "SystemGovernment_Localised":"None", "SystemSecurity":"$GAlAXY_MAP_INFO_state_anarchy;", "SystemSecurity_Localised":"Anarchy", "Population":0, "JumpDist":6.527, "FuelUsed":0.289695, "FuelLevel":14.087123 }
{ "timestamp":"2017-10-15T03:24:03Z", "event":"Music", "MusicTrack":"Supercruise" }
{ "timestamp":"2017-10-15T03:24:39Z", "event":"StartJump", "JumpType":"Hyperspace", "StarSystem":"Wredguia VG-L b35-0", "StarClass":"M" }
{ "timestamp":"2017-10-15T03:24:44Z", "event":"Music", "MusicTrack":"NoTrack" }
{ "timestamp":"2017-10-15T03:24:58Z", "event":"FSDJump", "StarSystem":"Wredguia VG-L b35-0", "StarPos":[-268.469,-4.406,-289.594], "SystemAllegiance":"", "SystemEconomy":"$economy_None;", "SystemEconomy_Localised":"None", "SystemGovernment":"$government_None;", "SystemGovernment_Localised":"None", "SystemSecurity":"$GAlAXY_MAP_INFO_state_anarchy;", "SystemSecurity_Localised":"Anarchy", "Population":0, "JumpDist":7.439, "FuelUsed":0.390364, "FuelLevel":13.696759 }
{ "timestamp":"2017-10-15T03:24:58Z", "event":"Music", "MusicTrack":"Supercruise" }
{ "timestamp":"2017-10-15T03:25:11Z", "event":"FuelScoop", "Scooped":0.153167, "Total":13.849927 }
{ "timestamp":"2017-10-15T03:25:25Z", "event":"StartJump", "JumpType":"Hyperspace", "StarSystem":"Wredguia AN-J b36-0", "StarClass":"M" }
{ "timestamp":"2017-10-15T03:25:30Z", "event":"Music", "MusicTrack":"NoTrack" }
{ "timestamp":"2017-10-15T03:25:44Z", "event":"FSDJump", "StarSystem":"Wredguia AN-J b36-0", "StarPos":[-259.406,0.875,-283.906], "SystemAllegiance":"", "SystemEconomy":"$economy_None;", "SystemEconomy_Localised":"None", "SystemGovernment":"$government_None;", "SystemGovernment_Localised":"None", "SystemSecurity":"$GAlAXY_MAP_INFO_state_anarchy;", "SystemSecurity_Localised":"Anarchy", "Population":0, "JumpDist":11.932, "FuelUsed":1.155085, "FuelLevel":12.694842 }
{ "timestamp":"2017-10-15T03:25:44Z", "event":"Music", "MusicTrack":"Supercruise" }
{ "timestamp":"2017-10-15T03:26:02Z", "event":"FuelScoop", "Scooped":0.506966, "Total":13.201802 }
{ "timestamp":"2017-10-15T03:26:20Z", "event":"StartJump", "JumpType":"Hyperspace", "StarSystem":"Wredguia AN-J b36-1", "StarClass":"K" }
{ "timestamp":"2017-10-15T03:26:25Z", "event":"Music", "MusicTrack":"NoTrack" }
{ "timestamp":"2017-10-15T03:26:38Z", "event":"FSDJump", "StarSystem":"Wredguia AN-J b36-1", "StarPos":[-255.250,3.188,-281.688], "SystemAllegiance":"", "SystemEconomy":"$economy_None;", "SystemEconomy_Localised":"None", "SystemGovernment":"$government_None;", "SystemGovernment_Localised":"None", "SystemSecurity":"$GAlAXY_MAP_INFO_state_anarchy;", "SystemSecurity_Localised":"Anarchy", "Population":0, "JumpDist":5.248, "FuelUsed":0.173771, "FuelLevel":13.028031 }
{ "timestamp":"2017-10-15T03:26:38Z", "event":"Music", "MusicTrack":"Supercruise" }
{ "timestamp":"2017-10-15T03:28:10Z", "event":"FuelScoop", "Scooped":2.971998, "Total":16.000000 }
{ "timestamp":"2017-10-15T03:28:49Z", "event":"StartJump", "JumpType":"Hyperspace", "StarSystem":"Col 285 Sector UP-V b3-2", "StarClass":"M" }
{ "timestamp":"2017-10-15T03:28:54Z", "event":"Music", "MusicTrack":"NoTrack" }
{ "timestamp":"2017-10-15T03:29:08Z", "event":"FSDJump", "StarSystem":"Col 285 Sector UP-V b3-2", "StarPos":[-252.781,5.219,-268.844], "SystemAllegiance":"", "SystemEconomy":"$economy_None;", "SystemEconomy_Localised":"None", "SystemGovernment":"$government_None;", "SystemGovernment_Localised":"None", "SystemSecurity":"$GAlAXY_MAP_INFO_state_anarchy;", "SystemSecurity_Localised":"Anarchy", "Population":0, "JumpDist":13.236, "FuelUsed":1.491490, "FuelLevel":14.508510 }
{ "timestamp":"2017-10-15T03:29:08Z", "event":"Music", "MusicTrack":"Supercruise" }
{ "timestamp":"2017-10-15T03:29:23Z", "event":"FuelScoop", "Scooped":0.131692, "Total":14.640206 }
{ "timestamp":"2017-10-15T03:29:39Z", "event":"StartJump", "JumpType":"Hyperspace", "StarSystem":"Col 285 Sector YV-T b4-4", "StarClass":"M" }
{ "timestamp":"2017-10-15T03:29:44Z", "event":"Music", "MusicTrack":"NoTrack" }
{ "timestamp":"2017-10-15T03:29:58Z", "event":"FSDJump", "StarSystem":"Col 285 Sector YV-T b4-4", "StarPos":[-249.594,0.750,-259.875], "SystemAllegiance":"", "SystemEconomy":"$economy_None;", "SystemEconomy_Localised":"None", "SystemGovernment":"$government_None;", "SystemGovernment_Localised":"None", "SystemSecurity":"$GAlAXY_MAP_INFO_state_anarchy;", "SystemSecurity_Localised":"Anarchy", "Population":0, "JumpDist":10.515, "FuelUsed":0.869139, "FuelLevel":13.771067 }
{ "timestamp":"2017-10-15T03:29:58Z", "event":"Music", "MusicTrack":"Supercruise" }
{ "timestamp":"2017-10-15T03:30:08Z", "event":"Music", "MusicTrack":"GalaxyMap" }
{ "timestamp":"2017-10-15T03:30:11Z", "event":"FuelScoop", "Scooped":0.204738, "Total":13.975802 }
{ "timestamp":"2017-10-15T03:30:15Z", "event":"Music", "MusicTrack":"Supercruise" }
{ "timestamp":"2017-10-15T03:30:33Z", "event":"StartJump", "JumpType":"Hyperspace", "StarSystem":"Col 285 Sector YV-T b4-1", "StarClass":"M" }
{ "timestamp":"2017-10-15T03:30:39Z", "event":"Music", "MusicTrack":"NoTrack" }
{ "timestamp":"2017-10-15T03:30:52Z", "event":"FSDJump", "StarSystem":"Col 285 Sector YV-T b4-1", "StarPos":[-248.250,3.719,-252.406], "SystemAllegiance":"", "SystemEconomy":"$economy_None;", "SystemEconomy_Localised":"None", "SystemGovernment":"$government_None;", "SystemGovernment_Localised":"None", "SystemSecurity":"$GAlAXY_MAP_INFO_state_anarchy;", "SystemSecurity_Localised":"Anarchy", "Population":0, "JumpDist":8.149, "FuelUsed":0.480961, "FuelLevel":13.494842 }
{ "timestamp":"2017-10-15T03:30:52Z", "event":"Music", "MusicTrack":"Supercruise" }
{ "timestamp":"2017-10-15T03:31:04Z", "event":"FuelScoop", "Scooped":0.102198, "Total":13.597032 }
{ "timestamp":"2017-10-15T03:31:26Z", "event":"StartJump", "JumpType":"Hyperspace", "StarSystem":"Col 285 Sector BB-W c2-8", "StarClass":"K" }
{ "timestamp":"2017-10-15T03:31:32Z", "event":"Music", "MusicTrack":"NoTrack" }
{ "timestamp":"2017-10-15T03:31:45Z", "event":"FSDJump", "StarSystem":"Col 285 Sector BB-W c2-8", "StarPos":[-248.000,0.375,-249.031], "SystemAllegiance":"", "SystemEconomy":"$economy_None;", "SystemEconomy_Localised":"None", "SystemGovernment":"$government_None;", "SystemGovernment_Localised":"None", "SystemSecurity":"$GAlAXY_MAP_INFO_state_anarchy;", "SystemSecurity_Localised":"Anarchy", "Population":0, "JumpDist":4.757, "FuelUsed":0.139098, "FuelLevel":13.457933 }
{ "timestamp":"2017-10-15T03:31:45Z", "event":"Music", "MusicTrack":"Supercruise" }
{ "timestamp":"2017-10-15T03:32:05Z", "event":"FuelScoop", "Scooped":0.486196, "Total":13.944139 }
{ "timestamp":"2017-10-15T03:32:24Z", "event":"StartJump", "JumpType":"Hyperspace", "StarSystem":"Col 285 Sector BB-W c2-7", "StarClass":"TTS" }
{ "timestamp":"2017-10-15T03:32:29Z", "event":"Music", "MusicTrack":"NoTrack" }
{ "timestamp":"2017-10-15T03:32:42Z", "event":"FSDJump", "StarSystem":"Col 285 Sector BB-W c2-7", "StarPos":[-247.656,-2.281,-244.813], "SystemAllegiance":"", "SystemEconomy":"$economy_None;", "SystemEconomy_Localised":"None", "SystemGovernment":"$government_None;", "SystemGovernment_Localised":"None", "SystemSecurity":"$GAlAXY_MAP_INFO_state_anarchy;", "SystemSecurity_Localised":"Anarchy", "Population":0, "JumpDist":4.997, "FuelUsed":0.156155, "FuelLevel":13.787984 }
{ "timestamp":"2017-10-15T03:32:43Z", "event":"Music", "MusicTrack":"Supercruise" }
{ "timestamp":"2017-10-15T03:33:17Z", "event":"StartJump", "JumpType":"Hyperspace", "StarSystem":"Col 285 Sector CC-S b5-6", "StarClass":"M" }
{ "timestamp":"2017-10-15T03:33:23Z", "event":"Music", "MusicTrack":"NoTrack" }
{ "timestamp":"2017-10-15T03:33:36Z", "event":"FSDJump", "StarSystem":"Col 285 Sector CC-S b5-6", "StarPos":[-248.906,-3.594,-243.156], "SystemAllegiance":"", "SystemEconomy":"$economy_None;", "SystemEconomy_Localised":"None", "SystemGovernment":"$government_None;", "SystemGovernment_Localised":"None", "SystemSecurity":"$GAlAXY_MAP_INFO_state_anarchy;", "SystemSecurity_Localised":"Anarchy", "Population":0, "JumpDist":2.455, "FuelUsed":0.030426, "FuelLevel":13.757558 }
{ "timestamp":"2017-10-15T03:33:36Z", "event":"Music", "MusicTrack":"Supercruise" }
{ "timestamp":"2017-10-15T03:33:54Z", "event":"FuelScoop", "Scooped":0.495046, "Total":14.252598 }
{ "timestamp":"2017-10-15T03:33:57Z", "event":"Music", "MusicTrack":"SystemMap" }
{ "timestamp":"2017-10-15T03:33:58Z", "event":"Music", "MusicTrack":"Supercruise" }
{ "timestamp":"2017-10-15T03:34:10Z", "event":"StartJump", "JumpType":"Hyperspace", "StarSystem":"Col 285 Sector EX-R b5-4", "StarClass":"M" }
{ "timestamp":"2017-10-15T03:34:15Z", "event":"Music", "MusicTrack":"NoTrack" }
{ "timestamp":"2017-10-15T03:34:28Z", "event":"FSDJump", "StarSystem":"Col 285 Sector EX-R b5-4", "StarPos":[-249.938,-7.500,-239.625], "SystemAllegiance":"", "SystemEconomy":"$economy_None;", "SystemEconomy_Localised":"None", "SystemGovernment":"$government_None;", "SystemGovernment_Localised":"None", "SystemSecurity":"$GAlAXY_MAP_INFO_state_anarchy;", "SystemSecurity_Localised":"Anarchy", "Population":0, "JumpDist":5.366, "FuelUsed":0.184397, "FuelLevel":14.068201 }
{ "timestamp":"2017-10-15T03:34:28Z", "event":"Music", "MusicTrack":"Supercruise" }
{ "timestamp":"2017-10-15T03:34:42Z", "event":"FuelScoop", "Scooped":0.090994, "Total":14.159183 }
{ "timestamp":"2017-10-15T03:34:45Z", "event":"Music", "MusicTrack":"GalaxyMap" }
{ "timestamp":"2017-10-15T03:34:47Z", "event":"Music", "MusicTrack":"Supercruise" }
{ "timestamp":"2017-10-15T03:34:56Z", "event":"StartJump", "JumpType":"Hyperspace", "StarSystem":"HIP 10141", "StarClass":"F" }
{ "timestamp":"2017-10-15T03:35:02Z", "event":"Music", "MusicTrack":"NoTrack" }
{ "timestamp":"2017-10-15T03:35:15Z", "event":"FSDJump", "StarSystem":"HIP 10141", "StarPos":[-245.281,-6.031,-228.938], "SystemAllegiance":"", "SystemEconomy":"$economy_None;", "SystemEconomy_Localised":"None", "SystemGovernment":"$government_None;", "SystemGovernment_Localised":"None", "SystemSecurity":"$GAlAXY_MAP_INFO_state_anarchy;", "SystemSecurity_Localised":"Anarchy", "Population":0, "JumpDist":11.750, "FuelUsed":1.117736, "FuelLevel":13.041447 }
{ "timestamp":"2017-10-15T03:35:15Z", "event":"Music", "MusicTrack":"Supercruise" }
{ "timestamp":"2017-10-15T03:36:21Z", "event":"FuelScoop", "Scooped":2.958539, "Total":16.000000 }
{ "timestamp":"2017-10-15T03:37:14Z", "event":"StartJump", "JumpType":"Hyperspace", "StarSystem":"Col 285 Sector BG-X d1-31", "StarClass":"K" }
{ "timestamp":"2017-10-15T03:37:19Z", "event":"Music", "MusicTrack":"NoTrack" }
{ "timestamp":"2017-10-15T03:37:32Z", "event":"FSDJump", "StarSystem":"Col 285 Sector BG-X d1-31", "StarPos":[-239.688,-8.469,-221.969], "SystemAllegiance":"", "SystemEconomy":"$economy_None;", "SystemEconomy_Localised":"None", "SystemGovernment":"$government_None;", "SystemGovernment_Localised":"None", "SystemSecurity":"$GAlAXY_MAP_INFO_state_anarchy;", "SystemSecurity_Localised":"Anarchy", "Population":0, "JumpDist":9.263, "FuelUsed":0.656295, "FuelLevel":15.343705 }
{ "timestamp":"2017-10-15T03:37:32Z", "event":"Music", "MusicTrack":"Supercruise" }
{ "timestamp":"2017-10-15T03:37:43Z", "event":"FuelScoop", "Scooped":0.018670, "Total":15.362377 }
{ "timestamp":"2017-10-15T03:37:51Z", "event":"Music", "MusicTrack":"GalaxyMap" }
{ "timestamp":"2017-10-15T03:37:59Z", "event":"Music", "MusicTrack":"Supercruise" }
{ "timestamp":"2017-10-15T03:38:16Z", "event":"StartJump", "JumpType":"Hyperspace", "StarSystem":"Col 285 Sector HI-Q b6-3", "StarClass":"M" }
{ "timestamp":"2017-10-15T03:38:21Z", "event":"Music", "MusicTrack":"NoTrack" }
{ "timestamp":"2017-10-15T03:38:34Z", "event":"FSDJump", "StarSystem":"Col 285 Sector HI-Q b6-3", "StarPos":[-233.281,-4.594,-214.125], "SystemAllegiance":"", "SystemEconomy":"$economy_None;", "SystemEconomy_Localised":"None", "SystemGovernment":"$government_None;", "SystemGovernment_Localised":"None", "SystemSecurity":"$GAlAXY_MAP_INFO_state_anarchy;", "SystemSecurity_Localised":"Anarchy", "Population":0, "JumpDist":10.843, "FuelUsed":0.938110, "FuelLevel":14.424267 }
{ "timestamp":"2017-10-15T03:38:34Z", "event":"Music", "MusicTrack":"Supercruise" }
{ "timestamp":"2017-10-15T03:38:49Z", "event":"FuelScoop", "Scooped":0.255034, "Total":14.679297 }
{ "timestamp":"2017-10-15T03:39:05Z", "event":"StartJump", "JumpType":"Hyperspace", "StarSystem":"Col 285 Sector HI-Q b6-2", "StarClass":"M" }
{ "timestamp":"2017-10-15T03:39:10Z", "event":"Music", "MusicTrack":"NoTrack" }
{ "timestamp":"2017-10-15T03:39:23Z", "event":"FSDJump", "StarSystem":"Col 285 Sector HI-Q b6-2", "StarPos":[-227.875,0.156,-214.156], "SystemAllegiance":"", "SystemEconomy":"$economy_None;", "SystemEconomy_Localised":"None", "SystemGovernment":"$government_None;", "SystemGovernment_Localised":"None", "SystemSecurity":"$GAlAXY_MAP_INFO_state_anarchy;", "SystemSecurity_Localised":"Anarchy", "Population":0, "JumpDist":7.197, "FuelUsed":0.363443, "FuelLevel":14.315855 }
{ "timestamp":"2017-10-15T03:39:24Z", "event":"Music", "MusicTrack":"Supercruise" }
{ "timestamp":"2017-10-15T03:39:35Z", "event":"FuelScoop", "Scooped":0.044049, "Total":14.359902 }
{ "timestamp":"2017-10-15T03:39:54Z", "event":"StartJump", "JumpType":"Hyperspace", "StarSystem":"Col 285 Sector II-Q b6-1", "StarClass":"M" }
{ "timestamp":"2017-10-15T03:39:59Z", "event":"Music", "MusicTrack":"NoTrack" }
{ "timestamp":"2017-10-15T03:40:12Z", "event":"FSDJump", "StarSystem":"Col 285 Sector II-Q b6-1", "StarPos":[-219.469,-1.688,-206.313], "SystemAllegiance":"", "SystemEconomy":"$economy_None;", "SystemEconomy_Localised":"None", "SystemGovernment":"$government_None;", "SystemGovernment_Localised":"None", "SystemSecurity":"$GAlAXY_MAP_INFO_state_anarchy;", "SystemSecurity_Localised":"Anarchy", "Population":0, "JumpDist":11.644, "FuelUsed":1.096558, "FuelLevel":13.263345 }
{ "timestamp":"2017-10-15T03:40:12Z", "event":"Music", "MusicTrack":"Supercruise" }
{ "timestamp":"2017-10-15T03:40:27Z", "event":"FuelScoop", "Scooped":0.208126, "Total":13.471469 }
{ "timestamp":"2017-10-15T03:40:45Z", "event":"StartJump", "JumpType":"Hyperspace", "StarSystem":"Col 285 Sector CG-X d1-32", "StarClass":"F" }
{ "timestamp":"2017-10-15T03:40:50Z", "event":"Music", "MusicTrack":"NoTrack" }
{ "timestamp":"2017-10-15T03:41:03Z", "event":"FSDJump", "StarSystem":"Col 285 Sector CG-X d1-32", "StarPos":[-211.438,0.000,-201.844], "SystemAllegiance":"", "SystemEconomy":"$economy_None;", "SystemEconomy_Localised":"None", "SystemGovernment":"$government_None;", "SystemGovernment_Localised":"None", "SystemSecurity":"$GAlAXY_MAP_INFO_state_anarchy;", "SystemSecurity_Localised":"Anarchy", "Population":0, "JumpDist":9.344, "FuelUsed":0.656407, "FuelLevel":12.815063 }
{ "timestamp":"2017-10-15T03:41:03Z", "event":"Music", "MusicTrack":"Supercruise" }
{ "timestamp":"2017-10-15T03:41:24Z", "event":"FuelScoop", "Scooped":0.492407, "Total":13.307455 }
{ "timestamp":"2017-10-15T03:41:26Z", "event":"HeatWarning" }
{ "timestamp":"2017-10-15T03:41:32Z", "event":"StartJump", "JumpType":"Hyperspace", "StarSystem":"Col 285 Sector NO-O b7-1", "StarClass":"M" }
{ "timestamp":"2017-10-15T03:41:37Z", "event":"Music", "MusicTrack":"NoTrack" }
{ "timestamp":"2017-10-15T03:41:50Z", "event":"FSDJump", "StarSystem":"Col 285 Sector NO-O b7-1", "StarPos":[-202.563,-1.688,-202.625], "SystemAllegiance":"", "SystemEconomy":"$economy_None;", "SystemEconomy_Localised":"None", "SystemGovernment":"$government_None;", "SystemGovernment_Localised":"None", "SystemSecurity":"$GAlAXY_MAP_INFO_state_anarchy;", "SystemSecurity_Localised":"Anarchy", "Population":0, "JumpDist":9.068, "FuelUsed":0.610579, "FuelLevel":12.696877 }
{ "timestamp":"2017-10-15T03:41:51Z", "event":"Music", "MusicTrack":"Supercruise" }
{ "timestamp":"2017-10-15T03:42:04Z", "event":"FuelScoop", "Scooped":0.122904, "Total":12.819778 }
{ "timestamp":"2017-10-15T03:42:23Z", "event":"StartJump", "JumpType":"Hyperspace", "StarSystem":"Col 285 Sector NO-O b7-3", "StarClass":"M" }
{ "timestamp":"2017-10-15T03:42:28Z", "event":"Music", "MusicTrack":"NoTrack" }
{ "timestamp":"2017-10-15T03:42:41Z", "event":"FSDJump", "StarSystem":"Col 285 Sector NO-O b7-3", "StarPos":[-198.500,0.781,-199.531], "SystemAllegiance":"", "SystemEconomy":"$economy_None;", "SystemEconomy_Localised":"None", "SystemGovernment":"$government_None;", "SystemGovernment_Localised":"None", "SystemSecurity":"$GAlAXY_MAP_INFO_state_anarchy;", "SystemSecurity_Localised":"Anarchy", "Population":0, "JumpDist":5.672, "FuelUsed":0.207122, "FuelLevel":12.612656 }
{ "timestamp":"2017-10-15T03:42:41Z", "event":"Music", "MusicTrack":"Supercruise" }
{ "timestamp":"2017-10-15T03:42:59Z", "event":"FuelScoop", "Scooped":0.312279, "Total":12.924938 }
{ "timestamp":"2017-10-15T03:43:19Z", "event":"StartJump", "JumpType":"Hyperspace", "StarSystem":"HIP 11706", "StarClass":"F" }
{ "timestamp":"2017-10-15T03:43:25Z", "event":"Music", "MusicTrack":"NoTrack" }
{ "timestamp":"2017-10-15T03:43:38Z", "event":"FSDJump", "StarSystem":"HIP 11706", "StarPos":[-191.344,2.531,-192.438], "SystemAllegiance":"", "SystemEconomy":"$economy_None;", "SystemEconomy_Localised":"None", "SystemGovernment":"$government_None;", "SystemGovernment_Localised":"None", "SystemSecurity":"$GAlAXY_MAP_INFO_state_anarchy;", "SystemSecurity_Localised":"Anarchy", "Population":0, "JumpDist":10.227, "FuelUsed":0.804343, "FuelLevel":12.120596 }
{ "timestamp":"2017-10-15T03:43:38Z", "event":"Music", "MusicTrack":"Supercruise" }
{ "timestamp":"2017-10-15T03:43:58Z", "event":"FuelScoop", "Scooped":0.472185, "Total":12.592785 }
{ "timestamp":"2017-10-15T03:44:23Z", "event":"StartJump", "JumpType":"Hyperspace", "StarSystem":"Col 285 Sector KN-S c4-20", "StarClass":"K" }
{ "timestamp":"2017-10-15T03:44:28Z", "event":"Music", "MusicTrack":"NoTrack" }
{ "timestamp":"2017-10-15T03:44:41Z", "event":"FSDJump", "StarSystem":"Col 285 Sector KN-S c4-20", "StarPos":[-188.250,-4.219,-184.625], "SystemAllegiance":"", "SystemEconomy":"$economy_None;", "SystemEconomy_Localised":"None", "SystemGovernment":"$government_None;", "SystemGovernment_Localised":"None", "SystemSecurity":"$GAlAXY_MAP_INFO_state_anarchy;", "SystemSecurity_Localised":"Anarchy", "Population":0, "JumpDist":10.778, "FuelUsed":0.905124, "FuelLevel":11.687660 }
{ "timestamp":"2017-10-15T03:44:42Z", "event":"Music", "MusicTrack":"Supercruise" }
{ "timestamp":"2017-10-15T03:44:55Z", "event":"FuelScoop", "Scooped":0.101452, "Total":11.789119 }
{ "timestamp":"2017-10-15T03:45:11Z", "event":"StartJump", "JumpType":"Hyperspace", "StarSystem":"HIP 11429", "StarClass":"F" }
{ "timestamp":"2017-10-15T03:45:16Z", "event":"Music", "MusicTrack":"NoTrack" }
{ "timestamp":"2017-10-15T03:45:29Z", "event":"FSDJump", "StarSystem":"HIP 11429", "StarPos":[-180.469,-5.031,-182.688], "SystemAllegiance":"", "SystemEconomy":"$economy_None;", "SystemEconomy_Localised":"None", "SystemGovernment":"$government_None;", "SystemGovernment_Localised":"None", "SystemSecurity":"$GAlAXY_MAP_INFO_state_anarchy;", "SystemSecurity_Localised":"Anarchy", "Population":0, "JumpDist":8.060, "FuelUsed":0.460942, "FuelLevel":11.328177 }
{ "timestamp":"2017-10-15T03:45:30Z", "event":"Music", "MusicTrack":"Supercruise" }
{ "timestamp":"2017-10-15T03:45:42Z", "event":"FuelScoop", "Scooped":0.094965, "Total":11.423150 }
{ "timestamp":"2017-10-15T03:45:49Z", "event":"Music", "MusicTrack":"SystemMap" }
{ "timestamp":"2017-10-15T03:45:50Z", "event":"Music", "MusicTrack":"Supercruise" }
{ "timestamp":"2017-10-15T03:46:02Z", "event":"StartJump", "JumpType":"Hyperspace", "StarSystem":"Col 285 Sector UP-M b8-1", "StarClass":"M" }
{ "timestamp":"2017-10-15T03:46:07Z", "event":"Music", "MusicTrack":"NoTrack" }
{ "timestamp":"2017-10-15T03:46:20Z", "event":"FSDJump", "StarSystem":"Col 285 Sector UP-M b8-1", "StarPos":[-179.031,-9.469,-174.281], "SystemAllegiance":"", "SystemEconomy":"$economy_None;", "SystemEconomy_Localised":"None", "SystemGovernment":"$government_None;", "SystemGovernment_Localised":"None", "SystemSecurity":"$GAlAXY_MAP_INFO_state_anarchy;", "SystemSecurity_Localised":"Anarchy", "Population":0, "JumpDist":9.614, "FuelUsed":0.689309, "FuelLevel":10.243841 }
{ "timestamp":"2017-10-15T03:46:20Z", "event":"Music", "MusicTrack":"Supercruise" }
{ "timestamp":"2017-10-15T03:46:36Z", "event":"FuelScoop", "Scooped":0.120942, "Total":10.364788 }
{ "timestamp":"2017-10-15T03:46:59Z", "event":"StartJump", "JumpType":"Hyperspace", "StarSystem":"Col 285 Sector LN-S c4-22", "StarClass":"G" }
{ "timestamp":"2017-10-15T03:47:04Z", "event":"Music", "MusicTrack":"NoTrack" }
{ "timestamp":"2017-10-15T03:47:17Z", "event":"FSDJump", "StarSystem":"Col 285 Sector LN-S c4-22", "StarPos":[-175.156,-6.469,-163.250], "SystemAllegiance":"", "SystemEconomy":"$economy_None;", "SystemEconomy_Localised":"None", "SystemGovernment":"$government_None;", "SystemGovernment_Localised":"None", "SystemSecurity":"$GAlAXY_MAP_INFO_state_anarchy;", "SystemSecurity_Localised":"Anarchy", "Population":0, "JumpDist":12.071, "FuelUsed":1.153589, "FuelLevel":9.211199 }
{ "timestamp":"2017-10-15T03:47:17Z", "event":"Music", "MusicTrack":"Supercruise" }
{ "timestamp":"2017-10-15T03:47:37Z", "event":"FuelScoop", "Scooped":0.318600, "Total":9.529799 }
{ "timestamp":"2017-10-15T03:47:55Z", "event":"StartJump", "JumpType":"Hyperspace", "StarSystem":"Col 285 Sector XA-L b9-6", "StarClass":"M" }
{ "timestamp":"2017-10-15T03:48:00Z", "event":"Music", "MusicTrack":"NoTrack" }
{ "timestamp":"2017-10-15T03:48:13Z", "event":"FSDJump", "StarSystem":"Col 285 Sector XA-L b9-6", "StarPos":[-164.563,-4.906,-156.031], "SystemAllegiance":"", "SystemEconomy":"$economy_None;", "SystemEconomy_Localised":"None", "SystemGovernment":"$government_None;", "SystemGovernment_Localised":"None", "SystemSecurity":"$GAlAXY_MAP_INFO_state_anarchy;", "SystemSecurity_Localised":"Anarchy", "Population":0, "JumpDist":12.914, "FuelUsed":1.338494, "FuelLevel":8.191305 }
{ "timestamp":"2017-10-15T03:48:13Z", "event":"Music", "MusicTrack":"Supercruise" }
{ "timestamp":"2017-10-15T03:48:28Z", "event":"FuelScoop", "Scooped":0.190267, "Total":8.381572 }
{ "timestamp":"2017-10-15T03:48:47Z", "event":"StartJump", "JumpType":"Hyperspace", "StarSystem":"HIP 9726", "StarClass":"F" }
{ "timestamp":"2017-10-15T03:48:52Z", "event":"Music", "MusicTrack":"NoTrack" }
{ "timestamp":"2017-10-15T03:49:05Z", "event":"FSDJump", "StarSystem":"HIP 9726", "StarPos":[-158.844,-3.313,-144.469], "SystemAllegiance":"", "SystemEconomy":"$economy_None;", "SystemEconomy_Localised":"None", "SystemGovernment":"$government_None;", "SystemGovernment_Localised":"None", "SystemSecurity":"$GAlAXY_MAP_INFO_state_anarchy;", "SystemSecurity_Localised":"Anarchy", "Population":0, "JumpDist":12.998, "FuelUsed":1.345939, "FuelLevel":7.035633 }
{ "timestamp":"2017-10-15T03:49:05Z", "event":"Music", "MusicTrack":"Supercruise" }
{ "timestamp":"2017-10-15T03:49:23Z", "event":"FuelScoop", "Scooped":0.223150, "Total":7.258782 }
{ "timestamp":"2017-10-15T03:49:47Z", "event":"StartJump", "JumpType":"Hyperspace", "StarSystem":"Col 285 Sector DC-J b10-6", "StarClass":"M" }
{ "timestamp":"2017-10-15T03:49:53Z", "event":"Music", "MusicTrack":"NoTrack" }
{ "timestamp":"2017-10-15T03:50:06Z", "event":"FSDJump", "StarSystem":"Col 285 Sector DC-J b10-6", "StarPos":[-153.063,-5.125,-140.625], "SystemAllegiance":"", "SystemEconomy":"$economy_None;", "SystemEconomy_Localised":"None", "SystemGovernment":"$government_None;", "SystemGovernment_Localised":"None", "SystemSecurity":"$GAlAXY_MAP_INFO_state_anarchy;", "SystemSecurity_Localised":"Anarchy", "Population":0, "JumpDist":7.175, "FuelUsed":0.340113, "FuelLevel":6.918669 }
{ "timestamp":"2017-10-15T03:50:06Z", "event":"Music", "MusicTrack":"Supercruise" }
{ "timestamp":"2017-10-15T03:50:19Z", "event":"FuelScoop", "Scooped":0.115203, "Total":7.033875 }
{ "timestamp":"2017-10-15T03:50:43Z", "event":"StartJump", "JumpType":"Hyperspace", "StarSystem":"Col 285 Sector CH-J b10-0", "StarClass":"M" }
{ "timestamp":"2017-10-15T03:50:49Z", "event":"Music", "MusicTrack":"NoTrack" }
{ "timestamp":"2017-10-15T03:51:02Z", "event":"FSDJump", "StarSystem":"Col 285 Sector CH-J b10-0", "StarPos":[-143.813,-0.375,-140.750], "SystemAllegiance":"", "SystemEconomy":"$economy_None;", "SystemEconomy_Localised":"None", "SystemGovernment":"$government_None;", "SystemGovernment_Localised":"None", "SystemSecurity":"$GAlAXY_MAP_INFO_state_anarchy;", "SystemSecurity_Localised":"Anarchy", "Population":0, "JumpDist":10.399, "FuelUsed":0.797005, "FuelLevel":6.236869 }
{ "timestamp":"2017-10-15T03:51:02Z", "event":"Music", "MusicTrack":"Supercruise" }
{ "timestamp":"2017-10-15T03:51:13Z", "event":"FuelScoop", "Scooped":0.030426, "Total":6.267296 }
{ "timestamp":"2017-10-15T03:51:28Z", "event":"StartJump", "JumpType":"Hyperspace", "StarSystem":"HIP 10677", "StarClass":"G" }
{ "timestamp":"2017-10-15T03:51:33Z", "event":"Music", "MusicTrack":"NoTrack" }
{ "timestamp":"2017-10-15T03:51:46Z", "event":"FSDJump", "StarSystem":"HIP 10677", "StarPos":[-140.188,1.813,-132.500], "SystemAllegiance":"", "SystemEconomy":"$economy_None;", "SystemEconomy_Localised":"None", "SystemGovernment":"$government_None;", "SystemGovernment_Localised":"None", "SystemSecurity":"$GAlAXY_MAP_INFO_state_anarchy;", "SystemSecurity_Localised":"Anarchy", "Population":0, "JumpDist":9.273, "FuelUsed":0.608528, "FuelLevel":5.658768 }
{ "timestamp":"2017-10-15T03:51:46Z", "event":"Music", "MusicTrack":"Supercruise" }
{ "timestamp":"2017-10-15T03:52:11Z", "event":"Music", "MusicTrack":"GalaxyMap" }
{ "timestamp":"2017-10-15T03:52:16Z", "event":"Music", "MusicTrack":"SystemMap" }
{ "timestamp":"2017-10-15T03:52:17Z", "event":"Music", "MusicTrack":"Supercruise" }
{ "timestamp":"2017-10-15T03:52:17Z", "event":"FuelScoop", "Scooped":0.858848, "Total":6.517613 }
{ "timestamp":"2017-10-15T03:52:41Z", "event":"StartJump", "JumpType":"Hyperspace", "StarSystem":"HIP 11505", "StarClass":"G" }
{ "timestamp":"2017-10-15T03:52:47Z", "event":"Music", "MusicTrack":"NoTrack" }
{ "timestamp":"2017-10-15T03:53:00Z", "event":"FSDJump", "StarSystem":"HIP 11505", "StarPos":[-130.594,5.750,-127.406], "SystemAllegiance":"", "SystemEconomy":"$economy_None;", "SystemEconomy_Localised":"None", "SystemGovernment":"$government_None;", "SystemGovernment_Localised":"None", "SystemSecurity":"$GAlAXY_MAP_INFO_state_anarchy;", "SystemSecurity_Localised":"Anarchy", "Population":0, "JumpDist":11.554, "FuelUsed":1.011217, "FuelLevel":5.506396 }
{ "timestamp":"2017-10-15T03:53:00Z", "event":"Music", "MusicTrack":"Supercruise" }
{ "timestamp":"2017-10-15T03:53:20Z", "event":"FuelScoop", "Scooped":0.372899, "Total":5.879295 }
{ "timestamp":"2017-10-15T03:53:29Z", "event":"StartJump", "JumpType":"Hyperspace", "StarSystem":"Hyades Sector NU-N b7-3", "StarClass":"TTS" }
{ "timestamp":"2017-10-15T03:53:34Z", "event":"Music", "MusicTrack":"NoTrack" }
{ "timestamp":"2017-10-15T03:53:47Z", "event":"FSDJump", "StarSystem":"Hyades Sector NU-N b7-3", "StarPos":[-121.969,3.375,-116.531], "SystemAllegiance":"", "SystemEconomy":"$economy_None;", "SystemEconomy_Localised":"None", "SystemGovernment":"$government_None;", "SystemGovernment_Localised":"None", "SystemSecurity":"$GAlAXY_MAP_INFO_state_anarchy;", "SystemSecurity_Localised":"Anarchy", "Population":0, "JumpDist":14.082, "FuelUsed":1.583861, "FuelLevel":4.295434 }
{ "timestamp":"2017-10-15T03:53:48Z", "event":"Music", "MusicTrack":"Supercruise" }
{ "timestamp":"2017-10-15T03:54:20Z", "event":"StartJump", "JumpType":"Hyperspace", "StarSystem":"Hyades Sector NU-N b7-4", "StarClass":"M" }
{ "timestamp":"2017-10-15T03:54:25Z", "event":"Music", "MusicTrack":"NoTrack" }
{ "timestamp":"2017-10-15T03:54:38Z", "event":"FSDJump", "StarSystem":"Hyades Sector NU-N b7-4", "StarPos":[-117.156,0.469,-108.875], "SystemAllegiance":"Independent", "SystemEconomy":"$economy_Military;", "SystemEconomy_Localised":"Military", "SystemGovernment":"$government_Corporate;", "SystemGovernment_Localised":"Corporate", "SystemSecurity":"$SYSTEM_SECURITY_low;", "SystemSecurity_Localised":"Low Security", "Population":279222, "JumpDist":9.499, "FuelUsed":0.632883, "FuelLevel":3.662551, "Factions":[ { "Name":"HIP 12067 Values Party", "FactionState":"Retreat", "Government":"Democracy", "Influence":0.264735, "Allegiance":"Federation" }, { "Name":"bhodumba Purple Syndicate", "FactionState":"None", "Government":"Anarchy", "Influence":0.082917, "Allegiance":"Independent", "PendingStates":[ { "State":"Boom", "Trend":0 } ], "RecoveringStates":[ { "State":"Expansion", "Trend":0 } ] }, { "Name":"Pilots Federation Local Branch", "FactionState":"None", "Government":"Democracy", "Influence":0.000000, "Allegiance":"PilotsFederation" }, { "Name":"HIP 12067 League", "FactionState":"Boom", "Government":"Dictatorship", "Influence":0.064935, "Allegiance":"Independent" }, { "Name":"HIP 12067 Purple Allied Ind", "FactionState":"None", "Government":"Corporate", "Influence":0.281718, "Allegiance":"Independent", "PendingStates":[ { "State":"Boom", "Trend":0 } ], "RecoveringStates":[ { "State":"Famine", "Trend":0 } ] }, { "Name":"HIP 12067 Blue Hand Gang", "FactionState":"CivilWar", "Government":"Anarchy", "Influence":0.064935, "Allegiance":"Independent" }, { "Name":"Movement for HIP 7670 Unionists", "FactionState":"Famine", "Government":"Communism", "Influence":0.171828, "Allegiance":"Independent", "PendingStates":[ { "State":"Boom", "Trend":0 } ] }, { "Name":"Autocracy of HIP 12067", "FactionState":"CivilWar", "Government":"Dictatorship", "Influence":0.068931, "Allegiance":"Independent", "PendingStates":[ { "State":"Boom", "Trend":0 } ] } ], "SystemFaction":"HIP 12067 Purple Allied Ind" }
{ "timestamp":"2017-10-15T03:54:38Z", "event":"Music", "MusicTrack":"Supercruise" }
{ "timestamp":"2017-10-15T03:54:52Z", "event":"FuelScoop", "Scooped":0.082787, "Total":3.745339 }
{ "timestamp":"2017-10-15T03:54:56Z", "event":"Music", "MusicTrack":"GalaxyMap" }
{ "timestamp":"2017-10-15T03:54:57Z", "event":"Music", "MusicTrack":"Supercruise" }
{ "timestamp":"2017-10-15T03:55:09Z", "event":"StartJump", "JumpType":"Hyperspace", "StarSystem":"HIP 12067", "StarClass":"G" }
{ "timestamp":"2017-10-15T03:55:14Z", "event":"Music", "MusicTrack":"NoTrack" }
{ "timestamp":"2017-10-15T03:55:28Z", "event":"FSDJump", "StarSystem":"HIP 12067", "StarPos":[-107.281,2.969,-109.250], "SystemAllegiance":"Federation", "SystemEconomy":"$economy_Industrial;", "SystemEconomy_Localised":"Industrial", "SystemGovernment":"$government_Democracy;", "SystemGovernment_Localised":"Democracy", "SystemSecurity":"$SYSTEM_SECURITY_medium;", "SystemSecurity_Localised":"Medium Security", "Population":8623369, "JumpDist":10.193, "FuelUsed":0.741080, "FuelLevel":3.004259, "Factions":[ { "Name":"HIP 12067 Values Party", "FactionState":"Retreat", "Government":"Democracy", "Influence":0.455455, "Allegiance":"Federation" }, { "Name":"Pilots Federation Local Branch", "FactionState":"None", "Government":"Democracy", "Influence":0.000000, "Allegiance":"PilotsFederation" }, { "Name":"Moriongo allied", "FactionState":"None", "Government":"Cooperative", "Influence":0.169169, "Allegiance":"Independent", "PendingStates":[ { "State":"Boom", "Trend":0 } ], "RecoveringStates":[ { "State":"War", "Trend":0 } ] }, { "Name":"HIP 12067 League", "FactionState":"Boom", "Government":"Dictatorship", "Influence":0.249249, "Allegiance":"Independent" }, { "Name":"HIP 12067 Purple Allied Ind", "FactionState":"None", "Government":"Corporate", "Influence":0.062062, "Allegiance":"Independent", "PendingStates":[ { "State":"Boom", "Trend":0 } ], "RecoveringStates":[ { "State":"Famine", "Trend":0 }, { "State":"War", "Trend":0 } ] }, { "Name":"HIP 12067 Blue Hand Gang", "FactionState":"None", "Government":"Anarchy", "Influence":0.021021, "Allegiance":"Independent" }, { "Name":"Autocracy of HIP 12067", "FactionState":"None", "Government":"Dictatorship", "Influence":0.043043, "Allegiance":"Independent", "PendingStates":[ { "State":"Boom", "Trend":0 } ] } ], "SystemFaction":"HIP 12067 Values Party", "FactionState":"Retreat" }
{ "timestamp":"2017-10-15T03:55:28Z", "event":"Music", "MusicTrack":"Supercruise" }
{ "timestamp":"2017-10-15T03:55:40Z", "event":"FuelScoop", "Scooped":0.104803, "Total":3.109062 }
{ "timestamp":"2017-10-15T03:56:01Z", "event":"StartJump", "JumpType":"Hyperspace", "StarSystem":"Chuanabosso", "StarClass":"M" }
{ "timestamp":"2017-10-15T03:56:07Z", "event":"Music", "MusicTrack":"NoTrack" }
{ "timestamp":"2017-10-15T03:56:20Z", "event":"FSDJump", "StarSystem":"Chuanabosso", "StarPos":[-100.969,-0.781,-99.344], "SystemAllegiance":"Independent", "SystemEconomy":"$economy_HighTech;", "SystemEconomy_Localised":"High Tech", "SystemGovernment":"$government_Corporate;", "SystemGovernment_Localised":"Corporate", "SystemSecurity":"$SYSTEM_SECURITY_medium;", "SystemSecurity_Localised":"Medium Security", "Population":6011203, "JumpDist":12.331, "FuelUsed":1.142108, "FuelLevel":1.966954, "Factions":[ { "Name":"HIP 12067 Values Party", "FactionState":"Retreat", "Government":"Democracy", "Influence":0.043043, "Allegiance":"Federation" }, { "Name":"Chuanabosso Purple Fortune Group", "FactionState":"Boom", "Government":"Corporate", "Influence":0.020020, "Allegiance":"Independent" }, { "Name":"Pilots Federation Local Branch", "FactionState":"None", "Government":"Democracy", "Influence":0.000000, "Allegiance":"PilotsFederation" }, { "Name":"Chuanabosso Order", "FactionState":"Boom", "Government":"Dictatorship", "Influence":0.039039, "Allegiance":"Independent", "PendingStates":[ { "State":"Outbreak", "Trend":0 } ] }, { "Name":"Hyel Yeh Partners", "FactionState":"None", "Government":"Corporate", "Influence":0.718719, "Allegiance":"Independent", "RecoveringStates":[ { "State":"Boom", "Trend":1 } ] }, { "Name":"Chuanabosso Labour", "FactionState":"Boom", "Government":"Democracy", "Influence":0.037037, "Allegiance":"Independent" }, { "Name":"Chuanabosso Nationalists", "FactionState":"Boom", "Government":"Dictatorship", "Influence":0.041041, "Allegiance":"Independent" }, { "Name":"Chuanabosso Blue Brotherhood", "FactionState":"Boom", "Government":"Anarchy", "Influence":0.101101, "Allegiance":"Independent" } ], "SystemFaction":"Hyel Yeh Partners" }
{ "timestamp":"2017-10-15T03:56:20Z", "event":"Music", "MusicTrack":"DestinationFromHyperspace" }
{ "timestamp":"2017-10-15T03:56:25Z", "event":"Music", "MusicTrack":"Supercruise" }
{ "timestamp":"2017-10-15T03:56:27Z", "event":"FuelScoop", "Scooped":0.012268, "Total":1.979223 }
{ "timestamp":"2017-10-15T03:57:56Z", "event":"ApproachSettlement", "Name":"Crichton Landing" }
{ "timestamp":"2017-10-15T03:57:57Z", "event":"ApproachSettlement", "Name":"Baudin Installation ++" }
{ "timestamp":"2017-10-15T03:57:57Z", "event":"ApproachSettlement", "Name":"Saberhagen Landing" }
{ "timestamp":"2017-10-15T03:58:16Z", "event":"SupercruiseExit", "StarSystem":"Chuanabosso", "Body":"Quick Vision", "BodyType":"Station" }
{ "timestamp":"2017-10-15T03:58:16Z", "event":"Music", "MusicTrack":"DestinationFromSupercruise" }
{ "timestamp":"2017-10-15T03:58:21Z", "event":"Music", "MusicTrack":"NoTrack" }
{ "timestamp":"2017-10-15T03:58:23Z", "event":"ReceiveText", "From":"Quick Vision", "Message":"$STATION_NoFireZone_entered;", "Message_Localised":"No fire zone entered.", "Channel":"npc" }
{ "timestamp":"2017-10-15T03:58:30Z", "event":"DockingRequested", "StationName":"Quick Vision" }
{ "timestamp":"2017-10-15T03:58:30Z", "event":"ReceiveText", "From":"Quick Vision", "Message":"$DockingChatter_Neutral;", "Message_Localised":"Ensure to observe starport protocol during your visit, pilot.", "Channel":"npc" }
{ "timestamp":"2017-10-15T03:58:31Z", "event":"ReceiveText", "From":"Quick Vision", "Message":"$STATION_docking_granted;", "Message_Localised":"Docking request granted.", "Channel":"npc" }
{ "timestamp":"2017-10-15T03:58:31Z", "event":"DockingGranted", "LandingPad":44, "StationName":"Quick Vision" }
{ "timestamp":"2017-10-15T03:58:54Z", "event":"Music", "MusicTrack":"Starport" }
{ "timestamp":"2017-10-15T03:59:23Z", "event":"Docked", "StationName":"Quick Vision", "StationType":"Coriolis", "StarSystem":"Chuanabosso", "StationFaction":"Hyel Yeh Partners", "StationGovernment":"$government_Corporate;", "StationGovernment_Localised":"Corporate", "StationServices":[ "Dock", "Autodock", "Commodities", "Contacts", "Exploration", "Missions", "Outfitting", "CrewLounge", "Rearm", "Refuel", "Repair", "Shipyard", "Tuning", "MissionsGenerated", "FlightController", "StationOperations", "Powerplay", "SearchAndRescue" ], "StationEconomy":"$economy_HighTech;", "StationEconomy_Localised":"High Tech", "DistFromStarLS":348.988861 }
{ "timestamp":"2017-10-15T04:00:09Z", "event":"RefuelAll", "Cost":716, "Amount":14.284957 }
{ "timestamp":"2017-10-15T04:01:47Z", "event":"Music", "MusicTrack":"GalaxyMap" }
{ "timestamp":"2017-10-15T04:04:09Z", "event":"Music", "MusicTrack":"SystemMap" }
{ "timestamp":"2017-10-15T04:06:43Z", "event":"ReceiveText", "From":"$npc_name_decorate:#name=Grainne Boyling;", "From_Localised":"Grainne Boyling", "Message":"$Commuter_AuthorityScan06;", "Message_Localised":"What's going on here, officer?", "Channel":"npc" }
{ "timestamp":"2017-10-15T04:15:32Z", "event":"Music", "MusicTrack":"Starport" }
{ "timestamp":"2017-10-15T04:15:38Z", "event":"Music", "MusicTrack":"Exploration" }
