{ "timestamp":"2017-10-16T23:32:16Z", "event":"Fileheader", "part":1, "language":"English\\UK", "gameversion":"2.4", "build":"r156431/r0 " }
{ "timestamp":"2017-10-16T23:32:16Z", "event":"Music", "MusicTrack":"NoTrack" }
{ "timestamp":"2017-10-16T23:32:16Z", "event":"Music", "MusicTrack":"MainMenu" }
{ "timestamp":"2017-10-16T23:33:18Z", "event":"Cargo", "Inventory":[  ] }
{ "timestamp":"2017-10-16T23:33:18Z", "event":"Loadout", "Ship":"DiamondBackXL", "ShipID":2, "ShipName":"KONNYAKU", "ShipIdent":"IG-E01", "Modules":[ { "Slot":"LargeHardpoint1", "Item":"Hpt_PulseLaser_Gimbal_Large", "On":true, "Priority":0, "Health":1.000000, "Value":140600 }, { "Slot":"MediumHardpoint1", "Item":"Hpt_PulseLaser_Fixed_Medium", "On":true, "Priority":0, "Health":1.000000, "Value":17600 }, { "Slot":"MediumHardpoint2", "Item":"Hpt_MiningLaser_Fixed_Small", "On":true, "Priority":0, "Health":1.000000, "Value":6800 }, { "Slot":"TinyHardpoint1", "Item":"Hpt_HeatSinkLauncher_Turret_Tiny", "On":true, "Priority":0, "AmmoInClip":1, "AmmoInHopper":2, "Health":1.000000, "Value":3500 }, { "Slot":"TinyHardpoint2", "Item":"Hpt_HeatSinkLauncher_Turret_Tiny", "On":true, "Priority":0, "AmmoInClip":1, "AmmoInHopper":2, "Health":1.000000, "Value":3500 }, { "Slot":"TinyHardpoint3", "Item":"Hpt_ChaffLauncher_Tiny", "On":true, "Priority":0, "AmmoInClip":1, "AmmoInHopper":10, "Health":1.000000, "Value":8500 }, { "Slot":"Armour", "Item":"DiamondBackXL_Armour_Grade1", "On":true, "Priority":1, "Health":1.000000, "Value":0 }, { "Slot":"PowerPlant", "Item":"Int_Powerplant_Size4_Class4", "On":true, "Priority":1, "Health":1.000000, "Value":536693 }, { "Slot":"MainEngines", "Item":"Int_Engine_Size4_Class4", "On":true, "Priority":0, "Health":1.000000, "Value":536693 }, { "Slot":"FrameShiftDrive", "Item":"Int_Hyperdrive_Size5_Class4", "On":true, "Priority":0, "Health":1.000000, "Value":1701318 }, { "Slot":"LifeSupport", "Item":"Int_LifeSupport_Size3_Class2", "On":true, "Priority":0, "Health":1.000000, "Value":10133 }, { "Slot":"PowerDistributor", "Item":"Int_PowerDistributor_Size4_Class2", "On":true, "Priority":0, "Health":1.000000, "Value":28373 }, { "Slot":"Radar", "Item":"Int_Sensors_Size3_Class2", "On":true, "Priority":0, "Health":1.000000, "Value":10133 }, { "Slot":"FuelTank", "Item":"Int_FuelTank_Size5_Class3", "On":true, "Priority":1, "Health":1.000000, "Value":97754 }, { "Slot":"Decal1", "Item":"Decal_Explorer_Surveyor", "On":true, "Priority":1, "Health":1.000000, "Value":0 }, { "Slot":"Decal2", "Item":"Decal_Explorer_Surveyor", "On":true, "Priority":1, "Health":1.000000, "Value":0 }, { "Slot":"Decal3", "Item":"Decal_Explorer_Surveyor", "On":true, "Priority":1, "Health":1.000000, "Value":0 }, { "Slot":"Slot01_Size4", "Item":"Int_ShieldGenerator_Size4_Class1", "On":true, "Priority":2, "Health":1.000000, "Value":19878 }, { "Slot":"Slot02_Size4", "Item":"Int_FuelScoop_Size4_Class4", "On":true, "Priority":0, "Health":1.000000, "Value":715591 }, { "Slot":"Slot03_Size3", "Item":"Int_CargoRack_Size3_Class1", "On":true, "Priority":1, "Health":1.000000, "Value":10563 }, { "Slot":"Slot04_Size3", "Item":"Int_Repairer_Size3_Class2", "On":true, "Priority":0, "AmmoInClip":3200, "Health":1.000000, "Value":97200 }, { "Slot":"Slot05_Size2", "Item":"Int_StellarBodyDiscoveryScanner_Advanced", "On":true, "Priority":1, "Health":1.000000, "Value":1545000 }, { "Slot":"Slot06_Size2", "Item":"Int_DetailedSurfaceScanner_Tiny", "On":true, "Priority":1, "Health":1.000000, "Value":250000 }, { "Slot":"PlanetaryApproachSuite", "Item":"Int_PlanetApproachSuite", "On":true, "Priority":1, "Health":1.000000, "Value":500 }, { "Slot":"Bobble01", "Item":"Bobble_TextDollar", "On":true, "Priority":1, "Health":1.000000, "Value":0 }, { "Slot":"Bobble02", "Item":"Bobble_TextS", "On":true, "Priority":1, "Health":1.000000, "Value":0 }, { "Slot":"Bobble03", "Item":"Bobble_TextL", "On":true, "Priority":1, "Health":1.000000, "Value":0 }, { "Slot":"Bobble07", "Item":"Bobble_TextAsterisk", "On":true, "Priority":1, "Health":1.000000, "Value":0 }, { "Slot":"Bobble08", "Item":"Bobble_TextP", "On":true, "Priority":1, "Health":1.000000, "Value":0 }, { "Slot":"Bobble09", "Item":"Bobble_TextA", "On":true, "Priority":1, "Health":1.000000, "Value":0 }, { "Slot":"ShipCockpit", "Item":"DiamondBackXL_Cockpit", "On":true, "Priority":1, "Health":1.000000, "Value":0 }, { "Slot":"CargoHatch", "Item":"ModularCargoBayDoor", "On":true, "Priority":2, "Health":1.000000, "Value":0 } ] }
{ "timestamp":"2017-10-16T23:33:18Z", "event":"Materials", "Raw":[ { "Name":"carbon", "Count":3 }, { "Name":"iron", "Count":3 } ], "Manufactured":[ { "Name":"mechanicalscrap", "Count":8 }, { "Name":"gridresistors", "Count":3 }, { "Name":"conductivecomponents", "Count":1 }, { "Name":"heatdispersionplate", "Count":6 }, { "Name":"salvagedalloys", "Count":6 }, { "Name":"hybridcapacitors", "Count":6 }, { "Name":"heatconductionwiring", "Count":3 } ], "Encoded":[ { "Name":"shieldsoakanalysis", "Count":3 }, { "Name":"disruptedwakeechoes", "Count":5 }, { "Name":"shieldcyclerecordings", "Count":6 }, { "Name":"emissiondata", "Count":3 }, { "Name":"bulkscandata", "Count":9 }, { "Name":"scrambledemissiondata", "Count":7 }, { "Name":"archivedemissiondata", "Count":3 }, { "Name":"shielddensityreports", "Count":6 }, { "Name":"legacyfirmware", "Count":1 } ] }
{ "timestamp":"2017-10-16T23:33:18Z", "event":"LoadGame", "Commander":"Igaguri", "Ship":"DiamondBackXL", "ShipID":2, "ShipName":"KONNYAKU", "ShipIdent":"IG-E01", "FuelLevel":32.000000, "FuelCapacity":32.000000, "GameMode":"Open", "Credits":1312399, "Loan":0 }
{ "timestamp":"2017-10-16T23:33:18Z", "event":"Rank", "Combat":1, "Trade":4, "Explore":4, "Empire":0, "Federation":1, "CQC":0 }
{ "timestamp":"2017-10-16T23:33:18Z", "event":"Progress", "Combat":16, "Trade":1, "Explore":9, "Empire":0, "Federation":100, "CQC":0 }
{ "timestamp":"2017-10-16T23:33:31Z", "event":"Location", "Docked":false, "StarSystem":"LTT 11485", "StarPos":[-26.781,-8.531,-100.094], "SystemAllegiance":"Federation", "SystemEconomy":"$economy_Agri;", "SystemEconomy_Localised":"Agriculture", "SystemGovernment":"$government_Democracy;", "SystemGovernment_Localised":"Democracy", "SystemSecurity":"$SYSTEM_SECURITY_high;", "SystemSecurity_Localised":"High Security", "Population":4992686867, "Body":"LTT 11485", "BodyType":"Star", "Factions":[ { "Name":"Progressive Party of LTT 11485", "FactionState":"Boom", "Government":"Democracy", "Influence":0.433566, "Allegiance":"Federation" }, { "Name":"Pilots Federation Local Branch", "FactionState":"None", "Government":"Democracy", "Influence":0.000000, "Allegiance":"PilotsFederation" }, { "Name":"Daga tri Shared", "FactionState":"Boom", "Government":"Cooperative", "Influence":0.034965, "Allegiance":"Independent" }, { "Name":"Blue Energy Systems", "FactionState":"None", "Government":"Corporate", "Influence":0.039960, "Allegiance":"Independent", "PendingStates":[ { "State":"Boom", "Trend":1 } ], "RecoveringStates":[ { "State":"Outbreak", "Trend":0 } ] }, { "Name":"LTT 11485 Constitution Party", "FactionState":"Boom", "Government":"Dictatorship", "Influence":0.063936, "Allegiance":"Independent" }, { "Name":"Kolaga Republic Party", "FactionState":"Boom", "Government":"Democracy", "Influence":0.225774, "Allegiance":"Federation" }, { "Name":"LTT 11485 Fortune Services", "FactionState":"Boom", "Government":"Corporate", "Influence":0.150849, "Allegiance":"Federation" }, { "Name":"LTT 11485 Defence Party", "FactionState":"None", "Government":"Dictatorship", "Influence":0.050949, "Allegiance":"Independent" } ], "SystemFaction":"Progressive Party of LTT 11485", "FactionState":"Boom" }
{ "timestamp":"2017-10-16T23:33:31Z", "event":"Music", "MusicTrack":"NoTrack" }
{ "timestamp":"2017-10-16T23:33:31Z", "event":"Music", "MusicTrack":"Exploration" }
{ "timestamp":"2017-10-16T23:33:56Z", "event":"Music", "MusicTrack":"GalaxyMap" }
{ "timestamp":"2017-10-16T23:34:04Z", "event":"Music", "MusicTrack":"Exploration" }
{ "timestamp":"2017-10-16T23:34:14Z", "event":"MaterialDiscarded", "Category":"Raw", "Name":"carbon", "Count":1 }
{ "timestamp":"2017-10-16T23:34:16Z", "event":"MaterialDiscarded", "Category":"Manufactured", "Name":"conductivecomponents", "Count":1 }
{ "timestamp":"2017-10-16T23:34:18Z", "event":"MaterialDiscarded", "Category":"Manufactured", "Name":"heatconductionwiring", "Count":1 }
{ "timestamp":"2017-10-16T23:34:19Z", "event":"MaterialDiscarded", "Category":"Manufactured", "Name":"heatdispersionplate", "Count":1 }
{ "timestamp":"2017-10-16T23:34:21Z", "event":"MaterialDiscarded", "Category":"Manufactured", "Name":"hybridcapacitors", "Count":1 }
{ "timestamp":"2017-10-16T23:35:17Z", "event":"StartJump", "JumpType":"Hyperspace", "StarSystem":"Tascheter Sector BV-Y b4", "StarClass":"M" }
{ "timestamp":"2017-10-16T23:35:22Z", "event":"Music", "MusicTrack":"NoTrack" }
{ "timestamp":"2017-10-16T23:35:35Z", "event":"FSDJump", "StarSystem":"Tascheter Sector BV-Y b4", "StarPos":[-1.281,-11.625,-99.313], "SystemAllegiance":"", "SystemEconomy":"$economy_None;", "SystemEconomy_Localised":"None", "SystemGovernment":"$government_None;", "SystemGovernment_Localised":"None", "SystemSecurity":"$GAlAXY_MAP_INFO_state_anarchy;", "SystemSecurity_Localised":"Anarchy", "Population":0, "JumpDist":25.699, "FuelUsed":3.861988, "FuelLevel":28.138012 }
{ "timestamp":"2017-10-16T23:35:36Z", "event":"Music", "MusicTrack":"Supercruise" }
{ "timestamp":"2017-10-16T23:35:53Z", "event":"FuelScoop", "Scooped":2.402187, "Total":30.540199 }
{ "timestamp":"2017-10-16T23:36:10Z", "event":"StartJump", "JumpType":"Hyperspace", "StarSystem":"LTT 11655", "StarClass":"G" }
{ "timestamp":"2017-10-16T23:36:16Z", "event":"Music", "MusicTrack":"NoTrack" }
{ "timestamp":"2017-10-16T23:36:29Z", "event":"FSDJump", "StarSystem":"LTT 11655", "StarPos":[19.688,-18.594,-90.438], "SystemAllegiance":"Federation", "SystemEconomy":"$economy_Industrial;", "SystemEconomy_Localised":"Industrial", "SystemGovernment":"$government_Democracy;", "SystemGovernment_Localised":"Democracy", "SystemSecurity":"$SYSTEM_SECURITY_high;", "SystemSecurity_Localised":"High Security", "Population":7280728, "JumpDist":23.812, "FuelUsed":3.174147, "FuelLevel":27.366053, "Factions":[ { "Name":"Revolutionary LTT 11655 Revolutionary Party", "FactionState":"Boom", "Government":"Democracy", "Influence":0.542000, "Allegiance":"Federation" }, { "Name":"Pilots Federation Local Branch", "FactionState":"None", "Government":"Democracy", "Influence":0.000000, "Allegiance":"PilotsFederation" }, { "Name":"Natural LTT 11655 League", "FactionState":"None", "Government":"Dictatorship", "Influence":0.082000, "Allegiance":"Independent" }, { "Name":"LTT 11655 Purple Public Org", "FactionState":"Famine", "Government":"Corporate", "Influence":0.050000, "Allegiance":"Independent" }, { "Name":"LTT 11655 Blue Brothers", "FactionState":"None", "Government":"Anarchy", "Influence":0.139000, "Allegiance":"Independent", "PendingStates":[ { "State":"CivilWar", "Trend":0 } ] }, { "Name":"Revolutionary Kanean Resistance", "FactionState":"None", "Government":"Democracy", "Influence":0.060000, "Allegiance":"Federation", "PendingStates":[ { "State":"Boom", "Trend":0 } ] }, { "Name":"LTT 11655 First", "FactionState":"None", "Government":"Dictatorship", "Influence":0.127000, "Allegiance":"Independent", "PendingStates":[ { "State":"CivilWar", "Trend":0 } ] } ], "SystemFaction":"Revolutionary LTT 11655 Revolutionary Party", "FactionState":"Boom" }
{ "timestamp":"2017-10-16T23:36:29Z", "event":"Music", "MusicTrack":"Supercruise" }
{ "timestamp":"2017-10-16T23:36:53Z", "event":"FuelScoop", "Scooped":4.633979, "Total":32.000000 }
{ "timestamp":"2017-10-16T23:37:32Z", "event":"StartJump", "JumpType":"Hyperspace", "StarSystem":"Kvashirua", "StarClass":"K" }
{ "timestamp":"2017-10-16T23:37:37Z", "event":"Music", "MusicTrack":"NoTrack" }
{ "timestamp":"2017-10-16T23:37:50Z", "event":"FSDJump", "StarSystem":"Kvashirua", "StarPos":[44.313,-15.125,-83.813], "SystemAllegiance":"Independent", "SystemEconomy":"$economy_Terraforming;", "SystemEconomy_Localised":"Terraforming", "SystemGovernment":"$government_Corporate;", "SystemGovernment_Localised":"Corporate", "SystemSecurity":"$SYSTEM_SECURITY_medium;", "SystemSecurity_Localised":"Medium Security", "Population":234826, "JumpDist":25.735, "FuelUsed":3.875445, "FuelLevel":28.124556, "Factions":[ { "Name":"Betel Free", "FactionState":"Boom", "Government":"Democracy", "Influence":0.127127, "Allegiance":"Independent" }, { "Name":"Pilots Federation Local Branch", "FactionState":"None", "Government":"Democracy", "Influence":0.000000, "Allegiance":"PilotsFederation" }, { "Name":"Liberals of Kvashirua", "FactionState":"None", "Government":"Democracy", "Influence":0.029029, "Allegiance":"Federation" }, { "Name":"LHS 1798 as one", "FactionState":"None", "Government":"Cooperative", "Influence":0.043043, "Allegiance":"Independent" }, { "Name":"Kvashirua Comms Limited", "FactionState":"None", "Government":"Corporate", "Influence":0.050050, "Allegiance":"Independent" }, { "Name":"Kvashirua First", "FactionState":"None", "Government":"Dictatorship", "Influence":0.034034, "Allegiance":"Independent" }, { "Name":"Kvashirua Purple Council", "FactionState":"None", "Government":"Anarchy", "Influence":0.277277, "Allegiance":"Independent" }, { "Name":"Blue Travel Co", "FactionState":"None", "Government":"Corporate", "Influence":0.439439, "Allegiance":"Independent" } ], "SystemFaction":"Blue Travel Co" }
{ "timestamp":"2017-10-16T23:37:51Z", "event":"Music", "MusicTrack":"Supercruise" }
{ "timestamp":"2017-10-16T23:38:12Z", "event":"FuelScoop", "Scooped":2.003843, "Total":30.128397 }
{ "timestamp":"2017-10-16T23:38:28Z", "event":"StartJump", "JumpType":"Hyperspace", "StarSystem":"Trianguli Sector HM-V b2-2", "StarClass":"M" }
{ "timestamp":"2017-10-16T23:38:34Z", "event":"Music", "MusicTrack":"NoTrack" }
{ "timestamp":"2017-10-16T23:38:47Z", "event":"FSDJump", "StarSystem":"Trianguli Sector HM-V b2-2", "StarPos":[66.500,-6.125,-76.531], "SystemAllegiance":"", "SystemEconomy":"$economy_None;", "SystemEconomy_Localised":"None", "SystemGovernment":"$government_None;", "SystemGovernment_Localised":"None", "SystemSecurity":"$GAlAXY_MAP_INFO_state_anarchy;", "SystemSecurity_Localised":"Anarchy", "Population":0, "JumpDist":25.026, "FuelUsed":3.575953, "FuelLevel":26.552444 }
{ "timestamp":"2017-10-16T23:38:47Z", "event":"Music", "MusicTrack":"Supercruise" }
{ "timestamp":"2017-10-16T23:39:18Z", "event":"FuelScoop", "Scooped":3.795056, "Total":30.347507 }
{ "timestamp":"2017-10-16T23:39:38Z", "event":"StartJump", "JumpType":"Hyperspace", "StarSystem":"Ts'in Yanka", "StarClass":"M" }
{ "timestamp":"2017-10-16T23:39:43Z", "event":"Music", "MusicTrack":"NoTrack" }
{ "timestamp":"2017-10-16T23:39:56Z", "event":"FSDJump", "StarSystem":"Ts'in Yanka", "StarPos":[86.531,-3.469,-87.313], "SystemAllegiance":"Federation", "SystemEconomy":"$economy_Industrial;", "SystemEconomy_Localised":"Industrial", "SystemGovernment":"$government_Corporate;", "SystemGovernment_Localised":"Corporate", "SystemSecurity":"$SYSTEM_SECURITY_high;", "SystemSecurity_Localised":"High Security", "Population":8927731, "JumpDist":22.903, "FuelUsed":2.881783, "FuelLevel":27.465725, "Factions":[ { "Name":"Pilots Federation Local Branch", "FactionState":"None", "Government":"Democracy", "Influence":0.000000, "Allegiance":"PilotsFederation" }, { "Name":"Ts'in Yanka Values Party", "FactionState":"None", "Government":"Democracy", "Influence":0.073073, "Allegiance":"Independent", "PendingStates":[ { "State":"War", "Trend":0 } ] }, { "Name":"HIP 33109 Interstellar", "FactionState":"None", "Government":"Corporate", "Influence":0.073073, "Allegiance":"Federation", "PendingStates":[ { "State":"War", "Trend":0 } ] }, { "Name":"New Ts'in Yanka Regulatory State", "FactionState":"None", "Government":"Dictatorship", "Influence":0.072072, "Allegiance":"Independent", "PendingStates":[ { "State":"CivilWar", "Trend":0 } ] }, { "Name":"Evnicoano League", "FactionState":"None", "Government":"Confederacy", "Influence":0.030030, "Allegiance":"Federation", "PendingStates":[ { "State":"Famine", "Trend":0 }, { "State":"Outbreak", "Trend":0 } ] }, { "Name":"Ts'in Yanka Advanced Systems", "FactionState":"Boom", "Government":"Corporate", "Influence":0.671672, "Allegiance":"Federation" }, { "Name":"Ts'in Yanka Jet Camorra", "FactionState":"Outbreak", "Government":"Anarchy", "Influence":0.080080, "Allegiance":"Independent", "PendingStates":[ { "State":"CivilWar", "Trend":0 } ] } ], "SystemFaction":"Ts'in Yanka Advanced Systems", "FactionState":"Boom" }
{ "timestamp":"2017-10-16T23:39:57Z", "event":"Music", "MusicTrack":"Supercruise" }
{ "timestamp":"2017-10-16T23:40:14Z", "event":"Music", "MusicTrack":"GalaxyMap" }
{ "timestamp":"2017-10-16T23:40:15Z", "event":"FuelScoop", "Scooped":2.514490, "Total":29.980225 }
{ "timestamp":"2017-10-16T23:40:16Z", "event":"Music", "MusicTrack":"Supercruise" }
{ "timestamp":"2017-10-16T23:40:27Z", "event":"StartJump", "JumpType":"Hyperspace", "StarSystem":"127 G. Canis Majoris", "StarClass":"F" }
{ "timestamp":"2017-10-16T23:40:33Z", "event":"Music", "MusicTrack":"NoTrack" }
{ "timestamp":"2017-10-16T23:40:46Z", "event":"FSDJump", "StarSystem":"127 G. Canis Majoris", "StarPos":[107.875,-9.625,-84.344], "SystemAllegiance":"Independent", "SystemEconomy":"$economy_Extraction;", "SystemEconomy_Localised":"Extraction", "SystemGovernment":"$government_Anarchy;", "SystemGovernment_Localised":"Anarchy", "SystemSecurity":"$GAlAXY_MAP_INFO_state_anarchy;", "SystemSecurity_Localised":"Anarchy", "Population":892150, "JumpDist":22.411, "FuelUsed":2.723008, "FuelLevel":27.257217, "Factions":[ { "Name":"Revolutionary Kausa Resistance", "FactionState":"None", "Government":"Democracy", "Influence":0.152000, "Allegiance":"Federation" }, { "Name":"Pilots Federation Local Branch", "FactionState":"None", "Government":"Democracy", "Influence":0.000000, "Allegiance":"PilotsFederation" }, { "Name":"Future of Celtani", "FactionState":"None", "Government":"Democracy", "Influence":0.038000, "Allegiance":"Federation", "PendingStates":[ { "State":"Boom", "Trend":0 } ] }, { "Name":"Udegobo Silver Power Int", "FactionState":"Boom", "Government":"Corporate", "Influence":0.038000, "Allegiance":"Federation" }, { "Name":"Confederation of Dewindji", "FactionState":"Boom", "Government":"Confederacy", "Influence":0.155000, "Allegiance":"Federation" }, { "Name":"League of Kausa Freedom Party", "FactionState":"Retreat", "Government":"Dictatorship", "Influence":0.025000, "Allegiance":"Independent" }, { "Name":"Celtani Drug Empire", "FactionState":"Boom", "Government":"Anarchy", "Influence":0.592000, "Allegiance":"Independent" } ], "SystemFaction":"Celtani Drug Empire", "FactionState":"Boom" }
{ "timestamp":"2017-10-16T23:40:46Z", "event":"Music", "MusicTrack":"Supercruise" }
{ "timestamp":"2017-10-16T23:41:11Z", "event":"FuelScoop", "Scooped":4.742780, "Total":32.000000 }
{ "timestamp":"2017-10-16T23:41:31Z", "event":"StartJump", "JumpType":"Hyperspace", "StarSystem":"Kappa", "StarClass":"M" }
{ "timestamp":"2017-10-16T23:41:37Z", "event":"Music", "MusicTrack":"NoTrack" }
{ "timestamp":"2017-10-16T23:41:50Z", "event":"FSDJump", "StarSystem":"Kappa", "StarPos":[120.969,-11.906,-85.156], "SystemAllegiance":"Federation", "SystemEconomy":"$economy_HighTech;", "SystemEconomy_Localised":"High Tech", "SystemGovernment":"$government_Corporate;", "SystemGovernment_Localised":"Corporate", "SystemSecurity":"$SYSTEM_SECURITY_high;", "SystemSecurity_Localised":"High Security", "Population":5724331, "JumpDist":13.316, "FuelUsed":0.771252, "FuelLevel":31.228748, "Factions":[ { "Name":"HIP 36731 Services", "FactionState":"Boom", "Government":"Corporate", "Influence":0.459000, "Allegiance":"Federation", "PendingStates":[ { "State":"Retreat", "Trend":0 } ] }, { "Name":"Pilots Federation Local Branch", "FactionState":"None", "Government":"Democracy", "Influence":0.000000, "Allegiance":"PilotsFederation" }, { "Name":"Udegobo Silver Power Int", "FactionState":"Boom", "Government":"Corporate", "Influence":0.160000, "Allegiance":"Federation" }, { "Name":"Tjiwang Gold Brotherhood", "FactionState":"None", "Government":"Anarchy", "Influence":0.018000, "Allegiance":"Independent", "PendingStates":[ { "State":"Boom", "Trend":1 } ] }, { "Name":"Kappa Public PLC", "FactionState":"None", "Government":"Corporate", "Influence":0.110000, "Allegiance":"Independent" }, { "Name":"League of Kappa", "FactionState":"None", "Government":"Dictatorship", "Influence":0.060000, "Allegiance":"Independent" }, { "Name":"Union of Kappa Free", "FactionState":"CivilWar", "Government":"Democracy", "Influence":0.084000, "Allegiance":"Independent" }, { "Name":"Natural Kappa Focus", "FactionState":"CivilWar", "Government":"Dictatorship", "Influence":0.109000, "Allegiance":"Independent" } ], "SystemFaction":"HIP 36731 Services", "FactionState":"Boom" }
{ "timestamp":"2017-10-16T23:41:50Z", "event":"Music", "MusicTrack":"DestinationFromHyperspace" }
{ "timestamp":"2017-10-16T23:41:55Z", "event":"Music", "MusicTrack":"Supercruise" }
{ "timestamp":"2017-10-16T23:42:00Z", "event":"FuelScoop", "Scooped":0.771242, "Total":32.000000 }
{ "timestamp":"2017-10-16T23:42:55Z", "event":"Music", "MusicTrack":"SystemMap" }
{ "timestamp":"2017-10-16T23:42:58Z", "event":"Music", "MusicTrack":"Supercruise" }
{ "timestamp":"2017-10-16T23:44:03Z", "event":"SupercruiseExit", "StarSystem":"Kappa", "Body":"Poisson Orbital", "BodyType":"Station" }
{ "timestamp":"2017-10-16T23:44:03Z", "event":"Music", "MusicTrack":"DestinationFromSupercruise" }
{ "timestamp":"2017-10-16T23:44:08Z", "event":"Music", "MusicTrack":"NoTrack" }
{ "timestamp":"2017-10-16T23:44:15Z", "event":"ReceiveText", "From":"Poisson Orbital", "Message":"$STATION_NoFireZone_entered;", "Message_Localised":"No fire zone entered.", "Channel":"npc" }
{ "timestamp":"2017-10-16T23:44:28Z", "event":"DockingRequested", "StationName":"Poisson Orbital" }
{ "timestamp":"2017-10-16T23:44:28Z", "event":"ReceiveText", "From":"Poisson Orbital", "Message":"$DockingChatter_Friendly;", "Message_Localised":"It's great to see you again, Commander.", "Channel":"npc" }
{ "timestamp":"2017-10-16T23:44:30Z", "event":"ReceiveText", "From":"Poisson Orbital", "Message":"$STATION_docking_granted;", "Message_Localised":"Docking request granted.", "Channel":"npc" }
{ "timestamp":"2017-10-16T23:44:30Z", "event":"DockingGranted", "LandingPad":44, "StationName":"Poisson Orbital" }
{ "timestamp":"2017-10-16T23:45:01Z", "event":"Music", "MusicTrack":"Starport" }
{ "timestamp":"2017-10-16T23:45:36Z", "event":"Docked", "StationName":"Poisson Orbital", "StationType":"Coriolis", "StarSystem":"Kappa", "StationFaction":"HIP 36731 Services", "FactionState":"Boom", "StationGovernment":"$government_Corporate;", "StationGovernment_Localised":"Corporate", "StationAllegiance":"Federation", "StationServices":[ "Dock", "Autodock", "Commodities", "Contacts", "Exploration", "Missions", "Outfitting", "CrewLounge", "Rearm", "Refuel", "Repair", "Shipyard", "Tuning", "MissionsGenerated", "FlightController", "StationOperations", "Powerplay", "SearchAndRescue" ], "StationEconomy":"$economy_HighTech;", "StationEconomy_Localised":"High Tech", "DistFromStarLS":595.196655 }
{ "timestamp":"2017-10-16T23:48:52Z", "event":"ShipyardTransfer", "ShipType":"CobraMkIII", "ShipID":1, "System":"HIP 10322", "Distance":216.797882, "TransferPrice":70836, "TransferTime":2467 }
{ "timestamp":"2017-10-16T23:52:29Z", "event":"ModuleBuy", "Slot":"LargeHardpoint1", "SellItem":"$hpt_pulselaser_gimbal_large_name;", "SellItem_Localised":"Pulse Laser", "SellPrice":140600, "BuyItem":"$hpt_pulselaser_fixed_large_name;", "BuyItem_Localised":"Pulse Laser", "BuyPrice":70400, "Ship":"diamondbackxl", "ShipID":2 }
{ "timestamp":"2017-10-16T23:55:51Z", "event":"ReceiveText", "From":"$npc_name_decorate:#name=Ueli;", "From_Localised":"Ueli", "Message":"$Commuter_AuthorityScan03;", "Message_Localised":"Will this take long? I’ve got a schedule to keep. ", "Channel":"npc" }
{ "timestamp":"2017-10-17T00:19:18Z", "event":"ReceiveText", "From":"$npc_name_decorate:#name=Konrad M. Haas;", "From_Localised":"Konrad M. Haas", "Message":"$Commuter_AuthorityScan05;", "Message_Localised":"On what grounds are you scanning this vessel, officer?", "Channel":"npc" }
{ "timestamp":"2017-10-17T00:25:28Z", "event":"ReceiveText", "From":"$npc_name_decorate:#name=Damian Quee;", "From_Localised":"Damian Quee", "Message":"$Commuter_AuthorityScan07;", "Message_Localised":"There's no need to scan me, officer. I have nothing to find.", "Channel":"npc" }
{ "timestamp":"2017-10-17T00:30:29Z", "event":"ReceiveText", "From":"$npc_name_decorate:#name=Brett Antony Hill;", "From_Localised":"Brett Antony Hill", "Message":"$Commuter_AuthorityScan02;", "Message_Localised":"How can I be of assistance?", "Channel":"npc" }
{ "timestamp":"2017-10-17T00:33:34Z", "event":"Music", "MusicTrack":"GalaxyMap" }
{ "timestamp":"2017-10-17T00:33:41Z", "event":"Music", "MusicTrack":"SystemMap" }
{ "timestamp":"2017-10-17T00:33:53Z", "event":"Music", "MusicTrack":"GalaxyMap" }
{ "timestamp":"2017-10-17T00:33:55Z", "event":"Music", "MusicTrack":"Starport" }
{ "timestamp":"2017-10-17T00:34:13Z", "event":"Undocked", "StationName":"Poisson Orbital", "StationType":"Coriolis" }
{ "timestamp":"2017-10-17T00:34:42Z", "event":"Music", "MusicTrack":"NoTrack" }
{ "timestamp":"2017-10-17T00:35:30Z", "event":"Scanned", "ScanType":"Cargo" }
{ "timestamp":"2017-10-17T00:35:30Z", "event":"ReceiveText", "From":"$ShipName_Police_Federation;", "From_Localised":"Federal Security Service", "Message":"$Police_ThankYouPassedStopAndSearch06;", "Message_Localised":"We're done here pilot, move along.", "Channel":"npc" }
{ "timestamp":"2017-10-17T00:36:30Z", "event":"ReceiveText", "From":"Poisson Orbital", "Message":"$STATION_NoFireZone_exited;", "Message_Localised":"No fire zone left.", "Channel":"npc" }
{ "timestamp":"2017-10-17T00:36:32Z", "event":"StartJump", "JumpType":"Hyperspace", "StarSystem":"Celtani", "StarClass":"M" }
{ "timestamp":"2017-10-17T00:36:51Z", "event":"FSDJump", "StarSystem":"Celtani", "StarPos":[107.781,-10.531,-84.375], "SystemAllegiance":"Federation", "SystemEconomy":"$economy_Extraction;", "SystemEconomy_Localised":"Extraction", "SystemGovernment":"$government_Democracy;", "SystemGovernment_Localised":"Democracy", "SystemSecurity":"$SYSTEM_SECURITY_medium;", "SystemSecurity_Localised":"Medium Security", "Population":1676076, "JumpDist":13.282, "FuelUsed":0.766507, "FuelLevel":31.233494, "Factions":[ { "Name":"Pilots Federation Local Branch", "FactionState":"None", "Government":"Democracy", "Influence":0.000000, "Allegiance":"PilotsFederation" }, { "Name":"Future of Celtani", "FactionState":"None", "Government":"Democracy", "Influence":0.502994, "Allegiance":"Federation", "PendingStates":[ { "State":"Boom", "Trend":0 } ] }, { "Name":"Udegobo Silver Power Int", "FactionState":"Boom", "Government":"Corporate", "Influence":0.102794, "Allegiance":"Federation", "PendingStates":[ { "State":"War", "Trend":0 } ] }, { "Name":"Confederation of Dewindji", "FactionState":"Boom", "Government":"Confederacy", "Influence":0.102794, "Allegiance":"Federation", "PendingStates":[ { "State":"War", "Trend":0 } ] }, { "Name":"Nationalists of Celtani", "FactionState":"None", "Government":"Dictatorship", "Influence":0.061876, "Allegiance":"Independent" }, { "Name":"Partnership of Celtani", "FactionState":"None", "Government":"Anarchy", "Influence":0.013972, "Allegiance":"Independent" }, { "Name":"Celtani Electronics Industry", "FactionState":"Boom", "Government":"Corporate", "Influence":0.201597, "Allegiance":"Independent" }, { "Name":"Celtani Drug Empire", "FactionState":"Boom", "Government":"Anarchy", "Influence":0.013972, "Allegiance":"Independent" } ], "SystemFaction":"Future of Celtani" }
{ "timestamp":"2017-10-17T00:36:51Z", "event":"Music", "MusicTrack":"DestinationFromHyperspace" }
{ "timestamp":"2017-10-17T00:36:56Z", "event":"Music", "MusicTrack":"Supercruise" }
{ "timestamp":"2017-10-17T00:37:02Z", "event":"FuelScoop", "Scooped":0.766512, "Total":32.000000 }
{ "timestamp":"2017-10-17T00:39:31Z", "event":"SupercruiseExit", "StarSystem":"Celtani", "Body":"Celtani 2 A Ring", "BodyType":"PlanetaryRing" }
{ "timestamp":"2017-10-17T00:39:31Z", "event":"Music", "MusicTrack":"Exploration" }
{ "timestamp":"2017-10-17T00:40:10Z", "event":"ReceiveText", "From":"$npc_name_decorate:#name=Evistarator;", "From_Localised":"Evistarator", "Message":"$Pirate_OnStartScanCargo08;", "Message_Localised":"What do you have in your cargo hold?", "Channel":"npc" }
{ "timestamp":"2017-10-17T00:40:15Z", "event":"Music", "MusicTrack":"Combat_Dogfight" }
{ "timestamp":"2017-10-17T00:40:30Z", "event":"ShieldState", "ShieldsUp":false }
{ "timestamp":"2017-10-17T00:40:34Z", "event":"Scanned", "ScanType":"Cargo" }
{ "timestamp":"2017-10-17T00:40:34Z", "event":"ReceiveText", "From":"$npc_name_decorate:#name=Federal Agent;", "From_Localised":"Federal Agent", "Message":"$Generic_NoAttackGeneric04;", "Message_Localised":"Damn! You're useless to me! They said this sector was rich pickings, what gives?", "Channel":"npc" }
{ "timestamp":"2017-10-17T00:40:40Z", "event":"HullDamage", "Health":0.780518, "PlayerPilot":true, "Fighter":false }
{ "timestamp":"2017-10-17T00:40:42Z", "event":"HullDamage", "Health":0.539536, "PlayerPilot":true, "Fighter":false }
{ "timestamp":"2017-10-17T00:40:44Z", "event":"HullDamage", "Health":0.341171, "PlayerPilot":true, "Fighter":false }
{ "timestamp":"2017-10-17T00:40:46Z", "event":"Scanned", "ScanType":"Cargo" }
{ "timestamp":"2017-10-17T00:40:46Z", "event":"ReceiveText", "From":"$npc_name_decorate:#name=Federal Agent;", "From_Localised":"Federal Agent", "Message":"$Generic_NoAttackGeneric04;", "Message_Localised":"Damn! You're useless to me! They said this sector was rich pickings, what gives?", "Channel":"npc" }
{ "timestamp":"2017-10-17T00:40:50Z", "event":"Scanned", "ScanType":"Cargo" }
{ "timestamp":"2017-10-17T00:40:50Z", "event":"ReceiveText", "From":"$npc_name_decorate:#name=Federal Agent;", "From_Localised":"Federal Agent", "Message":"$Generic_NoAttackGeneric03;", "Message_Localised":"Another ship that's not worth my time, this is turning into a bad day.", "Channel":"npc" }
{ "timestamp":"2017-10-17T00:40:53Z", "event":"HullDamage", "Health":0.172731, "PlayerPilot":true, "Fighter":false }
{ "timestamp":"2017-10-17T00:41:01Z", "event":"Died", "KillerName":"Evistarator", "KillerShip":"asp_scout", "KillerRank":"Expert" }
{ "timestamp":"2017-10-17T00:41:03Z", "event":"Music", "MusicTrack":"MainMenu" }
{ "timestamp":"2017-10-17T00:41:54Z", "event":"Resurrect", "Option":"rebuy", "Cost":365269, "Bankrupt":false }
{ "timestamp":"2017-10-17T00:41:57Z", "event":"Location", "Docked":true, "StationName":"Poisson Orbital", "StationType":"Coriolis", "StarSystem":"Kappa", "StarPos":[120.969,-11.906,-85.156], "SystemAllegiance":"Federation", "SystemEconomy":"$economy_HighTech;", "SystemEconomy_Localised":"High Tech", "SystemGovernment":"$government_Corporate;", "SystemGovernment_Localised":"Corporate", "SystemSecurity":"$SYSTEM_SECURITY_high;", "SystemSecurity_Localised":"High Security", "Population":5724331, "Body":"Poisson Orbital", "BodyType":"Station", "Factions":[ { "Name":"HIP 36731 Services", "FactionState":"Boom", "Government":"Corporate", "Influence":0.459000, "Allegiance":"Federation", "PendingStates":[ { "State":"Retreat", "Trend":0 } ] }, { "Name":"Pilots Federation Local Branch", "FactionState":"None", "Government":"Democracy", "Influence":0.000000, "Allegiance":"PilotsFederation" }, { "Name":"Udegobo Silver Power Int", "FactionState":"Boom", "Government":"Corporate", "Influence":0.160000, "Allegiance":"Federation" }, { "Name":"Tjiwang Gold Brotherhood", "FactionState":"None", "Government":"Anarchy", "Influence":0.018000, "Allegiance":"Independent", "PendingStates":[ { "State":"Boom", "Trend":1 } ] }, { "Name":"Kappa Public PLC", "FactionState":"None", "Government":"Corporate", "Influence":0.110000, "Allegiance":"Independent" }, { "Name":"League of Kappa", "FactionState":"None", "Government":"Dictatorship", "Influence":0.060000, "Allegiance":"Independent" }, { "Name":"Union of Kappa Free", "FactionState":"CivilWar", "Government":"Democracy", "Influence":0.084000, "Allegiance":"Independent" }, { "Name":"Natural Kappa Focus", "FactionState":"CivilWar", "Government":"Dictatorship", "Influence":0.109000, "Allegiance":"Independent" } ], "SystemFaction":"HIP 36731 Services", "FactionState":"Boom" }
{ "timestamp":"2017-10-17T00:41:57Z", "event":"Music", "MusicTrack":"NoTrack" }
{ "timestamp":"2017-10-17T00:41:57Z", "event":"Docked", "StationName":"Poisson Orbital", "StationType":"Coriolis", "StarSystem":"Kappa", "StationFaction":"HIP 36731 Services", "FactionState":"Boom", "StationGovernment":"$government_Corporate;", "StationGovernment_Localised":"Corporate", "StationAllegiance":"Federation", "StationServices":[ "Dock", "Autodock", "Commodities", "Contacts", "Exploration", "Missions", "Outfitting", "CrewLounge", "Rearm", "Refuel", "Repair", "Shipyard", "Tuning", "MissionsGenerated", "FlightController", "StationOperations", "Powerplay", "SearchAndRescue" ], "StationEconomy":"$economy_HighTech;", "StationEconomy_Localised":"High Tech", "DistFromStarLS":595.178101 }
{ "timestamp":"2017-10-17T00:41:58Z", "event":"Music", "MusicTrack":"Starport" }
{ "timestamp":"2017-10-17T00:49:28Z", "event":"ShipyardSwap", "ShipType":"cobramkiii", "ShipID":1, "StoreOldShip":"DiamondBackXL", "StoreShipID":2 }
{ "timestamp":"2017-10-17T00:49:29Z", "event":"Cargo", "Inventory":[  ] }
{ "timestamp":"2017-10-17T00:49:29Z", "event":"Loadout", "Ship":"CobraMkIII", "ShipID":1, "ShipName":"Kamaboko", "ShipIdent":"IG-C03", "Modules":[ { "Slot":"MediumHardpoint1", "Item":"Hpt_BeamLaser_Gimbal_Medium", "On":true, "Priority":0, "Health":1.000000, "Value":500600 }, { "Slot":"MediumHardpoint2", "Item":"Hpt_BeamLaser_Gimbal_Medium", "On":true, "Priority":0, "Health":1.000000, "Value":500600 }, { "Slot":"SmallHardpoint1", "Item":"Hpt_PulseLaser_Gimbal_Small", "On":true, "Priority":0, "Health":1.000000, "Value":6600 }, { "Slot":"SmallHardpoint2", "Item":"Hpt_PulseLaser_Gimbal_Small", "On":true, "Priority":0, "Health":1.000000, "Value":6600 }, { "Slot":"TinyHardpoint1", "Item":"Hpt_HeatSinkLauncher_Turret_Tiny", "On":true, "Priority":0, "AmmoInClip":1, "AmmoInHopper":2, "Health":1.000000, "Value":3500 }, { "Slot":"TinyHardpoint2", "Item":"Hpt_ChaffLauncher_Tiny", "On":true, "Priority":0, "AmmoInClip":1, "AmmoInHopper":10, "Health":1.000000, "Value":8500 }, { "Slot":"Armour", "Item":"CobraMkIII_Armour_Grade1", "On":true, "Priority":1, "Health":1.000000, "Value":0 }, { "Slot":"PowerPlant", "Item":"Int_Powerplant_Size4_Class4", "On":true, "Priority":1, "Health":1.000000, "Value":536693 }, { "Slot":"MainEngines", "Item":"Int_Engine_Size4_Class5", "On":true, "Priority":0, "Health":1.000000, "Value":1610080 }, { "Slot":"FrameShiftDrive", "Item":"Int_Hyperdrive_Size4_Class4", "On":true, "Priority":0, "Health":1.000000, "Value":536693 }, { "Slot":"LifeSupport", "Item":"Int_LifeSupport_Size3_Class5", "On":true, "Priority":0, "Health":1.000000, "Value":158331 }, { "Slot":"PowerDistributor", "Item":"Int_PowerDistributor_Size3_Class5", "On":true, "Priority":0, "Health":1.000000, "Value":158331 }, { "Slot":"Radar", "Item":"Int_Sensors_Size3_Class5", "On":true, "Priority":0, "Health":1.000000, "Value":158331 }, { "Slot":"FuelTank", "Item":"Int_FuelTank_Size4_Class3", "On":true, "Priority":1, "Health":1.000000, "Value":24734 }, { "Slot":"Slot01_Size4", "Item":"Int_ShieldGenerator_Size4_Class3", "On":true, "Priority":0, "Health":1.000000, "Value":178898 }, { "Slot":"Slot02_Size4", "Item":"Int_PassengerCabin_Size4_Class2", "On":true, "Priority":1, "AmmoInClip":6, "Health":1.000000, "Value":56862 }, { "Slot":"Slot03_Size4", "Item":"Int_PassengerCabin_Size4_Class2", "On":true, "Priority":1, "AmmoInClip":6, "Health":1.000000, "Value":56862 }, { "Slot":"Slot04_Size2", "Item":"Int_CargoRack_Size2_Class1", "On":true, "Priority":1, "Health":1.000000, "Value":3250 }, { "Slot":"Slot05_Size2", "Item":"Int_FuelScoop_Size2_Class4", "On":true, "Priority":0, "Health":1.000000, "Value":71211 }, { "Slot":"Slot06_Size2", "Item":"Int_StellarBodyDiscoveryScanner_Intermediate", "On":true, "Priority":1, "Health":1.000000, "Value":505000 }, { "Slot":"PlanetaryApproachSuite", "Item":"Int_PlanetApproachSuite", "On":true, "Priority":1, "Health":1.000000, "Value":500 }, { "Slot":"ShipCockpit", "Item":"CobraMkIII_Cockpit", "On":true, "Priority":1, "Health":1.000000, "Value":0 }, { "Slot":"CargoHatch", "Item":"ModularCargoBayDoor", "On":true, "Priority":2, "Health":1.000000, "Value":0 } ] }
{ "timestamp":"2017-10-17T00:49:30Z", "event":"Music", "MusicTrack":"NoTrack" }
{ "timestamp":"2017-10-17T00:49:38Z", "event":"Docked", "StationName":"Poisson Orbital", "StationType":"Coriolis", "StarSystem":"Kappa", "StationFaction":"HIP 36731 Services", "FactionState":"Boom", "StationGovernment":"$government_Corporate;", "StationGovernment_Localised":"Corporate", "StationAllegiance":"Federation", "StationServices":[ "Dock", "Autodock", "Commodities", "Contacts", "Exploration", "Missions", "Outfitting", "CrewLounge", "Rearm", "Refuel", "Repair", "Shipyard", "Tuning", "MissionsGenerated", "FlightController", "StationOperations", "Powerplay", "SearchAndRescue" ], "StationEconomy":"$economy_HighTech;", "StationEconomy_Localised":"High Tech", "DistFromStarLS":595.175781 }
{ "timestamp":"2017-10-17T00:49:39Z", "event":"Music", "MusicTrack":"Starport" }
{ "timestamp":"2017-10-17T00:50:36Z", "event":"Undocked", "StationName":"Poisson Orbital", "StationType":"Coriolis" }
{ "timestamp":"2017-10-17T00:51:11Z", "event":"Music", "MusicTrack":"NoTrack" }
{ "timestamp":"2017-10-17T00:51:36Z", "event":"StartJump", "JumpType":"Supercruise" }
{ "timestamp":"2017-10-17T00:51:38Z", "event":"ReceiveText", "From":"Poisson Orbital", "Message":"$STATION_NoFireZone_exited;", "Message_Localised":"No fire zone left.", "Channel":"npc" }
{ "timestamp":"2017-10-17T00:51:41Z", "event":"SupercruiseEntry", "StarSystem":"Kappa" }
{ "timestamp":"2017-10-17T00:51:41Z", "event":"Music", "MusicTrack":"Supercruise" }
{ "timestamp":"2017-10-17T00:53:09Z", "event":"SupercruiseExit", "StarSystem":"Kappa", "Body":"Kappa 1", "BodyType":"Planet" }
{ "timestamp":"2017-10-17T00:53:10Z", "event":"Music", "MusicTrack":"Exploration" }
{ "timestamp":"2017-10-17T00:53:18Z", "event":"Music", "MusicTrack":"Combat_Dogfight" }
{ "timestamp":"2017-10-17T00:53:20Z", "event":"MaterialCollected", "Category":"Encoded", "Name":"shieldcyclerecordings", "Count":3 }
{ "timestamp":"2017-10-17T00:53:21Z", "event":"MaterialCollected", "Category":"Encoded", "Name":"shielddensityreports", "Count":3 }
{ "timestamp":"2017-10-17T00:53:36Z", "event":"Music", "MusicTrack":"Exploration" }
{ "timestamp":"2017-10-17T00:53:59Z", "event":"Music", "MusicTrack":"Combat_Dogfight" }
{ "timestamp":"2017-10-17T00:54:15Z", "event":"Music", "MusicTrack":"Exploration" }
{ "timestamp":"2017-10-17T00:55:11Z", "event":"Music", "MusicTrack":"Combat_Dogfight" }
{ "timestamp":"2017-10-17T00:55:41Z", "event":"ReceiveText", "From":"$ShipName_Military_Independent;", "From_Localised":"System Defence Force", "Message":"$Military_UnderFire02;", "Message_Localised":"You picked the wrong fight today, Commander.", "Channel":"npc" }
{ "timestamp":"2017-10-17T00:56:52Z", "event":"Bounty", "Target":"federation_dropship_mkii", "TotalReward":0, "VictimFaction":"Natural Kappa Focus" }
{ "timestamp":"2017-10-17T00:56:52Z", "event":"FactionKillBond", "Reward":50600, "AwardingFaction":"Union of Kappa Free", "VictimFaction":"Natural Kappa Focus" }
{ "timestamp":"2017-10-17T00:58:02Z", "event":"ReceiveText", "From":"$ShipName_Military_Independent;", "From_Localised":"System Defence Force", "Message":"$Military_UnderFire01;", "Message_Localised":"Bandit on my six...", "Channel":"npc" }
{ "timestamp":"2017-10-17T00:58:08Z", "event":"ReceiveText", "From":"$ShipName_Military_Independent;", "From_Localised":"System Defence Force", "Message":"$Military_UnderFire10;", "Message_Localised":"I'm under attack.", "Channel":"npc" }
{ "timestamp":"2017-10-17T01:00:50Z", "event":"Bounty", "Target":"vulture", "TotalReward":0, "VictimFaction":"Natural Kappa Focus" }
{ "timestamp":"2017-10-17T01:00:50Z", "event":"FactionKillBond", "Reward":41400, "AwardingFaction":"Union of Kappa Free", "VictimFaction":"Natural Kappa Focus" }
{ "timestamp":"2017-10-17T01:01:05Z", "event":"Music", "MusicTrack":"Exploration" }
{ "timestamp":"2017-10-17T01:03:52Z", "event":"Music", "MusicTrack":"Combat_Dogfight" }
{ "timestamp":"2017-10-17T01:05:06Z", "event":"Bounty", "Target":"asp", "TotalReward":0, "VictimFaction":"Natural Kappa Focus" }
{ "timestamp":"2017-10-17T01:05:06Z", "event":"FactionKillBond", "Reward":32200, "AwardingFaction":"Union of Kappa Free", "VictimFaction":"Natural Kappa Focus" }
{ "timestamp":"2017-10-17T01:06:10Z", "event":"Bounty", "Target":"cobramkiii", "TotalReward":0, "VictimFaction":"Natural Kappa Focus" }
{ "timestamp":"2017-10-17T01:06:10Z", "event":"FactionKillBond", "Reward":18400, "AwardingFaction":"Union of Kappa Free", "VictimFaction":"Natural Kappa Focus" }
{ "timestamp":"2017-10-17T01:07:19Z", "event":"ShieldState", "ShieldsUp":false }
{ "timestamp":"2017-10-17T01:07:32Z", "event":"HullDamage", "Health":0.798773, "PlayerPilot":true, "Fighter":false }
{ "timestamp":"2017-10-17T01:07:40Z", "event":"HullDamage", "Health":0.463908, "PlayerPilot":true, "Fighter":false }
{ "timestamp":"2017-10-17T01:07:48Z", "event":"HullDamage", "Health":0.275118, "PlayerPilot":true, "Fighter":false }
{ "timestamp":"2017-10-17T01:07:54Z", "event":"HullDamage", "Health":0.078781, "PlayerPilot":true, "Fighter":false }
{ "timestamp":"2017-10-17T01:07:59Z", "event":"ShieldState", "ShieldsUp":true }
{ "timestamp":"2017-10-17T01:08:11Z", "event":"ShieldState", "ShieldsUp":false }
{ "timestamp":"2017-10-17T01:08:16Z", "event":"Died", "KillerName":"$ShipName_Military_Independent;", "KillerName_Localised":"System Defence Force", "KillerShip":"federation_corvette", "KillerRank":"Master" }
{ "timestamp":"2017-10-17T01:08:21Z", "event":"Music", "MusicTrack":"MainMenu" }
{ "timestamp":"2017-10-17T01:08:37Z", "event":"Resurrect", "Option":"rebuy", "Cost":264376, "Bankrupt":false }
{ "timestamp":"2017-10-17T01:08:39Z", "event":"Location", "Docked":true, "StationName":"Poisson Orbital", "StationType":"Coriolis", "StarSystem":"Kappa", "StarPos":[120.969,-11.906,-85.156], "SystemAllegiance":"Federation", "SystemEconomy":"$economy_HighTech;", "SystemEconomy_Localised":"High Tech", "SystemGovernment":"$government_Corporate;", "SystemGovernment_Localised":"Corporate", "SystemSecurity":"$SYSTEM_SECURITY_high;", "SystemSecurity_Localised":"High Security", "Population":5724331, "Body":"Poisson Orbital", "BodyType":"Station", "Factions":[ { "Name":"HIP 36731 Services", "FactionState":"Boom", "Government":"Corporate", "Influence":0.459000, "Allegiance":"Federation", "PendingStates":[ { "State":"Retreat", "Trend":0 } ] }, { "Name":"Pilots Federation Local Branch", "FactionState":"None", "Government":"Democracy", "Influence":0.000000, "Allegiance":"PilotsFederation" }, { "Name":"Udegobo Silver Power Int", "FactionState":"Boom", "Government":"Corporate", "Influence":0.160000, "Allegiance":"Federation" }, { "Name":"Tjiwang Gold Brotherhood", "FactionState":"None", "Government":"Anarchy", "Influence":0.018000, "Allegiance":"Independent", "PendingStates":[ { "State":"Boom", "Trend":1 } ] }, { "Name":"Kappa Public PLC", "FactionState":"None", "Government":"Corporate", "Influence":0.110000, "Allegiance":"Independent" }, { "Name":"League of Kappa", "FactionState":"None", "Government":"Dictatorship", "Influence":0.060000, "Allegiance":"Independent" }, { "Name":"Union of Kappa Free", "FactionState":"CivilWar", "Government":"Democracy", "Influence":0.084000, "Allegiance":"Independent" }, { "Name":"Natural Kappa Focus", "FactionState":"CivilWar", "Government":"Dictatorship", "Influence":0.109000, "Allegiance":"Independent" } ], "SystemFaction":"HIP 36731 Services", "FactionState":"Boom" }
{ "timestamp":"2017-10-17T01:08:40Z", "event":"Music", "MusicTrack":"NoTrack" }
{ "timestamp":"2017-10-17T01:08:40Z", "event":"Docked", "StationName":"Poisson Orbital", "StationType":"Coriolis", "StarSystem":"Kappa", "StationFaction":"HIP 36731 Services", "FactionState":"Boom", "StationGovernment":"$government_Corporate;", "StationGovernment_Localised":"Corporate", "StationAllegiance":"Federation", "StationServices":[ "Dock", "Autodock", "Commodities", "Contacts", "Exploration", "Missions", "Outfitting", "CrewLounge", "Rearm", "Refuel", "Repair", "Shipyard", "Tuning", "MissionsGenerated", "FlightController", "StationOperations", "Powerplay", "SearchAndRescue" ], "StationEconomy":"$economy_HighTech;", "StationEconomy_Localised":"High Tech", "DistFromStarLS":595.170349 }
{ "timestamp":"2017-10-17T01:08:40Z", "event":"Music", "MusicTrack":"Starport" }
{ "timestamp":"2017-10-17T01:11:00Z", "event":"ModuleSell", "Slot":"Slot02_Size4", "SellItem":"$int_passengercabin_size4_class2_name;", "SellItem_Localised":"BC Passenger Cabin", "SellPrice":56862, "Ship":"cobramkiii", "ShipID":1 }
{ "timestamp":"2017-10-17T01:11:08Z", "event":"ModuleSell", "Slot":"Slot03_Size4", "SellItem":"$int_passengercabin_size4_class2_name;", "SellItem_Localised":"BC Passenger Cabin", "SellPrice":56862, "Ship":"cobramkiii", "ShipID":1 }
{ "timestamp":"2017-10-17T01:14:47Z", "event":"ReceiveText", "From":"$npc_name_decorate:#name=Pumuckel;", "From_Localised":"Pumuckel", "Message":"$Commuter_AuthorityScan05;", "Message_Localised":"On what grounds are you scanning this vessel, officer?", "Channel":"npc" }
{ "timestamp":"2017-10-17T01:21:16Z", "event":"ShipyardSwap", "ShipType":"diamondbackxl", "ShipID":2, "StoreOldShip":"CobraMkIII", "StoreShipID":1 }
{ "timestamp":"2017-10-17T01:21:17Z", "event":"Cargo", "Inventory":[  ] }
{ "timestamp":"2017-10-17T01:21:17Z", "event":"Loadout", "Ship":"DiamondBackXL", "ShipID":2, "ShipName":"KONNYAKU", "ShipIdent":"IG-E01", "Modules":[ { "Slot":"LargeHardpoint1", "Item":"Hpt_PulseLaser_Fixed_Large", "On":true, "Priority":0, "Health":1.000000, "Value":70400 }, { "Slot":"MediumHardpoint1", "Item":"Hpt_PulseLaser_Fixed_Medium", "On":true, "Priority":0, "Health":1.000000, "Value":17600 }, { "Slot":"MediumHardpoint2", "Item":"Hpt_MiningLaser_Fixed_Small", "On":true, "Priority":0, "Health":1.000000, "Value":6800 }, { "Slot":"TinyHardpoint1", "Item":"Hpt_HeatSinkLauncher_Turret_Tiny", "On":true, "Priority":0, "AmmoInClip":1, "AmmoInHopper":2, "Health":1.000000, "Value":3500 }, { "Slot":"TinyHardpoint2", "Item":"Hpt_HeatSinkLauncher_Turret_Tiny", "On":true, "Priority":0, "AmmoInClip":1, "AmmoInHopper":2, "Health":1.000000, "Value":3500 }, { "Slot":"TinyHardpoint3", "Item":"Hpt_ChaffLauncher_Tiny", "On":true, "Priority":0, "AmmoInClip":1, "AmmoInHopper":10, "Health":1.000000, "Value":8500 }, { "Slot":"Armour", "Item":"DiamondBackXL_Armour_Grade1", "On":true, "Priority":1, "Health":1.000000, "Value":0 }, { "Slot":"PowerPlant", "Item":"Int_Powerplant_Size4_Class4", "On":true, "Priority":1, "Health":1.000000, "Value":536693 }, { "Slot":"MainEngines", "Item":"Int_Engine_Size4_Class4", "On":true, "Priority":0, "Health":1.000000, "Value":536693 }, { "Slot":"FrameShiftDrive", "Item":"Int_Hyperdrive_Size5_Class4", "On":true, "Priority":0, "Health":1.000000, "Value":1701318 }, { "Slot":"LifeSupport", "Item":"Int_LifeSupport_Size3_Class2", "On":true, "Priority":0, "Health":1.000000, "Value":10133 }, { "Slot":"PowerDistributor", "Item":"Int_PowerDistributor_Size4_Class2", "On":true, "Priority":0, "Health":1.000000, "Value":28373 }, { "Slot":"Radar", "Item":"Int_Sensors_Size3_Class2", "On":true, "Priority":0, "Health":1.000000, "Value":10133 }, { "Slot":"FuelTank", "Item":"Int_FuelTank_Size5_Class3", "On":true, "Priority":1, "Health":1.000000, "Value":97754 }, { "Slot":"Decal1", "Item":"Decal_Explorer_Surveyor", "On":true, "Priority":1, "Health":1.000000, "Value":0 }, { "Slot":"Decal2", "Item":"Decal_Explorer_Surveyor", "On":true, "Priority":1, "Health":1.000000, "Value":0 }, { "Slot":"Decal3", "Item":"Decal_Explorer_Surveyor", "On":true, "Priority":1, "Health":1.000000, "Value":0 }, { "Slot":"Slot01_Size4", "Item":"Int_ShieldGenerator_Size4_Class1", "On":true, "Priority":2, "Health":1.000000, "Value":19878 }, { "Slot":"Slot02_Size4", "Item":"Int_FuelScoop_Size4_Class4", "On":true, "Priority":0, "Health":1.000000, "Value":715591 }, { "Slot":"Slot03_Size3", "Item":"Int_CargoRack_Size3_Class1", "On":true, "Priority":1, "Health":1.000000, "Value":10563 }, { "Slot":"Slot04_Size3", "Item":"Int_Repairer_Size3_Class2", "On":true, "Priority":0, "AmmoInClip":3200, "Health":1.000000, "Value":97200 }, { "Slot":"Slot05_Size2", "Item":"Int_StellarBodyDiscoveryScanner_Advanced", "On":true, "Priority":1, "Health":1.000000, "Value":1545000 }, { "Slot":"Slot06_Size2", "Item":"Int_DetailedSurfaceScanner_Tiny", "On":true, "Priority":1, "Health":1.000000, "Value":250000 }, { "Slot":"PlanetaryApproachSuite", "Item":"Int_PlanetApproachSuite", "On":true, "Priority":1, "Health":1.000000, "Value":500 }, { "Slot":"ShipCockpit", "Item":"DiamondBackXL_Cockpit", "On":true, "Priority":1, "Health":1.000000, "Value":0 }, { "Slot":"CargoHatch", "Item":"ModularCargoBayDoor", "On":true, "Priority":2, "Health":1.000000, "Value":0 } ] }
{ "timestamp":"2017-10-17T01:21:17Z", "event":"Music", "MusicTrack":"NoTrack" }
{ "timestamp":"2017-10-17T01:21:26Z", "event":"Docked", "StationName":"Poisson Orbital", "StationType":"Coriolis", "StarSystem":"Kappa", "StationFaction":"HIP 36731 Services", "FactionState":"Boom", "StationGovernment":"$government_Corporate;", "StationGovernment_Localised":"Corporate", "StationAllegiance":"Federation", "StationServices":[ "Dock", "Autodock", "Commodities", "Contacts", "Exploration", "Missions", "Outfitting", "CrewLounge", "Rearm", "Refuel", "Repair", "Shipyard", "Tuning", "MissionsGenerated", "FlightController", "StationOperations", "Powerplay", "SearchAndRescue" ], "StationEconomy":"$economy_HighTech;", "StationEconomy_Localised":"High Tech", "DistFromStarLS":595.166992 }
{ "timestamp":"2017-10-17T01:21:27Z", "event":"Music", "MusicTrack":"Starport" }
{ "timestamp":"2017-10-17T01:33:31Z", "event":"ModuleBuy", "Slot":"Slot03_Size3", "SellItem":"$int_cargorack_size3_class1_name;", "SellItem_Localised":"Cargo Rack", "SellPrice":10563, "BuyItem":"$int_buggybay_size2_class2_name;", "BuyItem_Localised":"Planetary Vehicle Hangar", "BuyPrice":21600, "Ship":"diamondbackxl", "ShipID":2 }
{ "timestamp":"2017-10-17T01:35:21Z", "event":"ModuleBuy", "Slot":"LargeHardpoint1", "SellItem":"$hpt_pulselaser_fixed_large_name;", "SellItem_Localised":"Pulse Laser", "SellPrice":70400, "BuyItem":"$hpt_pulselaser_gimbal_large_name;", "BuyItem_Localised":"Pulse Laser", "BuyPrice":140600, "Ship":"diamondbackxl", "ShipID":2 }
{ "timestamp":"2017-10-17T01:42:17Z", "event":"ModuleSell", "Slot":"MediumHardpoint1", "SellItem":"$hpt_pulselaser_fixed_medium_name;", "SellItem_Localised":"Pulse Laser", "SellPrice":17600, "Ship":"diamondbackxl", "ShipID":2 }
{ "timestamp":"2017-10-17T01:42:33Z", "event":"ReceiveText", "From":"$npc_name_decorate:#name=Scorpio Midget;", "From_Localised":"Scorpio Midget", "Message":"$Commuter_AuthorityScan04;", "Message_Localised":"Is this really necessary?", "Channel":"npc" }
{ "timestamp":"2017-10-17T01:45:23Z", "event":"ModuleSellRemote", "StorageSlot":60, "SellItem":"$int_shieldgenerator_size2_class1_name;", "SellItem_Localised":"Shield Generator", "ServerId":128064263, "SellPrice":0, "Ship":"diamondbackxl", "ShipID":2 }
{ "timestamp":"2017-10-17T01:46:20Z", "event":"Music", "MusicTrack":"GalaxyMap" }
{ "timestamp":"2017-10-17T02:03:33Z", "event":"Music", "MusicTrack":"Starport" }
{ "timestamp":"2017-10-17T02:03:38Z", "event":"Music", "MusicTrack":"Exploration" }
