{ "timestamp":"2017-10-26T08:32:49Z", "event":"Fileheader", "part":1, "language":"English\\UK", "gameversion":"2.4", "build":"r156431/r0 " }
{ "timestamp":"2017-10-26T08:32:49Z", "event":"Music", "MusicTrack":"NoTrack" }
{ "timestamp":"2017-10-26T08:32:49Z", "event":"Music", "MusicTrack":"MainMenu" }
{ "timestamp":"2017-10-26T08:49:47Z", "event":"Cargo", "Inventory":[  ] }
{ "timestamp":"2017-10-26T08:49:47Z", "event":"Loadout", "Ship":"DiamondBackXL", "ShipID":2, "ShipName":"KONNYAKU", "ShipIdent":"IG-E01", "Modules":[ { "Slot":"LargeHardpoint1", "Item":"Hpt_PulseLaser_Gimbal_Large", "On":true, "Priority":2, "Health":0.958757, "Value":140600 }, { "Slot":"MediumHardpoint2", "Item":"Hpt_MiningLaser_Fixed_Small", "On":true, "Priority":1, "Health":0.958027, "Value":6800 }, { "Slot":"TinyHardpoint1", "Item":"Hpt_HeatSinkLauncher_Turret_Tiny", "On":true, "Priority":0, "AmmoInClip":1, "AmmoInHopper":2, "Health":0.960621, "Value":3500 }, { "Slot":"TinyHardpoint2", "Item":"Hpt_HeatSinkLauncher_Turret_Tiny", "On":true, "Priority":0, "AmmoInClip":1, "AmmoInHopper":2, "Health":0.956778, "Value":3500 }, { "Slot":"TinyHardpoint4", "Item":"Hpt_ChaffLauncher_Tiny", "On":true, "Priority":1, "AmmoInClip":1, "AmmoInHopper":10, "Health":0.922629, "Value":8500 }, { "Slot":"Armour", "Item":"DiamondBackXL_Armour_Grade1", "On":true, "Priority":1, "Health":1.000000, "Value":0 }, { "Slot":"PowerPlant", "Item":"Int_Powerplant_Size4_Class4", "On":true, "Priority":1, "Health":0.972401, "Value":536693 }, { "Slot":"MainEngines", "Item":"Int_Engine_Size4_Class4", "On":true, "Priority":0, "Health":0.983037, "Value":536693 }, { "Slot":"FrameShiftDrive", "Item":"Int_Hyperdrive_Size5_Class4", "On":true, "Priority":0, "Health":1.000000, "Value":1701318 }, { "Slot":"LifeSupport", "Item":"Int_LifeSupport_Size3_Class2", "On":true, "Priority":0, "Health":0.949443, "Value":10133 }, { "Slot":"PowerDistributor", "Item":"Int_PowerDistributor_Size4_Class2", "On":true, "Priority":0, "Health":1.000000, "Value":28373 }, { "Slot":"Radar", "Item":"Int_Sensors_Size3_Class2", "On":true, "Priority":3, "Health":0.974832, "Value":10133 }, { "Slot":"FuelTank", "Item":"Int_FuelTank_Size5_Class3", "On":true, "Priority":1, "Health":1.000000, "Value":97754 }, { "Slot":"Decal1", "Item":"Decal_Explorer_Surveyor", "On":true, "Priority":1, "Health":1.000000, "Value":0 }, { "Slot":"Decal2", "Item":"Decal_Explorer_Surveyor", "On":true, "Priority":1, "Health":1.000000, "Value":0 }, { "Slot":"Decal3", "Item":"Decal_Explorer_Surveyor", "On":true, "Priority":1, "Health":1.000000, "Value":0 }, { "Slot":"Slot01_Size4", "Item":"Int_ShieldGenerator_Size4_Class1", "On":true, "Priority":1, "Health":1.000000, "Value":19878 }, { "Slot":"Slot02_Size4", "Item":"Int_FuelScoop_Size4_Class4", "On":true, "Priority":3, "Health":0.960042, "Value":715591 }, { "Slot":"Slot03_Size3", "Item":"Int_BuggyBay_Size2_Class2", "On":true, "Priority":0, "Health":0.981141, "Value":21600 }, { "Slot":"Slot04_Size3", "Item":"Int_Repairer_Size3_Class2", "On":true, "Priority":0, "AmmoInClip":2473, "Health":0.939137, "Value":97200 }, { "Slot":"Slot05_Size2", "Item":"Int_StellarBodyDiscoveryScanner_Advanced", "On":true, "Priority":1, "Health":0.975861, "Value":1545000 }, { "Slot":"Slot06_Size2", "Item":"Int_DetailedSurfaceScanner_Tiny", "On":true, "Priority":1, "Health":1.000000, "Value":250000 }, { "Slot":"PlanetaryApproachSuite", "Item":"Int_PlanetApproachSuite", "On":true, "Priority":1, "Health":1.000000, "Value":500 }, { "Slot":"ShipCockpit", "Item":"DiamondBackXL_Cockpit", "On":true, "Priority":1, "Health":1.000000, "Value":0 }, { "Slot":"CargoHatch", "Item":"ModularCargoBayDoor", "On":true, "Priority":2, "Health":0.951189, "Value":0 } ] }
{ "timestamp":"2017-10-26T08:49:47Z", "event":"Materials", "Raw":[ { "Name":"carbon", "Count":2 }, { "Name":"iron", "Count":3 } ], "Manufactured":[ { "Name":"mechanicalscrap", "Count":8 }, { "Name":"gridresistors", "Count":3 }, { "Name":"heatdispersionplate", "Count":5 }, { "Name":"salvagedalloys", "Count":6 }, { "Name":"hybridcapacitors", "Count":5 }, { "Name":"heatconductionwiring", "Count":2 } ], "Encoded":[ { "Name":"shieldsoakanalysis", "Count":3 }, { "Name":"disruptedwakeechoes", "Count":5 }, { "Name":"shieldcyclerecordings", "Count":9 }, { "Name":"emissiondata", "Count":3 }, { "Name":"bulkscandata", "Count":9 }, { "Name":"scrambledemissiondata", "Count":7 }, { "Name":"archivedemissiondata", "Count":3 }, { "Name":"shielddensityreports", "Count":9 }, { "Name":"legacyfirmware", "Count":1 } ] }
{ "timestamp":"2017-10-26T08:49:47Z", "event":"LoadGame", "Commander":"Igaguri", "Ship":"DiamondBackXL", "ShipID":2, "ShipName":"KONNYAKU", "ShipIdent":"IG-E01", "FuelLevel":25.239710, "FuelCapacity":32.000000, "GameMode":"Open", "Credits":726550, "Loan":0 }
{ "timestamp":"2017-10-26T08:49:47Z", "event":"Rank", "Combat":1, "Trade":4, "Explore":4, "Empire":0, "Federation":1, "CQC":0 }
{ "timestamp":"2017-10-26T08:49:47Z", "event":"Progress", "Combat":26, "Trade":1, "Explore":9, "Empire":0, "Federation":100, "CQC":0 }
{ "timestamp":"2017-10-26T08:49:59Z", "event":"Location", "Docked":false, "StarSystem":"Blu Thua RM-V d2-21", "StarPos":[1034.281,303.469,1782.844], "SystemAllegiance":"", "SystemEconomy":"$economy_None;", "SystemEconomy_Localised":"None", "SystemGovernment":"$government_None;", "SystemGovernment_Localised":"None", "SystemSecurity":"$GAlAXY_MAP_INFO_state_anarchy;", "SystemSecurity_Localised":"Anarchy", "Population":0, "Body":"Blu Thua RM-V d2-21 A", "BodyType":"Star" }
{ "timestamp":"2017-10-26T08:49:59Z", "event":"Music", "MusicTrack":"NoTrack" }
{ "timestamp":"2017-10-26T08:49:59Z", "event":"Music", "MusicTrack":"Exploration" }
{ "timestamp":"2017-10-26T08:50:06Z", "event":"Music", "MusicTrack":"GalaxyMap" }
{ "timestamp":"2017-10-26T08:51:02Z", "event":"Music", "MusicTrack":"SystemMap" }
{ "timestamp":"2017-10-26T08:51:04Z", "event":"Music", "MusicTrack":"Exploration" }
{ "timestamp":"2017-10-26T08:51:56Z", "event":"Music", "MusicTrack":"SystemMap" }
{ "timestamp":"2017-10-26T08:51:59Z", "event":"Music", "MusicTrack":"Exploration" }
{ "timestamp":"2017-10-26T08:52:15Z", "event":"StartJump", "JumpType":"Hyperspace", "StarSystem":"Blu Thua RM-V d2-7", "StarClass":"A" }
{ "timestamp":"2017-10-26T08:52:21Z", "event":"Music", "MusicTrack":"NoTrack" }
{ "timestamp":"2017-10-26T08:52:34Z", "event":"FSDJump", "StarSystem":"Blu Thua RM-V d2-7", "StarPos":[1039.438,311.188,1807.250], "SystemAllegiance":"", "SystemEconomy":"$economy_None;", "SystemEconomy_Localised":"None", "SystemGovernment":"$government_None;", "SystemGovernment_Localised":"None", "SystemSecurity":"$GAlAXY_MAP_INFO_state_anarchy;", "SystemSecurity_Localised":"Anarchy", "Population":0, "JumpDist":26.112, "FuelUsed":3.895952, "FuelLevel":21.343758 }
{ "timestamp":"2017-10-26T08:52:34Z", "event":"Music", "MusicTrack":"Supercruise" }
{ "timestamp":"2017-10-26T08:52:47Z", "event":"Music", "MusicTrack":"SystemMap" }
{ "timestamp":"2017-10-26T08:52:59Z", "event":"Scan", "BodyName":"Blu Thua RM-V d2-7 A", "DistanceFromArrivalLS":0.000000, "StarType":"A", "StellarMass":1.671875, "Radius":890260288.000000, "AbsoluteMagnitude":2.683395, "Age_MY":2206, "SurfaceTemperature":8371.000000, "Luminosity":"VI", "SemiMajorAxis":459049009152.000000, "Eccentricity":0.007145, "OrbitalInclination":-52.494423, "Periapsis":212.232330, "OrbitalPeriod":405300768.000000, "RotationPeriod":67214.804688, "AxialTilt":0.000000 }
{ "timestamp":"2017-10-26T08:53:01Z", "event":"Music", "MusicTrack":"Supercruise" }
{ "timestamp":"2017-10-26T08:53:04Z", "event":"Music", "MusicTrack":"SystemMap" }
{ "timestamp":"2017-10-26T08:53:07Z", "event":"Music", "MusicTrack":"Supercruise" }
{ "timestamp":"2017-10-26T08:53:40Z", "event":"FuelScoop", "Scooped":5.007868, "Total":26.351637 }
{ "timestamp":"2017-10-26T08:53:58Z", "event":"FuelScoop", "Scooped":5.001380, "Total":31.353010 }
{ "timestamp":"2017-10-26T08:54:00Z", "event":"FuelScoop", "Scooped":0.646981, "Total":32.000000 }
{ "timestamp":"2017-10-26T08:54:25Z", "event":"Scan", "BodyName":"Blu Thua RM-V d2-7 B", "DistanceFromArrivalLS":3778.708496, "StarType":"K", "StellarMass":0.835938, "Radius":644305344.000000, "AbsoluteMagnitude":5.567368, "Age_MY":2206, "SurfaceTemperature":5066.000000, "Luminosity":"Vab", "SemiMajorAxis":41626972160.000000, "Eccentricity":0.003100, "OrbitalInclination":-17.911287, "Periapsis":275.558838, "OrbitalPeriod":36590944.000000, "RotationPeriod":445104.937500, "AxialTilt":0.000000 }
{ "timestamp":"2017-10-26T08:54:59Z", "event":"Scan", "BodyName":"Blu Thua RM-V d2-7 C", "DistanceFromArrivalLS":3979.654297, "StarType":"M", "StellarMass":0.269531, "Radius":296258176.000000, "AbsoluteMagnitude":10.352493, "Age_MY":2206, "SurfaceTemperature":2483.000000, "Luminosity":"Va", "SemiMajorAxis":129103937536.000000, "Eccentricity":0.003100, "OrbitalInclination":-17.911287, "Periapsis":95.558838, "OrbitalPeriod":36590944.000000, "RotationPeriod":236252.406250, "AxialTilt":0.000000 }
{ "timestamp":"2017-10-26T08:58:31Z", "event":"Scan", "BodyName":"Blu Thua RM-V d2-7 D", "DistanceFromArrivalLS":29198.166016, "StarType":"A", "StellarMass":1.667969, "Radius":934153536.000000, "AbsoluteMagnitude":2.886887, "Age_MY":2206, "SurfaceTemperature":7798.000000, "Luminosity":"VI", "SemiMajorAxis":6724553539584.000000, "Eccentricity":0.235466, "OrbitalInclination":18.603386, "Periapsis":324.000732, "OrbitalPeriod":9133509632.000000, "RotationPeriod":75626.296875, "AxialTilt":0.000000 }
{ "timestamp":"2017-10-26T08:58:53Z", "event":"Music", "MusicTrack":"SystemMap" }
{ "timestamp":"2017-10-26T08:58:59Z", "event":"Music", "MusicTrack":"Supercruise" }
{ "timestamp":"2017-10-26T09:00:14Z", "event":"Scan", "BodyName":"Blu Thua RM-V d2-7 D 6", "DistanceFromArrivalLS":26709.755859, "TidalLock":false, "TerraformState":"", "PlanetClass":"Water world", "Atmosphere":"thick ammonia atmosphere", "AtmosphereType":"Ammonia", "AtmosphereComposition":[ { "Name":"Ammonia", "Percent":71.782486 }, { "Name":"Nitrogen", "Percent":24.605062 }, { "Name":"Oxygen", "Percent":2.870085 } ], "Volcanism":"minor metallic magma volcanism", "MassEM":1.990772, "Radius":7444974.000000, "SurfaceGravity":14.315435, "SurfaceTemperature":397.592072, "SurfacePressure":1364831.375000, "Landable":false, "SemiMajorAxis":775470645248.000000, "Eccentricity":0.005007, "OrbitalInclination":0.216435, "Periapsis":47.754398, "OrbitalPeriod":288352992.000000, "RotationPeriod":43022.449219, "AxialTilt":0.236051 }
{ "timestamp":"2017-10-26T09:00:18Z", "event":"Music", "MusicTrack":"SystemMap" }
{ "timestamp":"2017-10-26T09:00:42Z", "event":"Music", "MusicTrack":"Supercruise" }
{ "timestamp":"2017-10-26T09:03:19Z", "event":"Music", "MusicTrack":"SystemMap" }
{ "timestamp":"2017-10-26T09:03:21Z", "event":"Music", "MusicTrack":"Supercruise" }
{ "timestamp":"2017-10-26T09:03:44Z", "event":"Scan", "BodyName":"Blu Thua RM-V d2-7 D 5", "DistanceFromArrivalLS":29488.662109, "TidalLock":false, "TerraformState":"", "PlanetClass":"High metal content body", "Atmosphere":"hot thick carbon dioxide atmosphere", "AtmosphereType":"CarbonDioxide", "AtmosphereComposition":[ { "Name":"CarbonDioxide", "Percent":59.506290 }, { "Name":"Water", "Percent":37.916073 }, { "Name":"Nitrogen", "Percent":1.982410 } ], "Volcanism":"major silicate vapour geysers volcanism", "MassEM":4.487679, "Radius":9340151.000000, "SurfaceGravity":20.503283, "SurfaceTemperature":1360.315186, "SurfacePressure":101377448.000000, "Landable":false, "SemiMajorAxis":438230810624.000000, "Eccentricity":0.003033, "OrbitalInclination":-0.383252, "Periapsis":287.957245, "OrbitalPeriod":122498496.000000, "RotationPeriod":73505.796875, "AxialTilt":-0.464950 }
{ "timestamp":"2017-10-26T09:04:31Z", "event":"StartJump", "JumpType":"Hyperspace", "StarSystem":"Blu Thua RL-N c7-5", "StarClass":"G" }
{ "timestamp":"2017-10-26T09:04:36Z", "event":"Music", "MusicTrack":"NoTrack" }
{ "timestamp":"2017-10-26T09:04:49Z", "event":"FSDJump", "StarSystem":"Blu Thua RL-N c7-5", "StarPos":[1039.625,300.281,1829.625], "SystemAllegiance":"", "SystemEconomy":"$economy_None;", "SystemEconomy_Localised":"None", "SystemGovernment":"$government_None;", "SystemGovernment_Localised":"None", "SystemSecurity":"$GAlAXY_MAP_INFO_state_anarchy;", "SystemSecurity_Localised":"Anarchy", "Population":0, "JumpDist":24.892, "FuelUsed":3.605259, "FuelLevel":27.874741 }
{ "timestamp":"2017-10-26T09:04:50Z", "event":"Music", "MusicTrack":"Supercruise" }
{ "timestamp":"2017-10-26T09:05:02Z", "event":"Music", "MusicTrack":"SystemMap" }
{ "timestamp":"2017-10-26T09:05:15Z", "event":"Scan", "BodyName":"Blu Thua RL-N c7-5 A", "DistanceFromArrivalLS":0.000000, "StarType":"G", "StellarMass":0.847656, "Radius":578677696.000000, "AbsoluteMagnitude":5.506500, "Age_MY":9910, "SurfaceTemperature":5421.000000, "Luminosity":"Vab", "SemiMajorAxis":38653423616.000000, "Eccentricity":0.041780, "OrbitalInclination":-28.670792, "Periapsis":139.943130, "OrbitalPeriod":20069488.000000, "RotationPeriod":342007.125000, "AxialTilt":0.000000, "Rings":[ { "Name":"Blu Thua RL-N c7-5 A A Belt", "RingClass":"eRingClass_Metalic", "MassMT":4.486e+13, "InnerRad":9.8328e+08, "OuterRad":2.2837e+09 } ] }
{ "timestamp":"2017-10-26T09:05:40Z", "event":"Music", "MusicTrack":"Supercruise" }
{ "timestamp":"2017-10-26T09:06:09Z", "event":"FuelScoop", "Scooped":4.125275, "Total":32.000000 }
{ "timestamp":"2017-10-26T09:06:12Z", "event":"Music", "MusicTrack":"SystemMap" }
{ "timestamp":"2017-10-26T09:06:16Z", "event":"Music", "MusicTrack":"Supercruise" }
{ "timestamp":"2017-10-26T09:06:17Z", "event":"Music", "MusicTrack":"SystemMap" }
{ "timestamp":"2017-10-26T09:06:20Z", "event":"Music", "MusicTrack":"Supercruise" }
{ "timestamp":"2017-10-26T09:06:21Z", "event":"Music", "MusicTrack":"SystemMap" }
{ "timestamp":"2017-10-26T09:06:25Z", "event":"Music", "MusicTrack":"Supercruise" }
{ "timestamp":"2017-10-26T09:06:28Z", "event":"Music", "MusicTrack":"SystemMap" }
{ "timestamp":"2017-10-26T09:06:34Z", "event":"Music", "MusicTrack":"Supercruise" }
{ "timestamp":"2017-10-26T09:06:51Z", "event":"Scan", "BodyName":"Blu Thua RL-N c7-5 B", "DistanceFromArrivalLS":413.016541, "StarType":"M", "StellarMass":0.406250, "Radius":425581984.000000, "AbsoluteMagnitude":8.003082, "Age_MY":9910, "SurfaceTemperature":3558.000000, "Luminosity":"Va", "SemiMajorAxis":80652009472.000000, "Eccentricity":0.041780, "OrbitalInclination":-28.670792, "Periapsis":319.943146, "OrbitalPeriod":20069488.000000, "RotationPeriod":252394.984375, "AxialTilt":0.000000 }
{ "timestamp":"2017-10-26T09:10:12Z", "event":"Scan", "BodyName":"Blu Thua RL-N c7-5 C", "DistanceFromArrivalLS":12715.867188, "StarType":"K", "StellarMass":0.621094, "Radius":500973088.000000, "AbsoluteMagnitude":7.054169, "Age_MY":9910, "SurfaceTemperature":4080.000000, "Luminosity":"Va", "SemiMajorAxis":2665042411520.000000, "Eccentricity":0.103749, "OrbitalInclination":-3.547820, "Periapsis":334.753784, "OrbitalPeriod":3168099072.000000, "RotationPeriod":207351.437500, "AxialTilt":0.000000, "Rings":[ { "Name":"Blu Thua RL-N c7-5 C A Belt", "RingClass":"eRingClass_MetalRich", "MassMT":1.1026e+11, "InnerRad":8.6023e+08, "OuterRad":2.0588e+09 }, { "Name":"Blu Thua RL-N c7-5 C B Belt", "RingClass":"eRingClass_Rocky", "MassMT":2.2455e+14, "InnerRad":2.3192e+11, "OuterRad":3.6815e+11 } ] }
{ "timestamp":"2017-10-26T09:10:12Z", "event":"Music", "MusicTrack":"SystemMap" }
{ "timestamp":"2017-10-26T09:10:16Z", "event":"Music", "MusicTrack":"Supercruise" }
{ "timestamp":"2017-10-26T09:12:05Z", "event":"Scan", "BodyName":"Blu Thua RL-N c7-5 C 5", "DistanceFromArrivalLS":12320.359375, "TidalLock":false, "TerraformState":"Terraformable", "PlanetClass":"Water world", "Atmosphere":"thick ammonia atmosphere", "AtmosphereType":"Ammonia", "AtmosphereComposition":[ { "Name":"Ammonia", "Percent":74.465843 }, { "Name":"Nitrogen", "Percent":20.692585 }, { "Name":"Oxygen", "Percent":4.708683 } ], "Volcanism":"", "MassEM":0.787622, "Radius":5664340.000000, "SurfaceGravity":9.784273, "SurfaceTemperature":309.717773, "SurfacePressure":510526.125000, "Landable":false, "SemiMajorAxis":130853306368.000000, "Eccentricity":0.000210, "OrbitalInclination":-0.028638, "Periapsis":356.775879, "OrbitalPeriod":32754446.000000, "RotationPeriod":81812.968750, "AxialTilt":0.305455 }
{ "timestamp":"2017-10-26T09:13:18Z", "event":"Music", "MusicTrack":"SystemMap" }
{ "timestamp":"2017-10-26T09:13:25Z", "event":"Music", "MusicTrack":"Supercruise" }
{ "timestamp":"2017-10-26T09:13:44Z", "event":"StartJump", "JumpType":"Hyperspace", "StarSystem":"Blu Thua TG-N c7-3", "StarClass":"K" }
{ "timestamp":"2017-10-26T09:13:49Z", "event":"Music", "MusicTrack":"NoTrack" }
{ "timestamp":"2017-10-26T09:14:02Z", "event":"FSDJump", "StarSystem":"Blu Thua TG-N c7-3", "StarPos":[1045.531,285.063,1842.875], "SystemAllegiance":"", "SystemEconomy":"$economy_None;", "SystemEconomy_Localised":"None", "SystemGovernment":"$government_None;", "SystemGovernment_Localised":"None", "SystemSecurity":"$GAlAXY_MAP_INFO_state_anarchy;", "SystemSecurity_Localised":"Anarchy", "Population":0, "JumpDist":21.025, "FuelUsed":2.391635, "FuelLevel":29.608364 }
{ "timestamp":"2017-10-26T09:14:03Z", "event":"Music", "MusicTrack":"Supercruise" }
{ "timestamp":"2017-10-26T09:14:14Z", "event":"Music", "MusicTrack":"SystemMap" }
{ "timestamp":"2017-10-26T09:14:27Z", "event":"Scan", "BodyName":"Blu Thua TG-N c7-3", "DistanceFromArrivalLS":0.000000, "StarType":"K", "StellarMass":0.707031, "Radius":509229568.000000, "AbsoluteMagnitude":6.112823, "Age_MY":11376, "SurfaceTemperature":5026.000000, "Luminosity":"Vab", "RotationPeriod":249649.093750, "AxialTilt":0.000000, "Rings":[ { "Name":"Blu Thua TG-N c7-3 A Belt", "RingClass":"eRingClass_Rocky", "MassMT":1.1442e+14, "InnerRad":9.7959e+08, "OuterRad":2.1497e+09 }, { "Name":"Blu Thua TG-N c7-3 B Belt", "RingClass":"eRingClass_Rocky", "MassMT":2.6995e+14, "InnerRad":2.2333e+09, "OuterRad":1.4293e+11 } ] }
{ "timestamp":"2017-10-26T09:14:31Z", "event":"Music", "MusicTrack":"Supercruise" }
{ "timestamp":"2017-10-26T09:14:54Z", "event":"FuelScoop", "Scooped":2.391639, "Total":32.000000 }
{ "timestamp":"2017-10-26T09:15:10Z", "event":"Music", "MusicTrack":"SystemMap" }
{ "timestamp":"2017-10-26T09:15:13Z", "event":"Music", "MusicTrack":"Supercruise" }
{ "timestamp":"2017-10-26T09:15:21Z", "event":"Music", "MusicTrack":"SystemMap" }
{ "timestamp":"2017-10-26T09:15:23Z", "event":"Music", "MusicTrack":"Supercruise" }
{ "timestamp":"2017-10-26T09:15:32Z", "event":"Scan", "BodyName":"Blu Thua TG-N c7-3 1", "DistanceFromArrivalLS":755.422363, "TidalLock":false, "TerraformState":"", "PlanetClass":"Sudarsky class III gas giant", "Atmosphere":"", "AtmosphereComposition":[ { "Name":"Hydrogen", "Percent":74.485352 }, { "Name":"Helium", "Percent":25.514647 } ], "Volcanism":"", "MassEM":688.737183, "Radius":76765712.000000, "SurfaceGravity":46.583099, "SurfaceTemperature":253.727264, "SurfacePressure":0.000000, "Landable":false, "SemiMajorAxis":226891038720.000000, "Eccentricity":0.003239, "OrbitalInclination":0.013082, "Periapsis":200.323700, "OrbitalPeriod":69978408.000000, "RotationPeriod":87142.390625, "AxialTilt":-2.187589, "Rings":[ { "Name":"Blu Thua TG-N c7-3 1 A Ring", "RingClass":"eRingClass_Rocky", "MassMT":2.7641e+11, "InnerRad":1.5263e+08, "OuterRad":1.7991e+08 }, { "Name":"Blu Thua TG-N c7-3 1 B Ring", "RingClass":"eRingClass_Rocky", "MassMT":1.8934e+12, "InnerRad":1.8001e+08, "OuterRad":3.0744e+08 } ], "ReserveLevel":"PristineResources" }
{ "timestamp":"2017-10-26T09:15:32Z", "event":"Music", "MusicTrack":"SystemMap" }
{ "timestamp":"2017-10-26T09:15:35Z", "event":"Music", "MusicTrack":"Supercruise" }
{ "timestamp":"2017-10-26T09:16:16Z", "event":"Scan", "BodyName":"Blu Thua TG-N c7-3 2", "DistanceFromArrivalLS":1055.427246, "TidalLock":false, "TerraformState":"", "PlanetClass":"Gas giant with ammonia based life", "Atmosphere":"", "AtmosphereComposition":[ { "Name":"Hydrogen", "Percent":74.476906 }, { "Name":"Helium", "Percent":25.511747 } ], "Volcanism":"", "MassEM":70.999725, "Radius":53880052.000000, "SurfaceGravity":9.747877, "SurfaceTemperature":131.530365, "SurfacePressure":0.000000, "Landable":false, "SemiMajorAxis":316485173248.000000, "Eccentricity":0.000250, "OrbitalInclination":0.040263, "Periapsis":240.007782, "OrbitalPeriod":115283744.000000, "RotationPeriod":77227.554688, "AxialTilt":-0.442800, "Rings":[ { "Name":"Blu Thua TG-N c7-3 2 A Ring", "RingClass":"eRingClass_Icy", "MassMT":4.2611e+11, "InnerRad":8.4158e+07, "OuterRad":1.4415e+08 } ], "ReserveLevel":"PristineResources" }
{ "timestamp":"2017-10-26T09:16:26Z", "event":"Music", "MusicTrack":"SystemMap" }
{ "timestamp":"2017-10-26T09:16:31Z", "event":"Music", "MusicTrack":"Supercruise" }
{ "timestamp":"2017-10-26T09:17:03Z", "event":"Music", "MusicTrack":"SystemMap" }
{ "timestamp":"2017-10-26T09:17:07Z", "event":"Music", "MusicTrack":"Supercruise" }
{ "timestamp":"2017-10-26T09:18:30Z", "event":"Music", "MusicTrack":"SystemMap" }
{ "timestamp":"2017-10-26T09:18:33Z", "event":"Music", "MusicTrack":"Supercruise" }
{ "timestamp":"2017-10-26T09:18:44Z", "event":"Scan", "BodyName":"Blu Thua TG-N c7-3 3", "DistanceFromArrivalLS":1719.545410, "TidalLock":false, "TerraformState":"", "PlanetClass":"Sudarsky class I gas giant", "Atmosphere":"", "AtmosphereComposition":[ { "Name":"Hydrogen", "Percent":74.485359 }, { "Name":"Helium", "Percent":25.514650 } ], "Volcanism":"", "MassEM":9.112486, "Radius":19310946.000000, "SurfaceGravity":9.739556, "SurfaceTemperature":105.899155, "SurfacePressure":0.000000, "Landable":false, "SemiMajorAxis":447919718400.000000, "Eccentricity":0.159463, "OrbitalInclination":-31.622704, "Periapsis":318.606598, "OrbitalPeriod":194105696.000000, "RotationPeriod":111329.585938, "AxialTilt":-0.290203 }
{ "timestamp":"2017-10-26T09:19:12Z", "event":"StartJump", "JumpType":"Hyperspace", "StarSystem":"Blu Thua XM-L c8-4", "StarClass":"K" }
{ "timestamp":"2017-10-26T09:19:17Z", "event":"Music", "MusicTrack":"NoTrack" }
{ "timestamp":"2017-10-26T09:19:30Z", "event":"FSDJump", "StarSystem":"Blu Thua XM-L c8-4", "StarPos":[1051.594,270.000,1861.719], "SystemAllegiance":"", "SystemEconomy":"$economy_None;", "SystemEconomy_Localised":"None", "SystemGovernment":"$government_None;", "SystemGovernment_Localised":"None", "SystemSecurity":"$GAlAXY_MAP_INFO_state_anarchy;", "SystemSecurity_Localised":"Anarchy", "Population":0, "JumpDist":24.874, "FuelUsed":3.610636, "FuelLevel":28.389364 }
{ "timestamp":"2017-10-26T09:19:31Z", "event":"Music", "MusicTrack":"Supercruise" }
{ "timestamp":"2017-10-26T09:19:42Z", "event":"Music", "MusicTrack":"SystemMap" }
{ "timestamp":"2017-10-26T09:19:43Z", "event":"Music", "MusicTrack":"Supercruise" }
{ "timestamp":"2017-10-26T09:19:53Z", "event":"Scan", "BodyName":"Blu Thua XM-L c8-4 A", "DistanceFromArrivalLS":0.000000, "StarType":"K", "StellarMass":0.742188, "Radius":598947520.000000, "AbsoluteMagnitude":5.771622, "Age_MY":1890, "SurfaceTemperature":5013.000000, "Luminosity":"Vab", "SemiMajorAxis":1041810194432.000000, "Eccentricity":0.388114, "OrbitalInclination":-28.593670, "Periapsis":316.074188, "OrbitalPeriod":12422886400.000000, "RotationPeriod":268830.375000, "AxialTilt":0.000000 }
{ "timestamp":"2017-10-26T09:20:16Z", "event":"FuelScoop", "Scooped":3.610651, "Total":32.000000 }
{ "timestamp":"2017-10-26T09:21:58Z", "event":"StartJump", "JumpType":"Hyperspace", "StarSystem":"Blu Thua XN-T d3-26", "StarClass":"F" }
{ "timestamp":"2017-10-26T09:22:03Z", "event":"Music", "MusicTrack":"NoTrack" }
{ "timestamp":"2017-10-26T09:22:16Z", "event":"FSDJump", "StarSystem":"Blu Thua XN-T d3-26", "StarPos":[1053.531,271.094,1886.813], "SystemAllegiance":"", "SystemEconomy":"$economy_None;", "SystemEconomy_Localised":"None", "SystemGovernment":"$government_None;", "SystemGovernment_Localised":"None", "SystemSecurity":"$GAlAXY_MAP_INFO_state_anarchy;", "SystemSecurity_Localised":"Anarchy", "Population":0, "JumpDist":25.192, "FuelUsed":3.712639, "FuelLevel":27.767361 }
{ "timestamp":"2017-10-26T09:22:16Z", "event":"Music", "MusicTrack":"Supercruise" }
{ "timestamp":"2017-10-26T09:22:29Z", "event":"Music", "MusicTrack":"SystemMap" }
{ "timestamp":"2017-10-26T09:22:34Z", "event":"Music", "MusicTrack":"Supercruise" }
{ "timestamp":"2017-10-26T09:22:41Z", "event":"Scan", "BodyName":"Blu Thua XN-T d3-26", "DistanceFromArrivalLS":0.000000, "StarType":"F", "StellarMass":1.535156, "Radius":930715072.000000, "AbsoluteMagnitude":3.510910, "Age_MY":1454, "SurfaceTemperature":6767.000000, "Luminosity":"Vab", "RotationPeriod":108789.468750, "AxialTilt":0.000000 }
{ "timestamp":"2017-10-26T09:23:08Z", "event":"FuelScoop", "Scooped":4.232619, "Total":32.000000 }
{ "timestamp":"2017-10-26T09:23:39Z", "event":"StartJump", "JumpType":"Hyperspace", "StarSystem":"Blu Thua BT-J c9-6", "StarClass":"K" }
{ "timestamp":"2017-10-26T09:23:44Z", "event":"Music", "MusicTrack":"NoTrack" }
{ "timestamp":"2017-10-26T09:23:58Z", "event":"FSDJump", "StarSystem":"Blu Thua BT-J c9-6", "StarPos":[1045.906,270.750,1899.563], "SystemAllegiance":"", "SystemEconomy":"$economy_None;", "SystemEconomy_Localised":"None", "SystemGovernment":"$government_None;", "SystemGovernment_Localised":"None", "SystemSecurity":"$GAlAXY_MAP_INFO_state_anarchy;", "SystemSecurity_Localised":"Anarchy", "Population":0, "JumpDist":14.860, "FuelUsed":1.021888, "FuelLevel":30.978111 }
{ "timestamp":"2017-10-26T09:23:58Z", "event":"Music", "MusicTrack":"Supercruise" }
{ "timestamp":"2017-10-26T09:24:10Z", "event":"Music", "MusicTrack":"SystemMap" }
{ "timestamp":"2017-10-26T09:24:16Z", "event":"Music", "MusicTrack":"Supercruise" }
{ "timestamp":"2017-10-26T09:24:22Z", "event":"Scan", "BodyName":"Blu Thua BT-J c9-6", "DistanceFromArrivalLS":0.000000, "StarType":"K", "StellarMass":0.730469, "Radius":556242880.000000, "AbsoluteMagnitude":6.507782, "Age_MY":7488, "SurfaceTemperature":4391.000000, "Luminosity":"Va", "RotationPeriod":304550.375000, "AxialTilt":0.000000, "Rings":[ { "Name":"Blu Thua BT-J c9-6 A Belt", "RingClass":"eRingClass_MetalRich", "MassMT":1.1336e+14, "InnerRad":1.0554e+09, "OuterRad":2.1732e+09 } ] }
{ "timestamp":"2017-10-26T09:24:40Z", "event":"FuelScoop", "Scooped":1.021904, "Total":32.000000 }
{ "timestamp":"2017-10-26T09:25:10Z", "event":"StartJump", "JumpType":"Hyperspace", "StarSystem":"Blu Thua BU-R d4-17", "StarClass":"A" }
{ "timestamp":"2017-10-26T09:25:16Z", "event":"Music", "MusicTrack":"NoTrack" }
{ "timestamp":"2017-10-26T09:25:29Z", "event":"FSDJump", "StarSystem":"Blu Thua BU-R d4-17", "StarPos":[1034.844,254.313,1915.063], "SystemAllegiance":"", "SystemEconomy":"$economy_None;", "SystemEconomy_Localised":"None", "SystemGovernment":"$government_None;", "SystemGovernment_Localised":"None", "SystemSecurity":"$GAlAXY_MAP_INFO_state_anarchy;", "SystemSecurity_Localised":"Anarchy", "Population":0, "JumpDist":25.156, "FuelUsed":3.711512, "FuelLevel":28.288488 }
{ "timestamp":"2017-10-26T09:25:29Z", "event":"Music", "MusicTrack":"Supercruise" }
{ "timestamp":"2017-10-26T09:25:40Z", "event":"Music", "MusicTrack":"SystemMap" }
{ "timestamp":"2017-10-26T09:25:52Z", "event":"Scan", "BodyName":"Blu Thua BU-R d4-17", "DistanceFromArrivalLS":0.000000, "StarType":"A", "StellarMass":1.703125, "Radius":1055963776.000000, "AbsoluteMagnitude":2.104446, "Age_MY":2320, "SurfaceTemperature":8782.000000, "Luminosity":"VI", "RotationPeriod":65712.000000, "AxialTilt":0.000000, "Rings":[ { "Name":"Blu Thua BU-R d4-17 A Belt", "RingClass":"eRingClass_Rocky", "MassMT":5.3439e+15, "InnerRad":3.583e+09, "OuterRad":2.2931e+11 } ] }
{ "timestamp":"2017-10-26T09:27:33Z", "event":"Music", "MusicTrack":"Supercruise" }
{ "timestamp":"2017-10-26T09:28:03Z", "event":"FuelScoop", "Scooped":3.711516, "Total":32.000000 }
{ "timestamp":"2017-10-26T09:29:00Z", "event":"StartJump", "JumpType":"Hyperspace", "StarSystem":"Blu Thua HU-H c10-0", "StarClass":"K" }
{ "timestamp":"2017-10-26T09:29:06Z", "event":"Music", "MusicTrack":"NoTrack" }
{ "timestamp":"2017-10-26T09:29:19Z", "event":"FSDJump", "StarSystem":"Blu Thua HU-H c10-0", "StarPos":[1025.781,254.094,1936.031], "SystemAllegiance":"", "SystemEconomy":"$economy_None;", "SystemEconomy_Localised":"None", "SystemGovernment":"$government_None;", "SystemGovernment_Localised":"None", "SystemSecurity":"$GAlAXY_MAP_INFO_state_anarchy;", "SystemSecurity_Localised":"Anarchy", "Population":0, "JumpDist":22.844, "FuelUsed":2.930979, "FuelLevel":29.069021 }
{ "timestamp":"2017-10-26T09:29:19Z", "event":"Music", "MusicTrack":"Supercruise" }
{ "timestamp":"2017-10-26T09:29:30Z", "event":"Music", "MusicTrack":"SystemMap" }
{ "timestamp":"2017-10-26T09:29:36Z", "event":"Music", "MusicTrack":"Supercruise" }
{ "timestamp":"2017-10-26T09:29:38Z", "event":"Music", "MusicTrack":"SystemMap" }
{ "timestamp":"2017-10-26T09:29:40Z", "event":"Music", "MusicTrack":"Supercruise" }
{ "timestamp":"2017-10-26T09:29:42Z", "event":"Scan", "BodyName":"Blu Thua HU-H c10-0 A", "DistanceFromArrivalLS":0.000000, "StarType":"K", "StellarMass":0.679688, "Radius":503541280.000000, "AbsoluteMagnitude":7.035614, "Age_MY":7678, "SurfaceTemperature":4087.000000, "Luminosity":"Va", "SemiMajorAxis":1363107512320.000000, "Eccentricity":0.120120, "OrbitalInclination":-3.222645, "Periapsis":90.020485, "OrbitalPeriod":3649640448.000000, "RotationPeriod":243487.437500, "AxialTilt":0.000000 }
{ "timestamp":"2017-10-26T09:29:42Z", "event":"Music", "MusicTrack":"SystemMap" }
{ "timestamp":"2017-10-26T09:29:45Z", "event":"Music", "MusicTrack":"Supercruise" }
{ "timestamp":"2017-10-26T09:30:04Z", "event":"FuelScoop", "Scooped":2.930985, "Total":32.000000 }
{ "timestamp":"2017-10-26T09:30:27Z", "event":"Scan", "BodyName":"Blu Thua HU-H c10-0 A 2", "DistanceFromArrivalLS":853.139709, "TidalLock":false, "TerraformState":"", "PlanetClass":"Sudarsky class III gas giant", "Atmosphere":"", "AtmosphereComposition":[ { "Name":"Hydrogen", "Percent":75.328598 }, { "Name":"Helium", "Percent":24.671392 } ], "Volcanism":"", "MassEM":968.710632, "Radius":71114888.000000, "SurfaceGravity":76.345322, "SurfaceTemperature":312.154327, "SurfacePressure":0.000000, "Landable":false, "SemiMajorAxis":192363511808.000000, "Eccentricity":0.343891, "OrbitalInclination":-94.499054, "Periapsis":9.274615, "OrbitalPeriod":55690468.000000, "RotationPeriod":181783.140625, "AxialTilt":-0.099920 }
{ "timestamp":"2017-10-26T09:30:45Z", "event":"StartJump", "JumpType":"Hyperspace", "StarSystem":"Blu Thua BU-R d4-8", "StarClass":"F" }
{ "timestamp":"2017-10-26T09:30:51Z", "event":"Music", "MusicTrack":"NoTrack" }
{ "timestamp":"2017-10-26T09:31:04Z", "event":"FSDJump", "StarSystem":"Blu Thua BU-R d4-8", "StarPos":[1044.750,261.938,1949.156], "SystemAllegiance":"", "SystemEconomy":"$economy_None;", "SystemEconomy_Localised":"None", "SystemGovernment":"$government_None;", "SystemGovernment_Localised":"None", "SystemSecurity":"$GAlAXY_MAP_INFO_state_anarchy;", "SystemSecurity_Localised":"Anarchy", "Population":0, "JumpDist":24.364, "FuelUsed":3.431880, "FuelLevel":28.568119 }
{ "timestamp":"2017-10-26T09:31:04Z", "event":"Music", "MusicTrack":"Supercruise" }
{ "timestamp":"2017-10-26T09:31:13Z", "event":"Music", "MusicTrack":"SystemMap" }
{ "timestamp":"2017-10-26T09:31:27Z", "event":"Scan", "BodyName":"Blu Thua BU-R d4-8 A", "DistanceFromArrivalLS":0.000000, "StarType":"F", "StellarMass":1.191406, "Radius":842673984.000000, "AbsoluteMagnitude":3.869659, "Age_MY":2678, "SurfaceTemperature":6548.000000, "Luminosity":"Vb", "SemiMajorAxis":48157291446272.000000, "Eccentricity":0.169876, "OrbitalInclination":57.584831, "Periapsis":32.183296, "OrbitalPeriod":598463545344.000000, "RotationPeriod":424403.500000, "AxialTilt":0.000000, "Rings":[ { "Name":"Blu Thua BU-R d4-8 A A Belt", "RingClass":"eRingClass_MetalRich", "MassMT":2.0634e+16, "InnerRad":7.0901e+09, "OuterRad":4.5377e+11 } ] }
{ "timestamp":"2017-10-26T09:31:42Z", "event":"Music", "MusicTrack":"Supercruise" }
{ "timestamp":"2017-10-26T09:32:06Z", "event":"FuelScoop", "Scooped":3.431893, "Total":32.000000 }
{ "timestamp":"2017-10-26T09:32:28Z", "event":"Music", "MusicTrack":"SystemMap" }
{ "timestamp":"2017-10-26T09:32:35Z", "event":"Music", "MusicTrack":"Supercruise" }
{ "timestamp":"2017-10-26T09:32:39Z", "event":"Music", "MusicTrack":"SystemMap" }
{ "timestamp":"2017-10-26T09:32:44Z", "event":"Music", "MusicTrack":"Supercruise" }
{ "timestamp":"2017-10-26T09:32:45Z", "event":"Music", "MusicTrack":"SystemMap" }
{ "timestamp":"2017-10-26T09:32:53Z", "event":"Music", "MusicTrack":"Supercruise" }
{ "timestamp":"2017-10-26T09:32:57Z", "event":"Music", "MusicTrack":"SystemMap" }
{ "timestamp":"2017-10-26T09:32:58Z", "event":"Music", "MusicTrack":"Supercruise" }
