{ "timestamp":"2017-10-23T12:08:05Z", "event":"Fileheader", "part":1, "language":"English\\UK", "gameversion":"2.4", "build":"r156431/r0 " }
{ "timestamp":"2017-10-23T12:08:05Z", "event":"Music", "MusicTrack":"NoTrack" }
{ "timestamp":"2017-10-23T12:08:05Z", "event":"Music", "MusicTrack":"MainMenu" }
{ "timestamp":"2017-10-23T12:10:13Z", "event":"Cargo", "Inventory":[  ] }
{ "timestamp":"2017-10-23T12:10:13Z", "event":"Loadout", "Ship":"DiamondBackXL", "ShipID":2, "ShipName":"KONNYAKU", "ShipIdent":"IG-E01", "Modules":[ { "Slot":"LargeHardpoint1", "Item":"Hpt_PulseLaser_Gimbal_Large", "On":true, "Priority":2, "Health":0.968937, "Value":140600 }, { "Slot":"MediumHardpoint2", "Item":"Hpt_MiningLaser_Fixed_Small", "On":true, "Priority":1, "Health":0.964389, "Value":6800 }, { "Slot":"TinyHardpoint1", "Item":"Hpt_HeatSinkLauncher_Turret_Tiny", "On":true, "Priority":0, "AmmoInClip":1, "AmmoInHopper":2, "Health":0.968775, "Value":3500 }, { "Slot":"TinyHardpoint2", "Item":"Hpt_HeatSinkLauncher_Turret_Tiny", "On":true, "Priority":0, "AmmoInClip":1, "AmmoInHopper":2, "Health":0.976092, "Value":3500 }, { "Slot":"TinyHardpoint4", "Item":"Hpt_ChaffLauncher_Tiny", "On":true, "Priority":1, "AmmoInClip":1, "AmmoInHopper":10, "Health":0.937388, "Value":8500 }, { "Slot":"Armour", "Item":"DiamondBackXL_Armour_Grade1", "On":true, "Priority":1, "Health":1.000000, "Value":0 }, { "Slot":"PowerPlant", "Item":"Int_Powerplant_Size4_Class4", "On":true, "Priority":1, "Health":0.975617, "Value":536693 }, { "Slot":"MainEngines", "Item":"Int_Engine_Size4_Class4", "On":true, "Priority":0, "Health":0.995336, "Value":536693 }, { "Slot":"FrameShiftDrive", "Item":"Int_Hyperdrive_Size5_Class4", "On":true, "Priority":0, "Health":0.992090, "Value":1701318 }, { "Slot":"LifeSupport", "Item":"Int_LifeSupport_Size3_Class2", "On":true, "Priority":0, "Health":0.963117, "Value":10133 }, { "Slot":"PowerDistributor", "Item":"Int_PowerDistributor_Size4_Class2", "On":true, "Priority":0, "Health":0.948296, "Value":28373 }, { "Slot":"Radar", "Item":"Int_Sensors_Size3_Class2", "On":true, "Priority":3, "Health":0.979704, "Value":10133 }, { "Slot":"FuelTank", "Item":"Int_FuelTank_Size5_Class3", "On":true, "Priority":1, "Health":1.000000, "Value":97754 }, { "Slot":"Decal1", "Item":"Decal_Explorer_Surveyor", "On":true, "Priority":1, "Health":1.000000, "Value":0 }, { "Slot":"Decal2", "Item":"Decal_Explorer_Surveyor", "On":true, "Priority":1, "Health":1.000000, "Value":0 }, { "Slot":"Decal3", "Item":"Decal_Explorer_Surveyor", "On":true, "Priority":1, "Health":1.000000, "Value":0 }, { "Slot":"Slot01_Size4", "Item":"Int_ShieldGenerator_Size4_Class1", "On":true, "Priority":1, "Health":0.983179, "Value":19878 }, { "Slot":"Slot02_Size4", "Item":"Int_FuelScoop_Size4_Class4", "On":true, "Priority":3, "Health":0.969165, "Value":715591 }, { "Slot":"Slot03_Size3", "Item":"Int_BuggyBay_Size2_Class2", "On":true, "Priority":0, "Health":0.985582, "Value":21600 }, { "Slot":"Slot04_Size3", "Item":"Int_Repairer_Size3_Class2", "On":true, "Priority":0, "AmmoInClip":2904, "Health":0.955449, "Value":97200 }, { "Slot":"Slot05_Size2", "Item":"Int_StellarBodyDiscoveryScanner_Advanced", "On":true, "Priority":1, "Health":0.982367, "Value":1545000 }, { "Slot":"Slot06_Size2", "Item":"Int_DetailedSurfaceScanner_Tiny", "On":true, "Priority":1, "Health":1.000000, "Value":250000 }, { "Slot":"PlanetaryApproachSuite", "Item":"Int_PlanetApproachSuite", "On":true, "Priority":1, "Health":1.000000, "Value":500 }, { "Slot":"ShipCockpit", "Item":"DiamondBackXL_Cockpit", "On":true, "Priority":1, "Health":0.982077, "Value":0 }, { "Slot":"CargoHatch", "Item":"ModularCargoBayDoor", "On":true, "Priority":2, "Health":0.955258, "Value":0 } ] }
{ "timestamp":"2017-10-23T12:10:13Z", "event":"Materials", "Raw":[ { "Name":"carbon", "Count":2 }, { "Name":"iron", "Count":3 } ], "Manufactured":[ { "Name":"mechanicalscrap", "Count":8 }, { "Name":"gridresistors", "Count":3 }, { "Name":"heatdispersionplate", "Count":5 }, { "Name":"salvagedalloys", "Count":6 }, { "Name":"hybridcapacitors", "Count":5 }, { "Name":"heatconductionwiring", "Count":2 } ], "Encoded":[ { "Name":"shieldsoakanalysis", "Count":3 }, { "Name":"disruptedwakeechoes", "Count":5 }, { "Name":"shieldcyclerecordings", "Count":9 }, { "Name":"emissiondata", "Count":3 }, { "Name":"bulkscandata", "Count":9 }, { "Name":"scrambledemissiondata", "Count":7 }, { "Name":"archivedemissiondata", "Count":3 }, { "Name":"shielddensityreports", "Count":9 }, { "Name":"legacyfirmware", "Count":1 } ] }
{ "timestamp":"2017-10-23T12:10:13Z", "event":"LoadGame", "Commander":"Igaguri", "Ship":"DiamondBackXL", "ShipID":2, "ShipName":"KONNYAKU", "ShipIdent":"IG-E01", "FuelLevel":28.168377, "FuelCapacity":32.000000, "GameMode":"Solo", "Credits":726550, "Loan":0 }
{ "timestamp":"2017-10-23T12:10:13Z", "event":"Rank", "Combat":1, "Trade":4, "Explore":4, "Empire":0, "Federation":1, "CQC":0 }
{ "timestamp":"2017-10-23T12:10:13Z", "event":"Progress", "Combat":26, "Trade":1, "Explore":9, "Empire":0, "Federation":100, "CQC":0 }
{ "timestamp":"2017-10-23T12:10:21Z", "event":"Location", "Docked":false, "StarSystem":"Praea Euq VG-I c24-4", "StarPos":[636.344,451.906,1278.875], "SystemAllegiance":"", "SystemEconomy":"$economy_None;", "SystemEconomy_Localised":"None", "SystemGovernment":"$government_None;", "SystemGovernment_Localised":"None", "SystemSecurity":"$GAlAXY_MAP_INFO_state_anarchy;", "SystemSecurity_Localised":"Anarchy", "Population":0, "Body":"Praea Euq VG-I c24-4 A", "BodyType":"Star" }
{ "timestamp":"2017-10-23T12:10:22Z", "event":"Music", "MusicTrack":"NoTrack" }
{ "timestamp":"2017-10-23T12:10:22Z", "event":"Music", "MusicTrack":"Exploration" }
{ "timestamp":"2017-10-23T12:10:26Z", "event":"Music", "MusicTrack":"SystemMap" }
{ "timestamp":"2017-10-23T12:10:33Z", "event":"Music", "MusicTrack":"Exploration" }
{ "timestamp":"2017-10-23T12:10:37Z", "event":"Music", "MusicTrack":"GalaxyMap" }
{ "timestamp":"2017-10-23T12:11:10Z", "event":"Music", "MusicTrack":"Exploration" }
{ "timestamp":"2017-10-23T12:11:15Z", "event":"Music", "MusicTrack":"SystemMap" }
{ "timestamp":"2017-10-23T12:11:18Z", "event":"Music", "MusicTrack":"Exploration" }
{ "timestamp":"2017-10-23T12:11:51Z", "event":"StartJump", "JumpType":"Supercruise" }
{ "timestamp":"2017-10-23T12:11:56Z", "event":"SupercruiseEntry", "StarSystem":"Praea Euq VG-I c24-4" }
{ "timestamp":"2017-10-23T12:11:56Z", "event":"Music", "MusicTrack":"Supercruise" }
{ "timestamp":"2017-10-23T12:12:22Z", "event":"FuelScoop", "Scooped":3.831630, "Total":32.000000 }
{ "timestamp":"2017-10-23T12:12:41Z", "event":"StartJump", "JumpType":"Hyperspace", "StarSystem":"Praea Euq ZA-E d12-15", "StarClass":"A" }
{ "timestamp":"2017-10-23T12:12:47Z", "event":"Music", "MusicTrack":"NoTrack" }
{ "timestamp":"2017-10-23T12:13:00Z", "event":"FSDJump", "StarSystem":"Praea Euq ZA-E d12-15", "StarPos":[655.063,448.000,1284.938], "SystemAllegiance":"", "SystemEconomy":"$economy_None;", "SystemEconomy_Localised":"None", "SystemGovernment":"$government_None;", "SystemGovernment_Localised":"None", "SystemSecurity":"$GAlAXY_MAP_INFO_state_anarchy;", "SystemSecurity_Localised":"Anarchy", "Population":0, "JumpDist":20.060, "FuelUsed":2.131576, "FuelLevel":29.868423 }
{ "timestamp":"2017-10-23T12:13:00Z", "event":"Music", "MusicTrack":"Supercruise" }
{ "timestamp":"2017-10-23T12:13:11Z", "event":"Music", "MusicTrack":"SystemMap" }
{ "timestamp":"2017-10-23T12:13:24Z", "event":"Music", "MusicTrack":"Supercruise" }
{ "timestamp":"2017-10-23T12:13:25Z", "event":"Scan", "BodyName":"Praea Euq ZA-E d12-15 A", "DistanceFromArrivalLS":0.000000, "StarType":"A", "StellarMass":1.675781, "Radius":1027373568.000000, "AbsoluteMagnitude":2.450821, "Age_MY":2452, "SurfaceTemperature":8221.000000, "Luminosity":"Vab", "SemiMajorAxis":17360403562496.000000, "Eccentricity":0.031150, "OrbitalInclination":-1.055285, "Periapsis":200.566208, "OrbitalPeriod":100427595776.000000, "RotationPeriod":73420.390625, "AxialTilt":0.000000, "Rings":[ { "Name":"Praea Euq ZA-E d12-15 A A Belt", "RingClass":"eRingClass_Rocky", "MassMT":9.6385e+15, "InnerRad":3.0195e+09, "OuterRad":4.8695e+11 } ] }
{ "timestamp":"2017-10-23T12:13:27Z", "event":"Music", "MusicTrack":"SystemMap" }
{ "timestamp":"2017-10-23T12:14:01Z", "event":"Music", "MusicTrack":"Supercruise" }
{ "timestamp":"2017-10-23T12:14:30Z", "event":"FuelScoop", "Scooped":2.651574, "Total":32.000000 }
{ "timestamp":"2017-10-23T12:15:10Z", "event":"StartJump", "JumpType":"Hyperspace", "StarSystem":"Praea Euq YE-N b50-1", "StarClass":"TTS" }
{ "timestamp":"2017-10-23T12:15:16Z", "event":"Music", "MusicTrack":"NoTrack" }
{ "timestamp":"2017-10-23T12:15:29Z", "event":"FSDJump", "StarSystem":"Praea Euq YE-N b50-1", "StarPos":[674.781,451.125,1299.188], "SystemAllegiance":"", "SystemEconomy":"$economy_None;", "SystemEconomy_Localised":"None", "SystemGovernment":"$government_None;", "SystemGovernment_Localised":"None", "SystemSecurity":"$GAlAXY_MAP_INFO_state_anarchy;", "SystemSecurity_Localised":"Anarchy", "Population":0, "JumpDist":24.529, "FuelUsed":3.488615, "FuelLevel":28.511385 }
{ "timestamp":"2017-10-23T12:15:29Z", "event":"Music", "MusicTrack":"Supercruise" }
{ "timestamp":"2017-10-23T12:15:40Z", "event":"Music", "MusicTrack":"SystemMap" }
{ "timestamp":"2017-10-23T12:15:47Z", "event":"Music", "MusicTrack":"Supercruise" }
{ "timestamp":"2017-10-23T12:15:52Z", "event":"Scan", "BodyName":"Praea Euq YE-N b50-1 A", "DistanceFromArrivalLS":0.000000, "StarType":"TTS", "StellarMass":0.343750, "Radius":379078048.000000, "AbsoluteMagnitude":8.712372, "Age_MY":210, "SurfaceTemperature":3202.000000, "Luminosity":"Va", "SemiMajorAxis":76009283584.000000, "Eccentricity":0.293864, "OrbitalInclination":-8.179346, "Periapsis":206.734055, "OrbitalPeriod":112522688.000000, "RotationPeriod":234925.281250, "AxialTilt":0.000000, "Rings":[ { "Name":"Praea Euq YE-N b50-1 A A Belt", "RingClass":"eRingClass_MetalRich", "MassMT":6.8998e+12, "InnerRad":6.2548e+08, "OuterRad":1.7865e+09 } ] }
{ "timestamp":"2017-10-23T12:16:17Z", "event":"StartJump", "JumpType":"Hyperspace", "StarSystem":"Praea Euq AN-G c25-5", "StarClass":"K" }
{ "timestamp":"2017-10-23T12:16:22Z", "event":"Music", "MusicTrack":"NoTrack" }
{ "timestamp":"2017-10-23T12:16:35Z", "event":"FSDJump", "StarSystem":"Praea Euq AN-G c25-5", "StarPos":[660.906,443.031,1318.531], "SystemAllegiance":"", "SystemEconomy":"$economy_None;", "SystemEconomy_Localised":"None", "SystemGovernment":"$government_None;", "SystemGovernment_Localised":"None", "SystemSecurity":"$GAlAXY_MAP_INFO_state_anarchy;", "SystemSecurity_Localised":"Anarchy", "Population":0, "JumpDist":25.144, "FuelUsed":3.626388, "FuelLevel":24.884996 }
{ "timestamp":"2017-10-23T12:16:36Z", "event":"Music", "MusicTrack":"Supercruise" }
{ "timestamp":"2017-10-23T12:16:47Z", "event":"Music", "MusicTrack":"SystemMap" }
{ "timestamp":"2017-10-23T12:16:49Z", "event":"Music", "MusicTrack":"Supercruise" }
{ "timestamp":"2017-10-23T12:16:59Z", "event":"Scan", "BodyName":"Praea Euq AN-G c25-5 A", "DistanceFromArrivalLS":0.000000, "StarType":"K", "StellarMass":0.679688, "Radius":557707392.000000, "AbsoluteMagnitude":6.263397, "Age_MY":442, "SurfaceTemperature":4639.000000, "Luminosity":"Va", "SemiMajorAxis":530249023488.000000, "Eccentricity":0.393774, "OrbitalInclination":29.485100, "Periapsis":215.920670, "OrbitalPeriod":883107072.000000, "RotationPeriod":196234.953125, "AxialTilt":0.000000 }
{ "timestamp":"2017-10-23T12:18:23Z", "event":"Scan", "BodyName":"Praea Euq AN-G c25-5 B", "DistanceFromArrivalLS":5348.825195, "StarType":"M", "StellarMass":0.406250, "Radius":375745728.000000, "AbsoluteMagnitude":8.771088, "Age_MY":442, "SurfaceTemperature":3173.000000, "Luminosity":"Va", "SemiMajorAxis":887147397120.000000, "Eccentricity":0.393774, "OrbitalInclination":29.485100, "Periapsis":35.920658, "OrbitalPeriod":883107072.000000, "RotationPeriod":141325.328125, "AxialTilt":0.000000 }
{ "timestamp":"2017-10-23T12:18:54Z", "event":"StartJump", "JumpType":"Hyperspace", "StarSystem":"Praea Euq CL-L b51-0", "StarClass":"TTS" }
{ "timestamp":"2017-10-23T12:18:59Z", "event":"Music", "MusicTrack":"NoTrack" }
{ "timestamp":"2017-10-23T12:19:12Z", "event":"FSDJump", "StarSystem":"Praea Euq CL-L b51-0", "StarPos":[670.125,438.750,1334.813], "SystemAllegiance":"", "SystemEconomy":"$economy_None;", "SystemEconomy_Localised":"None", "SystemGovernment":"$government_None;", "SystemGovernment_Localised":"None", "SystemSecurity":"$GAlAXY_MAP_INFO_state_anarchy;", "SystemSecurity_Localised":"Anarchy", "Population":0, "JumpDist":19.194, "FuelUsed":1.828540, "FuelLevel":23.056456 }
{ "timestamp":"2017-10-23T12:19:13Z", "event":"Music", "MusicTrack":"Supercruise" }
{ "timestamp":"2017-10-23T12:19:26Z", "event":"Music", "MusicTrack":"SystemMap" }
{ "timestamp":"2017-10-23T12:19:29Z", "event":"Music", "MusicTrack":"Supercruise" }
{ "timestamp":"2017-10-23T12:19:36Z", "event":"Scan", "BodyName":"Praea Euq CL-L b51-0 A", "DistanceFromArrivalLS":0.000000, "StarType":"TTS", "StellarMass":0.257813, "Radius":314999840.000000, "AbsoluteMagnitude":11.090012, "Age_MY":140, "SurfaceTemperature":2032.000000, "Luminosity":"VI", "SemiMajorAxis":160472711168.000000, "Eccentricity":0.337139, "OrbitalInclination":8.819990, "Periapsis":69.416824, "OrbitalPeriod":341214272.000000, "RotationPeriod":139619.265625, "AxialTilt":0.000000 }
{ "timestamp":"2017-10-23T12:19:37Z", "event":"Music", "MusicTrack":"SystemMap" }
{ "timestamp":"2017-10-23T12:19:39Z", "event":"Music", "MusicTrack":"Supercruise" }
{ "timestamp":"2017-10-23T12:20:00Z", "event":"Music", "MusicTrack":"SystemMap" }
{ "timestamp":"2017-10-23T12:20:01Z", "event":"Music", "MusicTrack":"Supercruise" }
{ "timestamp":"2017-10-23T12:20:21Z", "event":"Scan", "BodyName":"Praea Euq CL-L b51-0 B", "DistanceFromArrivalLS":2329.929932, "StarType":"TTS", "StellarMass":0.113281, "Radius":191937440.000000, "AbsoluteMagnitude":14.661667, "Age_MY":140, "SurfaceTemperature":1144.000000, "Luminosity":"VI", "SemiMajorAxis":365213876224.000000, "Eccentricity":0.337139, "OrbitalInclination":8.819990, "Periapsis":249.416840, "OrbitalPeriod":341214272.000000, "RotationPeriod":82364.460938, "AxialTilt":0.000000 }
{ "timestamp":"2017-10-23T12:20:52Z", "event":"StartJump", "JumpType":"Hyperspace", "StarSystem":"Praea Euq JM-J b52-0", "StarClass":"TTS" }
{ "timestamp":"2017-10-23T12:20:58Z", "event":"Music", "MusicTrack":"NoTrack" }
{ "timestamp":"2017-10-23T12:21:11Z", "event":"FSDJump", "StarSystem":"Praea Euq JM-J b52-0", "StarPos":[688.250,427.906,1340.094], "SystemAllegiance":"", "SystemEconomy":"$economy_None;", "SystemEconomy_Localised":"None", "SystemGovernment":"$government_None;", "SystemGovernment_Localised":"None", "SystemSecurity":"$GAlAXY_MAP_INFO_state_anarchy;", "SystemSecurity_Localised":"Anarchy", "Population":0, "JumpDist":21.771, "FuelUsed":2.460876, "FuelLevel":20.595579 }
{ "timestamp":"2017-10-23T12:21:11Z", "event":"Music", "MusicTrack":"Supercruise" }
{ "timestamp":"2017-10-23T12:21:25Z", "event":"Music", "MusicTrack":"SystemMap" }
{ "timestamp":"2017-10-23T12:21:32Z", "event":"Music", "MusicTrack":"Supercruise" }
{ "timestamp":"2017-10-23T12:21:34Z", "event":"Scan", "BodyName":"Praea Euq JM-J b52-0 A", "DistanceFromArrivalLS":0.000000, "StarType":"TTS", "StellarMass":0.425781, "Radius":436852416.000000, "AbsoluteMagnitude":7.689133, "Age_MY":44, "SurfaceTemperature":3775.000000, "Luminosity":"Va", "SemiMajorAxis":66328543100928.000000, "Eccentricity":0.282916, "OrbitalInclination":-37.227875, "Periapsis":204.955948, "OrbitalPeriod":936706899968.000000, "RotationPeriod":223301.718750, "AxialTilt":0.000000, "Rings":[ { "Name":"Praea Euq JM-J b52-0 A A Belt", "RingClass":"eRingClass_Metalic", "MassMT":8.7085e+13, "InnerRad":7.233e+08, "OuterRad":1.8154e+09 } ] }
{ "timestamp":"2017-10-23T12:21:37Z", "event":"Music", "MusicTrack":"SystemMap" }
{ "timestamp":"2017-10-23T12:21:40Z", "event":"Music", "MusicTrack":"Supercruise" }
{ "timestamp":"2017-10-23T12:21:45Z", "event":"Music", "MusicTrack":"GalaxyMap" }
{ "timestamp":"2017-10-23T12:21:49Z", "event":"Music", "MusicTrack":"Supercruise" }
{ "timestamp":"2017-10-23T12:21:53Z", "event":"Music", "MusicTrack":"GalaxyMap" }
{ "timestamp":"2017-10-23T12:22:02Z", "event":"Music", "MusicTrack":"Supercruise" }
{ "timestamp":"2017-10-23T12:22:05Z", "event":"Music", "MusicTrack":"GalaxyMap" }
{ "timestamp":"2017-10-23T12:23:23Z", "event":"Music", "MusicTrack":"Supercruise" }
{ "timestamp":"2017-10-23T12:23:50Z", "event":"Music", "MusicTrack":"SystemMap" }
{ "timestamp":"2017-10-23T12:23:52Z", "event":"Music", "MusicTrack":"Supercruise" }
{ "timestamp":"2017-10-23T12:23:57Z", "event":"Music", "MusicTrack":"SystemMap" }
{ "timestamp":"2017-10-23T12:23:59Z", "event":"Music", "MusicTrack":"Supercruise" }
{ "timestamp":"2017-10-23T12:24:27Z", "event":"Scan", "BodyName":"Praea Euq JM-J b52-0 A 1", "DistanceFromArrivalLS":1021.356628, "TidalLock":false, "TerraformState":"", "PlanetClass":"Gas giant with water based life", "Atmosphere":"", "AtmosphereComposition":[ { "Name":"Hydrogen", "Percent":74.063606 }, { "Name":"Helium", "Percent":25.890116 } ], "Volcanism":"", "MassEM":932.679626, "Radius":77486536.000000, "SurfaceGravity":61.914074, "SurfaceTemperature":244.568665, "SurfacePressure":0.000000, "Landable":false, "SemiMajorAxis":306382110720.000000, "Eccentricity":0.000635, "OrbitalInclination":-0.247584, "Periapsis":34.784481, "OrbitalPeriod":140482944.000000, "RotationPeriod":99015.203125, "AxialTilt":-0.391582 }
{ "timestamp":"2017-10-23T12:24:28Z", "event":"Music", "MusicTrack":"SystemMap" }
{ "timestamp":"2017-10-23T12:24:33Z", "event":"Music", "MusicTrack":"Supercruise" }
{ "timestamp":"2017-10-23T12:25:22Z", "event":"Scan", "BodyName":"Praea Euq JM-J b52-0 A 2", "DistanceFromArrivalLS":1741.501709, "TidalLock":false, "TerraformState":"", "PlanetClass":"Sudarsky class III gas giant", "Atmosphere":"", "AtmosphereComposition":[ { "Name":"Hydrogen", "Percent":74.097893 }, { "Name":"Helium", "Percent":25.902102 } ], "Volcanism":"", "MassEM":1114.720337, "Radius":77265336.000000, "SurfaceGravity":74.422783, "SurfaceTemperature":264.722382, "SurfacePressure":0.000000, "Landable":false, "SemiMajorAxis":4268142336.000000, "Eccentricity":0.009803, "OrbitalInclination":-6.620640, "Periapsis":130.222000, "OrbitalPeriod":15980098.000000, "RotationPeriod":118150.921875, "AxialTilt":-0.007960 }
{ "timestamp":"2017-10-23T12:25:40Z", "event":"Scan", "BodyName":"Praea Euq JM-J b52-0 A 3", "DistanceFromArrivalLS":1790.661621, "TidalLock":false, "TerraformState":"", "PlanetClass":"Gas giant with ammonia based life", "Atmosphere":"", "AtmosphereComposition":[ { "Name":"Hydrogen", "Percent":74.085060 }, { "Name":"Helium", "Percent":25.897619 } ], "Volcanism":"", "MassEM":412.859436, "Radius":75086880.000000, "SurfaceGravity":29.186604, "SurfaceTemperature":133.084351, "SurfacePressure":0.000000, "Landable":false, "SemiMajorAxis":11523985408.000000, "Eccentricity":0.009803, "OrbitalInclination":-6.620640, "Periapsis":310.222015, "OrbitalPeriod":15980098.000000, "RotationPeriod":146644.234375, "AxialTilt":-0.104085 }
{ "timestamp":"2017-10-23T12:26:02Z", "event":"Music", "MusicTrack":"SystemMap" }
{ "timestamp":"2017-10-23T12:26:06Z", "event":"Music", "MusicTrack":"Supercruise" }
{ "timestamp":"2017-10-23T12:29:22Z", "event":"Scan", "BodyName":"Praea Euq JM-J b52-0 A 4", "DistanceFromArrivalLS":2495.583740, "TidalLock":false, "TerraformState":"", "PlanetClass":"Sudarsky class I gas giant", "Atmosphere":"", "AtmosphereComposition":[ { "Name":"Hydrogen", "Percent":74.097900 }, { "Name":"Helium", "Percent":25.902103 } ], "Volcanism":"", "MassEM":34.122967, "Radius":46524852.000000, "SurfaceGravity":6.283277, "SurfaceTemperature":60.409618, "SurfacePressure":0.000000, "Landable":false, "SemiMajorAxis":638997696.000000, "Eccentricity":0.135361, "OrbitalInclination":7.771332, "Periapsis":3.086286, "OrbitalPeriod":37306840.000000, "RotationPeriod":92647.125000, "AxialTilt":0.473909 }
{ "timestamp":"2017-10-23T12:29:29Z", "event":"Music", "MusicTrack":"SystemMap" }
{ "timestamp":"2017-10-23T12:29:31Z", "event":"Music", "MusicTrack":"Supercruise" }
{ "timestamp":"2017-10-23T12:29:40Z", "event":"Scan", "BodyName":"Praea Euq JM-J b52-0 A 5", "DistanceFromArrivalLS":2520.687012, "TidalLock":false, "TerraformState":"", "PlanetClass":"Icy body", "Atmosphere":"helium atmosphere", "AtmosphereType":"Helium", "AtmosphereComposition":[ { "Name":"Helium", "Percent":89.334976 }, { "Name":"Hydrogen", "Percent":8.427828 }, { "Name":"Neon", "Percent":2.237205 } ], "Volcanism":"major water geysers volcanism", "MassEM":2.943816, "Radius":10675592.000000, "SurfaceGravity":10.295230, "SurfaceTemperature":53.690197, "SurfacePressure":57845.277344, "Landable":false, "SemiMajorAxis":7406882816.000000, "Eccentricity":0.135361, "OrbitalInclination":7.771332, "Periapsis":183.086288, "OrbitalPeriod":37306840.000000, "RotationPeriod":44535.703125, "AxialTilt":0.196743 }
{ "timestamp":"2017-10-23T12:34:33Z", "event":"StartJump", "JumpType":"Hyperspace", "StarSystem":"Praea Euq DH-C d13-7", "StarClass":"F" }
{ "timestamp":"2017-10-23T12:34:38Z", "event":"Music", "MusicTrack":"NoTrack" }
{ "timestamp":"2017-10-23T12:34:51Z", "event":"FSDJump", "StarSystem":"Praea Euq DH-C d13-7", "StarPos":[705.469,415.156,1351.031], "SystemAllegiance":"", "SystemEconomy":"$economy_None;", "SystemEconomy_Localised":"None", "SystemGovernment":"$government_None;", "SystemGovernment_Localised":"None", "SystemSecurity":"$GAlAXY_MAP_INFO_state_anarchy;", "SystemSecurity_Localised":"Anarchy", "Population":0, "JumpDist":24.056, "FuelUsed":3.092742, "FuelLevel":17.502836 }
{ "timestamp":"2017-10-23T12:34:51Z", "event":"Music", "MusicTrack":"Supercruise" }
{ "timestamp":"2017-10-23T12:35:04Z", "event":"Music", "MusicTrack":"SystemMap" }
{ "timestamp":"2017-10-23T12:35:06Z", "event":"Music", "MusicTrack":"Supercruise" }
{ "timestamp":"2017-10-23T12:35:15Z", "event":"Scan", "BodyName":"Praea Euq DH-C d13-7 A", "DistanceFromArrivalLS":0.000000, "StarType":"F", "StellarMass":1.097656, "Radius":762910464.000000, "AbsoluteMagnitude":4.059845, "Age_MY":1150, "SurfaceTemperature":6587.000000, "Luminosity":"Vb", "SemiMajorAxis":2649010995200.000000, "Eccentricity":0.010348, "OrbitalInclination":-13.524750, "Periapsis":221.426208, "OrbitalPeriod":17836025856.000000, "RotationPeriod":423972.312500, "AxialTilt":0.000000 }
{ "timestamp":"2017-10-23T12:35:44Z", "event":"FuelScoop", "Scooped":5.000697, "Total":21.983534 }
{ "timestamp":"2017-10-23T12:36:03Z", "event":"FuelScoop", "Scooped":5.003845, "Total":26.987362 }
{ "timestamp":"2017-10-23T12:36:24Z", "event":"FuelScoop", "Scooped":5.001626, "Total":31.989008 }
{ "timestamp":"2017-10-23T12:36:24Z", "event":"FuelScoop", "Scooped":0.010992, "Total":32.000000 }
{ "timestamp":"2017-10-23T12:36:37Z", "event":"Music", "MusicTrack":"SystemMap" }
{ "timestamp":"2017-10-23T12:36:39Z", "event":"Music", "MusicTrack":"Supercruise" }
{ "timestamp":"2017-10-23T12:42:25Z", "event":"Scan", "BodyName":"Praea Euq DH-C d13-7 B", "DistanceFromArrivalLS":38030.695313, "StarType":"M", "StellarMass":0.328125, "Radius":347834880.000000, "AbsoluteMagnitude":9.237640, "Age_MY":1150, "SurfaceTemperature":2962.000000, "Luminosity":"Va", "SemiMajorAxis":8861572399104.000000, "Eccentricity":0.010348, "OrbitalInclination":-13.524750, "Periapsis":41.426208, "OrbitalPeriod":17836025856.000000, "RotationPeriod":242821.031250, "AxialTilt":0.000000 }
{ "timestamp":"2017-10-23T12:43:24Z", "event":"StartJump", "JumpType":"Hyperspace", "StarSystem":"Praea Euq DH-C d13-20", "StarClass":"G" }
{ "timestamp":"2017-10-23T12:43:29Z", "event":"Music", "MusicTrack":"NoTrack" }
{ "timestamp":"2017-10-23T12:43:43Z", "event":"FSDJump", "StarSystem":"Praea Euq DH-C d13-20", "StarPos":[701.719,395.031,1365.000], "SystemAllegiance":"", "SystemEconomy":"$economy_None;", "SystemEconomy_Localised":"None", "SystemGovernment":"$government_None;", "SystemGovernment_Localised":"None", "SystemSecurity":"$GAlAXY_MAP_INFO_state_anarchy;", "SystemSecurity_Localised":"Anarchy", "Population":0, "JumpDist":24.783, "FuelUsed":3.577961, "FuelLevel":28.422039 }
{ "timestamp":"2017-10-23T12:43:43Z", "event":"Music", "MusicTrack":"Supercruise" }
{ "timestamp":"2017-10-23T12:43:56Z", "event":"Music", "MusicTrack":"SystemMap" }
{ "timestamp":"2017-10-23T12:44:06Z", "event":"Music", "MusicTrack":"Supercruise" }
{ "timestamp":"2017-10-23T12:44:20Z", "event":"Scan", "BodyName":"Praea Euq DH-C d13-20", "DistanceFromArrivalLS":0.000000, "StarType":"G", "StellarMass":1.015625, "Radius":750430208.000000, "AbsoluteMagnitude":4.810944, "Age_MY":928, "SurfaceTemperature":5587.000000, "Luminosity":"Vab", "RotationPeriod":320481.250000, "AxialTilt":0.000000, "Rings":[ { "Name":"Praea Euq DH-C d13-20 A Belt", "RingClass":"eRingClass_Metalic", "MassMT":1.293e+14, "InnerRad":1.2382e+09, "OuterRad":2.5606e+09 } ] }
{ "timestamp":"2017-10-23T12:44:23Z", "event":"Music", "MusicTrack":"SystemMap" }
{ "timestamp":"2017-10-23T12:44:50Z", "event":"Music", "MusicTrack":"Supercruise" }
{ "timestamp":"2017-10-23T12:45:18Z", "event":"FuelScoop", "Scooped":3.577964, "Total":32.000000 }
{ "timestamp":"2017-10-23T12:45:52Z", "event":"StartJump", "JumpType":"Hyperspace", "StarSystem":"Praea Euq DH-C d13-19", "StarClass":"A" }
{ "timestamp":"2017-10-23T12:45:58Z", "event":"Music", "MusicTrack":"NoTrack" }
{ "timestamp":"2017-10-23T12:46:11Z", "event":"FSDJump", "StarSystem":"Praea Euq DH-C d13-19", "StarPos":[719.281,389.656,1381.906], "SystemAllegiance":"", "SystemEconomy":"$economy_None;", "SystemEconomy_Localised":"None", "SystemGovernment":"$government_None;", "SystemGovernment_Localised":"None", "SystemSecurity":"$GAlAXY_MAP_INFO_state_anarchy;", "SystemSecurity_Localised":"Anarchy", "Population":0, "JumpDist":24.963, "FuelUsed":3.642079, "FuelLevel":28.357922 }
{ "timestamp":"2017-10-23T12:46:11Z", "event":"Music", "MusicTrack":"Supercruise" }
{ "timestamp":"2017-10-23T12:46:24Z", "event":"Music", "MusicTrack":"SystemMap" }
{ "timestamp":"2017-10-23T12:46:35Z", "event":"Scan", "BodyName":"Praea Euq DH-C d13-19 A", "DistanceFromArrivalLS":0.000000, "StarType":"A", "StellarMass":1.792969, "Radius":1001160832.000000, "AbsoluteMagnitude":2.471710, "Age_MY":658, "SurfaceTemperature":8288.000000, "Luminosity":"Vb", "SemiMajorAxis":3093063008256.000000, "Eccentricity":0.156662, "OrbitalInclination":17.713417, "Periapsis":193.466232, "OrbitalPeriod":22503880704.000000, "RotationPeriod":59757.867188, "AxialTilt":0.000000 }
{ "timestamp":"2017-10-23T12:47:04Z", "event":"Music", "MusicTrack":"Supercruise" }
{ "timestamp":"2017-10-23T12:49:41Z", "event":"Music", "MusicTrack":"SystemMap" }
{ "timestamp":"2017-10-23T12:49:46Z", "event":"Music", "MusicTrack":"Supercruise" }
{ "timestamp":"2017-10-23T12:53:35Z", "event":"Music", "MusicTrack":"SystemMap" }
{ "timestamp":"2017-10-23T12:53:37Z", "event":"Music", "MusicTrack":"Supercruise" }
{ "timestamp":"2017-10-23T12:53:55Z", "event":"Scan", "BodyName":"Praea Euq DH-C d13-19 B", "DistanceFromArrivalLS":58869.699219, "StarType":"M", "StellarMass":0.441406, "Radius":420997376.000000, "AbsoluteMagnitude":8.352310, "Age_MY":658, "SurfaceTemperature":3301.000000, "Luminosity":"Va", "SemiMajorAxis":12521678307328.000000, "Eccentricity":0.156662, "OrbitalInclination":17.713417, "Periapsis":13.466220, "OrbitalPeriod":22503880704.000000, "RotationPeriod":194438.515625, "AxialTilt":0.000000, "Rings":[ { "Name":"Praea Euq DH-C d13-19 B A Belt", "RingClass":"eRingClass_MetalRich", "MassMT":8.5239e+13, "InnerRad":8.1379e+08, "OuterRad":1.8373e+09 }, { "Name":"Praea Euq DH-C d13-19 B B Belt", "RingClass":"eRingClass_MetalRich", "MassMT":1.4533e+15, "InnerRad":3.677e+10, "OuterRad":1.4708e+11 } ] }
{ "timestamp":"2017-10-23T12:54:02Z", "event":"Music", "MusicTrack":"SystemMap" }
{ "timestamp":"2017-10-23T12:54:11Z", "event":"Music", "MusicTrack":"Supercruise" }
{ "timestamp":"2017-10-23T12:54:17Z", "event":"Music", "MusicTrack":"SystemMap" }
{ "timestamp":"2017-10-23T12:54:29Z", "event":"Music", "MusicTrack":"Supercruise" }
{ "timestamp":"2017-10-23T12:55:33Z", "event":"Scan", "BodyName":"Praea Euq DH-C d13-19 B 4", "DistanceFromArrivalLS":58831.125000, "TidalLock":true, "TerraformState":"", "PlanetClass":"High metal content body", "Atmosphere":"sulfur dioxide atmosphere", "AtmosphereType":"SulphurDioxide", "AtmosphereComposition":[ { "Name":"SulphurDioxide", "Percent":100.000000 } ], "Volcanism":"", "MassEM":0.515114, "Radius":4974718.500000, "SurfaceGravity":8.296135, "SurfaceTemperature":462.908813, "SurfacePressure":98330.437500, "Landable":false, "SemiMajorAxis":115106104.000000, "Eccentricity":0.185698, "OrbitalInclination":6.681304, "Periapsis":174.865997, "OrbitalPeriod":1417630.375000, "RotationPeriod":2568865.000000, "AxialTilt":-0.333413 }
{ "timestamp":"2017-10-23T12:55:54Z", "event":"Scan", "BodyName":"Praea Euq DH-C d13-19 B 5", "DistanceFromArrivalLS":58831.093750, "TidalLock":true, "TerraformState":"", "PlanetClass":"High metal content body", "Atmosphere":"sulfur dioxide atmosphere", "AtmosphereType":"SulphurDioxide", "AtmosphereComposition":[ { "Name":"SulphurDioxide", "Percent":100.000000 } ], "Volcanism":"", "MassEM":0.396887, "Radius":4591307.500000, "SurfaceGravity":7.504188, "SurfaceTemperature":460.780457, "SurfacePressure":80370.234375, "Landable":false, "SemiMajorAxis":149394544.000000, "Eccentricity":0.185698, "OrbitalInclination":6.681304, "Periapsis":354.865997, "OrbitalPeriod":1417630.375000, "RotationPeriod":2254878.250000, "AxialTilt":-0.010229 }
{ "timestamp":"2017-10-23T12:55:55Z", "event":"Music", "MusicTrack":"SystemMap" }
{ "timestamp":"2017-10-23T12:56:01Z", "event":"Music", "MusicTrack":"Supercruise" }
{ "timestamp":"2017-10-23T12:56:43Z", "event":"Scan", "BodyName":"Praea Euq DH-C d13-19 B 3", "DistanceFromArrivalLS":58867.144531, "TidalLock":true, "TerraformState":"", "PlanetClass":"High metal content body", "Atmosphere":"", "AtmosphereType":"None", "Volcanism":"", "MassEM":0.412861, "Radius":4647578.500000, "SurfaceGravity":7.618334, "SurfaceTemperature":564.627441, "SurfacePressure":0.000000, "Landable":true, "Materials":[ { "Name":"iron", "Percent":22.877014 }, { "Name":"nickel", "Percent":17.303213 }, { "Name":"sulphur", "Percent":16.154688 }, { "Name":"carbon", "Percent":13.584420 }, { "Name":"chromium", "Percent":10.288553 }, { "Name":"phosphorus", "Percent":8.696978 }, { "Name":"germanium", "Percent":4.770656 }, { "Name":"zirconium", "Percent":2.656493 }, { "Name":"ruthenium", "Percent":1.412802 }, { "Name":"tungsten", "Percent":1.256178 }, { "Name":"mercury", "Percent":0.999002 } ], "SemiMajorAxis":6768606208.000000, "Eccentricity":0.000002, "OrbitalInclination":0.004605, "Periapsis":71.511765, "OrbitalPeriod":456328.218750, "RotationPeriod":457097.031250, "AxialTilt":-0.413614 }
{ "timestamp":"2017-10-23T12:57:21Z", "event":"Scan", "BodyName":"Praea Euq DH-C d13-19 B 7", "DistanceFromArrivalLS":59354.738281, "TidalLock":false, "TerraformState":"", "PlanetClass":"Gas giant with water based life", "Atmosphere":"", "AtmosphereComposition":[ { "Name":"Hydrogen", "Percent":74.195602 }, { "Name":"Helium", "Percent":25.751328 } ], "Volcanism":"", "MassEM":433.809479, "Radius":74768608.000000, "SurfaceGravity":30.929281, "SurfaceTemperature":187.607635, "SurfacePressure":0.000000, "Landable":false, "SemiMajorAxis":233476177920.000000, "Eccentricity":0.003255, "OrbitalInclination":-1.550280, "Periapsis":118.167236, "OrbitalPeriod":92446896.000000, "RotationPeriod":144089.437500, "AxialTilt":2.269827, "Rings":[ { "Name":"Praea Euq DH-C d13-19 B 7 A Ring", "RingClass":"eRingClass_MetalRich", "MassMT":6.5312e+11, "InnerRad":1.2267e+08, "OuterRad":2.6354e+08 } ], "ReserveLevel":"PristineResources" }
{ "timestamp":"2017-10-23T12:57:35Z", "event":"Music", "MusicTrack":"SystemMap" }
{ "timestamp":"2017-10-23T12:57:39Z", "event":"Music", "MusicTrack":"Supercruise" }
{ "timestamp":"2017-10-23T12:59:14Z", "event":"Scan", "BodyName":"Praea Euq DH-C d13-19 B 7 a", "DistanceFromArrivalLS":59356.113281, "TidalLock":true, "TerraformState":"", "PlanetClass":"Rocky body", "Atmosphere":"sulfur dioxide atmosphere", "AtmosphereType":"SulphurDioxide", "AtmosphereComposition":[ { "Name":"SulphurDioxide", "Percent":89.998390 }, { "Name":"Silicates", "Percent":4.999910 }, { "Name":"Oxygen", "Percent":2.999946 } ], "Volcanism":"major rocky magma volcanism", "MassEM":0.000309, "Radius":476528.093750, "SurfaceGravity":0.541878, "SurfaceTemperature":231.311935, "SurfacePressure":57631.125000, "Landable":false, "SemiMajorAxis":446204800.000000, "Eccentricity":0.001382, "OrbitalInclination":-0.004360, "Periapsis":98.089325, "OrbitalPeriod":142418.531250, "RotationPeriod":142420.484375, "AxialTilt":-0.014344 }
{ "timestamp":"2017-10-23T13:00:47Z", "event":"Scan", "BodyName":"Praea Euq DH-C d13-19 B 7 b", "DistanceFromArrivalLS":59352.988281, "TidalLock":false, "TerraformState":"", "PlanetClass":"Rocky body", "Atmosphere":"carbon dioxide atmosphere", "AtmosphereType":"CarbonDioxide", "AtmosphereComposition":[ { "Name":"CarbonDioxide", "Percent":98.979553 }, { "Name":"SulphurDioxide", "Percent":0.989817 } ], "Volcanism":"", "MassEM":0.000412, "Radius":524149.531250, "SurfaceGravity":0.598111, "SurfaceTemperature":232.953445, "SurfacePressure":69979.640625, "Landable":false, "SemiMajorAxis":585944384.000000, "Eccentricity":0.000293, "OrbitalInclination":-0.014648, "Periapsis":60.372307, "OrbitalPeriod":214313.546875, "RotationPeriod":-214316.515625, "AxialTilt":-2.951596 }
{ "timestamp":"2017-10-23T13:00:48Z", "event":"Music", "MusicTrack":"SystemMap" }
{ "timestamp":"2017-10-23T13:00:52Z", "event":"Music", "MusicTrack":"Supercruise" }
{ "timestamp":"2017-10-23T13:01:43Z", "event":"Scan", "BodyName":"Praea Euq DH-C d13-19 B 7 c", "DistanceFromArrivalLS":59357.488281, "TidalLock":true, "TerraformState":"", "PlanetClass":"Rocky body", "Atmosphere":"thin carbon dioxide atmosphere", "AtmosphereType":"CarbonDioxide", "AtmosphereComposition":[ { "Name":"CarbonDioxide", "Percent":100.000000 } ], "Volcanism":"", "MassEM":0.000148, "Radius":373156.312500, "SurfaceGravity":0.423197, "SurfaceTemperature":154.146454, "SurfacePressure":347.937225, "Landable":false, "SemiMajorAxis":960495552.000000, "Eccentricity":0.003947, "OrbitalInclination":-0.192441, "Periapsis":357.708771, "OrbitalPeriod":449788.281250, "RotationPeriod":449794.468750, "AxialTilt":0.394049 }
{ "timestamp":"2017-10-23T13:01:52Z", "event":"Music", "MusicTrack":"SystemMap" }
{ "timestamp":"2017-10-23T13:01:56Z", "event":"Music", "MusicTrack":"Supercruise" }
{ "timestamp":"2017-10-23T13:02:36Z", "event":"Scan", "BodyName":"Praea Euq DH-C d13-19 B 7 d", "DistanceFromArrivalLS":59349.167969, "TidalLock":true, "TerraformState":"", "PlanetClass":"Icy body", "Atmosphere":"", "AtmosphereType":"None", "Volcanism":"", "MassEM":0.001467, "Radius":1008372.125000, "SurfaceGravity":0.575132, "SurfaceTemperature":121.767204, "SurfacePressure":0.000000, "Landable":true, "Materials":[ { "Name":"sulphur", "Percent":27.150625 }, { "Name":"carbon", "Percent":22.830862 }, { "Name":"phosphorus", "Percent":14.616710 }, { "Name":"iron", "Percent":11.682635 }, { "Name":"nickel", "Percent":8.836255 }, { "Name":"chromium", "Percent":5.254069 }, { "Name":"selenium", "Percent":4.249302 }, { "Name":"germanium", "Percent":3.358124 }, { "Name":"tellurium", "Percent":0.869761 }, { "Name":"tungsten", "Percent":0.641494 }, { "Name":"mercury", "Percent":0.510161 } ], "SemiMajorAxis":2582458880.000000, "Eccentricity":0.001628, "OrbitalInclination":2.472812, "Periapsis":52.185867, "OrbitalPeriod":1982966.000000, "RotationPeriod":1982993.125000, "AxialTilt":0.170272 }
{ "timestamp":"2017-10-23T13:02:38Z", "event":"Music", "MusicTrack":"SystemMap" }
{ "timestamp":"2017-10-23T13:02:43Z", "event":"Music", "MusicTrack":"Supercruise" }
{ "timestamp":"2017-10-23T13:03:26Z", "event":"Scan", "BodyName":"Praea Euq DH-C d13-19 B 7 e", "DistanceFromArrivalLS":59344.265625, "TidalLock":true, "TerraformState":"", "PlanetClass":"Icy body", "Atmosphere":"", "AtmosphereType":"None", "Volcanism":"", "MassEM":0.001710, "Radius":1060845.125000, "SurfaceGravity":0.605766, "SurfaceTemperature":120.947014, "SurfacePressure":0.000000, "Landable":true, "Materials":[ { "Name":"sulphur", "Percent":26.653868 }, { "Name":"carbon", "Percent":22.413141 }, { "Name":"phosphorus", "Percent":14.349278 }, { "Name":"iron", "Percent":11.468885 }, { "Name":"nickel", "Percent":8.674584 }, { "Name":"chromium", "Percent":5.157939 }, { "Name":"manganese", "Percent":4.736533 }, { "Name":"selenium", "Percent":4.171556 }, { "Name":"cadmium", "Percent":0.890611 }, { "Name":"tellurium", "Percent":0.853848 }, { "Name":"tungsten", "Percent":0.629757 } ], "SemiMajorAxis":4378115.500000, "Eccentricity":0.168923, "OrbitalInclination":9.974122, "Periapsis":217.142288, "OrbitalPeriod":239894.156250, "RotationPeriod":391701.937500, "AxialTilt":0.340494 }
{ "timestamp":"2017-10-23T13:03:26Z", "event":"Music", "MusicTrack":"SystemMap" }
{ "timestamp":"2017-10-23T13:03:31Z", "event":"Music", "MusicTrack":"Supercruise" }
{ "timestamp":"2017-10-23T13:04:04Z", "event":"Scan", "BodyName":"Praea Euq DH-C d13-19 B 7 f", "DistanceFromArrivalLS":59344.234375, "TidalLock":true, "TerraformState":"", "PlanetClass":"Icy body", "Atmosphere":"", "AtmosphereType":"None", "Volcanism":"minor carbon dioxide geysers volcanism", "MassEM":0.001027, "Radius":895939.562500, "SurfaceGravity":0.509751, "SurfaceTemperature":120.947014, "SurfacePressure":0.000000, "Landable":true, "Materials":[ { "Name":"sulphur", "Percent":27.468491 }, { "Name":"carbon", "Percent":23.098156 }, { "Name":"phosphorus", "Percent":14.787836 }, { "Name":"iron", "Percent":11.819411 }, { "Name":"nickel", "Percent":8.939707 }, { "Name":"manganese", "Percent":4.881296 }, { "Name":"germanium", "Percent":3.397440 }, { "Name":"zinc", "Percent":3.212073 }, { "Name":"cadmium", "Percent":0.917831 }, { "Name":"molybdenum", "Percent":0.771801 }, { "Name":"yttrium", "Percent":0.705959 } ], "SemiMajorAxis":7294250.000000, "Eccentricity":0.168923, "OrbitalInclination":9.974122, "Periapsis":37.142281, "OrbitalPeriod":239894.156250, "RotationPeriod":303465.250000, "AxialTilt":0.226214 }
{ "timestamp":"2017-10-23T13:04:11Z", "event":"Music", "MusicTrack":"SystemMap" }
{ "timestamp":"2017-10-23T13:04:18Z", "event":"Music", "MusicTrack":"Supercruise" }
{ "timestamp":"2017-10-23T13:05:24Z", "event":"Scan", "BodyName":"Praea Euq DH-C d13-19 B 7 g", "DistanceFromArrivalLS":59368.847656, "TidalLock":true, "TerraformState":"", "PlanetClass":"Icy body", "Atmosphere":"", "AtmosphereType":"None", "Volcanism":"", "MassEM":0.001892, "Radius":1096757.750000, "SurfaceGravity":0.626778, "SurfaceTemperature":120.286530, "SurfacePressure":0.000000, "Landable":true, "Materials":[ { "Name":"sulphur", "Percent":26.931683 }, { "Name":"carbon", "Percent":22.646753 }, { "Name":"phosphorus", "Percent":14.498842 }, { "Name":"iron", "Percent":11.588428 }, { "Name":"nickel", "Percent":8.765000 }, { "Name":"chromium", "Percent":5.211700 }, { "Name":"manganese", "Percent":4.785902 }, { "Name":"germanium", "Percent":3.331045 }, { "Name":"cadmium", "Percent":0.899894 }, { "Name":"antimony", "Percent":0.704430 }, { "Name":"tungsten", "Percent":0.636321 } ], "SemiMajorAxis":4738920448.000000, "Eccentricity":0.011611, "OrbitalInclination":-4.464467, "Periapsis":79.182777, "OrbitalPeriod":4929288.500000, "RotationPeriod":4929356.000000, "AxialTilt":-0.028779 }
{ "timestamp":"2017-10-23T13:06:27Z", "event":"StartJump", "JumpType":"Hyperspace", "StarSystem":"Praea Euq LU-C c27-2", "StarClass":"K" }
{ "timestamp":"2017-10-23T13:06:32Z", "event":"Music", "MusicTrack":"NoTrack" }
{ "timestamp":"2017-10-23T13:06:45Z", "event":"FSDJump", "StarSystem":"Praea Euq LU-C c27-2", "StarPos":[732.500,402.531,1388.000], "SystemAllegiance":"", "SystemEconomy":"$economy_None;", "SystemEconomy_Localised":"None", "SystemGovernment":"$government_None;", "SystemGovernment_Localised":"None", "SystemSecurity":"$GAlAXY_MAP_INFO_state_anarchy;", "SystemSecurity_Localised":"Anarchy", "Population":0, "JumpDist":19.433, "FuelUsed":1.920777, "FuelLevel":25.917145 }
{ "timestamp":"2017-10-23T13:06:45Z", "event":"Music", "MusicTrack":"Supercruise" }
{ "timestamp":"2017-10-23T13:06:58Z", "event":"Music", "MusicTrack":"SystemMap" }
{ "timestamp":"2017-10-23T13:06:59Z", "event":"Music", "MusicTrack":"Supercruise" }
{ "timestamp":"2017-10-23T13:07:11Z", "event":"Scan", "BodyName":"Praea Euq LU-C c27-2 A", "DistanceFromArrivalLS":0.000000, "StarType":"K", "StellarMass":0.523438, "Radius":483441248.000000, "AbsoluteMagnitude":7.349899, "Age_MY":5842, "SurfaceTemperature":3880.000000, "Luminosity":"Va", "SemiMajorAxis":2963409469440.000000, "Eccentricity":0.226705, "OrbitalInclination":-52.606651, "Periapsis":28.391024, "OrbitalPeriod":40819625984.000000, "RotationPeriod":231005.015625, "AxialTilt":0.000000 }
{ "timestamp":"2017-10-23T13:08:14Z", "event":"Music", "MusicTrack":"SystemMap" }
{ "timestamp":"2017-10-23T13:08:16Z", "event":"Music", "MusicTrack":"Supercruise" }
{ "timestamp":"2017-10-23T13:09:03Z", "event":"FuelScoop", "Scooped":5.003326, "Total":30.920481 }
{ "timestamp":"2017-10-23T13:09:08Z", "event":"FuelScoop", "Scooped":1.079540, "Total":32.000000 }
{ "timestamp":"2017-10-23T13:10:17Z", "event":"StartJump", "JumpType":"Hyperspace", "StarSystem":"Praea Euq MU-C c27-4", "StarClass":"G" }
{ "timestamp":"2017-10-23T13:10:22Z", "event":"Music", "MusicTrack":"NoTrack" }
{ "timestamp":"2017-10-23T13:10:35Z", "event":"FSDJump", "StarSystem":"Praea Euq MU-C c27-4", "StarPos":[746.500,398.375,1403.125], "SystemAllegiance":"", "SystemEconomy":"$economy_None;", "SystemEconomy_Localised":"None", "SystemGovernment":"$government_None;", "SystemGovernment_Localised":"None", "SystemSecurity":"$GAlAXY_MAP_INFO_state_anarchy;", "SystemSecurity_Localised":"Anarchy", "Population":0, "JumpDist":21.025, "FuelUsed":2.391573, "FuelLevel":29.608427 }
{ "timestamp":"2017-10-23T13:10:35Z", "event":"Music", "MusicTrack":"Supercruise" }
{ "timestamp":"2017-10-23T13:11:00Z", "event":"Scan", "BodyName":"Praea Euq MU-C c27-4 A", "DistanceFromArrivalLS":0.000000, "StarType":"G", "StellarMass":0.781250, "Radius":582795328.000000, "AbsoluteMagnitude":5.523270, "Age_MY":11922, "SurfaceTemperature":5381.000000, "Luminosity":"Vab", "SemiMajorAxis":622811742208.000000, "Eccentricity":0.018288, "OrbitalInclination":15.131449, "Periapsis":237.352188, "OrbitalPeriod":1704109440.000000, "RotationPeriod":266164.531250, "AxialTilt":0.000000 }
{ "timestamp":"2017-10-23T13:11:02Z", "event":"Music", "MusicTrack":"SystemMap" }
{ "timestamp":"2017-10-23T13:11:03Z", "event":"Music", "MusicTrack":"Supercruise" }
{ "timestamp":"2017-10-23T13:11:11Z", "event":"Music", "MusicTrack":"SystemMap" }
{ "timestamp":"2017-10-23T13:11:13Z", "event":"Music", "MusicTrack":"Supercruise" }
{ "timestamp":"2017-10-23T13:11:38Z", "event":"FuelScoop", "Scooped":2.391587, "Total":32.000000 }
{ "timestamp":"2017-10-23T13:14:29Z", "event":"Scan", "BodyName":"Praea Euq MU-C c27-4 B", "DistanceFromArrivalLS":7387.145020, "StarType":"M", "StellarMass":0.308594, "Radius":322025312.000000, "AbsoluteMagnitude":9.383133, "Age_MY":11922, "SurfaceTemperature":2977.000000, "Luminosity":"Va", "SemiMajorAxis":1576738619392.000000, "Eccentricity":0.018288, "OrbitalInclination":15.131449, "Periapsis":57.352184, "OrbitalPeriod":1704109440.000000, "RotationPeriod":143846.328125, "AxialTilt":0.000000 }
{ "timestamp":"2017-10-23T13:14:50Z", "event":"StartJump", "JumpType":"Hyperspace", "StarSystem":"Praea Euq IN-A d14-21", "StarClass":"A" }
{ "timestamp":"2017-10-23T13:14:55Z", "event":"Music", "MusicTrack":"NoTrack" }
{ "timestamp":"2017-10-23T13:15:09Z", "event":"FSDJump", "StarSystem":"Praea Euq IN-A d14-21", "StarPos":[761.250,395.250,1423.750], "SystemAllegiance":"", "SystemEconomy":"$economy_None;", "SystemEconomy_Localised":"None", "SystemGovernment":"$government_None;", "SystemGovernment_Localised":"None", "SystemSecurity":"$GAlAXY_MAP_INFO_state_anarchy;", "SystemSecurity_Localised":"Anarchy", "Population":0, "JumpDist":25.548, "FuelUsed":3.854766, "FuelLevel":28.145233 }
{ "timestamp":"2017-10-23T13:15:09Z", "event":"Music", "MusicTrack":"Supercruise" }
{ "timestamp":"2017-10-23T13:15:23Z", "event":"Music", "MusicTrack":"SystemMap" }
{ "timestamp":"2017-10-23T13:15:32Z", "event":"Music", "MusicTrack":"Supercruise" }
{ "timestamp":"2017-10-23T13:15:37Z", "event":"Scan", "BodyName":"Praea Euq IN-A d14-21 A", "DistanceFromArrivalLS":0.000000, "StarType":"A", "StellarMass":1.582031, "Radius":940521024.000000, "AbsoluteMagnitude":2.573990, "Age_MY":1130, "SurfaceTemperature":8352.000000, "Luminosity":"VI", "SemiMajorAxis":3734775808.000000, "Eccentricity":0.134357, "OrbitalInclination":44.971889, "Periapsis":213.458572, "OrbitalPeriod":348771.656250, "RotationPeriod":132951.062500, "AxialTilt":0.000000 }
{ "timestamp":"2017-10-23T13:16:18Z", "event":"FuelScoop", "Scooped":4.374744, "Total":32.000000 }
{ "timestamp":"2017-10-23T13:16:46Z", "event":"Scan", "BodyName":"Praea Euq IN-A d14-21 B", "DistanceFromArrivalLS":31.621775, "StarType":"G", "StellarMass":0.929688, "Radius":718783744.000000, "AbsoluteMagnitude":4.748734, "Age_MY":1130, "SurfaceTemperature":5791.000000, "Luminosity":"Vab", "SemiMajorAxis":6355398144.000000, "Eccentricity":0.134357, "OrbitalInclination":44.971889, "Periapsis":33.458572, "OrbitalPeriod":348771.656250, "RotationPeriod":356669.656250, "AxialTilt":0.000000 }
{ "timestamp":"2017-10-23T13:16:47Z", "event":"Music", "MusicTrack":"SystemMap" }
{ "timestamp":"2017-10-23T13:16:51Z", "event":"Music", "MusicTrack":"Supercruise" }
{ "timestamp":"2017-10-23T13:17:15Z", "event":"Scan", "BodyName":"Praea Euq IN-A d14-21 AB 1", "DistanceFromArrivalLS":254.021851, "StarType":"Y", "StellarMass":0.019531, "Radius":63505124.000000, "AbsoluteMagnitude":21.094849, "Age_MY":1130, "SurfaceTemperature":510.000000, "Luminosity":"V", "SemiMajorAxis":78725857280.000000, "Eccentricity":0.010000, "OrbitalInclination":3.063976, "Periapsis":148.123291, "OrbitalPeriod":7514545.000000, "RotationPeriod":92384.437500, "AxialTilt":-2.003893, "Rings":[ { "Name":"Praea Euq IN-A d14-21 AB 1 A Ring", "RingClass":"eRingClass_MetalRich", "MassMT":7.3765e+11, "InnerRad":1.0478e+08, "OuterRad":2.0124e+08 }, { "Name":"Praea Euq IN-A d14-21 AB 1 B Ring", "RingClass":"eRingClass_MetalRich", "MassMT":1.1806e+13, "InnerRad":2.0134e+08, "OuterRad":6.851e+08 } ] }
{ "timestamp":"2017-10-23T13:19:53Z", "event":"Music", "MusicTrack":"SystemMap" }
{ "timestamp":"2017-10-23T13:20:23Z", "event":"Music", "MusicTrack":"Supercruise" }
{ "timestamp":"2017-10-23T13:21:07Z", "event":"Music", "MusicTrack":"SystemMap" }
{ "timestamp":"2017-10-23T13:21:25Z", "event":"Scan", "BodyName":"Praea Euq IN-A d14-21 AB 2", "DistanceFromArrivalLS":430.191162, "TidalLock":false, "TerraformState":"", "PlanetClass":"High metal content body", "Atmosphere":"hot thick carbon dioxide atmosphere", "AtmosphereType":"CarbonDioxide", "AtmosphereComposition":[ { "Name":"CarbonDioxide", "Percent":99.009911 }, { "Name":"SulphurDioxide", "Percent":0.990099 } ], "Volcanism":"minor metallic magma volcanism", "MassEM":1.891143, "Radius":7339568.000000, "SurfaceGravity":13.992421, "SurfaceTemperature":1591.084717, "SurfacePressure":40409300.000000, "Landable":false, "SemiMajorAxis":131217924096.000000, "Eccentricity":0.000002, "OrbitalInclination":0.007502, "Periapsis":82.099030, "OrbitalPeriod":16170234.000000, "RotationPeriod":328726.875000, "AxialTilt":-0.035577 }
{ "timestamp":"2017-10-23T13:21:29Z", "event":"Music", "MusicTrack":"Supercruise" }
{ "timestamp":"2017-10-23T13:21:33Z", "event":"Music", "MusicTrack":"SystemMap" }
{ "timestamp":"2017-10-23T13:21:38Z", "event":"Music", "MusicTrack":"Supercruise" }
{ "timestamp":"2017-10-23T13:21:48Z", "event":"Music", "MusicTrack":"GalaxyMap" }
{ "timestamp":"2017-10-23T13:21:49Z", "event":"Music", "MusicTrack":"Supercruise" }
{ "timestamp":"2017-10-23T13:21:50Z", "event":"Music", "MusicTrack":"SystemMap" }
{ "timestamp":"2017-10-23T13:22:06Z", "event":"Music", "MusicTrack":"Supercruise" }
{ "timestamp":"2017-10-23T13:23:32Z", "event":"Scan", "BodyName":"Praea Euq IN-A d14-21 AB 3", "DistanceFromArrivalLS":1788.399048, "StarType":"Y", "StellarMass":0.015625, "Radius":54802884.000000, "AbsoluteMagnitude":21.458420, "Age_MY":1130, "SurfaceTemperature":416.000000, "Luminosity":"V", "SemiMajorAxis":7026756.500000, "Eccentricity":0.196640, "OrbitalInclination":9.675705, "Periapsis":41.107109, "OrbitalPeriod":17942560.000000, "RotationPeriod":124680.250000, "AxialTilt":-1.230259, "Rings":[ { "Name":"Praea Euq IN-A d14-21 AB 3 A Ring", "RingClass":"eRingClass_Metalic", "MassMT":4.1673e+11, "InnerRad":9.0715e+07, "OuterRad":1.4677e+08 }, { "Name":"Praea Euq IN-A d14-21 AB 3 B Ring", "RingClass":"eRingClass_MetalRich", "MassMT":1.189e+13, "InnerRad":1.4687e+08, "OuterRad":6.3349e+08 } ] }
{ "timestamp":"2017-10-23T13:24:08Z", "event":"Scan", "BodyName":"Praea Euq IN-A d14-21 AB 4", "DistanceFromArrivalLS":1851.120117, "TidalLock":false, "TerraformState":"", "PlanetClass":"Water world", "Atmosphere":"thick argon rich atmosphere", "AtmosphereType":"ArgonRich", "AtmosphereComposition":[ { "Name":"Nitrogen", "Percent":98.498245 }, { "Name":"Argon", "Percent":1.223550 }, { "Name":"Water", "Percent":0.201339 } ], "Volcanism":"minor metallic magma volcanism", "MassEM":1.570824, "Radius":7021365.000000, "SurfaceGravity":12.699707, "SurfaceTemperature":453.328766, "SurfacePressure":19012732.000000, "Landable":false, "SemiMajorAxis":26950391808.000000, "Eccentricity":0.196640, "OrbitalInclination":9.675705, "Periapsis":221.107101, "OrbitalPeriod":17942560.000000, "RotationPeriod":13458674.000000, "AxialTilt":0.414135, "Rings":[ { "Name":"Praea Euq IN-A d14-21 AB 4 A Ring", "RingClass":"eRingClass_Rocky", "MassMT":1.2095e+11, "InnerRad":4.363e+07, "OuterRad":7.5896e+07 } ], "ReserveLevel":"PristineResources" }
{ "timestamp":"2017-10-23T13:24:57Z", "event":"Music", "MusicTrack":"SystemMap" }
{ "timestamp":"2017-10-23T13:25:06Z", "event":"Music", "MusicTrack":"Supercruise" }
{ "timestamp":"2017-10-23T13:26:23Z", "event":"Scan", "BodyName":"Praea Euq IN-A d14-21 AB 3 b", "DistanceFromArrivalLS":1792.725830, "TidalLock":true, "TerraformState":"", "PlanetClass":"Rocky body", "Atmosphere":"hot water atmosphere", "AtmosphereType":"Water", "AtmosphereComposition":[ { "Name":"Water", "Percent":100.000000 } ], "Volcanism":"", "MassEM":0.011333, "Radius":1566676.500000, "SurfaceGravity":1.840392, "SurfaceTemperature":581.929260, "SurfacePressure":122529.820313, "Landable":false, "SemiMajorAxis":1799682176.000000, "Eccentricity":0.003083, "OrbitalInclination":-0.016785, "Periapsis":45.909393, "OrbitalPeriod":309540.343750, "RotationPeriod":309542.218750, "AxialTilt":-0.100959 }
{ "timestamp":"2017-10-23T13:26:41Z", "event":"Music", "MusicTrack":"SystemMap" }
{ "timestamp":"2017-10-23T13:26:47Z", "event":"Music", "MusicTrack":"Supercruise" }
{ "timestamp":"2017-10-23T13:27:02Z", "event":"Scan", "BodyName":"Praea Euq IN-A d14-21 AB 3 c", "DistanceFromArrivalLS":1795.209473, "TidalLock":true, "TerraformState":"", "PlanetClass":"Rocky body", "Atmosphere":"hot water atmosphere", "AtmosphereType":"Water", "AtmosphereComposition":[ { "Name":"Water", "Percent":100.000000 } ], "Volcanism":"", "MassEM":0.014850, "Radius":1711535.125000, "SurfaceGravity":2.020499, "SurfaceTemperature":576.316162, "SurfacePressure":147685.640625, "Landable":false, "SemiMajorAxis":2659728128.000000, "Eccentricity":0.008242, "OrbitalInclination":-0.027860, "Periapsis":191.315979, "OrbitalPeriod":556134.062500, "RotationPeriod":556137.375000, "AxialTilt":-0.067372 }
{ "timestamp":"2017-10-23T13:27:49Z", "event":"Scan", "BodyName":"Praea Euq IN-A d14-21 AB 3 a", "DistanceFromArrivalLS":1785.171143, "TidalLock":true, "TerraformState":"", "PlanetClass":"Rocky body", "Atmosphere":"", "AtmosphereType":"None", "Volcanism":"", "MassEM":0.019737, "Radius":1878164.125000, "SurfaceGravity":2.230083, "SurfaceTemperature":277.697662, "SurfacePressure":0.000000, "Landable":true, "Materials":[ { "Name":"iron", "Percent":19.160389 }, { "Name":"sulphur", "Percent":18.782421 }, { "Name":"carbon", "Percent":15.794070 }, { "Name":"nickel", "Percent":14.492117 }, { "Name":"phosphorus", "Percent":10.111634 }, { "Name":"manganese", "Percent":7.913045 }, { "Name":"germanium", "Percent":5.554670 }, { "Name":"vanadium", "Percent":4.705125 }, { "Name":"molybdenum", "Percent":1.251162 }, { "Name":"ruthenium", "Percent":1.183276 }, { "Name":"tungsten", "Percent":1.052098 } ], "SemiMajorAxis":1055338432.000000, "Eccentricity":0.004210, "OrbitalInclination":-0.843478, "Periapsis":10.361380, "OrbitalPeriod":138998.859375, "RotationPeriod":138999.687500, "AxialTilt":0.269124 }
{ "timestamp":"2017-10-23T13:28:11Z", "event":"Music", "MusicTrack":"SystemMap" }
{ "timestamp":"2017-10-23T13:28:17Z", "event":"Music", "MusicTrack":"Supercruise" }
{ "timestamp":"2017-10-23T13:38:32Z", "event":"Music", "MusicTrack":"SystemMap" }
{ "timestamp":"2017-10-23T13:38:37Z", "event":"Music", "MusicTrack":"Supercruise" }
{ "timestamp":"2017-10-23T13:49:33Z", "event":"Music", "MusicTrack":"SystemMap" }
{ "timestamp":"2017-10-23T13:50:14Z", "event":"Music", "MusicTrack":"Supercruise" }
