{ "timestamp":"2017-10-24T00:10:05Z", "event":"Fileheader", "part":1, "language":"English\\UK", "gameversion":"2.4", "build":"r156431/r0 " }
{ "timestamp":"2017-10-24T00:10:05Z", "event":"Music", "MusicTrack":"NoTrack" }
{ "timestamp":"2017-10-24T00:10:05Z", "event":"Music", "MusicTrack":"MainMenu" }
{ "timestamp":"2017-10-24T00:35:46Z", "event":"Cargo", "Inventory":[  ] }
{ "timestamp":"2017-10-24T00:35:46Z", "event":"Loadout", "Ship":"DiamondBackXL", "ShipID":2, "ShipName":"KONNYAKU", "ShipIdent":"IG-E01", "Modules":[ { "Slot":"LargeHardpoint1", "Item":"Hpt_PulseLaser_Gimbal_Large", "On":true, "Priority":2, "Health":0.968937, "Value":140600 }, { "Slot":"MediumHardpoint2", "Item":"Hpt_MiningLaser_Fixed_Small", "On":true, "Priority":1, "Health":0.964389, "Value":6800 }, { "Slot":"TinyHardpoint1", "Item":"Hpt_HeatSinkLauncher_Turret_Tiny", "On":true, "Priority":0, "AmmoInClip":1, "AmmoInHopper":2, "Health":0.968775, "Value":3500 }, { "Slot":"TinyHardpoint2", "Item":"Hpt_HeatSinkLauncher_Turret_Tiny", "On":true, "Priority":0, "AmmoInClip":1, "AmmoInHopper":2, "Health":0.976092, "Value":3500 }, { "Slot":"TinyHardpoint4", "Item":"Hpt_ChaffLauncher_Tiny", "On":true, "Priority":1, "AmmoInClip":1, "AmmoInHopper":10, "Health":0.937388, "Value":8500 }, { "Slot":"Armour", "Item":"DiamondBackXL_Armour_Grade1", "On":true, "Priority":1, "Health":1.000000, "Value":0 }, { "Slot":"PowerPlant", "Item":"Int_Powerplant_Size4_Class4", "On":true, "Priority":1, "Health":0.975617, "Value":536693 }, { "Slot":"MainEngines", "Item":"Int_Engine_Size4_Class4", "On":true, "Priority":0, "Health":0.995336, "Value":536693 }, { "Slot":"FrameShiftDrive", "Item":"Int_Hyperdrive_Size5_Class4", "On":true, "Priority":0, "Health":0.992090, "Value":1701318 }, { "Slot":"LifeSupport", "Item":"Int_LifeSupport_Size3_Class2", "On":true, "Priority":0, "Health":0.963117, "Value":10133 }, { "Slot":"PowerDistributor", "Item":"Int_PowerDistributor_Size4_Class2", "On":true, "Priority":0, "Health":0.948296, "Value":28373 }, { "Slot":"Radar", "Item":"Int_Sensors_Size3_Class2", "On":true, "Priority":3, "Health":0.979704, "Value":10133 }, { "Slot":"FuelTank", "Item":"Int_FuelTank_Size5_Class3", "On":true, "Priority":1, "Health":1.000000, "Value":97754 }, { "Slot":"Decal1", "Item":"Decal_Explorer_Surveyor", "On":true, "Priority":1, "Health":1.000000, "Value":0 }, { "Slot":"Decal2", "Item":"Decal_Explorer_Surveyor", "On":true, "Priority":1, "Health":1.000000, "Value":0 }, { "Slot":"Decal3", "Item":"Decal_Explorer_Surveyor", "On":true, "Priority":1, "Health":1.000000, "Value":0 }, { "Slot":"Slot01_Size4", "Item":"Int_ShieldGenerator_Size4_Class1", "On":true, "Priority":1, "Health":0.983179, "Value":19878 }, { "Slot":"Slot02_Size4", "Item":"Int_FuelScoop_Size4_Class4", "On":true, "Priority":3, "Health":0.969165, "Value":715591 }, { "Slot":"Slot03_Size3", "Item":"Int_BuggyBay_Size2_Class2", "On":true, "Priority":0, "Health":0.985582, "Value":21600 }, { "Slot":"Slot04_Size3", "Item":"Int_Repairer_Size3_Class2", "On":true, "Priority":0, "AmmoInClip":2904, "Health":0.955449, "Value":97200 }, { "Slot":"Slot05_Size2", "Item":"Int_StellarBodyDiscoveryScanner_Advanced", "On":true, "Priority":1, "Health":0.982367, "Value":1545000 }, { "Slot":"Slot06_Size2", "Item":"Int_DetailedSurfaceScanner_Tiny", "On":true, "Priority":1, "Health":1.000000, "Value":250000 }, { "Slot":"PlanetaryApproachSuite", "Item":"Int_PlanetApproachSuite", "On":true, "Priority":1, "Health":1.000000, "Value":500 }, { "Slot":"ShipCockpit", "Item":"DiamondBackXL_Cockpit", "On":true, "Priority":1, "Health":0.982077, "Value":0 }, { "Slot":"CargoHatch", "Item":"ModularCargoBayDoor", "On":true, "Priority":2, "Health":0.955258, "Value":0 } ] }
{ "timestamp":"2017-10-24T00:35:46Z", "event":"Materials", "Raw":[ { "Name":"carbon", "Count":2 }, { "Name":"iron", "Count":3 } ], "Manufactured":[ { "Name":"mechanicalscrap", "Count":8 }, { "Name":"gridresistors", "Count":3 }, { "Name":"heatdispersionplate", "Count":5 }, { "Name":"salvagedalloys", "Count":6 }, { "Name":"hybridcapacitors", "Count":5 }, { "Name":"heatconductionwiring", "Count":2 } ], "Encoded":[ { "Name":"shieldsoakanalysis", "Count":3 }, { "Name":"disruptedwakeechoes", "Count":5 }, { "Name":"shieldcyclerecordings", "Count":9 }, { "Name":"emissiondata", "Count":3 }, { "Name":"bulkscandata", "Count":9 }, { "Name":"scrambledemissiondata", "Count":7 }, { "Name":"archivedemissiondata", "Count":3 }, { "Name":"shielddensityreports", "Count":9 }, { "Name":"legacyfirmware", "Count":1 } ] }
{ "timestamp":"2017-10-24T00:35:46Z", "event":"LoadGame", "Commander":"Igaguri", "Ship":"DiamondBackXL", "ShipID":2, "ShipName":"KONNYAKU", "ShipIdent":"IG-E01", "FuelLevel":32.000000, "FuelCapacity":32.000000, "GameMode":"Open", "Credits":726550, "Loan":0 }
{ "timestamp":"2017-10-24T00:35:46Z", "event":"Rank", "Combat":1, "Trade":4, "Explore":4, "Empire":0, "Federation":1, "CQC":0 }
{ "timestamp":"2017-10-24T00:35:46Z", "event":"Progress", "Combat":26, "Trade":1, "Explore":9, "Empire":0, "Federation":100, "CQC":0 }
{ "timestamp":"2017-10-24T00:35:57Z", "event":"Location", "Docked":false, "StarSystem":"Praea Euq IN-A d14-19", "StarPos":[789.813,385.625,1472.625], "SystemAllegiance":"", "SystemEconomy":"$economy_None;", "SystemEconomy_Localised":"None", "SystemGovernment":"$government_None;", "SystemGovernment_Localised":"None", "SystemSecurity":"$GAlAXY_MAP_INFO_state_anarchy;", "SystemSecurity_Localised":"Anarchy", "Population":0, "Body":"Praea Euq IN-A d14-19 B", "BodyType":"Star" }
{ "timestamp":"2017-10-24T00:35:57Z", "event":"Music", "MusicTrack":"NoTrack" }
{ "timestamp":"2017-10-24T00:35:57Z", "event":"Music", "MusicTrack":"Exploration" }
{ "timestamp":"2017-10-24T00:36:01Z", "event":"Music", "MusicTrack":"GalaxyMap" }
{ "timestamp":"2017-10-24T00:36:10Z", "event":"Music", "MusicTrack":"Exploration" }
{ "timestamp":"2017-10-24T00:36:13Z", "event":"Music", "MusicTrack":"SystemMap" }
{ "timestamp":"2017-10-24T00:36:14Z", "event":"Music", "MusicTrack":"Exploration" }
{ "timestamp":"2017-10-24T00:36:30Z", "event":"StartJump", "JumpType":"Hyperspace", "StarSystem":"Blu Thua BY-B c4", "StarClass":"K" }
{ "timestamp":"2017-10-24T00:36:36Z", "event":"Music", "MusicTrack":"NoTrack" }
{ "timestamp":"2017-10-24T00:36:49Z", "event":"FSDJump", "StarSystem":"Blu Thua BY-B c4", "StarPos":[794.125,387.125,1497.188], "SystemAllegiance":"", "SystemEconomy":"$economy_None;", "SystemEconomy_Localised":"None", "SystemGovernment":"$government_None;", "SystemGovernment_Localised":"None", "SystemSecurity":"$GAlAXY_MAP_INFO_state_anarchy;", "SystemSecurity_Localised":"Anarchy", "Population":0, "JumpDist":24.983, "FuelUsed":3.649595, "FuelLevel":28.350405 }
{ "timestamp":"2017-10-24T00:36:49Z", "event":"Music", "MusicTrack":"Supercruise" }
{ "timestamp":"2017-10-24T00:40:39Z", "event":"Scan", "BodyName":"Blu Thua BY-B c4", "DistanceFromArrivalLS":0.000000, "StarType":"K", "StellarMass":0.625000, "Radius":478389696.000000, "AbsoluteMagnitude":6.743240, "Age_MY":6208, "SurfaceTemperature":4485.000000, "Luminosity":"Vab", "RotationPeriod":246263.125000, "AxialTilt":0.000000 }
{ "timestamp":"2017-10-24T00:40:40Z", "event":"Music", "MusicTrack":"SystemMap" }
{ "timestamp":"2017-10-24T00:40:41Z", "event":"Music", "MusicTrack":"Supercruise" }
{ "timestamp":"2017-10-24T00:40:57Z", "event":"FuelScoop", "Scooped":0.050725, "Total":28.401125 }
{ "timestamp":"2017-10-24T00:41:01Z", "event":"StartJump", "JumpType":"Hyperspace", "StarSystem":"Blu Thua CU-A d19", "StarClass":"A" }
{ "timestamp":"2017-10-24T00:41:06Z", "event":"Music", "MusicTrack":"NoTrack" }
{ "timestamp":"2017-10-24T00:41:19Z", "event":"FSDJump", "StarSystem":"Blu Thua CU-A d19", "StarPos":[810.125,369.531,1507.125], "SystemAllegiance":"", "SystemEconomy":"$economy_None;", "SystemEconomy_Localised":"None", "SystemGovernment":"$government_None;", "SystemGovernment_Localised":"None", "SystemSecurity":"$GAlAXY_MAP_INFO_state_anarchy;", "SystemSecurity_Localised":"Anarchy", "Population":0, "JumpDist":25.774, "FuelUsed":3.849200, "FuelLevel":24.551926 }
{ "timestamp":"2017-10-24T00:41:20Z", "event":"Music", "MusicTrack":"Supercruise" }
{ "timestamp":"2017-10-24T00:41:35Z", "event":"Music", "MusicTrack":"SystemMap" }
{ "timestamp":"2017-10-24T00:41:41Z", "event":"Music", "MusicTrack":"Supercruise" }
{ "timestamp":"2017-10-24T00:41:43Z", "event":"Scan", "BodyName":"Blu Thua CU-A d19 A", "DistanceFromArrivalLS":0.000000, "StarType":"A", "StellarMass":1.484375, "Radius":978089216.000000, "AbsoluteMagnitude":2.648361, "Age_MY":2076, "SurfaceTemperature":8051.000000, "Luminosity":"Vb", "SemiMajorAxis":438464544768.000000, "Eccentricity":0.284344, "OrbitalInclination":-55.840477, "Periapsis":40.911648, "OrbitalPeriod":291829920.000000, "RotationPeriod":237052.609375, "AxialTilt":0.000000 }
{ "timestamp":"2017-10-24T00:42:18Z", "event":"Scan", "BodyName":"Blu Thua CU-A d19 B", "DistanceFromArrivalLS":3376.693115, "StarType":"F", "StellarMass":1.324219, "Radius":776834048.000000, "AbsoluteMagnitude":3.786285, "Age_MY":2076, "SurfaceTemperature":6952.000000, "Luminosity":"VI", "SemiMajorAxis":491494211584.000000, "Eccentricity":0.284344, "OrbitalInclination":-55.840477, "Periapsis":220.911636, "OrbitalPeriod":291829920.000000, "RotationPeriod":234482.562500, "AxialTilt":0.000000 }
{ "timestamp":"2017-10-24T00:43:13Z", "event":"FuelScoop", "Scooped":5.003654, "Total":29.035570 }
{ "timestamp":"2017-10-24T00:43:24Z", "event":"FuelScoop", "Scooped":2.964449, "Total":32.000000 }
{ "timestamp":"2017-10-24T00:44:11Z", "event":"StartJump", "JumpType":"Hyperspace", "StarSystem":"Blu Thua CY-B c3", "StarClass":"G" }
{ "timestamp":"2017-10-24T00:44:16Z", "event":"Music", "MusicTrack":"NoTrack" }
{ "timestamp":"2017-10-24T00:44:29Z", "event":"FSDJump", "StarSystem":"Blu Thua CY-B c3", "StarPos":[817.875,380.063,1524.594], "SystemAllegiance":"", "SystemEconomy":"$economy_None;", "SystemEconomy_Localised":"None", "SystemGovernment":"$government_None;", "SystemGovernment_Localised":"None", "SystemSecurity":"$GAlAXY_MAP_INFO_state_anarchy;", "SystemSecurity_Localised":"Anarchy", "Population":0, "JumpDist":21.820, "FuelUsed":2.619383, "FuelLevel":29.380617 }
{ "timestamp":"2017-10-24T00:44:30Z", "event":"Music", "MusicTrack":"Supercruise" }
{ "timestamp":"2017-10-24T00:44:42Z", "event":"Music", "MusicTrack":"SystemMap" }
{ "timestamp":"2017-10-24T00:44:52Z", "event":"Music", "MusicTrack":"Supercruise" }
{ "timestamp":"2017-10-24T00:44:52Z", "event":"Scan", "BodyName":"Blu Thua CY-B c3", "DistanceFromArrivalLS":0.000000, "StarType":"G", "StellarMass":0.894531, "Radius":630806272.000000, "AbsoluteMagnitude":5.043625, "Age_MY":6440, "SurfaceTemperature":5776.000000, "Luminosity":"Vb", "RotationPeriod":376036.125000, "AxialTilt":0.000000, "Rings":[ { "Name":"Blu Thua CY-B c3 A Belt", "RingClass":"eRingClass_MetalRich", "MassMT":6.5283e+13, "InnerRad":1.1415e+09, "OuterRad":2.3251e+09 } ] }
{ "timestamp":"2017-10-24T00:45:19Z", "event":"FuelScoop", "Scooped":2.619366, "Total":32.000000 }
{ "timestamp":"2017-10-24T00:45:57Z", "event":"StartJump", "JumpType":"Hyperspace", "StarSystem":"Blu Thua GE-A c1-2", "StarClass":"K" }
{ "timestamp":"2017-10-24T00:46:02Z", "event":"Music", "MusicTrack":"NoTrack" }
{ "timestamp":"2017-10-24T00:46:16Z", "event":"FSDJump", "StarSystem":"Blu Thua GE-A c1-2", "StarPos":[818.313,378.094,1542.875], "SystemAllegiance":"", "SystemEconomy":"$economy_None;", "SystemEconomy_Localised":"None", "SystemGovernment":"$government_None;", "SystemGovernment_Localised":"None", "SystemSecurity":"$GAlAXY_MAP_INFO_state_anarchy;", "SystemSecurity_Localised":"Anarchy", "Population":0, "JumpDist":18.392, "FuelUsed":1.723272, "FuelLevel":30.276728 }
{ "timestamp":"2017-10-24T00:46:16Z", "event":"Music", "MusicTrack":"Supercruise" }
{ "timestamp":"2017-10-24T00:46:32Z", "event":"FuelScoop", "Scooped":1.723294, "Total":32.000000 }
{ "timestamp":"2017-10-24T00:46:50Z", "event":"HeatWarning" }
{ "timestamp":"2017-10-24T00:47:18Z", "event":"StartJump", "JumpType":"Hyperspace", "StarSystem":"Blu Thua GE-A c1-4", "StarClass":"K" }
{ "timestamp":"2017-10-24T00:47:23Z", "event":"Music", "MusicTrack":"NoTrack" }
{ "timestamp":"2017-10-24T00:47:36Z", "event":"FSDJump", "StarSystem":"Blu Thua GE-A c1-4", "StarPos":[824.031,382.375,1566.719], "SystemAllegiance":"", "SystemEconomy":"$economy_None;", "SystemEconomy_Localised":"None", "SystemGovernment":"$government_None;", "SystemGovernment_Localised":"None", "SystemSecurity":"$GAlAXY_MAP_INFO_state_anarchy;", "SystemSecurity_Localised":"Anarchy", "Population":0, "JumpDist":24.891, "FuelUsed":3.616211, "FuelLevel":28.383789 }
{ "timestamp":"2017-10-24T00:47:36Z", "event":"Music", "MusicTrack":"Supercruise" }
{ "timestamp":"2017-10-24T00:47:52Z", "event":"Music", "MusicTrack":"SystemMap" }
{ "timestamp":"2017-10-24T00:47:55Z", "event":"Music", "MusicTrack":"Supercruise" }
{ "timestamp":"2017-10-24T00:48:01Z", "event":"Scan", "BodyName":"Blu Thua GE-A c1-4", "DistanceFromArrivalLS":0.000000, "StarType":"K", "StellarMass":0.500000, "Radius":411934272.000000, "AbsoluteMagnitude":7.622055, "Age_MY":11838, "SurfaceTemperature":3948.000000, "Luminosity":"Va", "RotationPeriod":217852.671875, "AxialTilt":0.000000, "Rings":[ { "Name":"Blu Thua GE-A c1-4 A Belt", "RingClass":"eRingClass_Rocky", "MassMT":1.0277e+14, "InnerRad":6.3007e+08, "OuterRad":1.9153e+09 } ] }
{ "timestamp":"2017-10-24T00:48:26Z", "event":"FuelScoop", "Scooped":3.616201, "Total":32.000000 }
{ "timestamp":"2017-10-24T00:48:53Z", "event":"StartJump", "JumpType":"Hyperspace", "StarSystem":"Blu Thua GE-A c1-5", "StarClass":"K" }
{ "timestamp":"2017-10-24T00:48:58Z", "event":"Music", "MusicTrack":"NoTrack" }
{ "timestamp":"2017-10-24T00:49:12Z", "event":"FSDJump", "StarSystem":"Blu Thua GE-A c1-5", "StarPos":[837.781,382.219,1567.844], "SystemAllegiance":"", "SystemEconomy":"$economy_None;", "SystemEconomy_Localised":"None", "SystemGovernment":"$government_None;", "SystemGovernment_Localised":"None", "SystemSecurity":"$GAlAXY_MAP_INFO_state_anarchy;", "SystemSecurity_Localised":"Anarchy", "Population":0, "JumpDist":13.797, "FuelUsed":0.851999, "FuelLevel":31.148001 }
{ "timestamp":"2017-10-24T00:49:12Z", "event":"Music", "MusicTrack":"Supercruise" }
{ "timestamp":"2017-10-24T00:49:23Z", "event":"Music", "MusicTrack":"SystemMap" }
{ "timestamp":"2017-10-24T00:49:30Z", "event":"Music", "MusicTrack":"Supercruise" }
{ "timestamp":"2017-10-24T00:49:35Z", "event":"Scan", "BodyName":"Blu Thua GE-A c1-5 A", "DistanceFromArrivalLS":0.000000, "StarType":"K", "StellarMass":0.738281, "Radius":614951168.000000, "AbsoluteMagnitude":6.351608, "Age_MY":12070, "SurfaceTemperature":4329.000000, "Luminosity":"Va", "SemiMajorAxis":449002080.000000, "Eccentricity":0.013759, "OrbitalInclination":84.358154, "Periapsis":53.495869, "OrbitalPeriod":29862.269531, "RotationPeriod":283304.218750, "AxialTilt":0.000000 }
{ "timestamp":"2017-10-24T00:49:54Z", "event":"Scan", "BodyName":"Blu Thua GE-A c1-5 B", "DistanceFromArrivalLS":4.965354, "StarType":"M", "StellarMass":0.324219, "Radius":352504384.000000, "AbsoluteMagnitude":9.753265, "Age_MY":12070, "SurfaceTemperature":2613.000000, "Luminosity":"Va", "SemiMajorAxis":1022426368.000000, "Eccentricity":0.013759, "OrbitalInclination":84.358154, "Periapsis":233.495850, "OrbitalPeriod":29862.269531, "RotationPeriod":317855.062500, "AxialTilt":0.000000 }
{ "timestamp":"2017-10-24T00:50:09Z", "event":"Music", "MusicTrack":"SystemMap" }
{ "timestamp":"2017-10-24T00:50:17Z", "event":"Music", "MusicTrack":"Supercruise" }
{ "timestamp":"2017-10-24T00:50:31Z", "event":"FuelScoop", "Scooped":0.852003, "Total":32.000000 }
{ "timestamp":"2017-10-24T00:50:47Z", "event":"Music", "MusicTrack":"SystemMap" }
{ "timestamp":"2017-10-24T00:50:50Z", "event":"Music", "MusicTrack":"Supercruise" }
{ "timestamp":"2017-10-24T00:50:59Z", "event":"Scan", "BodyName":"Blu Thua GE-A c1-5 C", "DistanceFromArrivalLS":727.725891, "StarType":"L", "StellarMass":0.171875, "Radius":219911952.000000, "AbsoluteMagnitude":11.991959, "Age_MY":12070, "SurfaceTemperature":1976.000000, "Luminosity":"V", "SemiMajorAxis":191433474048.000000, "Eccentricity":0.023023, "OrbitalInclination":-17.360804, "Periapsis":198.490234, "OrbitalPeriod":51480216.000000, "RotationPeriod":97815.593750, "AxialTilt":0.000000 }
{ "timestamp":"2017-10-24T01:00:43Z", "event":"Music", "MusicTrack":"SystemMap" }
{ "timestamp":"2017-10-24T01:00:45Z", "event":"Music", "MusicTrack":"Supercruise" }
{ "timestamp":"2017-10-24T01:00:51Z", "event":"Scan", "BodyName":"Blu Thua GE-A c1-5 D", "DistanceFromArrivalLS":152800.281250, "StarType":"K", "StellarMass":0.585938, "Radius":533553408.000000, "AbsoluteMagnitude":6.483994, "Age_MY":12070, "SurfaceTemperature":4508.000000, "Luminosity":"Va", "SemiMajorAxis":31750241648640.000000, "Eccentricity":0.045786, "OrbitalInclination":-14.474217, "Periapsis":241.731598, "OrbitalPeriod":129552072704.000000, "RotationPeriod":370112.187500, "AxialTilt":0.000000, "Rings":[ { "Name":"Blu Thua GE-A c1-5 D A Belt", "RingClass":"eRingClass_Rocky", "MassMT":7.9062e+13, "InnerRad":9.0837e+08, "OuterRad":2.0192e+09 } ] }
{ "timestamp":"2017-10-24T01:00:52Z", "event":"Music", "MusicTrack":"SystemMap" }
{ "timestamp":"2017-10-24T01:00:55Z", "event":"Music", "MusicTrack":"Supercruise" }
{ "timestamp":"2017-10-24T01:02:48Z", "event":"Scan", "BodyName":"Blu Thua GE-A c1-5 D 1", "DistanceFromArrivalLS":152398.046875, "TidalLock":false, "TerraformState":"", "PlanetClass":"High metal content body", "Atmosphere":"methane rich atmosphere", "AtmosphereType":"MethaneRich", "AtmosphereComposition":[ { "Name":"Nitrogen", "Percent":99.226295 }, { "Name":"Methane", "Percent":0.413883 }, { "Name":"CarbonDioxide", "Percent":0.340953 } ], "Volcanism":"", "MassEM":0.529526, "Radius":5024743.000000, "SurfaceGravity":8.359275, "SurfaceTemperature":208.024551, "SurfacePressure":326991.562500, "Landable":false, "SemiMajorAxis":211697434624.000000, "Eccentricity":0.000589, "OrbitalInclination":0.033333, "Periapsis":356.310333, "OrbitalPeriod":69347424.000000, "RotationPeriod":81613.281250, "AxialTilt":0.339333 }
{ "timestamp":"2017-10-24T01:03:31Z", "event":"StartJump", "JumpType":"Hyperspace", "StarSystem":"Blu Thua FF-Z d3", "StarClass":"F" }
{ "timestamp":"2017-10-24T01:03:36Z", "event":"Music", "MusicTrack":"NoTrack" }
{ "timestamp":"2017-10-24T01:03:49Z", "event":"FSDJump", "StarSystem":"Blu Thua FF-Z d3", "StarPos":[857.219,393.250,1579.844], "SystemAllegiance":"", "SystemEconomy":"$economy_None;", "SystemEconomy_Localised":"None", "SystemGovernment":"$government_None;", "SystemGovernment_Localised":"None", "SystemSecurity":"$GAlAXY_MAP_INFO_state_anarchy;", "SystemSecurity_Localised":"Anarchy", "Population":0, "JumpDist":25.367, "FuelUsed":3.776219, "FuelLevel":27.703781 }
{ "timestamp":"2017-10-24T01:03:49Z", "event":"Music", "MusicTrack":"Supercruise" }
{ "timestamp":"2017-10-24T01:04:05Z", "event":"Music", "MusicTrack":"SystemMap" }
{ "timestamp":"2017-10-24T01:04:18Z", "event":"Scan", "BodyName":"Blu Thua FF-Z d3", "DistanceFromArrivalLS":0.000000, "StarType":"F", "StellarMass":1.382813, "Radius":915730304.000000, "AbsoluteMagnitude":3.290024, "Age_MY":4092, "SurfaceTemperature":7178.000000, "Luminosity":"Vb", "RotationPeriod":230472.437500, "AxialTilt":0.000000 }
{ "timestamp":"2017-10-24T01:04:29Z", "event":"FuelScoop", "Scooped":4.296202, "Total":32.000000 }
{ "timestamp":"2017-10-24T01:04:43Z", "event":"Music", "MusicTrack":"Supercruise" }
{ "timestamp":"2017-10-24T01:05:14Z", "event":"StartJump", "JumpType":"Hyperspace", "StarSystem":"Blu Thua LK-Y c1-1", "StarClass":"K" }
{ "timestamp":"2017-10-24T01:05:20Z", "event":"Music", "MusicTrack":"NoTrack" }
{ "timestamp":"2017-10-24T01:05:33Z", "event":"FSDJump", "StarSystem":"Blu Thua LK-Y c1-1", "StarPos":[864.531,387.125,1594.406], "SystemAllegiance":"", "SystemEconomy":"$economy_None;", "SystemEconomy_Localised":"None", "SystemGovernment":"$government_None;", "SystemGovernment_Localised":"None", "SystemSecurity":"$GAlAXY_MAP_INFO_state_anarchy;", "SystemSecurity_Localised":"Anarchy", "Population":0, "JumpDist":17.408, "FuelUsed":1.506052, "FuelLevel":30.493948 }
{ "timestamp":"2017-10-24T01:05:33Z", "event":"Music", "MusicTrack":"Supercruise" }
{ "timestamp":"2017-10-24T01:05:46Z", "event":"Music", "MusicTrack":"SystemMap" }
{ "timestamp":"2017-10-24T01:05:56Z", "event":"Music", "MusicTrack":"Supercruise" }
{ "timestamp":"2017-10-24T01:05:56Z", "event":"Scan", "BodyName":"Blu Thua LK-Y c1-1", "DistanceFromArrivalLS":0.000000, "StarType":"K", "StellarMass":0.496094, "Radius":474675328.000000, "AbsoluteMagnitude":7.492691, "Age_MY":4994, "SurfaceTemperature":3789.000000, "Luminosity":"Va", "RotationPeriod":261203.015625, "AxialTilt":0.000000, "Rings":[ { "Name":"Blu Thua LK-Y c1-1 A Belt", "RingClass":"eRingClass_MetalRich", "MassMT":9.1398e+13, "InnerRad":8.4413e+08, "OuterRad":1.9103e+09 } ] }
{ "timestamp":"2017-10-24T01:05:58Z", "event":"Music", "MusicTrack":"SystemMap" }
{ "timestamp":"2017-10-24T01:06:03Z", "event":"Music", "MusicTrack":"Supercruise" }
{ "timestamp":"2017-10-24T01:06:22Z", "event":"FuelScoop", "Scooped":1.506066, "Total":32.000000 }
{ "timestamp":"2017-10-24T01:08:19Z", "event":"Scan", "BodyName":"Blu Thua LK-Y c1-1 3", "DistanceFromArrivalLS":2325.876465, "TidalLock":false, "TerraformState":"", "PlanetClass":"Sudarsky class I gas giant", "Atmosphere":"", "AtmosphereComposition":[ { "Name":"Hydrogen", "Percent":73.816681 }, { "Name":"Helium", "Percent":26.183315 } ], "Volcanism":"", "MassEM":93.537537, "Radius":56630492.000000, "SurfaceGravity":11.625046, "SurfaceTemperature":75.510841, "SurfacePressure":0.000000, "Landable":false, "SemiMajorAxis":12946793472.000000, "Eccentricity":0.184524, "OrbitalInclination":6.173028, "Periapsis":193.278442, "OrbitalPeriod":19360522.000000, "RotationPeriod":-20563776.000000, "AxialTilt":-2.884754, "Rings":[ { "Name":"Blu Thua LK-Y c1-1 3 A Ring", "RingClass":"eRingClass_MetalRich", "MassMT":6.3435e+10, "InnerRad":9.344e+07, "OuterRad":1.0564e+08 }, { "Name":"Blu Thua LK-Y c1-1 3 B Ring", "RingClass":"eRingClass_Icy", "MassMT":5.1859e+11, "InnerRad":1.0574e+08, "OuterRad":1.7319e+08 } ], "ReserveLevel":"PristineResources" }
{ "timestamp":"2017-10-24T01:08:39Z", "event":"StartJump", "JumpType":"Hyperspace", "StarSystem":"Blu Thua FF-Z d8", "StarClass":"A" }
{ "timestamp":"2017-10-24T01:08:45Z", "event":"Music", "MusicTrack":"NoTrack" }
{ "timestamp":"2017-10-24T01:08:58Z", "event":"FSDJump", "StarSystem":"Blu Thua FF-Z d8", "StarPos":[877.000,378.688,1615.563], "SystemAllegiance":"", "SystemEconomy":"$economy_None;", "SystemEconomy_Localised":"None", "SystemGovernment":"$government_None;", "SystemGovernment_Localised":"None", "SystemSecurity":"$GAlAXY_MAP_INFO_state_anarchy;", "SystemSecurity_Localised":"Anarchy", "Population":0, "JumpDist":25.966, "FuelUsed":4.011241, "FuelLevel":27.988758 }
{ "timestamp":"2017-10-24T01:08:58Z", "event":"Music", "MusicTrack":"Supercruise" }
{ "timestamp":"2017-10-24T01:09:09Z", "event":"Music", "MusicTrack":"SystemMap" }
{ "timestamp":"2017-10-24T01:09:20Z", "event":"Music", "MusicTrack":"Supercruise" }
{ "timestamp":"2017-10-24T01:09:23Z", "event":"Scan", "BodyName":"Blu Thua FF-Z d8", "DistanceFromArrivalLS":0.000000, "StarType":"A", "StellarMass":1.742188, "Radius":920760640.000000, "AbsoluteMagnitude":2.480896, "Age_MY":1106, "SurfaceTemperature":8624.000000, "Luminosity":"VI", "RotationPeriod":70131.289063, "AxialTilt":0.000000 }
{ "timestamp":"2017-10-24T01:09:23Z", "event":"Music", "MusicTrack":"SystemMap" }
{ "timestamp":"2017-10-24T01:09:27Z", "event":"Music", "MusicTrack":"Supercruise" }
{ "timestamp":"2017-10-24T01:10:00Z", "event":"FuelScoop", "Scooped":4.011234, "Total":32.000000 }
{ "timestamp":"2017-10-24T01:11:02Z", "event":"Music", "MusicTrack":"SystemMap" }
{ "timestamp":"2017-10-24T01:11:03Z", "event":"Music", "MusicTrack":"Supercruise" }
{ "timestamp":"2017-10-24T01:11:57Z", "event":"Scan", "BodyName":"Blu Thua FF-Z d8 5", "DistanceFromArrivalLS":1905.181030, "TidalLock":false, "TerraformState":"", "PlanetClass":"Sudarsky class IV gas giant", "Atmosphere":"", "AtmosphereComposition":[ { "Name":"Hydrogen", "Percent":73.613174 }, { "Name":"Helium", "Percent":26.386833 } ], "Volcanism":"", "MassEM":3097.488281, "Radius":67884320.000000, "SurfaceGravity":267.904602, "SurfaceTemperature":912.045593, "SurfacePressure":0.000000, "Landable":false, "SemiMajorAxis":571995389952.000000, "Eccentricity":0.004037, "OrbitalInclination":0.174832, "Periapsis":348.284576, "OrbitalPeriod":177008128.000000, "RotationPeriod":28655.980469, "AxialTilt":1.859271 }
{ "timestamp":"2017-10-24T01:13:04Z", "event":"Scan", "BodyName":"Blu Thua FF-Z d8 5 a", "DistanceFromArrivalLS":1906.103638, "TidalLock":true, "TerraformState":"", "PlanetClass":"Rocky body", "Atmosphere":"", "AtmosphereType":"None", "Volcanism":"metallic magma volcanism", "MassEM":0.011890, "Radius":1591845.375000, "SurfaceGravity":1.870204, "SurfaceTemperature":366.041687, "SurfacePressure":0.000000, "Landable":true, "Materials":[ { "Name":"iron", "Percent":18.779083 }, { "Name":"sulphur", "Percent":18.531700 }, { "Name":"carbon", "Percent":15.583241 }, { "Name":"nickel", "Percent":14.203712 }, { "Name":"phosphorus", "Percent":9.976659 }, { "Name":"chromium", "Percent":8.445578 }, { "Name":"germanium", "Percent":5.476664 }, { "Name":"zinc", "Percent":5.103452 }, { "Name":"cadmium", "Percent":1.458281 }, { "Name":"niobium", "Percent":1.283450 }, { "Name":"antimony", "Percent":1.158173 } ], "SemiMajorAxis":620024000.000000, "Eccentricity":0.000087, "OrbitalInclination":0.060358, "Periapsis":258.684753, "OrbitalPeriod":87299.156250, "RotationPeriod":87302.875000, "AxialTilt":0.102482 }
{ "timestamp":"2017-10-24T01:13:32Z", "event":"Scan", "BodyName":"Blu Thua FF-Z d8 5 b", "DistanceFromArrivalLS":1904.872559, "TidalLock":true, "TerraformState":"", "PlanetClass":"Rocky body", "Atmosphere":"", "AtmosphereType":"None", "Volcanism":"", "MassEM":0.024263, "Radius":2008673.875000, "SurfaceGravity":2.396855, "SurfaceTemperature":322.984131, "SurfacePressure":0.000000, "Landable":true, "Materials":[ { "Name":"iron", "Percent":20.768980 }, { "Name":"sulphur", "Percent":20.439825 }, { "Name":"carbon", "Percent":17.187777 }, { "Name":"nickel", "Percent":15.708786 }, { "Name":"phosphorus", "Percent":11.003910 }, { "Name":"germanium", "Percent":6.040571 }, { "Name":"selenium", "Percent":3.199006 }, { "Name":"zirconium", "Percent":2.411706 }, { "Name":"molybdenum", "Percent":1.356202 }, { "Name":"tungsten", "Percent":1.140426 }, { "Name":"technetium", "Percent":0.742823 } ], "SemiMajorAxis":1244524672.000000, "Eccentricity":0.000020, "OrbitalInclination":0.037310, "Periapsis":46.932899, "OrbitalPeriod":248257.546875, "RotationPeriod":248268.125000, "AxialTilt":0.103696 }
{ "timestamp":"2017-10-24T01:13:50Z", "event":"Scan", "BodyName":"Blu Thua FF-Z d8 5 c", "DistanceFromArrivalLS":1902.211670, "TidalLock":true, "TerraformState":"", "PlanetClass":"Rocky body", "Atmosphere":"", "AtmosphereType":"None", "Volcanism":"", "MassEM":0.029611, "Radius":2141138.250000, "SurfaceGravity":2.574396, "SurfaceTemperature":297.469879, "SurfacePressure":0.000000, "Landable":true, "Materials":[ { "Name":"iron", "Percent":19.623827 }, { "Name":"sulphur", "Percent":19.173576 }, { "Name":"carbon", "Percent":16.122992 }, { "Name":"nickel", "Percent":14.842640 }, { "Name":"phosphorus", "Percent":10.322216 }, { "Name":"chromium", "Percent":8.825486 }, { "Name":"vanadium", "Percent":4.818929 }, { "Name":"arsenic", "Percent":2.534072 }, { "Name":"niobium", "Percent":1.341184 }, { "Name":"ruthenium", "Percent":1.211896 }, { "Name":"tin", "Percent":1.183183 } ], "SemiMajorAxis":2194649344.000000, "Eccentricity":0.000329, "OrbitalInclination":0.949375, "Periapsis":1.761683, "OrbitalPeriod":581359.812500, "RotationPeriod":581384.562500, "AxialTilt":0.265617 }
{ "timestamp":"2017-10-24T01:13:54Z", "event":"Music", "MusicTrack":"SystemMap" }
{ "timestamp":"2017-10-24T01:13:58Z", "event":"Music", "MusicTrack":"Supercruise" }
{ "timestamp":"2017-10-24T01:13:59Z", "event":"Music", "MusicTrack":"SystemMap" }
{ "timestamp":"2017-10-24T01:14:33Z", "event":"Music", "MusicTrack":"Supercruise" }
{ "timestamp":"2017-10-24T01:14:58Z", "event":"StartJump", "JumpType":"Hyperspace", "StarSystem":"Blu Thua QQ-W c2-0", "StarClass":"K" }
{ "timestamp":"2017-10-24T01:15:04Z", "event":"Music", "MusicTrack":"NoTrack" }
{ "timestamp":"2017-10-24T01:15:17Z", "event":"FSDJump", "StarSystem":"Blu Thua QQ-W c2-0", "StarPos":[897.156,377.094,1616.375], "SystemAllegiance":"", "SystemEconomy":"$economy_None;", "SystemEconomy_Localised":"None", "SystemGovernment":"$government_None;", "SystemGovernment_Localised":"None", "SystemSecurity":"$GAlAXY_MAP_INFO_state_anarchy;", "SystemSecurity_Localised":"Anarchy", "Population":0, "JumpDist":20.235, "FuelUsed":2.177601, "FuelLevel":29.822399 }
{ "timestamp":"2017-10-24T01:15:17Z", "event":"Music", "MusicTrack":"Supercruise" }
{ "timestamp":"2017-10-24T01:15:30Z", "event":"Music", "MusicTrack":"SystemMap" }
{ "timestamp":"2017-10-24T01:15:34Z", "event":"Music", "MusicTrack":"Supercruise" }
{ "timestamp":"2017-10-24T01:15:56Z", "event":"Scan", "BodyName":"Blu Thua QQ-W c2-0", "DistanceFromArrivalLS":0.000000, "StarType":"K", "StellarMass":0.671875, "Radius":561082176.000000, "AbsoluteMagnitude":6.955322, "Age_MY":10110, "SurfaceTemperature":3944.000000, "Luminosity":"Va", "RotationPeriod":246699.750000, "AxialTilt":0.000000 }
{ "timestamp":"2017-10-24T01:16:23Z", "event":"FuelScoop", "Scooped":2.177586, "Total":32.000000 }
{ "timestamp":"2017-10-24T01:16:54Z", "event":"StartJump", "JumpType":"Hyperspace", "StarSystem":"Blu Thua OF-Y c1-0", "StarClass":"K" }
{ "timestamp":"2017-10-24T01:16:59Z", "event":"Music", "MusicTrack":"NoTrack" }
{ "timestamp":"2017-10-24T01:17:12Z", "event":"FSDJump", "StarSystem":"Blu Thua OF-Y c1-0", "StarPos":[906.313,370.531,1613.938], "SystemAllegiance":"", "SystemEconomy":"$economy_None;", "SystemEconomy_Localised":"None", "SystemGovernment":"$government_None;", "SystemGovernment_Localised":"None", "SystemSecurity":"$GAlAXY_MAP_INFO_state_anarchy;", "SystemSecurity_Localised":"Anarchy", "Population":0, "JumpDist":11.526, "FuelUsed":0.548404, "FuelLevel":31.451595 }
{ "timestamp":"2017-10-24T01:17:12Z", "event":"Music", "MusicTrack":"Supercruise" }
{ "timestamp":"2017-10-24T01:17:26Z", "event":"Music", "MusicTrack":"SystemMap" }
{ "timestamp":"2017-10-24T01:17:27Z", "event":"Music", "MusicTrack":"Supercruise" }
{ "timestamp":"2017-10-24T01:17:36Z", "event":"Scan", "BodyName":"Blu Thua OF-Y c1-0 A", "DistanceFromArrivalLS":0.000000, "StarType":"K", "StellarMass":0.472656, "Radius":453726304.000000, "AbsoluteMagnitude":7.594208, "Age_MY":10670, "SurfaceTemperature":3786.000000, "Luminosity":"Va", "SemiMajorAxis":49582977024.000000, "Eccentricity":0.276061, "OrbitalInclination":-20.816664, "Periapsis":140.262924, "OrbitalPeriod":52976944.000000, "RotationPeriod":201269.765625, "AxialTilt":0.000000 }
{ "timestamp":"2017-10-24T01:17:36Z", "event":"Music", "MusicTrack":"SystemMap" }
{ "timestamp":"2017-10-24T01:17:40Z", "event":"Music", "MusicTrack":"Supercruise" }
{ "timestamp":"2017-10-24T01:18:06Z", "event":"Scan", "BodyName":"Blu Thua OF-Y c1-0 B", "DistanceFromArrivalLS":453.991486, "StarType":"L", "StellarMass":0.175781, "Radius":244490480.000000, "AbsoluteMagnitude":12.279510, "Age_MY":10670, "SurfaceTemperature":1754.000000, "Luminosity":"V", "SemiMajorAxis":133323137024.000000, "Eccentricity":0.276061, "OrbitalInclination":-20.816664, "Periapsis":320.262939, "OrbitalPeriod":52976944.000000, "RotationPeriod":86937.859375, "AxialTilt":0.000000 }
{ "timestamp":"2017-10-24T01:18:20Z", "event":"FuelScoop", "Scooped":0.548411, "Total":32.000000 }
