{ "timestamp":"2017-10-28T05:52:11Z", "event":"Fileheader", "part":1, "language":"English\\UK", "gameversion":"2.4", "build":"r156431/r0 " }
{ "timestamp":"2017-10-28T05:52:11Z", "event":"Music", "MusicTrack":"NoTrack" }
{ "timestamp":"2017-10-28T05:52:11Z", "event":"Music", "MusicTrack":"MainMenu" }
{ "timestamp":"2017-10-28T06:05:42Z", "event":"Cargo", "Inventory":[  ] }
{ "timestamp":"2017-10-28T06:05:42Z", "event":"Loadout", "Ship":"DiamondBackXL", "ShipID":2, "ShipName":"KONNYAKU", "ShipIdent":"IG-E01", "Modules":[ { "Slot":"LargeHardpoint1", "Item":"Hpt_PulseLaser_Gimbal_Large", "On":true, "Priority":2, "Health":0.958757, "Value":140600 }, { "Slot":"MediumHardpoint2", "Item":"Hpt_MiningLaser_Fixed_Small", "On":true, "Priority":1, "Health":0.958027, "Value":6800 }, { "Slot":"TinyHardpoint1", "Item":"Hpt_HeatSinkLauncher_Turret_Tiny", "On":true, "Priority":0, "AmmoInClip":1, "AmmoInHopper":2, "Health":0.960621, "Value":3500 }, { "Slot":"TinyHardpoint2", "Item":"Hpt_HeatSinkLauncher_Turret_Tiny", "On":true, "Priority":0, "AmmoInClip":1, "AmmoInHopper":2, "Health":0.956778, "Value":3500 }, { "Slot":"TinyHardpoint4", "Item":"Hpt_ChaffLauncher_Tiny", "On":true, "Priority":1, "AmmoInClip":1, "AmmoInHopper":10, "Health":0.922629, "Value":8500 }, { "Slot":"Armour", "Item":"DiamondBackXL_Armour_Grade1", "On":true, "Priority":1, "Health":1.000000, "Value":0 }, { "Slot":"PowerPlant", "Item":"Int_Powerplant_Size4_Class4", "On":true, "Priority":1, "Health":0.972401, "Value":536693 }, { "Slot":"MainEngines", "Item":"Int_Engine_Size4_Class4", "On":true, "Priority":0, "Health":0.983037, "Value":536693 }, { "Slot":"FrameShiftDrive", "Item":"Int_Hyperdrive_Size5_Class4", "On":true, "Priority":0, "Health":1.000000, "Value":1701318 }, { "Slot":"LifeSupport", "Item":"Int_LifeSupport_Size3_Class2", "On":true, "Priority":0, "Health":0.949443, "Value":10133 }, { "Slot":"PowerDistributor", "Item":"Int_PowerDistributor_Size4_Class2", "On":true, "Priority":0, "Health":1.000000, "Value":28373 }, { "Slot":"Radar", "Item":"Int_Sensors_Size3_Class2", "On":true, "Priority":3, "Health":0.974832, "Value":10133 }, { "Slot":"FuelTank", "Item":"Int_FuelTank_Size5_Class3", "On":true, "Priority":1, "Health":1.000000, "Value":97754 }, { "Slot":"Decal1", "Item":"Decal_Explorer_Surveyor", "On":true, "Priority":1, "Health":1.000000, "Value":0 }, { "Slot":"Decal2", "Item":"Decal_Explorer_Surveyor", "On":true, "Priority":1, "Health":1.000000, "Value":0 }, { "Slot":"Decal3", "Item":"Decal_Explorer_Surveyor", "On":true, "Priority":1, "Health":1.000000, "Value":0 }, { "Slot":"Slot01_Size4", "Item":"Int_ShieldGenerator_Size4_Class1", "On":true, "Priority":1, "Health":1.000000, "Value":19878 }, { "Slot":"Slot02_Size4", "Item":"Int_FuelScoop_Size4_Class4", "On":true, "Priority":3, "Health":0.960042, "Value":715591 }, { "Slot":"Slot03_Size3", "Item":"Int_BuggyBay_Size2_Class2", "On":true, "Priority":0, "Health":0.981141, "Value":21600 }, { "Slot":"Slot04_Size3", "Item":"Int_Repairer_Size3_Class2", "On":true, "Priority":0, "AmmoInClip":2473, "Health":0.939137, "Value":97200 }, { "Slot":"Slot05_Size2", "Item":"Int_StellarBodyDiscoveryScanner_Advanced", "On":true, "Priority":1, "Health":0.975861, "Value":1545000 }, { "Slot":"Slot06_Size2", "Item":"Int_DetailedSurfaceScanner_Tiny", "On":true, "Priority":1, "Health":1.000000, "Value":250000 }, { "Slot":"PlanetaryApproachSuite", "Item":"Int_PlanetApproachSuite", "On":true, "Priority":1, "Health":1.000000, "Value":500 }, { "Slot":"ShipCockpit", "Item":"DiamondBackXL_Cockpit", "On":true, "Priority":1, "Health":1.000000, "Value":0 }, { "Slot":"CargoHatch", "Item":"ModularCargoBayDoor", "On":true, "Priority":2, "Health":0.951189, "Value":0 } ] }
{ "timestamp":"2017-10-28T06:05:42Z", "event":"Materials", "Raw":[ { "Name":"carbon", "Count":2 }, { "Name":"iron", "Count":3 } ], "Manufactured":[ { "Name":"mechanicalscrap", "Count":8 }, { "Name":"gridresistors", "Count":3 }, { "Name":"heatdispersionplate", "Count":5 }, { "Name":"salvagedalloys", "Count":6 }, { "Name":"hybridcapacitors", "Count":5 }, { "Name":"heatconductionwiring", "Count":2 } ], "Encoded":[ { "Name":"shieldsoakanalysis", "Count":3 }, { "Name":"disruptedwakeechoes", "Count":5 }, { "Name":"shieldcyclerecordings", "Count":9 }, { "Name":"emissiondata", "Count":3 }, { "Name":"bulkscandata", "Count":9 }, { "Name":"scrambledemissiondata", "Count":7 }, { "Name":"archivedemissiondata", "Count":3 }, { "Name":"shielddensityreports", "Count":9 }, { "Name":"legacyfirmware", "Count":1 } ] }
{ "timestamp":"2017-10-28T06:05:42Z", "event":"LoadGame", "Commander":"Igaguri", "Ship":"DiamondBackXL", "ShipID":2, "ShipName":"KONNYAKU", "ShipIdent":"IG-E01", "FuelLevel":22.860409, "FuelCapacity":32.000000, "GameMode":"Open", "Credits":726550, "Loan":0 }
{ "timestamp":"2017-10-28T06:05:42Z", "event":"Rank", "Combat":1, "Trade":4, "Explore":4, "Empire":0, "Federation":1, "CQC":0 }
{ "timestamp":"2017-10-28T06:05:42Z", "event":"Progress", "Combat":26, "Trade":1, "Explore":9, "Empire":0, "Federation":100, "CQC":0 }
{ "timestamp":"2017-10-28T06:05:53Z", "event":"Location", "Docked":false, "StarSystem":"Smojai XC-V d2-11", "StarPos":[1151.750,148.469,3049.750], "SystemAllegiance":"", "SystemEconomy":"$economy_None;", "SystemEconomy_Localised":"None", "SystemGovernment":"$government_None;", "SystemGovernment_Localised":"None", "SystemSecurity":"$GAlAXY_MAP_INFO_state_anarchy;", "SystemSecurity_Localised":"Anarchy", "Population":0, "Body":"Smojai XC-V d2-11 A", "BodyType":"Star" }
{ "timestamp":"2017-10-28T06:05:53Z", "event":"Music", "MusicTrack":"NoTrack" }
{ "timestamp":"2017-10-28T06:05:54Z", "event":"Music", "MusicTrack":"Exploration" }
{ "timestamp":"2017-10-28T06:09:26Z", "event":"Friends", "Status":"Added", "Name":"Mitsumete Knight" }
{ "timestamp":"2017-10-28T06:10:09Z", "event":"Music", "MusicTrack":"SystemMap" }
{ "timestamp":"2017-10-28T06:10:10Z", "event":"Music", "MusicTrack":"Exploration" }
{ "timestamp":"2017-10-28T06:10:14Z", "event":"Music", "MusicTrack":"GalaxyMap" }
{ "timestamp":"2017-10-28T06:10:37Z", "event":"Music", "MusicTrack":"Exploration" }
{ "timestamp":"2017-10-28T06:10:59Z", "event":"StartJump", "JumpType":"Supercruise" }
{ "timestamp":"2017-10-28T06:11:04Z", "event":"SupercruiseEntry", "StarSystem":"Smojai XC-V d2-11" }
{ "timestamp":"2017-10-28T06:11:04Z", "event":"Music", "MusicTrack":"Supercruise" }
{ "timestamp":"2017-10-28T06:11:32Z", "event":"FuelScoop", "Scooped":5.000978, "Total":27.861372 }
{ "timestamp":"2017-10-28T06:11:48Z", "event":"FuelScoop", "Scooped":4.138596, "Total":32.000000 }
{ "timestamp":"2017-10-28T06:12:05Z", "event":"StartJump", "JumpType":"Hyperspace", "StarSystem":"Smojai XC-V d2-23", "StarClass":"G" }
{ "timestamp":"2017-10-28T06:12:11Z", "event":"Music", "MusicTrack":"NoTrack" }
{ "timestamp":"2017-10-28T06:12:24Z", "event":"FSDJump", "StarSystem":"Smojai XC-V d2-23", "StarPos":[1150.625,157.469,3062.313], "SystemAllegiance":"", "SystemEconomy":"$economy_None;", "SystemEconomy_Localised":"None", "SystemGovernment":"$government_None;", "SystemGovernment_Localised":"None", "SystemSecurity":"$GAlAXY_MAP_INFO_state_anarchy;", "SystemSecurity_Localised":"Anarchy", "Population":0, "JumpDist":15.495, "FuelUsed":1.132231, "FuelLevel":30.867769 }
{ "timestamp":"2017-10-28T06:12:24Z", "event":"Music", "MusicTrack":"Supercruise" }
{ "timestamp":"2017-10-28T06:12:33Z", "event":"Music", "MusicTrack":"SystemMap" }
{ "timestamp":"2017-10-28T06:12:40Z", "event":"Music", "MusicTrack":"Supercruise" }
{ "timestamp":"2017-10-28T06:12:47Z", "event":"Scan", "BodyName":"Smojai XC-V d2-23", "DistanceFromArrivalLS":0.000000, "StarType":"G", "StellarMass":1.105469, "Radius":785048128.000000, "AbsoluteMagnitude":4.585022, "Age_MY":1190, "SurfaceTemperature":5754.000000, "Luminosity":"Vab", "RotationPeriod":357554.593750, "AxialTilt":0.000000, "Rings":[ { "Name":"Smojai XC-V d2-23 A Belt", "RingClass":"eRingClass_Metalic", "MassMT":1.5283e+14, "InnerRad":1.2953e+09, "OuterRad":2.6239e+09 }, { "Name":"Smojai XC-V d2-23 B Belt", "RingClass":"eRingClass_Metalic", "MassMT":3.6609e+16, "InnerRad":1.0533e+10, "OuterRad":4.1959e+11 } ] }
{ "timestamp":"2017-10-28T06:12:58Z", "event":"FuelScoop", "Scooped":1.132240, "Total":32.000000 }
{ "timestamp":"2017-10-28T06:13:22Z", "event":"StartJump", "JumpType":"Hyperspace", "StarSystem":"Smojai YL-O c6-4", "StarClass":"K" }
{ "timestamp":"2017-10-28T06:13:27Z", "event":"Music", "MusicTrack":"NoTrack" }
{ "timestamp":"2017-10-28T06:13:41Z", "event":"FSDJump", "StarSystem":"Smojai YL-O c6-4", "StarPos":[1141.250,147.406,3082.219], "SystemAllegiance":"", "SystemEconomy":"$economy_None;", "SystemEconomy_Localised":"None", "SystemGovernment":"$government_None;", "SystemGovernment_Localised":"None", "SystemSecurity":"$GAlAXY_MAP_INFO_state_anarchy;", "SystemSecurity_Localised":"Anarchy", "Population":0, "JumpDist":24.195, "FuelUsed":3.373545, "FuelLevel":28.626455 }
{ "timestamp":"2017-10-28T06:13:41Z", "event":"Music", "MusicTrack":"Supercruise" }
{ "timestamp":"2017-10-28T06:13:52Z", "event":"Music", "MusicTrack":"SystemMap" }
{ "timestamp":"2017-10-28T06:13:58Z", "event":"Music", "MusicTrack":"Supercruise" }
{ "timestamp":"2017-10-28T06:15:08Z", "event":"Scan", "BodyName":"Smojai YL-O c6-4 1", "DistanceFromArrivalLS":514.480408, "TidalLock":false, "TerraformState":"", "PlanetClass":"Water world", "Atmosphere":"carbon dioxide atmosphere", "AtmosphereType":"CarbonDioxide", "AtmosphereComposition":[ { "Name":"CarbonDioxide", "Percent":76.676361 }, { "Name":"Nitrogen", "Percent":18.057285 }, { "Name":"Oxygen", "Percent":5.135653 } ], "Volcanism":"", "MassEM":0.658219, "Radius":5359050.500000, "SurfaceGravity":9.134901, "SurfaceTemperature":275.497375, "SurfacePressure":484538.500000, "Landable":false, "SemiMajorAxis":154194788352.000000, "Eccentricity":0.000756, "OrbitalInclination":-0.093692, "Periapsis":81.211945, "OrbitalPeriod":43874780.000000, "RotationPeriod":189818.437500, "AxialTilt":-0.223485 }
{ "timestamp":"2017-10-28T06:15:26Z", "event":"StartJump", "JumpType":"Hyperspace", "StarSystem":"Smojai CS-M c7-5", "StarClass":"K" }
{ "timestamp":"2017-10-28T06:15:32Z", "event":"Music", "MusicTrack":"NoTrack" }
{ "timestamp":"2017-10-28T06:15:45Z", "event":"FSDJump", "StarSystem":"Smojai CS-M c7-5", "StarPos":[1135.563,148.594,3102.469], "SystemAllegiance":"", "SystemEconomy":"$economy_None;", "SystemEconomy_Localised":"None", "SystemGovernment":"$government_None;", "SystemGovernment_Localised":"None", "SystemSecurity":"$GAlAXY_MAP_INFO_state_anarchy;", "SystemSecurity_Localised":"Anarchy", "Population":0, "JumpDist":21.067, "FuelUsed":2.352716, "FuelLevel":26.273739 }
{ "timestamp":"2017-10-28T06:15:45Z", "event":"Music", "MusicTrack":"Supercruise" }
{ "timestamp":"2017-10-28T06:15:55Z", "event":"Music", "MusicTrack":"SystemMap" }
{ "timestamp":"2017-10-28T06:15:58Z", "event":"Music", "MusicTrack":"Supercruise" }
{ "timestamp":"2017-10-28T06:16:08Z", "event":"Scan", "BodyName":"Smojai CS-M c7-5", "DistanceFromArrivalLS":0.000000, "StarType":"K", "StellarMass":0.617188, "Radius":560785024.000000, "AbsoluteMagnitude":7.038757, "Age_MY":7120, "SurfaceTemperature":3870.000000, "Luminosity":"Va", "RotationPeriod":304550.281250, "AxialTilt":0.000000 }
{ "timestamp":"2017-10-28T06:16:38Z", "event":"FuelScoop", "Scooped":5.002796, "Total":31.276527 }
{ "timestamp":"2017-10-28T06:16:43Z", "event":"FuelScoop", "Scooped":0.723460, "Total":32.000000 }
{ "timestamp":"2017-10-28T06:17:05Z", "event":"StartJump", "JumpType":"Hyperspace", "StarSystem":"Tr 24 Sector YO-Z d25", "StarClass":"F" }
{ "timestamp":"2017-10-28T06:17:10Z", "event":"Music", "MusicTrack":"NoTrack" }
{ "timestamp":"2017-10-28T06:17:23Z", "event":"FSDJump", "StarSystem":"Tr 24 Sector YO-Z d25", "StarPos":[1117.906,139.000,3116.563], "SystemAllegiance":"", "SystemEconomy":"$economy_None;", "SystemEconomy_Localised":"None", "SystemGovernment":"$government_None;", "SystemGovernment_Localised":"None", "SystemSecurity":"$GAlAXY_MAP_INFO_state_anarchy;", "SystemSecurity_Localised":"Anarchy", "Population":0, "JumpDist":24.544, "FuelUsed":3.494312, "FuelLevel":28.505688 }
{ "timestamp":"2017-10-28T06:17:23Z", "event":"Music", "MusicTrack":"Supercruise" }
{ "timestamp":"2017-10-28T06:17:34Z", "event":"Music", "MusicTrack":"SystemMap" }
{ "timestamp":"2017-10-28T06:17:47Z", "event":"Scan", "BodyName":"Tr 24 Sector YO-Z d25", "DistanceFromArrivalLS":0.000000, "StarType":"F", "StellarMass":1.250000, "Radius":856194240.000000, "AbsoluteMagnitude":3.498825, "Age_MY":696, "SurfaceTemperature":7075.000000, "Luminosity":"Vb", "RotationPeriod":361784.906250, "AxialTilt":0.000000 }
{ "timestamp":"2017-10-28T06:17:49Z", "event":"Music", "MusicTrack":"Supercruise" }
{ "timestamp":"2017-10-28T06:17:54Z", "event":"Music", "MusicTrack":"SystemMap" }
{ "timestamp":"2017-10-28T06:17:58Z", "event":"Music", "MusicTrack":"Supercruise" }
{ "timestamp":"2017-10-28T06:18:11Z", "event":"FuelScoop", "Scooped":0.853296, "Total":29.358980 }
{ "timestamp":"2017-10-28T06:18:30Z", "event":"FuelScoop", "Scooped":2.266393, "Total":31.625372 }
{ "timestamp":"2017-10-28T06:19:59Z", "event":"Scan", "BodyName":"Tr 24 Sector YO-Z d25 6", "DistanceFromArrivalLS":1087.326416, "TidalLock":false, "TerraformState":"Terraformable", "PlanetClass":"High metal content body", "Atmosphere":"thick nitrogen atmosphere", "AtmosphereType":"Nitrogen", "AtmosphereComposition":[ { "Name":"Nitrogen", "Percent":99.992714 } ], "Volcanism":"minor silicate vapour geysers volcanism", "MassEM":1.133510, "Radius":6310396.500000, "SurfaceGravity":11.345438, "SurfaceTemperature":242.096680, "SurfacePressure":612608.687500, "Landable":false, "SemiMajorAxis":325982257152.000000, "Eccentricity":0.000039, "OrbitalInclination":-0.010598, "Periapsis":2.002840, "OrbitalPeriod":90778280.000000, "RotationPeriod":144703.171875, "AxialTilt":0.349271 }
{ "timestamp":"2017-10-28T06:20:05Z", "event":"Music", "MusicTrack":"SystemMap" }
{ "timestamp":"2017-10-28T06:20:08Z", "event":"Music", "MusicTrack":"Supercruise" }
{ "timestamp":"2017-10-28T06:22:08Z", "event":"Scan", "BodyName":"Tr 24 Sector YO-Z d25 7", "DistanceFromArrivalLS":1342.294312, "TidalLock":false, "TerraformState":"Terraformable", "PlanetClass":"Water world", "Atmosphere":"water rich atmosphere", "AtmosphereType":"WaterRich", "AtmosphereComposition":[ { "Name":"Nitrogen", "Percent":59.411613 }, { "Name":"Water", "Percent":21.567125 }, { "Name":"Oxygen", "Percent":18.860245 } ], "Volcanism":"minor metallic magma volcanism", "MassEM":1.437433, "Radius":6767820.500000, "SurfaceGravity":12.508331, "SurfaceTemperature":370.412170, "SurfacePressure":82573.945313, "Landable":false, "SemiMajorAxis":402571067392.000000, "Eccentricity":0.000882, "OrbitalInclination":0.003248, "Periapsis":301.995239, "OrbitalPeriod":124581864.000000, "RotationPeriod":88004.250000, "AxialTilt":-0.434344 }
{ "timestamp":"2017-10-28T06:22:08Z", "event":"Music", "MusicTrack":"SystemMap" }
{ "timestamp":"2017-10-28T06:22:11Z", "event":"Music", "MusicTrack":"Supercruise" }
{ "timestamp":"2017-10-28T06:22:23Z", "event":"Music", "MusicTrack":"SystemMap" }
{ "timestamp":"2017-10-28T06:22:40Z", "event":"Music", "MusicTrack":"Supercruise" }
{ "timestamp":"2017-10-28T06:24:24Z", "event":"Scan", "BodyName":"Tr 24 Sector YO-Z d25 8", "DistanceFromArrivalLS":1981.361328, "TidalLock":false, "TerraformState":"", "PlanetClass":"High metal content body", "Atmosphere":"nitrogen atmosphere", "AtmosphereType":"Nitrogen", "AtmosphereComposition":[ { "Name":"Nitrogen", "Percent":93.197121 }, { "Name":"Oxygen", "Percent":3.835752 }, { "Name":"CarbonDioxide", "Percent":2.703094 } ], "Volcanism":"major silicate vapour geysers volcanism", "MassEM":4.302256, "Radius":9194334.000000, "SurfaceGravity":20.284536, "SurfaceTemperature":237.488953, "SurfacePressure":372820.781250, "Landable":false, "SemiMajorAxis":593560010752.000000, "Eccentricity":0.001195, "OrbitalInclination":-0.569247, "Periapsis":131.552124, "OrbitalPeriod":223042624.000000, "RotationPeriod":46771.992188, "AxialTilt":2.361572 }
{ "timestamp":"2017-10-28T06:25:10Z", "event":"StartJump", "JumpType":"Hyperspace", "StarSystem":"Tr 24 Sector US-A c1-6", "StarClass":"K" }
{ "timestamp":"2017-10-28T06:25:16Z", "event":"Music", "MusicTrack":"NoTrack" }
{ "timestamp":"2017-10-28T06:25:29Z", "event":"FSDJump", "StarSystem":"Tr 24 Sector US-A c1-6", "StarPos":[1103.156,132.875,3132.938], "SystemAllegiance":"", "SystemEconomy":"$economy_None;", "SystemEconomy_Localised":"None", "SystemGovernment":"$government_None;", "SystemGovernment_Localised":"None", "SystemSecurity":"$GAlAXY_MAP_INFO_state_anarchy;", "SystemSecurity_Localised":"Anarchy", "Population":0, "JumpDist":22.874, "FuelUsed":2.923763, "FuelLevel":28.181608 }
{ "timestamp":"2017-10-28T06:25:29Z", "event":"Music", "MusicTrack":"Supercruise" }
{ "timestamp":"2017-10-28T06:25:41Z", "event":"Music", "MusicTrack":"SystemMap" }
{ "timestamp":"2017-10-28T06:25:51Z", "event":"Music", "MusicTrack":"Supercruise" }
{ "timestamp":"2017-10-28T06:25:53Z", "event":"Scan", "BodyName":"Tr 24 Sector US-A c1-6", "DistanceFromArrivalLS":0.000000, "StarType":"K", "StellarMass":0.535156, "Radius":492674112.000000, "AbsoluteMagnitude":7.150497, "Age_MY":3110, "SurfaceTemperature":4024.000000, "Luminosity":"Va", "RotationPeriod":220179.328125, "AxialTilt":0.000000, "Rings":[ { "Name":"Tr 24 Sector US-A c1-6 A Belt", "RingClass":"eRingClass_MetalRich", "MassMT":5.1359e+11, "InnerRad":8.1291e+08, "OuterRad":2.0571e+09 } ] }
{ "timestamp":"2017-10-28T06:26:16Z", "event":"FuelScoop", "Scooped":3.818388, "Total":32.000000 }
{ "timestamp":"2017-10-28T06:26:35Z", "event":"StartJump", "JumpType":"Hyperspace", "StarSystem":"Tr 24 Sector WD-Z c1-4", "StarClass":"K" }
{ "timestamp":"2017-10-28T06:26:41Z", "event":"Music", "MusicTrack":"NoTrack" }
{ "timestamp":"2017-10-28T06:26:54Z", "event":"FSDJump", "StarSystem":"Tr 24 Sector WD-Z c1-4", "StarPos":[1117.969,135.281,3153.125], "SystemAllegiance":"", "SystemEconomy":"$economy_None;", "SystemEconomy_Localised":"None", "SystemGovernment":"$government_None;", "SystemGovernment_Localised":"None", "SystemSecurity":"$GAlAXY_MAP_INFO_state_anarchy;", "SystemSecurity_Localised":"Anarchy", "Population":0, "JumpDist":25.154, "FuelUsed":3.711085, "FuelLevel":28.288916 }
{ "timestamp":"2017-10-28T06:26:54Z", "event":"Music", "MusicTrack":"Supercruise" }
{ "timestamp":"2017-10-28T06:27:18Z", "event":"Scan", "BodyName":"Tr 24 Sector WD-Z c1-4 A", "DistanceFromArrivalLS":0.000000, "StarType":"K", "StellarMass":0.640625, "Radius":489723840.000000, "AbsoluteMagnitude":6.863251, "Age_MY":10818, "SurfaceTemperature":4312.000000, "Luminosity":"Vab", "SemiMajorAxis":70099656704.000000, "Eccentricity":0.176822, "OrbitalInclination":-62.763515, "Periapsis":30.841196, "OrbitalPeriod":25447130.000000, "RotationPeriod":225213.609375, "AxialTilt":0.000000 }
{ "timestamp":"2017-10-28T06:27:30Z", "event":"Music", "MusicTrack":"SystemMap" }
{ "timestamp":"2017-10-28T06:27:38Z", "event":"Music", "MusicTrack":"Supercruise" }
{ "timestamp":"2017-10-28T06:27:40Z", "event":"Music", "MusicTrack":"SystemMap" }
{ "timestamp":"2017-10-28T06:27:42Z", "event":"Music", "MusicTrack":"Supercruise" }
{ "timestamp":"2017-10-28T06:28:03Z", "event":"Scan", "BodyName":"Tr 24 Sector WD-Z c1-4 B", "DistanceFromArrivalLS":386.714996, "StarType":"K", "StellarMass":0.636719, "Radius":575493952.000000, "AbsoluteMagnitude":6.468628, "Age_MY":10818, "SurfaceTemperature":4356.000000, "Luminosity":"Va", "SemiMajorAxis":70529753088.000000, "Eccentricity":0.176822, "OrbitalInclination":-62.763515, "Periapsis":210.841187, "OrbitalPeriod":25447130.000000, "RotationPeriod":246241.437500, "AxialTilt":0.000000 }
{ "timestamp":"2017-10-28T06:28:35Z", "event":"FuelScoop", "Scooped":3.510472, "Total":31.799400 }
{ "timestamp":"2017-10-28T06:28:52Z", "event":"StartJump", "JumpType":"Hyperspace", "StarSystem":"Tr 24 Sector AK-X c2-3", "StarClass":"K" }
{ "timestamp":"2017-10-28T06:28:58Z", "event":"Music", "MusicTrack":"NoTrack" }
{ "timestamp":"2017-10-28T06:29:11Z", "event":"FSDJump", "StarSystem":"Tr 24 Sector AK-X c2-3", "StarPos":[1121.094,138.563,3178.750], "SystemAllegiance":"", "SystemEconomy":"$economy_None;", "SystemEconomy_Localised":"None", "SystemGovernment":"$government_None;", "SystemGovernment_Localised":"None", "SystemSecurity":"$GAlAXY_MAP_INFO_state_anarchy;", "SystemSecurity_Localised":"Anarchy", "Population":0, "JumpDist":26.023, "FuelUsed":4.027613, "FuelLevel":27.771788 }
{ "timestamp":"2017-10-28T06:29:11Z", "event":"Music", "MusicTrack":"Supercruise" }
{ "timestamp":"2017-10-28T06:29:21Z", "event":"Music", "MusicTrack":"SystemMap" }
{ "timestamp":"2017-10-28T06:29:23Z", "event":"Music", "MusicTrack":"Supercruise" }
{ "timestamp":"2017-10-28T06:29:34Z", "event":"Scan", "BodyName":"Tr 24 Sector AK-X c2-3 A", "DistanceFromArrivalLS":0.000000, "StarType":"K", "StellarMass":0.660156, "Radius":484969440.000000, "AbsoluteMagnitude":7.268646, "Age_MY":12420, "SurfaceTemperature":3947.000000, "Luminosity":"Va", "SemiMajorAxis":1227852611584.000000, "Eccentricity":0.254585, "OrbitalInclination":-46.003170, "Periapsis":312.732788, "OrbitalPeriod":1837317120.000000, "RotationPeriod":234512.875000, "AxialTilt":0.000000, "Rings":[ { "Name":"Tr 24 Sector AK-X c2-3 A A Belt", "RingClass":"eRingClass_Rocky", "MassMT":8.7905e+13, "InnerRad":8.3564e+08, "OuterRad":2.1011e+09 } ] }
{ "timestamp":"2017-10-28T06:30:03Z", "event":"FuelScoop", "Scooped":4.228199, "Total":32.000000 }
{ "timestamp":"2017-10-28T06:30:21Z", "event":"StartJump", "JumpType":"Hyperspace", "StarSystem":"Tr 24 Sector CV-X d1-12", "StarClass":"G" }
{ "timestamp":"2017-10-28T06:30:26Z", "event":"Music", "MusicTrack":"NoTrack" }
{ "timestamp":"2017-10-28T06:30:39Z", "event":"FSDJump", "StarSystem":"Tr 24 Sector CV-X d1-12", "StarPos":[1121.438,150.719,3199.094], "SystemAllegiance":"", "SystemEconomy":"$economy_None;", "SystemEconomy_Localised":"None", "SystemGovernment":"$government_None;", "SystemGovernment_Localised":"None", "SystemSecurity":"$GAlAXY_MAP_INFO_state_anarchy;", "SystemSecurity_Localised":"Anarchy", "Population":0, "JumpDist":23.701, "FuelUsed":3.207474, "FuelLevel":28.792526 }
{ "timestamp":"2017-10-28T06:30:40Z", "event":"Music", "MusicTrack":"Supercruise" }
{ "timestamp":"2017-10-28T06:31:02Z", "event":"Scan", "BodyName":"Tr 24 Sector CV-X d1-12", "DistanceFromArrivalLS":0.000000, "StarType":"G", "StellarMass":0.929688, "Radius":688113664.000000, "AbsoluteMagnitude":5.221817, "Age_MY":5402, "SurfaceTemperature":5308.000000, "Luminosity":"Vab", "RotationPeriod":328441.531250, "AxialTilt":0.000000 }
{ "timestamp":"2017-10-28T06:38:47Z", "event":"FuelScoop", "Scooped":3.207474, "Total":32.000000 }
{ "timestamp":"2017-10-28T06:39:13Z", "event":"StartJump", "JumpType":"Hyperspace", "StarSystem":"Tr 24 Sector FQ-V c3-2", "StarClass":"K" }
{ "timestamp":"2017-10-28T06:39:19Z", "event":"Music", "MusicTrack":"NoTrack" }
{ "timestamp":"2017-10-28T06:39:32Z", "event":"FSDJump", "StarSystem":"Tr 24 Sector FQ-V c3-2", "StarPos":[1136.344,146.188,3219.000], "SystemAllegiance":"", "SystemEconomy":"$economy_None;", "SystemEconomy_Localised":"None", "SystemGovernment":"$government_None;", "SystemGovernment_Localised":"None", "SystemSecurity":"$GAlAXY_MAP_INFO_state_anarchy;", "SystemSecurity_Localised":"Anarchy", "Population":0, "JumpDist":25.278, "FuelUsed":3.755797, "FuelLevel":28.244204 }
{ "timestamp":"2017-10-28T06:39:32Z", "event":"Music", "MusicTrack":"Supercruise" }
{ "timestamp":"2017-10-28T06:39:41Z", "event":"Music", "MusicTrack":"SystemMap" }
{ "timestamp":"2017-10-28T06:39:43Z", "event":"Music", "MusicTrack":"Supercruise" }
{ "timestamp":"2017-10-28T06:39:55Z", "event":"Scan", "BodyName":"Tr 24 Sector FQ-V c3-2", "DistanceFromArrivalLS":0.000000, "StarType":"K", "StellarMass":0.777344, "Radius":595254400.000000, "AbsoluteMagnitude":6.284058, "Age_MY":6850, "SurfaceTemperature":4469.000000, "Luminosity":"Va", "RotationPeriod":296222.906250, "AxialTilt":0.000000, "Rings":[ { "Name":"Tr 24 Sector FQ-V c3-2 A Belt", "RingClass":"eRingClass_MetalRich", "MassMT":1.1773e+14, "InnerRad":1.0738e+09, "OuterRad":2.2188e+09 } ] }
{ "timestamp":"2017-10-28T06:40:17Z", "event":"FuelScoop", "Scooped":3.755769, "Total":32.000000 }
{ "timestamp":"2017-10-28T06:40:40Z", "event":"StartJump", "JumpType":"Hyperspace", "StarSystem":"Tr 24 Sector DV-X d1-22", "StarClass":"F" }
{ "timestamp":"2017-10-28T06:40:46Z", "event":"Music", "MusicTrack":"NoTrack" }
{ "timestamp":"2017-10-28T06:40:59Z", "event":"FSDJump", "StarSystem":"Tr 24 Sector DV-X d1-22", "StarPos":[1136.781,139.906,3241.063], "SystemAllegiance":"", "SystemEconomy":"$economy_None;", "SystemEconomy_Localised":"None", "SystemGovernment":"$government_None;", "SystemGovernment_Localised":"None", "SystemSecurity":"$GAlAXY_MAP_INFO_state_anarchy;", "SystemSecurity_Localised":"Anarchy", "Population":0, "JumpDist":22.943, "FuelUsed":2.961907, "FuelLevel":29.038094 }
{ "timestamp":"2017-10-28T06:40:59Z", "event":"Music", "MusicTrack":"Supercruise" }
{ "timestamp":"2017-10-28T06:41:12Z", "event":"Music", "MusicTrack":"SystemMap" }
{ "timestamp":"2017-10-28T06:41:16Z", "event":"Music", "MusicTrack":"Supercruise" }
{ "timestamp":"2017-10-28T06:41:23Z", "event":"Scan", "BodyName":"Tr 24 Sector DV-X d1-22", "DistanceFromArrivalLS":0.000000, "StarType":"F", "StellarMass":1.261719, "Radius":742322240.000000, "AbsoluteMagnitude":4.141068, "Age_MY":1852, "SurfaceTemperature":6554.000000, "Luminosity":"Vb", "RotationPeriod":315516.625000, "AxialTilt":0.000000 }
{ "timestamp":"2017-10-28T06:42:31Z", "event":"FuelScoop", "Scooped":2.961914, "Total":32.000000 }
{ "timestamp":"2017-10-28T06:42:51Z", "event":"StartJump", "JumpType":"Hyperspace", "StarSystem":"Tr 24 Sector LR-T c4-2", "StarClass":"K" }
{ "timestamp":"2017-10-28T06:42:56Z", "event":"Music", "MusicTrack":"NoTrack" }
{ "timestamp":"2017-10-28T06:43:09Z", "event":"FSDJump", "StarSystem":"Tr 24 Sector LR-T c4-2", "StarPos":[1150.313,134.125,3257.563], "SystemAllegiance":"", "SystemEconomy":"$economy_None;", "SystemEconomy_Localised":"None", "SystemGovernment":"$government_None;", "SystemGovernment_Localised":"None", "SystemSecurity":"$GAlAXY_MAP_INFO_state_anarchy;", "SystemSecurity_Localised":"Anarchy", "Population":0, "JumpDist":22.108, "FuelUsed":2.704919, "FuelLevel":29.295082 }
{ "timestamp":"2017-10-28T06:43:09Z", "event":"Music", "MusicTrack":"Supercruise" }
{ "timestamp":"2017-10-28T06:43:20Z", "event":"Music", "MusicTrack":"SystemMap" }
{ "timestamp":"2017-10-28T06:43:26Z", "event":"Music", "MusicTrack":"Supercruise" }
{ "timestamp":"2017-10-28T06:43:32Z", "event":"Scan", "BodyName":"Tr 24 Sector LR-T c4-2", "DistanceFromArrivalLS":0.000000, "StarType":"K", "StellarMass":0.531250, "Radius":457270848.000000, "AbsoluteMagnitude":7.489822, "Age_MY":10344, "SurfaceTemperature":3863.000000, "Luminosity":"Va", "RotationPeriod":228284.046875, "AxialTilt":0.000000 }
{ "timestamp":"2017-10-28T06:43:36Z", "event":"Music", "MusicTrack":"SystemMap" }
{ "timestamp":"2017-10-28T06:43:40Z", "event":"Music", "MusicTrack":"Supercruise" }
{ "timestamp":"2017-10-28T06:44:03Z", "event":"FuelScoop", "Scooped":3.224923, "Total":32.000000 }
{ "timestamp":"2017-10-28T06:45:21Z", "event":"Scan", "BodyName":"Tr 24 Sector LR-T c4-2 3", "DistanceFromArrivalLS":614.729309, "TidalLock":false, "TerraformState":"", "PlanetClass":"High metal content body", "Atmosphere":"argon atmosphere", "AtmosphereType":"Argon", "AtmosphereComposition":[ { "Name":"Argon", "Percent":99.267670 }, { "Name":"Nitrogen", "Percent":0.732325 } ], "Volcanism":"", "MassEM":0.082075, "Radius":2844391.000000, "SurfaceGravity":4.043340, "SurfaceTemperature":123.998123, "SurfacePressure":42170.144531, "Landable":false, "SemiMajorAxis":184326438912.000000, "Eccentricity":0.000203, "OrbitalInclination":-0.001300, "Periapsis":78.846573, "OrbitalPeriod":59211380.000000, "RotationPeriod":109393.414063, "AxialTilt":0.025737 }
{ "timestamp":"2017-10-28T06:45:24Z", "event":"Music", "MusicTrack":"SystemMap" }
{ "timestamp":"2017-10-28T06:45:27Z", "event":"Music", "MusicTrack":"Supercruise" }
{ "timestamp":"2017-10-28T06:46:30Z", "event":"Scan", "BodyName":"Tr 24 Sector LR-T c4-2 2", "DistanceFromArrivalLS":415.151276, "TidalLock":false, "TerraformState":"", "PlanetClass":"High metal content body", "Atmosphere":"argon atmosphere", "AtmosphereType":"Argon", "AtmosphereComposition":[ { "Name":"Argon", "Percent":55.533173 }, { "Name":"Nitrogen", "Percent":44.466827 } ], "Volcanism":"", "MassEM":0.111498, "Radius":3136851.250000, "SurfaceGravity":4.516349, "SurfaceTemperature":152.971054, "SurfacePressure":94049.164063, "Landable":false, "SemiMajorAxis":124471951360.000000, "Eccentricity":0.000222, "OrbitalInclination":0.022410, "Periapsis":119.373596, "OrbitalPeriod":32857226.000000, "RotationPeriod":85052.843750, "AxialTilt":0.272723 }
{ "timestamp":"2017-10-28T06:47:32Z", "event":"StartJump", "JumpType":"Hyperspace", "StarSystem":"Tr 24 Sector LR-T c4-6", "StarClass":"G" }
{ "timestamp":"2017-10-28T06:47:37Z", "event":"Music", "MusicTrack":"NoTrack" }
{ "timestamp":"2017-10-28T06:47:50Z", "event":"FSDJump", "StarSystem":"Tr 24 Sector LR-T c4-6", "StarPos":[1164.219,121.313,3272.906], "SystemAllegiance":"", "SystemEconomy":"$economy_None;", "SystemEconomy_Localised":"None", "SystemGovernment":"$government_None;", "SystemGovernment_Localised":"None", "SystemSecurity":"$GAlAXY_MAP_INFO_state_anarchy;", "SystemSecurity_Localised":"Anarchy", "Population":0, "JumpDist":24.351, "FuelUsed":3.427204, "FuelLevel":28.572796 }
{ "timestamp":"2017-10-28T06:47:51Z", "event":"Music", "MusicTrack":"Supercruise" }
{ "timestamp":"2017-10-28T06:48:04Z", "event":"Music", "MusicTrack":"SystemMap" }
{ "timestamp":"2017-10-28T06:48:08Z", "event":"Music", "MusicTrack":"Supercruise" }
{ "timestamp":"2017-10-28T06:48:14Z", "event":"Scan", "BodyName":"Tr 24 Sector LR-T c4-6 A", "DistanceFromArrivalLS":0.000000, "StarType":"G", "StellarMass":0.808594, "Radius":580396928.000000, "AbsoluteMagnitude":5.463348, "Age_MY":5934, "SurfaceTemperature":5467.000000, "Luminosity":"Vab", "SemiMajorAxis":28986958675968.000000, "Eccentricity":0.048317, "OrbitalInclination":-36.404621, "Periapsis":257.042877, "OrbitalPeriod":473692831744.000000, "RotationPeriod":237766.843750, "AxialTilt":0.000000 }
{ "timestamp":"2017-10-28T06:48:18Z", "event":"Music", "MusicTrack":"SystemMap" }
{ "timestamp":"2017-10-28T06:48:23Z", "event":"Music", "MusicTrack":"Supercruise" }
{ "timestamp":"2017-10-28T06:48:49Z", "event":"FuelScoop", "Scooped":3.427189, "Total":32.000000 }
{ "timestamp":"2017-10-28T06:49:55Z", "event":"Scan", "BodyName":"Tr 24 Sector LR-T c4-6 A 1", "DistanceFromArrivalLS":541.902283, "TidalLock":false, "TerraformState":"Terraformable", "PlanetClass":"Water world", "Atmosphere":"carbon dioxide rich atmosphere", "AtmosphereType":"CarbonDioxideRich", "AtmosphereComposition":[ { "Name":"Nitrogen", "Percent":59.223186 }, { "Name":"CarbonDioxide", "Percent":21.414637 }, { "Name":"Oxygen", "Percent":18.958591 } ], "Volcanism":"", "MassEM":0.295621, "Radius":4193437.250000, "SurfaceGravity":6.700453, "SurfaceTemperature":296.865936, "SurfacePressure":43508.667969, "Landable":false, "SemiMajorAxis":162508079104.000000, "Eccentricity":0.000898, "OrbitalInclination":-0.003557, "Periapsis":296.175629, "OrbitalPeriod":39730476.000000, "RotationPeriod":130410.375000, "AxialTilt":-0.010121 }
{ "timestamp":"2017-10-28T06:49:58Z", "event":"Music", "MusicTrack":"SystemMap" }
{ "timestamp":"2017-10-28T06:50:02Z", "event":"Music", "MusicTrack":"Supercruise" }
{ "timestamp":"2017-10-28T06:52:14Z", "event":"Scan", "BodyName":"Tr 24 Sector LR-T c4-6 A 2", "DistanceFromArrivalLS":888.644226, "TidalLock":false, "TerraformState":"", "PlanetClass":"High metal content body", "Atmosphere":"carbon dioxide atmosphere", "AtmosphereType":"CarbonDioxide", "AtmosphereComposition":[ { "Name":"CarbonDioxide", "Percent":98.925362 }, { "Name":"SulphurDioxide", "Percent":1.074637 } ], "Volcanism":"", "MassEM":0.110646, "Radius":3076079.500000, "SurfaceGravity":4.660706, "SurfaceTemperature":243.892532, "SurfacePressure":28995.138672, "Landable":false, "SemiMajorAxis":267322327040.000000, "Eccentricity":0.003429, "OrbitalInclination":0.445869, "Periapsis":128.700256, "OrbitalPeriod":83823192.000000, "RotationPeriod":135460.734375, "AxialTilt":-0.451195 }
{ "timestamp":"2017-10-28T06:53:06Z", "event":"StartJump", "JumpType":"Hyperspace", "StarSystem":"Tr 24 Sector JW-V d2-28", "StarClass":"F" }
{ "timestamp":"2017-10-28T06:53:11Z", "event":"Music", "MusicTrack":"NoTrack" }
{ "timestamp":"2017-10-28T06:53:25Z", "event":"FSDJump", "StarSystem":"Tr 24 Sector JW-V d2-28", "StarPos":[1166.719,111.531,3288.719], "SystemAllegiance":"", "SystemEconomy":"$economy_None;", "SystemEconomy_Localised":"None", "SystemGovernment":"$government_None;", "SystemGovernment_Localised":"None", "SystemSecurity":"$GAlAXY_MAP_INFO_state_anarchy;", "SystemSecurity_Localised":"Anarchy", "Population":0, "JumpDist":18.761, "FuelUsed":1.808969, "FuelLevel":30.191031 }
{ "timestamp":"2017-10-28T06:53:25Z", "event":"Music", "MusicTrack":"Supercruise" }
{ "timestamp":"2017-10-28T06:53:35Z", "event":"Music", "MusicTrack":"SystemMap" }
{ "timestamp":"2017-10-28T06:53:42Z", "event":"Music", "MusicTrack":"Supercruise" }
{ "timestamp":"2017-10-28T06:53:48Z", "event":"Scan", "BodyName":"Tr 24 Sector JW-V d2-28", "DistanceFromArrivalLS":0.000000, "StarType":"F", "StellarMass":1.324219, "Radius":889644800.000000, "AbsoluteMagnitude":4.024246, "Age_MY":1230, "SurfaceTemperature":6150.000000, "Luminosity":"Vab", "RotationPeriod":235947.546875, "AxialTilt":0.000000 }
{ "timestamp":"2017-10-28T06:54:03Z", "event":"Music", "MusicTrack":"SystemMap" }
{ "timestamp":"2017-10-28T06:54:06Z", "event":"Music", "MusicTrack":"Supercruise" }
{ "timestamp":"2017-10-28T06:54:11Z", "event":"FuelScoop", "Scooped":1.808965, "Total":32.000000 }
{ "timestamp":"2017-10-28T06:55:40Z", "event":"Scan", "BodyName":"Tr 24 Sector JW-V d2-28 4", "DistanceFromArrivalLS":732.040710, "TidalLock":true, "TerraformState":"Terraformable", "PlanetClass":"High metal content body", "Atmosphere":"thin carbon dioxide atmosphere", "AtmosphereType":"CarbonDioxide", "AtmosphereComposition":[ { "Name":"CarbonDioxide", "Percent":82.943741 }, { "Name":"SulphurDioxide", "Percent":17.056253 } ], "Volcanism":"", "MassEM":0.124407, "Radius":3207164.250000, "SurfaceGravity":4.820711, "SurfaceTemperature":291.893372, "SurfacePressure":2000.782959, "Landable":false, "SemiMajorAxis":238070224.000000, "Eccentricity":0.181574, "OrbitalInclination":9.610001, "Periapsis":48.203049, "OrbitalPeriod":4155258.750000, "RotationPeriod":5281748.000000, "AxialTilt":0.294932 }
{ "timestamp":"2017-10-28T06:55:57Z", "event":"Scan", "BodyName":"Tr 24 Sector JW-V d2-28 5", "DistanceFromArrivalLS":731.544922, "TidalLock":true, "TerraformState":"Terraformable", "PlanetClass":"High metal content body", "Atmosphere":"sulfur dioxide atmosphere", "AtmosphereType":"SulphurDioxide", "AtmosphereComposition":[ { "Name":"SulphurDioxide", "Percent":51.411621 }, { "Name":"CarbonDioxide", "Percent":48.588379 } ], "Volcanism":"", "MassEM":0.202059, "Radius":3722247.250000, "SurfaceGravity":5.812698, "SurfaceTemperature":360.355865, "SurfacePressure":47272.437500, "Landable":false, "SemiMajorAxis":146578528.000000, "Eccentricity":0.181574, "OrbitalInclination":9.610001, "Periapsis":228.203033, "OrbitalPeriod":4155258.750000, "RotationPeriod":6731239.500000, "AxialTilt":-0.606099 }
{ "timestamp":"2017-10-28T06:56:00Z", "event":"Music", "MusicTrack":"SystemMap" }
{ "timestamp":"2017-10-28T06:56:03Z", "event":"Music", "MusicTrack":"Supercruise" }
{ "timestamp":"2017-10-28T06:56:29Z", "event":"StartJump", "JumpType":"Hyperspace", "StarSystem":"Tr 24 Sector PX-R c5-4", "StarClass":"K" }
{ "timestamp":"2017-10-28T06:56:35Z", "event":"Music", "MusicTrack":"NoTrack" }
{ "timestamp":"2017-10-28T06:56:48Z", "event":"FSDJump", "StarSystem":"Tr 24 Sector PX-R c5-4", "StarPos":[1151.406,109.688,3306.344], "SystemAllegiance":"", "SystemEconomy":"$economy_None;", "SystemEconomy_Localised":"None", "SystemGovernment":"$government_None;", "SystemGovernment_Localised":"None", "SystemSecurity":"$GAlAXY_MAP_INFO_state_anarchy;", "SystemSecurity_Localised":"Anarchy", "Population":0, "JumpDist":23.420, "FuelUsed":3.115087, "FuelLevel":28.884912 }
{ "timestamp":"2017-10-28T06:56:48Z", "event":"Music", "MusicTrack":"Supercruise" }
{ "timestamp":"2017-10-28T06:56:57Z", "event":"Music", "MusicTrack":"SystemMap" }
{ "timestamp":"2017-10-28T06:56:58Z", "event":"Music", "MusicTrack":"Supercruise" }
{ "timestamp":"2017-10-28T06:57:11Z", "event":"Scan", "BodyName":"Tr 24 Sector PX-R c5-4 A", "DistanceFromArrivalLS":0.000000, "StarType":"K", "StellarMass":0.718750, "Radius":511797824.000000, "AbsoluteMagnitude":6.223724, "Age_MY":5894, "SurfaceTemperature":4887.000000, "Luminosity":"Vab", "SemiMajorAxis":351715819520.000000, "Eccentricity":0.074056, "OrbitalInclination":17.047201, "Periapsis":286.563690, "OrbitalPeriod":935961344.000000, "RotationPeriod":241126.609375, "AxialTilt":0.000000 }
{ "timestamp":"2017-10-28T06:57:15Z", "event":"Music", "MusicTrack":"SystemMap" }
{ "timestamp":"2017-10-28T06:57:17Z", "event":"Music", "MusicTrack":"Supercruise" }
{ "timestamp":"2017-10-28T06:57:49Z", "event":"FuelScoop", "Scooped":3.115114, "Total":32.000000 }
{ "timestamp":"2017-10-28T06:58:12Z", "event":"StartJump", "JumpType":"Hyperspace", "StarSystem":"Tr 24 Sector PX-R c5-1", "StarClass":"K" }
{ "timestamp":"2017-10-28T06:58:17Z", "event":"Music", "MusicTrack":"NoTrack" }
{ "timestamp":"2017-10-28T06:58:31Z", "event":"FSDJump", "StarSystem":"Tr 24 Sector PX-R c5-1", "StarPos":[1157.344,112.281,3323.406], "SystemAllegiance":"", "SystemEconomy":"$economy_None;", "SystemEconomy_Localised":"None", "SystemGovernment":"$government_None;", "SystemGovernment_Localised":"None", "SystemSecurity":"$GAlAXY_MAP_INFO_state_anarchy;", "SystemSecurity_Localised":"Anarchy", "Population":0, "JumpDist":18.251, "FuelUsed":1.691000, "FuelLevel":30.309000 }
{ "timestamp":"2017-10-28T06:58:31Z", "event":"Music", "MusicTrack":"Supercruise" }
{ "timestamp":"2017-10-28T06:58:43Z", "event":"Music", "MusicTrack":"SystemMap" }
{ "timestamp":"2017-10-28T06:58:46Z", "event":"Music", "MusicTrack":"Supercruise" }
{ "timestamp":"2017-10-28T06:58:48Z", "event":"Music", "MusicTrack":"SystemMap" }
{ "timestamp":"2017-10-28T06:58:49Z", "event":"Music", "MusicTrack":"Supercruise" }
{ "timestamp":"2017-10-28T06:58:54Z", "event":"Scan", "BodyName":"Tr 24 Sector PX-R c5-1", "DistanceFromArrivalLS":0.000000, "StarType":"K", "StellarMass":0.613281, "Radius":516424832.000000, "AbsoluteMagnitude":7.217758, "Age_MY":10444, "SurfaceTemperature":3870.000000, "Luminosity":"Va", "RotationPeriod":328858.062500, "AxialTilt":0.000000 }
{ "timestamp":"2017-10-28T06:59:00Z", "event":"Music", "MusicTrack":"SystemMap" }
{ "timestamp":"2017-10-28T06:59:02Z", "event":"Music", "MusicTrack":"Supercruise" }
{ "timestamp":"2017-10-28T06:59:16Z", "event":"FuelScoop", "Scooped":1.690994, "Total":32.000000 }
{ "timestamp":"2017-10-28T07:00:21Z", "event":"Scan", "BodyName":"Tr 24 Sector PX-R c5-1 1", "DistanceFromArrivalLS":430.089447, "TidalLock":false, "TerraformState":"", "PlanetClass":"High metal content body", "Atmosphere":"thin sulfur dioxide atmosphere", "AtmosphereType":"SulphurDioxide", "AtmosphereComposition":[ { "Name":"SulphurDioxide", "Percent":100.000000 } ], "Volcanism":"", "MassEM":0.039247, "Radius":2204475.250000, "SurfaceGravity":3.218865, "SurfaceTemperature":155.805817, "SurfacePressure":143.177658, "Landable":false, "SemiMajorAxis":128926531584.000000, "Eccentricity":0.000472, "OrbitalInclination":-0.172714, "Periapsis":42.012760, "OrbitalPeriod":32237560.000000, "RotationPeriod":53041.449219, "AxialTilt":0.283661 }
{ "timestamp":"2017-10-28T07:00:50Z", "event":"StartJump", "JumpType":"Hyperspace", "StarSystem":"Tr 24 Sector NC-U d3-5", "StarClass":"K" }
{ "timestamp":"2017-10-28T07:00:55Z", "event":"Music", "MusicTrack":"NoTrack" }
{ "timestamp":"2017-10-28T07:01:08Z", "event":"FSDJump", "StarSystem":"Tr 24 Sector NC-U d3-5", "StarPos":[1156.438,121.969,3340.250], "SystemAllegiance":"", "SystemEconomy":"$economy_None;", "SystemEconomy_Localised":"None", "SystemGovernment":"$government_None;", "SystemGovernment_Localised":"None", "SystemSecurity":"$GAlAXY_MAP_INFO_state_anarchy;", "SystemSecurity_Localised":"Anarchy", "Population":0, "JumpDist":19.452, "FuelUsed":1.976683, "FuelLevel":30.023317 }
{ "timestamp":"2017-10-28T07:01:09Z", "event":"Music", "MusicTrack":"Supercruise" }
{ "timestamp":"2017-10-28T07:01:24Z", "event":"Music", "MusicTrack":"SystemMap" }
{ "timestamp":"2017-10-28T07:01:30Z", "event":"Music", "MusicTrack":"Supercruise" }
{ "timestamp":"2017-10-28T07:01:32Z", "event":"Scan", "BodyName":"Tr 24 Sector NC-U d3-5", "DistanceFromArrivalLS":0.000000, "StarType":"K", "StellarMass":0.921875, "Radius":723177344.000000, "AbsoluteMagnitude":5.301956, "Age_MY":1342, "SurfaceTemperature":5083.000000, "Luminosity":"Va", "RotationPeriod":343410.750000, "AxialTilt":0.000000, "Rings":[ { "Name":"Tr 24 Sector NC-U d3-5 A Belt", "RingClass":"eRingClass_Rocky", "MassMT":9.4289e+09, "InnerRad":1.1419e+09, "OuterRad":2.3485e+09 } ] }
{ "timestamp":"2017-10-28T07:01:43Z", "event":"Music", "MusicTrack":"SystemMap" }
{ "timestamp":"2017-10-28T07:01:46Z", "event":"Music", "MusicTrack":"Supercruise" }
{ "timestamp":"2017-10-28T07:01:54Z", "event":"FuelScoop", "Scooped":1.976660, "Total":32.000000 }
{ "timestamp":"2017-10-28T07:03:27Z", "event":"Scan", "BodyName":"Tr 24 Sector NC-U d3-5 5", "DistanceFromArrivalLS":390.608826, "TidalLock":true, "TerraformState":"Terraformable", "PlanetClass":"High metal content body", "Atmosphere":"sulfur dioxide atmosphere", "AtmosphereType":"SulphurDioxide", "AtmosphereComposition":[ { "Name":"SulphurDioxide", "Percent":100.000000 } ], "Volcanism":"", "MassEM":0.160436, "Radius":3461970.500000, "SurfaceGravity":5.335376, "SurfaceTemperature":259.275360, "SurfacePressure":15111.796875, "Landable":false, "SemiMajorAxis":56277012.000000, "Eccentricity":0.034728, "OrbitalInclination":-7.512843, "Periapsis":183.321136, "OrbitalPeriod":677233.562500, "RotationPeriod":962708.562500, "AxialTilt":0.096965 }
{ "timestamp":"2017-10-28T07:03:45Z", "event":"Scan", "BodyName":"Tr 24 Sector NC-U d3-5 6", "DistanceFromArrivalLS":390.485229, "TidalLock":true, "TerraformState":"Terraformable", "PlanetClass":"High metal content body", "Atmosphere":"sulfur dioxide atmosphere", "AtmosphereType":"SulphurDioxide", "AtmosphereComposition":[ { "Name":"SulphurDioxide", "Percent":100.000000 } ], "Volcanism":"", "MassEM":0.157175, "Radius":3439553.000000, "SurfaceGravity":5.295270, "SurfaceTemperature":259.084290, "SurfacePressure":14076.008789, "Landable":false, "SemiMajorAxis":57444812.000000, "Eccentricity":0.034728, "OrbitalInclination":-7.512843, "Periapsis":3.321132, "OrbitalPeriod":677233.562500, "RotationPeriod":952872.875000, "AxialTilt":-0.049355 }
{ "timestamp":"2017-10-28T07:03:46Z", "event":"Music", "MusicTrack":"SystemMap" }
{ "timestamp":"2017-10-28T07:03:50Z", "event":"Music", "MusicTrack":"Supercruise" }
{ "timestamp":"2017-10-28T07:06:15Z", "event":"Scan", "BodyName":"Tr 24 Sector NC-U d3-5 7", "DistanceFromArrivalLS":714.323853, "TidalLock":false, "TerraformState":"", "PlanetClass":"High metal content body", "Atmosphere":"nitrogen atmosphere", "AtmosphereType":"Nitrogen", "AtmosphereComposition":[ { "Name":"Nitrogen", "Percent":85.563751 }, { "Name":"Oxygen", "Percent":12.529593 }, { "Name":"CarbonDioxide", "Percent":1.859907 } ], "Volcanism":"", "MassEM":0.386457, "Radius":4547030.500000, "SurfaceGravity":7.449979, "SurfaceTemperature":228.069473, "SurfacePressure":78472.296875, "Landable":false, "SemiMajorAxis":188332208.000000, "Eccentricity":0.133738, "OrbitalInclination":6.001627, "Periapsis":50.236496, "OrbitalPeriod":6243030.500000, "RotationPeriod":176111.046875, "AxialTilt":3.084920 }
{ "timestamp":"2017-10-28T07:06:31Z", "event":"Scan", "BodyName":"Tr 24 Sector NC-U d3-5 8", "DistanceFromArrivalLS":715.296814, "TidalLock":false, "TerraformState":"", "PlanetClass":"High metal content body", "Atmosphere":"carbon dioxide atmosphere", "AtmosphereType":"CarbonDioxide", "AtmosphereComposition":[ { "Name":"CarbonDioxide", "Percent":98.872742 }, { "Name":"SulphurDioxide", "Percent":1.048121 } ], "Volcanism":"", "MassEM":0.174889, "Radius":3557617.750000, "SurfaceGravity":5.507476, "SurfaceTemperature":277.368042, "SurfacePressure":26914.931641, "Landable":false, "SemiMajorAxis":416163776.000000, "Eccentricity":0.133738, "OrbitalInclination":6.001627, "Periapsis":230.236481, "OrbitalPeriod":6243030.500000, "RotationPeriod":10032260.000000, "AxialTilt":0.283248 }
{ "timestamp":"2017-10-28T08:23:02Z", "event":"Friends", "Status":"Online", "Name":"Mitsumete Knight" }
