{ "timestamp":"2017-10-14T13:38:46Z", "event":"Fileheader", "part":1, "language":"English\\UK", "gameversion":"2.4", "build":"r156431/r0 " }
{ "timestamp":"2017-10-14T13:38:46Z", "event":"Music", "MusicTrack":"NoTrack" }
{ "timestamp":"2017-10-14T13:38:46Z", "event":"Music", "MusicTrack":"MainMenu" }
{ "timestamp":"2017-10-14T13:39:52Z", "event":"Cargo", "Inventory":[  ] }
{ "timestamp":"2017-10-14T13:39:52Z", "event":"Loadout", "Ship":"CobraMkIII", "ShipID":1, "ShipName":"Kamaboko", "ShipIdent":"IG-C03", "Modules":[ { "Slot":"MediumHardpoint1", "Item":"Hpt_BeamLaser_Gimbal_Medium", "On":true, "Priority":0, "Health":1.000000, "Value":500600 }, { "Slot":"MediumHardpoint2", "Item":"Hpt_BeamLaser_Gimbal_Medium", "On":true, "Priority":0, "Health":1.000000, "Value":500600 }, { "Slot":"SmallHardpoint1", "Item":"Hpt_PulseLaser_Gimbal_Small", "On":true, "Priority":0, "Health":1.000000, "Value":6600 }, { "Slot":"SmallHardpoint2", "Item":"Hpt_PulseLaser_Gimbal_Small", "On":true, "Priority":0, "Health":1.000000, "Value":6600 }, { "Slot":"TinyHardpoint1", "Item":"Hpt_HeatSinkLauncher_Turret_Tiny", "On":true, "Priority":0, "AmmoInClip":1, "AmmoInHopper":2, "Health":1.000000, "Value":3500 }, { "Slot":"TinyHardpoint2", "Item":"Hpt_ChaffLauncher_Tiny", "On":true, "Priority":0, "AmmoInClip":1, "AmmoInHopper":10, "Health":1.000000, "Value":8500 }, { "Slot":"Armour", "Item":"CobraMkIII_Armour_Grade1", "On":true, "Priority":1, "Health":1.000000, "Value":0 }, { "Slot":"PowerPlant", "Item":"Int_Powerplant_Size4_Class4", "On":true, "Priority":1, "Health":1.000000, "Value":536693 }, { "Slot":"MainEngines", "Item":"Int_Engine_Size4_Class5", "On":true, "Priority":0, "Health":1.000000, "Value":1610080 }, { "Slot":"FrameShiftDrive", "Item":"Int_Hyperdrive_Size4_Class4", "On":true, "Priority":0, "Health":1.000000, "Value":536693 }, { "Slot":"LifeSupport", "Item":"Int_LifeSupport_Size3_Class5", "On":true, "Priority":0, "Health":1.000000, "Value":158331 }, { "Slot":"PowerDistributor", "Item":"Int_PowerDistributor_Size3_Class5", "On":true, "Priority":0, "Health":1.000000, "Value":158331 }, { "Slot":"Radar", "Item":"Int_Sensors_Size3_Class5", "On":true, "Priority":0, "Health":1.000000, "Value":158331 }, { "Slot":"FuelTank", "Item":"Int_FuelTank_Size4_Class3", "On":true, "Priority":1, "Health":1.000000, "Value":24734 }, { "Slot":"Slot01_Size4", "Item":"Int_ShieldGenerator_Size4_Class3", "On":true, "Priority":0, "Health":1.000000, "Value":178898 }, { "Slot":"Slot02_Size4", "Item":"Int_PassengerCabin_Size4_Class2", "On":true, "Priority":1, "AmmoInClip":6, "Health":1.000000, "Value":56862 }, { "Slot":"Slot03_Size4", "Item":"Int_PassengerCabin_Size4_Class2", "On":true, "Priority":1, "AmmoInClip":6, "Health":1.000000, "Value":56862 }, { "Slot":"Slot04_Size2", "Item":"Int_CargoRack_Size2_Class1", "On":true, "Priority":1, "Health":1.000000, "Value":3250 }, { "Slot":"Slot05_Size2", "Item":"Int_FuelScoop_Size2_Class4", "On":true, "Priority":0, "Health":1.000000, "Value":71211 }, { "Slot":"Slot06_Size2", "Item":"Int_StellarBodyDiscoveryScanner_Intermediate", "On":true, "Priority":1, "Health":1.000000, "Value":505000 }, { "Slot":"PlanetaryApproachSuite", "Item":"Int_PlanetApproachSuite", "On":true, "Priority":1, "Health":1.000000, "Value":500 }, { "Slot":"ShipCockpit", "Item":"CobraMkIII_Cockpit", "On":true, "Priority":1, "Health":1.000000, "Value":0 }, { "Slot":"CargoHatch", "Item":"ModularCargoBayDoor", "On":true, "Priority":2, "Health":1.000000, "Value":0 } ] }
{ "timestamp":"2017-10-14T13:39:52Z", "event":"Materials", "Raw":[ { "Name":"carbon", "Count":3 }, { "Name":"iron", "Count":3 } ], "Manufactured":[ { "Name":"mechanicalscrap", "Count":7 }, { "Name":"gridresistors", "Count":3 }, { "Name":"conductivecomponents", "Count":1 }, { "Name":"heatdispersionplate", "Count":6 }, { "Name":"salvagedalloys", "Count":6 }, { "Name":"hybridcapacitors", "Count":6 }, { "Name":"heatconductionwiring", "Count":3 } ], "Encoded":[ { "Name":"shieldsoakanalysis", "Count":3 }, { "Name":"disruptedwakeechoes", "Count":5 }, { "Name":"shieldcyclerecordings", "Count":3 }, { "Name":"emissiondata", "Count":3 }, { "Name":"bulkscandata", "Count":8 }, { "Name":"scrambledemissiondata", "Count":6 }, { "Name":"archivedemissiondata", "Count":3 }, { "Name":"shielddensityreports", "Count":6 } ] }
{ "timestamp":"2017-10-14T13:39:52Z", "event":"LoadGame", "Commander":"Igaguri", "Ship":"CobraMkIII", "ShipID":1, "ShipName":"Kamaboko", "ShipIdent":"IG-C03", "FuelLevel":14.806060, "FuelCapacity":16.000000, "GameMode":"Solo", "Credits":2248032, "Loan":0 }
{ "timestamp":"2017-10-14T13:39:52Z", "event":"Rank", "Combat":1, "Trade":4, "Explore":3, "Empire":0, "Federation":0, "CQC":0 }
{ "timestamp":"2017-10-14T13:39:52Z", "event":"Progress", "Combat":12, "Trade":1, "Explore":52, "Empire":0, "Federation":100, "CQC":0 }
{ "timestamp":"2017-10-14T13:40:03Z", "event":"Location", "Docked":true, "StationName":"New Dawn Station", "StationType":"Orbis", "StarSystem":"Ceos", "StarPos":[-348.656,13.875,-339.219], "SystemAllegiance":"Federation", "SystemEconomy":"$economy_Terraforming;", "SystemEconomy_Localised":"Terraforming", "SystemGovernment":"$government_Democracy;", "SystemGovernment_Localised":"Democracy", "SystemSecurity":"$SYSTEM_SECURITY_high;", "SystemSecurity_Localised":"High Security", "Population":100000, "Body":"New Dawn Station", "BodyType":"Station", "Factions":[ { "Name":"Sirius Corporation", "FactionState":"Boom", "Government":"Corporate", "Influence":0.189000, "Allegiance":"Independent" }, { "Name":"Liberate Ceos", "FactionState":"War", "Government":"Communism", "Influence":0.015000, "Allegiance":"Independent", "PendingStates":[ { "State":"Boom", "Trend":1 }, { "State":"Bust", "Trend":1 }, { "State":"Lockdown", "Trend":0 }, { "State":"Famine", "Trend":1 } ] }, { "Name":"Deep Space Clan", "FactionState":"War", "Government":"Anarchy", "Influence":0.015000, "Allegiance":"Independent", "PendingStates":[ { "State":"Boom", "Trend":1 }, { "State":"Bust", "Trend":1 }, { "State":"Lockdown", "Trend":1 }, { "State":"Famine", "Trend":1 } ] }, { "Name":"Pilots Federation Local Branch", "FactionState":"None", "Government":"Democracy", "Influence":0.000000, "Allegiance":"PilotsFederation" }, { "Name":"Federation Unite!", "FactionState":"Investment", "Government":"Democracy", "Influence":0.781000, "Allegiance":"Federation", "PendingStates":[ { "State":"Boom", "Trend":1 }, { "State":"Bust", "Trend":1 } ], "RecoveringStates":[ { "State":"Expansion", "Trend":0 } ] } ], "SystemFaction":"Federation Unite!", "FactionState":"Investment" }
{ "timestamp":"2017-10-14T13:40:03Z", "event":"Music", "MusicTrack":"NoTrack" }
{ "timestamp":"2017-10-14T13:40:03Z", "event":"Docked", "StationName":"New Dawn Station", "StationType":"Orbis", "StarSystem":"Ceos", "StationFaction":"Federation Unite!", "FactionState":"Investment", "StationGovernment":"$government_Democracy;", "StationGovernment_Localised":"Democracy", "StationAllegiance":"Federation", "StationServices":[ "Dock", "Autodock", "BlackMarket", "Commodities", "Contacts", "Exploration", "Missions", "Outfitting", "CrewLounge", "Rearm", "Refuel", "Repair", "Shipyard", "Tuning", "MissionsGenerated", "FlightController", "StationOperations", "Powerplay", "SearchAndRescue" ], "StationEconomy":"$economy_Terraforming;", "StationEconomy_Localised":"Terraforming", "DistFromStarLS":560.918945 }
{ "timestamp":"2017-10-14T13:40:03Z", "event":"Music", "MusicTrack":"Starport" }
{ "timestamp":"2017-10-14T13:40:16Z", "event":"RefuelAll", "Cost":69, "Amount":1.369063 }
{ "timestamp":"2017-10-14T13:40:49Z", "event":"MissionAccepted", "Faction":"Sirius Corporation", "Name":"Mission_Sightseeing_Tourist_BOOM", "LocalisedName":"Dean Morgan-Carroll seeks sightseeing adventure", "Commodity":"$ConsumerTechnology_Name;", "Commodity_Localised":"Consumer Technology", "Count":3, "DestinationSystem":"Sothis", "Expiry":"2017-10-15T03:17:36Z", "Influence":"Low", "Reputation":"Med", "Reward":626400, "PassengerCount":6, "PassengerVIPs":true, "PassengerWanted":false, "PassengerType":"Tourist", "MissionID":226673220 }
{ "timestamp":"2017-10-14T13:41:15Z", "event":"MissionAccepted", "Faction":"Liberate Ceos", "Name":"Mission_Sightseeing", "LocalisedName":"Melisa Valentine seeks sightseeing adventure", "Commodity":"$ConsumerTechnology_Name;", "Commodity_Localised":"Consumer Technology", "Count":3, "DestinationSystem":"Sothis", "Expiry":"2017-10-15T00:02:12Z", "Influence":"Low", "Reputation":"Med", "Reward":406000, "PassengerCount":5, "PassengerVIPs":true, "PassengerWanted":false, "PassengerType":"Tourist", "MissionID":226673528 }
{ "timestamp":"2017-10-14T13:41:22Z", "event":"Music", "MusicTrack":"GalaxyMap" }
{ "timestamp":"2017-10-14T13:41:29Z", "event":"Music", "MusicTrack":"Starport" }
{ "timestamp":"2017-10-14T13:41:36Z", "event":"Undocked", "StationName":"New Dawn Station", "StationType":"Orbis" }
{ "timestamp":"2017-10-14T13:42:01Z", "event":"Music", "MusicTrack":"NoTrack" }
{ "timestamp":"2017-10-14T13:42:18Z", "event":"Scanned", "ScanType":"Cargo" }
{ "timestamp":"2017-10-14T13:42:18Z", "event":"ReceiveText", "From":"$ShipName_Police_Federation;", "From_Localised":"Federal Security Service", "Message":"$Police_ThankYouPassedStopAndSearch03;", "Message_Localised":"All clear. Carry on, pilot.", "Channel":"npc" }
{ "timestamp":"2017-10-14T13:42:36Z", "event":"ReceiveText", "From":"New Dawn Station", "Message":"$STATION_NoFireZone_exited;", "Message_Localised":"No fire zone left.", "Channel":"npc" }
{ "timestamp":"2017-10-14T13:42:37Z", "event":"StartJump", "JumpType":"Hyperspace", "StarSystem":"Sothis", "StarClass":"F" }
{ "timestamp":"2017-10-14T13:42:55Z", "event":"FSDJump", "StarSystem":"Sothis", "StarPos":[-352.781,10.500,-346.344], "SystemAllegiance":"Federation", "SystemEconomy":"$economy_Terraforming;", "SystemEconomy_Localised":"Terraforming", "SystemGovernment":"$government_Democracy;", "SystemGovernment_Localised":"Democracy", "SystemSecurity":"$SYSTEM_SECURITY_high;", "SystemSecurity_Localised":"High Security", "Population":100000, "JumpDist":8.898, "FuelUsed":0.598380, "FuelLevel":15.401620, "Factions":[ { "Name":"Sirius Corporation", "FactionState":"Boom", "Government":"Corporate", "Influence":0.171968, "Allegiance":"Independent" }, { "Name":"Liberate Ceos", "FactionState":"None", "Government":"Communism", "Influence":0.009940, "Allegiance":"Independent", "PendingStates":[ { "State":"Boom", "Trend":1 }, { "State":"Bust", "Trend":1 }, { "State":"Lockdown", "Trend":0 }, { "State":"Famine", "Trend":1 } ] }, { "Name":"Deep Space Clan", "FactionState":"None", "Government":"Anarchy", "Influence":0.009940, "Allegiance":"Independent", "PendingStates":[ { "State":"Boom", "Trend":1 }, { "State":"Bust", "Trend":1 }, { "State":"Lockdown", "Trend":1 }, { "State":"Famine", "Trend":1 } ] }, { "Name":"Pilots Federation Local Branch", "FactionState":"None", "Government":"Democracy", "Influence":0.000000, "Allegiance":"PilotsFederation" }, { "Name":"Federation Unite!", "FactionState":"Investment", "Government":"Democracy", "Influence":0.808151, "Allegiance":"Federation", "PendingStates":[ { "State":"Boom", "Trend":1 }, { "State":"Bust", "Trend":1 } ], "RecoveringStates":[ { "State":"Expansion", "Trend":0 } ] } ], "SystemFaction":"Federation Unite!", "FactionState":"Investment" }
{ "timestamp":"2017-10-14T13:42:55Z", "event":"Music", "MusicTrack":"DestinationFromHyperspace" }
{ "timestamp":"2017-10-14T13:43:00Z", "event":"Music", "MusicTrack":"Supercruise" }
{ "timestamp":"2017-10-14T13:45:09Z", "event":"ReceiveText", "From":"$npc_name_decorate:#name=R'hardok;", "From_Localised":"R'hardok", "Message":"$Pirate_StartInterdiction02;", "Message_Localised":"There's no escape!", "Channel":"npc" }
{ "timestamp":"2017-10-14T13:45:41Z", "event":"EscapeInterdiction", "Interdictor":"R'hardok", "IsPlayer":false }
{ "timestamp":"2017-10-14T13:46:26Z", "event":"SupercruiseExit", "StarSystem":"Sothis", "Body":"Sothis A 5", "BodyType":"Planet" }
{ "timestamp":"2017-10-14T13:46:27Z", "event":"Music", "MusicTrack":"Exploration" }
{ "timestamp":"2017-10-14T13:46:38Z", "event":"MissionRedirected", "MissionID":226673528, "Name":"Mission_Sightseeing_name", "NewDestinationStation":"New Dawn Station", "NewDestinationSystem":"Ceos", "OldDestinationStation":"", "OldDestinationSystem":"Sothis" }
{ "timestamp":"2017-10-14T13:46:38Z", "event":"MissionRedirected", "MissionID":226673220, "Name":"Mission_Sightseeing_Tourist_BOOM_name", "NewDestinationStation":"New Dawn Station", "NewDestinationSystem":"Ceos", "OldDestinationStation":"", "OldDestinationSystem":"Sothis" }
{ "timestamp":"2017-10-14T13:46:40Z", "event":"Music", "MusicTrack":"GalaxyMap" }
{ "timestamp":"2017-10-14T13:46:46Z", "event":"Music", "MusicTrack":"SystemMap" }
{ "timestamp":"2017-10-14T13:46:48Z", "event":"Music", "MusicTrack":"Exploration" }
{ "timestamp":"2017-10-14T13:47:08Z", "event":"StartJump", "JumpType":"Hyperspace", "StarSystem":"Ceos", "StarClass":"F" }
{ "timestamp":"2017-10-14T13:47:13Z", "event":"Music", "MusicTrack":"NoTrack" }
{ "timestamp":"2017-10-14T13:47:26Z", "event":"FSDJump", "StarSystem":"Ceos", "StarPos":[-348.656,13.875,-339.219], "SystemAllegiance":"Federation", "SystemEconomy":"$economy_Terraforming;", "SystemEconomy_Localised":"Terraforming", "SystemGovernment":"$government_Democracy;", "SystemGovernment_Localised":"Democracy", "SystemSecurity":"$SYSTEM_SECURITY_high;", "SystemSecurity_Localised":"High Security", "Population":100000, "JumpDist":8.898, "FuelUsed":0.595560, "FuelLevel":14.806060, "Factions":[ { "Name":"Sirius Corporation", "FactionState":"Boom", "Government":"Corporate", "Influence":0.189000, "Allegiance":"Independent" }, { "Name":"Liberate Ceos", "FactionState":"War", "Government":"Communism", "Influence":0.015000, "Allegiance":"Independent", "PendingStates":[ { "State":"Boom", "Trend":1 }, { "State":"Bust", "Trend":1 }, { "State":"Lockdown", "Trend":0 }, { "State":"Famine", "Trend":1 } ] }, { "Name":"Deep Space Clan", "FactionState":"War", "Government":"Anarchy", "Influence":0.015000, "Allegiance":"Independent", "PendingStates":[ { "State":"Boom", "Trend":1 }, { "State":"Bust", "Trend":1 }, { "State":"Lockdown", "Trend":1 }, { "State":"Famine", "Trend":1 } ] }, { "Name":"Pilots Federation Local Branch", "FactionState":"None", "Government":"Democracy", "Influence":0.000000, "Allegiance":"PilotsFederation" }, { "Name":"Federation Unite!", "FactionState":"Investment", "Government":"Democracy", "Influence":0.781000, "Allegiance":"Federation", "PendingStates":[ { "State":"Boom", "Trend":1 }, { "State":"Bust", "Trend":1 } ], "RecoveringStates":[ { "State":"Expansion", "Trend":0 } ] } ], "SystemFaction":"Federation Unite!", "FactionState":"Investment" }
{ "timestamp":"2017-10-14T13:47:26Z", "event":"Music", "MusicTrack":"Supercruise" }
{ "timestamp":"2017-10-14T13:49:27Z", "event":"SupercruiseExit", "StarSystem":"Ceos", "Body":"New Dawn Station", "BodyType":"Station" }
{ "timestamp":"2017-10-14T13:49:28Z", "event":"Music", "MusicTrack":"DestinationFromSupercruise" }
{ "timestamp":"2017-10-14T13:49:29Z", "event":"ReceiveText", "From":"New Dawn Station", "Message":"$STATION_NoFireZone_entered;", "Message_Localised":"No fire zone entered.", "Channel":"npc" }
{ "timestamp":"2017-10-14T13:49:33Z", "event":"Music", "MusicTrack":"NoTrack" }
{ "timestamp":"2017-10-14T13:49:39Z", "event":"DockingRequested", "StationName":"New Dawn Station" }
{ "timestamp":"2017-10-14T13:49:39Z", "event":"ReceiveText", "From":"New Dawn Station", "Message":"$DockingChatter_Friendly;", "Message_Localised":"It's great to see you again, Commander.", "Channel":"npc" }
{ "timestamp":"2017-10-14T13:49:40Z", "event":"ReceiveText", "From":"New Dawn Station", "Message":"$STATION_docking_granted;", "Message_Localised":"Docking request granted.", "Channel":"npc" }
{ "timestamp":"2017-10-14T13:49:40Z", "event":"DockingGranted", "LandingPad":6, "StationName":"New Dawn Station" }
{ "timestamp":"2017-10-14T13:50:12Z", "event":"Music", "MusicTrack":"Starport" }
{ "timestamp":"2017-10-14T13:50:27Z", "event":"Docked", "StationName":"New Dawn Station", "StationType":"Orbis", "StarSystem":"Ceos", "StationFaction":"Federation Unite!", "FactionState":"Investment", "StationGovernment":"$government_Democracy;", "StationGovernment_Localised":"Democracy", "StationAllegiance":"Federation", "StationServices":[ "Dock", "Autodock", "BlackMarket", "Commodities", "Contacts", "Exploration", "Missions", "Outfitting", "CrewLounge", "Rearm", "Refuel", "Repair", "Shipyard", "Tuning", "MissionsGenerated", "FlightController", "StationOperations", "Powerplay", "SearchAndRescue" ], "StationEconomy":"$economy_Terraforming;", "StationEconomy_Localised":"Terraforming", "DistFromStarLS":560.920044 }
{ "timestamp":"2017-10-14T13:50:41Z", "event":"RefuelAll", "Cost":70, "Amount":1.379847 }
{ "timestamp":"2017-10-14T13:50:47Z", "event":"MissionCompleted", "Faction":"Sirius Corporation", "Name":"Mission_Sightseeing_Tourist_BOOM_name", "MissionID":226673220, "Commodity":"$ConsumerTechnology_Name;", "Commodity_Localised":"Consumer Technology", "Count":3, "DestinationSystem":"Sothis", "Reward":626400 }
{ "timestamp":"2017-10-14T13:50:57Z", "event":"MissionCompleted", "Faction":"Liberate Ceos", "Name":"Mission_Sightseeing_name", "MissionID":226673528, "Commodity":"$ConsumerTechnology_Name;", "Commodity_Localised":"Consumer Technology", "Count":3, "DestinationSystem":"Sothis", "Reward":406000 }
{ "timestamp":"2017-10-14T13:51:53Z", "event":"MissionAccepted", "Faction":"Federation Unite!", "Name":"Mission_Sightseeing", "LocalisedName":"Forest Campbell seeks sightseeing adventure", "Commodity":"$Clothing_Name;", "Commodity_Localised":"Clothing", "Count":1, "DestinationSystem":"Sothis", "Expiry":"2017-10-15T06:33:13Z", "Influence":"Low", "Reputation":"Med", "Reward":301048, "PassengerCount":5, "PassengerVIPs":true, "PassengerWanted":false, "PassengerType":"Tourist", "MissionID":226680568 }
{ "timestamp":"2017-10-14T13:52:23Z", "event":"MissionAccepted", "Faction":"Liberate Ceos", "Name":"Mission_Sightseeing", "LocalisedName":"Jarvis Burnett seeks sightseeing adventure", "Commodity":"$DomesticAppliances_Name;", "Commodity_Localised":"Domestic Appliances", "Count":2, "DestinationSystem":"Sothis", "Expiry":"2017-10-15T04:45:55Z", "Influence":"Low", "Reputation":"Med", "Reward":348000, "PassengerCount":4, "PassengerVIPs":true, "PassengerWanted":false, "PassengerType":"Tourist", "MissionID":226680946 }
{ "timestamp":"2017-10-14T13:52:34Z", "event":"ReceiveText", "From":"$npc_name_decorate:#name=Aric;", "From_Localised":"Aric", "Message":"$Commuter_AuthorityScan02;", "Message_Localised":"How can I be of assistance?", "Channel":"npc" }
{ "timestamp":"2017-10-14T13:52:38Z", "event":"Music", "MusicTrack":"GalaxyMap" }
{ "timestamp":"2017-10-14T13:52:43Z", "event":"Music", "MusicTrack":"SystemMap" }
{ "timestamp":"2017-10-14T13:52:44Z", "event":"Music", "MusicTrack":"Starport" }
{ "timestamp":"2017-10-14T13:52:52Z", "event":"Undocked", "StationName":"New Dawn Station", "StationType":"Orbis" }
{ "timestamp":"2017-10-14T13:53:12Z", "event":"Music", "MusicTrack":"NoTrack" }
{ "timestamp":"2017-10-14T13:53:43Z", "event":"ReceiveText", "From":"New Dawn Station", "Message":"$STATION_NoFireZone_exited;", "Message_Localised":"No fire zone left.", "Channel":"npc" }
{ "timestamp":"2017-10-14T13:53:44Z", "event":"StartJump", "JumpType":"Hyperspace", "StarSystem":"Sothis", "StarClass":"F" }
{ "timestamp":"2017-10-14T13:54:03Z", "event":"FSDJump", "StarSystem":"Sothis", "StarPos":[-352.781,10.500,-346.344], "SystemAllegiance":"Federation", "SystemEconomy":"$economy_Terraforming;", "SystemEconomy_Localised":"Terraforming", "SystemGovernment":"$government_Democracy;", "SystemGovernment_Localised":"Democracy", "SystemSecurity":"$SYSTEM_SECURITY_high;", "SystemSecurity_Localised":"High Security", "Population":100000, "JumpDist":8.898, "FuelUsed":0.598380, "FuelLevel":15.401620, "Factions":[ { "Name":"Sirius Corporation", "FactionState":"Boom", "Government":"Corporate", "Influence":0.171968, "Allegiance":"Independent" }, { "Name":"Liberate Ceos", "FactionState":"None", "Government":"Communism", "Influence":0.009940, "Allegiance":"Independent", "PendingStates":[ { "State":"Boom", "Trend":1 }, { "State":"Bust", "Trend":1 }, { "State":"Lockdown", "Trend":0 }, { "State":"Famine", "Trend":1 } ] }, { "Name":"Deep Space Clan", "FactionState":"None", "Government":"Anarchy", "Influence":0.009940, "Allegiance":"Independent", "PendingStates":[ { "State":"Boom", "Trend":1 }, { "State":"Bust", "Trend":1 }, { "State":"Lockdown", "Trend":1 }, { "State":"Famine", "Trend":1 } ] }, { "Name":"Pilots Federation Local Branch", "FactionState":"None", "Government":"Democracy", "Influence":0.000000, "Allegiance":"PilotsFederation" }, { "Name":"Federation Unite!", "FactionState":"Investment", "Government":"Democracy", "Influence":0.808151, "Allegiance":"Federation", "PendingStates":[ { "State":"Boom", "Trend":1 }, { "State":"Bust", "Trend":1 } ], "RecoveringStates":[ { "State":"Expansion", "Trend":0 } ] } ], "SystemFaction":"Federation Unite!", "FactionState":"Investment" }
{ "timestamp":"2017-10-14T13:54:03Z", "event":"Music", "MusicTrack":"Supercruise" }
{ "timestamp":"2017-10-14T13:54:49Z", "event":"Music", "MusicTrack":"SystemMap" }
{ "timestamp":"2017-10-14T13:54:51Z", "event":"Music", "MusicTrack":"Supercruise" }
{ "timestamp":"2017-10-14T13:56:54Z", "event":"SupercruiseExit", "StarSystem":"Sothis", "Body":"Sothis A 5", "BodyType":"Planet" }
{ "timestamp":"2017-10-14T13:56:54Z", "event":"Music", "MusicTrack":"Exploration" }
{ "timestamp":"2017-10-14T13:57:10Z", "event":"StartJump", "JumpType":"Supercruise" }
{ "timestamp":"2017-10-14T13:57:15Z", "event":"SupercruiseEntry", "StarSystem":"Sothis" }
{ "timestamp":"2017-10-14T13:57:16Z", "event":"Music", "MusicTrack":"Supercruise" }
{ "timestamp":"2017-10-14T13:57:22Z", "event":"SupercruiseExit", "StarSystem":"Sothis", "Body":"Sothis A 5", "BodyType":"Planet" }
{ "timestamp":"2017-10-14T13:57:22Z", "event":"Music", "MusicTrack":"Exploration" }
{ "timestamp":"2017-10-14T13:57:38Z", "event":"MissionRedirected", "MissionID":226680568, "Name":"Mission_Sightseeing_name", "NewDestinationStation":"New Dawn Station", "NewDestinationSystem":"Ceos", "OldDestinationStation":"", "OldDestinationSystem":"Sothis" }
{ "timestamp":"2017-10-14T13:57:38Z", "event":"MissionRedirected", "MissionID":226680946, "Name":"Mission_Sightseeing_name", "NewDestinationStation":"New Dawn Station", "NewDestinationSystem":"Ceos", "OldDestinationStation":"", "OldDestinationSystem":"Sothis" }
{ "timestamp":"2017-10-14T13:57:58Z", "event":"Music", "MusicTrack":"GalaxyMap" }
{ "timestamp":"2017-10-14T13:58:06Z", "event":"Music", "MusicTrack":"SystemMap" }
{ "timestamp":"2017-10-14T13:58:08Z", "event":"Music", "MusicTrack":"Exploration" }
{ "timestamp":"2017-10-14T13:58:28Z", "event":"StartJump", "JumpType":"Hyperspace", "StarSystem":"Ceos", "StarClass":"F" }
{ "timestamp":"2017-10-14T13:58:34Z", "event":"Music", "MusicTrack":"NoTrack" }
{ "timestamp":"2017-10-14T13:58:47Z", "event":"FSDJump", "StarSystem":"Ceos", "StarPos":[-348.656,13.875,-339.219], "SystemAllegiance":"Federation", "SystemEconomy":"$economy_Terraforming;", "SystemEconomy_Localised":"Terraforming", "SystemGovernment":"$government_Democracy;", "SystemGovernment_Localised":"Democracy", "SystemSecurity":"$SYSTEM_SECURITY_high;", "SystemSecurity_Localised":"High Security", "Population":100000, "JumpDist":8.898, "FuelUsed":0.595560, "FuelLevel":14.806060, "Factions":[ { "Name":"Sirius Corporation", "FactionState":"Boom", "Government":"Corporate", "Influence":0.189000, "Allegiance":"Independent" }, { "Name":"Liberate Ceos", "FactionState":"War", "Government":"Communism", "Influence":0.015000, "Allegiance":"Independent", "PendingStates":[ { "State":"Boom", "Trend":1 }, { "State":"Bust", "Trend":1 }, { "State":"Lockdown", "Trend":0 }, { "State":"Famine", "Trend":1 } ] }, { "Name":"Deep Space Clan", "FactionState":"War", "Government":"Anarchy", "Influence":0.015000, "Allegiance":"Independent", "PendingStates":[ { "State":"Boom", "Trend":1 }, { "State":"Bust", "Trend":1 }, { "State":"Lockdown", "Trend":1 }, { "State":"Famine", "Trend":1 } ] }, { "Name":"Pilots Federation Local Branch", "FactionState":"None", "Government":"Democracy", "Influence":0.000000, "Allegiance":"PilotsFederation" }, { "Name":"Federation Unite!", "FactionState":"Investment", "Government":"Democracy", "Influence":0.781000, "Allegiance":"Federation", "PendingStates":[ { "State":"Boom", "Trend":1 }, { "State":"Bust", "Trend":1 } ], "RecoveringStates":[ { "State":"Expansion", "Trend":0 } ] } ], "SystemFaction":"Federation Unite!", "FactionState":"Investment" }
{ "timestamp":"2017-10-14T13:58:47Z", "event":"Music", "MusicTrack":"Supercruise" }
{ "timestamp":"2017-10-14T14:01:01Z", "event":"SupercruiseExit", "StarSystem":"Ceos", "Body":"New Dawn Station", "BodyType":"Station" }
{ "timestamp":"2017-10-14T14:01:01Z", "event":"Music", "MusicTrack":"DestinationFromSupercruise" }
{ "timestamp":"2017-10-14T14:01:02Z", "event":"ReceiveText", "From":"New Dawn Station", "Message":"$STATION_NoFireZone_entered;", "Message_Localised":"No fire zone entered.", "Channel":"npc" }
{ "timestamp":"2017-10-14T14:01:06Z", "event":"Music", "MusicTrack":"NoTrack" }
{ "timestamp":"2017-10-14T14:01:15Z", "event":"DockingRequested", "StationName":"New Dawn Station" }
{ "timestamp":"2017-10-14T14:01:15Z", "event":"ReceiveText", "From":"New Dawn Station", "Message":"$DockingChatter_Friendly;", "Message_Localised":"It's great to see you again, Commander.", "Channel":"npc" }
{ "timestamp":"2017-10-14T14:01:16Z", "event":"ReceiveText", "From":"New Dawn Station", "Message":"$STATION_docking_granted;", "Message_Localised":"Docking request granted.", "Channel":"npc" }
{ "timestamp":"2017-10-14T14:01:16Z", "event":"DockingGranted", "LandingPad":16, "StationName":"New Dawn Station" }
{ "timestamp":"2017-10-14T14:01:30Z", "event":"Music", "MusicTrack":"Starport" }
{ "timestamp":"2017-10-14T14:02:23Z", "event":"Docked", "StationName":"New Dawn Station", "StationType":"Orbis", "StarSystem":"Ceos", "StationFaction":"Federation Unite!", "FactionState":"Investment", "StationGovernment":"$government_Democracy;", "StationGovernment_Localised":"Democracy", "StationAllegiance":"Federation", "StationServices":[ "Dock", "Autodock", "BlackMarket", "Commodities", "Contacts", "Exploration", "Missions", "Outfitting", "CrewLounge", "Rearm", "Refuel", "Repair", "Shipyard", "Tuning", "MissionsGenerated", "FlightController", "StationOperations", "Powerplay", "SearchAndRescue" ], "StationEconomy":"$economy_Terraforming;", "StationEconomy_Localised":"Terraforming", "DistFromStarLS":560.921265 }
{ "timestamp":"2017-10-14T14:02:39Z", "event":"MissionCompleted", "Faction":"Federation Unite!", "Name":"Mission_Sightseeing_name", "MissionID":226680568, "Commodity":"$Clothing_Name;", "Commodity_Localised":"Clothing", "Count":1, "DestinationSystem":"Sothis", "Reward":301048, "CommodityReward":[ { "Name":"NeofabricInsulation", "Count":4 } ] }
{ "timestamp":"2017-10-14T14:02:39Z", "event":"MaterialCollected", "Category":"Encoded", "Name":"scrambledemissiondata", "Count":1 }
{ "timestamp":"2017-10-14T14:02:57Z", "event":"MissionCompleted", "Faction":"Liberate Ceos", "Name":"Mission_Sightseeing_name", "MissionID":226680946, "Commodity":"$DomesticAppliances_Name;", "Commodity_Localised":"Domestic Appliances", "Count":2, "DestinationSystem":"Sothis", "Reward":348000 }
{ "timestamp":"2017-10-14T14:06:52Z", "event":"MissionAccepted", "Faction":"Sirius Corporation", "Name":"Mission_Sightseeing_Tourist_BOOM", "LocalisedName":"Jenevieve Frashￃﾫri seeks sightseeing adventure", "Commodity":"$ConsumerTechnology_Name;", "Commodity_Localised":"Consumer Technology", "Count":2, "DestinationSystem":"Sothis", "Expiry":"2017-10-15T00:10:14Z", "Influence":"Low", "Reputation":"Med", "Reward":649600, "PassengerCount":5, "PassengerVIPs":true, "PassengerWanted":false, "PassengerType":"Tourist", "MissionID":226691044 }
{ "timestamp":"2017-10-14T14:07:11Z", "event":"MissionAccepted", "Faction":"Sirius Corporation", "Name":"Mission_Sightseeing_Criminal_BOOM", "LocalisedName":"Deanna Schwarz seeks sightseeing adventure", "Commodity":"$Beer_Name;", "Commodity_Localised":"Beer", "Count":3, "DestinationSystem":"Sothis", "Expiry":"2017-10-14T23:42:35Z", "Influence":"Low", "Reputation":"Med", "Reward":340996, "PassengerCount":6, "PassengerVIPs":true, "PassengerWanted":true, "PassengerType":"Criminal", "MissionID":226691283 }
{ "timestamp":"2017-10-14T14:07:40Z", "event":"Music", "MusicTrack":"GalaxyMap" }
{ "timestamp":"2017-10-14T14:07:48Z", "event":"Music", "MusicTrack":"SystemMap" }
{ "timestamp":"2017-10-14T14:07:49Z", "event":"Music", "MusicTrack":"Starport" }
{ "timestamp":"2017-10-14T14:07:54Z", "event":"Undocked", "StationName":"New Dawn Station", "StationType":"Orbis" }
{ "timestamp":"2017-10-14T14:08:18Z", "event":"Music", "MusicTrack":"NoTrack" }
{ "timestamp":"2017-10-14T14:08:50Z", "event":"ReceiveText", "From":"New Dawn Station", "Message":"$STATION_NoFireZone_exited;", "Message_Localised":"No fire zone left.", "Channel":"npc" }
{ "timestamp":"2017-10-14T14:08:56Z", "event":"StartJump", "JumpType":"Hyperspace", "StarSystem":"Sothis", "StarClass":"F" }
{ "timestamp":"2017-10-14T14:09:15Z", "event":"FSDJump", "StarSystem":"Sothis", "StarPos":[-352.781,10.500,-346.344], "SystemAllegiance":"Federation", "SystemEconomy":"$economy_Terraforming;", "SystemEconomy_Localised":"Terraforming", "SystemGovernment":"$government_Democracy;", "SystemGovernment_Localised":"Democracy", "SystemSecurity":"$SYSTEM_SECURITY_high;", "SystemSecurity_Localised":"High Security", "Population":100000, "JumpDist":8.898, "FuelUsed":0.611707, "FuelLevel":14.194353, "Factions":[ { "Name":"Sirius Corporation", "FactionState":"Boom", "Government":"Corporate", "Influence":0.171968, "Allegiance":"Independent" }, { "Name":"Liberate Ceos", "FactionState":"None", "Government":"Communism", "Influence":0.009940, "Allegiance":"Independent", "PendingStates":[ { "State":"Boom", "Trend":1 }, { "State":"Bust", "Trend":1 }, { "State":"Lockdown", "Trend":0 }, { "State":"Famine", "Trend":1 } ] }, { "Name":"Deep Space Clan", "FactionState":"None", "Government":"Anarchy", "Influence":0.009940, "Allegiance":"Independent", "PendingStates":[ { "State":"Boom", "Trend":1 }, { "State":"Bust", "Trend":1 }, { "State":"Lockdown", "Trend":1 }, { "State":"Famine", "Trend":1 } ] }, { "Name":"Pilots Federation Local Branch", "FactionState":"None", "Government":"Democracy", "Influence":0.000000, "Allegiance":"PilotsFederation" }, { "Name":"Federation Unite!", "FactionState":"Investment", "Government":"Democracy", "Influence":0.808151, "Allegiance":"Federation", "PendingStates":[ { "State":"Boom", "Trend":1 }, { "State":"Bust", "Trend":1 } ], "RecoveringStates":[ { "State":"Expansion", "Trend":0 } ] } ], "SystemFaction":"Federation Unite!", "FactionState":"Investment" }
{ "timestamp":"2017-10-14T14:09:15Z", "event":"Music", "MusicTrack":"Supercruise" }
{ "timestamp":"2017-10-14T14:09:24Z", "event":"FuelScoop", "Scooped":0.045161, "Total":14.239512 }
{ "timestamp":"2017-10-14T14:12:06Z", "event":"SupercruiseExit", "StarSystem":"Sothis", "Body":"Sothis A 5", "BodyType":"Planet" }
{ "timestamp":"2017-10-14T14:12:07Z", "event":"Music", "MusicTrack":"Exploration" }
{ "timestamp":"2017-10-14T14:12:18Z", "event":"MissionRedirected", "MissionID":226691044, "Name":"Mission_Sightseeing_Tourist_BOOM_name", "NewDestinationStation":"New Dawn Station", "NewDestinationSystem":"Ceos", "OldDestinationStation":"", "OldDestinationSystem":"Sothis" }
{ "timestamp":"2017-10-14T14:12:18Z", "event":"MissionRedirected", "MissionID":226691283, "Name":"Mission_Sightseeing_Criminal_BOOM_name", "NewDestinationStation":"New Dawn Station", "NewDestinationSystem":"Ceos", "OldDestinationStation":"", "OldDestinationSystem":"Sothis" }
{ "timestamp":"2017-10-14T14:12:21Z", "event":"Music", "MusicTrack":"GalaxyMap" }
{ "timestamp":"2017-10-14T14:12:28Z", "event":"Music", "MusicTrack":"Exploration" }
{ "timestamp":"2017-10-14T14:12:48Z", "event":"StartJump", "JumpType":"Hyperspace", "StarSystem":"Ceos", "StarClass":"F" }
{ "timestamp":"2017-10-14T14:12:54Z", "event":"Music", "MusicTrack":"NoTrack" }
{ "timestamp":"2017-10-14T14:13:07Z", "event":"FSDJump", "StarSystem":"Ceos", "StarPos":[-348.656,13.875,-339.219], "SystemAllegiance":"Federation", "SystemEconomy":"$economy_Terraforming;", "SystemEconomy_Localised":"Terraforming", "SystemGovernment":"$government_Democracy;", "SystemGovernment_Localised":"Democracy", "SystemSecurity":"$SYSTEM_SECURITY_high;", "SystemSecurity_Localised":"High Security", "Population":100000, "JumpDist":8.898, "FuelUsed":0.609003, "FuelLevel":13.630509, "Factions":[ { "Name":"Sirius Corporation", "FactionState":"Boom", "Government":"Corporate", "Influence":0.189000, "Allegiance":"Independent" }, { "Name":"Liberate Ceos", "FactionState":"War", "Government":"Communism", "Influence":0.015000, "Allegiance":"Independent", "PendingStates":[ { "State":"Boom", "Trend":1 }, { "State":"Bust", "Trend":1 }, { "State":"Lockdown", "Trend":0 }, { "State":"Famine", "Trend":1 } ] }, { "Name":"Deep Space Clan", "FactionState":"War", "Government":"Anarchy", "Influence":0.015000, "Allegiance":"Independent", "PendingStates":[ { "State":"Boom", "Trend":1 }, { "State":"Bust", "Trend":1 }, { "State":"Lockdown", "Trend":1 }, { "State":"Famine", "Trend":1 } ] }, { "Name":"Pilots Federation Local Branch", "FactionState":"None", "Government":"Democracy", "Influence":0.000000, "Allegiance":"PilotsFederation" }, { "Name":"Federation Unite!", "FactionState":"Investment", "Government":"Democracy", "Influence":0.781000, "Allegiance":"Federation", "PendingStates":[ { "State":"Boom", "Trend":1 }, { "State":"Bust", "Trend":1 } ], "RecoveringStates":[ { "State":"Expansion", "Trend":0 } ] } ], "SystemFaction":"Federation Unite!", "FactionState":"Investment" }
{ "timestamp":"2017-10-14T14:13:07Z", "event":"Music", "MusicTrack":"Supercruise" }
{ "timestamp":"2017-10-14T14:13:14Z", "event":"FuelScoop", "Scooped":0.009554, "Total":13.640072 }
{ "timestamp":"2017-10-14T14:15:26Z", "event":"SupercruiseExit", "StarSystem":"Ceos", "Body":"New Dawn Station", "BodyType":"Station" }
{ "timestamp":"2017-10-14T14:15:26Z", "event":"Music", "MusicTrack":"DestinationFromSupercruise" }
{ "timestamp":"2017-10-14T14:15:27Z", "event":"ReceiveText", "From":"New Dawn Station", "Message":"$STATION_NoFireZone_entered;", "Message_Localised":"No fire zone entered.", "Channel":"npc" }
{ "timestamp":"2017-10-14T14:15:31Z", "event":"Music", "MusicTrack":"NoTrack" }
{ "timestamp":"2017-10-14T14:15:45Z", "event":"DockingRequested", "StationName":"New Dawn Station" }
{ "timestamp":"2017-10-14T14:15:45Z", "event":"ReceiveText", "From":"New Dawn Station", "Message":"$DockingChatter_Friendly;", "Message_Localised":"It's great to see you again, Commander.", "Channel":"npc" }
{ "timestamp":"2017-10-14T14:15:47Z", "event":"ReceiveText", "From":"New Dawn Station", "Message":"$STATION_docking_granted;", "Message_Localised":"Docking request granted.", "Channel":"npc" }
{ "timestamp":"2017-10-14T14:15:47Z", "event":"DockingGranted", "LandingPad":14, "StationName":"New Dawn Station" }
{ "timestamp":"2017-10-14T14:16:09Z", "event":"Music", "MusicTrack":"Starport" }
{ "timestamp":"2017-10-14T14:16:43Z", "event":"Docked", "StationName":"New Dawn Station", "StationType":"Orbis", "StarSystem":"Ceos", "StationFaction":"Federation Unite!", "FactionState":"Investment", "StationGovernment":"$government_Democracy;", "StationGovernment_Localised":"Democracy", "StationAllegiance":"Federation", "StationServices":[ "Dock", "Autodock", "BlackMarket", "Commodities", "Contacts", "Exploration", "Missions", "Outfitting", "CrewLounge", "Rearm", "Refuel", "Repair", "Shipyard", "Tuning", "MissionsGenerated", "FlightController", "StationOperations", "Powerplay", "SearchAndRescue" ], "StationEconomy":"$economy_Terraforming;", "StationEconomy_Localised":"Terraforming", "DistFromStarLS":560.922668 }
{ "timestamp":"2017-10-14T14:16:59Z", "event":"MissionCompleted", "Faction":"Sirius Corporation", "Name":"Mission_Sightseeing_Tourist_BOOM_name", "MissionID":226691044, "Commodity":"$ConsumerTechnology_Name;", "Commodity_Localised":"Consumer Technology", "Count":2, "DestinationSystem":"Sothis", "Reward":649600 }
{ "timestamp":"2017-10-14T14:17:44Z", "event":"MissionAbandoned", "Name":"Mission_Sightseeing_Criminal_BOOM_name", "MissionID":226691283 }
{ "timestamp":"2017-10-14T14:17:45Z", "event":"ReceiveText", "From":"$npc_name_decorate:#name=Ted Turner;", "From_Localised":"Ted Turner", "Message":"$Commuter_AuthorityScan04;", "Message_Localised":"Is this really necessary?", "Channel":"npc" }
{ "timestamp":"2017-10-14T14:18:11Z", "event":"ShieldState", "ShieldsUp":true }
{ "timestamp":"2017-10-14T14:18:30Z", "event":"RefuelAll", "Cost":137, "Amount":2.726544 }
{ "timestamp":"2017-10-14T14:19:22Z", "event":"MarketSell", "Type":"neofabricinsulation", "Count":4, "SellPrice":3510, "TotalSale":14040, "AvgPricePaid":0 }
{ "timestamp":"2017-10-14T14:19:28Z", "event":"RepairAll", "Cost":20 }
{ "timestamp":"2017-10-14T14:19:30Z", "event":"BuyAmmo", "Cost":25 }
{ "timestamp":"2017-10-14T14:20:21Z", "event":"Music", "MusicTrack":"GalaxyMap" }
{ "timestamp":"2017-10-14T14:20:23Z", "event":"Music", "MusicTrack":"SystemMap" }
{ "timestamp":"2017-10-14T14:20:27Z", "event":"Music", "MusicTrack":"GalaxyMap" }
{ "timestamp":"2017-10-14T14:20:31Z", "event":"Music", "MusicTrack":"SystemMap" }
{ "timestamp":"2017-10-14T14:21:27Z", "event":"Music", "MusicTrack":"Starport" }
{ "timestamp":"2017-10-14T14:21:37Z", "event":"PayFines", "Amount":400 }
{ "timestamp":"2017-10-14T14:21:57Z", "event":"Music", "MusicTrack":"Exploration" }
