{ "timestamp":"2017-10-14T05:12:37Z", "event":"Fileheader", "part":1, "language":"English\\UK", "gameversion":"2.4", "build":"r156431/r0 " }
{ "timestamp":"2017-10-14T05:12:37Z", "event":"Music", "MusicTrack":"NoTrack" }
{ "timestamp":"2017-10-14T05:12:37Z", "event":"Music", "MusicTrack":"MainMenu" }
{ "timestamp":"2017-10-14T05:13:58Z", "event":"Cargo", "Inventory":[  ] }
{ "timestamp":"2017-10-14T05:13:58Z", "event":"Loadout", "Ship":"CobraMkIII", "ShipID":1, "ShipName":"Kamaboko", "ShipIdent":"IG-C03", "Modules":[ { "Slot":"MediumHardpoint1", "Item":"Hpt_BeamLaser_Gimbal_Medium", "On":true, "Priority":0, "Health":1.000000, "Value":500600 }, { "Slot":"MediumHardpoint2", "Item":"Hpt_BeamLaser_Gimbal_Medium", "On":true, "Priority":0, "Health":1.000000, "Value":500600 }, { "Slot":"SmallHardpoint1", "Item":"Hpt_PulseLaser_Gimbal_Small", "On":true, "Priority":0, "Health":1.000000, "Value":6600 }, { "Slot":"SmallHardpoint2", "Item":"Hpt_PulseLaser_Gimbal_Small", "On":true, "Priority":0, "Health":1.000000, "Value":6600 }, { "Slot":"TinyHardpoint1", "Item":"Hpt_HeatSinkLauncher_Turret_Tiny", "On":true, "Priority":0, "AmmoInClip":1, "AmmoInHopper":2, "Health":1.000000, "Value":3500 }, { "Slot":"TinyHardpoint2", "Item":"Hpt_ChaffLauncher_Tiny", "On":true, "Priority":0, "AmmoInClip":1, "AmmoInHopper":10, "Health":1.000000, "Value":8500 }, { "Slot":"Armour", "Item":"CobraMkIII_Armour_Grade1", "On":true, "Priority":1, "Health":1.000000, "Value":0 }, { "Slot":"PowerPlant", "Item":"Int_Powerplant_Size4_Class4", "On":true, "Priority":1, "Health":1.000000, "Value":536693 }, { "Slot":"MainEngines", "Item":"Int_Engine_Size4_Class5", "On":true, "Priority":0, "Health":1.000000, "Value":1610080 }, { "Slot":"FrameShiftDrive", "Item":"Int_Hyperdrive_Size4_Class4", "On":true, "Priority":0, "Health":1.000000, "Value":536693 }, { "Slot":"LifeSupport", "Item":"Int_LifeSupport_Size3_Class5", "On":true, "Priority":0, "Health":1.000000, "Value":158331 }, { "Slot":"PowerDistributor", "Item":"Int_PowerDistributor_Size3_Class5", "On":true, "Priority":0, "Health":1.000000, "Value":158331 }, { "Slot":"Radar", "Item":"Int_Sensors_Size3_Class5", "On":true, "Priority":0, "Health":1.000000, "Value":158331 }, { "Slot":"FuelTank", "Item":"Int_FuelTank_Size4_Class3", "On":true, "Priority":1, "Health":1.000000, "Value":24734 }, { "Slot":"Slot01_Size4", "Item":"Int_ShieldGenerator_Size4_Class3", "On":true, "Priority":0, "Health":1.000000, "Value":178898 }, { "Slot":"Slot02_Size4", "Item":"Int_FuelScoop_Size4_Class3", "On":true, "Priority":0, "Health":1.000000, "Value":178898 }, { "Slot":"Slot03_Size4", "Item":"Int_CargoRack_Size4_Class1", "On":true, "Priority":1, "Health":1.000000, "Value":34328 }, { "Slot":"Slot04_Size2", "Item":"Int_CargoRack_Size2_Class1", "On":true, "Priority":1, "Health":1.000000, "Value":3250 }, { "Slot":"Slot05_Size2", "Item":"Int_CargoRack_Size2_Class1", "On":true, "Priority":1, "Health":1.000000, "Value":3250 }, { "Slot":"Slot06_Size2", "Item":"Int_StellarBodyDiscoveryScanner_Intermediate", "On":true, "Priority":1, "Health":1.000000, "Value":505000 }, { "Slot":"PlanetaryApproachSuite", "Item":"Int_PlanetApproachSuite", "On":true, "Priority":1, "Health":1.000000, "Value":500 }, { "Slot":"ShipCockpit", "Item":"CobraMkIII_Cockpit", "On":true, "Priority":1, "Health":1.000000, "Value":0 }, { "Slot":"CargoHatch", "Item":"ModularCargoBayDoor", "On":true, "Priority":2, "Health":1.000000, "Value":0 } ] }
{ "timestamp":"2017-10-14T05:13:58Z", "event":"Materials", "Raw":[ { "Name":"carbon", "Count":3 }, { "Name":"iron", "Count":3 } ], "Manufactured":[ { "Name":"mechanicalscrap", "Count":4 }, { "Name":"gridresistors", "Count":1 }, { "Name":"conductivecomponents", "Count":1 }, { "Name":"heatdispersionplate", "Count":6 }, { "Name":"salvagedalloys", "Count":6 }, { "Name":"hybridcapacitors", "Count":6 }, { "Name":"heatconductionwiring", "Count":3 } ], "Encoded":[ { "Name":"shieldsoakanalysis", "Count":3 }, { "Name":"disruptedwakeechoes", "Count":5 }, { "Name":"shieldcyclerecordings", "Count":3 }, { "Name":"emissiondata", "Count":3 }, { "Name":"bulkscandata", "Count":7 }, { "Name":"scrambledemissiondata", "Count":4 }, { "Name":"archivedemissiondata", "Count":3 }, { "Name":"shielddensityreports", "Count":6 } ] }
{ "timestamp":"2017-10-14T05:13:58Z", "event":"LoadGame", "Commander":"Igaguri", "Ship":"CobraMkIII", "ShipID":1, "ShipName":"Kamaboko", "ShipIdent":"IG-C03", "FuelLevel":16.000000, "FuelCapacity":16.000000, "GameMode":"Solo", "Credits":1037414, "Loan":0 }
{ "timestamp":"2017-10-14T05:13:58Z", "event":"Rank", "Combat":1, "Trade":4, "Explore":3, "Empire":0, "Federation":0, "CQC":0 }
{ "timestamp":"2017-10-14T05:13:58Z", "event":"Progress", "Combat":12, "Trade":1, "Explore":41, "Empire":0, "Federation":70, "CQC":0 }
{ "timestamp":"2017-10-14T05:14:12Z", "event":"Location", "Docked":true, "StationName":"Forrester Port", "StationType":"Coriolis", "StarSystem":"Celtani", "StarPos":[107.781,-10.531,-84.375], "SystemAllegiance":"Federation", "SystemEconomy":"$economy_Extraction;", "SystemEconomy_Localised":"Extraction", "SystemGovernment":"$government_Democracy;", "SystemGovernment_Localised":"Democracy", "SystemSecurity":"$SYSTEM_SECURITY_medium;", "SystemSecurity_Localised":"Medium Security", "Population":1676076, "Body":"Forrester Port", "BodyType":"Station", "Factions":[ { "Name":"Pilots Federation Local Branch", "FactionState":"None", "Government":"Democracy", "Influence":0.000000, "Allegiance":"PilotsFederation" }, { "Name":"Future of Celtani", "FactionState":"None", "Government":"Democracy", "Influence":0.562000, "Allegiance":"Federation" }, { "Name":"Udegobo Silver Power Int", "FactionState":"None", "Government":"Corporate", "Influence":0.083000, "Allegiance":"Federation", "PendingStates":[ { "State":"Boom", "Trend":1 } ] }, { "Name":"Confederation of Dewindji", "FactionState":"Boom", "Government":"Confederacy", "Influence":0.067000, "Allegiance":"Federation" }, { "Name":"Nationalists of Celtani", "FactionState":"None", "Government":"Dictatorship", "Influence":0.068000, "Allegiance":"Independent" }, { "Name":"Partnership of Celtani", "FactionState":"None", "Government":"Anarchy", "Influence":0.010000, "Allegiance":"Independent" }, { "Name":"Celtani Electronics Industry", "FactionState":"Boom", "Government":"Corporate", "Influence":0.193000, "Allegiance":"Independent" }, { "Name":"Celtani Drug Empire", "FactionState":"Boom", "Government":"Anarchy", "Influence":0.017000, "Allegiance":"Independent" } ], "SystemFaction":"Future of Celtani" }
{ "timestamp":"2017-10-14T05:14:12Z", "event":"Music", "MusicTrack":"NoTrack" }
{ "timestamp":"2017-10-14T05:14:12Z", "event":"Docked", "StationName":"Forrester Port", "StationType":"Coriolis", "StarSystem":"Celtani", "StationFaction":"Future of Celtani", "StationGovernment":"$government_Democracy;", "StationGovernment_Localised":"Democracy", "StationAllegiance":"Federation", "StationServices":[ "Dock", "Autodock", "BlackMarket", "Commodities", "Contacts", "Exploration", "Missions", "Outfitting", "CrewLounge", "Rearm", "Refuel", "Repair", "Shipyard", "Tuning", "MissionsGenerated", "FlightController", "StationOperations", "Powerplay", "SearchAndRescue" ], "StationEconomy":"$economy_Extraction;", "StationEconomy_Localised":"Extraction", "DistFromStarLS":1093.462036 }
{ "timestamp":"2017-10-14T05:14:13Z", "event":"Music", "MusicTrack":"Starport" }
{ "timestamp":"2017-10-14T05:14:17Z", "event":"Music", "MusicTrack":"GalaxyMap" }
{ "timestamp":"2017-10-14T05:15:11Z", "event":"Music", "MusicTrack":"Starport" }
{ "timestamp":"2017-10-14T05:16:04Z", "event":"Music", "MusicTrack":"SystemMap" }
{ "timestamp":"2017-10-14T05:16:10Z", "event":"Music", "MusicTrack":"Starport" }
{ "timestamp":"2017-10-14T05:16:12Z", "event":"Music", "MusicTrack":"GalaxyMap" }
{ "timestamp":"2017-10-14T05:16:18Z", "event":"Music", "MusicTrack":"Starport" }
{ "timestamp":"2017-10-14T05:16:18Z", "event":"Undocked", "StationName":"Forrester Port", "StationType":"Coriolis" }
{ "timestamp":"2017-10-14T05:16:46Z", "event":"Music", "MusicTrack":"NoTrack" }
{ "timestamp":"2017-10-14T05:17:16Z", "event":"ReceiveText", "From":"Forrester Port", "Message":"$STATION_NoFireZone_exited;", "Message_Localised":"No fire zone left.", "Channel":"npc" }
{ "timestamp":"2017-10-14T05:17:25Z", "event":"StartJump", "JumpType":"Hyperspace", "StarSystem":"Kappa", "StarClass":"M" }
{ "timestamp":"2017-10-14T05:17:44Z", "event":"FSDJump", "StarSystem":"Kappa", "StarPos":[120.969,-11.906,-85.156], "SystemAllegiance":"Federation", "SystemEconomy":"$economy_HighTech;", "SystemEconomy_Localised":"High Tech", "SystemGovernment":"$government_Corporate;", "SystemGovernment_Localised":"Corporate", "SystemSecurity":"$SYSTEM_SECURITY_medium;", "SystemSecurity_Localised":"Medium Security", "Population":5724331, "JumpDist":13.282, "FuelUsed":1.276888, "FuelLevel":14.723112, "Factions":[ { "Name":"HIP 36731 Services", "FactionState":"None", "Government":"Corporate", "Influence":0.404000, "Allegiance":"Federation", "PendingStates":[ { "State":"Boom", "Trend":1 } ] }, { "Name":"Pilots Federation Local Branch", "FactionState":"None", "Government":"Democracy", "Influence":0.000000, "Allegiance":"PilotsFederation" }, { "Name":"Udegobo Silver Power Int", "FactionState":"None", "Government":"Corporate", "Influence":0.172000, "Allegiance":"Federation", "PendingStates":[ { "State":"Boom", "Trend":1 } ] }, { "Name":"Tjiwang Gold Brotherhood", "FactionState":"None", "Government":"Anarchy", "Influence":0.022000, "Allegiance":"Independent", "PendingStates":[ { "State":"Boom", "Trend":0 } ] }, { "Name":"Kappa Public PLC", "FactionState":"None", "Government":"Corporate", "Influence":0.116000, "Allegiance":"Independent" }, { "Name":"League of Kappa", "FactionState":"None", "Government":"Dictatorship", "Influence":0.049000, "Allegiance":"Independent" }, { "Name":"Union of Kappa Free", "FactionState":"CivilWar", "Government":"Democracy", "Influence":0.103000, "Allegiance":"Independent" }, { "Name":"Natural Kappa Focus", "FactionState":"CivilWar", "Government":"Dictatorship", "Influence":0.134000, "Allegiance":"Independent" } ], "SystemFaction":"HIP 36731 Services" }
{ "timestamp":"2017-10-14T05:17:44Z", "event":"Music", "MusicTrack":"DestinationFromHyperspace" }
{ "timestamp":"2017-10-14T05:17:49Z", "event":"Music", "MusicTrack":"Supercruise" }
{ "timestamp":"2017-10-14T05:20:29Z", "event":"SupercruiseExit", "StarSystem":"Kappa", "Body":"Poisson Orbital", "BodyType":"Station" }
{ "timestamp":"2017-10-14T05:20:30Z", "event":"Music", "MusicTrack":"DestinationFromSupercruise" }
{ "timestamp":"2017-10-14T05:20:35Z", "event":"Music", "MusicTrack":"NoTrack" }
{ "timestamp":"2017-10-14T05:20:40Z", "event":"ReceiveText", "From":"Poisson Orbital", "Message":"$STATION_NoFireZone_entered;", "Message_Localised":"No fire zone entered.", "Channel":"npc" }
{ "timestamp":"2017-10-14T05:20:43Z", "event":"DockingRequested", "StationName":"Poisson Orbital" }
{ "timestamp":"2017-10-14T05:20:43Z", "event":"ReceiveText", "From":"Poisson Orbital", "Message":"$DockingChatter_Friendly;", "Message_Localised":"It's great to see you again, Commander.", "Channel":"npc" }
{ "timestamp":"2017-10-14T05:20:44Z", "event":"ReceiveText", "From":"Poisson Orbital", "Message":"$STATION_docking_granted;", "Message_Localised":"Docking request granted.", "Channel":"npc" }
{ "timestamp":"2017-10-14T05:20:44Z", "event":"DockingGranted", "LandingPad":31, "StationName":"Poisson Orbital" }
{ "timestamp":"2017-10-14T05:21:14Z", "event":"Music", "MusicTrack":"Starport" }
{ "timestamp":"2017-10-14T05:21:40Z", "event":"Docked", "StationName":"Poisson Orbital", "StationType":"Coriolis", "StarSystem":"Kappa", "StationFaction":"HIP 36731 Services", "StationGovernment":"$government_Corporate;", "StationGovernment_Localised":"Corporate", "StationAllegiance":"Federation", "StationServices":[ "Dock", "Autodock", "Commodities", "Contacts", "Exploration", "Missions", "Outfitting", "CrewLounge", "Rearm", "Refuel", "Repair", "Shipyard", "Tuning", "MissionsGenerated", "FlightController", "StationOperations", "Powerplay", "SearchAndRescue" ], "StationEconomy":"$economy_HighTech;", "StationEconomy_Localised":"High Tech", "DistFromStarLS":595.252991 }
{ "timestamp":"2017-10-14T05:26:15Z", "event":"Music", "MusicTrack":"GalaxyMap" }
{ "timestamp":"2017-10-14T05:26:27Z", "event":"Music", "MusicTrack":"SystemMap" }
{ "timestamp":"2017-10-14T05:27:16Z", "event":"Music", "MusicTrack":"Starport" }
{ "timestamp":"2017-10-14T05:29:17Z", "event":"ReceiveText", "From":"$npc_name_decorate:#name=Dietger;", "From_Localised":"Dietger", "Message":"$Commuter_AuthorityScan02;", "Message_Localised":"How can I be of assistance?", "Channel":"npc" }
{ "timestamp":"2017-10-14T05:30:08Z", "event":"Undocked", "StationName":"Poisson Orbital", "StationType":"Coriolis" }
{ "timestamp":"2017-10-14T05:30:38Z", "event":"Music", "MusicTrack":"NoTrack" }
{ "timestamp":"2017-10-14T05:31:12Z", "event":"Scanned", "ScanType":"Cargo" }
{ "timestamp":"2017-10-14T05:31:12Z", "event":"ReceiveText", "From":"$ShipName_Police_Federation;", "From_Localised":"Federal Security Service", "Message":"$Police_ThankYouPassedStopAndSearch02;", "Message_Localised":"You're clean. Proceed, pilot.", "Channel":"npc" }
{ "timestamp":"2017-10-14T05:31:37Z", "event":"ReceiveText", "From":"Poisson Orbital", "Message":"$STATION_NoFireZone_exited;", "Message_Localised":"No fire zone left.", "Channel":"npc" }
{ "timestamp":"2017-10-14T05:31:39Z", "event":"StartJump", "JumpType":"Hyperspace", "StarSystem":"Tjiwang", "StarClass":"M" }
{ "timestamp":"2017-10-14T05:31:57Z", "event":"FSDJump", "StarSystem":"Tjiwang", "StarPos":[125.313,-7.813,-86.688], "SystemAllegiance":"Independent", "SystemEconomy":"$economy_Industrial;", "SystemEconomy_Localised":"Industrial", "SystemGovernment":"$government_Anarchy;", "SystemGovernment_Localised":"Anarchy", "SystemSecurity":"$GAlAXY_MAP_INFO_state_anarchy;", "SystemSecurity_Localised":"Anarchy", "Population":2427543, "JumpDist":6.162, "FuelUsed":0.215933, "FuelLevel":14.507179, "Factions":[ { "Name":"HIP 36731 Services", "FactionState":"None", "Government":"Corporate", "Influence":0.103896, "Allegiance":"Federation", "PendingStates":[ { "State":"Boom", "Trend":1 } ] }, { "Name":"Pilots Federation Local Branch", "FactionState":"None", "Government":"Democracy", "Influence":0.000000, "Allegiance":"PilotsFederation" }, { "Name":"Tjiwang Gold Brotherhood", "FactionState":"None", "Government":"Anarchy", "Influence":0.471528, "Allegiance":"Independent", "PendingStates":[ { "State":"Boom", "Trend":0 } ] }, { "Name":"Union of Tjiwang Republic Party", "FactionState":"None", "Government":"Communism", "Influence":0.051948, "Allegiance":"Independent" }, { "Name":"Natural Tjiwang Autocracy", "FactionState":"Outbreak", "Government":"Dictatorship", "Influence":0.169830, "Allegiance":"Independent", "PendingStates":[ { "State":"CivilWar", "Trend":0 } ] }, { "Name":"Tjiwang Jet Bridge Corp.", "FactionState":"Retreat", "Government":"Corporate", "Influence":0.169830, "Allegiance":"Independent", "PendingStates":[ { "State":"CivilUnrest", "Trend":0 }, { "State":"CivilWar", "Trend":0 } ], "RecoveringStates":[ { "State":"Boom", "Trend":0 } ] }, { "Name":"Independent Tjiwang Future", "FactionState":"Famine", "Government":"Democracy", "Influence":0.032967, "Allegiance":"Independent" } ], "SystemFaction":"Tjiwang Gold Brotherhood" }
{ "timestamp":"2017-10-14T05:31:57Z", "event":"Music", "MusicTrack":"DestinationFromHyperspace" }
{ "timestamp":"2017-10-14T05:32:02Z", "event":"Music", "MusicTrack":"Supercruise" }
{ "timestamp":"2017-10-14T05:32:03Z", "event":"FuelScoop", "Scooped":0.000699, "Total":14.507878 }
{ "timestamp":"2017-10-14T05:34:50Z", "event":"SupercruiseExit", "StarSystem":"Tjiwang", "Body":"Back Dock", "BodyType":"Station" }
{ "timestamp":"2017-10-14T05:34:50Z", "event":"Music", "MusicTrack":"DestinationFromSupercruise" }
{ "timestamp":"2017-10-14T05:34:51Z", "event":"ReceiveText", "From":"Back Dock", "Message":"$STATION_NoFireZone_entered;", "Message_Localised":"No fire zone entered.", "Channel":"npc" }
{ "timestamp":"2017-10-14T05:34:55Z", "event":"Music", "MusicTrack":"NoTrack" }
{ "timestamp":"2017-10-14T05:35:05Z", "event":"DockingRequested", "StationName":"Back Dock" }
{ "timestamp":"2017-10-14T05:35:05Z", "event":"ReceiveText", "From":"Back Dock", "Message":"$DockingChatter_Neutral;", "Message_Localised":"Ensure to observe starport protocol during your visit, pilot.", "Channel":"npc" }
{ "timestamp":"2017-10-14T05:35:08Z", "event":"ReceiveText", "From":"Back Dock", "Message":"$STATION_docking_granted;", "Message_Localised":"Docking request granted.", "Channel":"npc" }
{ "timestamp":"2017-10-14T05:35:08Z", "event":"DockingGranted", "LandingPad":42, "StationName":"Back Dock" }
{ "timestamp":"2017-10-14T05:35:36Z", "event":"Music", "MusicTrack":"Starport" }
{ "timestamp":"2017-10-14T05:36:00Z", "event":"Docked", "StationName":"Back Dock", "StationType":"Orbis", "StarSystem":"Tjiwang", "StationFaction":"Tjiwang Gold Brotherhood", "StationGovernment":"$government_Anarchy;", "StationGovernment_Localised":"Anarchy", "StationServices":[ "Dock", "Autodock", "BlackMarket", "Commodities", "Contacts", "Exploration", "Missions", "Outfitting", "CrewLounge", "Rearm", "Refuel", "Repair", "Shipyard", "Tuning", "MissionsGenerated", "FlightController", "StationOperations", "Powerplay", "SearchAndRescue" ], "StationEconomy":"$economy_Industrial;", "StationEconomy_Localised":"Industrial", "DistFromStarLS":891.555664 }
{ "timestamp":"2017-10-14T05:36:13Z", "event":"RefuelAll", "Cost":87, "Amount":1.714995 }
{ "timestamp":"2017-10-14T05:37:27Z", "event":"ModuleBuy", "Slot":"Slot02_Size4", "SellItem":"$int_fuelscoop_size4_class3_name;", "SellItem_Localised":"Fuel Scoop", "SellPrice":178898, "BuyItem":"$int_passengercabin_size4_class2_name;", "BuyItem_Localised":"BC Passenger Cabin", "BuyPrice":56862, "Ship":"cobramkiii", "ShipID":1 }
{ "timestamp":"2017-10-14T05:37:48Z", "event":"ModuleBuy", "Slot":"Slot03_Size4", "SellItem":"$int_cargorack_size4_class1_name;", "SellItem_Localised":"Cargo Rack", "SellPrice":34328, "BuyItem":"$int_passengercabin_size4_class2_name;", "BuyItem_Localised":"BC Passenger Cabin", "BuyPrice":56862, "Ship":"cobramkiii", "ShipID":1 }
{ "timestamp":"2017-10-14T05:38:09Z", "event":"ModuleBuy", "Slot":"Slot05_Size2", "SellItem":"$int_cargorack_size2_class1_name;", "SellItem_Localised":"Cargo Rack", "SellPrice":3250, "BuyItem":"$int_fuelscoop_size2_class4_name;", "BuyItem_Localised":"Fuel Scoop", "BuyPrice":71211, "Ship":"cobramkiii", "ShipID":1 }
{ "timestamp":"2017-10-14T05:38:56Z", "event":"Music", "MusicTrack":"GalaxyMap" }
{ "timestamp":"2017-10-14T05:39:29Z", "event":"Music", "MusicTrack":"Starport" }
{ "timestamp":"2017-10-14T05:39:46Z", "event":"Undocked", "StationName":"Back Dock", "StationType":"Orbis" }
{ "timestamp":"2017-10-14T05:40:11Z", "event":"Music", "MusicTrack":"NoTrack" }
{ "timestamp":"2017-10-14T05:40:37Z", "event":"StartJump", "JumpType":"Supercruise" }
{ "timestamp":"2017-10-14T05:40:42Z", "event":"SupercruiseEntry", "StarSystem":"Tjiwang" }
{ "timestamp":"2017-10-14T05:40:42Z", "event":"Music", "MusicTrack":"Supercruise" }
{ "timestamp":"2017-10-14T05:41:17Z", "event":"StartJump", "JumpType":"Hyperspace", "StarSystem":"Hyades Sector QD-S c4-4", "StarClass":"K" }
{ "timestamp":"2017-10-14T05:41:23Z", "event":"Music", "MusicTrack":"NoTrack" }
{ "timestamp":"2017-10-14T05:41:36Z", "event":"FSDJump", "StarSystem":"Hyades Sector QD-S c4-4", "StarPos":[116.938,-4.500,-100.344], "SystemAllegiance":"", "SystemEconomy":"$economy_None;", "SystemEconomy_Localised":"None", "SystemGovernment":"$government_None;", "SystemGovernment_Localised":"None", "SystemSecurity":"$GAlAXY_MAP_INFO_state_anarchy;", "SystemSecurity_Localised":"Anarchy", "Population":0, "JumpDist":16.359, "FuelUsed":2.427961, "FuelLevel":13.572039 }
{ "timestamp":"2017-10-14T05:41:36Z", "event":"Music", "MusicTrack":"Supercruise" }
{ "timestamp":"2017-10-14T05:41:51Z", "event":"Music", "MusicTrack":"SystemMap" }
{ "timestamp":"2017-10-14T05:41:55Z", "event":"Music", "MusicTrack":"Supercruise" }
{ "timestamp":"2017-10-14T05:42:00Z", "event":"Music", "MusicTrack":"GalaxyMap" }
{ "timestamp":"2017-10-14T05:42:03Z", "event":"Music", "MusicTrack":"Supercruise" }
{ "timestamp":"2017-10-14T05:42:11Z", "event":"StartJump", "JumpType":"Hyperspace", "StarSystem":"Vishepeu", "StarClass":"G" }
{ "timestamp":"2017-10-14T05:42:17Z", "event":"Music", "MusicTrack":"NoTrack" }
{ "timestamp":"2017-10-14T05:42:30Z", "event":"FSDJump", "StarSystem":"Vishepeu", "StarPos":[105.031,-4.500,-111.219], "SystemAllegiance":"Independent", "SystemEconomy":"$economy_Refinery;", "SystemEconomy_Localised":"Refinery", "SystemGovernment":"$government_Corporate;", "SystemGovernment_Localised":"Corporate", "SystemSecurity":"$SYSTEM_SECURITY_low;", "SystemSecurity_Localised":"Low Security", "Population":26425, "JumpDist":16.125, "FuelUsed":2.304280, "FuelLevel":11.267759, "Factions":[ { "Name":"Vishepeu Blue Fortune Industries", "FactionState":"None", "Government":"Corporate", "Influence":0.572000, "Allegiance":"Independent" }, { "Name":"Wulungu Interstellar", "FactionState":"None", "Government":"Corporate", "Influence":0.087000, "Allegiance":"Federation" }, { "Name":"Pilots Federation Local Branch", "FactionState":"None", "Government":"Democracy", "Influence":0.000000, "Allegiance":"PilotsFederation" }, { "Name":"Dukes of Vishepeu", "FactionState":"CivilWar", "Government":"Feudal", "Influence":0.140000, "Allegiance":"Independent" }, { "Name":"Family of Vishepeu", "FactionState":"None", "Government":"Anarchy", "Influence":0.061000, "Allegiance":"Independent" }, { "Name":"Partnership of Vishepeu", "FactionState":"CivilWar", "Government":"Confederacy", "Influence":0.140000, "Allegiance":"Federation", "PendingStates":[ { "State":"Outbreak", "Trend":0 } ] } ], "SystemFaction":"Vishepeu Blue Fortune Industries" }
{ "timestamp":"2017-10-14T05:42:30Z", "event":"Music", "MusicTrack":"Supercruise" }
{ "timestamp":"2017-10-14T05:44:26Z", "event":"FuelScoop", "Scooped":4.732272, "Total":16.000000 }
