{ "timestamp":"2017-11-01T12:33:10Z", "event":"Fileheader", "part":1, "language":"English\\UK", "gameversion":"2.4", "build":"r156431/r0 " }
{ "timestamp":"2017-11-01T12:33:10Z", "event":"Music", "MusicTrack":"NoTrack" }
{ "timestamp":"2017-11-01T12:33:10Z", "event":"Music", "MusicTrack":"MainMenu" }
{ "timestamp":"2017-11-01T12:34:18Z", "event":"Cargo", "Inventory":[  ] }
{ "timestamp":"2017-11-01T12:34:18Z", "event":"Loadout", "Ship":"DiamondBackXL", "ShipID":2, "ShipName":"KONNYAKU", "ShipIdent":"IG-E01", "Modules":[ { "Slot":"LargeHardpoint1", "Item":"Hpt_PulseLaser_Gimbal_Large", "On":true, "Priority":2, "Health":0.941472, "Value":140600 }, { "Slot":"MediumHardpoint2", "Item":"Hpt_MiningLaser_Fixed_Small", "On":true, "Priority":1, "Health":0.953362, "Value":6800 }, { "Slot":"TinyHardpoint1", "Item":"Hpt_HeatSinkLauncher_Turret_Tiny", "On":true, "Priority":0, "AmmoInClip":1, "AmmoInHopper":2, "Health":0.953579, "Value":3500 }, { "Slot":"TinyHardpoint2", "Item":"Hpt_HeatSinkLauncher_Turret_Tiny", "On":true, "Priority":0, "AmmoInClip":1, "AmmoInHopper":2, "Health":0.949510, "Value":3500 }, { "Slot":"TinyHardpoint4", "Item":"Hpt_ChaffLauncher_Tiny", "On":true, "Priority":1, "AmmoInClip":1, "AmmoInHopper":10, "Health":0.922569, "Value":8500 }, { "Slot":"Armour", "Item":"DiamondBackXL_Armour_Grade1", "On":true, "Priority":1, "Health":1.000000, "Value":0 }, { "Slot":"PowerPlant", "Item":"Int_Powerplant_Size4_Class4", "On":true, "Priority":1, "Health":0.962441, "Value":536693 }, { "Slot":"MainEngines", "Item":"Int_Engine_Size4_Class4", "On":true, "Priority":0, "Health":1.000000, "Value":536693 }, { "Slot":"FrameShiftDrive", "Item":"Int_Hyperdrive_Size5_Class4", "On":true, "Priority":0, "Health":1.000000, "Value":1701318 }, { "Slot":"LifeSupport", "Item":"Int_LifeSupport_Size3_Class2", "On":true, "Priority":0, "Health":0.937790, "Value":10133 }, { "Slot":"PowerDistributor", "Item":"Int_PowerDistributor_Size4_Class2", "On":true, "Priority":0, "Health":0.998602, "Value":28373 }, { "Slot":"Radar", "Item":"Int_Sensors_Size3_Class2", "On":true, "Priority":3, "Health":0.968630, "Value":10133 }, { "Slot":"FuelTank", "Item":"Int_FuelTank_Size5_Class3", "On":true, "Priority":1, "Health":1.000000, "Value":97754 }, { "Slot":"Decal1", "Item":"Decal_Explorer_Surveyor", "On":true, "Priority":1, "Health":1.000000, "Value":0 }, { "Slot":"Decal2", "Item":"Decal_Explorer_Surveyor", "On":true, "Priority":1, "Health":1.000000, "Value":0 }, { "Slot":"Decal3", "Item":"Decal_Explorer_Surveyor", "On":true, "Priority":1, "Health":1.000000, "Value":0 }, { "Slot":"Slot01_Size4", "Item":"Int_ShieldGenerator_Size4_Class1", "On":true, "Priority":1, "Health":1.000000, "Value":19878 }, { "Slot":"Slot02_Size4", "Item":"Int_FuelScoop_Size4_Class4", "On":true, "Priority":3, "Health":0.944909, "Value":715591 }, { "Slot":"Slot03_Size3", "Item":"Int_BuggyBay_Size2_Class2", "On":true, "Priority":0, "Health":0.973013, "Value":21600 }, { "Slot":"Slot04_Size3", "Item":"Int_Repairer_Size3_Class2", "On":true, "Priority":0, "AmmoInClip":1283, "Health":0.937855, "Value":97200 }, { "Slot":"Slot05_Size2", "Item":"Int_StellarBodyDiscoveryScanner_Advanced", "On":true, "Priority":1, "Health":0.969358, "Value":1545000 }, { "Slot":"Slot06_Size2", "Item":"Int_DetailedSurfaceScanner_Tiny", "On":true, "Priority":1, "Health":1.000000, "Value":250000 }, { "Slot":"PlanetaryApproachSuite", "Item":"Int_PlanetApproachSuite", "On":true, "Priority":1, "Health":1.000000, "Value":500 }, { "Slot":"ShipCockpit", "Item":"DiamondBackXL_Cockpit", "On":true, "Priority":1, "Health":1.000000, "Value":0 }, { "Slot":"CargoHatch", "Item":"ModularCargoBayDoor", "On":true, "Priority":2, "Health":0.948078, "Value":0 } ] }
{ "timestamp":"2017-11-01T12:34:18Z", "event":"Materials", "Raw":[ { "Name":"carbon", "Count":14 }, { "Name":"iron", "Count":26 }, { "Name":"chromium", "Count":12 }, { "Name":"nickel", "Count":22 }, { "Name":"manganese", "Count":24 }, { "Name":"vanadium", "Count":3 }, { "Name":"zinc", "Count":6 }, { "Name":"sulphur", "Count":9 }, { "Name":"tungsten", "Count":3 } ], "Manufactured":[ { "Name":"mechanicalscrap", "Count":8 }, { "Name":"gridresistors", "Count":3 }, { "Name":"heatdispersionplate", "Count":5 }, { "Name":"salvagedalloys", "Count":6 }, { "Name":"hybridcapacitors", "Count":5 }, { "Name":"heatconductionwiring", "Count":2 } ], "Encoded":[ { "Name":"shieldsoakanalysis", "Count":3 }, { "Name":"disruptedwakeechoes", "Count":5 }, { "Name":"shieldcyclerecordings", "Count":9 }, { "Name":"emissiondata", "Count":3 }, { "Name":"bulkscandata", "Count":9 }, { "Name":"scrambledemissiondata", "Count":7 }, { "Name":"archivedemissiondata", "Count":3 }, { "Name":"shielddensityreports", "Count":9 }, { "Name":"legacyfirmware", "Count":1 } ] }
{ "timestamp":"2017-11-01T12:34:18Z", "event":"LoadGame", "Commander":"Igaguri", "Ship":"DiamondBackXL", "ShipID":2, "ShipName":"KONNYAKU", "ShipIdent":"IG-E01", "FuelLevel":32.000000, "FuelCapacity":32.000000, "GameMode":"Open", "Credits":726550, "Loan":0 }
{ "timestamp":"2017-11-01T12:34:18Z", "event":"Rank", "Combat":1, "Trade":4, "Explore":4, "Empire":0, "Federation":1, "CQC":0 }
{ "timestamp":"2017-11-01T12:34:18Z", "event":"Progress", "Combat":26, "Trade":1, "Explore":12, "Empire":0, "Federation":100, "CQC":0 }
{ "timestamp":"2017-11-01T12:34:33Z", "event":"Location", "Docked":false, "StarSystem":"Plaa Ain JQ-P d5-32", "StarPos":[998.281,123.219,9672.969], "SystemAllegiance":"", "SystemEconomy":"$economy_None;", "SystemEconomy_Localised":"None", "SystemGovernment":"$government_None;", "SystemGovernment_Localised":"None", "SystemSecurity":"$GAlAXY_MAP_INFO_state_anarchy;", "SystemSecurity_Localised":"Anarchy", "Population":0, "Body":"Plaa Ain JQ-P d5-32 A", "BodyType":"Star" }
{ "timestamp":"2017-11-01T12:34:33Z", "event":"Music", "MusicTrack":"NoTrack" }
{ "timestamp":"2017-11-01T12:34:33Z", "event":"Music", "MusicTrack":"Exploration" }
{ "timestamp":"2017-11-01T12:35:18Z", "event":"Music", "MusicTrack":"SystemMap" }
{ "timestamp":"2017-11-01T12:35:25Z", "event":"Music", "MusicTrack":"Exploration" }
{ "timestamp":"2017-11-01T12:35:27Z", "event":"Music", "MusicTrack":"SystemMap" }
{ "timestamp":"2017-11-01T12:35:29Z", "event":"Music", "MusicTrack":"Exploration" }
{ "timestamp":"2017-11-01T12:35:31Z", "event":"Music", "MusicTrack":"GalaxyMap" }
{ "timestamp":"2017-11-01T12:36:13Z", "event":"Music", "MusicTrack":"Exploration" }
{ "timestamp":"2017-11-01T12:36:30Z", "event":"StartJump", "JumpType":"Hyperspace", "StarSystem":"Plaa Ain NO-H b24-0", "StarClass":"M" }
{ "timestamp":"2017-11-01T12:36:35Z", "event":"Music", "MusicTrack":"NoTrack" }
{ "timestamp":"2017-11-01T12:36:48Z", "event":"FSDJump", "StarSystem":"Plaa Ain NO-H b24-0", "StarPos":[995.000,116.875,9697.094], "SystemAllegiance":"", "SystemEconomy":"$economy_None;", "SystemEconomy_Localised":"None", "SystemGovernment":"$government_None;", "SystemGovernment_Localised":"None", "SystemSecurity":"$GAlAXY_MAP_INFO_state_anarchy;", "SystemSecurity_Localised":"Anarchy", "Population":0, "JumpDist":25.160, "FuelUsed":3.713168, "FuelLevel":28.286833 }
{ "timestamp":"2017-11-01T12:36:48Z", "event":"Music", "MusicTrack":"Supercruise" }
{ "timestamp":"2017-11-01T12:37:06Z", "event":"FuelScoop", "Scooped":1.245181, "Total":29.532036 }
{ "timestamp":"2017-11-01T12:37:35Z", "event":"Music", "MusicTrack":"SystemMap" }
{ "timestamp":"2017-11-01T12:37:37Z", "event":"Music", "MusicTrack":"Supercruise" }
{ "timestamp":"2017-11-01T12:37:53Z", "event":"StartJump", "JumpType":"Hyperspace", "StarSystem":"Plaa Ain TP-F b25-8", "StarClass":"M" }
{ "timestamp":"2017-11-01T12:37:59Z", "event":"Music", "MusicTrack":"NoTrack" }
{ "timestamp":"2017-11-01T12:38:12Z", "event":"FSDJump", "StarSystem":"Plaa Ain TP-F b25-8", "StarPos":[998.156,112.406,9722.625], "SystemAllegiance":"", "SystemEconomy":"$economy_None;", "SystemEconomy_Localised":"None", "SystemGovernment":"$government_None;", "SystemGovernment_Localised":"None", "SystemSecurity":"$GAlAXY_MAP_INFO_state_anarchy;", "SystemSecurity_Localised":"Anarchy", "Population":0, "JumpDist":26.111, "FuelUsed":4.003240, "FuelLevel":25.528795 }
{ "timestamp":"2017-11-01T12:38:12Z", "event":"Music", "MusicTrack":"Supercruise" }
{ "timestamp":"2017-11-01T12:38:30Z", "event":"FuelScoop", "Scooped":2.477023, "Total":28.005831 }
{ "timestamp":"2017-11-01T12:38:41Z", "event":"StartJump", "JumpType":"Hyperspace", "StarSystem":"Plaa Ain NW-N d6-42", "StarClass":"A" }
{ "timestamp":"2017-11-01T12:38:47Z", "event":"Music", "MusicTrack":"NoTrack" }
{ "timestamp":"2017-11-01T12:39:00Z", "event":"FSDJump", "StarSystem":"Plaa Ain NW-N d6-42", "StarPos":[1001.750,118.156,9747.438], "SystemAllegiance":"", "SystemEconomy":"$economy_None;", "SystemEconomy_Localised":"None", "SystemGovernment":"$government_None;", "SystemGovernment_Localised":"None", "SystemSecurity":"$GAlAXY_MAP_INFO_state_anarchy;", "SystemSecurity_Localised":"Anarchy", "Population":0, "JumpDist":25.722, "FuelUsed":3.809709, "FuelLevel":24.196121 }
{ "timestamp":"2017-11-01T12:39:00Z", "event":"Music", "MusicTrack":"Supercruise" }
{ "timestamp":"2017-11-01T12:39:09Z", "event":"Music", "MusicTrack":"SystemMap" }
{ "timestamp":"2017-11-01T12:39:23Z", "event":"Scan", "BodyName":"Plaa Ain NW-N d6-42 A", "DistanceFromArrivalLS":0.000000, "StarType":"A", "StellarMass":1.523438, "Radius":906476224.000000, "AbsoluteMagnitude":2.796280, "Age_MY":1524, "SurfaceTemperature":8083.000000, "Luminosity":"VI", "SemiMajorAxis":4078061486080.000000, "Eccentricity":0.031047, "OrbitalInclination":-10.065545, "Periapsis":13.534563, "OrbitalPeriod":10910276608.000000, "RotationPeriod":94734.320313, "AxialTilt":0.000000 }
{ "timestamp":"2017-11-01T12:40:21Z", "event":"Music", "MusicTrack":"Supercruise" }
{ "timestamp":"2017-11-01T12:40:49Z", "event":"FuelScoop", "Scooped":5.000835, "Total":29.196949 }
{ "timestamp":"2017-11-01T12:40:58Z", "event":"FuelScoop", "Scooped":2.803052, "Total":32.000000 }
{ "timestamp":"2017-11-01T12:41:00Z", "event":"Friends", "Status":"Online", "Name":"Mitsumete Knight" }
{ "timestamp":"2017-11-01T12:41:04Z", "event":"Music", "MusicTrack":"GalaxyMap" }
{ "timestamp":"2017-11-01T12:41:16Z", "event":"Music", "MusicTrack":"Supercruise" }
{ "timestamp":"2017-11-01T12:43:41Z", "event":"Scan", "BodyName":"Plaa Ain NW-N d6-42 A 4", "DistanceFromArrivalLS":3429.701416, "TidalLock":false, "TerraformState":"", "PlanetClass":"Water world", "Atmosphere":"thick carbon dioxide atmosphere", "AtmosphereType":"CarbonDioxide", "AtmosphereComposition":[ { "Name":"CarbonDioxide", "Percent":56.125267 }, { "Name":"Nitrogen", "Percent":39.406956 }, { "Name":"Water", "Percent":3.113593 } ], "Volcanism":"metallic magma volcanism", "MassEM":2.675725, "Radius":8086832.000000, "SurfaceGravity":16.307749, "SurfaceTemperature":468.197571, "SurfacePressure":2250180.750000, "Landable":false, "SemiMajorAxis":1030103302144.000000, "Eccentricity":0.002033, "OrbitalInclination":-1.328122, "Periapsis":172.695251, "OrbitalPeriod":461934752.000000, "RotationPeriod":63765.488281, "AxialTilt":2.537426 }
{ "timestamp":"2017-11-01T12:43:41Z", "event":"Music", "MusicTrack":"SystemMap" }
{ "timestamp":"2017-11-01T12:43:46Z", "event":"Music", "MusicTrack":"Supercruise" }
{ "timestamp":"2017-11-01T12:43:49Z", "event":"Music", "MusicTrack":"SystemMap" }
{ "timestamp":"2017-11-01T12:43:55Z", "event":"Music", "MusicTrack":"Supercruise" }
{ "timestamp":"2017-11-01T12:43:56Z", "event":"Music", "MusicTrack":"SystemMap" }
{ "timestamp":"2017-11-01T12:43:59Z", "event":"Music", "MusicTrack":"Supercruise" }
{ "timestamp":"2017-11-01T12:44:11Z", "event":"Music", "MusicTrack":"SystemMap" }
{ "timestamp":"2017-11-01T12:44:14Z", "event":"Music", "MusicTrack":"Supercruise" }
{ "timestamp":"2017-11-01T12:44:17Z", "event":"Music", "MusicTrack":"SystemMap" }
{ "timestamp":"2017-11-01T12:44:23Z", "event":"Music", "MusicTrack":"Supercruise" }
{ "timestamp":"2017-11-01T12:44:24Z", "event":"Music", "MusicTrack":"SystemMap" }
{ "timestamp":"2017-11-01T12:44:31Z", "event":"Music", "MusicTrack":"Supercruise" }
{ "timestamp":"2017-11-01T12:44:32Z", "event":"Music", "MusicTrack":"SystemMap" }
{ "timestamp":"2017-11-01T12:44:35Z", "event":"Music", "MusicTrack":"Supercruise" }
{ "timestamp":"2017-11-01T12:44:36Z", "event":"Music", "MusicTrack":"SystemMap" }
{ "timestamp":"2017-11-01T12:44:52Z", "event":"Music", "MusicTrack":"Supercruise" }
{ "timestamp":"2017-11-01T12:47:45Z", "event":"Scan", "BodyName":"Plaa Ain NW-N d6-42 B", "DistanceFromArrivalLS":32954.148438, "StarType":"G", "StellarMass":1.035156, "Radius":752913536.000000, "AbsoluteMagnitude":4.882202, "Age_MY":1524, "SurfaceTemperature":5487.000000, "Luminosity":"Va", "SemiMajorAxis":6001562484736.000000, "Eccentricity":0.031047, "OrbitalInclination":-10.065545, "Periapsis":193.534561, "OrbitalPeriod":10910276608.000000, "RotationPeriod":342245.843750, "AxialTilt":0.000000 }
{ "timestamp":"2017-11-01T12:47:45Z", "event":"Music", "MusicTrack":"SystemMap" }
{ "timestamp":"2017-11-01T12:47:49Z", "event":"Music", "MusicTrack":"Supercruise" }
{ "timestamp":"2017-11-01T12:49:18Z", "event":"Music", "MusicTrack":"SystemMap" }
{ "timestamp":"2017-11-01T12:49:20Z", "event":"Music", "MusicTrack":"Supercruise" }
{ "timestamp":"2017-11-01T12:49:21Z", "event":"Music", "MusicTrack":"GalaxyMap" }
{ "timestamp":"2017-11-01T12:49:23Z", "event":"Music", "MusicTrack":"Supercruise" }
{ "timestamp":"2017-11-01T12:49:24Z", "event":"Music", "MusicTrack":"GalaxyMap" }
{ "timestamp":"2017-11-01T12:49:34Z", "event":"Music", "MusicTrack":"SystemMap" }
{ "timestamp":"2017-11-01T12:49:36Z", "event":"Music", "MusicTrack":"Supercruise" }
{ "timestamp":"2017-11-01T12:50:01Z", "event":"Scan", "BodyName":"Plaa Ain NW-N d6-42 B 4", "DistanceFromArrivalLS":32634.845703, "TidalLock":false, "TerraformState":"", "PlanetClass":"Water world", "Atmosphere":"thick water rich atmosphere", "AtmosphereType":"WaterRich", "AtmosphereComposition":[ { "Name":"Nitrogen", "Percent":88.628212 }, { "Name":"Water", "Percent":8.464055 }, { "Name":"Oxygen", "Percent":2.890443 } ], "Volcanism":"major silicate vapour geysers volcanism", "MassEM":2.984623, "Radius":8344211.500000, "SurfaceGravity":17.085526, "SurfaceTemperature":459.584076, "SurfacePressure":1317472.875000, "Landable":false, "SemiMajorAxis":358925565952.000000, "Eccentricity":0.000045, "OrbitalInclination":0.001226, "Periapsis":262.438904, "OrbitalPeriod":115258032.000000, "RotationPeriod":60883.156250, "AxialTilt":-0.197578 }
{ "timestamp":"2017-11-01T12:50:04Z", "event":"Music", "MusicTrack":"SystemMap" }
{ "timestamp":"2017-11-01T12:50:09Z", "event":"Music", "MusicTrack":"Supercruise" }
{ "timestamp":"2017-11-01T12:51:43Z", "event":"Scan", "BodyName":"Plaa Ain NW-N d6-42 B 3", "DistanceFromArrivalLS":32447.042969, "TidalLock":false, "TerraformState":"", "PlanetClass":"High metal content body", "Atmosphere":"hot thick carbon dioxide atmosphere", "AtmosphereType":"CarbonDioxide", "AtmosphereComposition":[ { "Name":"CarbonDioxide", "Percent":95.848190 }, { "Name":"Nitrogen", "Percent":3.193114 }, { "Name":"SulphurDioxide", "Percent":0.958482 } ], "Volcanism":"metallic magma volcanism", "MassEM":2.316378, "Radius":7712525.000000, "SurfaceGravity":15.521217, "SurfaceTemperature":976.815613, "SurfacePressure":34621920.000000, "Landable":false, "SemiMajorAxis":155585544192.000000, "Eccentricity":0.000102, "OrbitalInclination":-0.021621, "Periapsis":61.632553, "OrbitalPeriod":32894134.000000, "RotationPeriod":59397.542969, "AxialTilt":-1.338547 }
{ "timestamp":"2017-11-01T12:51:46Z", "event":"Music", "MusicTrack":"SystemMap" }
{ "timestamp":"2017-11-01T12:51:49Z", "event":"Music", "MusicTrack":"Supercruise" }
{ "timestamp":"2017-11-01T12:53:41Z", "event":"Scan", "BodyName":"Plaa Ain NW-N d6-42 B 5", "DistanceFromArrivalLS":31248.558594, "TidalLock":false, "TerraformState":"", "PlanetClass":"High metal content body", "Atmosphere":"hot thick methane rich atmosphere", "AtmosphereType":"MethaneRich", "AtmosphereComposition":[ { "Name":"Ammonia", "Percent":30.846664 }, { "Name":"Methane", "Percent":30.846664 }, { "Name":"Nitrogen", "Percent":30.846664 } ], "Volcanism":"major silicate vapour geysers volcanism", "MassEM":3.582695, "Radius":8777633.000000, "SurfaceGravity":18.533794, "SurfaceTemperature":512.893555, "SurfacePressure":5304473.000000, "Landable":false, "SemiMajorAxis":688555032576.000000, "Eccentricity":0.001871, "OrbitalInclination":0.324998, "Periapsis":103.923363, "OrbitalPeriod":306247488.000000, "RotationPeriod":81031.742188, "AxialTilt":-0.457970 }
{ "timestamp":"2017-11-01T12:54:12Z", "event":"StartJump", "JumpType":"Hyperspace", "StarSystem":"Plaa Ain YX-B c13-33", "StarClass":"K" }
{ "timestamp":"2017-11-01T12:54:17Z", "event":"Music", "MusicTrack":"NoTrack" }
{ "timestamp":"2017-11-01T12:54:31Z", "event":"FSDJump", "StarSystem":"Plaa Ain YX-B c13-33", "StarPos":[996.750,125.125,9771.000], "SystemAllegiance":"", "SystemEconomy":"$economy_None;", "SystemEconomy_Localised":"None", "SystemGovernment":"$government_None;", "SystemGovernment_Localised":"None", "SystemSecurity":"$GAlAXY_MAP_INFO_state_anarchy;", "SystemSecurity_Localised":"Anarchy", "Population":0, "JumpDist":25.075, "FuelUsed":3.670463, "FuelLevel":27.809536 }
{ "timestamp":"2017-11-01T12:54:31Z", "event":"Music", "MusicTrack":"Supercruise" }
{ "timestamp":"2017-11-01T12:54:42Z", "event":"Music", "MusicTrack":"SystemMap" }
{ "timestamp":"2017-11-01T12:54:44Z", "event":"Music", "MusicTrack":"Supercruise" }
{ "timestamp":"2017-11-01T12:54:54Z", "event":"Scan", "BodyName":"Plaa Ain YX-B c13-33", "DistanceFromArrivalLS":0.000000, "StarType":"K", "StellarMass":0.714844, "Radius":606461184.000000, "AbsoluteMagnitude":5.967697, "Age_MY":7164, "SurfaceTemperature":4762.000000, "Luminosity":"Va", "RotationPeriod":274814.562500, "AxialTilt":0.000000 }
{ "timestamp":"2017-11-01T12:55:17Z", "event":"FuelScoop", "Scooped":4.190442, "Total":32.000000 }
{ "timestamp":"2017-11-01T12:55:37Z", "event":"StartJump", "JumpType":"Hyperspace", "StarSystem":"Plaa Ain HT-Y b28-9", "StarClass":"M" }
{ "timestamp":"2017-11-01T12:55:43Z", "event":"Music", "MusicTrack":"NoTrack" }
{ "timestamp":"2017-11-01T12:55:56Z", "event":"FSDJump", "StarSystem":"Plaa Ain HT-Y b28-9", "StarPos":[1004.531,122.531,9795.625], "SystemAllegiance":"", "SystemEconomy":"$economy_None;", "SystemEconomy_Localised":"None", "SystemGovernment":"$government_None;", "SystemGovernment_Localised":"None", "SystemSecurity":"$GAlAXY_MAP_INFO_state_anarchy;", "SystemSecurity_Localised":"Anarchy", "Population":0, "JumpDist":25.955, "FuelUsed":4.006764, "FuelLevel":27.993237 }
{ "timestamp":"2017-11-01T12:55:56Z", "event":"Music", "MusicTrack":"Supercruise" }
{ "timestamp":"2017-11-01T12:56:12Z", "event":"Music", "MusicTrack":"SystemMap" }
{ "timestamp":"2017-11-01T12:56:15Z", "event":"Music", "MusicTrack":"Supercruise" }
{ "timestamp":"2017-11-01T12:56:16Z", "event":"FuelScoop", "Scooped":2.657346, "Total":30.650581 }
{ "timestamp":"2017-11-01T12:56:33Z", "event":"StartJump", "JumpType":"Hyperspace", "StarSystem":"Plaa Ain LZ-W b29-2", "StarClass":"M" }
{ "timestamp":"2017-11-01T12:56:38Z", "event":"Music", "MusicTrack":"NoTrack" }
{ "timestamp":"2017-11-01T12:56:51Z", "event":"FSDJump", "StarSystem":"Plaa Ain LZ-W b29-2", "StarPos":[1003.406,116.156,9820.594], "SystemAllegiance":"", "SystemEconomy":"$economy_None;", "SystemEconomy_Localised":"None", "SystemGovernment":"$government_None;", "SystemGovernment_Localised":"None", "SystemSecurity":"$GAlAXY_MAP_INFO_state_anarchy;", "SystemSecurity_Localised":"Anarchy", "Population":0, "JumpDist":25.794, "FuelUsed":3.913255, "FuelLevel":26.737326 }
{ "timestamp":"2017-11-01T12:56:51Z", "event":"Music", "MusicTrack":"Supercruise" }
{ "timestamp":"2017-11-01T12:57:17Z", "event":"FuelScoop", "Scooped":2.211479, "Total":28.948835 }
{ "timestamp":"2017-11-01T12:57:32Z", "event":"StartJump", "JumpType":"Hyperspace", "StarSystem":"Plaa Ain GK-Y c14-47", "StarClass":"K" }
{ "timestamp":"2017-11-01T12:57:37Z", "event":"Music", "MusicTrack":"NoTrack" }
{ "timestamp":"2017-11-01T12:57:50Z", "event":"FSDJump", "StarSystem":"Plaa Ain GK-Y c14-47", "StarPos":[1000.781,117.125,9845.875], "SystemAllegiance":"", "SystemEconomy":"$economy_None;", "SystemEconomy_Localised":"None", "SystemGovernment":"$government_None;", "SystemGovernment_Localised":"None", "SystemSecurity":"$GAlAXY_MAP_INFO_state_anarchy;", "SystemSecurity_Localised":"Anarchy", "Population":0, "JumpDist":25.436, "FuelUsed":3.739755, "FuelLevel":25.209080 }
{ "timestamp":"2017-11-01T12:57:50Z", "event":"Music", "MusicTrack":"Supercruise" }
{ "timestamp":"2017-11-01T12:57:59Z", "event":"Music", "MusicTrack":"SystemMap" }
{ "timestamp":"2017-11-01T12:58:08Z", "event":"Music", "MusicTrack":"Supercruise" }
{ "timestamp":"2017-11-01T12:58:13Z", "event":"Scan", "BodyName":"Plaa Ain GK-Y c14-47", "DistanceFromArrivalLS":0.000000, "StarType":"K", "StellarMass":0.664063, "Radius":555457600.000000, "AbsoluteMagnitude":6.385056, "Age_MY":3822, "SurfaceTemperature":4520.000000, "Luminosity":"Va", "RotationPeriod":253221.421875, "AxialTilt":0.000000, "Rings":[ { "Name":"Plaa Ain GK-Y c14-47 A Belt", "RingClass":"eRingClass_Rocky", "MassMT":1.2243e+09, "InnerRad":1.0601e+09, "OuterRad":2.1053e+09 } ] }
{ "timestamp":"2017-11-01T12:58:19Z", "event":"Music", "MusicTrack":"SystemMap" }
{ "timestamp":"2017-11-01T12:58:22Z", "event":"Music", "MusicTrack":"Supercruise" }
{ "timestamp":"2017-11-01T12:58:53Z", "event":"FuelScoop", "Scooped":5.001653, "Total":30.210752 }
{ "timestamp":"2017-11-01T12:59:00Z", "event":"FuelScoop", "Scooped":1.789253, "Total":32.000000 }
{ "timestamp":"2017-11-01T12:59:16Z", "event":"Music", "MusicTrack":"SystemMap" }
{ "timestamp":"2017-11-01T12:59:19Z", "event":"Music", "MusicTrack":"Supercruise" }
{ "timestamp":"2017-11-01T13:00:17Z", "event":"Scan", "BodyName":"Plaa Ain GK-Y c14-47 6", "DistanceFromArrivalLS":335.120209, "TidalLock":false, "TerraformState":"Terraformable", "PlanetClass":"Water world", "Atmosphere":"oxygen atmosphere", "AtmosphereType":"Oxygen", "AtmosphereComposition":[ { "Name":"Oxygen", "Percent":66.036339 }, { "Name":"Nitrogen", "Percent":15.548102 }, { "Name":"Argon", "Percent":8.890029 } ], "Volcanism":"", "MassEM":0.242355, "Radius":3943020.250000, "SurfaceGravity":6.213034, "SurfaceTemperature":302.202271, "SurfacePressure":23427.933594, "Landable":false, "SemiMajorAxis":100466941952.000000, "Eccentricity":0.000118, "OrbitalInclination":0.000149, "Periapsis":33.678055, "OrbitalPeriod":21310090.000000, "RotationPeriod":124118.578125, "AxialTilt":0.241665 }
{ "timestamp":"2017-11-01T13:00:19Z", "event":"Music", "MusicTrack":"SystemMap" }
{ "timestamp":"2017-11-01T13:00:22Z", "event":"Music", "MusicTrack":"Supercruise" }
{ "timestamp":"2017-11-01T13:01:43Z", "event":"Scan", "BodyName":"Plaa Ain GK-Y c14-47 7", "DistanceFromArrivalLS":408.257599, "TidalLock":false, "TerraformState":"", "PlanetClass":"High metal content body", "Atmosphere":"thick argon rich atmosphere", "AtmosphereType":"ArgonRich", "AtmosphereComposition":[ { "Name":"Nitrogen", "Percent":99.174339 }, { "Name":"Argon", "Percent":0.527853 }, { "Name":"CarbonDioxide", "Percent":0.294334 } ], "Volcanism":"", "MassEM":0.412195, "Radius":4651101.000000, "SurfaceGravity":7.594531, "SurfaceTemperature":233.834076, "SurfacePressure":589678.062500, "Landable":false, "SemiMajorAxis":122383818752.000000, "Eccentricity":0.000192, "OrbitalInclination":-0.033285, "Periapsis":86.763283, "OrbitalPeriod":28650782.000000, "RotationPeriod":149965.515625, "AxialTilt":0.482239 }
{ "timestamp":"2017-11-01T13:01:49Z", "event":"Music", "MusicTrack":"SystemMap" }
{ "timestamp":"2017-11-01T13:02:05Z", "event":"Music", "MusicTrack":"Supercruise" }
{ "timestamp":"2017-11-01T13:02:35Z", "event":"StartJump", "JumpType":"Hyperspace", "StarSystem":"Plaa Ain TL-T b31-11", "StarClass":"M" }
{ "timestamp":"2017-11-01T13:02:40Z", "event":"Music", "MusicTrack":"NoTrack" }
{ "timestamp":"2017-11-01T13:02:53Z", "event":"FSDJump", "StarSystem":"Plaa Ain TL-T b31-11", "StarPos":[996.000,117.875,9870.813], "SystemAllegiance":"", "SystemEconomy":"$economy_None;", "SystemEconomy_Localised":"None", "SystemGovernment":"$government_None;", "SystemGovernment_Localised":"None", "SystemSecurity":"$GAlAXY_MAP_INFO_state_anarchy;", "SystemSecurity_Localised":"Anarchy", "Population":0, "JumpDist":25.403, "FuelUsed":3.801573, "FuelLevel":28.198427 }
{ "timestamp":"2017-11-01T13:02:54Z", "event":"Music", "MusicTrack":"Supercruise" }
{ "timestamp":"2017-11-01T13:03:08Z", "event":"Music", "MusicTrack":"SystemMap" }
{ "timestamp":"2017-11-01T13:03:11Z", "event":"FuelScoop", "Scooped":1.952376, "Total":30.150782 }
{ "timestamp":"2017-11-01T13:03:13Z", "event":"Music", "MusicTrack":"Supercruise" }
{ "timestamp":"2017-11-01T13:03:30Z", "event":"StartJump", "JumpType":"Hyperspace", "StarSystem":"Plaa Ain KQ-W c15-50", "StarClass":"G" }
{ "timestamp":"2017-11-01T13:03:35Z", "event":"Music", "MusicTrack":"NoTrack" }
{ "timestamp":"2017-11-01T13:03:48Z", "event":"FSDJump", "StarSystem":"Plaa Ain KQ-W c15-50", "StarPos":[1003.438,121.063,9894.094], "SystemAllegiance":"", "SystemEconomy":"$economy_None;", "SystemEconomy_Localised":"None", "SystemGovernment":"$government_None;", "SystemGovernment_Localised":"None", "SystemSecurity":"$GAlAXY_MAP_INFO_state_anarchy;", "SystemSecurity_Localised":"Anarchy", "Population":0, "JumpDist":24.647, "FuelUsed":3.489403, "FuelLevel":26.661379 }
{ "timestamp":"2017-11-01T13:03:48Z", "event":"Music", "MusicTrack":"Supercruise" }
{ "timestamp":"2017-11-01T13:03:59Z", "event":"Music", "MusicTrack":"SystemMap" }
{ "timestamp":"2017-11-01T13:04:06Z", "event":"Music", "MusicTrack":"Supercruise" }
{ "timestamp":"2017-11-01T13:04:12Z", "event":"Scan", "BodyName":"Plaa Ain KQ-W c15-50 A", "DistanceFromArrivalLS":0.000000, "StarType":"G", "StellarMass":0.839844, "Radius":669372032.000000, "AbsoluteMagnitude":5.141678, "Age_MY":12857, "SurfaceTemperature":5482.000000, "Luminosity":"Vab", "SemiMajorAxis":2644260159488.000000, "Eccentricity":0.194720, "OrbitalInclination":-78.383080, "Periapsis":236.408401, "OrbitalPeriod":36689092608.000000, "RotationPeriod":366518.281250, "AxialTilt":0.000000, "Rings":[ { "Name":"Plaa Ain KQ-W c15-50 A A Belt", "RingClass":"eRingClass_Metalic", "MassMT":1.3746e+14, "InnerRad":1.1045e+09, "OuterRad":2.4826e+09 }, { "Name":"Plaa Ain KQ-W c15-50 A B Belt", "RingClass":"eRingClass_MetalRich", "MassMT":3.8875e+14, "InnerRad":4.2421e+09, "OuterRad":2.5852e+11 } ] }
{ "timestamp":"2017-11-01T13:04:41Z", "event":"FuelScoop", "Scooped":5.003102, "Total":31.664482 }
{ "timestamp":"2017-11-01T13:04:42Z", "event":"FuelScoop", "Scooped":0.335516, "Total":32.000000 }
{ "timestamp":"2017-11-01T13:05:01Z", "event":"StartJump", "JumpType":"Hyperspace", "StarSystem":"Plaa Ain OW-U c16-25", "StarClass":"K" }
{ "timestamp":"2017-11-01T13:05:07Z", "event":"Music", "MusicTrack":"NoTrack" }
{ "timestamp":"2017-11-01T13:05:20Z", "event":"FSDJump", "StarSystem":"Plaa Ain OW-U c16-25", "StarPos":[1001.531,123.031,9919.688], "SystemAllegiance":"", "SystemEconomy":"$economy_None;", "SystemEconomy_Localised":"None", "SystemGovernment":"$government_None;", "SystemGovernment_Localised":"None", "SystemSecurity":"$GAlAXY_MAP_INFO_state_anarchy;", "SystemSecurity_Localised":"Anarchy", "Population":0, "JumpDist":25.740, "FuelUsed":3.926125, "FuelLevel":28.073875 }
{ "timestamp":"2017-11-01T13:05:20Z", "event":"Music", "MusicTrack":"Supercruise" }
{ "timestamp":"2017-11-01T13:05:29Z", "event":"Music", "MusicTrack":"SystemMap" }
{ "timestamp":"2017-11-01T13:05:33Z", "event":"Music", "MusicTrack":"Supercruise" }
{ "timestamp":"2017-11-01T13:05:44Z", "event":"Scan", "BodyName":"Plaa Ain OW-U c16-25", "DistanceFromArrivalLS":0.000000, "StarType":"K", "StellarMass":0.699219, "Radius":602683136.000000, "AbsoluteMagnitude":6.140106, "Age_MY":3958, "SurfaceTemperature":4591.000000, "Luminosity":"Va", "RotationPeriod":287416.218750, "AxialTilt":0.000000, "Rings":[ { "Name":"Plaa Ain OW-U c16-25 A Belt", "RingClass":"eRingClass_Rocky", "MassMT":1.0065e+14, "InnerRad":1.1495e+09, "OuterRad":2.1418e+09 } ] }
{ "timestamp":"2017-11-01T13:06:09Z", "event":"FuelScoop", "Scooped":3.926137, "Total":32.000000 }
{ "timestamp":"2017-11-01T13:06:27Z", "event":"StartJump", "JumpType":"Hyperspace", "StarSystem":"Plaa Ain JK-M b35-5", "StarClass":"M" }
{ "timestamp":"2017-11-01T13:06:32Z", "event":"Music", "MusicTrack":"NoTrack" }
{ "timestamp":"2017-11-01T13:06:45Z", "event":"FSDJump", "StarSystem":"Plaa Ain JK-M b35-5", "StarPos":[998.188,122.063,9940.844], "SystemAllegiance":"", "SystemEconomy":"$economy_None;", "SystemEconomy_Localised":"None", "SystemGovernment":"$government_None;", "SystemGovernment_Localised":"None", "SystemSecurity":"$GAlAXY_MAP_INFO_state_anarchy;", "SystemSecurity_Localised":"Anarchy", "Population":0, "JumpDist":21.441, "FuelUsed":2.508989, "FuelLevel":29.491011 }
{ "timestamp":"2017-11-01T13:06:45Z", "event":"Music", "MusicTrack":"Supercruise" }
{ "timestamp":"2017-11-01T13:07:02Z", "event":"FuelScoop", "Scooped":2.508997, "Total":32.000000 }
{ "timestamp":"2017-11-01T13:07:19Z", "event":"StartJump", "JumpType":"Hyperspace", "StarSystem":"Plaa Ain VI-K d8-172", "StarClass":"N" }
{ "timestamp":"2017-11-01T13:07:25Z", "event":"Music", "MusicTrack":"NoTrack" }
{ "timestamp":"2017-11-01T13:07:38Z", "event":"FSDJump", "StarSystem":"Plaa Ain VI-K d8-172", "StarPos":[1009.531,132.344,9944.125], "SystemAllegiance":"", "SystemEconomy":"$economy_None;", "SystemEconomy_Localised":"None", "SystemGovernment":"$government_None;", "SystemGovernment_Localised":"None", "SystemSecurity":"$GAlAXY_MAP_INFO_state_anarchy;", "SystemSecurity_Localised":"Anarchy", "Population":0, "JumpDist":15.657, "FuelUsed":1.161492, "FuelLevel":30.838509 }
{ "timestamp":"2017-11-01T13:07:38Z", "event":"Music", "MusicTrack":"Supercruise" }
{ "timestamp":"2017-11-01T13:07:48Z", "event":"Music", "MusicTrack":"SystemMap" }
{ "timestamp":"2017-11-01T13:07:49Z", "event":"Music", "MusicTrack":"Supercruise" }
{ "timestamp":"2017-11-01T13:07:50Z", "event":"Music", "MusicTrack":"GalaxyMap" }
{ "timestamp":"2017-11-01T13:07:59Z", "event":"Scan", "BodyName":"Plaa Ain VI-K d8-172 A", "DistanceFromArrivalLS":0.000000, "StarType":"N", "StellarMass":0.671875, "Radius":11476.562500, "AbsoluteMagnitude":4.777328, "Age_MY":3496, "SurfaceTemperature":1800650.000000, "Luminosity":"VII", "SemiMajorAxis":44353228800.000000, "Eccentricity":0.030498, "OrbitalInclination":-46.487740, "Periapsis":344.087585, "OrbitalPeriod":56951656.000000, "RotationPeriod":1.016451, "AxialTilt":0.000000 }
{ "timestamp":"2017-11-01T13:08:06Z", "event":"Music", "MusicTrack":"SystemMap" }
{ "timestamp":"2017-11-01T13:08:07Z", "event":"Music", "MusicTrack":"Supercruise" }
{ "timestamp":"2017-11-01T13:09:17Z", "event":"JetConeBoost", "BoostValue":4.000000 }
{ "timestamp":"2017-11-01T13:09:41Z", "event":"StartJump", "JumpType":"Hyperspace", "StarSystem":"Plaa Ain DP-D b40-10", "StarClass":"M" }
{ "timestamp":"2017-11-01T13:09:47Z", "event":"Music", "MusicTrack":"NoTrack" }
{ "timestamp":"2017-11-01T13:10:00Z", "event":"FSDJump", "StarSystem":"Plaa Ain DP-D b40-10", "StarPos":[1007.031,129.656,10048.188], "SystemAllegiance":"", "SystemEconomy":"$economy_None;", "SystemEconomy_Localised":"None", "SystemGovernment":"$government_None;", "SystemGovernment_Localised":"None", "SystemSecurity":"$GAlAXY_MAP_INFO_state_anarchy;", "SystemSecurity_Localised":"Anarchy", "Population":0, "JumpDist":104.127, "FuelUsed":4.006905, "FuelLevel":26.831604, "BoostUsed":4 }
{ "timestamp":"2017-11-01T13:10:00Z", "event":"Music", "MusicTrack":"Supercruise" }
{ "timestamp":"2017-11-01T13:10:10Z", "event":"Music", "MusicTrack":"SystemMap" }
{ "timestamp":"2017-11-01T13:10:11Z", "event":"Music", "MusicTrack":"Supercruise" }
{ "timestamp":"2017-11-01T13:10:44Z", "event":"Music", "MusicTrack":"SystemMap" }
{ "timestamp":"2017-11-01T13:10:49Z", "event":"Music", "MusicTrack":"Supercruise" }
