{ "timestamp":"2017-11-08T11:53:09Z", "event":"Fileheader", "part":1, "language":"English\\UK", "gameversion":"2.4", "build":"r156431/r0 " }
{ "timestamp":"2017-11-08T11:53:09Z", "event":"Music", "MusicTrack":"NoTrack" }
{ "timestamp":"2017-11-08T11:53:09Z", "event":"Music", "MusicTrack":"MainMenu" }
{ "timestamp":"2017-11-08T11:54:30Z", "event":"Cargo", "Inventory":[  ] }
{ "timestamp":"2017-11-08T11:54:30Z", "event":"Loadout", "Ship":"DiamondBackXL", "ShipID":2, "ShipName":"KONNYAKU", "ShipIdent":"IG-E01", "Modules":[ { "Slot":"LargeHardpoint1", "Item":"Hpt_PulseLaser_Gimbal_Large", "On":true, "Priority":2, "Health":0.891962, "Value":140600 }, { "Slot":"MediumHardpoint2", "Item":"Hpt_MiningLaser_Fixed_Small", "On":true, "Priority":1, "Health":0.973718, "Value":6800 }, { "Slot":"TinyHardpoint1", "Item":"Hpt_HeatSinkLauncher_Turret_Tiny", "On":true, "Priority":0, "AmmoInClip":1, "AmmoInHopper":1, "Health":0.916123, "Value":3500 }, { "Slot":"TinyHardpoint2", "Item":"Hpt_HeatSinkLauncher_Turret_Tiny", "On":true, "Priority":0, "AmmoInClip":1, "AmmoInHopper":1, "Health":0.906741, "Value":3500 }, { "Slot":"TinyHardpoint4", "Item":"Hpt_ChaffLauncher_Tiny", "On":true, "Priority":1, "AmmoInClip":1, "AmmoInHopper":10, "Health":0.870520, "Value":8500 }, { "Slot":"Armour", "Item":"DiamondBackXL_Armour_Grade1", "On":true, "Priority":1, "Health":1.000000, "Value":0 }, { "Slot":"PowerPlant", "Item":"Int_Powerplant_Size4_Class4", "On":true, "Priority":1, "Health":0.930176, "Value":536693 }, { "Slot":"MainEngines", "Item":"Int_Engine_Size4_Class4", "On":true, "Priority":0, "Health":0.949218, "Value":536693 }, { "Slot":"FrameShiftDrive", "Item":"Int_Hyperdrive_Size5_Class4", "On":true, "Priority":0, "Health":0.922943, "Value":1701318 }, { "Slot":"LifeSupport", "Item":"Int_LifeSupport_Size3_Class2", "On":true, "Priority":0, "Health":0.902882, "Value":10133 }, { "Slot":"PowerDistributor", "Item":"Int_PowerDistributor_Size4_Class2", "On":true, "Priority":0, "Health":0.958339, "Value":28373 }, { "Slot":"Radar", "Item":"Int_Sensors_Size3_Class2", "On":true, "Priority":3, "Health":0.930037, "Value":10133 }, { "Slot":"FuelTank", "Item":"Int_FuelTank_Size5_Class3", "On":true, "Priority":1, "Health":1.000000, "Value":97754 }, { "Slot":"Decal1", "Item":"Decal_Explorer_Surveyor", "On":true, "Priority":1, "Health":1.000000, "Value":0 }, { "Slot":"Decal2", "Item":"Decal_Explorer_Surveyor", "On":true, "Priority":1, "Health":1.000000, "Value":0 }, { "Slot":"Decal3", "Item":"Decal_Explorer_Surveyor", "On":true, "Priority":1, "Health":1.000000, "Value":0 }, { "Slot":"Slot01_Size4", "Item":"Int_ShieldGenerator_Size4_Class1", "On":true, "Priority":1, "Health":0.966821, "Value":19878 }, { "Slot":"Slot02_Size4", "Item":"Int_FuelScoop_Size4_Class4", "On":true, "Priority":3, "Health":0.925726, "Value":715591 }, { "Slot":"Slot03_Size3", "Item":"Int_BuggyBay_Size2_Class2", "On":true, "Priority":0, "Health":0.947269, "Value":21600 }, { "Slot":"Slot04_Size3", "Item":"Int_Repairer_Size3_Class2", "On":true, "Priority":0, "AmmoInClip":2871, "Health":0.900714, "Value":97200 }, { "Slot":"Slot05_Size2", "Item":"Int_StellarBodyDiscoveryScanner_Advanced", "On":true, "Priority":1, "Health":0.924183, "Value":1545000 }, { "Slot":"Slot06_Size2", "Item":"Int_DetailedSurfaceScanner_Tiny", "On":true, "Priority":1, "Health":1.000000, "Value":250000 }, { "Slot":"PlanetaryApproachSuite", "Item":"Int_PlanetApproachSuite", "On":true, "Priority":1, "Health":1.000000, "Value":500 }, { "Slot":"ShipCockpit", "Item":"DiamondBackXL_Cockpit", "On":true, "Priority":1, "Health":0.955808, "Value":0 }, { "Slot":"CargoHatch", "Item":"ModularCargoBayDoor", "On":true, "Priority":2, "Health":0.910384, "Value":0 } ] }
{ "timestamp":"2017-11-08T11:54:30Z", "event":"Materials", "Raw":[ { "Name":"carbon", "Count":14 }, { "Name":"iron", "Count":26 }, { "Name":"chromium", "Count":10 }, { "Name":"nickel", "Count":20 }, { "Name":"manganese", "Count":24 }, { "Name":"zinc", "Count":4 }, { "Name":"sulphur", "Count":9 }, { "Name":"tungsten", "Count":3 } ], "Manufactured":[ { "Name":"mechanicalscrap", "Count":8 }, { "Name":"gridresistors", "Count":3 }, { "Name":"heatdispersionplate", "Count":5 }, { "Name":"salvagedalloys", "Count":6 }, { "Name":"hybridcapacitors", "Count":5 }, { "Name":"heatconductionwiring", "Count":2 } ], "Encoded":[ { "Name":"shieldsoakanalysis", "Count":3 }, { "Name":"disruptedwakeechoes", "Count":5 }, { "Name":"shieldcyclerecordings", "Count":9 }, { "Name":"emissiondata", "Count":3 }, { "Name":"bulkscandata", "Count":9 }, { "Name":"scrambledemissiondata", "Count":7 }, { "Name":"archivedemissiondata", "Count":3 }, { "Name":"shielddensityreports", "Count":9 }, { "Name":"legacyfirmware", "Count":1 } ] }
{ "timestamp":"2017-11-08T11:54:30Z", "event":"LoadGame", "Commander":"Igaguri", "Ship":"DiamondBackXL", "ShipID":2, "ShipName":"KONNYAKU", "ShipIdent":"IG-E01", "FuelLevel":32.000000, "FuelCapacity":32.000000, "GameMode":"Open", "Credits":726550, "Loan":0 }
{ "timestamp":"2017-11-08T11:54:30Z", "event":"Rank", "Combat":1, "Trade":4, "Explore":4, "Empire":0, "Federation":1, "CQC":0 }
{ "timestamp":"2017-11-08T11:54:30Z", "event":"Progress", "Combat":26, "Trade":1, "Explore":12, "Empire":0, "Federation":100, "CQC":0 }
{ "timestamp":"2017-11-08T11:54:42Z", "event":"Location", "Docked":false, "StarSystem":"Stranaei FG-O d6-73", "StarPos":[681.719,1509.875,18719.500], "SystemAllegiance":"", "SystemEconomy":"$economy_None;", "SystemEconomy_Localised":"None", "SystemGovernment":"$government_None;", "SystemGovernment_Localised":"None", "SystemSecurity":"$GAlAXY_MAP_INFO_state_anarchy;", "SystemSecurity_Localised":"Anarchy", "Population":0, "Body":"Stranaei FG-O d6-73 A", "BodyType":"Star" }
{ "timestamp":"2017-11-08T11:54:42Z", "event":"Music", "MusicTrack":"NoTrack" }
{ "timestamp":"2017-11-08T11:54:42Z", "event":"Music", "MusicTrack":"Exploration" }
{ "timestamp":"2017-11-08T11:54:49Z", "event":"StartJump", "JumpType":"Supercruise" }
{ "timestamp":"2017-11-08T11:54:54Z", "event":"SupercruiseEntry", "StarSystem":"Stranaei FG-O d6-73" }
{ "timestamp":"2017-11-08T11:54:54Z", "event":"Music", "MusicTrack":"Supercruise" }
{ "timestamp":"2017-11-08T11:55:44Z", "event":"Music", "MusicTrack":"GalaxyMap" }
{ "timestamp":"2017-11-08T11:56:05Z", "event":"Music", "MusicTrack":"SystemMap" }
{ "timestamp":"2017-11-08T11:56:06Z", "event":"Music", "MusicTrack":"Supercruise" }
{ "timestamp":"2017-11-08T11:56:22Z", "event":"StartJump", "JumpType":"Hyperspace", "StarSystem":"Stranaei FG-O d6-307", "StarClass":"A" }
{ "timestamp":"2017-11-08T11:56:27Z", "event":"Music", "MusicTrack":"NoTrack" }
{ "timestamp":"2017-11-08T11:56:41Z", "event":"FSDJump", "StarSystem":"Stranaei FG-O d6-307", "StarPos":[681.750,1533.969,18727.844], "SystemAllegiance":"", "SystemEconomy":"$economy_None;", "SystemEconomy_Localised":"None", "SystemGovernment":"$government_None;", "SystemGovernment_Localised":"None", "SystemSecurity":"$GAlAXY_MAP_INFO_state_anarchy;", "SystemSecurity_Localised":"Anarchy", "Population":0, "JumpDist":25.498, "FuelUsed":3.836429, "FuelLevel":28.163570 }
{ "timestamp":"2017-11-08T11:56:41Z", "event":"Music", "MusicTrack":"Supercruise" }
{ "timestamp":"2017-11-08T11:57:02Z", "event":"FuelScoop", "Scooped":3.836430, "Total":32.000000 }
{ "timestamp":"2017-11-08T11:57:05Z", "event":"Music", "MusicTrack":"SystemMap" }
{ "timestamp":"2017-11-08T11:57:11Z", "event":"Music", "MusicTrack":"Supercruise" }
{ "timestamp":"2017-11-08T11:58:55Z", "event":"Scan", "BodyName":"Stranaei FG-O d6-307 3", "DistanceFromArrivalLS":1812.192505, "TidalLock":false, "TerraformState":"Terraformable", "PlanetClass":"Water world", "Atmosphere":"thick ammonia atmosphere", "AtmosphereType":"Ammonia", "AtmosphereComposition":[ { "Name":"Ammonia", "Percent":74.137100 }, { "Name":"Nitrogen", "Percent":24.665184 }, { "Name":"Oxygen", "Percent":0.719796 } ], "Volcanism":"minor metallic magma volcanism", "MassEM":1.895562, "Radius":7327877.500000, "SurfaceGravity":14.069899, "SurfaceTemperature":377.955841, "SurfacePressure":1265186.500000, "Landable":false, "SemiMajorAxis":542279172096.000000, "Eccentricity":0.002487, "OrbitalInclination":-0.656020, "Periapsis":312.398010, "OrbitalPeriod":167062672.000000, "RotationPeriod":122138.953125, "AxialTilt":2.230441 }
{ "timestamp":"2017-11-08T11:59:02Z", "event":"Music", "MusicTrack":"SystemMap" }
{ "timestamp":"2017-11-08T11:59:08Z", "event":"Music", "MusicTrack":"Supercruise" }
{ "timestamp":"2017-11-08T11:59:26Z", "event":"StartJump", "JumpType":"Hyperspace", "StarSystem":"Stranaei FG-O d6-596", "StarClass":"G" }
{ "timestamp":"2017-11-08T11:59:31Z", "event":"Music", "MusicTrack":"NoTrack" }
{ "timestamp":"2017-11-08T11:59:44Z", "event":"FSDJump", "StarSystem":"Stranaei FG-O d6-596", "StarPos":[677.813,1548.875,18746.719], "SystemAllegiance":"", "SystemEconomy":"$economy_None;", "SystemEconomy_Localised":"None", "SystemGovernment":"$government_None;", "SystemGovernment_Localised":"None", "SystemSecurity":"$GAlAXY_MAP_INFO_state_anarchy;", "SystemSecurity_Localised":"Anarchy", "Population":0, "JumpDist":24.371, "FuelUsed":3.434405, "FuelLevel":28.565594 }
{ "timestamp":"2017-11-08T11:59:45Z", "event":"Music", "MusicTrack":"Supercruise" }
{ "timestamp":"2017-11-08T12:00:05Z", "event":"FuelScoop", "Scooped":3.434418, "Total":32.000000 }
{ "timestamp":"2017-11-08T12:00:05Z", "event":"Music", "MusicTrack":"SystemMap" }
{ "timestamp":"2017-11-08T12:01:13Z", "event":"Music", "MusicTrack":"Supercruise" }
{ "timestamp":"2017-11-08T12:01:29Z", "event":"StartJump", "JumpType":"Hyperspace", "StarSystem":"Stranaei FG-O d6-546", "StarClass":"F" }
{ "timestamp":"2017-11-08T12:01:34Z", "event":"Music", "MusicTrack":"NoTrack" }
{ "timestamp":"2017-11-08T12:01:47Z", "event":"FSDJump", "StarSystem":"Stranaei FG-O d6-546", "StarPos":[678.313,1574.656,18750.656], "SystemAllegiance":"", "SystemEconomy":"$economy_None;", "SystemEconomy_Localised":"None", "SystemGovernment":"$government_None;", "SystemGovernment_Localised":"None", "SystemSecurity":"$GAlAXY_MAP_INFO_state_anarchy;", "SystemSecurity_Localised":"Anarchy", "Population":0, "JumpDist":26.085, "FuelUsed":4.056124, "FuelLevel":27.943876 }
{ "timestamp":"2017-11-08T12:01:48Z", "event":"Music", "MusicTrack":"Supercruise" }
{ "timestamp":"2017-11-08T12:02:10Z", "event":"FuelScoop", "Scooped":4.056110, "Total":32.000000 }
{ "timestamp":"2017-11-08T12:02:12Z", "event":"Music", "MusicTrack":"SystemMap" }
{ "timestamp":"2017-11-08T12:02:20Z", "event":"Music", "MusicTrack":"Supercruise" }
{ "timestamp":"2017-11-08T12:02:22Z", "event":"Music", "MusicTrack":"SystemMap" }
{ "timestamp":"2017-11-08T12:02:30Z", "event":"Music", "MusicTrack":"Supercruise" }
{ "timestamp":"2017-11-08T12:02:48Z", "event":"StartJump", "JumpType":"Hyperspace", "StarSystem":"Stranaei DL-O d6-58", "StarClass":"A" }
{ "timestamp":"2017-11-08T12:02:54Z", "event":"Music", "MusicTrack":"NoTrack" }
{ "timestamp":"2017-11-08T12:03:07Z", "event":"FSDJump", "StarSystem":"Stranaei DL-O d6-58", "StarPos":[672.250,1587.375,18768.969], "SystemAllegiance":"", "SystemEconomy":"$economy_None;", "SystemEconomy_Localised":"None", "SystemGovernment":"$government_None;", "SystemGovernment_Localised":"None", "SystemSecurity":"$GAlAXY_MAP_INFO_state_anarchy;", "SystemSecurity_Localised":"Anarchy", "Population":0, "JumpDist":23.106, "FuelUsed":3.013464, "FuelLevel":28.986536 }
{ "timestamp":"2017-11-08T12:03:07Z", "event":"Music", "MusicTrack":"Supercruise" }
{ "timestamp":"2017-11-08T12:03:25Z", "event":"FuelScoop", "Scooped":3.013451, "Total":32.000000 }
{ "timestamp":"2017-11-08T12:03:34Z", "event":"Music", "MusicTrack":"SystemMap" }
{ "timestamp":"2017-11-08T12:03:40Z", "event":"Music", "MusicTrack":"Supercruise" }
{ "timestamp":"2017-11-08T12:03:47Z", "event":"Music", "MusicTrack":"SystemMap" }
{ "timestamp":"2017-11-08T12:03:50Z", "event":"Music", "MusicTrack":"Supercruise" }
{ "timestamp":"2017-11-08T12:03:52Z", "event":"Music", "MusicTrack":"SystemMap" }
{ "timestamp":"2017-11-08T12:03:54Z", "event":"Music", "MusicTrack":"Supercruise" }
{ "timestamp":"2017-11-08T12:03:55Z", "event":"Music", "MusicTrack":"SystemMap" }
{ "timestamp":"2017-11-08T12:03:58Z", "event":"Music", "MusicTrack":"Supercruise" }
{ "timestamp":"2017-11-08T12:05:27Z", "event":"Scan", "BodyName":"Stranaei DL-O d6-58 3", "DistanceFromArrivalLS":1969.300415, "TidalLock":false, "TerraformState":"", "PlanetClass":"Water world", "Atmosphere":"thick ammonia atmosphere", "AtmosphereType":"Ammonia", "AtmosphereComposition":[ { "Name":"Ammonia", "Percent":72.277550 }, { "Name":"Nitrogen", "Percent":24.420641 }, { "Name":"Oxygen", "Percent":1.682993 } ], "Volcanism":"minor metallic magma volcanism", "MassEM":2.034944, "Radius":7494480.500000, "SurfaceGravity":14.440387, "SurfaceTemperature":434.304626, "SurfacePressure":1381541.750000, "Landable":false, "SemiMajorAxis":809398592.000000, "Eccentricity":0.165527, "OrbitalInclination":0.091841, "Periapsis":46.799194, "OrbitalPeriod":12831442.000000, "RotationPeriod":79526.679688, "AxialTilt":0.454180 }
{ "timestamp":"2017-11-08T12:05:44Z", "event":"Scan", "BodyName":"Stranaei DL-O d6-58 4", "DistanceFromArrivalLS":1967.767822, "TidalLock":false, "TerraformState":"", "PlanetClass":"Water world", "Atmosphere":"thick ammonia atmosphere", "AtmosphereType":"Ammonia", "AtmosphereComposition":[ { "Name":"Ammonia", "Percent":73.286507 }, { "Name":"Nitrogen", "Percent":22.867739 }, { "Name":"Oxygen", "Percent":2.239109 } ], "Volcanism":"minor metallic magma volcanism", "MassEM":1.621755, "Radius":7018883.500000, "SurfaceGravity":13.120749, "SurfaceTemperature":424.434265, "SurfacePressure":1124872.000000, "Landable":false, "SemiMajorAxis":1015616320.000000, "Eccentricity":0.165527, "OrbitalInclination":0.091841, "Periapsis":226.799179, "OrbitalPeriod":12831442.000000, "RotationPeriod":246813.062500, "AxialTilt":-0.426602 }
{ "timestamp":"2017-11-08T12:06:05Z", "event":"Friends", "Status":"Online", "Name":"Mitsumete Knight" }
{ "timestamp":"2017-11-08T12:07:57Z", "event":"Music", "MusicTrack":"SystemMap" }
{ "timestamp":"2017-11-08T12:07:59Z", "event":"Music", "MusicTrack":"Supercruise" }
{ "timestamp":"2017-11-08T12:08:18Z", "event":"StartJump", "JumpType":"Hyperspace", "StarSystem":"Stranaei OI-Z c14-0", "StarClass":"M" }
{ "timestamp":"2017-11-08T12:08:23Z", "event":"Music", "MusicTrack":"NoTrack" }
{ "timestamp":"2017-11-08T12:08:37Z", "event":"FSDJump", "StarSystem":"Stranaei OI-Z c14-0", "StarPos":[665.188,1609.063,18781.406], "SystemAllegiance":"", "SystemEconomy":"$economy_None;", "SystemEconomy_Localised":"None", "SystemGovernment":"$government_None;", "SystemGovernment_Localised":"None", "SystemSecurity":"$GAlAXY_MAP_INFO_state_anarchy;", "SystemSecurity_Localised":"Anarchy", "Population":0, "JumpDist":25.979, "FuelUsed":4.016304, "FuelLevel":27.983696 }
{ "timestamp":"2017-11-08T12:08:37Z", "event":"Music", "MusicTrack":"Supercruise" }
{ "timestamp":"2017-11-08T12:08:56Z", "event":"Music", "MusicTrack":"SystemMap" }
{ "timestamp":"2017-11-08T12:08:57Z", "event":"FuelScoop", "Scooped":2.755151, "Total":30.738829 }
{ "timestamp":"2017-11-08T12:09:04Z", "event":"Music", "MusicTrack":"Supercruise" }
{ "timestamp":"2017-11-08T12:09:47Z", "event":"Scan", "BodyName":"Stranaei OI-Z c14-0 6", "DistanceFromArrivalLS":125.223457, "TidalLock":true, "TerraformState":"Terraformable", "PlanetClass":"Water world", "Atmosphere":"nitrogen atmosphere", "AtmosphereType":"Nitrogen", "AtmosphereComposition":[ { "Name":"Nitrogen", "Percent":76.510101 }, { "Name":"Oxygen", "Percent":20.849836 }, { "Name":"Water", "Percent":2.612845 } ], "Volcanism":"", "MassEM":0.432466, "Radius":4720392.500000, "SurfaceGravity":7.735798, "SurfaceTemperature":348.601868, "SurfacePressure":76797.914063, "Landable":false, "SemiMajorAxis":83640728.000000, "Eccentricity":0.105077, "OrbitalInclination":4.762507, "Periapsis":164.777863, "OrbitalPeriod":468778.500000, "RotationPeriod":597160.125000, "AxialTilt":0.007520 }
{ "timestamp":"2017-11-08T12:10:02Z", "event":"Scan", "BodyName":"Stranaei OI-Z c14-0 5", "DistanceFromArrivalLS":125.440346, "TidalLock":false, "TerraformState":"Terraformable", "PlanetClass":"High metal content body", "Atmosphere":"hot thick carbon dioxide atmosphere", "AtmosphereType":"CarbonDioxide", "AtmosphereComposition":[ { "Name":"CarbonDioxide", "Percent":99.001770 }, { "Name":"SulphurDioxide", "Percent":0.990122 } ], "Volcanism":"", "MassEM":0.694467, "Radius":5455506.500000, "SurfaceGravity":9.300174, "SurfaceTemperature":717.217041, "SurfacePressure":12558104.000000, "Landable":false, "SemiMajorAxis":52085616.000000, "Eccentricity":0.105077, "OrbitalInclination":4.762507, "Periapsis":344.777863, "OrbitalPeriod":468778.500000, "RotationPeriod":504486.375000, "AxialTilt":0.225745 }
{ "timestamp":"2017-11-08T12:10:16Z", "event":"Music", "MusicTrack":"SystemMap" }
{ "timestamp":"2017-11-08T12:10:20Z", "event":"Music", "MusicTrack":"Supercruise" }
{ "timestamp":"2017-11-08T12:10:39Z", "event":"StartJump", "JumpType":"Hyperspace", "StarSystem":"Stranaei GR-M d7-164", "StarClass":"A" }
{ "timestamp":"2017-11-08T12:10:44Z", "event":"Music", "MusicTrack":"NoTrack" }
{ "timestamp":"2017-11-08T12:10:58Z", "event":"FSDJump", "StarSystem":"Stranaei GR-M d7-164", "StarPos":[652.125,1627.656,18793.094], "SystemAllegiance":"", "SystemEconomy":"$economy_None;", "SystemEconomy_Localised":"None", "SystemGovernment":"$government_None;", "SystemGovernment_Localised":"None", "SystemSecurity":"$GAlAXY_MAP_INFO_state_anarchy;", "SystemSecurity_Localised":"Anarchy", "Population":0, "JumpDist":25.553, "FuelUsed":3.826215, "FuelLevel":26.912613 }
{ "timestamp":"2017-11-08T12:10:58Z", "event":"Music", "MusicTrack":"Supercruise" }
{ "timestamp":"2017-11-08T12:11:23Z", "event":"FuelScoop", "Scooped":5.003277, "Total":31.915892 }
{ "timestamp":"2017-11-08T12:11:23Z", "event":"FuelScoop", "Scooped":0.084109, "Total":32.000000 }
{ "timestamp":"2017-11-08T12:11:27Z", "event":"Music", "MusicTrack":"SystemMap" }
{ "timestamp":"2017-11-08T12:11:29Z", "event":"Music", "MusicTrack":"Supercruise" }
{ "timestamp":"2017-11-08T12:11:56Z", "event":"StartJump", "JumpType":"Hyperspace", "StarSystem":"Stranaei GR-M d7-261", "StarClass":"F" }
{ "timestamp":"2017-11-08T12:12:01Z", "event":"Music", "MusicTrack":"NoTrack" }
{ "timestamp":"2017-11-08T12:12:15Z", "event":"FSDJump", "StarSystem":"Stranaei GR-M d7-261", "StarPos":[651.188,1648.344,18806.438], "SystemAllegiance":"", "SystemEconomy":"$economy_None;", "SystemEconomy_Localised":"None", "SystemGovernment":"$government_None;", "SystemGovernment_Localised":"None", "SystemSecurity":"$GAlAXY_MAP_INFO_state_anarchy;", "SystemSecurity_Localised":"Anarchy", "Population":0, "JumpDist":24.635, "FuelUsed":3.514844, "FuelLevel":27.965155 }
{ "timestamp":"2017-11-08T12:12:15Z", "event":"Music", "MusicTrack":"Supercruise" }
{ "timestamp":"2017-11-08T12:12:36Z", "event":"FuelScoop", "Scooped":4.034842, "Total":32.000000 }
{ "timestamp":"2017-11-08T12:12:38Z", "event":"Music", "MusicTrack":"SystemMap" }
{ "timestamp":"2017-11-08T12:12:45Z", "event":"Music", "MusicTrack":"Supercruise" }
{ "timestamp":"2017-11-08T12:12:51Z", "event":"Music", "MusicTrack":"GalaxyMap" }
{ "timestamp":"2017-11-08T12:12:55Z", "event":"Music", "MusicTrack":"Supercruise" }
{ "timestamp":"2017-11-08T12:13:11Z", "event":"StartJump", "JumpType":"Hyperspace", "StarSystem":"Stranaei EW-M d7-255", "StarClass":"F" }
{ "timestamp":"2017-11-08T12:13:16Z", "event":"Music", "MusicTrack":"NoTrack" }
{ "timestamp":"2017-11-08T12:13:30Z", "event":"FSDJump", "StarSystem":"Stranaei EW-M d7-255", "StarPos":[645.688,1667.625,18821.875], "SystemAllegiance":"", "SystemEconomy":"$economy_None;", "SystemEconomy_Localised":"None", "SystemGovernment":"$government_None;", "SystemGovernment_Localised":"None", "SystemSecurity":"$GAlAXY_MAP_INFO_state_anarchy;", "SystemSecurity_Localised":"Anarchy", "Population":0, "JumpDist":25.305, "FuelUsed":3.765330, "FuelLevel":28.234669 }
{ "timestamp":"2017-11-08T12:13:30Z", "event":"Music", "MusicTrack":"Supercruise" }
{ "timestamp":"2017-11-08T12:13:51Z", "event":"FuelScoop", "Scooped":3.765333, "Total":32.000000 }
{ "timestamp":"2017-11-08T12:13:54Z", "event":"Music", "MusicTrack":"SystemMap" }
{ "timestamp":"2017-11-08T12:13:59Z", "event":"Music", "MusicTrack":"Supercruise" }
{ "timestamp":"2017-11-08T12:15:35Z", "event":"Scan", "BodyName":"Stranaei EW-M d7-255 3", "DistanceFromArrivalLS":731.909973, "TidalLock":false, "TerraformState":"Terraformable", "PlanetClass":"Water world", "Atmosphere":"ammonia rich atmosphere", "AtmosphereType":"AmmoniaRich", "AtmosphereComposition":[ { "Name":"Nitrogen", "Percent":57.678921 }, { "Name":"Ammonia", "Percent":25.856888 }, { "Name":"Oxygen", "Percent":15.173090 } ], "Volcanism":"", "MassEM":0.542422, "Radius":5048672.500000, "SurfaceGravity":8.481880, "SurfaceTemperature":339.432800, "SurfacePressure":138093.812500, "Landable":false, "SemiMajorAxis":219424669696.000000, "Eccentricity":0.000017, "OrbitalInclination":0.042184, "Periapsis":230.738586, "OrbitalPeriod":53886292.000000, "RotationPeriod":41827.433594, "AxialTilt":0.406681 }
{ "timestamp":"2017-11-08T12:15:43Z", "event":"Music", "MusicTrack":"SystemMap" }
{ "timestamp":"2017-11-08T12:15:44Z", "event":"Music", "MusicTrack":"Supercruise" }
{ "timestamp":"2017-11-08T12:15:46Z", "event":"Music", "MusicTrack":"GalaxyMap" }
{ "timestamp":"2017-11-08T12:16:23Z", "event":"Music", "MusicTrack":"Supercruise" }
{ "timestamp":"2017-11-08T12:16:41Z", "event":"StartJump", "JumpType":"Hyperspace", "StarSystem":"Stranaei EW-M d7-273", "StarClass":"A" }
{ "timestamp":"2017-11-08T12:16:46Z", "event":"Music", "MusicTrack":"NoTrack" }
{ "timestamp":"2017-11-08T12:17:00Z", "event":"FSDJump", "StarSystem":"Stranaei EW-M d7-273", "StarPos":[641.063,1687.563,18838.125], "SystemAllegiance":"", "SystemEconomy":"$economy_None;", "SystemEconomy_Localised":"None", "SystemGovernment":"$government_None;", "SystemGovernment_Localised":"None", "SystemSecurity":"$GAlAXY_MAP_INFO_state_anarchy;", "SystemSecurity_Localised":"Anarchy", "Population":0, "JumpDist":26.133, "FuelUsed":4.074710, "FuelLevel":27.925289 }
{ "timestamp":"2017-11-08T12:17:00Z", "event":"Music", "MusicTrack":"Supercruise" }
{ "timestamp":"2017-11-08T12:17:24Z", "event":"Scan", "BodyName":"Stranaei EW-M d7-273 A", "DistanceFromArrivalLS":0.000000, "StarType":"A", "StellarMass":1.753906, "Radius":1018352960.000000, "AbsoluteMagnitude":2.326004, "Age_MY":1284, "SurfaceTemperature":8498.000000, "Luminosity":"Vab", "SemiMajorAxis":5707311616.000000, "Eccentricity":0.308629, "OrbitalInclination":71.143654, "Periapsis":149.922287, "OrbitalPeriod":355894.843750, "RotationPeriod":51877.894531, "AxialTilt":0.000000 }
{ "timestamp":"2017-11-08T12:17:34Z", "event":"Music", "MusicTrack":"SystemMap" }
{ "timestamp":"2017-11-08T12:17:38Z", "event":"Music", "MusicTrack":"Supercruise" }
{ "timestamp":"2017-11-08T12:17:48Z", "event":"Scan", "BodyName":"Stranaei EW-M d7-273 B", "DistanceFromArrivalLS":47.727402, "StarType":"A", "StellarMass":1.750000, "Radius":1034590144.000000, "AbsoluteMagnitude":2.804901, "Age_MY":1284, "SurfaceTemperature":7551.000000, "Luminosity":"Vab", "SemiMajorAxis":5720053760.000000, "Eccentricity":0.308629, "OrbitalInclination":71.143654, "Periapsis":329.922302, "OrbitalPeriod":355894.843750, "RotationPeriod":59527.167969, "AxialTilt":0.000000 }
{ "timestamp":"2017-11-08T12:18:10Z", "event":"FuelScoop", "Scooped":4.074691, "Total":32.000000 }
{ "timestamp":"2017-11-08T12:18:16Z", "event":"Music", "MusicTrack":"SystemMap" }
{ "timestamp":"2017-11-08T12:18:17Z", "event":"Music", "MusicTrack":"Supercruise" }
{ "timestamp":"2017-11-08T12:18:39Z", "event":"StartJump", "JumpType":"Hyperspace", "StarSystem":"Stranaei IC-L d8-381", "StarClass":"F" }
{ "timestamp":"2017-11-08T12:18:44Z", "event":"Music", "MusicTrack":"NoTrack" }
{ "timestamp":"2017-11-08T12:18:58Z", "event":"FSDJump", "StarSystem":"Stranaei IC-L d8-381", "StarPos":[646.313,1700.188,18855.656], "SystemAllegiance":"", "SystemEconomy":"$economy_None;", "SystemEconomy_Localised":"None", "SystemGovernment":"$government_None;", "SystemGovernment_Localised":"None", "SystemSecurity":"$GAlAXY_MAP_INFO_state_anarchy;", "SystemSecurity_Localised":"Anarchy", "Population":0, "JumpDist":22.233, "FuelUsed":2.742237, "FuelLevel":29.257763 }
{ "timestamp":"2017-11-08T12:18:58Z", "event":"Music", "MusicTrack":"Supercruise" }
{ "timestamp":"2017-11-08T12:19:15Z", "event":"FuelScoop", "Scooped":2.742241, "Total":32.000000 }
{ "timestamp":"2017-11-08T12:19:24Z", "event":"Music", "MusicTrack":"SystemMap" }
{ "timestamp":"2017-11-08T12:19:28Z", "event":"Music", "MusicTrack":"Supercruise" }
{ "timestamp":"2017-11-08T12:19:53Z", "event":"StartJump", "JumpType":"Hyperspace", "StarSystem":"Stranaei IC-L d8-234", "StarClass":"F" }
{ "timestamp":"2017-11-08T12:19:58Z", "event":"Music", "MusicTrack":"NoTrack" }
{ "timestamp":"2017-11-08T12:20:11Z", "event":"FSDJump", "StarSystem":"Stranaei IC-L d8-234", "StarPos":[644.594,1720.719,18866.594], "SystemAllegiance":"", "SystemEconomy":"$economy_None;", "SystemEconomy_Localised":"None", "SystemGovernment":"$government_None;", "SystemGovernment_Localised":"None", "SystemSecurity":"$GAlAXY_MAP_INFO_state_anarchy;", "SystemSecurity_Localised":"Anarchy", "Population":0, "JumpDist":23.326, "FuelUsed":3.084552, "FuelLevel":28.915449 }
{ "timestamp":"2017-11-08T12:20:11Z", "event":"Music", "MusicTrack":"Supercruise" }
{ "timestamp":"2017-11-08T12:20:30Z", "event":"FuelScoop", "Scooped":3.084562, "Total":32.000000 }
{ "timestamp":"2017-11-08T12:20:37Z", "event":"Music", "MusicTrack":"SystemMap" }
{ "timestamp":"2017-11-08T12:20:43Z", "event":"Music", "MusicTrack":"Supercruise" }
{ "timestamp":"2017-11-08T12:22:19Z", "event":"Scan", "BodyName":"Stranaei IC-L d8-234 3", "DistanceFromArrivalLS":1182.156982, "TidalLock":false, "TerraformState":"Terraformable", "PlanetClass":"Water world", "Atmosphere":"water rich atmosphere", "AtmosphereType":"WaterRich", "AtmosphereComposition":[ { "Name":"Nitrogen", "Percent":79.916359 }, { "Name":"Water", "Percent":14.263373 }, { "Name":"Oxygen", "Percent":5.783651 } ], "Volcanism":"", "MassEM":0.569846, "Radius":5125752.500000, "SurfaceGravity":8.644732, "SurfaceTemperature":413.798767, "SurfacePressure":149591.921875, "Landable":false, "SemiMajorAxis":401078816.000000, "Eccentricity":0.065246, "OrbitalInclination":-5.364258, "Periapsis":270.717255, "OrbitalPeriod":10867310.000000, "RotationPeriod":348222.750000, "AxialTilt":-1.600014 }
{ "timestamp":"2017-11-08T12:22:22Z", "event":"Music", "MusicTrack":"SystemMap" }
{ "timestamp":"2017-11-08T12:22:27Z", "event":"Music", "MusicTrack":"Supercruise" }
{ "timestamp":"2017-11-08T12:22:35Z", "event":"Scan", "BodyName":"Stranaei IC-L d8-234 4", "DistanceFromArrivalLS":1180.179321, "TidalLock":false, "TerraformState":"Terraformable", "PlanetClass":"Water world", "Atmosphere":"nitrogen atmosphere", "AtmosphereType":"Nitrogen", "AtmosphereComposition":[ { "Name":"Nitrogen", "Percent":69.848755 }, { "Name":"Oxygen", "Percent":15.136510 }, { "Name":"Water", "Percent":14.997583 } ], "Volcanism":"", "MassEM":0.360447, "Radius":4463460.500000, "SurfaceGravity":7.211207, "SurfaceTemperature":400.871490, "SurfacePressure":106113.773438, "Landable":false, "SemiMajorAxis":634081792.000000, "Eccentricity":0.065246, "OrbitalInclination":-5.364258, "Periapsis":90.717239, "OrbitalPeriod":10867310.000000, "RotationPeriod":599615.125000, "AxialTilt":0.104132 }
{ "timestamp":"2017-11-08T12:22:35Z", "event":"Music", "MusicTrack":"SystemMap" }
{ "timestamp":"2017-11-08T12:22:38Z", "event":"Music", "MusicTrack":"Supercruise" }
{ "timestamp":"2017-11-08T12:34:04Z", "event":"StartJump", "JumpType":"Hyperspace", "StarSystem":"Stranaei GH-L d8-305", "StarClass":"G" }
{ "timestamp":"2017-11-08T12:34:09Z", "event":"Music", "MusicTrack":"NoTrack" }
{ "timestamp":"2017-11-08T12:34:22Z", "event":"FSDJump", "StarSystem":"Stranaei GH-L d8-305", "StarPos":[640.563,1742.844,18879.750], "SystemAllegiance":"", "SystemEconomy":"$economy_None;", "SystemEconomy_Localised":"None", "SystemGovernment":"$government_None;", "SystemGovernment_Localised":"None", "SystemSecurity":"$GAlAXY_MAP_INFO_state_anarchy;", "SystemSecurity_Localised":"Anarchy", "Population":0, "JumpDist":26.055, "FuelUsed":4.031872, "FuelLevel":27.448128 }
{ "timestamp":"2017-11-08T12:34:23Z", "event":"Music", "MusicTrack":"Supercruise" }
{ "timestamp":"2017-11-08T12:34:46Z", "event":"FuelScoop", "Scooped":4.551902, "Total":32.000000 }
{ "timestamp":"2017-11-08T12:37:32Z", "event":"StartJump", "JumpType":"Hyperspace", "StarSystem":"Stranaei GH-L d8-428", "StarClass":"F" }
{ "timestamp":"2017-11-08T12:37:37Z", "event":"Music", "MusicTrack":"NoTrack" }
{ "timestamp":"2017-11-08T12:37:51Z", "event":"FSDJump", "StarSystem":"Stranaei GH-L d8-428", "StarPos":[648.500,1754.344,18901.406], "SystemAllegiance":"", "SystemEconomy":"$economy_None;", "SystemEconomy_Localised":"None", "SystemGovernment":"$government_None;", "SystemGovernment_Localised":"None", "SystemSecurity":"$GAlAXY_MAP_INFO_state_anarchy;", "SystemSecurity_Localised":"Anarchy", "Population":0, "JumpDist":25.773, "FuelUsed":3.938580, "FuelLevel":28.061420 }
{ "timestamp":"2017-11-08T12:37:51Z", "event":"Music", "MusicTrack":"Supercruise" }
{ "timestamp":"2017-11-08T12:38:12Z", "event":"FuelScoop", "Scooped":3.938563, "Total":32.000000 }
{ "timestamp":"2017-11-08T12:38:16Z", "event":"Music", "MusicTrack":"SystemMap" }
{ "timestamp":"2017-11-08T12:38:24Z", "event":"Music", "MusicTrack":"Supercruise" }
{ "timestamp":"2017-11-08T12:39:27Z", "event":"Music", "MusicTrack":"SystemMap" }
{ "timestamp":"2017-11-08T12:39:29Z", "event":"Music", "MusicTrack":"Supercruise" }
{ "timestamp":"2017-11-08T12:39:47Z", "event":"StartJump", "JumpType":"Hyperspace", "StarSystem":"Stranaei GH-L d8-150", "StarClass":"F" }
{ "timestamp":"2017-11-08T12:39:52Z", "event":"Music", "MusicTrack":"NoTrack" }
{ "timestamp":"2017-11-08T12:40:05Z", "event":"FSDJump", "StarSystem":"Stranaei GH-L d8-150", "StarPos":[653.313,1779.031,18906.781], "SystemAllegiance":"", "SystemEconomy":"$economy_None;", "SystemEconomy_Localised":"None", "SystemGovernment":"$government_None;", "SystemGovernment_Localised":"None", "SystemSecurity":"$GAlAXY_MAP_INFO_state_anarchy;", "SystemSecurity_Localised":"Anarchy", "Population":0, "JumpDist":25.720, "FuelUsed":3.918734, "FuelLevel":28.081266 }
{ "timestamp":"2017-11-08T12:40:05Z", "event":"Music", "MusicTrack":"Supercruise" }
{ "timestamp":"2017-11-08T12:40:27Z", "event":"FuelScoop", "Scooped":3.918746, "Total":32.000000 }
{ "timestamp":"2017-11-08T12:40:36Z", "event":"Music", "MusicTrack":"SystemMap" }
{ "timestamp":"2017-11-08T12:40:40Z", "event":"Music", "MusicTrack":"Supercruise" }
{ "timestamp":"2017-11-08T12:40:56Z", "event":"StartJump", "JumpType":"Hyperspace", "StarSystem":"Stranaei GH-L d8-271", "StarClass":"F" }
{ "timestamp":"2017-11-08T12:41:01Z", "event":"Music", "MusicTrack":"NoTrack" }
{ "timestamp":"2017-11-08T12:41:14Z", "event":"FSDJump", "StarSystem":"Stranaei GH-L d8-271", "StarPos":[653.500,1798.063,18924.594], "SystemAllegiance":"", "SystemEconomy":"$economy_None;", "SystemEconomy_Localised":"None", "SystemGovernment":"$government_None;", "SystemGovernment_Localised":"None", "SystemSecurity":"$GAlAXY_MAP_INFO_state_anarchy;", "SystemSecurity_Localised":"Anarchy", "Population":0, "JumpDist":26.067, "FuelUsed":4.049453, "FuelLevel":27.950546 }
{ "timestamp":"2017-11-08T12:41:15Z", "event":"Music", "MusicTrack":"Supercruise" }
{ "timestamp":"2017-11-08T12:41:37Z", "event":"FuelScoop", "Scooped":4.049442, "Total":32.000000 }
{ "timestamp":"2017-11-08T12:41:43Z", "event":"Music", "MusicTrack":"SystemMap" }
{ "timestamp":"2017-11-08T12:41:44Z", "event":"Music", "MusicTrack":"Supercruise" }
{ "timestamp":"2017-11-08T12:41:46Z", "event":"Music", "MusicTrack":"GalaxyMap" }
{ "timestamp":"2017-11-08T12:41:55Z", "event":"Music", "MusicTrack":"Supercruise" }
{ "timestamp":"2017-11-08T12:42:24Z", "event":"StartJump", "JumpType":"Hyperspace", "StarSystem":"Stranaei KN-J d9-223", "StarClass":"A" }
{ "timestamp":"2017-11-08T12:42:29Z", "event":"Music", "MusicTrack":"NoTrack" }
{ "timestamp":"2017-11-08T12:42:43Z", "event":"FSDJump", "StarSystem":"Stranaei KN-J d9-223", "StarPos":[647.188,1807.219,18948.250], "SystemAllegiance":"", "SystemEconomy":"$economy_None;", "SystemEconomy_Localised":"None", "SystemGovernment":"$government_None;", "SystemGovernment_Localised":"None", "SystemSecurity":"$GAlAXY_MAP_INFO_state_anarchy;", "SystemSecurity_Localised":"Anarchy", "Population":0, "JumpDist":26.140, "FuelUsed":4.077496, "FuelLevel":27.922504 }
{ "timestamp":"2017-11-08T12:42:43Z", "event":"Music", "MusicTrack":"Supercruise" }
{ "timestamp":"2017-11-08T12:43:05Z", "event":"FuelScoop", "Scooped":4.077500, "Total":32.000000 }
{ "timestamp":"2017-11-08T12:43:18Z", "event":"Music", "MusicTrack":"SystemMap" }
{ "timestamp":"2017-11-08T12:43:25Z", "event":"Music", "MusicTrack":"Supercruise" }
{ "timestamp":"2017-11-08T12:43:41Z", "event":"StartJump", "JumpType":"Hyperspace", "StarSystem":"Stranaei IS-J d9-114", "StarClass":"A" }
{ "timestamp":"2017-11-08T12:43:46Z", "event":"Music", "MusicTrack":"NoTrack" }
{ "timestamp":"2017-11-08T12:43:59Z", "event":"FSDJump", "StarSystem":"Stranaei IS-J d9-114", "StarPos":[641.000,1827.281,18962.813], "SystemAllegiance":"", "SystemEconomy":"$economy_None;", "SystemEconomy_Localised":"None", "SystemGovernment":"$government_None;", "SystemGovernment_Localised":"None", "SystemSecurity":"$GAlAXY_MAP_INFO_state_anarchy;", "SystemSecurity_Localised":"Anarchy", "Population":0, "JumpDist":25.551, "FuelUsed":3.855881, "FuelLevel":28.144119 }
{ "timestamp":"2017-11-08T12:43:59Z", "event":"Music", "MusicTrack":"Supercruise" }
{ "timestamp":"2017-11-08T12:44:21Z", "event":"FuelScoop", "Scooped":3.855855, "Total":32.000000 }
{ "timestamp":"2017-11-08T12:44:25Z", "event":"Music", "MusicTrack":"SystemMap" }
{ "timestamp":"2017-11-08T12:44:30Z", "event":"Music", "MusicTrack":"Supercruise" }
{ "timestamp":"2017-11-08T12:46:24Z", "event":"StartJump", "JumpType":"Hyperspace", "StarSystem":"Stranaei IS-J d9-118", "StarClass":"F" }
{ "timestamp":"2017-11-08T12:46:29Z", "event":"Music", "MusicTrack":"NoTrack" }
{ "timestamp":"2017-11-08T12:46:43Z", "event":"FSDJump", "StarSystem":"Stranaei IS-J d9-118", "StarPos":[646.906,1840.469,18984.438], "SystemAllegiance":"", "SystemEconomy":"$economy_None;", "SystemEconomy_Localised":"None", "SystemGovernment":"$government_None;", "SystemGovernment_Localised":"None", "SystemSecurity":"$GAlAXY_MAP_INFO_state_anarchy;", "SystemSecurity_Localised":"Anarchy", "Population":0, "JumpDist":26.008, "FuelUsed":4.027238, "FuelLevel":27.972763 }
{ "timestamp":"2017-11-08T12:46:43Z", "event":"Music", "MusicTrack":"Supercruise" }
{ "timestamp":"2017-11-08T12:47:06Z", "event":"FuelScoop", "Scooped":4.027227, "Total":32.000000 }
{ "timestamp":"2017-11-08T12:47:08Z", "event":"Music", "MusicTrack":"SystemMap" }
{ "timestamp":"2017-11-08T12:47:12Z", "event":"Music", "MusicTrack":"Supercruise" }
{ "timestamp":"2017-11-08T12:47:15Z", "event":"Music", "MusicTrack":"SystemMap" }
{ "timestamp":"2017-11-08T12:47:17Z", "event":"Music", "MusicTrack":"Supercruise" }
{ "timestamp":"2017-11-08T12:47:33Z", "event":"StartJump", "JumpType":"Hyperspace", "StarSystem":"Stranaei JS-J d9-159", "StarClass":"F" }
{ "timestamp":"2017-11-08T12:47:39Z", "event":"Music", "MusicTrack":"NoTrack" }
{ "timestamp":"2017-11-08T12:47:52Z", "event":"FSDJump", "StarSystem":"Stranaei JS-J d9-159", "StarPos":[656.344,1858.906,18999.594], "SystemAllegiance":"", "SystemEconomy":"$economy_None;", "SystemEconomy_Localised":"None", "SystemGovernment":"$government_None;", "SystemGovernment_Localised":"None", "SystemSecurity":"$GAlAXY_MAP_INFO_state_anarchy;", "SystemSecurity_Localised":"Anarchy", "Population":0, "JumpDist":25.666, "FuelUsed":3.898265, "FuelLevel":28.101736 }
{ "timestamp":"2017-11-08T12:47:52Z", "event":"Music", "MusicTrack":"Supercruise" }
{ "timestamp":"2017-11-08T12:48:21Z", "event":"FuelScoop", "Scooped":3.898281, "Total":32.000000 }
{ "timestamp":"2017-11-08T12:48:27Z", "event":"Music", "MusicTrack":"SystemMap" }
{ "timestamp":"2017-11-08T12:48:29Z", "event":"Music", "MusicTrack":"Supercruise" }
{ "timestamp":"2017-11-08T12:48:45Z", "event":"StartJump", "JumpType":"Hyperspace", "StarSystem":"Stranaei UV-R c19-17", "StarClass":"K" }
{ "timestamp":"2017-11-08T12:48:50Z", "event":"Music", "MusicTrack":"NoTrack" }
{ "timestamp":"2017-11-08T12:49:04Z", "event":"FSDJump", "StarSystem":"Stranaei UV-R c19-17", "StarPos":[657.344,1881.281,19008.156], "SystemAllegiance":"", "SystemEconomy":"$economy_None;", "SystemEconomy_Localised":"None", "SystemGovernment":"$government_None;", "SystemGovernment_Localised":"None", "SystemSecurity":"$GAlAXY_MAP_INFO_state_anarchy;", "SystemSecurity_Localised":"Anarchy", "Population":0, "JumpDist":23.978, "FuelUsed":3.300223, "FuelLevel":28.699778 }
{ "timestamp":"2017-11-08T12:49:04Z", "event":"Music", "MusicTrack":"Supercruise" }
{ "timestamp":"2017-11-08T12:49:19Z", "event":"Music", "MusicTrack":"SystemMap" }
{ "timestamp":"2017-11-08T12:49:23Z", "event":"FuelScoop", "Scooped":2.604141, "Total":31.303892 }
{ "timestamp":"2017-11-08T12:49:25Z", "event":"Music", "MusicTrack":"Supercruise" }
{ "timestamp":"2017-11-08T12:50:24Z", "event":"Scan", "BodyName":"Stranaei UV-R c19-17 3", "DistanceFromArrivalLS":258.085846, "TidalLock":true, "TerraformState":"", "PlanetClass":"Water world", "Atmosphere":"ammonia atmosphere", "AtmosphereType":"Ammonia", "AtmosphereComposition":[ { "Name":"Ammonia", "Percent":51.068222 }, { "Name":"Nitrogen", "Percent":42.332718 }, { "Name":"Oxygen", "Percent":6.436481 } ], "Volcanism":"", "MassEM":0.626114, "Radius":5281273.500000, "SurfaceGravity":8.947162, "SurfaceTemperature":262.605377, "SurfacePressure":254703.578125, "Landable":false, "SemiMajorAxis":77358809088.000000, "Eccentricity":0.000234, "OrbitalInclination":-0.015671, "Periapsis":185.170929, "OrbitalPeriod":16790746.000000, "RotationPeriod":16792232.000000, "AxialTilt":0.499478 }
{ "timestamp":"2017-11-08T12:50:41Z", "event":"Music", "MusicTrack":"SystemMap" }
{ "timestamp":"2017-11-08T12:50:44Z", "event":"Music", "MusicTrack":"Supercruise" }
{ "timestamp":"2017-11-08T12:52:04Z", "event":"Scan", "BodyName":"Stranaei UV-R c19-17 4", "DistanceFromArrivalLS":437.502228, "TidalLock":false, "TerraformState":"", "PlanetClass":"Water world", "Atmosphere":"thick carbon dioxide atmosphere", "AtmosphereType":"CarbonDioxide", "AtmosphereComposition":[ { "Name":"CarbonDioxide", "Percent":72.865074 }, { "Name":"Nitrogen", "Percent":24.072294 }, { "Name":"Oxygen", "Percent":2.989256 } ], "Volcanism":"", "MassEM":0.786385, "Radius":5658548.000000, "SurfaceGravity":9.788920, "SurfaceTemperature":293.287903, "SurfacePressure":601405.875000, "Landable":false, "SemiMajorAxis":131102973952.000000, "Eccentricity":0.000693, "OrbitalInclination":-0.000331, "Periapsis":219.154633, "OrbitalPeriod":37044532.000000, "RotationPeriod":183787.453125, "AxialTilt":0.462211 }
{ "timestamp":"2017-11-08T12:52:26Z", "event":"StartJump", "JumpType":"Hyperspace", "StarSystem":"Stranaei LD-I d10-241", "StarClass":"F" }
{ "timestamp":"2017-11-08T12:52:32Z", "event":"Music", "MusicTrack":"NoTrack" }
{ "timestamp":"2017-11-08T12:52:45Z", "event":"FSDJump", "StarSystem":"Stranaei LD-I d10-241", "StarPos":[664.188,1898.563,19025.719], "SystemAllegiance":"", "SystemEconomy":"$economy_None;", "SystemEconomy_Localised":"None", "SystemGovernment":"$government_None;", "SystemGovernment_Localised":"None", "SystemSecurity":"$GAlAXY_MAP_INFO_state_anarchy;", "SystemSecurity_Localised":"Anarchy", "Population":0, "JumpDist":25.572, "FuelUsed":3.846927, "FuelLevel":27.456966 }
{ "timestamp":"2017-11-08T12:52:45Z", "event":"Music", "MusicTrack":"Supercruise" }
{ "timestamp":"2017-11-08T12:53:09Z", "event":"FuelScoop", "Scooped":4.543029, "Total":32.000000 }
{ "timestamp":"2017-11-08T12:53:18Z", "event":"Music", "MusicTrack":"SystemMap" }
{ "timestamp":"2017-11-08T12:53:20Z", "event":"Music", "MusicTrack":"Supercruise" }
{ "timestamp":"2017-11-08T12:53:39Z", "event":"StartJump", "JumpType":"Hyperspace", "StarSystem":"Stranaei LD-I d10-30", "StarClass":"F" }
{ "timestamp":"2017-11-08T12:53:44Z", "event":"Music", "MusicTrack":"NoTrack" }
{ "timestamp":"2017-11-08T12:53:58Z", "event":"FSDJump", "StarSystem":"Stranaei LD-I d10-30", "StarPos":[670.625,1921.219,19037.063], "SystemAllegiance":"", "SystemEconomy":"$economy_None;", "SystemEconomy_Localised":"None", "SystemGovernment":"$government_None;", "SystemGovernment_Localised":"None", "SystemSecurity":"$GAlAXY_MAP_INFO_state_anarchy;", "SystemSecurity_Localised":"Anarchy", "Population":0, "JumpDist":26.142, "FuelUsed":4.078217, "FuelLevel":27.921783 }
{ "timestamp":"2017-11-08T12:53:58Z", "event":"Music", "MusicTrack":"Supercruise" }
{ "timestamp":"2017-11-08T12:54:06Z", "event":"Friends", "Status":"Online", "Name":"Mitsumete Knight" }
{ "timestamp":"2017-11-08T12:54:20Z", "event":"FuelScoop", "Scooped":4.078211, "Total":32.000000 }
{ "timestamp":"2017-11-08T12:54:32Z", "event":"Music", "MusicTrack":"SystemMap" }
{ "timestamp":"2017-11-08T12:54:34Z", "event":"FuelScoop", "Scooped":0.519998, "Total":32.000000 }
{ "timestamp":"2017-11-08T12:54:34Z", "event":"Music", "MusicTrack":"Supercruise" }
{ "timestamp":"2017-11-08T12:55:02Z", "event":"StartJump", "JumpType":"Hyperspace", "StarSystem":"Stranaei QY-R e4-333", "StarClass":"B" }
{ "timestamp":"2017-11-08T12:55:07Z", "event":"Music", "MusicTrack":"NoTrack" }
{ "timestamp":"2017-11-08T12:55:20Z", "event":"FSDJump", "StarSystem":"Stranaei QY-R e4-333", "StarPos":[672.563,1936.938,19055.031], "SystemAllegiance":"", "SystemEconomy":"$economy_None;", "SystemEconomy_Localised":"None", "SystemGovernment":"$government_None;", "SystemGovernment_Localised":"None", "SystemSecurity":"$GAlAXY_MAP_INFO_state_anarchy;", "SystemSecurity_Localised":"Anarchy", "Population":0, "JumpDist":23.952, "FuelUsed":3.291301, "FuelLevel":28.708698 }
{ "timestamp":"2017-11-08T12:55:20Z", "event":"Music", "MusicTrack":"Supercruise" }
{ "timestamp":"2017-11-08T12:55:33Z", "event":"Music", "MusicTrack":"SystemMap" }
{ "timestamp":"2017-11-08T12:55:41Z", "event":"Music", "MusicTrack":"Supercruise" }
{ "timestamp":"2017-11-08T12:55:46Z", "event":"Scan", "BodyName":"Stranaei QY-R e4-333 A", "DistanceFromArrivalLS":0.000000, "StarType":"B", "StellarMass":2.695313, "Radius":1239283840.000000, "AbsoluteMagnitude":0.963272, "Age_MY":104, "SurfaceTemperature":10542.000000, "Luminosity":"Vz", "SemiMajorAxis":28824836243456.000000, "Eccentricity":0.133930, "OrbitalInclination":-25.402658, "Periapsis":175.598953, "OrbitalPeriod":135901167616.000000, "RotationPeriod":61624.570313, "AxialTilt":0.000000 }
{ "timestamp":"2017-11-08T12:56:08Z", "event":"FuelScoop", "Scooped":3.291295, "Total":32.000000 }
{ "timestamp":"2017-11-08T12:56:35Z", "event":"StartJump", "JumpType":"Hyperspace", "StarSystem":"Stranaei YR-O c21-6", "StarClass":"G" }
{ "timestamp":"2017-11-08T12:56:41Z", "event":"Music", "MusicTrack":"NoTrack" }
{ "timestamp":"2017-11-08T12:56:54Z", "event":"FSDJump", "StarSystem":"Stranaei YR-O c21-6", "StarPos":[677.594,1956.250,19071.125], "SystemAllegiance":"", "SystemEconomy":"$economy_None;", "SystemEconomy_Localised":"None", "SystemGovernment":"$government_None;", "SystemGovernment_Localised":"None", "SystemSecurity":"$GAlAXY_MAP_INFO_state_anarchy;", "SystemSecurity_Localised":"Anarchy", "Population":0, "JumpDist":25.638, "FuelUsed":3.888302, "FuelLevel":28.111698 }
{ "timestamp":"2017-11-08T12:56:54Z", "event":"Music", "MusicTrack":"Supercruise" }
{ "timestamp":"2017-11-08T12:57:15Z", "event":"FuelScoop", "Scooped":3.888301, "Total":32.000000 }
{ "timestamp":"2017-11-08T12:57:19Z", "event":"Music", "MusicTrack":"SystemMap" }
{ "timestamp":"2017-11-08T12:57:21Z", "event":"Music", "MusicTrack":"Supercruise" }
{ "timestamp":"2017-11-08T12:57:41Z", "event":"StartJump", "JumpType":"Hyperspace", "StarSystem":"Stranaei WW-O c21-12", "StarClass":"G" }
{ "timestamp":"2017-11-08T12:57:46Z", "event":"Music", "MusicTrack":"NoTrack" }
{ "timestamp":"2017-11-08T12:57:59Z", "event":"FSDJump", "StarSystem":"Stranaei WW-O c21-12", "StarPos":[678.344,1975.875,19087.719], "SystemAllegiance":"", "SystemEconomy":"$economy_None;", "SystemEconomy_Localised":"None", "SystemGovernment":"$government_None;", "SystemGovernment_Localised":"None", "SystemSecurity":"$GAlAXY_MAP_INFO_state_anarchy;", "SystemSecurity_Localised":"Anarchy", "Population":0, "JumpDist":25.711, "FuelUsed":3.915102, "FuelLevel":28.084898 }
{ "timestamp":"2017-11-08T12:57:59Z", "event":"Music", "MusicTrack":"Supercruise" }
{ "timestamp":"2017-11-08T12:58:20Z", "event":"FuelScoop", "Scooped":3.915110, "Total":32.000000 }
{ "timestamp":"2017-11-08T12:58:21Z", "event":"Music", "MusicTrack":"SystemMap" }
{ "timestamp":"2017-11-08T12:58:49Z", "event":"Music", "MusicTrack":"Supercruise" }
{ "timestamp":"2017-11-08T12:59:08Z", "event":"StartJump", "JumpType":"Hyperspace", "StarSystem":"Stranaei BD-N c22-0", "StarClass":"K" }
{ "timestamp":"2017-11-08T12:59:14Z", "event":"Music", "MusicTrack":"NoTrack" }
{ "timestamp":"2017-11-08T12:59:27Z", "event":"FSDJump", "StarSystem":"Stranaei BD-N c22-0", "StarPos":[696.000,1991.063,19097.531], "SystemAllegiance":"", "SystemEconomy":"$economy_None;", "SystemEconomy_Localised":"None", "SystemGovernment":"$government_None;", "SystemGovernment_Localised":"None", "SystemSecurity":"$GAlAXY_MAP_INFO_state_anarchy;", "SystemSecurity_Localised":"Anarchy", "Population":0, "JumpDist":25.272, "FuelUsed":3.753559, "FuelLevel":28.246441 }
{ "timestamp":"2017-11-08T12:59:27Z", "event":"Music", "MusicTrack":"Supercruise" }
{ "timestamp":"2017-11-08T12:59:48Z", "event":"FuelScoop", "Scooped":3.753560, "Total":32.000000 }
{ "timestamp":"2017-11-08T12:59:50Z", "event":"Music", "MusicTrack":"SystemMap" }
{ "timestamp":"2017-11-08T13:00:01Z", "event":"Music", "MusicTrack":"Supercruise" }
{ "timestamp":"2017-11-08T13:00:03Z", "event":"Music", "MusicTrack":"SystemMap" }
{ "timestamp":"2017-11-08T13:00:10Z", "event":"Music", "MusicTrack":"Supercruise" }
{ "timestamp":"2017-11-08T13:00:26Z", "event":"StartJump", "JumpType":"Hyperspace", "StarSystem":"Stranaei NO-G d11-152", "StarClass":"F" }
{ "timestamp":"2017-11-08T13:00:31Z", "event":"Music", "MusicTrack":"NoTrack" }
{ "timestamp":"2017-11-08T13:00:45Z", "event":"FSDJump", "StarSystem":"Stranaei NO-G d11-152", "StarPos":[696.875,2006.625,19110.125], "SystemAllegiance":"", "SystemEconomy":"$economy_None;", "SystemEconomy_Localised":"None", "SystemGovernment":"$government_None;", "SystemGovernment_Localised":"None", "SystemSecurity":"$GAlAXY_MAP_INFO_state_anarchy;", "SystemSecurity_Localised":"Anarchy", "Population":0, "JumpDist":20.039, "FuelUsed":2.125911, "FuelLevel":29.874088 }
{ "timestamp":"2017-11-08T13:00:45Z", "event":"Music", "MusicTrack":"Supercruise" }
{ "timestamp":"2017-11-08T13:01:00Z", "event":"FuelScoop", "Scooped":2.125920, "Total":32.000000 }
{ "timestamp":"2017-11-08T13:01:20Z", "event":"Music", "MusicTrack":"SystemMap" }
{ "timestamp":"2017-11-08T13:01:22Z", "event":"Music", "MusicTrack":"Supercruise" }
{ "timestamp":"2017-11-08T13:01:52Z", "event":"StartJump", "JumpType":"Hyperspace", "StarSystem":"Stranaei UE-Q e5-165", "StarClass":"B" }
{ "timestamp":"2017-11-08T13:01:58Z", "event":"Music", "MusicTrack":"NoTrack" }
{ "timestamp":"2017-11-08T13:02:11Z", "event":"FSDJump", "StarSystem":"Stranaei UE-Q e5-165", "StarPos":[695.781,2028.313,19122.469], "SystemAllegiance":"", "SystemEconomy":"$economy_None;", "SystemEconomy_Localised":"None", "SystemGovernment":"$government_None;", "SystemGovernment_Localised":"None", "SystemSecurity":"$GAlAXY_MAP_INFO_state_anarchy;", "SystemSecurity_Localised":"Anarchy", "Population":0, "JumpDist":24.978, "FuelUsed":3.647349, "FuelLevel":28.352652 }
{ "timestamp":"2017-11-08T13:02:11Z", "event":"Music", "MusicTrack":"Supercruise" }
{ "timestamp":"2017-11-08T13:02:30Z", "event":"Music", "MusicTrack":"SystemMap" }
{ "timestamp":"2017-11-08T13:02:36Z", "event":"Scan", "BodyName":"Stranaei UE-Q e5-165", "DistanceFromArrivalLS":0.000000, "StarType":"B", "StellarMass":2.691406, "Radius":1305314688.000000, "AbsoluteMagnitude":0.765656, "Age_MY":364, "SurfaceTemperature":10750.000000, "Luminosity":"VI", "RotationPeriod":56320.304688, "AxialTilt":0.000000 }
{ "timestamp":"2017-11-08T13:03:01Z", "event":"Music", "MusicTrack":"Supercruise" }
{ "timestamp":"2017-11-08T13:03:24Z", "event":"FuelScoop", "Scooped":3.647346, "Total":32.000000 }
{ "timestamp":"2017-11-08T13:03:48Z", "event":"StartJump", "JumpType":"Hyperspace", "StarSystem":"Stranaei UE-Q e5-425", "StarClass":"B" }
{ "timestamp":"2017-11-08T13:03:53Z", "event":"Music", "MusicTrack":"NoTrack" }
{ "timestamp":"2017-11-08T13:04:06Z", "event":"FSDJump", "StarSystem":"Stranaei UE-Q e5-425", "StarPos":[694.469,2042.594,19137.906], "SystemAllegiance":"", "SystemEconomy":"$economy_None;", "SystemEconomy_Localised":"None", "SystemGovernment":"$government_None;", "SystemGovernment_Localised":"None", "SystemSecurity":"$GAlAXY_MAP_INFO_state_anarchy;", "SystemSecurity_Localised":"Anarchy", "Population":0, "JumpDist":21.071, "FuelUsed":2.404348, "FuelLevel":29.595652 }
{ "timestamp":"2017-11-08T13:04:06Z", "event":"Music", "MusicTrack":"Supercruise" }
{ "timestamp":"2017-11-08T13:04:16Z", "event":"Music", "MusicTrack":"GalaxyMap" }
{ "timestamp":"2017-11-08T13:04:30Z", "event":"Scan", "BodyName":"Stranaei UE-Q e5-425", "DistanceFromArrivalLS":0.000000, "StarType":"B", "StellarMass":5.464844, "Radius":2192964352.000000, "AbsoluteMagnitude":-2.512161, "Age_MY":238, "SurfaceTemperature":17638.000000, "Luminosity":"Vz", "RotationPeriod":97026.726563, "AxialTilt":0.000000 }
{ "timestamp":"2017-11-08T13:04:35Z", "event":"Music", "MusicTrack":"SystemMap" }
{ "timestamp":"2017-11-08T13:04:36Z", "event":"Music", "MusicTrack":"Supercruise" }
{ "timestamp":"2017-11-08T13:04:52Z", "event":"Friends", "Status":"Online", "Name":"Mitsumete Knight" }
{ "timestamp":"2017-11-08T13:04:55Z", "event":"FuelScoop", "Scooped":2.404343, "Total":32.000000 }
{ "timestamp":"2017-11-08T13:07:15Z", "event":"StartJump", "JumpType":"Hyperspace", "StarSystem":"Stranaei LT-G d11-140", "StarClass":"A" }
{ "timestamp":"2017-11-08T13:07:20Z", "event":"Music", "MusicTrack":"NoTrack" }
{ "timestamp":"2017-11-08T13:07:33Z", "event":"FSDJump", "StarSystem":"Stranaei LT-G d11-140", "StarPos":[701.500,2062.313,19147.938], "SystemAllegiance":"", "SystemEconomy":"$economy_None;", "SystemEconomy_Localised":"None", "SystemGovernment":"$government_None;", "SystemGovernment_Localised":"None", "SystemSecurity":"$GAlAXY_MAP_INFO_state_anarchy;", "SystemSecurity_Localised":"Anarchy", "Population":0, "JumpDist":23.214, "FuelUsed":3.048545, "FuelLevel":28.951454 }
{ "timestamp":"2017-11-08T13:07:33Z", "event":"Music", "MusicTrack":"Supercruise" }
{ "timestamp":"2017-11-08T13:07:52Z", "event":"FuelScoop", "Scooped":3.048546, "Total":32.000000 }
{ "timestamp":"2017-11-08T13:08:02Z", "event":"Music", "MusicTrack":"SystemMap" }
{ "timestamp":"2017-11-08T13:08:04Z", "event":"Music", "MusicTrack":"Supercruise" }
{ "timestamp":"2017-11-08T13:08:23Z", "event":"StartJump", "JumpType":"Hyperspace", "StarSystem":"Stranaei BT-L c23-8", "StarClass":"K" }
{ "timestamp":"2017-11-08T13:08:28Z", "event":"Music", "MusicTrack":"NoTrack" }
{ "timestamp":"2017-11-08T13:08:41Z", "event":"FSDJump", "StarSystem":"Stranaei BT-L c23-8", "StarPos":[701.625,2075.938,19163.531], "SystemAllegiance":"", "SystemEconomy":"$economy_None;", "SystemEconomy_Localised":"None", "SystemGovernment":"$government_None;", "SystemGovernment_Localised":"None", "SystemSecurity":"$GAlAXY_MAP_INFO_state_anarchy;", "SystemSecurity_Localised":"Anarchy", "Population":0, "JumpDist":20.708, "FuelUsed":2.304247, "FuelLevel":29.695753 }
{ "timestamp":"2017-11-08T13:08:42Z", "event":"Music", "MusicTrack":"Supercruise" }
{ "timestamp":"2017-11-08T13:08:57Z", "event":"FuelScoop", "Scooped":2.304215, "Total":32.000000 }
{ "timestamp":"2017-11-08T13:09:21Z", "event":"Music", "MusicTrack":"SystemMap" }
{ "timestamp":"2017-11-08T13:09:25Z", "event":"Music", "MusicTrack":"Supercruise" }
{ "timestamp":"2017-11-08T13:09:42Z", "event":"StartJump", "JumpType":"Hyperspace", "StarSystem":"Stranaei PZ-E d12-133", "StarClass":"G" }
{ "timestamp":"2017-11-08T13:09:47Z", "event":"Music", "MusicTrack":"NoTrack" }
{ "timestamp":"2017-11-08T13:10:00Z", "event":"FSDJump", "StarSystem":"Stranaei PZ-E d12-133", "StarPos":[703.844,2081.906,19188.031], "SystemAllegiance":"", "SystemEconomy":"$economy_None;", "SystemEconomy_Localised":"None", "SystemGovernment":"$government_None;", "SystemGovernment_Localised":"None", "SystemSecurity":"$GAlAXY_MAP_INFO_state_anarchy;", "SystemSecurity_Localised":"Anarchy", "Population":0, "JumpDist":25.314, "FuelUsed":3.769101, "FuelLevel":28.230900 }
{ "timestamp":"2017-11-08T13:10:01Z", "event":"Music", "MusicTrack":"Supercruise" }
{ "timestamp":"2017-11-08T13:10:22Z", "event":"FuelScoop", "Scooped":3.769110, "Total":32.000000 }
{ "timestamp":"2017-11-08T13:10:43Z", "event":"Music", "MusicTrack":"SystemMap" }
{ "timestamp":"2017-11-08T13:10:45Z", "event":"Music", "MusicTrack":"Supercruise" }
{ "timestamp":"2017-11-08T13:11:01Z", "event":"StartJump", "JumpType":"Hyperspace", "StarSystem":"Stranaei FZ-J c24-7", "StarClass":"M" }
{ "timestamp":"2017-11-08T13:11:06Z", "event":"Music", "MusicTrack":"NoTrack" }
{ "timestamp":"2017-11-08T13:11:20Z", "event":"FSDJump", "StarSystem":"Stranaei FZ-J c24-7", "StarPos":[706.250,2085.063,19211.563], "SystemAllegiance":"", "SystemEconomy":"$economy_None;", "SystemEconomy_Localised":"None", "SystemGovernment":"$government_None;", "SystemGovernment_Localised":"None", "SystemSecurity":"$GAlAXY_MAP_INFO_state_anarchy;", "SystemSecurity_Localised":"Anarchy", "Population":0, "JumpDist":23.864, "FuelUsed":3.261484, "FuelLevel":28.738516 }
{ "timestamp":"2017-11-08T13:11:20Z", "event":"Music", "MusicTrack":"Supercruise" }
{ "timestamp":"2017-11-08T13:11:39Z", "event":"FuelScoop", "Scooped":3.261467, "Total":32.000000 }
{ "timestamp":"2017-11-08T13:11:47Z", "event":"Music", "MusicTrack":"SystemMap" }
{ "timestamp":"2017-11-08T13:11:53Z", "event":"Music", "MusicTrack":"Supercruise" }
{ "timestamp":"2017-11-08T13:12:11Z", "event":"StartJump", "JumpType":"Hyperspace", "StarSystem":"Stranaei PZ-E d12-1", "StarClass":"F" }
{ "timestamp":"2017-11-08T13:12:16Z", "event":"Music", "MusicTrack":"NoTrack" }
{ "timestamp":"2017-11-08T13:12:30Z", "event":"FSDJump", "StarSystem":"Stranaei PZ-E d12-1", "StarPos":[703.500,2105.313,19220.844], "SystemAllegiance":"", "SystemEconomy":"$economy_None;", "SystemEconomy_Localised":"None", "SystemGovernment":"$government_None;", "SystemGovernment_Localised":"None", "SystemSecurity":"$GAlAXY_MAP_INFO_state_anarchy;", "SystemSecurity_Localised":"Anarchy", "Population":0, "JumpDist":22.445, "FuelUsed":2.806655, "FuelLevel":29.193344 }
{ "timestamp":"2017-11-08T13:12:30Z", "event":"Music", "MusicTrack":"Supercruise" }
{ "timestamp":"2017-11-08T13:12:47Z", "event":"FuelScoop", "Scooped":2.806642, "Total":32.000000 }
{ "timestamp":"2017-11-08T13:12:49Z", "event":"Music", "MusicTrack":"SystemMap" }
{ "timestamp":"2017-11-08T13:12:58Z", "event":"Music", "MusicTrack":"Supercruise" }
{ "timestamp":"2017-11-08T13:13:00Z", "event":"Music", "MusicTrack":"SystemMap" }
{ "timestamp":"2017-11-08T13:13:06Z", "event":"Music", "MusicTrack":"Supercruise" }
{ "timestamp":"2017-11-08T13:14:34Z", "event":"Music", "MusicTrack":"GalaxyMap" }
{ "timestamp":"2017-11-08T13:14:55Z", "event":"Music", "MusicTrack":"SystemMap" }
{ "timestamp":"2017-11-08T13:14:56Z", "event":"Music", "MusicTrack":"Supercruise" }
{ "timestamp":"2017-11-08T13:15:20Z", "event":"Music", "MusicTrack":"SystemMap" }
{ "timestamp":"2017-11-08T13:15:23Z", "event":"Music", "MusicTrack":"Supercruise" }
{ "timestamp":"2017-11-08T13:16:56Z", "event":"Scan", "BodyName":"Stranaei PZ-E d12-1 B 5", "DistanceFromArrivalLS":5626.803711, "TidalLock":false, "TerraformState":"Terraformable", "PlanetClass":"Water world", "Atmosphere":"carbon dioxide rich atmosphere", "AtmosphereType":"CarbonDioxideRich", "AtmosphereComposition":[ { "Name":"Oxygen", "Percent":64.711708 }, { "Name":"CarbonDioxide", "Percent":34.373459 }, { "Name":"Water", "Percent":0.474512 } ], "Volcanism":"", "MassEM":0.195735, "Radius":3686927.250000, "SurfaceGravity":5.739156, "SurfaceTemperature":315.985382, "SurfacePressure":24283.904297, "Landable":false, "SemiMajorAxis":68256104448.000000, "Eccentricity":0.000653, "OrbitalInclination":0.559602, "Periapsis":85.975800, "OrbitalPeriod":16134952.000000, "RotationPeriod":69247.070313, "AxialTilt":-0.301714 }
{ "timestamp":"2017-11-08T13:21:51Z", "event":"Music", "MusicTrack":"GalaxyMap" }
{ "timestamp":"2017-11-08T13:22:02Z", "event":"Music", "MusicTrack":"Supercruise" }
{ "timestamp":"2017-11-08T13:22:47Z", "event":"Music", "MusicTrack":"GalaxyMap" }
{ "timestamp":"2017-11-08T13:22:59Z", "event":"Music", "MusicTrack":"SystemMap" }
{ "timestamp":"2017-11-08T13:23:03Z", "event":"Music", "MusicTrack":"Supercruise" }
{ "timestamp":"2017-11-08T13:23:05Z", "event":"Music", "MusicTrack":"SystemMap" }
{ "timestamp":"2017-11-08T13:23:08Z", "event":"Music", "MusicTrack":"Supercruise" }
{ "timestamp":"2017-11-08T13:23:48Z", "event":"Music", "MusicTrack":"GalaxyMap" }
{ "timestamp":"2017-11-08T13:24:07Z", "event":"Music", "MusicTrack":"Supercruise" }
{ "timestamp":"2017-11-08T13:24:09Z", "event":"Music", "MusicTrack":"GalaxyMap" }
{ "timestamp":"2017-11-08T13:24:10Z", "event":"Music", "MusicTrack":"Supercruise" }
{ "timestamp":"2017-11-08T13:24:12Z", "event":"Music", "MusicTrack":"GalaxyMap" }
{ "timestamp":"2017-11-08T13:24:59Z", "event":"Music", "MusicTrack":"Supercruise" }
{ "timestamp":"2017-11-08T13:25:16Z", "event":"StartJump", "JumpType":"Hyperspace", "StarSystem":"Stranaei PZ-E d12-120", "StarClass":"A" }
{ "timestamp":"2017-11-08T13:25:22Z", "event":"Music", "MusicTrack":"NoTrack" }
{ "timestamp":"2017-11-08T13:25:35Z", "event":"FSDJump", "StarSystem":"Stranaei PZ-E d12-120", "StarPos":[702.063,2124.188,19220.750], "SystemAllegiance":"", "SystemEconomy":"$economy_None;", "SystemEconomy_Localised":"None", "SystemGovernment":"$government_None;", "SystemGovernment_Localised":"None", "SystemSecurity":"$GAlAXY_MAP_INFO_state_anarchy;", "SystemSecurity_Localised":"Anarchy", "Population":0, "JumpDist":18.930, "FuelUsed":1.843292, "FuelLevel":29.636707 }
{ "timestamp":"2017-11-08T13:25:35Z", "event":"Music", "MusicTrack":"Supercruise" }
{ "timestamp":"2017-11-08T13:25:51Z", "event":"FuelScoop", "Scooped":2.363282, "Total":32.000000 }
{ "timestamp":"2017-11-08T13:26:01Z", "event":"Music", "MusicTrack":"SystemMap" }
{ "timestamp":"2017-11-08T13:26:08Z", "event":"Music", "MusicTrack":"Supercruise" }
{ "timestamp":"2017-11-08T13:26:09Z", "event":"Music", "MusicTrack":"SystemMap" }
{ "timestamp":"2017-11-08T13:26:17Z", "event":"Music", "MusicTrack":"Supercruise" }
{ "timestamp":"2017-11-08T13:26:34Z", "event":"StartJump", "JumpType":"Hyperspace", "StarSystem":"Stranaei SJ-Q e5-95", "StarClass":"B" }
{ "timestamp":"2017-11-08T13:26:40Z", "event":"Music", "MusicTrack":"NoTrack" }
{ "timestamp":"2017-11-08T13:26:53Z", "event":"FSDJump", "StarSystem":"Stranaei SJ-Q e5-95", "StarPos":[699.938,2148.094,19222.719], "SystemAllegiance":"", "SystemEconomy":"$economy_None;", "SystemEconomy_Localised":"None", "SystemGovernment":"$government_None;", "SystemGovernment_Localised":"None", "SystemSecurity":"$GAlAXY_MAP_INFO_state_anarchy;", "SystemSecurity_Localised":"Anarchy", "Population":0, "JumpDist":24.081, "FuelUsed":3.335046, "FuelLevel":28.664953 }
{ "timestamp":"2017-11-08T13:26:53Z", "event":"Music", "MusicTrack":"Supercruise" }
{ "timestamp":"2017-11-08T13:27:16Z", "event":"Scan", "BodyName":"Stranaei SJ-Q e5-95", "DistanceFromArrivalLS":0.000000, "StarType":"B", "StellarMass":5.750000, "Radius":1946181504.000000, "AbsoluteMagnitude":-2.004272, "Age_MY":116, "SurfaceTemperature":16657.000000, "Luminosity":"Vz", "RotationPeriod":82002.812500, "AxialTilt":0.000000 }
{ "timestamp":"2017-11-08T13:27:19Z", "event":"Music", "MusicTrack":"GalaxyMap" }
{ "timestamp":"2017-11-08T13:27:20Z", "event":"Music", "MusicTrack":"Supercruise" }
{ "timestamp":"2017-11-08T13:27:21Z", "event":"Music", "MusicTrack":"SystemMap" }
{ "timestamp":"2017-11-08T13:27:24Z", "event":"Music", "MusicTrack":"Supercruise" }
{ "timestamp":"2017-11-08T13:27:45Z", "event":"FuelScoop", "Scooped":3.335044, "Total":32.000000 }
{ "timestamp":"2017-11-08T13:28:15Z", "event":"StartJump", "JumpType":"Hyperspace", "StarSystem":"Stranaei NE-F d12-111", "StarClass":"F" }
{ "timestamp":"2017-11-08T13:28:21Z", "event":"Music", "MusicTrack":"NoTrack" }
{ "timestamp":"2017-11-08T13:28:34Z", "event":"FSDJump", "StarSystem":"Stranaei NE-F d12-111", "StarPos":[694.688,2171.125,19225.688], "SystemAllegiance":"", "SystemEconomy":"$economy_None;", "SystemEconomy_Localised":"None", "SystemGovernment":"$government_None;", "SystemGovernment_Localised":"None", "SystemSecurity":"$GAlAXY_MAP_INFO_state_anarchy;", "SystemSecurity_Localised":"Anarchy", "Population":0, "JumpDist":23.808, "FuelUsed":3.242826, "FuelLevel":28.757174 }
{ "timestamp":"2017-11-08T13:28:34Z", "event":"Music", "MusicTrack":"Supercruise" }
{ "timestamp":"2017-11-08T13:28:53Z", "event":"FuelScoop", "Scooped":3.242847, "Total":32.000000 }
{ "timestamp":"2017-11-08T13:28:55Z", "event":"Music", "MusicTrack":"SystemMap" }
{ "timestamp":"2017-11-08T13:28:59Z", "event":"Music", "MusicTrack":"Supercruise" }
{ "timestamp":"2017-11-08T13:29:00Z", "event":"Music", "MusicTrack":"SystemMap" }
{ "timestamp":"2017-11-08T13:29:04Z", "event":"Music", "MusicTrack":"Supercruise" }
{ "timestamp":"2017-11-08T13:29:23Z", "event":"StartJump", "JumpType":"Hyperspace", "StarSystem":"Stranaei NE-F d12-12", "StarClass":"A" }
{ "timestamp":"2017-11-08T13:29:28Z", "event":"Music", "MusicTrack":"NoTrack" }
{ "timestamp":"2017-11-08T13:29:41Z", "event":"FSDJump", "StarSystem":"Stranaei NE-F d12-12", "StarPos":[688.594,2195.219,19231.344], "SystemAllegiance":"", "SystemEconomy":"$economy_None;", "SystemEconomy_Localised":"None", "SystemGovernment":"$government_None;", "SystemGovernment_Localised":"None", "SystemSecurity":"$GAlAXY_MAP_INFO_state_anarchy;", "SystemSecurity_Localised":"Anarchy", "Population":0, "JumpDist":25.488, "FuelUsed":3.832777, "FuelLevel":28.167223 }
{ "timestamp":"2017-11-08T13:29:42Z", "event":"Music", "MusicTrack":"Supercruise" }
{ "timestamp":"2017-11-08T13:30:03Z", "event":"FuelScoop", "Scooped":3.832805, "Total":32.000000 }
{ "timestamp":"2017-11-08T13:32:53Z", "event":"StartJump", "JumpType":"Hyperspace", "StarSystem":"Stranaei DU-I c25-6", "StarClass":"K" }
{ "timestamp":"2017-11-08T13:32:59Z", "event":"Music", "MusicTrack":"NoTrack" }
{ "timestamp":"2017-11-08T13:33:12Z", "event":"FSDJump", "StarSystem":"Stranaei DU-I c25-6", "StarPos":[695.906,2208.656,19247.063], "SystemAllegiance":"", "SystemEconomy":"$economy_None;", "SystemEconomy_Localised":"None", "SystemGovernment":"$government_None;", "SystemGovernment_Localised":"None", "SystemSecurity":"$GAlAXY_MAP_INFO_state_anarchy;", "SystemSecurity_Localised":"Anarchy", "Population":0, "JumpDist":21.934, "FuelUsed":2.653152, "FuelLevel":29.346848 }
{ "timestamp":"2017-11-08T13:33:12Z", "event":"Music", "MusicTrack":"Supercruise" }
{ "timestamp":"2017-11-08T13:33:29Z", "event":"FuelScoop", "Scooped":2.653163, "Total":32.000000 }
{ "timestamp":"2017-11-08T13:33:47Z", "event":"StartJump", "JumpType":"Hyperspace", "StarSystem":"Stranaei PP-D d13-45", "StarClass":"F" }
{ "timestamp":"2017-11-08T13:33:53Z", "event":"Music", "MusicTrack":"NoTrack" }
{ "timestamp":"2017-11-08T13:34:06Z", "event":"FSDJump", "StarSystem":"Stranaei PP-D d13-45", "StarPos":[689.406,2228.656,19261.375], "SystemAllegiance":"", "SystemEconomy":"$economy_None;", "SystemEconomy_Localised":"None", "SystemGovernment":"$government_None;", "SystemGovernment_Localised":"None", "SystemSecurity":"$GAlAXY_MAP_INFO_state_anarchy;", "SystemSecurity_Localised":"Anarchy", "Population":0, "JumpDist":25.438, "FuelUsed":3.814461, "FuelLevel":28.185539 }
{ "timestamp":"2017-11-08T13:34:06Z", "event":"Music", "MusicTrack":"Supercruise" }
{ "timestamp":"2017-11-08T13:34:27Z", "event":"FuelScoop", "Scooped":3.814475, "Total":32.000000 }
{ "timestamp":"2017-11-08T13:34:30Z", "event":"Music", "MusicTrack":"SystemMap" }
{ "timestamp":"2017-11-08T13:34:37Z", "event":"Music", "MusicTrack":"Supercruise" }
{ "timestamp":"2017-11-08T13:34:55Z", "event":"StartJump", "JumpType":"Hyperspace", "StarSystem":"Stranaei PP-D d13-69", "StarClass":"A" }
{ "timestamp":"2017-11-08T13:35:01Z", "event":"Music", "MusicTrack":"NoTrack" }
{ "timestamp":"2017-11-08T13:35:14Z", "event":"FSDJump", "StarSystem":"Stranaei PP-D d13-69", "StarPos":[690.594,2245.188,19281.594], "SystemAllegiance":"", "SystemEconomy":"$economy_None;", "SystemEconomy_Localised":"None", "SystemGovernment":"$government_None;", "SystemGovernment_Localised":"None", "SystemSecurity":"$GAlAXY_MAP_INFO_state_anarchy;", "SystemSecurity_Localised":"Anarchy", "Population":0, "JumpDist":26.144, "FuelUsed":4.078772, "FuelLevel":27.921228 }
{ "timestamp":"2017-11-08T13:35:14Z", "event":"Music", "MusicTrack":"Supercruise" }
{ "timestamp":"2017-11-08T13:35:36Z", "event":"FuelScoop", "Scooped":4.078773, "Total":32.000000 }
{ "timestamp":"2017-11-08T13:35:48Z", "event":"Music", "MusicTrack":"SystemMap" }
{ "timestamp":"2017-11-08T13:35:49Z", "event":"Music", "MusicTrack":"Supercruise" }
{ "timestamp":"2017-11-08T13:36:05Z", "event":"StartJump", "JumpType":"Hyperspace", "StarSystem":"Stranaei PP-D d13-48", "StarClass":"F" }
{ "timestamp":"2017-11-08T13:36:11Z", "event":"Music", "MusicTrack":"NoTrack" }
{ "timestamp":"2017-11-08T13:36:24Z", "event":"FSDJump", "StarSystem":"Stranaei PP-D d13-48", "StarPos":[689.250,2265.344,19291.188], "SystemAllegiance":"", "SystemEconomy":"$economy_None;", "SystemEconomy_Localised":"None", "SystemGovernment":"$government_None;", "SystemGovernment_Localised":"None", "SystemSecurity":"$GAlAXY_MAP_INFO_state_anarchy;", "SystemSecurity_Localised":"Anarchy", "Population":0, "JumpDist":22.363, "FuelUsed":2.781940, "FuelLevel":29.218060 }
{ "timestamp":"2017-11-08T13:36:24Z", "event":"Music", "MusicTrack":"Supercruise" }
{ "timestamp":"2017-11-08T13:36:41Z", "event":"FuelScoop", "Scooped":2.781959, "Total":32.000000 }
{ "timestamp":"2017-11-08T13:36:51Z", "event":"Music", "MusicTrack":"SystemMap" }
{ "timestamp":"2017-11-08T13:36:58Z", "event":"Music", "MusicTrack":"Supercruise" }
{ "timestamp":"2017-11-08T13:37:19Z", "event":"StartJump", "JumpType":"Hyperspace", "StarSystem":"Stranaei PP-D d13-34", "StarClass":"F" }
{ "timestamp":"2017-11-08T13:37:24Z", "event":"Music", "MusicTrack":"NoTrack" }
{ "timestamp":"2017-11-08T13:37:37Z", "event":"FSDJump", "StarSystem":"Stranaei PP-D d13-34", "StarPos":[693.531,2288.750,19293.781], "SystemAllegiance":"", "SystemEconomy":"$economy_None;", "SystemEconomy_Localised":"None", "SystemGovernment":"$government_None;", "SystemGovernment_Localised":"None", "SystemSecurity":"$GAlAXY_MAP_INFO_state_anarchy;", "SystemSecurity_Localised":"Anarchy", "Population":0, "JumpDist":23.936, "FuelUsed":3.285842, "FuelLevel":28.714157 }
{ "timestamp":"2017-11-08T13:37:37Z", "event":"Music", "MusicTrack":"Supercruise" }
{ "timestamp":"2017-11-08T13:37:56Z", "event":"FuelScoop", "Scooped":3.285815, "Total":32.000000 }
{ "timestamp":"2017-11-08T13:38:08Z", "event":"Music", "MusicTrack":"SystemMap" }
{ "timestamp":"2017-11-08T13:38:09Z", "event":"Music", "MusicTrack":"Supercruise" }
{ "timestamp":"2017-11-08T13:38:33Z", "event":"StartJump", "JumpType":"Hyperspace", "StarSystem":"Stranaei UU-O e6-122", "StarClass":"B" }
{ "timestamp":"2017-11-08T13:38:39Z", "event":"Music", "MusicTrack":"NoTrack" }
{ "timestamp":"2017-11-08T13:38:52Z", "event":"FSDJump", "StarSystem":"Stranaei UU-O e6-122", "StarPos":[689.625,2301.031,19307.781], "SystemAllegiance":"", "SystemEconomy":"$economy_None;", "SystemEconomy_Localised":"None", "SystemGovernment":"$government_None;", "SystemGovernment_Localised":"None", "SystemSecurity":"$GAlAXY_MAP_INFO_state_anarchy;", "SystemSecurity_Localised":"Anarchy", "Population":0, "JumpDist":19.029, "FuelUsed":1.872842, "FuelLevel":29.607157 }
{ "timestamp":"2017-11-08T13:38:52Z", "event":"Music", "MusicTrack":"Supercruise" }
{ "timestamp":"2017-11-08T13:39:26Z", "event":"Scan", "BodyName":"Stranaei UU-O e6-122 A", "DistanceFromArrivalLS":0.000000, "StarType":"B", "StellarMass":4.667969, "Radius":1715550848.000000, "AbsoluteMagnitude":-1.324326, "Age_MY":196, "SurfaceTemperature":15171.000000, "Luminosity":"Vz", "SemiMajorAxis":28249423872.000000, "Eccentricity":0.362983, "OrbitalInclination":-8.662434, "Periapsis":334.479736, "OrbitalPeriod":15901639.000000, "RotationPeriod":77152.351563, "AxialTilt":0.000000 }
{ "timestamp":"2017-11-08T13:39:33Z", "event":"Music", "MusicTrack":"SystemMap" }
{ "timestamp":"2017-11-08T13:39:41Z", "event":"Music", "MusicTrack":"Supercruise" }
{ "timestamp":"2017-11-08T13:39:58Z", "event":"FuelScoop", "Scooped":2.392869, "Total":32.000000 }
{ "timestamp":"2017-11-08T13:40:30Z", "event":"StartJump", "JumpType":"Hyperspace", "StarSystem":"Stranaei NU-D d13-12", "StarClass":"G" }
{ "timestamp":"2017-11-08T13:40:36Z", "event":"Music", "MusicTrack":"NoTrack" }
{ "timestamp":"2017-11-08T13:40:49Z", "event":"FSDJump", "StarSystem":"Stranaei NU-D d13-12", "StarPos":[704.750,2314.844,19311.313], "SystemAllegiance":"", "SystemEconomy":"$economy_None;", "SystemEconomy_Localised":"None", "SystemGovernment":"$government_None;", "SystemGovernment_Localised":"None", "SystemSecurity":"$GAlAXY_MAP_INFO_state_anarchy;", "SystemSecurity_Localised":"Anarchy", "Population":0, "JumpDist":20.785, "FuelUsed":2.325303, "FuelLevel":29.674698 }
{ "timestamp":"2017-11-08T13:40:49Z", "event":"Music", "MusicTrack":"Supercruise" }
{ "timestamp":"2017-11-08T13:41:05Z", "event":"FuelScoop", "Scooped":2.325293, "Total":32.000000 }
{ "timestamp":"2017-11-08T13:41:26Z", "event":"Music", "MusicTrack":"SystemMap" }
{ "timestamp":"2017-11-08T13:41:30Z", "event":"Music", "MusicTrack":"Supercruise" }
{ "timestamp":"2017-11-08T13:42:40Z", "event":"Scan", "BodyName":"Stranaei NU-D d13-12 2", "DistanceFromArrivalLS":761.006836, "TidalLock":false, "TerraformState":"", "PlanetClass":"Water world", "Atmosphere":"thick nitrogen atmosphere", "AtmosphereType":"Nitrogen", "AtmosphereComposition":[ { "Name":"Nitrogen", "Percent":91.096893 }, { "Name":"Oxygen", "Percent":7.721579 }, { "Name":"Helium", "Percent":0.986339 } ], "Volcanism":"major silicate vapour geysers volcanism", "MassEM":7.343481, "Radius":10631560.000000, "SurfaceGravity":25.895088, "SurfaceTemperature":248.814896, "SurfacePressure":1019445.187500, "Landable":false, "SemiMajorAxis":228150050816.000000, "Eccentricity":0.000074, "OrbitalInclination":-0.158330, "Periapsis":259.450195, "OrbitalPeriod":58424088.000000, "RotationPeriod":108534.031250, "AxialTilt":-0.328373 }
{ "timestamp":"2017-11-08T13:42:51Z", "event":"Music", "MusicTrack":"SystemMap" }
{ "timestamp":"2017-11-08T13:42:54Z", "event":"Music", "MusicTrack":"Supercruise" }
{ "timestamp":"2017-11-08T13:42:56Z", "event":"Music", "MusicTrack":"SystemMap" }
{ "timestamp":"2017-11-08T13:42:58Z", "event":"Music", "MusicTrack":"Supercruise" }
{ "timestamp":"2017-11-08T13:43:18Z", "event":"Music", "MusicTrack":"GalaxyMap" }
{ "timestamp":"2017-11-08T13:43:47Z", "event":"Music", "MusicTrack":"SystemMap" }
{ "timestamp":"2017-11-08T13:43:48Z", "event":"Music", "MusicTrack":"Supercruise" }
{ "timestamp":"2017-11-08T13:44:05Z", "event":"StartJump", "JumpType":"Hyperspace", "StarSystem":"Stranaei UU-O e6-121", "StarClass":"B" }
{ "timestamp":"2017-11-08T13:44:10Z", "event":"Music", "MusicTrack":"NoTrack" }
{ "timestamp":"2017-11-08T13:44:23Z", "event":"FSDJump", "StarSystem":"Stranaei UU-O e6-121", "StarPos":[684.750,2323.656,19320.219], "SystemAllegiance":"", "SystemEconomy":"$economy_None;", "SystemEconomy_Localised":"None", "SystemGovernment":"$government_None;", "SystemGovernment_Localised":"None", "SystemSecurity":"$GAlAXY_MAP_INFO_state_anarchy;", "SystemSecurity_Localised":"Anarchy", "Population":0, "JumpDist":23.600, "FuelUsed":3.174326, "FuelLevel":28.825674 }
{ "timestamp":"2017-11-08T13:44:24Z", "event":"Music", "MusicTrack":"DestinationFromHyperspace" }
{ "timestamp":"2017-11-08T13:44:29Z", "event":"Music", "MusicTrack":"Supercruise" }
{ "timestamp":"2017-11-08T13:44:34Z", "event":"Music", "MusicTrack":"SystemMap" }
{ "timestamp":"2017-11-08T13:44:48Z", "event":"Scan", "BodyName":"Stranaei UU-O e6-121", "DistanceFromArrivalLS":0.000000, "StarType":"B", "StellarMass":4.015625, "Radius":1698061568.000000, "AbsoluteMagnitude":-0.631546, "Age_MY":348, "SurfaceTemperature":13001.000000, "Luminosity":"IVab", "RotationPeriod":84766.406250, "AxialTilt":0.000000 }
{ "timestamp":"2017-11-08T13:44:50Z", "event":"Music", "MusicTrack":"Supercruise" }
{ "timestamp":"2017-11-08T13:44:56Z", "event":"Music", "MusicTrack":"SystemMap" }
{ "timestamp":"2017-11-08T13:44:56Z", "event":"Music", "MusicTrack":"Supercruise" }
{ "timestamp":"2017-11-08T13:44:58Z", "event":"Music", "MusicTrack":"GalaxyMap" }
{ "timestamp":"2017-11-08T13:45:14Z", "event":"Friends", "Status":"Offline", "Name":"Mitsumete Knight" }
{ "timestamp":"2017-11-08T13:47:35Z", "event":"Music", "MusicTrack":"SystemMap" }
{ "timestamp":"2017-11-08T13:47:36Z", "event":"Music", "MusicTrack":"Supercruise" }
{ "timestamp":"2017-11-08T13:47:58Z", "event":"FuelScoop", "Scooped":2.458523, "Total":31.284203 }
{ "timestamp":"2017-11-08T13:48:13Z", "event":"StartJump", "JumpType":"Hyperspace", "StarSystem":"Stranaei RA-C d14-26", "StarClass":"A" }
{ "timestamp":"2017-11-08T13:48:19Z", "event":"Music", "MusicTrack":"NoTrack" }
{ "timestamp":"2017-11-08T13:48:32Z", "event":"FSDJump", "StarSystem":"Stranaei RA-C d14-26", "StarPos":[691.906,2323.094,19339.469], "SystemAllegiance":"", "SystemEconomy":"$economy_None;", "SystemEconomy_Localised":"None", "SystemGovernment":"$government_None;", "SystemGovernment_Localised":"None", "SystemSecurity":"$GAlAXY_MAP_INFO_state_anarchy;", "SystemSecurity_Localised":"Anarchy", "Population":0, "JumpDist":20.545, "FuelUsed":2.249826, "FuelLevel":29.034376 }
{ "timestamp":"2017-11-08T13:48:32Z", "event":"Music", "MusicTrack":"Supercruise" }
{ "timestamp":"2017-11-08T13:48:51Z", "event":"FuelScoop", "Scooped":2.965632, "Total":32.000000 }
{ "timestamp":"2017-11-08T13:49:41Z", "event":"StartJump", "JumpType":"Hyperspace", "StarSystem":"Stranaei RA-C d14-35", "StarClass":"F" }
{ "timestamp":"2017-11-08T13:49:46Z", "event":"Music", "MusicTrack":"NoTrack" }
{ "timestamp":"2017-11-08T13:50:00Z", "event":"FSDJump", "StarSystem":"Stranaei RA-C d14-35", "StarPos":[687.469,2325.656,19363.781], "SystemAllegiance":"", "SystemEconomy":"$economy_None;", "SystemEconomy_Localised":"None", "SystemGovernment":"$government_None;", "SystemGovernment_Localised":"None", "SystemSecurity":"$GAlAXY_MAP_INFO_state_anarchy;", "SystemSecurity_Localised":"Anarchy", "Population":0, "JumpDist":24.847, "FuelUsed":3.600849, "FuelLevel":28.399151 }
{ "timestamp":"2017-11-08T13:50:00Z", "event":"Music", "MusicTrack":"Supercruise" }
{ "timestamp":"2017-11-08T13:50:24Z", "event":"Scan", "BodyName":"Stranaei RA-C d14-35 A", "DistanceFromArrivalLS":0.000000, "StarType":"F", "StellarMass":1.140625, "Radius":797931648.000000, "AbsoluteMagnitude":3.940643, "Age_MY":1188, "SurfaceTemperature":6620.000000, "Luminosity":"Vb", "SemiMajorAxis":503695264.000000, "Eccentricity":0.038573, "OrbitalInclination":45.917286, "Periapsis":289.359741, "OrbitalPeriod":33991.550781, "RotationPeriod":380605.750000, "AxialTilt":0.000000 }
{ "timestamp":"2017-11-08T13:50:43Z", "event":"Scan", "BodyName":"Stranaei RA-C d14-35 B", "DistanceFromArrivalLS":6.019254, "StarType":"M", "StellarMass":0.433594, "Radius":374196288.000000, "AbsoluteMagnitude":8.375122, "Age_MY":1188, "SurfaceTemperature":3483.000000, "Luminosity":"Va", "SemiMajorAxis":1325036288.000000, "Eccentricity":0.038573, "OrbitalInclination":45.917286, "Periapsis":109.359749, "OrbitalPeriod":33991.550781, "RotationPeriod":185172.546875, "AxialTilt":0.000000 }
{ "timestamp":"2017-11-08T13:50:53Z", "event":"Music", "MusicTrack":"SystemMap" }
{ "timestamp":"2017-11-08T13:50:54Z", "event":"Music", "MusicTrack":"Supercruise" }
{ "timestamp":"2017-11-08T13:51:06Z", "event":"Scan", "BodyName":"Stranaei RA-C d14-35 C", "DistanceFromArrivalLS":336.280701, "StarType":"M", "StellarMass":0.367188, "Radius":345457664.000000, "AbsoluteMagnitude":8.885696, "Age_MY":1188, "SurfaceTemperature":3223.000000, "Luminosity":"Va", "SemiMajorAxis":67492429824.000000, "Eccentricity":0.222018, "OrbitalInclination":-19.453169, "Periapsis":357.664429, "OrbitalPeriod":9398970.000000, "RotationPeriod":202068.437500, "AxialTilt":0.000000 }
{ "timestamp":"2017-11-08T13:51:41Z", "event":"StartJump", "JumpType":"Hyperspace", "StarSystem":"Stranaei MH-C c29-1", "StarClass":"K" }
{ "timestamp":"2017-11-08T13:51:47Z", "event":"Music", "MusicTrack":"NoTrack" }
{ "timestamp":"2017-11-08T13:52:00Z", "event":"FSDJump", "StarSystem":"Stranaei MH-C c29-1", "StarPos":[687.625,2329.906,19388.594], "SystemAllegiance":"", "SystemEconomy":"$economy_None;", "SystemEconomy_Localised":"None", "SystemGovernment":"$government_None;", "SystemGovernment_Localised":"None", "SystemSecurity":"$GAlAXY_MAP_INFO_state_anarchy;", "SystemSecurity_Localised":"Anarchy", "Population":0, "JumpDist":25.174, "FuelUsed":3.634634, "FuelLevel":24.764517 }
{ "timestamp":"2017-11-08T13:52:00Z", "event":"Music", "MusicTrack":"Supercruise" }
{ "timestamp":"2017-11-08T13:52:26Z", "event":"FuelScoop", "Scooped":5.000327, "Total":29.764837 }
{ "timestamp":"2017-11-08T13:52:34Z", "event":"FuelScoop", "Scooped":2.235148, "Total":32.000000 }
{ "timestamp":"2017-11-08T13:56:12Z", "event":"StartJump", "JumpType":"Hyperspace", "StarSystem":"Stranaei NH-C c29-2", "StarClass":"M" }
{ "timestamp":"2017-11-08T13:56:17Z", "event":"Music", "MusicTrack":"NoTrack" }
{ "timestamp":"2017-11-08T13:56:31Z", "event":"FSDJump", "StarSystem":"Stranaei NH-C c29-2", "StarPos":[695.813,2327.406,19410.000], "SystemAllegiance":"", "SystemEconomy":"$economy_None;", "SystemEconomy_Localised":"None", "SystemGovernment":"$government_None;", "SystemGovernment_Localised":"None", "SystemSecurity":"$GAlAXY_MAP_INFO_state_anarchy;", "SystemSecurity_Localised":"Anarchy", "Population":0, "JumpDist":23.055, "FuelUsed":2.997190, "FuelLevel":29.002810 }
{ "timestamp":"2017-11-08T13:56:31Z", "event":"Music", "MusicTrack":"Supercruise" }
{ "timestamp":"2017-11-08T13:56:49Z", "event":"FuelScoop", "Scooped":2.997172, "Total":32.000000 }
{ "timestamp":"2017-11-08T13:56:54Z", "event":"Music", "MusicTrack":"SystemMap" }
{ "timestamp":"2017-11-08T13:56:55Z", "event":"Music", "MusicTrack":"Supercruise" }
{ "timestamp":"2017-11-08T13:57:11Z", "event":"StartJump", "JumpType":"Hyperspace", "StarSystem":"Eos Audst TY-E c1", "StarClass":"K" }
{ "timestamp":"2017-11-08T13:57:17Z", "event":"Music", "MusicTrack":"NoTrack" }
{ "timestamp":"2017-11-08T13:57:30Z", "event":"FSDJump", "StarSystem":"Eos Audst TY-E c1", "StarPos":[704.344,2323.938,19421.938], "SystemAllegiance":"", "SystemEconomy":"$economy_None;", "SystemEconomy_Localised":"None", "SystemGovernment":"$government_None;", "SystemGovernment_Localised":"None", "SystemSecurity":"$GAlAXY_MAP_INFO_state_anarchy;", "SystemSecurity_Localised":"Anarchy", "Population":0, "JumpDist":15.077, "FuelUsed":1.058939, "FuelLevel":30.941061 }
{ "timestamp":"2017-11-08T13:57:30Z", "event":"Music", "MusicTrack":"Supercruise" }
{ "timestamp":"2017-11-08T13:57:42Z", "event":"FuelScoop", "Scooped":1.058932, "Total":32.000000 }
{ "timestamp":"2017-11-08T13:58:34Z", "event":"StartJump", "JumpType":"Hyperspace", "StarSystem":"Eos Audst JM-C d62", "StarClass":"F" }
{ "timestamp":"2017-11-08T13:58:39Z", "event":"Music", "MusicTrack":"NoTrack" }
{ "timestamp":"2017-11-08T13:58:53Z", "event":"FSDJump", "StarSystem":"Eos Audst JM-C d62", "StarPos":[713.281,2324.906,19444.156], "SystemAllegiance":"", "SystemEconomy":"$economy_None;", "SystemEconomy_Localised":"None", "SystemGovernment":"$government_None;", "SystemGovernment_Localised":"None", "SystemSecurity":"$GAlAXY_MAP_INFO_state_anarchy;", "SystemSecurity_Localised":"Anarchy", "Population":0, "JumpDist":23.969, "FuelUsed":3.296894, "FuelLevel":28.703106 }
{ "timestamp":"2017-11-08T13:58:53Z", "event":"Music", "MusicTrack":"Supercruise" }
{ "timestamp":"2017-11-08T13:59:12Z", "event":"FuelScoop", "Scooped":3.296875, "Total":32.000000 }
{ "timestamp":"2017-11-08T13:59:13Z", "event":"Music", "MusicTrack":"SystemMap" }
{ "timestamp":"2017-11-08T13:59:18Z", "event":"Music", "MusicTrack":"Supercruise" }
{ "timestamp":"2017-11-08T13:59:39Z", "event":"StartJump", "JumpType":"Hyperspace", "StarSystem":"Eos Audst JM-C d2", "StarClass":"F" }
{ "timestamp":"2017-11-08T13:59:44Z", "event":"Music", "MusicTrack":"NoTrack" }
{ "timestamp":"2017-11-08T13:59:57Z", "event":"FSDJump", "StarSystem":"Eos Audst JM-C d2", "StarPos":[701.875,2332.844,19465.906], "SystemAllegiance":"", "SystemEconomy":"$economy_None;", "SystemEconomy_Localised":"None", "SystemGovernment":"$government_None;", "SystemGovernment_Localised":"None", "SystemSecurity":"$GAlAXY_MAP_INFO_state_anarchy;", "SystemSecurity_Localised":"Anarchy", "Population":0, "JumpDist":25.810, "FuelUsed":3.952563, "FuelLevel":28.047438 }
{ "timestamp":"2017-11-08T13:59:58Z", "event":"Music", "MusicTrack":"Supercruise" }
{ "timestamp":"2017-11-08T14:00:19Z", "event":"FuelScoop", "Scooped":3.952559, "Total":32.000000 }
{ "timestamp":"2017-11-08T14:01:33Z", "event":"Music", "MusicTrack":"GalaxyMap" }
{ "timestamp":"2017-11-08T14:01:47Z", "event":"Music", "MusicTrack":"SystemMap" }
{ "timestamp":"2017-11-08T14:02:03Z", "event":"Music", "MusicTrack":"Supercruise" }
{ "timestamp":"2017-11-08T14:02:20Z", "event":"StartJump", "JumpType":"Hyperspace", "StarSystem":"Eos Audst JM-C d37", "StarClass":"G" }
{ "timestamp":"2017-11-08T14:02:25Z", "event":"Music", "MusicTrack":"NoTrack" }
{ "timestamp":"2017-11-08T14:02:38Z", "event":"FSDJump", "StarSystem":"Eos Audst JM-C d37", "StarPos":[690.406,2319.969,19484.375], "SystemAllegiance":"", "SystemEconomy":"$economy_None;", "SystemEconomy_Localised":"None", "SystemGovernment":"$government_None;", "SystemGovernment_Localised":"None", "SystemSecurity":"$GAlAXY_MAP_INFO_state_anarchy;", "SystemSecurity_Localised":"Anarchy", "Population":0, "JumpDist":25.266, "FuelUsed":3.739501, "FuelLevel":27.740498 }
{ "timestamp":"2017-11-08T14:02:39Z", "event":"Music", "MusicTrack":"Supercruise" }
{ "timestamp":"2017-11-08T14:03:04Z", "event":"FuelScoop", "Scooped":4.259483, "Total":32.000000 }
{ "timestamp":"2017-11-08T14:03:26Z", "event":"StartJump", "JumpType":"Hyperspace", "StarSystem":"Eos Audst NS-A d1-8", "StarClass":"F" }
{ "timestamp":"2017-11-08T14:03:31Z", "event":"Music", "MusicTrack":"NoTrack" }
{ "timestamp":"2017-11-08T14:03:45Z", "event":"FSDJump", "StarSystem":"Eos Audst NS-A d1-8", "StarPos":[692.375,2319.594,19503.906], "SystemAllegiance":"", "SystemEconomy":"$economy_None;", "SystemEconomy_Localised":"None", "SystemGovernment":"$government_None;", "SystemGovernment_Localised":"None", "SystemSecurity":"$GAlAXY_MAP_INFO_state_anarchy;", "SystemSecurity_Localised":"Anarchy", "Population":0, "JumpDist":19.634, "FuelUsed":2.022341, "FuelLevel":29.977659 }
{ "timestamp":"2017-11-08T14:03:45Z", "event":"Music", "MusicTrack":"Supercruise" }
{ "timestamp":"2017-11-08T14:04:00Z", "event":"FuelScoop", "Scooped":2.022342, "Total":32.000000 }
{ "timestamp":"2017-11-08T14:04:12Z", "event":"Music", "MusicTrack":"SystemMap" }
{ "timestamp":"2017-11-08T14:04:13Z", "event":"Music", "MusicTrack":"Supercruise" }
{ "timestamp":"2017-11-08T14:04:35Z", "event":"StartJump", "JumpType":"Hyperspace", "StarSystem":"Eos Audst NS-A d1-39", "StarClass":"A" }
{ "timestamp":"2017-11-08T14:04:41Z", "event":"Music", "MusicTrack":"NoTrack" }
{ "timestamp":"2017-11-08T14:04:54Z", "event":"FSDJump", "StarSystem":"Eos Audst NS-A d1-39", "StarPos":[694.375,2329.125,19526.563], "SystemAllegiance":"", "SystemEconomy":"$economy_None;", "SystemEconomy_Localised":"None", "SystemGovernment":"$government_None;", "SystemGovernment_Localised":"None", "SystemSecurity":"$GAlAXY_MAP_INFO_state_anarchy;", "SystemSecurity_Localised":"Anarchy", "Population":0, "JumpDist":24.661, "FuelUsed":3.534967, "FuelLevel":28.465033 }
{ "timestamp":"2017-11-08T14:04:54Z", "event":"Music", "MusicTrack":"Supercruise" }
{ "timestamp":"2017-11-08T14:05:14Z", "event":"FuelScoop", "Scooped":3.534973, "Total":32.000000 }
{ "timestamp":"2017-11-08T14:05:35Z", "event":"Music", "MusicTrack":"SystemMap" }
{ "timestamp":"2017-11-08T14:05:41Z", "event":"Music", "MusicTrack":"Supercruise" }
{ "timestamp":"2017-11-08T14:08:12Z", "event":"Scan", "BodyName":"Eos Audst NS-A d1-39 5", "DistanceFromArrivalLS":6129.755371, "TidalLock":false, "TerraformState":"", "PlanetClass":"Ammonia world", "Atmosphere":"thick  atmosphere", "AtmosphereType":"AmmoniaOxygen", "AtmosphereComposition":[ { "Name":"CarbonDioxide", "Percent":94.219124 }, { "Name":"Nitrogen", "Percent":4.595082 }, { "Name":"Oxygen", "Percent":0.511580 } ], "Volcanism":"major silicate vapour geysers volcanism", "MassEM":4.734129, "Radius":9549376.000000, "SurfaceGravity":20.691860, "SurfaceTemperature":305.395355, "SurfacePressure":2527316.250000, "Landable":false, "SemiMajorAxis":1833815113728.000000, "Eccentricity":0.002284, "OrbitalInclination":-14.141028, "Periapsis":202.757675, "OrbitalPeriod":1038112256.000000, "RotationPeriod":115622.414063, "AxialTilt":0.426329, "Rings":[ { "Name":"Eos Audst NS-A d1-39 5 A Ring", "RingClass":"eRingClass_Rocky", "MassMT":7.8812e+09, "InnerRad":1.5213e+07, "OuterRad":5.8455e+07 } ], "ReserveLevel":"PristineResources" }
{ "timestamp":"2017-11-08T14:14:38Z", "event":"Friends", "Status":"Online", "Name":"Qube_nico" }
{ "timestamp":"2017-11-08T14:18:47Z", "event":"SupercruiseExit", "StarSystem":"Eos Audst NS-A d1-39", "Body":"Eos Audst NS-A d1-39 5 A Ring", "BodyType":"PlanetaryRing" }
{ "timestamp":"2017-11-08T14:18:48Z", "event":"Music", "MusicTrack":"Exploration" }
{ "timestamp":"2017-11-08T14:22:01Z", "event":"Music", "MusicTrack":"SystemMap" }
{ "timestamp":"2017-11-08T14:22:08Z", "event":"Music", "MusicTrack":"Exploration" }
{ "timestamp":"2017-11-08T14:22:26Z", "event":"Music", "MusicTrack":"SystemMap" }
{ "timestamp":"2017-11-08T14:22:27Z", "event":"Music", "MusicTrack":"Exploration" }
{ "timestamp":"2017-11-08T14:24:45Z", "event":"MaterialCollected", "Category":"Raw", "Name":"nickel", "Count":3 }
{ "timestamp":"2017-11-08T14:27:21Z", "event":"StartJump", "JumpType":"Hyperspace", "StarSystem":"Eos Audst NS-A d1-61", "StarClass":"F" }
{ "timestamp":"2017-11-08T14:27:26Z", "event":"Music", "MusicTrack":"NoTrack" }
{ "timestamp":"2017-11-08T14:27:39Z", "event":"FSDJump", "StarSystem":"Eos Audst NS-A d1-61", "StarPos":[681.156,2325.344,19537.563], "SystemAllegiance":"", "SystemEconomy":"$economy_None;", "SystemEconomy_Localised":"None", "SystemGovernment":"$government_None;", "SystemGovernment_Localised":"None", "SystemSecurity":"$GAlAXY_MAP_INFO_state_anarchy;", "SystemSecurity_Localised":"Anarchy", "Population":0, "JumpDist":17.608, "FuelUsed":1.543676, "FuelLevel":29.936323 }
{ "timestamp":"2017-11-08T14:27:40Z", "event":"Music", "MusicTrack":"Supercruise" }
{ "timestamp":"2017-11-08T14:27:55Z", "event":"FuelScoop", "Scooped":2.063663, "Total":32.000000 }
{ "timestamp":"2017-11-08T14:27:56Z", "event":"SupercruiseExit", "StarSystem":"Eos Audst NS-A d1-61", "Body":"Eos Audst NS-A d1-61 A", "BodyType":"Star" }
{ "timestamp":"2017-11-08T14:27:56Z", "event":"Music", "MusicTrack":"Exploration" }
{ "timestamp":"2017-11-08T14:29:46Z", "event":"StartJump", "JumpType":"Supercruise" }
{ "timestamp":"2017-11-08T14:29:51Z", "event":"SupercruiseEntry", "StarSystem":"Eos Audst NS-A d1-61" }
{ "timestamp":"2017-11-08T14:29:52Z", "event":"Music", "MusicTrack":"Supercruise" }
{ "timestamp":"2017-11-08T14:29:56Z", "event":"FuelScoop", "Scooped":0.117166, "Total":32.000000 }
{ "timestamp":"2017-11-08T14:30:28Z", "event":"Music", "MusicTrack":"SystemMap" }
{ "timestamp":"2017-11-08T14:30:32Z", "event":"Music", "MusicTrack":"Supercruise" }
{ "timestamp":"2017-11-08T14:30:33Z", "event":"Music", "MusicTrack":"SystemMap" }
{ "timestamp":"2017-11-08T14:30:36Z", "event":"Music", "MusicTrack":"Supercruise" }
{ "timestamp":"2017-11-08T14:30:37Z", "event":"Music", "MusicTrack":"SystemMap" }
{ "timestamp":"2017-11-08T14:30:40Z", "event":"Music", "MusicTrack":"Supercruise" }
{ "timestamp":"2017-11-08T14:30:42Z", "event":"Music", "MusicTrack":"SystemMap" }
{ "timestamp":"2017-11-08T14:30:45Z", "event":"Music", "MusicTrack":"Supercruise" }
