{ "timestamp":"2017-10-22T07:56:08Z", "event":"Fileheader", "part":1, "language":"English\\UK", "gameversion":"2.4", "build":"r156431/r0 " }
{ "timestamp":"2017-10-22T07:56:08Z", "event":"Music", "MusicTrack":"NoTrack" }
{ "timestamp":"2017-10-22T07:56:08Z", "event":"Music", "MusicTrack":"MainMenu" }
{ "timestamp":"2017-10-22T07:58:22Z", "event":"Cargo", "Inventory":[  ] }
{ "timestamp":"2017-10-22T07:58:22Z", "event":"Loadout", "Ship":"DiamondBackXL", "ShipID":2, "ShipName":"KONNYAKU", "ShipIdent":"IG-E01", "Modules":[ { "Slot":"LargeHardpoint1", "Item":"Hpt_PulseLaser_Gimbal_Large", "On":true, "Priority":0, "Health":0.994020, "Value":140600 }, { "Slot":"MediumHardpoint2", "Item":"Hpt_MiningLaser_Fixed_Small", "On":true, "Priority":0, "Health":0.984353, "Value":6800 }, { "Slot":"TinyHardpoint1", "Item":"Hpt_HeatSinkLauncher_Turret_Tiny", "On":true, "Priority":0, "AmmoInClip":1, "AmmoInHopper":2, "Health":0.997299, "Value":3500 }, { "Slot":"TinyHardpoint2", "Item":"Hpt_HeatSinkLauncher_Turret_Tiny", "On":true, "Priority":0, "AmmoInClip":1, "AmmoInHopper":2, "Health":0.989419, "Value":3500 }, { "Slot":"TinyHardpoint4", "Item":"Hpt_ChaffLauncher_Tiny", "On":true, "Priority":0, "AmmoInClip":1, "AmmoInHopper":10, "Health":0.984160, "Value":8500 }, { "Slot":"Armour", "Item":"DiamondBackXL_Armour_Grade1", "On":true, "Priority":1, "Health":1.000000, "Value":0 }, { "Slot":"PowerPlant", "Item":"Int_Powerplant_Size4_Class4", "On":true, "Priority":1, "Health":0.993120, "Value":536693 }, { "Slot":"MainEngines", "Item":"Int_Engine_Size4_Class4", "On":true, "Priority":0, "Health":0.996931, "Value":536693 }, { "Slot":"FrameShiftDrive", "Item":"Int_Hyperdrive_Size5_Class4", "On":true, "Priority":0, "Health":0.999750, "Value":1701318 }, { "Slot":"LifeSupport", "Item":"Int_LifeSupport_Size3_Class2", "On":true, "Priority":0, "Health":0.993309, "Value":10133 }, { "Slot":"PowerDistributor", "Item":"Int_PowerDistributor_Size4_Class2", "On":true, "Priority":0, "Health":0.980621, "Value":28373 }, { "Slot":"Radar", "Item":"Int_Sensors_Size3_Class2", "On":true, "Priority":0, "Health":0.997002, "Value":10133 }, { "Slot":"FuelTank", "Item":"Int_FuelTank_Size5_Class3", "On":true, "Priority":1, "Health":1.000000, "Value":97754 }, { "Slot":"Decal1", "Item":"Decal_Explorer_Surveyor", "On":true, "Priority":1, "Health":1.000000, "Value":0 }, { "Slot":"Decal2", "Item":"Decal_Explorer_Surveyor", "On":true, "Priority":1, "Health":1.000000, "Value":0 }, { "Slot":"Decal3", "Item":"Decal_Explorer_Surveyor", "On":true, "Priority":1, "Health":1.000000, "Value":0 }, { "Slot":"Slot01_Size4", "Item":"Int_ShieldGenerator_Size4_Class1", "On":true, "Priority":2, "Health":0.994591, "Value":19878 }, { "Slot":"Slot02_Size4", "Item":"Int_FuelScoop_Size4_Class4", "On":true, "Priority":0, "Health":0.995509, "Value":715591 }, { "Slot":"Slot03_Size3", "Item":"Int_BuggyBay_Size2_Class2", "On":true, "Priority":0, "Health":0.995906, "Value":21600 }, { "Slot":"Slot04_Size3", "Item":"Int_Repairer_Size3_Class2", "On":true, "Priority":0, "AmmoInClip":3200, "Health":0.987025, "Value":97200 }, { "Slot":"Slot05_Size2", "Item":"Int_StellarBodyDiscoveryScanner_Advanced", "On":true, "Priority":1, "Health":0.996946, "Value":1545000 }, { "Slot":"Slot06_Size2", "Item":"Int_DetailedSurfaceScanner_Tiny", "On":true, "Priority":1, "Health":1.000000, "Value":250000 }, { "Slot":"PlanetaryApproachSuite", "Item":"Int_PlanetApproachSuite", "On":true, "Priority":1, "Health":1.000000, "Value":500 }, { "Slot":"ShipCockpit", "Item":"DiamondBackXL_Cockpit", "On":true, "Priority":1, "Health":1.000000, "Value":0 }, { "Slot":"CargoHatch", "Item":"ModularCargoBayDoor", "On":true, "Priority":2, "Health":0.991189, "Value":0 } ] }
{ "timestamp":"2017-10-22T07:58:22Z", "event":"Materials", "Raw":[ { "Name":"carbon", "Count":2 }, { "Name":"iron", "Count":3 } ], "Manufactured":[ { "Name":"mechanicalscrap", "Count":8 }, { "Name":"gridresistors", "Count":3 }, { "Name":"heatdispersionplate", "Count":5 }, { "Name":"salvagedalloys", "Count":6 }, { "Name":"hybridcapacitors", "Count":5 }, { "Name":"heatconductionwiring", "Count":2 } ], "Encoded":[ { "Name":"shieldsoakanalysis", "Count":3 }, { "Name":"disruptedwakeechoes", "Count":5 }, { "Name":"shieldcyclerecordings", "Count":9 }, { "Name":"emissiondata", "Count":3 }, { "Name":"bulkscandata", "Count":9 }, { "Name":"scrambledemissiondata", "Count":7 }, { "Name":"archivedemissiondata", "Count":3 }, { "Name":"shielddensityreports", "Count":9 }, { "Name":"legacyfirmware", "Count":1 } ] }
{ "timestamp":"2017-10-22T07:58:22Z", "event":"LoadGame", "Commander":"Igaguri", "Ship":"DiamondBackXL", "ShipID":2, "ShipName":"KONNYAKU", "ShipIdent":"IG-E01", "FuelLevel":30.439999, "FuelCapacity":32.000000, "GameMode":"Solo", "Credits":726550, "Loan":0 }
{ "timestamp":"2017-10-22T07:58:22Z", "event":"Rank", "Combat":1, "Trade":4, "Explore":4, "Empire":0, "Federation":1, "CQC":0 }
{ "timestamp":"2017-10-22T07:58:22Z", "event":"Progress", "Combat":26, "Trade":1, "Explore":9, "Empire":0, "Federation":100, "CQC":0 }
{ "timestamp":"2017-10-22T07:58:32Z", "event":"Location", "Docked":false, "StarSystem":"Praea Euq KS-B c13-14", "StarPos":[345.531,91.875,779.813], "SystemAllegiance":"", "SystemEconomy":"$economy_None;", "SystemEconomy_Localised":"None", "SystemGovernment":"$government_None;", "SystemGovernment_Localised":"None", "SystemSecurity":"$GAlAXY_MAP_INFO_state_anarchy;", "SystemSecurity_Localised":"Anarchy", "Population":0, "Body":"Praea Euq KS-B c13-14 AB", "BodyType":"Null" }
{ "timestamp":"2017-10-22T07:58:32Z", "event":"Music", "MusicTrack":"NoTrack" }
{ "timestamp":"2017-10-22T07:58:32Z", "event":"Music", "MusicTrack":"Exploration" }
{ "timestamp":"2017-10-22T07:59:01Z", "event":"Music", "MusicTrack":"SystemMap" }
{ "timestamp":"2017-10-22T07:59:06Z", "event":"Music", "MusicTrack":"Exploration" }
{ "timestamp":"2017-10-22T07:59:12Z", "event":"StartJump", "JumpType":"Supercruise" }
{ "timestamp":"2017-10-22T07:59:17Z", "event":"SupercruiseEntry", "StarSystem":"Praea Euq KS-B c13-14" }
{ "timestamp":"2017-10-22T07:59:17Z", "event":"Music", "MusicTrack":"Supercruise" }
{ "timestamp":"2017-10-22T07:59:20Z", "event":"Music", "MusicTrack":"SystemMap" }
{ "timestamp":"2017-10-22T07:59:23Z", "event":"Music", "MusicTrack":"Supercruise" }
{ "timestamp":"2017-10-22T08:06:35Z", "event":"Scan", "BodyName":"Praea Euq KS-B c13-14 C", "DistanceFromArrivalLS":299435.437500, "StarType":"M", "StellarMass":0.250000, "Radius":306191488.000000, "AbsoluteMagnitude":10.573959, "Age_MY":4470, "SurfaceTemperature":2321.000000, "Luminosity":"Va", "SemiMajorAxis":68693904064512.000000, "Eccentricity":0.088035, "OrbitalInclination":26.772594, "Periapsis":319.345490, "OrbitalPeriod":459883020288.000000, "RotationPeriod":131851.828125, "AxialTilt":0.000000 }
{ "timestamp":"2017-10-22T08:07:36Z", "event":"Scan", "BodyName":"Praea Euq KS-B c13-14 C 6", "DistanceFromArrivalLS":297478.125000, "TidalLock":false, "TerraformState":"", "PlanetClass":"Icy body", "Atmosphere":"neon rich atmosphere", "AtmosphereType":"NeonRich", "AtmosphereComposition":[ { "Name":"Helium", "Percent":97.556892 }, { "Name":"Neon", "Percent":2.443105 } ], "Volcanism":"water geysers volcanism", "MassEM":1.299839, "Radius":8410426.000000, "SurfaceGravity":7.324244, "SurfaceTemperature":36.328358, "SurfacePressure":26699.970703, "Landable":false, "SemiMajorAxis":587802411008.000000, "Eccentricity":0.000538, "OrbitalInclination":0.044020, "Periapsis":283.291870, "OrbitalPeriod":491441856.000000, "RotationPeriod":114040.812500, "AxialTilt":-0.209565 }
{ "timestamp":"2017-10-22T08:07:38Z", "event":"Music", "MusicTrack":"SystemMap" }
{ "timestamp":"2017-10-22T08:07:39Z", "event":"Music", "MusicTrack":"Supercruise" }
{ "timestamp":"2017-10-22T08:09:18Z", "event":"Scan", "BodyName":"Praea Euq KS-B c13-14 C 5", "DistanceFromArrivalLS":298151.343750, "TidalLock":false, "TerraformState":"", "PlanetClass":"Icy body", "Atmosphere":"helium atmosphere", "AtmosphereType":"Helium", "AtmosphereComposition":[ { "Name":"Helium", "Percent":89.334976 }, { "Name":"Hydrogen", "Percent":8.427829 }, { "Name":"Neon", "Percent":2.237205 } ], "Volcanism":"major water geysers volcanism", "MassEM":2.591072, "Radius":10229362.000000, "SurfaceGravity":9.869423, "SurfaceTemperature":41.028473, "SurfacePressure":51718.484375, "Landable":false, "SemiMajorAxis":448850657280.000000, "Eccentricity":0.000082, "OrbitalInclination":0.193711, "Periapsis":236.075821, "OrbitalPeriod":327927520.000000, "RotationPeriod":166908.921875, "AxialTilt":1.623983 }
{ "timestamp":"2017-10-22T08:09:49Z", "event":"Scan", "BodyName":"Praea Euq KS-B c13-14 C 5 a", "DistanceFromArrivalLS":298145.812500, "TidalLock":true, "TerraformState":"", "PlanetClass":"Icy body", "Atmosphere":"", "AtmosphereType":"None", "Volcanism":"", "MassEM":0.209695, "Radius":5102702.000000, "SurfaceGravity":3.209937, "SurfaceTemperature":40.164726, "SurfacePressure":1.610925, "Landable":true, "Materials":[ { "Name":"sulphur", "Percent":27.724092 }, { "Name":"carbon", "Percent":23.313091 }, { "Name":"phosphorus", "Percent":14.925441 }, { "Name":"iron", "Percent":12.173345 }, { "Name":"nickel", "Percent":9.207407 }, { "Name":"selenium", "Percent":4.339056 }, { "Name":"zinc", "Percent":3.308259 }, { "Name":"vanadium", "Percent":2.989350 }, { "Name":"niobium", "Percent":0.831983 }, { "Name":"tin", "Percent":0.752585 }, { "Name":"technetium", "Percent":0.435391 } ], "SemiMajorAxis":2203262976.000000, "Eccentricity":0.000000, "OrbitalInclination":-38.542984, "Periapsis":346.195435, "OrbitalPeriod":19448302.000000, "RotationPeriod":20219960.000000, "AxialTilt":-0.359295 }
{ "timestamp":"2017-10-22T08:10:06Z", "event":"Music", "MusicTrack":"SystemMap" }
{ "timestamp":"2017-10-22T08:10:06Z", "event":"Music", "MusicTrack":"Supercruise" }
{ "timestamp":"2017-10-22T08:11:19Z", "event":"Music", "MusicTrack":"SystemMap" }
{ "timestamp":"2017-10-22T08:11:20Z", "event":"Music", "MusicTrack":"Supercruise" }
{ "timestamp":"2017-10-22T08:12:08Z", "event":"Scan", "BodyName":"Praea Euq KS-B c13-14 C 1", "DistanceFromArrivalLS":299635.312500, "TidalLock":false, "TerraformState":"", "PlanetClass":"Rocky ice body", "Atmosphere":"argon rich atmosphere", "AtmosphereType":"ArgonRich", "AtmosphereComposition":[ { "Name":"Nitrogen", "Percent":93.843666 }, { "Name":"Argon", "Percent":5.883806 }, { "Name":"Neon", "Percent":0.255416 } ], "Volcanism":"major water geysers volcanism", "MassEM":1.260321, "Radius":7706970.500000, "SurfaceGravity":8.457132, "SurfaceTemperature":93.358971, "SurfacePressure":220322.296875, "Landable":false, "SemiMajorAxis":74938621952.000000, "Eccentricity":0.000554, "OrbitalInclination":0.000313, "Periapsis":228.717972, "OrbitalPeriod":22370906.000000, "RotationPeriod":335911.968750, "AxialTilt":0.267097 }
{ "timestamp":"2017-10-22T08:13:15Z", "event":"Scan", "BodyName":"Praea Euq KS-B c13-14 C 2", "DistanceFromArrivalLS":299729.406250, "TidalLock":false, "TerraformState":"", "PlanetClass":"Rocky ice body", "Atmosphere":"thick methane rich atmosphere", "AtmosphereType":"MethaneRich", "AtmosphereComposition":[ { "Name":"Nitrogen", "Percent":55.370773 }, { "Name":"Methane", "Percent":43.651531 }, { "Name":"Argon", "Percent":0.553708 } ], "Volcanism":"major water geysers volcanism", "MassEM":1.028954, "Radius":7254972.500000, "SurfaceGravity":7.791731, "SurfaceTemperature":374.548767, "SurfacePressure":295437344.000000, "Landable":false, "SemiMajorAxis":93863813120.000000, "Eccentricity":0.000207, "OrbitalInclination":-0.015554, "Periapsis":340.903595, "OrbitalPeriod":31359730.000000, "RotationPeriod":153232.281250, "AxialTilt":-0.126451 }
{ "timestamp":"2017-10-22T08:14:17Z", "event":"Scan", "BodyName":"Praea Euq KS-B c13-14 C 3", "DistanceFromArrivalLS":299849.718750, "TidalLock":false, "TerraformState":"", "PlanetClass":"Rocky ice body", "Atmosphere":"thick nitrogen atmosphere", "AtmosphereType":"Nitrogen", "AtmosphereComposition":[ { "Name":"Nitrogen", "Percent":99.940994 } ], "Volcanism":"major water geysers volcanism", "MassEM":1.066751, "Radius":7333685.500000, "SurfaceGravity":7.905474, "SurfaceTemperature":132.081116, "SurfacePressure":168496256.000000, "Landable":false, "SemiMajorAxis":137600909312.000000, "Eccentricity":0.000589, "OrbitalInclination":-0.000074, "Periapsis":83.759453, "OrbitalPeriod":55661768.000000, "RotationPeriod":108261.906250, "AxialTilt":0.158667 }
{ "timestamp":"2017-10-22T08:14:31Z", "event":"Music", "MusicTrack":"SystemMap" }
{ "timestamp":"2017-10-22T08:14:42Z", "event":"Music", "MusicTrack":"Supercruise" }
{ "timestamp":"2017-10-22T08:16:26Z", "event":"Scan", "BodyName":"Praea Euq KS-B c13-14 C 4", "DistanceFromArrivalLS":298912.062500, "TidalLock":false, "TerraformState":"", "PlanetClass":"Icy body", "Atmosphere":"helium atmosphere", "AtmosphereType":"Helium", "AtmosphereComposition":[ { "Name":"Helium", "Percent":89.334976 }, { "Name":"Hydrogen", "Percent":8.427828 }, { "Name":"Neon", "Percent":2.237205 } ], "Volcanism":"major water geysers volcanism", "MassEM":3.154242, "Radius":10873912.000000, "SurfaceGravity":10.632438, "SurfaceTemperature":47.530746, "SurfacePressure":61444.859375, "Landable":false, "SemiMajorAxis":320023035904.000000, "Eccentricity":0.003424, "OrbitalInclination":-0.116362, "Periapsis":74.458710, "OrbitalPeriod":197422640.000000, "RotationPeriod":165786.859375, "AxialTilt":0.310575 }
{ "timestamp":"2017-10-22T08:16:45Z", "event":"Music", "MusicTrack":"SystemMap" }
{ "timestamp":"2017-10-22T08:27:16Z", "event":"Music", "MusicTrack":"Supercruise" }
{ "timestamp":"2017-10-22T08:27:19Z", "event":"Music", "MusicTrack":"SystemMap" }
{ "timestamp":"2017-10-22T08:27:23Z", "event":"Music", "MusicTrack":"Supercruise" }
{ "timestamp":"2017-10-22T08:30:41Z", "event":"Scan", "BodyName":"Praea Euq KS-B c13-14 C 7", "DistanceFromArrivalLS":301792.593750, "TidalLock":false, "TerraformState":"", "PlanetClass":"Icy body", "Atmosphere":"helium atmosphere", "AtmosphereType":"Helium", "AtmosphereComposition":[ { "Name":"Helium", "Percent":89.334976 }, { "Name":"Hydrogen", "Percent":8.427828 }, { "Name":"Neon", "Percent":2.237205 } ], "Volcanism":"major water geysers volcanism", "MassEM":4.556627, "Radius":12043861.000000, "SurfaceGravity":12.520494, "SurfaceTemperature":28.724396, "SurfacePressure":85204.625000, "Landable":false, "SemiMajorAxis":1089695842304.000000, "Eccentricity":0.008758, "OrbitalInclination":1.347406, "Periapsis":67.023849, "OrbitalPeriod":1240460544.000000, "RotationPeriod":121066.539063, "AxialTilt":0.059354 }
{ "timestamp":"2017-10-22T08:30:45Z", "event":"Music", "MusicTrack":"SystemMap" }
{ "timestamp":"2017-10-22T08:30:49Z", "event":"Music", "MusicTrack":"Supercruise" }
{ "timestamp":"2017-10-22T08:31:04Z", "event":"Music", "MusicTrack":"SystemMap" }
{ "timestamp":"2017-10-22T08:31:10Z", "event":"Music", "MusicTrack":"Supercruise" }
{ "timestamp":"2017-10-22T08:31:32Z", "event":"Music", "MusicTrack":"SystemMap" }
{ "timestamp":"2017-10-22T08:31:40Z", "event":"Music", "MusicTrack":"Supercruise" }
{ "timestamp":"2017-10-22T08:34:20Z", "event":"Scan", "BodyName":"Praea Euq KS-B c13-14 C 8", "DistanceFromArrivalLS":310987.937500, "TidalLock":false, "TerraformState":"", "PlanetClass":"Sudarsky class I gas giant", "Atmosphere":"", "AtmosphereComposition":[ { "Name":"Hydrogen", "Percent":74.372650 }, { "Name":"Helium", "Percent":25.627359 } ], "Volcanism":"", "MassEM":14.769585, "Radius":21020424.000000, "SurfaceGravity":13.322777, "SurfaceTemperature":16.784758, "SurfacePressure":0.000000, "Landable":false, "SemiMajorAxis":7545437552640.000000, "Eccentricity":0.039919, "OrbitalInclination":128.720474, "Periapsis":118.240417, "OrbitalPeriod":22602250240.000000, "RotationPeriod":71906.437500, "AxialTilt":0.309343 }
{ "timestamp":"2017-10-22T08:34:31Z", "event":"Music", "MusicTrack":"GalaxyMap" }
{ "timestamp":"2017-10-22T08:34:40Z", "event":"Music", "MusicTrack":"Supercruise" }
{ "timestamp":"2017-10-22T08:35:12Z", "event":"StartJump", "JumpType":"Hyperspace", "StarSystem":"Praea Euq UA-C b27-5", "StarClass":"M" }
{ "timestamp":"2017-10-22T08:35:18Z", "event":"Music", "MusicTrack":"NoTrack" }
{ "timestamp":"2017-10-22T08:35:31Z", "event":"FSDJump", "StarSystem":"Praea Euq UA-C b27-5", "StarPos":[349.094,108.344,799.125], "SystemAllegiance":"", "SystemEconomy":"$economy_None;", "SystemEconomy_Localised":"None", "SystemGovernment":"$government_None;", "SystemGovernment_Localised":"None", "SystemSecurity":"$GAlAXY_MAP_INFO_state_anarchy;", "SystemSecurity_Localised":"Anarchy", "Population":0, "JumpDist":25.630, "FuelUsed":3.822041, "FuelLevel":25.577957 }
{ "timestamp":"2017-10-22T08:35:31Z", "event":"Music", "MusicTrack":"Supercruise" }
{ "timestamp":"2017-10-22T08:35:59Z", "event":"FuelScoop", "Scooped":5.001772, "Total":30.579716 }
{ "timestamp":"2017-10-22T08:36:04Z", "event":"FuelScoop", "Scooped":1.420275, "Total":32.000000 }
{ "timestamp":"2017-10-22T08:36:07Z", "event":"Music", "MusicTrack":"SystemMap" }
{ "timestamp":"2017-10-22T08:36:18Z", "event":"Music", "MusicTrack":"Supercruise" }
{ "timestamp":"2017-10-22T08:37:53Z", "event":"Scan", "BodyName":"Praea Euq UA-C b27-5 5", "DistanceFromArrivalLS":1603.188965, "TidalLock":false, "TerraformState":"", "PlanetClass":"Icy body", "Atmosphere":"neon rich atmosphere", "AtmosphereType":"NeonRich", "AtmosphereComposition":[ { "Name":"Helium", "Percent":97.556892 }, { "Name":"Neon", "Percent":2.443105 } ], "Volcanism":"minor carbon dioxide geysers volcanism", "MassEM":1.477807, "Radius":8750396.000000, "SurfaceGravity":7.692575, "SurfaceTemperature":32.291637, "SurfacePressure":29630.261719, "Landable":false, "SemiMajorAxis":1547672832.000000, "Eccentricity":0.057355, "OrbitalInclination":-4.675980, "Periapsis":354.376068, "OrbitalPeriod":33565056.000000, "RotationPeriod":210612.578125, "AxialTilt":-0.060959 }
{ "timestamp":"2017-10-22T08:38:13Z", "event":"Scan", "BodyName":"Praea Euq UA-C b27-5 6", "DistanceFromArrivalLS":1602.742920, "TidalLock":false, "TerraformState":"", "PlanetClass":"Icy body", "Atmosphere":"neon rich atmosphere", "AtmosphereType":"NeonRich", "AtmosphereComposition":[ { "Name":"Helium", "Percent":97.556892 }, { "Name":"Neon", "Percent":2.443105 } ], "Volcanism":"minor carbon dioxide geysers volcanism", "MassEM":1.388676, "Radius":8590984.000000, "SurfaceGravity":7.499364, "SurfaceTemperature":32.280926, "SurfacePressure":28160.537109, "Landable":false, "SemiMajorAxis":1647009280.000000, "Eccentricity":0.057355, "OrbitalInclination":-4.675980, "Periapsis":174.376053, "OrbitalPeriod":33565056.000000, "RotationPeriod":120721.226563, "AxialTilt":0.083691 }
{ "timestamp":"2017-10-22T08:38:17Z", "event":"Music", "MusicTrack":"SystemMap" }
{ "timestamp":"2017-10-22T08:38:20Z", "event":"Music", "MusicTrack":"Supercruise" }
{ "timestamp":"2017-10-22T08:40:03Z", "event":"Scan", "BodyName":"Praea Euq UA-C b27-5 7", "DistanceFromArrivalLS":2140.649414, "TidalLock":false, "TerraformState":"", "PlanetClass":"Icy body", "Atmosphere":"neon rich atmosphere", "AtmosphereType":"NeonRich", "AtmosphereComposition":[ { "Name":"Helium", "Percent":97.556892 }, { "Name":"Neon", "Percent":2.443105 } ], "Volcanism":"", "MassEM":0.898782, "Radius":7542948.500000, "SurfaceGravity":6.296240, "SurfaceTemperature":27.844547, "SurfacePressure":19849.730469, "Landable":false, "SemiMajorAxis":642340421632.000000, "Eccentricity":0.000923, "OrbitalInclination":0.069026, "Periapsis":299.129852, "OrbitalPeriod":594915648.000000, "RotationPeriod":128664.367188, "AxialTilt":-0.220928 }
{ "timestamp":"2017-10-22T08:40:04Z", "event":"Music", "MusicTrack":"SystemMap" }
{ "timestamp":"2017-10-22T08:40:07Z", "event":"Music", "MusicTrack":"Supercruise" }
{ "timestamp":"2017-10-22T08:43:05Z", "event":"Scan", "BodyName":"Praea Euq UA-C b27-5 8", "DistanceFromArrivalLS":3074.139648, "TidalLock":false, "TerraformState":"", "PlanetClass":"Icy body", "Atmosphere":"helium atmosphere", "AtmosphereType":"Helium", "AtmosphereComposition":[ { "Name":"Helium", "Percent":91.379318 }, { "Name":"Hydrogen", "Percent":8.620689 } ], "Volcanism":"major water geysers volcanism", "MassEM":4.767894, "Radius":12175934.000000, "SurfaceGravity":12.818327, "SurfaceTemperature":23.499744, "SurfacePressure":86638.125000, "Landable":false, "SemiMajorAxis":926713643008.000000, "Eccentricity":0.007024, "OrbitalInclination":0.112572, "Periapsis":236.666931, "OrbitalPeriod":1030922176.000000, "RotationPeriod":101366.968750, "AxialTilt":-1.293494 }
{ "timestamp":"2017-10-22T08:43:26Z", "event":"Scan", "BodyName":"Praea Euq UA-C b27-5 8 a", "DistanceFromArrivalLS":3080.105957, "TidalLock":false, "TerraformState":"", "PlanetClass":"Icy body", "Atmosphere":"", "AtmosphereType":"None", "Volcanism":"", "MassEM":0.231779, "Radius":5268830.500000, "SurfaceGravity":3.327786, "SurfaceTemperature":22.926781, "SurfacePressure":1.734312, "Landable":true, "Materials":[ { "Name":"sulphur", "Percent":28.602135 }, { "Name":"carbon", "Percent":24.051432 }, { "Name":"phosphorus", "Percent":15.398140 }, { "Name":"iron", "Percent":12.336385 }, { "Name":"nickel", "Percent":9.330724 }, { "Name":"germanium", "Percent":3.291749 }, { "Name":"vanadium", "Percent":3.029387 }, { "Name":"arsenic", "Percent":1.472115 }, { "Name":"cadmium", "Percent":0.957976 }, { "Name":"tellurium", "Percent":0.852570 }, { "Name":"tungsten", "Percent":0.677391 } ], "SemiMajorAxis":7881954816.000000, "Eccentricity":0.000000, "OrbitalInclination":-80.332664, "Periapsis":246.823822, "OrbitalPeriod":98491952.000000, "RotationPeriod":172369.656250, "AxialTilt":0.274511 }
{ "timestamp":"2017-10-22T08:43:44Z", "event":"Music", "MusicTrack":"SystemMap" }
{ "timestamp":"2017-10-22T08:43:45Z", "event":"Music", "MusicTrack":"Supercruise" }
{ "timestamp":"2017-10-22T08:43:47Z", "event":"Music", "MusicTrack":"GalaxyMap" }
{ "timestamp":"2017-10-22T08:43:49Z", "event":"Music", "MusicTrack":"Supercruise" }
{ "timestamp":"2017-10-22T08:45:01Z", "event":"StartJump", "JumpType":"Hyperspace", "StarSystem":"Praea Euq WL-A b28-0", "StarClass":"M" }
{ "timestamp":"2017-10-22T08:45:06Z", "event":"Music", "MusicTrack":"NoTrack" }
{ "timestamp":"2017-10-22T08:45:19Z", "event":"FSDJump", "StarSystem":"Praea Euq WL-A b28-0", "StarPos":[349.313,124.531,815.469], "SystemAllegiance":"", "SystemEconomy":"$economy_None;", "SystemEconomy_Localised":"None", "SystemGovernment":"$government_None;", "SystemGovernment_Localised":"None", "SystemSecurity":"$GAlAXY_MAP_INFO_state_anarchy;", "SystemSecurity_Localised":"Anarchy", "Population":0, "JumpDist":23.004, "FuelUsed":2.971780, "FuelLevel":28.508219 }
{ "timestamp":"2017-10-22T08:45:20Z", "event":"Music", "MusicTrack":"Supercruise" }
{ "timestamp":"2017-10-22T08:45:37Z", "event":"Music", "MusicTrack":"SystemMap" }
{ "timestamp":"2017-10-22T08:45:39Z", "event":"Music", "MusicTrack":"Supercruise" }
{ "timestamp":"2017-10-22T08:45:40Z", "event":"FuelScoop", "Scooped":3.491757, "Total":32.000000 }
{ "timestamp":"2017-10-22T08:46:15Z", "event":"Scan", "BodyName":"Praea Euq WL-A b28-0 A", "DistanceFromArrivalLS":0.000000, "StarType":"M", "StellarMass":0.312500, "Radius":348386720.000000, "AbsoluteMagnitude":9.553635, "Age_MY":3024, "SurfaceTemperature":2752.000000, "Luminosity":"Va", "SemiMajorAxis":380355411968.000000, "Eccentricity":0.081514, "OrbitalInclination":-44.507393, "Periapsis":282.543182, "OrbitalPeriod":3070255616.000000, "RotationPeriod":195551.015625, "AxialTilt":0.000000 }
{ "timestamp":"2017-10-22T08:47:25Z", "event":"Music", "MusicTrack":"SystemMap" }
{ "timestamp":"2017-10-22T08:47:37Z", "event":"Music", "MusicTrack":"Supercruise" }
{ "timestamp":"2017-10-22T08:47:51Z", "event":"Music", "MusicTrack":"SystemMap" }
{ "timestamp":"2017-10-22T08:47:56Z", "event":"Music", "MusicTrack":"Supercruise" }
{ "timestamp":"2017-10-22T08:49:52Z", "event":"Music", "MusicTrack":"SystemMap" }
{ "timestamp":"2017-10-22T08:49:53Z", "event":"Music", "MusicTrack":"Supercruise" }
{ "timestamp":"2017-10-22T08:50:49Z", "event":"Scan", "BodyName":"Praea Euq WL-A b28-0 B", "DistanceFromArrivalLS":7629.231445, "StarType":"T", "StellarMass":0.062500, "Radius":111749480.000000, "AbsoluteMagnitude":16.717468, "Age_MY":3024, "SurfaceTemperature":934.000000, "Luminosity":"V", "SemiMajorAxis":1901777780736.000000, "Eccentricity":0.081514, "OrbitalInclination":-44.507393, "Periapsis":102.543190, "OrbitalPeriod":3070255616.000000, "RotationPeriod":59759.902344, "AxialTilt":0.000000, "Rings":[ { "Name":"Praea Euq WL-A b28-0 B A Belt", "RingClass":"eRingClass_Rocky", "MassMT":1.0884e+12, "InnerRad":2.0344e+08, "OuterRad":9.5763e+08 } ] }
{ "timestamp":"2017-10-22T08:51:59Z", "event":"Scan", "BodyName":"Praea Euq WL-A b28-0 B 1", "DistanceFromArrivalLS":7552.787109, "TidalLock":false, "TerraformState":"", "PlanetClass":"Icy body", "Atmosphere":"", "AtmosphereType":"None", "Volcanism":"", "MassEM":0.000308, "Radius":569830.750000, "SurfaceGravity":0.378117, "SurfaceTemperature":55.285973, "SurfacePressure":59.923870, "Landable":true, "Materials":[ { "Name":"sulphur", "Percent":22.450071 }, { "Name":"carbon", "Percent":18.878185 }, { "Name":"iron", "Percent":15.331160 }, { "Name":"phosphorus", "Percent":12.086139 }, { "Name":"nickel", "Percent":11.595846 }, { "Name":"chromium", "Percent":6.894931 }, { "Name":"manganese", "Percent":6.331612 }, { "Name":"zinc", "Percent":4.166435 }, { "Name":"niobium", "Percent":1.047803 }, { "Name":"mercury", "Percent":0.669487 }, { "Name":"technetium", "Percent":0.548334 } ], "SemiMajorAxis":23521181696.000000, "Eccentricity":0.000746, "OrbitalInclination":0.008594, "Periapsis":298.948059, "OrbitalPeriod":7869143.000000, "RotationPeriod":119934.125000, "AxialTilt":-0.028322 }
{ "timestamp":"2017-10-22T08:52:02Z", "event":"Music", "MusicTrack":"SystemMap" }
{ "timestamp":"2017-10-22T08:52:03Z", "event":"Music", "MusicTrack":"Supercruise" }
{ "timestamp":"2017-10-22T08:52:35Z", "event":"Music", "MusicTrack":"SystemMap" }
{ "timestamp":"2017-10-22T08:52:39Z", "event":"Music", "MusicTrack":"Supercruise" }
{ "timestamp":"2017-10-22T08:53:47Z", "event":"Scan", "BodyName":"Praea Euq WL-A b28-0 B 2", "DistanceFromArrivalLS":7603.933594, "TidalLock":false, "TerraformState":"", "PlanetClass":"Icy body", "Atmosphere":"", "AtmosphereType":"None", "Volcanism":"", "MassEM":0.000449, "Radius":645711.937500, "SurfaceGravity":0.429177, "SurfaceTemperature":40.325607, "SurfacePressure":0.000000, "Landable":true, "Materials":[ { "Name":"sulphur", "Percent":24.298998 }, { "Name":"carbon", "Percent":20.432940 }, { "Name":"iron", "Percent":16.593773 }, { "Name":"phosphorus", "Percent":13.081518 }, { "Name":"nickel", "Percent":12.550834 }, { "Name":"zinc", "Percent":4.509566 }, { "Name":"vanadium", "Percent":4.074853 }, { "Name":"arsenic", "Percent":1.574027 }, { "Name":"niobium", "Percent":1.134096 }, { "Name":"ruthenium", "Percent":1.024771 }, { "Name":"mercury", "Percent":0.724623 } ], "SemiMajorAxis":68281831424.000000, "Eccentricity":0.000202, "OrbitalInclination":-0.322298, "Periapsis":155.369171, "OrbitalPeriod":38922120.000000, "RotationPeriod":65608.617188, "AxialTilt":0.454876 }
{ "timestamp":"2017-10-22T08:54:02Z", "event":"Music", "MusicTrack":"SystemMap" }
{ "timestamp":"2017-10-22T08:54:03Z", "event":"Music", "MusicTrack":"Supercruise" }
{ "timestamp":"2017-10-22T08:55:11Z", "event":"Scan", "BodyName":"Praea Euq WL-A b28-0 B 3", "DistanceFromArrivalLS":7833.802734, "TidalLock":false, "TerraformState":"", "PlanetClass":"Icy body", "Atmosphere":"", "AtmosphereType":"None", "Volcanism":"", "MassEM":0.000276, "Radius":549410.000000, "SurfaceGravity":0.364408, "SurfaceTemperature":37.100895, "SurfacePressure":0.000000, "Landable":true, "Materials":[ { "Name":"sulphur", "Percent":23.439096 }, { "Name":"carbon", "Percent":19.709850 }, { "Name":"iron", "Percent":16.006630 }, { "Name":"phosphorus", "Percent":12.618587 }, { "Name":"nickel", "Percent":12.106744 }, { "Name":"chromium", "Percent":7.198713 }, { "Name":"zinc", "Percent":4.350003 }, { "Name":"zirconium", "Percent":1.858700 }, { "Name":"niobium", "Percent":1.093968 }, { "Name":"molybdenum", "Percent":1.045224 }, { "Name":"technetium", "Percent":0.572493 } ], "SemiMajorAxis":94957510656.000000, "Eccentricity":0.001138, "OrbitalInclination":0.054383, "Periapsis":329.126862, "OrbitalPeriod":63831164.000000, "RotationPeriod":64991.609375, "AxialTilt":-0.336180 }
{ "timestamp":"2017-10-22T08:55:32Z", "event":"Music", "MusicTrack":"SystemMap" }
{ "timestamp":"2017-10-22T08:55:33Z", "event":"Music", "MusicTrack":"Supercruise" }
{ "timestamp":"2017-10-22T08:56:42Z", "event":"Scan", "BodyName":"Praea Euq WL-A b28-0 B 5", "DistanceFromArrivalLS":7982.473633, "TidalLock":false, "TerraformState":"", "PlanetClass":"Icy body", "Atmosphere":"", "AtmosphereType":"None", "Volcanism":"", "MassEM":0.000499, "Radius":668810.625000, "SurfaceGravity":0.444758, "SurfaceTemperature":32.572269, "SurfacePressure":0.000000, "Landable":true, "Materials":[ { "Name":"sulphur", "Percent":22.983772 }, { "Name":"carbon", "Percent":19.326971 }, { "Name":"iron", "Percent":15.695643 }, { "Name":"phosphorus", "Percent":12.373459 }, { "Name":"nickel", "Percent":11.871527 }, { "Name":"chromium", "Percent":7.058852 }, { "Name":"zinc", "Percent":4.265489 }, { "Name":"germanium", "Percent":3.329137 }, { "Name":"cadmium", "Percent":1.218838 }, { "Name":"tin", "Percent":1.014063 }, { "Name":"tellurium", "Percent":0.862253 } ], "SemiMajorAxis":169605578752.000000, "Eccentricity":0.002826, "OrbitalInclination":-0.258699, "Periapsis":112.863823, "OrbitalPeriod":152369808.000000, "RotationPeriod":76599.726563, "AxialTilt":-0.481907 }
{ "timestamp":"2017-10-22T08:56:44Z", "event":"Music", "MusicTrack":"SystemMap" }
{ "timestamp":"2017-10-22T08:56:50Z", "event":"Music", "MusicTrack":"Supercruise" }
{ "timestamp":"2017-10-22T08:58:30Z", "event":"Scan", "BodyName":"Praea Euq WL-A b28-0 B 4", "DistanceFromArrivalLS":8045.044434, "TidalLock":false, "TerraformState":"", "PlanetClass":"Icy body", "Atmosphere":"", "AtmosphereType":"None", "Volcanism":"", "MassEM":0.000227, "Radius":514603.750000, "SurfaceGravity":0.341070, "SurfaceTemperature":34.794250, "SurfacePressure":0.000000, "Landable":true, "Materials":[ { "Name":"sulphur", "Percent":23.613277 }, { "Name":"carbon", "Percent":19.856319 }, { "Name":"iron", "Percent":16.125580 }, { "Name":"phosphorus", "Percent":12.712358 }, { "Name":"nickel", "Percent":12.196712 }, { "Name":"chromium", "Percent":7.252208 }, { "Name":"germanium", "Percent":3.420321 }, { "Name":"zirconium", "Percent":1.872512 }, { "Name":"niobium", "Percent":1.102097 }, { "Name":"yttrium", "Percent":0.963162 }, { "Name":"tungsten", "Percent":0.885456 } ], "SemiMajorAxis":124946972672.000000, "Eccentricity":0.000374, "OrbitalInclination":-1.575310, "Periapsis":340.020599, "OrbitalPeriod":96344600.000000, "RotationPeriod":102826.414063, "AxialTilt":-0.101484 }
{ "timestamp":"2017-10-22T08:58:50Z", "event":"StartJump", "JumpType":"Hyperspace", "StarSystem":"Praea Euq UQ-A b28-2", "StarClass":"TTS" }
{ "timestamp":"2017-10-22T08:58:55Z", "event":"Music", "MusicTrack":"NoTrack" }
{ "timestamp":"2017-10-22T08:59:09Z", "event":"FSDJump", "StarSystem":"Praea Euq UQ-A b28-2", "StarPos":[345.656,135.125,833.219], "SystemAllegiance":"", "SystemEconomy":"$economy_None;", "SystemEconomy_Localised":"None", "SystemGovernment":"$government_None;", "SystemGovernment_Localised":"None", "SystemSecurity":"$GAlAXY_MAP_INFO_state_anarchy;", "SystemSecurity_Localised":"Anarchy", "Population":0, "JumpDist":20.992, "FuelUsed":2.382218, "FuelLevel":29.617783 }
{ "timestamp":"2017-10-22T08:59:09Z", "event":"Music", "MusicTrack":"Supercruise" }
{ "timestamp":"2017-10-22T08:59:26Z", "event":"Music", "MusicTrack":"SystemMap" }
{ "timestamp":"2017-10-22T08:59:30Z", "event":"Music", "MusicTrack":"Supercruise" }
{ "timestamp":"2017-10-22T08:59:31Z", "event":"Scan", "BodyName":"Praea Euq UQ-A b28-2", "DistanceFromArrivalLS":0.000000, "StarType":"TTS", "StellarMass":0.289063, "Radius":345627488.000000, "AbsoluteMagnitude":9.338882, "Age_MY":102, "SurfaceTemperature":2903.000000, "Luminosity":"Va", "RotationPeriod":218188.187500, "AxialTilt":0.000000, "Rings":[ { "Name":"Praea Euq UQ-A b28-2 A Belt", "RingClass":"eRingClass_Rocky", "MassMT":7.1616e+13, "InnerRad":5.7029e+08, "OuterRad":1.6611e+09 } ] }
{ "timestamp":"2017-10-22T09:00:12Z", "event":"StartJump", "JumpType":"Hyperspace", "StarSystem":"Praea Euq YW-Y b28-2", "StarClass":"M" }
{ "timestamp":"2017-10-22T09:00:17Z", "event":"Music", "MusicTrack":"NoTrack" }
{ "timestamp":"2017-10-22T09:00:30Z", "event":"FSDJump", "StarSystem":"Praea Euq YW-Y b28-2", "StarPos":[350.063,150.031,850.031], "SystemAllegiance":"", "SystemEconomy":"$economy_None;", "SystemEconomy_Localised":"None", "SystemGovernment":"$government_None;", "SystemGovernment_Localised":"None", "SystemSecurity":"$GAlAXY_MAP_INFO_state_anarchy;", "SystemSecurity_Localised":"Anarchy", "Population":0, "JumpDist":22.897, "FuelUsed":2.903537, "FuelLevel":26.714247 }
{ "timestamp":"2017-10-22T09:00:31Z", "event":"Music", "MusicTrack":"Supercruise" }
{ "timestamp":"2017-10-22T09:00:58Z", "event":"FuelScoop", "Scooped":5.003738, "Total":31.718000 }
{ "timestamp":"2017-10-22T09:00:59Z", "event":"FuelScoop", "Scooped":0.281996, "Total":32.000000 }
{ "timestamp":"2017-10-22T09:01:03Z", "event":"FuelScoop", "Scooped":0.519990, "Total":32.000000 }
{ "timestamp":"2017-10-22T09:01:26Z", "event":"Music", "MusicTrack":"SystemMap" }
{ "timestamp":"2017-10-22T09:01:29Z", "event":"Music", "MusicTrack":"Supercruise" }
{ "timestamp":"2017-10-22T09:01:38Z", "event":"Scan", "BodyName":"Praea Euq YW-Y b28-2 A", "DistanceFromArrivalLS":0.000000, "StarType":"M", "StellarMass":0.312500, "Radius":318183584.000000, "AbsoluteMagnitude":9.351257, "Age_MY":1094, "SurfaceTemperature":3017.000000, "Luminosity":"Va", "SemiMajorAxis":535659446272.000000, "Eccentricity":0.036516, "OrbitalInclination":39.747757, "Periapsis":142.659012, "OrbitalPeriod":2735065856.000000, "RotationPeriod":156726.968750, "AxialTilt":0.000000 }
{ "timestamp":"2017-10-22T09:01:39Z", "event":"Music", "MusicTrack":"SystemMap" }
{ "timestamp":"2017-10-22T09:01:41Z", "event":"Music", "MusicTrack":"Supercruise" }
{ "timestamp":"2017-10-22T09:01:58Z", "event":"Music", "MusicTrack":"SystemMap" }
{ "timestamp":"2017-10-22T09:02:03Z", "event":"Music", "MusicTrack":"Supercruise" }
{ "timestamp":"2017-10-22T09:02:54Z", "event":"Music", "MusicTrack":"SystemMap" }
{ "timestamp":"2017-10-22T09:02:57Z", "event":"Music", "MusicTrack":"Supercruise" }
{ "timestamp":"2017-10-22T09:03:01Z", "event":"Scan", "BodyName":"Praea Euq YW-Y b28-2 A 1", "DistanceFromArrivalLS":280.182281, "TidalLock":false, "TerraformState":"", "PlanetClass":"High metal content body", "Atmosphere":"", "AtmosphereType":"None", "Volcanism":"", "MassEM":0.032047, "Radius":2110789.000000, "SurfaceGravity":2.866861, "SurfaceTemperature":111.053551, "SurfacePressure":0.000000, "Landable":true, "Materials":[ { "Name":"iron", "Percent":20.699844 }, { "Name":"sulphur", "Percent":16.053333 }, { "Name":"nickel", "Percent":15.656493 }, { "Name":"carbon", "Percent":13.499191 }, { "Name":"chromium", "Percent":9.309407 }, { "Name":"phosphorus", "Percent":8.642414 }, { "Name":"manganese", "Percent":8.548823 }, { "Name":"germanium", "Percent":4.298787 }, { "Name":"niobium", "Percent":1.414724 }, { "Name":"tungsten", "Percent":1.136629 }, { "Name":"technetium", "Percent":0.740350 } ], "SemiMajorAxis":84029440000.000000, "Eccentricity":0.002248, "OrbitalInclination":0.733227, "Periapsis":315.529266, "OrbitalPeriod":23762916.000000, "RotationPeriod":49751.035156, "AxialTilt":-0.521388 }
{ "timestamp":"2017-10-22T09:03:05Z", "event":"Music", "MusicTrack":"SystemMap" }
{ "timestamp":"2017-10-22T09:03:07Z", "event":"Music", "MusicTrack":"Supercruise" }
{ "timestamp":"2017-10-22T09:04:40Z", "event":"Scan", "BodyName":"Praea Euq YW-Y b28-2 A 2", "DistanceFromArrivalLS":369.497925, "TidalLock":false, "TerraformState":"", "PlanetClass":"High metal content body", "Atmosphere":"argon atmosphere", "AtmosphereType":"Argon", "AtmosphereComposition":[ { "Name":"Argon", "Percent":100.000000 } ], "Volcanism":"", "MassEM":0.057059, "Radius":2540786.000000, "SurfaceGravity":3.522893, "SurfaceTemperature":98.951180, "SurfacePressure":40143.093750, "Landable":false, "SemiMajorAxis":110755512320.000000, "Eccentricity":0.000559, "OrbitalInclination":-0.640804, "Periapsis":73.002281, "OrbitalPeriod":35958416.000000, "RotationPeriod":43617.492188, "AxialTilt":-0.553167 }
{ "timestamp":"2017-10-22T09:04:57Z", "event":"Scan", "BodyName":"Praea Euq YW-Y b28-2 A 2 a", "DistanceFromArrivalLS":369.560242, "TidalLock":true, "TerraformState":"", "PlanetClass":"Rocky ice body", "Atmosphere":"", "AtmosphereType":"None", "Volcanism":"", "MassEM":0.000696, "Radius":649541.687500, "SurfaceGravity":0.657763, "SurfaceTemperature":97.594948, "SurfacePressure":0.000000, "Landable":true, "Materials":[ { "Name":"sulphur", "Percent":19.092175 }, { "Name":"iron", "Percent":17.694897 }, { "Name":"carbon", "Percent":16.054541 }, { "Name":"nickel", "Percent":13.383677 }, { "Name":"phosphorus", "Percent":10.278394 }, { "Name":"chromium", "Percent":7.957982 }, { "Name":"manganese", "Percent":7.307811 }, { "Name":"zinc", "Percent":4.808810 }, { "Name":"niobium", "Percent":1.209352 }, { "Name":"molybdenum", "Percent":1.155466 }, { "Name":"yttrium", "Percent":1.056895 } ], "SemiMajorAxis":66219084.000000, "Eccentricity":0.000000, "OrbitalInclination":-64.026779, "Periapsis":150.513702, "OrbitalPeriod":705664.937500, "RotationPeriod":709957.375000, "AxialTilt":0.431253 }
{ "timestamp":"2017-10-22T09:04:59Z", "event":"Music", "MusicTrack":"SystemMap" }
{ "timestamp":"2017-10-22T09:05:02Z", "event":"Music", "MusicTrack":"Supercruise" }
{ "timestamp":"2017-10-22T09:06:46Z", "event":"Scan", "BodyName":"Praea Euq YW-Y b28-2 A 4", "DistanceFromArrivalLS":959.815186, "TidalLock":true, "TerraformState":"", "PlanetClass":"Icy body", "Atmosphere":"methane rich atmosphere", "AtmosphereType":"MethaneRich", "AtmosphereComposition":[ { "Name":"Nitrogen", "Percent":97.463478 }, { "Name":"Methane", "Percent":1.561889 }, { "Name":"Argon", "Percent":0.974635 } ], "Volcanism":"", "MassEM":0.093079, "Radius":3694936.500000, "SurfaceGravity":2.717366, "SurfaceTemperature":88.774055, "SurfacePressure":310852.937500, "Landable":false, "SemiMajorAxis":105370456.000000, "Eccentricity":0.164421, "OrbitalInclination":-1.224666, "Periapsis":119.291954, "OrbitalPeriod":5257045.000000, "RotationPeriod":9384108.000000, "AxialTilt":0.919752 }
{ "timestamp":"2017-10-22T09:07:04Z", "event":"Scan", "BodyName":"Praea Euq YW-Y b28-2 A 5", "DistanceFromArrivalLS":959.291870, "TidalLock":true, "TerraformState":"", "PlanetClass":"Icy body", "Atmosphere":"thin argon atmosphere", "AtmosphereType":"Argon", "AtmosphereComposition":[ { "Name":"Argon", "Percent":100.000000 } ], "Volcanism":"", "MassEM":0.042572, "Radius":2885271.250000, "SurfaceGravity":2.038243, "SurfaceTemperature":63.209793, "SurfacePressure":1705.873901, "Landable":false, "SemiMajorAxis":230383776.000000, "Eccentricity":0.164421, "OrbitalInclination":-1.224666, "Periapsis":299.291962, "OrbitalPeriod":5257045.000000, "RotationPeriod":6346386.000000, "AxialTilt":0.502235 }
{ "timestamp":"2017-10-22T09:07:08Z", "event":"Music", "MusicTrack":"SystemMap" }
{ "timestamp":"2017-10-22T09:07:12Z", "event":"Music", "MusicTrack":"Supercruise" }
{ "timestamp":"2017-10-22T09:09:15Z", "event":"Scan", "BodyName":"Praea Euq YW-Y b28-2 A 3", "DistanceFromArrivalLS":695.958435, "TidalLock":false, "TerraformState":"", "PlanetClass":"Icy body", "Atmosphere":"thin argon atmosphere", "AtmosphereType":"Argon", "AtmosphereComposition":[ { "Name":"Argon", "Percent":100.000000 } ], "Volcanism":"", "MassEM":0.053424, "Radius":3105162.250000, "SurfaceGravity":2.208413, "SurfaceTemperature":73.134132, "SurfacePressure":2044.439819, "Landable":false, "SemiMajorAxis":208786145280.000000, "Eccentricity":0.002040, "OrbitalInclination":0.058764, "Periapsis":20.170013, "OrbitalPeriod":93069008.000000, "RotationPeriod":77181.343750, "AxialTilt":-0.399990 }
{ "timestamp":"2017-10-22T09:09:18Z", "event":"Music", "MusicTrack":"SystemMap" }
{ "timestamp":"2017-10-22T09:09:26Z", "event":"Music", "MusicTrack":"Supercruise" }
{ "timestamp":"2017-10-22T09:11:17Z", "event":"Scan", "BodyName":"Praea Euq YW-Y b28-2 A 6", "DistanceFromArrivalLS":1137.933228, "TidalLock":true, "TerraformState":"", "PlanetClass":"Icy body", "Atmosphere":"", "AtmosphereType":"None", "Volcanism":"", "MassEM":0.084559, "Radius":3606881.750000, "SurfaceGravity":2.590644, "SurfaceTemperature":58.562111, "SurfacePressure":0.000000, "Landable":true, "Materials":[ { "Name":"sulphur", "Percent":22.523497 }, { "Name":"carbon", "Percent":18.939928 }, { "Name":"iron", "Percent":15.422659 }, { "Name":"phosphorus", "Percent":12.125667 }, { "Name":"nickel", "Percent":11.665053 }, { "Name":"chromium", "Percent":6.936082 }, { "Name":"manganese", "Percent":6.369401 }, { "Name":"selenium", "Percent":3.525118 }, { "Name":"niobium", "Percent":1.054057 }, { "Name":"molybdenum", "Percent":1.007091 }, { "Name":"polonium", "Percent":0.431444 } ], "SemiMajorAxis":349033632.000000, "Eccentricity":0.029403, "OrbitalInclination":-8.152863, "Periapsis":222.805298, "OrbitalPeriod":6647161.500000, "RotationPeriod":7955476.500000, "AxialTilt":-0.155241 }
{ "timestamp":"2017-10-22T09:11:36Z", "event":"Scan", "BodyName":"Praea Euq YW-Y b28-2 A 7", "DistanceFromArrivalLS":1137.028198, "TidalLock":false, "TerraformState":"", "PlanetClass":"Icy body", "Atmosphere":"thick argon rich atmosphere", "AtmosphereType":"ArgonRich", "AtmosphereComposition":[ { "Name":"Nitrogen", "Percent":99.424706 }, { "Name":"Argon", "Percent":0.574484 } ], "Volcanism":"", "MassEM":0.195565, "Radius":4698093.000000, "SurfaceGravity":3.531481, "SurfaceTemperature":72.241501, "SurfacePressure":18640340.000000, "Landable":false, "SemiMajorAxis":150917216.000000, "Eccentricity":0.029403, "OrbitalInclination":-8.152863, "Periapsis":42.805294, "OrbitalPeriod":6647161.500000, "RotationPeriod":75850.242188, "AxialTilt":2.262728 }
{ "timestamp":"2017-10-22T09:12:01Z", "event":"Music", "MusicTrack":"SystemMap" }
{ "timestamp":"2017-10-22T09:12:05Z", "event":"Music", "MusicTrack":"Supercruise" }
{ "timestamp":"2017-10-22T09:15:56Z", "event":"Music", "MusicTrack":"SystemMap" }
{ "timestamp":"2017-10-22T09:15:57Z", "event":"Scan", "BodyName":"Praea Euq YW-Y b28-2 B", "DistanceFromArrivalLS":7073.471680, "StarType":"L", "StellarMass":0.101563, "Radius":151992032.000000, "AbsoluteMagnitude":14.202164, "Age_MY":1094, "SurfaceTemperature":1429.000000, "Luminosity":"V", "SemiMajorAxis":1648156737536.000000, "Eccentricity":0.036516, "OrbitalInclination":39.747757, "Periapsis":322.659027, "OrbitalPeriod":2735065856.000000, "RotationPeriod":70061.492188, "AxialTilt":0.000000 }
{ "timestamp":"2017-10-22T09:15:57Z", "event":"Music", "MusicTrack":"Supercruise" }
{ "timestamp":"2017-10-22T09:16:00Z", "event":"Music", "MusicTrack":"SystemMap" }
{ "timestamp":"2017-10-22T09:16:04Z", "event":"Music", "MusicTrack":"Supercruise" }
{ "timestamp":"2017-10-22T09:17:01Z", "event":"Scan", "BodyName":"Praea Euq YW-Y b28-2 B 4", "DistanceFromArrivalLS":6607.184570, "TidalLock":false, "TerraformState":"", "PlanetClass":"Icy body", "Atmosphere":"", "AtmosphereType":"None", "Volcanism":"", "MassEM":0.125511, "Radius":4084527.250000, "SurfaceGravity":2.998528, "SurfaceTemperature":44.391533, "SurfacePressure":98.776268, "Landable":true, "Materials":[ { "Name":"sulphur", "Percent":22.368629 }, { "Name":"carbon", "Percent":18.809702 }, { "Name":"iron", "Percent":15.445216 }, { "Name":"phosphorus", "Percent":12.042293 }, { "Name":"nickel", "Percent":11.682114 }, { "Name":"chromium", "Percent":6.946226 }, { "Name":"manganese", "Percent":6.378716 }, { "Name":"selenium", "Percent":3.500880 }, { "Name":"niobium", "Percent":1.055598 }, { "Name":"yttrium", "Percent":0.922524 }, { "Name":"tungsten", "Percent":0.848098 } ], "SemiMajorAxis":171712659456.000000, "Eccentricity":0.018689, "OrbitalInclination":0.221753, "Periapsis":103.138557, "OrbitalPeriod":121761736.000000, "RotationPeriod":110551.195313, "AxialTilt":0.148531 }
{ "timestamp":"2017-10-22T09:18:09Z", "event":"Scan", "BodyName":"Praea Euq YW-Y b28-2 B 3", "DistanceFromArrivalLS":6856.492676, "TidalLock":false, "TerraformState":"", "PlanetClass":"Icy body", "Atmosphere":"", "AtmosphereType":"None", "Volcanism":"", "MassEM":0.120157, "Radius":4028118.750000, "SurfaceGravity":2.951571, "SurfaceTemperature":48.671288, "SurfacePressure":92.317940, "Landable":true, "Materials":[ { "Name":"sulphur", "Percent":22.820044 }, { "Name":"carbon", "Percent":19.189295 }, { "Name":"iron", "Percent":15.756912 }, { "Name":"phosphorus", "Percent":12.285316 }, { "Name":"nickel", "Percent":11.917868 }, { "Name":"chromium", "Percent":7.086407 }, { "Name":"zinc", "Percent":4.282139 }, { "Name":"selenium", "Percent":3.571530 }, { "Name":"cadmium", "Percent":1.223596 }, { "Name":"tin", "Percent":1.019372 }, { "Name":"tellurium", "Percent":0.847528 } ], "SemiMajorAxis":123517353984.000000, "Eccentricity":0.000644, "OrbitalInclination":-1.952363, "Periapsis":159.147446, "OrbitalPeriod":74284688.000000, "RotationPeriod":140960.734375, "AxialTilt":-0.456301 }
{ "timestamp":"2017-10-22T09:18:12Z", "event":"Music", "MusicTrack":"SystemMap" }
{ "timestamp":"2017-10-22T09:18:18Z", "event":"Music", "MusicTrack":"Supercruise" }
{ "timestamp":"2017-10-22T09:19:34Z", "event":"Music", "MusicTrack":"SystemMap" }
{ "timestamp":"2017-10-22T09:19:35Z", "event":"Music", "MusicTrack":"Supercruise" }
{ "timestamp":"2017-10-22T09:19:44Z", "event":"Scan", "BodyName":"Praea Euq YW-Y b28-2 B 1", "DistanceFromArrivalLS":7159.528320, "TidalLock":false, "TerraformState":"", "PlanetClass":"Rocky ice body", "Atmosphere":"thick argon rich atmosphere", "AtmosphereType":"ArgonRich", "AtmosphereComposition":[ { "Name":"Nitrogen", "Percent":99.389763 }, { "Name":"Argon", "Percent":0.609493 } ], "Volcanism":"", "MassEM":0.140810, "Radius":3992631.500000, "SurfaceGravity":3.520663, "SurfaceTemperature":77.567268, "SurfacePressure":14723572.000000, "Landable":false, "SemiMajorAxis":51963539456.000000, "Eccentricity":0.000383, "OrbitalInclination":-0.192950, "Periapsis":334.084930, "OrbitalPeriod":20270076.000000, "RotationPeriod":47890.734375, "AxialTilt":-0.345140 }
{ "timestamp":"2017-10-22T09:19:47Z", "event":"Music", "MusicTrack":"SystemMap" }
{ "timestamp":"2017-10-22T09:19:50Z", "event":"Music", "MusicTrack":"Supercruise" }
{ "timestamp":"2017-10-22T09:21:25Z", "event":"Scan", "BodyName":"Praea Euq YW-Y b28-2 B 2", "DistanceFromArrivalLS":6904.865723, "TidalLock":false, "TerraformState":"", "PlanetClass":"Icy body", "Atmosphere":"thin neon atmosphere", "AtmosphereType":"Neon", "AtmosphereComposition":[ { "Name":"Neon", "Percent":100.000000 } ], "Volcanism":"", "MassEM":0.163638, "Radius":4435675.500000, "SurfaceGravity":3.314925, "SurfaceTemperature":53.480400, "SurfacePressure":132.575394, "Landable":false, "SemiMajorAxis":90175971328.000000, "Eccentricity":0.000140, "OrbitalInclination":0.014682, "Periapsis":237.518433, "OrbitalPeriod":46338676.000000, "RotationPeriod":132335.468750, "AxialTilt":-2.602772 }
{ "timestamp":"2017-10-22T09:21:43Z", "event":"Scan", "BodyName":"Praea Euq YW-Y b28-2 B 2 a", "DistanceFromArrivalLS":6905.214844, "TidalLock":true, "TerraformState":"", "PlanetClass":"Icy body", "Atmosphere":"thin argon atmosphere", "AtmosphereType":"Argon", "AtmosphereComposition":[ { "Name":"Argon", "Percent":100.000000 } ], "Volcanism":"", "MassEM":0.004943, "Radius":1514491.000000, "SurfaceGravity":0.859033, "SurfaceTemperature":53.512032, "SurfacePressure":396.021362, "Landable":false, "SemiMajorAxis":170596192.000000, "Eccentricity":0.000000, "OrbitalInclination":-31.181498, "Periapsis":31.566706, "OrbitalPeriod":1707929.000000, "RotationPeriod":1733535.250000, "AxialTilt":-0.498333 }
{ "timestamp":"2017-10-22T09:22:21Z", "event":"StartJump", "JumpType":"Hyperspace", "StarSystem":"Praea Euq AI-X b29-0", "StarClass":"M" }
{ "timestamp":"2017-10-22T09:22:26Z", "event":"Music", "MusicTrack":"NoTrack" }
{ "timestamp":"2017-10-22T09:22:39Z", "event":"FSDJump", "StarSystem":"Praea Euq AI-X b29-0", "StarPos":[352.781,155.094,874.563], "SystemAllegiance":"", "SystemEconomy":"$economy_None;", "SystemEconomy_Localised":"None", "SystemGovernment":"$government_None;", "SystemGovernment_Localised":"None", "SystemSecurity":"$GAlAXY_MAP_INFO_state_anarchy;", "SystemSecurity_Localised":"Anarchy", "Population":0, "JumpDist":25.195, "FuelUsed":3.713758, "FuelLevel":27.766241 }
{ "timestamp":"2017-10-22T09:22:39Z", "event":"Music", "MusicTrack":"Supercruise" }
{ "timestamp":"2017-10-22T09:23:03Z", "event":"FuelScoop", "Scooped":4.233735, "Total":32.000000 }
{ "timestamp":"2017-10-22T09:23:14Z", "event":"Music", "MusicTrack":"SystemMap" }
{ "timestamp":"2017-10-22T09:23:23Z", "event":"Music", "MusicTrack":"Supercruise" }
{ "timestamp":"2017-10-22T09:23:51Z", "event":"Scan", "BodyName":"Praea Euq AI-X b29-0 A", "DistanceFromArrivalLS":0.000000, "StarType":"M", "StellarMass":0.406250, "Radius":416051968.000000, "AbsoluteMagnitude":8.879578, "Age_MY":12380, "SurfaceTemperature":2941.000000, "Luminosity":"Va", "SemiMajorAxis":338543083520.000000, "Eccentricity":0.208475, "OrbitalInclination":-27.916964, "Periapsis":332.762207, "OrbitalPeriod":785600000.000000, "RotationPeriod":172749.953125, "AxialTilt":0.000000, "Rings":[ { "Name":"Praea Euq AI-X b29-0 A A Belt", "RingClass":"eRingClass_Rocky", "MassMT":1.5966e+13, "InnerRad":7.7276e+08, "OuterRad":1.7872e+09 } ] }
{ "timestamp":"2017-10-22T09:23:54Z", "event":"Music", "MusicTrack":"SystemMap" }
{ "timestamp":"2017-10-22T09:24:05Z", "event":"Music", "MusicTrack":"Supercruise" }
{ "timestamp":"2017-10-22T09:24:24Z", "event":"StartJump", "JumpType":"Hyperspace", "StarSystem":"Praea Euq MT-Y c14-6", "StarClass":"K" }
{ "timestamp":"2017-10-22T09:24:29Z", "event":"Music", "MusicTrack":"NoTrack" }
{ "timestamp":"2017-10-22T09:24:43Z", "event":"FSDJump", "StarSystem":"Praea Euq MT-Y c14-6", "StarPos":[353.438,176.469,888.969], "SystemAllegiance":"", "SystemEconomy":"$economy_None;", "SystemEconomy_Localised":"None", "SystemGovernment":"$government_None;", "SystemGovernment_Localised":"None", "SystemSecurity":"$GAlAXY_MAP_INFO_state_anarchy;", "SystemSecurity_Localised":"Anarchy", "Population":0, "JumpDist":25.785, "FuelUsed":3.943140, "FuelLevel":28.056860 }
{ "timestamp":"2017-10-22T09:24:43Z", "event":"Music", "MusicTrack":"Supercruise" }
{ "timestamp":"2017-10-22T09:25:06Z", "event":"FuelScoop", "Scooped":3.943136, "Total":32.000000 }
{ "timestamp":"2017-10-22T09:25:37Z", "event":"Music", "MusicTrack":"SystemMap" }
{ "timestamp":"2017-10-22T09:25:45Z", "event":"Music", "MusicTrack":"Supercruise" }
{ "timestamp":"2017-10-22T09:25:51Z", "event":"Scan", "BodyName":"Praea Euq MT-Y c14-6 A", "DistanceFromArrivalLS":0.000000, "StarType":"K", "StellarMass":0.593750, "Radius":549408448.000000, "AbsoluteMagnitude":6.431946, "Age_MY":5604, "SurfaceTemperature":4496.000000, "Luminosity":"Va", "SemiMajorAxis":294331514880.000000, "Eccentricity":0.200929, "OrbitalInclination":1.682275, "Periapsis":273.895172, "OrbitalPeriod":837919424.000000, "RotationPeriod":322774.250000, "AxialTilt":0.000000 }
{ "timestamp":"2017-10-22T09:26:59Z", "event":"Scan", "BodyName":"Praea Euq MT-Y c14-6 B", "DistanceFromArrivalLS":3635.016113, "StarType":"M", "StellarMass":0.187500, "Radius":251261232.000000, "AbsoluteMagnitude":11.409241, "Age_MY":5604, "SurfaceTemperature":2114.000000, "Luminosity":"VI", "SemiMajorAxis":932016095232.000000, "Eccentricity":0.200929, "OrbitalInclination":1.682275, "Periapsis":93.895157, "OrbitalPeriod":837919424.000000, "RotationPeriod":112265.164063, "AxialTilt":0.000000 }
{ "timestamp":"2017-10-22T09:27:03Z", "event":"Music", "MusicTrack":"SystemMap" }
{ "timestamp":"2017-10-22T09:27:05Z", "event":"Music", "MusicTrack":"Supercruise" }
{ "timestamp":"2017-10-22T09:28:36Z", "event":"Scan", "BodyName":"Praea Euq MT-Y c14-6 B 1", "DistanceFromArrivalLS":3472.065430, "TidalLock":true, "TerraformState":"", "PlanetClass":"High metal content body", "Atmosphere":"thick methane rich atmosphere", "AtmosphereType":"MethaneRich", "AtmosphereComposition":[ { "Name":"Ammonia", "Percent":33.166210 }, { "Name":"Methane", "Percent":33.166210 }, { "Name":"Nitrogen", "Percent":33.166210 } ], "Volcanism":"minor metallic magma volcanism", "MassEM":2.261478, "Radius":7677400.500000, "SurfaceGravity":15.292321, "SurfaceTemperature":378.164825, "SurfacePressure":3273713.750000, "Landable":false, "SemiMajorAxis":71446020096.000000, "Eccentricity":0.128927, "OrbitalInclination":128.746948, "Periapsis":87.621696, "OrbitalPeriod":24051230.000000, "RotationPeriod":24051668.000000, "AxialTilt":0.111476 }
{ "timestamp":"2017-10-22T09:29:17Z", "event":"StartJump", "JumpType":"Hyperspace", "StarSystem":"Praea Euq HZ-T b31-2", "StarClass":"M" }
{ "timestamp":"2017-10-22T09:29:22Z", "event":"Music", "MusicTrack":"NoTrack" }
{ "timestamp":"2017-10-22T09:29:35Z", "event":"FSDJump", "StarSystem":"Praea Euq HZ-T b31-2", "StarPos":[367.625,189.844,903.375], "SystemAllegiance":"", "SystemEconomy":"$economy_None;", "SystemEconomy_Localised":"None", "SystemGovernment":"$government_None;", "SystemGovernment_Localised":"None", "SystemSecurity":"$GAlAXY_MAP_INFO_state_anarchy;", "SystemSecurity_Localised":"Anarchy", "Population":0, "JumpDist":24.243, "FuelUsed":3.390266, "FuelLevel":28.609734 }
{ "timestamp":"2017-10-22T09:29:35Z", "event":"Music", "MusicTrack":"Supercruise" }
{ "timestamp":"2017-10-22T09:29:57Z", "event":"FuelScoop", "Scooped":3.390280, "Total":32.000000 }
{ "timestamp":"2017-10-22T09:30:01Z", "event":"Music", "MusicTrack":"SystemMap" }
{ "timestamp":"2017-10-22T09:30:03Z", "event":"Music", "MusicTrack":"Supercruise" }
{ "timestamp":"2017-10-22T09:30:32Z", "event":"Scan", "BodyName":"Praea Euq HZ-T b31-2", "DistanceFromArrivalLS":0.000000, "StarType":"M", "StellarMass":0.226563, "Radius":264569312.000000, "AbsoluteMagnitude":11.445511, "Age_MY":12826, "SurfaceTemperature":2043.000000, "Luminosity":"VI", "RotationPeriod":109704.742188, "AxialTilt":0.000000 }
{ "timestamp":"2017-10-22T09:31:38Z", "event":"StartJump", "JumpType":"Hyperspace", "StarSystem":"Praea Euq QZ-W c15-4", "StarClass":"G" }
{ "timestamp":"2017-10-22T09:31:43Z", "event":"Music", "MusicTrack":"NoTrack" }
{ "timestamp":"2017-10-22T09:31:56Z", "event":"FSDJump", "StarSystem":"Praea Euq QZ-W c15-4", "StarPos":[364.844,206.156,919.406], "SystemAllegiance":"", "SystemEconomy":"$economy_None;", "SystemEconomy_Localised":"None", "SystemGovernment":"$government_None;", "SystemGovernment_Localised":"None", "SystemSecurity":"$GAlAXY_MAP_INFO_state_anarchy;", "SystemSecurity_Localised":"Anarchy", "Population":0, "JumpDist":23.040, "FuelUsed":2.992586, "FuelLevel":29.007414 }
{ "timestamp":"2017-10-22T09:31:57Z", "event":"Music", "MusicTrack":"Supercruise" }
{ "timestamp":"2017-10-22T09:32:20Z", "event":"Scan", "BodyName":"Praea Euq QZ-W c15-4 A", "DistanceFromArrivalLS":0.000000, "StarType":"G", "StellarMass":0.847656, "Radius":593959680.000000, "AbsoluteMagnitude":5.326645, "Age_MY":12902, "SurfaceTemperature":5577.000000, "Luminosity":"Vab", "SemiMajorAxis":372644446208.000000, "Eccentricity":0.106065, "OrbitalInclination":-60.789764, "Periapsis":101.936150, "OrbitalPeriod":545302016.000000, "RotationPeriod":256913.937500, "AxialTilt":0.000000, "Rings":[ { "Name":"Praea Euq QZ-W c15-4 A A Belt", "RingClass":"eRingClass_MetalRich", "MassMT":1.2308e+14, "InnerRad":1.0542e+09, "OuterRad":2.2837e+09 } ] }
{ "timestamp":"2017-10-22T09:32:43Z", "event":"FuelScoop", "Scooped":2.992590, "Total":32.000000 }
{ "timestamp":"2017-10-22T09:32:51Z", "event":"Music", "MusicTrack":"SystemMap" }
{ "timestamp":"2017-10-22T09:33:08Z", "event":"Music", "MusicTrack":"Supercruise" }
{ "timestamp":"2017-10-22T09:33:22Z", "event":"Music", "MusicTrack":"SystemMap" }
{ "timestamp":"2017-10-22T09:33:27Z", "event":"Music", "MusicTrack":"Supercruise" }
{ "timestamp":"2017-10-22T09:33:30Z", "event":"Music", "MusicTrack":"GalaxyMap" }
{ "timestamp":"2017-10-22T09:33:41Z", "event":"Scan", "BodyName":"Praea Euq QZ-W c15-4 B", "DistanceFromArrivalLS":3367.925537, "StarType":"M", "StellarMass":0.441406, "Radius":433244192.000000, "AbsoluteMagnitude":8.250717, "Age_MY":12902, "SurfaceTemperature":3331.000000, "Luminosity":"Va", "SemiMajorAxis":715609407488.000000, "Eccentricity":0.106065, "OrbitalInclination":-60.789764, "Periapsis":281.936157, "OrbitalPeriod":545302016.000000, "RotationPeriod":226629.406250, "AxialTilt":0.000000, "Rings":[ { "Name":"Praea Euq QZ-W c15-4 B A Belt", "RingClass":"eRingClass_Rocky", "MassMT":1.529e+13, "InnerRad":7.7284e+08, "OuterRad":1.8373e+09 } ] }
{ "timestamp":"2017-10-22T09:34:12Z", "event":"Music", "MusicTrack":"Supercruise" }
