{ "timestamp":"2017-11-01T00:43:23Z", "event":"Fileheader", "part":1, "language":"English\\UK", "gameversion":"2.4", "build":"r156431/r0 " }
{ "timestamp":"2017-11-01T00:43:23Z", "event":"Music", "MusicTrack":"NoTrack" }
{ "timestamp":"2017-11-01T00:43:23Z", "event":"Music", "MusicTrack":"MainMenu" }
{ "timestamp":"2017-11-01T00:44:00Z", "event":"Friends", "Status":"Online", "Name":"Sylphinix" }
{ "timestamp":"2017-11-01T00:45:02Z", "event":"Cargo", "Inventory":[  ] }
{ "timestamp":"2017-11-01T00:45:02Z", "event":"Loadout", "Ship":"DiamondBackXL", "ShipID":2, "ShipName":"KONNYAKU", "ShipIdent":"IG-E01", "Modules":[ { "Slot":"LargeHardpoint1", "Item":"Hpt_PulseLaser_Gimbal_Large", "On":true, "Priority":2, "Health":0.941472, "Value":140600 }, { "Slot":"MediumHardpoint2", "Item":"Hpt_MiningLaser_Fixed_Small", "On":true, "Priority":1, "Health":0.953362, "Value":6800 }, { "Slot":"TinyHardpoint1", "Item":"Hpt_HeatSinkLauncher_Turret_Tiny", "On":true, "Priority":0, "AmmoInClip":1, "AmmoInHopper":2, "Health":0.953579, "Value":3500 }, { "Slot":"TinyHardpoint2", "Item":"Hpt_HeatSinkLauncher_Turret_Tiny", "On":true, "Priority":0, "AmmoInClip":1, "AmmoInHopper":2, "Health":0.949510, "Value":3500 }, { "Slot":"TinyHardpoint4", "Item":"Hpt_ChaffLauncher_Tiny", "On":true, "Priority":1, "AmmoInClip":1, "AmmoInHopper":10, "Health":0.922569, "Value":8500 }, { "Slot":"Armour", "Item":"DiamondBackXL_Armour_Grade1", "On":true, "Priority":1, "Health":1.000000, "Value":0 }, { "Slot":"PowerPlant", "Item":"Int_Powerplant_Size4_Class4", "On":true, "Priority":1, "Health":0.962441, "Value":536693 }, { "Slot":"MainEngines", "Item":"Int_Engine_Size4_Class4", "On":true, "Priority":0, "Health":0.964169, "Value":536693 }, { "Slot":"FrameShiftDrive", "Item":"Int_Hyperdrive_Size5_Class4", "On":true, "Priority":0, "Health":0.932688, "Value":1701318 }, { "Slot":"LifeSupport", "Item":"Int_LifeSupport_Size3_Class2", "On":true, "Priority":0, "Health":0.937790, "Value":10133 }, { "Slot":"PowerDistributor", "Item":"Int_PowerDistributor_Size4_Class2", "On":true, "Priority":0, "Health":0.998602, "Value":28373 }, { "Slot":"Radar", "Item":"Int_Sensors_Size3_Class2", "On":true, "Priority":3, "Health":0.968630, "Value":10133 }, { "Slot":"FuelTank", "Item":"Int_FuelTank_Size5_Class3", "On":true, "Priority":1, "Health":1.000000, "Value":97754 }, { "Slot":"Decal1", "Item":"Decal_Explorer_Surveyor", "On":true, "Priority":1, "Health":1.000000, "Value":0 }, { "Slot":"Decal2", "Item":"Decal_Explorer_Surveyor", "On":true, "Priority":1, "Health":1.000000, "Value":0 }, { "Slot":"Decal3", "Item":"Decal_Explorer_Surveyor", "On":true, "Priority":1, "Health":1.000000, "Value":0 }, { "Slot":"Slot01_Size4", "Item":"Int_ShieldGenerator_Size4_Class1", "On":true, "Priority":1, "Health":0.981419, "Value":19878 }, { "Slot":"Slot02_Size4", "Item":"Int_FuelScoop_Size4_Class4", "On":true, "Priority":3, "Health":0.944909, "Value":715591 }, { "Slot":"Slot03_Size3", "Item":"Int_BuggyBay_Size2_Class2", "On":true, "Priority":0, "Health":0.973013, "Value":21600 }, { "Slot":"Slot04_Size3", "Item":"Int_Repairer_Size3_Class2", "On":true, "Priority":0, "AmmoInClip":2179, "Health":0.937855, "Value":97200 }, { "Slot":"Slot05_Size2", "Item":"Int_StellarBodyDiscoveryScanner_Advanced", "On":true, "Priority":1, "Health":0.969358, "Value":1545000 }, { "Slot":"Slot06_Size2", "Item":"Int_DetailedSurfaceScanner_Tiny", "On":true, "Priority":1, "Health":1.000000, "Value":250000 }, { "Slot":"PlanetaryApproachSuite", "Item":"Int_PlanetApproachSuite", "On":true, "Priority":1, "Health":1.000000, "Value":500 }, { "Slot":"ShipCockpit", "Item":"DiamondBackXL_Cockpit", "On":true, "Priority":1, "Health":0.986414, "Value":0 }, { "Slot":"CargoHatch", "Item":"ModularCargoBayDoor", "On":true, "Priority":2, "Health":0.948078, "Value":0 } ] }
{ "timestamp":"2017-11-01T00:45:02Z", "event":"Materials", "Raw":[ { "Name":"carbon", "Count":2 }, { "Name":"iron", "Count":18 }, { "Name":"chromium", "Count":12 }, { "Name":"nickel", "Count":3 }, { "Name":"manganese", "Count":6 }, { "Name":"vanadium", "Count":3 } ], "Manufactured":[ { "Name":"mechanicalscrap", "Count":8 }, { "Name":"gridresistors", "Count":3 }, { "Name":"heatdispersionplate", "Count":5 }, { "Name":"salvagedalloys", "Count":6 }, { "Name":"hybridcapacitors", "Count":5 }, { "Name":"heatconductionwiring", "Count":2 } ], "Encoded":[ { "Name":"shieldsoakanalysis", "Count":3 }, { "Name":"disruptedwakeechoes", "Count":5 }, { "Name":"shieldcyclerecordings", "Count":9 }, { "Name":"emissiondata", "Count":3 }, { "Name":"bulkscandata", "Count":9 }, { "Name":"scrambledemissiondata", "Count":7 }, { "Name":"archivedemissiondata", "Count":3 }, { "Name":"shielddensityreports", "Count":9 }, { "Name":"legacyfirmware", "Count":1 } ] }
{ "timestamp":"2017-11-01T00:45:02Z", "event":"LoadGame", "Commander":"Igaguri", "Ship":"DiamondBackXL", "ShipID":2, "ShipName":"KONNYAKU", "ShipIdent":"IG-E01", "FuelLevel":32.000000, "FuelCapacity":32.000000, "GameMode":"Open", "Credits":726550, "Loan":0 }
{ "timestamp":"2017-11-01T00:45:02Z", "event":"Rank", "Combat":1, "Trade":4, "Explore":4, "Empire":0, "Federation":1, "CQC":0 }
{ "timestamp":"2017-11-01T00:45:02Z", "event":"Progress", "Combat":26, "Trade":1, "Explore":10, "Empire":0, "Federation":100, "CQC":0 }
{ "timestamp":"2017-11-01T00:45:12Z", "event":"Location", "Docked":false, "StarSystem":"NGC 6357 Sector IH-V c2-28", "StarPos":[964.750,136.094,8114.313], "SystemAllegiance":"", "SystemEconomy":"$economy_None;", "SystemEconomy_Localised":"None", "SystemGovernment":"$government_None;", "SystemGovernment_Localised":"None", "SystemSecurity":"$GAlAXY_MAP_INFO_state_anarchy;", "SystemSecurity_Localised":"Anarchy", "Population":0, "Body":"NGC 6357 Sector IH-V c2-28", "BodyType":"Star" }
{ "timestamp":"2017-11-01T00:45:12Z", "event":"Music", "MusicTrack":"NoTrack" }
{ "timestamp":"2017-11-01T00:45:12Z", "event":"Music", "MusicTrack":"Exploration" }
{ "timestamp":"2017-11-01T00:45:14Z", "event":"Music", "MusicTrack":"GalaxyMap" }
{ "timestamp":"2017-11-01T00:46:01Z", "event":"Friends", "Status":"Online", "Name":"Sylphinix" }
{ "timestamp":"2017-11-01T00:46:02Z", "event":"Music", "MusicTrack":"SystemMap" }
{ "timestamp":"2017-11-01T00:46:04Z", "event":"Music", "MusicTrack":"Exploration" }
{ "timestamp":"2017-11-01T00:46:22Z", "event":"StartJump", "JumpType":"Hyperspace", "StarSystem":"NGC 6357 Sector OI-T c3-30", "StarClass":"K" }
{ "timestamp":"2017-11-01T00:46:27Z", "event":"Music", "MusicTrack":"NoTrack" }
{ "timestamp":"2017-11-01T00:46:41Z", "event":"FSDJump", "StarSystem":"NGC 6357 Sector OI-T c3-30", "StarPos":[959.375,130.188,8136.188], "SystemAllegiance":"", "SystemEconomy":"$economy_None;", "SystemEconomy_Localised":"None", "SystemGovernment":"$government_None;", "SystemGovernment_Localised":"None", "SystemSecurity":"$GAlAXY_MAP_INFO_state_anarchy;", "SystemSecurity_Localised":"Anarchy", "Population":0, "JumpDist":23.287, "FuelUsed":3.072115, "FuelLevel":28.927885 }
{ "timestamp":"2017-11-01T00:46:41Z", "event":"Music", "MusicTrack":"Supercruise" }
{ "timestamp":"2017-11-01T00:46:50Z", "event":"Music", "MusicTrack":"SystemMap" }
{ "timestamp":"2017-11-01T00:46:54Z", "event":"Music", "MusicTrack":"Supercruise" }
{ "timestamp":"2017-11-01T00:46:55Z", "event":"Music", "MusicTrack":"SystemMap" }
{ "timestamp":"2017-11-01T00:46:58Z", "event":"Music", "MusicTrack":"Supercruise" }
{ "timestamp":"2017-11-01T00:47:09Z", "event":"Scan", "BodyName":"NGC 6357 Sector OI-T c3-30", "DistanceFromArrivalLS":0.000000, "StarType":"K", "StellarMass":0.738281, "Radius":617201024.000000, "AbsoluteMagnitude":6.284882, "Age_MY":4572, "SurfaceTemperature":4388.000000, "Luminosity":"Va", "RotationPeriod":204278.796875, "AxialTilt":0.000000, "Rings":[ { "Name":"NGC 6357 Sector OI-T c3-30 A Belt", "RingClass":"eRingClass_Metalic", "MassMT":2.5996e+12, "InnerRad":1.0899e+09, "OuterRad":2.1809e+09 } ] }
{ "timestamp":"2017-11-01T00:48:07Z", "event":"FuelScoop", "Scooped":3.072128, "Total":32.000000 }
{ "timestamp":"2017-11-01T00:48:34Z", "event":"StartJump", "JumpType":"Hyperspace", "StarSystem":"NGC 6357 Sector HR-W d1-2", "StarClass":"F" }
{ "timestamp":"2017-11-01T00:48:40Z", "event":"Music", "MusicTrack":"NoTrack" }
{ "timestamp":"2017-11-01T00:48:53Z", "event":"FSDJump", "StarSystem":"NGC 6357 Sector HR-W d1-2", "StarPos":[959.438,129.344,8156.719], "SystemAllegiance":"", "SystemEconomy":"$economy_None;", "SystemEconomy_Localised":"None", "SystemGovernment":"$government_None;", "SystemGovernment_Localised":"None", "SystemSecurity":"$GAlAXY_MAP_INFO_state_anarchy;", "SystemSecurity_Localised":"Anarchy", "Population":0, "JumpDist":20.549, "FuelUsed":2.260842, "FuelLevel":29.739159 }
{ "timestamp":"2017-11-01T00:48:53Z", "event":"Music", "MusicTrack":"Supercruise" }
{ "timestamp":"2017-11-01T00:49:03Z", "event":"Music", "MusicTrack":"SystemMap" }
{ "timestamp":"2017-11-01T00:49:08Z", "event":"Music", "MusicTrack":"Supercruise" }
{ "timestamp":"2017-11-01T00:49:17Z", "event":"Scan", "BodyName":"NGC 6357 Sector HR-W d1-2", "DistanceFromArrivalLS":0.000000, "StarType":"F", "StellarMass":1.265625, "Radius":746142784.000000, "AbsoluteMagnitude":4.059586, "Age_MY":1314, "SurfaceTemperature":6661.000000, "Luminosity":"Vb", "RotationPeriod":324797.875000, "AxialTilt":0.000000 }
{ "timestamp":"2017-11-01T00:49:34Z", "event":"FuelScoop", "Scooped":2.260828, "Total":32.000000 }
{ "timestamp":"2017-11-01T00:49:56Z", "event":"StartJump", "JumpType":"Hyperspace", "StarSystem":"NGC 6357 Sector HR-W d1-5", "StarClass":"F" }
{ "timestamp":"2017-11-01T00:50:01Z", "event":"Music", "MusicTrack":"NoTrack" }
{ "timestamp":"2017-11-01T00:50:14Z", "event":"FSDJump", "StarSystem":"NGC 6357 Sector HR-W d1-5", "StarPos":[957.000,117.563,8176.500], "SystemAllegiance":"", "SystemEconomy":"$economy_None;", "SystemEconomy_Localised":"None", "SystemGovernment":"$government_None;", "SystemGovernment_Localised":"None", "SystemSecurity":"$GAlAXY_MAP_INFO_state_anarchy;", "SystemSecurity_Localised":"Anarchy", "Population":0, "JumpDist":23.152, "FuelUsed":3.028659, "FuelLevel":28.971340 }
{ "timestamp":"2017-11-01T00:50:15Z", "event":"Music", "MusicTrack":"Supercruise" }
{ "timestamp":"2017-11-01T00:50:27Z", "event":"Music", "MusicTrack":"SystemMap" }
{ "timestamp":"2017-11-01T00:50:38Z", "event":"Music", "MusicTrack":"Supercruise" }
{ "timestamp":"2017-11-01T00:50:41Z", "event":"Scan", "BodyName":"NGC 6357 Sector HR-W d1-5 A", "DistanceFromArrivalLS":0.000000, "StarType":"F", "StellarMass":1.429688, "Radius":845857728.000000, "AbsoluteMagnitude":3.455170, "Age_MY":862, "SurfaceTemperature":7190.000000, "Luminosity":"Vb", "SemiMajorAxis":1745299584.000000, "Eccentricity":0.081275, "OrbitalInclination":20.256926, "Periapsis":229.196335, "OrbitalPeriod":217027.953125, "RotationPeriod":154788.406250, "AxialTilt":0.000000 }
{ "timestamp":"2017-11-01T00:51:00Z", "event":"FuelScoop", "Scooped":3.028656, "Total":32.000000 }
{ "timestamp":"2017-11-01T00:51:09Z", "event":"Music", "MusicTrack":"GalaxyMap" }
{ "timestamp":"2017-11-01T00:52:25Z", "event":"Music", "MusicTrack":"Supercruise" }
{ "timestamp":"2017-11-01T00:52:43Z", "event":"StartJump", "JumpType":"Hyperspace", "StarSystem":"Prieluia TY-A b14-8", "StarClass":"M" }
{ "timestamp":"2017-11-01T00:52:48Z", "event":"Music", "MusicTrack":"NoTrack" }
{ "timestamp":"2017-11-01T00:53:02Z", "event":"FSDJump", "StarSystem":"Prieluia TY-A b14-8", "StarPos":[955.938,122.281,8201.594], "SystemAllegiance":"", "SystemEconomy":"$economy_None;", "SystemEconomy_Localised":"None", "SystemGovernment":"$government_None;", "SystemGovernment_Localised":"None", "SystemSecurity":"$GAlAXY_MAP_INFO_state_anarchy;", "SystemSecurity_Localised":"Anarchy", "Population":0, "JumpDist":25.556, "FuelUsed":3.857571, "FuelLevel":28.142429 }
{ "timestamp":"2017-11-01T00:53:02Z", "event":"Music", "MusicTrack":"Supercruise" }
{ "timestamp":"2017-11-01T00:53:11Z", "event":"Music", "MusicTrack":"SystemMap" }
{ "timestamp":"2017-11-01T00:53:12Z", "event":"Music", "MusicTrack":"Supercruise" }
{ "timestamp":"2017-11-01T00:53:24Z", "event":"Scan", "BodyName":"Prieluia TY-A b14-8 A", "DistanceFromArrivalLS":0.000000, "StarType":"M", "StellarMass":0.285156, "Radius":294241824.000000, "AbsoluteMagnitude":9.733582, "Age_MY":330, "SurfaceTemperature":2873.000000, "Luminosity":"Va", "SemiMajorAxis":6980506222592.000000, "Eccentricity":0.070500, "OrbitalInclination":-7.482076, "Periapsis":17.904427, "OrbitalPeriod":83891888128.000000, "RotationPeriod":132676.812500, "AxialTilt":0.000000 }
{ "timestamp":"2017-11-01T00:53:43Z", "event":"FuelScoop", "Scooped":2.220189, "Total":30.362617 }
{ "timestamp":"2017-11-01T00:54:01Z", "event":"StartJump", "JumpType":"Hyperspace", "StarSystem":"Prieluia AE-T d3-19", "StarClass":"F" }
{ "timestamp":"2017-11-01T00:54:06Z", "event":"Music", "MusicTrack":"NoTrack" }
{ "timestamp":"2017-11-01T00:54:19Z", "event":"FSDJump", "StarSystem":"Prieluia AE-T d3-19", "StarPos":[949.156,121.281,8223.594], "SystemAllegiance":"", "SystemEconomy":"$economy_None;", "SystemEconomy_Localised":"None", "SystemGovernment":"$government_None;", "SystemGovernment_Localised":"None", "SystemSecurity":"$GAlAXY_MAP_INFO_state_anarchy;", "SystemSecurity_Localised":"Anarchy", "Population":0, "JumpDist":23.043, "FuelUsed":2.962979, "FuelLevel":27.399639 }
{ "timestamp":"2017-11-01T00:54:19Z", "event":"Music", "MusicTrack":"Supercruise" }
{ "timestamp":"2017-11-01T00:54:56Z", "event":"Scan", "BodyName":"Prieluia AE-T d3-19 A", "DistanceFromArrivalLS":0.000000, "StarType":"F", "StellarMass":1.261719, "Radius":758729152.000000, "AbsoluteMagnitude":3.697922, "Age_MY":1768, "SurfaceTemperature":7179.000000, "Luminosity":"VI", "SemiMajorAxis":234482925568.000000, "Eccentricity":0.160884, "OrbitalInclination":-39.574310, "Periapsis":187.367203, "OrbitalPeriod":302795104.000000, "RotationPeriod":355689.312500, "AxialTilt":0.000000 }
{ "timestamp":"2017-11-01T00:55:14Z", "event":"Music", "MusicTrack":"SystemMap" }
{ "timestamp":"2017-11-01T00:55:15Z", "event":"Music", "MusicTrack":"Supercruise" }
{ "timestamp":"2017-11-01T00:55:40Z", "event":"FuelScoop", "Scooped":4.600382, "Total":32.000000 }
{ "timestamp":"2017-11-01T00:55:59Z", "event":"StartJump", "JumpType":"Hyperspace", "StarSystem":"Prieluia ZM-M c7-10", "StarClass":"G" }
{ "timestamp":"2017-11-01T00:56:05Z", "event":"Music", "MusicTrack":"NoTrack" }
{ "timestamp":"2017-11-01T00:56:18Z", "event":"FSDJump", "StarSystem":"Prieluia ZM-M c7-10", "StarPos":[949.438,118.344,8247.938], "SystemAllegiance":"", "SystemEconomy":"$economy_None;", "SystemEconomy_Localised":"None", "SystemGovernment":"$government_None;", "SystemGovernment_Localised":"None", "SystemSecurity":"$GAlAXY_MAP_INFO_state_anarchy;", "SystemSecurity_Localised":"Anarchy", "Population":0, "JumpDist":24.522, "FuelUsed":3.486442, "FuelLevel":28.513557 }
{ "timestamp":"2017-11-01T00:56:18Z", "event":"Music", "MusicTrack":"Supercruise" }
{ "timestamp":"2017-11-01T00:56:26Z", "event":"Music", "MusicTrack":"SystemMap" }
{ "timestamp":"2017-11-01T00:56:27Z", "event":"Music", "MusicTrack":"Supercruise" }
{ "timestamp":"2017-11-01T00:56:28Z", "event":"Music", "MusicTrack":"SystemMap" }
{ "timestamp":"2017-11-01T00:56:29Z", "event":"Music", "MusicTrack":"Supercruise" }
{ "timestamp":"2017-11-01T00:56:43Z", "event":"Scan", "BodyName":"Prieluia ZM-M c7-10", "DistanceFromArrivalLS":0.000000, "StarType":"G", "StellarMass":0.851563, "Radius":643371456.000000, "AbsoluteMagnitude":5.258728, "Age_MY":10122, "SurfaceTemperature":5443.000000, "Luminosity":"Vab", "RotationPeriod":317676.187500, "AxialTilt":0.000000 }
{ "timestamp":"2017-11-01T00:57:07Z", "event":"FuelScoop", "Scooped":3.418032, "Total":31.931587 }
{ "timestamp":"2017-11-01T00:57:22Z", "event":"StartJump", "JumpType":"Hyperspace", "StarSystem":"Prieluia DT-K c8-55", "StarClass":"K" }
{ "timestamp":"2017-11-01T00:57:28Z", "event":"Music", "MusicTrack":"NoTrack" }
{ "timestamp":"2017-11-01T00:57:41Z", "event":"FSDJump", "StarSystem":"Prieluia DT-K c8-55", "StarPos":[956.500,124.125,8271.625], "SystemAllegiance":"", "SystemEconomy":"$economy_None;", "SystemEconomy_Localised":"None", "SystemGovernment":"$government_None;", "SystemGovernment_Localised":"None", "SystemSecurity":"$GAlAXY_MAP_INFO_state_anarchy;", "SystemSecurity_Localised":"Anarchy", "Population":0, "JumpDist":25.385, "FuelUsed":3.792981, "FuelLevel":28.138607 }
{ "timestamp":"2017-11-01T00:57:41Z", "event":"Music", "MusicTrack":"Supercruise" }
{ "timestamp":"2017-11-01T00:57:55Z", "event":"Music", "MusicTrack":"SystemMap" }
{ "timestamp":"2017-11-01T00:58:05Z", "event":"Scan", "BodyName":"Prieluia DT-K c8-55", "DistanceFromArrivalLS":0.000000, "StarType":"K", "StellarMass":0.609375, "Radius":503520064.000000, "AbsoluteMagnitude":7.364563, "Age_MY":4688, "SurfaceTemperature":3789.000000, "Luminosity":"Va", "RotationPeriod":215970.578125, "AxialTilt":0.000000 }
{ "timestamp":"2017-11-01T00:59:03Z", "event":"Music", "MusicTrack":"Supercruise" }
{ "timestamp":"2017-11-01T00:59:29Z", "event":"FuelScoop", "Scooped":3.588754, "Total":31.727356 }
{ "timestamp":"2017-11-01T00:59:46Z", "event":"StartJump", "JumpType":"Hyperspace", "StarSystem":"Prieluia MD-S b18-2", "StarClass":"M" }
{ "timestamp":"2017-11-01T00:59:51Z", "event":"Music", "MusicTrack":"NoTrack" }
{ "timestamp":"2017-11-01T01:00:05Z", "event":"FSDJump", "StarSystem":"Prieluia MD-S b18-2", "StarPos":[953.438,119.969,8296.469], "SystemAllegiance":"", "SystemEconomy":"$economy_None;", "SystemEconomy_Localised":"None", "SystemGovernment":"$government_None;", "SystemGovernment_Localised":"None", "SystemSecurity":"$GAlAXY_MAP_INFO_state_anarchy;", "SystemSecurity_Localised":"Anarchy", "Population":0, "JumpDist":25.375, "FuelUsed":3.784400, "FuelLevel":27.942955 }
{ "timestamp":"2017-11-01T01:00:05Z", "event":"Music", "MusicTrack":"Supercruise" }
{ "timestamp":"2017-11-01T01:00:18Z", "event":"Music", "MusicTrack":"SystemMap" }
{ "timestamp":"2017-11-01T01:00:19Z", "event":"Music", "MusicTrack":"Supercruise" }
{ "timestamp":"2017-11-01T01:00:28Z", "event":"Scan", "BodyName":"Prieluia MD-S b18-2", "DistanceFromArrivalLS":0.000000, "StarType":"M", "StellarMass":0.265625, "Radius":289169056.000000, "AbsoluteMagnitude":10.083191, "Age_MY":11320, "SurfaceTemperature":2674.000000, "Luminosity":"Va", "RotationPeriod":162376.296875, "AxialTilt":0.000000 }
{ "timestamp":"2017-11-01T01:00:46Z", "event":"FuelScoop", "Scooped":2.032113, "Total":29.975080 }
{ "timestamp":"2017-11-01T01:01:07Z", "event":"StartJump", "JumpType":"Hyperspace", "StarSystem":"Prieluia QJ-Q b19-12", "StarClass":"M" }
{ "timestamp":"2017-11-01T01:01:13Z", "event":"Music", "MusicTrack":"NoTrack" }
{ "timestamp":"2017-11-01T01:01:26Z", "event":"FSDJump", "StarSystem":"Prieluia QJ-Q b19-12", "StarPos":[945.813,120.094,8320.406], "SystemAllegiance":"", "SystemEconomy":"$economy_None;", "SystemEconomy_Localised":"None", "SystemGovernment":"$government_None;", "SystemGovernment_Localised":"None", "SystemSecurity":"$GAlAXY_MAP_INFO_state_anarchy;", "SystemSecurity_Localised":"Anarchy", "Population":0, "JumpDist":25.123, "FuelUsed":3.652531, "FuelLevel":26.322550 }
{ "timestamp":"2017-11-01T01:01:26Z", "event":"Music", "MusicTrack":"Supercruise" }
{ "timestamp":"2017-11-01T01:01:35Z", "event":"Music", "MusicTrack":"SystemMap" }
{ "timestamp":"2017-11-01T01:01:36Z", "event":"Music", "MusicTrack":"Supercruise" }
{ "timestamp":"2017-11-01T01:01:49Z", "event":"Scan", "BodyName":"Prieluia QJ-Q b19-12", "DistanceFromArrivalLS":0.000000, "StarType":"M", "StellarMass":0.242188, "Radius":304387360.000000, "AbsoluteMagnitude":10.905121, "Age_MY":9682, "SurfaceTemperature":2157.000000, "Luminosity":"VI", "RotationPeriod":118936.914063, "AxialTilt":0.000000 }
{ "timestamp":"2017-11-01T01:02:07Z", "event":"FuelScoop", "Scooped":2.326518, "Total":28.649057 }
{ "timestamp":"2017-11-01T01:02:23Z", "event":"StartJump", "JumpType":"Hyperspace", "StarSystem":"Prieluia LF-H c10-52", "StarClass":"K" }
{ "timestamp":"2017-11-01T01:02:29Z", "event":"Music", "MusicTrack":"NoTrack" }
{ "timestamp":"2017-11-01T01:02:42Z", "event":"FSDJump", "StarSystem":"Prieluia LF-H c10-52", "StarPos":[939.344,126.656,8343.250], "SystemAllegiance":"", "SystemEconomy":"$economy_None;", "SystemEconomy_Localised":"None", "SystemGovernment":"$government_None;", "SystemGovernment_Localised":"None", "SystemSecurity":"$GAlAXY_MAP_INFO_state_anarchy;", "SystemSecurity_Localised":"Anarchy", "Population":0, "JumpDist":24.632, "FuelUsed":3.451187, "FuelLevel":25.197870 }
{ "timestamp":"2017-11-01T01:02:42Z", "event":"Music", "MusicTrack":"Supercruise" }
{ "timestamp":"2017-11-01T01:02:53Z", "event":"Music", "MusicTrack":"SystemMap" }
{ "timestamp":"2017-11-01T01:02:56Z", "event":"Music", "MusicTrack":"Supercruise" }
{ "timestamp":"2017-11-01T01:03:05Z", "event":"Scan", "BodyName":"Prieluia LF-H c10-52", "DistanceFromArrivalLS":0.000000, "StarType":"K", "StellarMass":0.796875, "Radius":607204032.000000, "AbsoluteMagnitude":5.785431, "Age_MY":12918, "SurfaceTemperature":4963.000000, "Luminosity":"Vab", "RotationPeriod":275028.875000, "AxialTilt":0.000000, "Rings":[ { "Name":"Prieluia LF-H c10-52 A Belt", "RingClass":"eRingClass_MetalRich", "MassMT":1.2172e+14, "InnerRad":1.0633e+09, "OuterRad":2.2372e+09 }, { "Name":"Prieluia LF-H c10-52 B Belt", "RingClass":"eRingClass_MetalRich", "MassMT":1.6358e+16, "InnerRad":1.0244e+10, "OuterRad":6.5564e+11 } ] }
{ "timestamp":"2017-11-01T01:03:31Z", "event":"FuelScoop", "Scooped":3.819996, "Total":28.497887 }
{ "timestamp":"2017-11-01T01:03:47Z", "event":"StartJump", "JumpType":"Hyperspace", "StarSystem":"Prieluia LF-H c10-13", "StarClass":"K" }
{ "timestamp":"2017-11-01T01:03:52Z", "event":"Music", "MusicTrack":"NoTrack" }
{ "timestamp":"2017-11-01T01:04:05Z", "event":"FSDJump", "StarSystem":"Prieluia LF-H c10-13", "StarPos":[948.000,126.375,8367.531], "SystemAllegiance":"", "SystemEconomy":"$economy_None;", "SystemEconomy_Localised":"None", "SystemGovernment":"$government_None;", "SystemGovernment_Localised":"None", "SystemSecurity":"$GAlAXY_MAP_INFO_state_anarchy;", "SystemSecurity_Localised":"Anarchy", "Population":0, "JumpDist":25.780, "FuelUsed":3.854886, "FuelLevel":24.643000 }
{ "timestamp":"2017-11-01T01:04:06Z", "event":"Music", "MusicTrack":"Supercruise" }
{ "timestamp":"2017-11-01T01:04:15Z", "event":"Music", "MusicTrack":"SystemMap" }
{ "timestamp":"2017-11-01T01:04:21Z", "event":"Music", "MusicTrack":"Supercruise" }
{ "timestamp":"2017-11-01T01:04:28Z", "event":"Scan", "BodyName":"Prieluia LF-H c10-13", "DistanceFromArrivalLS":0.000000, "StarType":"K", "StellarMass":0.785156, "Radius":609560000.000000, "AbsoluteMagnitude":5.979477, "Age_MY":9644, "SurfaceTemperature":4737.000000, "Luminosity":"Va", "RotationPeriod":262584.687500, "AxialTilt":0.000000 }
{ "timestamp":"2017-11-01T01:04:29Z", "event":"Music", "MusicTrack":"SystemMap" }
{ "timestamp":"2017-11-01T01:04:32Z", "event":"Music", "MusicTrack":"Supercruise" }
{ "timestamp":"2017-11-01T01:04:34Z", "event":"Music", "MusicTrack":"SystemMap" }
{ "timestamp":"2017-11-01T01:04:35Z", "event":"Music", "MusicTrack":"Supercruise" }
{ "timestamp":"2017-11-01T01:05:02Z", "event":"FuelScoop", "Scooped":5.001220, "Total":29.644211 }
{ "timestamp":"2017-11-01T01:05:10Z", "event":"FuelScoop", "Scooped":2.355794, "Total":32.000000 }
{ "timestamp":"2017-11-01T01:08:22Z", "event":"StartJump", "JumpType":"Hyperspace", "StarSystem":"Prieluia CC-L b22-13", "StarClass":"M" }
{ "timestamp":"2017-11-01T01:08:27Z", "event":"Music", "MusicTrack":"NoTrack" }
{ "timestamp":"2017-11-01T01:08:40Z", "event":"FSDJump", "StarSystem":"Prieluia CC-L b22-13", "StarPos":[944.531,125.094,8391.094], "SystemAllegiance":"", "SystemEconomy":"$economy_None;", "SystemEconomy_Localised":"None", "SystemGovernment":"$government_None;", "SystemGovernment_Localised":"None", "SystemSecurity":"$GAlAXY_MAP_INFO_state_anarchy;", "SystemSecurity_Localised":"Anarchy", "Population":0, "JumpDist":23.851, "FuelUsed":3.257342, "FuelLevel":28.742657 }
{ "timestamp":"2017-11-01T01:08:41Z", "event":"Music", "MusicTrack":"Supercruise" }
{ "timestamp":"2017-11-01T01:09:04Z", "event":"Scan", "BodyName":"Prieluia CC-L b22-13 A", "DistanceFromArrivalLS":0.000000, "StarType":"M", "StellarMass":0.425781, "Radius":409578336.000000, "AbsoluteMagnitude":8.490356, "Age_MY":12963, "SurfaceTemperature":3242.000000, "Luminosity":"Va", "SemiMajorAxis":72891490304.000000, "Eccentricity":0.035502, "OrbitalInclination":14.376123, "Periapsis":147.973465, "OrbitalPeriod":107759592.000000, "RotationPeriod":215298.265625, "AxialTilt":0.000000 }
{ "timestamp":"2017-11-01T01:09:07Z", "event":"Music", "MusicTrack":"SystemMap" }
{ "timestamp":"2017-11-01T01:09:10Z", "event":"Music", "MusicTrack":"Supercruise" }
{ "timestamp":"2017-11-01T01:09:30Z", "event":"FuelScoop", "Scooped":2.819596, "Total":31.562248 }
{ "timestamp":"2017-11-01T01:09:45Z", "event":"StartJump", "JumpType":"Hyperspace", "StarSystem":"Prieluia KO-H b24-9", "StarClass":"M" }
{ "timestamp":"2017-11-01T01:09:51Z", "event":"Music", "MusicTrack":"NoTrack" }
{ "timestamp":"2017-11-01T01:10:04Z", "event":"FSDJump", "StarSystem":"Prieluia KO-H b24-9", "StarPos":[942.188,121.625,8416.813], "SystemAllegiance":"", "SystemEconomy":"$economy_None;", "SystemEconomy_Localised":"None", "SystemGovernment":"$government_None;", "SystemGovernment_Localised":"None", "SystemSecurity":"$GAlAXY_MAP_INFO_state_anarchy;", "SystemSecurity_Localised":"Anarchy", "Population":0, "JumpDist":26.057, "FuelUsed":4.034379, "FuelLevel":27.527870 }
{ "timestamp":"2017-11-01T01:10:04Z", "event":"Music", "MusicTrack":"Supercruise" }
{ "timestamp":"2017-11-01T01:10:15Z", "event":"Music", "MusicTrack":"SystemMap" }
{ "timestamp":"2017-11-01T01:10:16Z", "event":"Music", "MusicTrack":"Supercruise" }
{ "timestamp":"2017-11-01T01:10:28Z", "event":"Scan", "BodyName":"Prieluia KO-H b24-9", "DistanceFromArrivalLS":0.000000, "StarType":"M", "StellarMass":0.371094, "Radius":405524352.000000, "AbsoluteMagnitude":8.969345, "Age_MY":342, "SurfaceTemperature":2918.000000, "Luminosity":"Va", "RotationPeriod":241641.375000, "AxialTilt":0.000000 }
{ "timestamp":"2017-11-01T01:10:47Z", "event":"FuelScoop", "Scooped":2.409396, "Total":29.937281 }
{ "timestamp":"2017-11-01T01:11:07Z", "event":"StartJump", "JumpType":"Hyperspace", "StarSystem":"Prieluia OU-F b25-5", "StarClass":"K" }
{ "timestamp":"2017-11-01T01:11:13Z", "event":"Music", "MusicTrack":"NoTrack" }
{ "timestamp":"2017-11-01T01:11:26Z", "event":"FSDJump", "StarSystem":"Prieluia OU-F b25-5", "StarPos":[937.500,125.656,8439.781], "SystemAllegiance":"", "SystemEconomy":"$economy_None;", "SystemEconomy_Localised":"None", "SystemGovernment":"$government_None;", "SystemGovernment_Localised":"None", "SystemSecurity":"$GAlAXY_MAP_INFO_state_anarchy;", "SystemSecurity_Localised":"Anarchy", "Population":0, "JumpDist":23.786, "FuelUsed":3.193932, "FuelLevel":26.743349 }
{ "timestamp":"2017-11-01T01:11:26Z", "event":"Music", "MusicTrack":"Supercruise" }
{ "timestamp":"2017-11-01T01:11:35Z", "event":"Music", "MusicTrack":"SystemMap" }
{ "timestamp":"2017-11-01T01:11:36Z", "event":"Music", "MusicTrack":"Supercruise" }
{ "timestamp":"2017-11-01T01:11:55Z", "event":"FuelScoop", "Scooped":1.883959, "Total":28.627312 }
{ "timestamp":"2017-11-01T01:12:09Z", "event":"StartJump", "JumpType":"Hyperspace", "StarSystem":"Prieluia SA-E b26-12", "StarClass":"M" }
{ "timestamp":"2017-11-01T01:12:14Z", "event":"Music", "MusicTrack":"NoTrack" }
{ "timestamp":"2017-11-01T01:12:27Z", "event":"FSDJump", "StarSystem":"Prieluia SA-E b26-12", "StarPos":[948.844,119.188,8461.938], "SystemAllegiance":"", "SystemEconomy":"$economy_None;", "SystemEconomy_Localised":"None", "SystemGovernment":"$government_None;", "SystemGovernment_Localised":"None", "SystemSecurity":"$GAlAXY_MAP_INFO_state_anarchy;", "SystemSecurity_Localised":"Anarchy", "Population":0, "JumpDist":25.718, "FuelUsed":3.833328, "FuelLevel":24.793983 }
{ "timestamp":"2017-11-01T01:12:27Z", "event":"Music", "MusicTrack":"Supercruise" }
{ "timestamp":"2017-11-01T01:12:44Z", "event":"Music", "MusicTrack":"SystemMap" }
{ "timestamp":"2017-11-01T01:12:44Z", "event":"FuelScoop", "Scooped":1.906528, "Total":26.700499 }
{ "timestamp":"2017-11-01T01:12:45Z", "event":"Music", "MusicTrack":"Supercruise" }
{ "timestamp":"2017-11-01T01:13:00Z", "event":"StartJump", "JumpType":"Hyperspace", "StarSystem":"Prieluia WG-C b27-5", "StarClass":"M" }
{ "timestamp":"2017-11-01T01:13:06Z", "event":"Music", "MusicTrack":"NoTrack" }
{ "timestamp":"2017-11-01T01:13:19Z", "event":"FSDJump", "StarSystem":"Prieluia WG-C b27-5", "StarPos":[943.563,120.844,8486.813], "SystemAllegiance":"", "SystemEconomy":"$economy_None;", "SystemEconomy_Localised":"None", "SystemGovernment":"$government_None;", "SystemGovernment_Localised":"None", "SystemSecurity":"$GAlAXY_MAP_INFO_state_anarchy;", "SystemSecurity_Localised":"Anarchy", "Population":0, "JumpDist":25.483, "FuelUsed":3.704450, "FuelLevel":22.996048 }
{ "timestamp":"2017-11-01T01:13:19Z", "event":"Music", "MusicTrack":"Supercruise" }
{ "timestamp":"2017-11-01T01:13:29Z", "event":"Music", "MusicTrack":"SystemMap" }
{ "timestamp":"2017-11-01T01:13:33Z", "event":"Music", "MusicTrack":"Supercruise" }
{ "timestamp":"2017-11-01T01:13:38Z", "event":"FuelScoop", "Scooped":1.256551, "Total":24.252592 }
{ "timestamp":"2017-11-01T01:13:52Z", "event":"StartJump", "JumpType":"Hyperspace", "StarSystem":"Prieluia CI-A b28-1", "StarClass":"M" }
{ "timestamp":"2017-11-01T01:13:57Z", "event":"Music", "MusicTrack":"NoTrack" }
{ "timestamp":"2017-11-01T01:14:11Z", "event":"FSDJump", "StarSystem":"Prieluia CI-A b28-1", "StarPos":[940.344,114.313,8511.094], "SystemAllegiance":"", "SystemEconomy":"$economy_None;", "SystemEconomy_Localised":"None", "SystemGovernment":"$government_None;", "SystemGovernment_Localised":"None", "SystemSecurity":"$GAlAXY_MAP_INFO_state_anarchy;", "SystemSecurity_Localised":"Anarchy", "Population":0, "JumpDist":25.349, "FuelUsed":3.599741, "FuelLevel":20.652851 }
{ "timestamp":"2017-11-01T01:14:11Z", "event":"Music", "MusicTrack":"Supercruise" }
{ "timestamp":"2017-11-01T01:14:19Z", "event":"Music", "MusicTrack":"SystemMap" }
{ "timestamp":"2017-11-01T01:14:25Z", "event":"FuelScoop", "Scooped":0.847935, "Total":21.500771 }
{ "timestamp":"2017-11-01T01:14:27Z", "event":"Music", "MusicTrack":"Supercruise" }
{ "timestamp":"2017-11-01T01:14:45Z", "event":"StartJump", "JumpType":"Hyperspace", "StarSystem":"Prieluia FK-Y c14-60", "StarClass":"M" }
{ "timestamp":"2017-11-01T01:14:51Z", "event":"Music", "MusicTrack":"NoTrack" }
{ "timestamp":"2017-11-01T01:15:04Z", "event":"FSDJump", "StarSystem":"Prieluia FK-Y c14-60", "StarPos":[944.656,112.031,8536.594], "SystemAllegiance":"", "SystemEconomy":"$economy_None;", "SystemEconomy_Localised":"None", "SystemGovernment":"$government_None;", "SystemGovernment_Localised":"None", "SystemSecurity":"$GAlAXY_MAP_INFO_state_anarchy;", "SystemSecurity_Localised":"Anarchy", "Population":0, "JumpDist":25.963, "FuelUsed":3.749875, "FuelLevel":17.750895 }
{ "timestamp":"2017-11-01T01:15:04Z", "event":"Music", "MusicTrack":"Supercruise" }
{ "timestamp":"2017-11-01T01:15:26Z", "event":"FuelScoop", "Scooped":3.299402, "Total":21.050297 }
{ "timestamp":"2017-11-01T01:15:28Z", "event":"Music", "MusicTrack":"SystemMap" }
{ "timestamp":"2017-11-01T01:15:38Z", "event":"Music", "MusicTrack":"Supercruise" }
{ "timestamp":"2017-11-01T01:15:39Z", "event":"Music", "MusicTrack":"SystemMap" }
{ "timestamp":"2017-11-01T01:15:42Z", "event":"Music", "MusicTrack":"Supercruise" }
{ "timestamp":"2017-11-01T01:15:59Z", "event":"StartJump", "JumpType":"Hyperspace", "StarSystem":"Prieluia OA-V b30-11", "StarClass":"M" }
{ "timestamp":"2017-11-01T01:16:05Z", "event":"Music", "MusicTrack":"NoTrack" }
{ "timestamp":"2017-11-01T01:16:18Z", "event":"FSDJump", "StarSystem":"Prieluia OA-V b30-11", "StarPos":[943.906,113.156,8562.406], "SystemAllegiance":"", "SystemEconomy":"$economy_None;", "SystemEconomy_Localised":"None", "SystemGovernment":"$government_None;", "SystemGovernment_Localised":"None", "SystemSecurity":"$GAlAXY_MAP_INFO_state_anarchy;", "SystemSecurity_Localised":"Anarchy", "Population":0, "JumpDist":25.848, "FuelUsed":3.698609, "FuelLevel":17.351688 }
{ "timestamp":"2017-11-01T01:16:18Z", "event":"Music", "MusicTrack":"Supercruise" }
{ "timestamp":"2017-11-01T01:16:35Z", "event":"Music", "MusicTrack":"SystemMap" }
{ "timestamp":"2017-11-01T01:16:37Z", "event":"FuelScoop", "Scooped":1.807573, "Total":19.159277 }
{ "timestamp":"2017-11-01T01:16:40Z", "event":"Music", "MusicTrack":"Supercruise" }
{ "timestamp":"2017-11-01T01:16:56Z", "event":"StartJump", "JumpType":"Hyperspace", "StarSystem":"Prieluia SG-T b31-11", "StarClass":"M" }
{ "timestamp":"2017-11-01T01:17:02Z", "event":"Music", "MusicTrack":"NoTrack" }
{ "timestamp":"2017-11-01T01:17:15Z", "event":"FSDJump", "StarSystem":"Prieluia SG-T b31-11", "StarPos":[952.250,110.594,8587.031], "SystemAllegiance":"", "SystemEconomy":"$economy_None;", "SystemEconomy_Localised":"None", "SystemGovernment":"$government_None;", "SystemGovernment_Localised":"None", "SystemSecurity":"$GAlAXY_MAP_INFO_state_anarchy;", "SystemSecurity_Localised":"Anarchy", "Population":0, "JumpDist":26.126, "FuelUsed":3.750773, "FuelLevel":15.408504 }
{ "timestamp":"2017-11-01T01:17:15Z", "event":"Music", "MusicTrack":"Supercruise" }
{ "timestamp":"2017-11-01T01:17:31Z", "event":"Music", "MusicTrack":"SystemMap" }
{ "timestamp":"2017-11-01T01:17:32Z", "event":"FuelScoop", "Scooped":1.892790, "Total":17.301308 }
{ "timestamp":"2017-11-01T01:17:40Z", "event":"Music", "MusicTrack":"Supercruise" }
{ "timestamp":"2017-11-01T01:17:58Z", "event":"StartJump", "JumpType":"Hyperspace", "StarSystem":"Prieluia WM-R b32-7", "StarClass":"M" }
{ "timestamp":"2017-11-01T01:18:04Z", "event":"Music", "MusicTrack":"NoTrack" }
{ "timestamp":"2017-11-01T01:18:17Z", "event":"FSDJump", "StarSystem":"Prieluia WM-R b32-7", "StarPos":[948.969,114.156,8610.656], "SystemAllegiance":"", "SystemEconomy":"$economy_None;", "SystemEconomy_Localised":"None", "SystemGovernment":"$government_None;", "SystemGovernment_Localised":"None", "SystemSecurity":"$GAlAXY_MAP_INFO_state_anarchy;", "SystemSecurity_Localised":"Anarchy", "Population":0, "JumpDist":24.116, "FuelUsed":3.045792, "FuelLevel":14.255516 }
{ "timestamp":"2017-11-01T01:18:17Z", "event":"Music", "MusicTrack":"Supercruise" }
{ "timestamp":"2017-11-01T01:18:34Z", "event":"FuelScoop", "Scooped":2.064831, "Total":16.320335 }
{ "timestamp":"2017-11-01T01:18:35Z", "event":"Music", "MusicTrack":"SystemMap" }
{ "timestamp":"2017-11-01T01:18:36Z", "event":"Music", "MusicTrack":"Supercruise" }
{ "timestamp":"2017-11-01T01:18:52Z", "event":"StartJump", "JumpType":"Hyperspace", "StarSystem":"Prieluia NW-U c16-53", "StarClass":"K" }
{ "timestamp":"2017-11-01T01:18:57Z", "event":"Music", "MusicTrack":"NoTrack" }
{ "timestamp":"2017-11-01T01:19:10Z", "event":"FSDJump", "StarSystem":"Prieluia NW-U c16-53", "StarPos":[948.219,120.969,8635.531], "SystemAllegiance":"", "SystemEconomy":"$economy_None;", "SystemEconomy_Localised":"None", "SystemGovernment":"$government_None;", "SystemGovernment_Localised":"None", "SystemSecurity":"$GAlAXY_MAP_INFO_state_anarchy;", "SystemSecurity_Localised":"Anarchy", "Population":0, "JumpDist":25.802, "FuelUsed":3.570899, "FuelLevel":12.749436 }
{ "timestamp":"2017-11-01T01:19:11Z", "event":"Music", "MusicTrack":"Supercruise" }
{ "timestamp":"2017-11-01T01:19:19Z", "event":"Music", "MusicTrack":"SystemMap" }
{ "timestamp":"2017-11-01T01:19:23Z", "event":"Music", "MusicTrack":"Supercruise" }
{ "timestamp":"2017-11-01T01:19:33Z", "event":"Scan", "BodyName":"Prieluia NW-U c16-53 A", "DistanceFromArrivalLS":0.000000, "StarType":"K", "StellarMass":0.710938, "Radius":535951808.000000, "AbsoluteMagnitude":6.233398, "Age_MY":5062, "SurfaceTemperature":4765.000000, "Luminosity":"Vab", "SemiMajorAxis":229665390592.000000, "Eccentricity":0.020248, "OrbitalInclination":58.159588, "Periapsis":321.156281, "OrbitalPeriod":351645088.000000, "RotationPeriod":196061.265625, "AxialTilt":0.000000 }
{ "timestamp":"2017-11-01T01:19:41Z", "event":"Music", "MusicTrack":"SystemMap" }
{ "timestamp":"2017-11-01T01:19:42Z", "event":"Music", "MusicTrack":"Supercruise" }
{ "timestamp":"2017-11-01T01:20:07Z", "event":"FuelScoop", "Scooped":5.000269, "Total":17.749716 }
{ "timestamp":"2017-11-01T01:20:24Z", "event":"FuelScoop", "Scooped":5.002939, "Total":22.752632 }
{ "timestamp":"2017-11-01T01:20:41Z", "event":"FuelScoop", "Scooped":5.000889, "Total":27.753536 }
{ "timestamp":"2017-11-01T01:20:56Z", "event":"FuelScoop", "Scooped":4.246440, "Total":32.000000 }
{ "timestamp":"2017-11-01T01:21:21Z", "event":"StartJump", "JumpType":"Hyperspace", "StarSystem":"Prieluia GK-M b35-7", "StarClass":"M" }
{ "timestamp":"2017-11-01T01:21:26Z", "event":"Music", "MusicTrack":"NoTrack" }
{ "timestamp":"2017-11-01T01:21:39Z", "event":"FSDJump", "StarSystem":"Prieluia GK-M b35-7", "StarPos":[952.344,119.531,8659.813], "SystemAllegiance":"", "SystemEconomy":"$economy_None;", "SystemEconomy_Localised":"None", "SystemGovernment":"$government_None;", "SystemGovernment_Localised":"None", "SystemSecurity":"$GAlAXY_MAP_INFO_state_anarchy;", "SystemSecurity_Localised":"Anarchy", "Population":0, "JumpDist":24.671, "FuelUsed":3.538702, "FuelLevel":28.461298 }
{ "timestamp":"2017-11-01T01:21:40Z", "event":"Music", "MusicTrack":"Supercruise" }
{ "timestamp":"2017-11-01T01:21:56Z", "event":"FuelScoop", "Scooped":1.446814, "Total":29.908092 }
{ "timestamp":"2017-11-01T01:21:56Z", "event":"Music", "MusicTrack":"SystemMap" }
{ "timestamp":"2017-11-01T01:21:57Z", "event":"Music", "MusicTrack":"Supercruise" }
{ "timestamp":"2017-11-01T01:22:18Z", "event":"StartJump", "JumpType":"Hyperspace", "StarSystem":"Prieluia LQ-K b36-10", "StarClass":"M" }
{ "timestamp":"2017-11-01T01:22:23Z", "event":"Music", "MusicTrack":"NoTrack" }
{ "timestamp":"2017-11-01T01:22:36Z", "event":"FSDJump", "StarSystem":"Prieluia LQ-K b36-10", "StarPos":[959.625,127.469,8682.813], "SystemAllegiance":"", "SystemEconomy":"$economy_None;", "SystemEconomy_Localised":"None", "SystemGovernment":"$government_None;", "SystemGovernment_Localised":"None", "SystemSecurity":"$GAlAXY_MAP_INFO_state_anarchy;", "SystemSecurity_Localised":"Anarchy", "Population":0, "JumpDist":25.397, "FuelUsed":3.749525, "FuelLevel":26.158567 }
{ "timestamp":"2017-11-01T01:22:37Z", "event":"Music", "MusicTrack":"Supercruise" }
{ "timestamp":"2017-11-01T01:22:49Z", "event":"Music", "MusicTrack":"SystemMap" }
{ "timestamp":"2017-11-01T01:22:49Z", "event":"Music", "MusicTrack":"Supercruise" }
{ "timestamp":"2017-11-01T01:22:53Z", "event":"FuelScoop", "Scooped":1.746230, "Total":27.904778 }
{ "timestamp":"2017-11-01T01:23:08Z", "event":"StartJump", "JumpType":"Hyperspace", "StarSystem":"Prieluia VI-R c18-40", "StarClass":"M" }
{ "timestamp":"2017-11-01T01:23:13Z", "event":"Music", "MusicTrack":"NoTrack" }
{ "timestamp":"2017-11-01T01:23:27Z", "event":"FSDJump", "StarSystem":"Prieluia VI-R c18-40", "StarPos":[958.281,126.625,8708.594], "SystemAllegiance":"", "SystemEconomy":"$economy_None;", "SystemEconomy_Localised":"None", "SystemGovernment":"$government_None;", "SystemGovernment_Localised":"None", "SystemSecurity":"$GAlAXY_MAP_INFO_state_anarchy;", "SystemSecurity_Localised":"Anarchy", "Population":0, "JumpDist":25.830, "FuelUsed":3.858349, "FuelLevel":24.046429 }
{ "timestamp":"2017-11-01T01:23:27Z", "event":"Music", "MusicTrack":"Supercruise" }
{ "timestamp":"2017-11-01T01:23:43Z", "event":"Music", "MusicTrack":"SystemMap" }
{ "timestamp":"2017-11-01T01:23:47Z", "event":"FuelScoop", "Scooped":2.545924, "Total":26.592346 }
{ "timestamp":"2017-11-01T01:23:49Z", "event":"Music", "MusicTrack":"Supercruise" }
{ "timestamp":"2017-11-01T01:24:00Z", "event":"Music", "MusicTrack":"SystemMap" }
{ "timestamp":"2017-11-01T01:24:05Z", "event":"Music", "MusicTrack":"Supercruise" }
{ "timestamp":"2017-11-01T01:24:51Z", "event":"Scan", "BodyName":"Prieluia VI-R c18-40 7", "DistanceFromArrivalLS":202.732880, "TidalLock":false, "TerraformState":"", "PlanetClass":"Water world", "Atmosphere":"thick argon rich atmosphere", "AtmosphereType":"ArgonRich", "AtmosphereComposition":[ { "Name":"Nitrogen", "Percent":96.933693 }, { "Name":"Argon", "Percent":2.970015 } ], "Volcanism":"major rocky magma volcanism", "MassEM":1.049160, "Radius":6968816.000000, "SurfaceGravity":8.610597, "SurfaceTemperature":249.231750, "SurfacePressure":47528920.000000, "Landable":false, "SemiMajorAxis":60778381312.000000, "Eccentricity":0.000050, "OrbitalInclination":-0.014999, "Periapsis":29.153706, "OrbitalPeriod":11379728.000000, "RotationPeriod":74370.773438, "AxialTilt":-0.200104 }
{ "timestamp":"2017-11-01T01:24:52Z", "event":"Music", "MusicTrack":"SystemMap" }
{ "timestamp":"2017-11-01T01:24:56Z", "event":"Music", "MusicTrack":"Supercruise" }
{ "timestamp":"2017-11-01T01:25:53Z", "event":"Scan", "BodyName":"Prieluia VI-R c18-40 6", "DistanceFromArrivalLS":115.415909, "TidalLock":true, "TerraformState":"Terraformable", "PlanetClass":"High metal content body", "Atmosphere":"hot thick carbon dioxide atmosphere", "AtmosphereType":"CarbonDioxide", "AtmosphereComposition":[ { "Name":"CarbonDioxide", "Percent":99.009697 }, { "Name":"SulphurDioxide", "Percent":0.990097 } ], "Volcanism":"rocky magma volcanism", "MassEM":0.618034, "Radius":5255325.500000, "SurfaceGravity":8.919137, "SurfaceTemperature":759.446411, "SurfacePressure":11435013.000000, "Landable":false, "SemiMajorAxis":34599477248.000000, "Eccentricity":0.000086, "OrbitalInclination":0.002200, "Periapsis":283.407928, "OrbitalPeriod":4887790.000000, "RotationPeriod":4906450.500000, "AxialTilt":0.089737 }
{ "timestamp":"2017-11-01T01:26:00Z", "event":"Music", "MusicTrack":"SystemMap" }
{ "timestamp":"2017-11-01T01:26:04Z", "event":"Music", "MusicTrack":"Supercruise" }
{ "timestamp":"2017-11-01T01:27:28Z", "event":"Scan", "BodyName":"Prieluia VI-R c18-40 8", "DistanceFromArrivalLS":346.558929, "TidalLock":false, "TerraformState":"", "PlanetClass":"High metal content body", "Atmosphere":"thick methane rich atmosphere", "AtmosphereType":"MethaneRich", "AtmosphereComposition":[ { "Name":"Ammonia", "Percent":32.998119 }, { "Name":"Methane", "Percent":32.998119 }, { "Name":"Nitrogen", "Percent":32.998119 } ], "Volcanism":"minor metallic magma volcanism", "MassEM":1.682565, "Radius":7080569.000000, "SurfaceGravity":13.376579, "SurfaceTemperature":397.266266, "SurfacePressure":2570988.750000, "Landable":false, "SemiMajorAxis":103990312960.000000, "Eccentricity":0.000916, "OrbitalInclination":-0.062265, "Periapsis":344.906616, "OrbitalPeriod":25468158.000000, "RotationPeriod":137824.218750, "AxialTilt":0.197930 }
{ "timestamp":"2017-11-01T01:27:50Z", "event":"StartJump", "JumpType":"Hyperspace", "StarSystem":"Prieluia TC-H b38-3", "StarClass":"M" }
{ "timestamp":"2017-11-01T01:27:56Z", "event":"Music", "MusicTrack":"NoTrack" }
{ "timestamp":"2017-11-01T01:28:09Z", "event":"FSDJump", "StarSystem":"Prieluia TC-H b38-3", "StarPos":[956.969,130.875,8733.313], "SystemAllegiance":"", "SystemEconomy":"$economy_None;", "SystemEconomy_Localised":"None", "SystemGovernment":"$government_None;", "SystemGovernment_Localised":"None", "SystemSecurity":"$GAlAXY_MAP_INFO_state_anarchy;", "SystemSecurity_Localised":"Anarchy", "Population":0, "JumpDist":25.116, "FuelUsed":3.560757, "FuelLevel":22.511589 }
{ "timestamp":"2017-11-01T01:28:09Z", "event":"Music", "MusicTrack":"Supercruise" }
{ "timestamp":"2017-11-01T01:28:26Z", "event":"FuelScoop", "Scooped":2.006372, "Total":24.518002 }
{ "timestamp":"2017-11-01T01:28:41Z", "event":"StartJump", "JumpType":"Hyperspace", "StarSystem":"Prieluia ZT-D b40-4", "StarClass":"M" }
{ "timestamp":"2017-11-01T01:28:46Z", "event":"Music", "MusicTrack":"NoTrack" }
{ "timestamp":"2017-11-01T01:29:00Z", "event":"FSDJump", "StarSystem":"Prieluia ZT-D b40-4", "StarPos":[963.000,138.063,8757.156], "SystemAllegiance":"", "SystemEconomy":"$economy_None;", "SystemEconomy_Localised":"None", "SystemGovernment":"$government_None;", "SystemGovernment_Localised":"None", "SystemSecurity":"$GAlAXY_MAP_INFO_state_anarchy;", "SystemSecurity_Localised":"Anarchy", "Population":0, "JumpDist":25.623, "FuelUsed":3.702113, "FuelLevel":20.815889 }
{ "timestamp":"2017-11-01T01:29:00Z", "event":"Music", "MusicTrack":"Supercruise" }
{ "timestamp":"2017-11-01T01:29:19Z", "event":"FuelScoop", "Scooped":2.399571, "Total":23.215454 }
{ "timestamp":"2017-11-01T01:29:34Z", "event":"StartJump", "JumpType":"Hyperspace", "StarSystem":"Prieluia DA-C b41-3", "StarClass":"M" }
{ "timestamp":"2017-11-01T01:29:40Z", "event":"Music", "MusicTrack":"NoTrack" }
{ "timestamp":"2017-11-01T01:29:53Z", "event":"FSDJump", "StarSystem":"Prieluia DA-C b41-3", "StarPos":[962.188,142.313,8782.344], "SystemAllegiance":"", "SystemEconomy":"$economy_None;", "SystemEconomy_Localised":"None", "SystemGovernment":"$government_None;", "SystemGovernment_Localised":"None", "SystemSecurity":"$GAlAXY_MAP_INFO_state_anarchy;", "SystemSecurity_Localised":"Anarchy", "Population":0, "JumpDist":25.556, "FuelUsed":3.648288, "FuelLevel":19.567165 }
{ "timestamp":"2017-11-01T01:29:53Z", "event":"Music", "MusicTrack":"Supercruise" }
{ "timestamp":"2017-11-01T01:30:05Z", "event":"Music", "MusicTrack":"SystemMap" }
{ "timestamp":"2017-11-01T01:30:14Z", "event":"Music", "MusicTrack":"Supercruise" }
{ "timestamp":"2017-11-01T01:30:15Z", "event":"FuelScoop", "Scooped":2.843632, "Total":22.410805 }
{ "timestamp":"2017-11-01T01:30:43Z", "event":"FuelScoop", "Scooped":5.001544, "Total":27.412338 }
{ "timestamp":"2017-11-01T01:30:59Z", "event":"FuelScoop", "Scooped":4.587666, "Total":32.000000 }
{ "timestamp":"2017-11-01T01:31:03Z", "event":"Music", "MusicTrack":"SystemMap" }
{ "timestamp":"2017-11-01T01:31:26Z", "event":"Music", "MusicTrack":"Supercruise" }
{ "timestamp":"2017-11-01T01:31:46Z", "event":"StartJump", "JumpType":"Hyperspace", "StarSystem":"Prieluia AA-H d10-190", "StarClass":"F" }
{ "timestamp":"2017-11-01T01:31:52Z", "event":"Music", "MusicTrack":"NoTrack" }
{ "timestamp":"2017-11-01T01:32:05Z", "event":"FSDJump", "StarSystem":"Prieluia AA-H d10-190", "StarPos":[957.469,149.156,8806.813], "SystemAllegiance":"", "SystemEconomy":"$economy_None;", "SystemEconomy_Localised":"None", "SystemGovernment":"$government_None;", "SystemGovernment_Localised":"None", "SystemSecurity":"$GAlAXY_MAP_INFO_state_anarchy;", "SystemSecurity_Localised":"Anarchy", "Population":0, "JumpDist":25.842, "FuelUsed":3.964716, "FuelLevel":28.035284 }
{ "timestamp":"2017-11-01T01:32:05Z", "event":"Music", "MusicTrack":"Supercruise" }
{ "timestamp":"2017-11-01T01:32:16Z", "event":"Music", "MusicTrack":"SystemMap" }
{ "timestamp":"2017-11-01T01:32:18Z", "event":"Music", "MusicTrack":"Supercruise" }
{ "timestamp":"2017-11-01T01:32:28Z", "event":"Scan", "BodyName":"Prieluia AA-H d10-190 A", "DistanceFromArrivalLS":0.000000, "StarType":"F", "StellarMass":1.257813, "Radius":841379136.000000, "AbsoluteMagnitude":4.164520, "Age_MY":1830, "SurfaceTemperature":6123.000000, "Luminosity":"Vab", "SemiMajorAxis":151648993280.000000, "Eccentricity":0.152263, "OrbitalInclination":-23.210621, "Periapsis":199.530975, "OrbitalPeriod":123625336.000000, "RotationPeriod":437754.343750, "AxialTilt":0.000000 }
{ "timestamp":"2017-11-01T01:32:52Z", "event":"FuelScoop", "Scooped":3.964711, "Total":32.000000 }
{ "timestamp":"2017-11-01T01:33:25Z", "event":"Music", "MusicTrack":"SystemMap" }
{ "timestamp":"2017-11-01T01:33:27Z", "event":"Music", "MusicTrack":"Supercruise" }
{ "timestamp":"2017-11-01T01:33:51Z", "event":"Scan", "BodyName":"Prieluia AA-H d10-190 B", "DistanceFromArrivalLS":1698.059692, "StarType":"K", "StellarMass":0.621094, "Radius":557028224.000000, "AbsoluteMagnitude":6.378952, "Age_MY":1830, "SurfaceTemperature":4520.000000, "Luminosity":"Va", "SemiMajorAxis":307113132032.000000, "Eccentricity":0.152263, "OrbitalInclination":-23.210621, "Periapsis":19.530970, "OrbitalPeriod":123625336.000000, "RotationPeriod":311852.343750, "AxialTilt":0.000000 }
