{ "timestamp":"2017-11-07T12:24:42Z", "event":"Fileheader", "part":1, "language":"English\\UK", "gameversion":"2.4", "build":"r156431/r0 " }
{ "timestamp":"2017-11-07T12:24:42Z", "event":"Music", "MusicTrack":"NoTrack" }
{ "timestamp":"2017-11-07T12:24:43Z", "event":"Music", "MusicTrack":"MainMenu" }
{ "timestamp":"2017-11-07T12:25:21Z", "event":"Friends", "Status":"Online", "Name":"Mitsumete Knight" }
{ "timestamp":"2017-11-07T12:25:38Z", "event":"Cargo", "Inventory":[  ] }
{ "timestamp":"2017-11-07T12:25:38Z", "event":"Loadout", "Ship":"DiamondBackXL", "ShipID":2, "ShipName":"KONNYAKU", "ShipIdent":"IG-E01", "Modules":[ { "Slot":"LargeHardpoint1", "Item":"Hpt_PulseLaser_Gimbal_Large", "On":true, "Priority":2, "Health":0.891962, "Value":140600 }, { "Slot":"MediumHardpoint2", "Item":"Hpt_MiningLaser_Fixed_Small", "On":true, "Priority":1, "Health":0.973718, "Value":6800 }, { "Slot":"TinyHardpoint1", "Item":"Hpt_HeatSinkLauncher_Turret_Tiny", "On":true, "Priority":0, "AmmoInClip":1, "AmmoInHopper":1, "Health":0.916123, "Value":3500 }, { "Slot":"TinyHardpoint2", "Item":"Hpt_HeatSinkLauncher_Turret_Tiny", "On":true, "Priority":0, "AmmoInClip":1, "AmmoInHopper":1, "Health":0.906741, "Value":3500 }, { "Slot":"TinyHardpoint4", "Item":"Hpt_ChaffLauncher_Tiny", "On":true, "Priority":1, "AmmoInClip":1, "AmmoInHopper":10, "Health":0.870520, "Value":8500 }, { "Slot":"Armour", "Item":"DiamondBackXL_Armour_Grade1", "On":true, "Priority":1, "Health":1.000000, "Value":0 }, { "Slot":"PowerPlant", "Item":"Int_Powerplant_Size4_Class4", "On":true, "Priority":1, "Health":0.930176, "Value":536693 }, { "Slot":"MainEngines", "Item":"Int_Engine_Size4_Class4", "On":true, "Priority":0, "Health":0.949218, "Value":536693 }, { "Slot":"FrameShiftDrive", "Item":"Int_Hyperdrive_Size5_Class4", "On":true, "Priority":0, "Health":0.922943, "Value":1701318 }, { "Slot":"LifeSupport", "Item":"Int_LifeSupport_Size3_Class2", "On":true, "Priority":0, "Health":0.902882, "Value":10133 }, { "Slot":"PowerDistributor", "Item":"Int_PowerDistributor_Size4_Class2", "On":true, "Priority":0, "Health":0.958339, "Value":28373 }, { "Slot":"Radar", "Item":"Int_Sensors_Size3_Class2", "On":true, "Priority":3, "Health":0.930037, "Value":10133 }, { "Slot":"FuelTank", "Item":"Int_FuelTank_Size5_Class3", "On":true, "Priority":1, "Health":1.000000, "Value":97754 }, { "Slot":"Decal1", "Item":"Decal_Explorer_Surveyor", "On":true, "Priority":1, "Health":1.000000, "Value":0 }, { "Slot":"Decal2", "Item":"Decal_Explorer_Surveyor", "On":true, "Priority":1, "Health":1.000000, "Value":0 }, { "Slot":"Decal3", "Item":"Decal_Explorer_Surveyor", "On":true, "Priority":1, "Health":1.000000, "Value":0 }, { "Slot":"Slot01_Size4", "Item":"Int_ShieldGenerator_Size4_Class1", "On":true, "Priority":1, "Health":0.966821, "Value":19878 }, { "Slot":"Slot02_Size4", "Item":"Int_FuelScoop_Size4_Class4", "On":true, "Priority":3, "Health":0.925726, "Value":715591 }, { "Slot":"Slot03_Size3", "Item":"Int_BuggyBay_Size2_Class2", "On":true, "Priority":0, "Health":0.947269, "Value":21600 }, { "Slot":"Slot04_Size3", "Item":"Int_Repairer_Size3_Class2", "On":true, "Priority":0, "AmmoInClip":2871, "Health":0.900714, "Value":97200 }, { "Slot":"Slot05_Size2", "Item":"Int_StellarBodyDiscoveryScanner_Advanced", "On":true, "Priority":1, "Health":0.924183, "Value":1545000 }, { "Slot":"Slot06_Size2", "Item":"Int_DetailedSurfaceScanner_Tiny", "On":true, "Priority":1, "Health":1.000000, "Value":250000 }, { "Slot":"PlanetaryApproachSuite", "Item":"Int_PlanetApproachSuite", "On":true, "Priority":1, "Health":1.000000, "Value":500 }, { "Slot":"ShipCockpit", "Item":"DiamondBackXL_Cockpit", "On":true, "Priority":1, "Health":0.955808, "Value":0 }, { "Slot":"CargoHatch", "Item":"ModularCargoBayDoor", "On":true, "Priority":2, "Health":0.910384, "Value":0 } ] }
{ "timestamp":"2017-11-07T12:25:38Z", "event":"Materials", "Raw":[ { "Name":"carbon", "Count":14 }, { "Name":"iron", "Count":26 }, { "Name":"chromium", "Count":10 }, { "Name":"nickel", "Count":20 }, { "Name":"manganese", "Count":24 }, { "Name":"zinc", "Count":4 }, { "Name":"sulphur", "Count":9 }, { "Name":"tungsten", "Count":3 } ], "Manufactured":[ { "Name":"mechanicalscrap", "Count":8 }, { "Name":"gridresistors", "Count":3 }, { "Name":"heatdispersionplate", "Count":5 }, { "Name":"salvagedalloys", "Count":6 }, { "Name":"hybridcapacitors", "Count":5 }, { "Name":"heatconductionwiring", "Count":2 } ], "Encoded":[ { "Name":"shieldsoakanalysis", "Count":3 }, { "Name":"disruptedwakeechoes", "Count":5 }, { "Name":"shieldcyclerecordings", "Count":9 }, { "Name":"emissiondata", "Count":3 }, { "Name":"bulkscandata", "Count":9 }, { "Name":"scrambledemissiondata", "Count":7 }, { "Name":"archivedemissiondata", "Count":3 }, { "Name":"shielddensityreports", "Count":9 }, { "Name":"legacyfirmware", "Count":1 } ] }
{ "timestamp":"2017-11-07T12:25:38Z", "event":"LoadGame", "Commander":"Igaguri", "Ship":"DiamondBackXL", "ShipID":2, "ShipName":"KONNYAKU", "ShipIdent":"IG-E01", "FuelLevel":28.112387, "FuelCapacity":32.000000, "GameMode":"Open", "Credits":726550, "Loan":0 }
{ "timestamp":"2017-11-07T12:25:38Z", "event":"Rank", "Combat":1, "Trade":4, "Explore":4, "Empire":0, "Federation":1, "CQC":0 }
{ "timestamp":"2017-11-07T12:25:38Z", "event":"Progress", "Combat":26, "Trade":1, "Explore":12, "Empire":0, "Federation":100, "CQC":0 }
{ "timestamp":"2017-11-07T12:25:48Z", "event":"Location", "Docked":false, "StarSystem":"Dryau Aowsy TJ-X d2-2239", "StarPos":[713.375,1105.750,18396.250], "SystemAllegiance":"", "SystemEconomy":"$economy_None;", "SystemEconomy_Localised":"None", "SystemGovernment":"$government_None;", "SystemGovernment_Localised":"None", "SystemSecurity":"$GAlAXY_MAP_INFO_state_anarchy;", "SystemSecurity_Localised":"Anarchy", "Population":0, "Body":"Dryau Aowsy TJ-X d2-2239 AB", "BodyType":"Null" }
{ "timestamp":"2017-11-07T12:25:48Z", "event":"Music", "MusicTrack":"NoTrack" }
{ "timestamp":"2017-11-07T12:25:48Z", "event":"Music", "MusicTrack":"Exploration" }
{ "timestamp":"2017-11-07T12:26:03Z", "event":"StartJump", "JumpType":"Supercruise" }
{ "timestamp":"2017-11-07T12:26:08Z", "event":"SupercruiseEntry", "StarSystem":"Dryau Aowsy TJ-X d2-2239" }
{ "timestamp":"2017-11-07T12:26:08Z", "event":"Music", "MusicTrack":"Supercruise" }
{ "timestamp":"2017-11-07T12:26:30Z", "event":"Scan", "BodyName":"Dryau Aowsy TJ-X d2-2239 A", "DistanceFromArrivalLS":0.000000, "StarType":"F", "StellarMass":1.484375, "Radius":954211136.000000, "AbsoluteMagnitude":3.189774, "Age_MY":1042, "SurfaceTemperature":7196.000000, "Luminosity":"Vab", "SemiMajorAxis":6491269120.000000, "Eccentricity":0.101400, "OrbitalInclination":11.541951, "Periapsis":170.979248, "OrbitalPeriod":1600817.750000, "RotationPeriod":197547.812500, "AxialTilt":0.000000 }
{ "timestamp":"2017-11-07T12:26:40Z", "event":"Music", "MusicTrack":"SystemMap" }
{ "timestamp":"2017-11-07T12:26:54Z", "event":"Scan", "BodyName":"Dryau Aowsy TJ-X d2-2239 B", "DistanceFromArrivalLS":82.070740, "StarType":"M", "StellarMass":0.500000, "Radius":469326624.000000, "AbsoluteMagnitude":7.625290, "Age_MY":1042, "SurfaceTemperature":3696.000000, "Luminosity":"Va", "SemiMajorAxis":19270955008.000000, "Eccentricity":0.101400, "OrbitalInclination":11.541951, "Periapsis":350.979248, "OrbitalPeriod":1600817.750000, "RotationPeriod":186491.296875, "AxialTilt":0.000000 }
{ "timestamp":"2017-11-07T12:27:02Z", "event":"Music", "MusicTrack":"Supercruise" }
{ "timestamp":"2017-11-07T12:27:11Z", "event":"Music", "MusicTrack":"SystemMap" }
{ "timestamp":"2017-11-07T12:27:14Z", "event":"Music", "MusicTrack":"Supercruise" }
{ "timestamp":"2017-11-07T12:27:19Z", "event":"Music", "MusicTrack":"GalaxyMap" }
{ "timestamp":"2017-11-07T12:27:22Z", "event":"Friends", "Status":"Online", "Name":"Mitsumete Knight" }
{ "timestamp":"2017-11-07T12:27:23Z", "event":"Music", "MusicTrack":"Supercruise" }
{ "timestamp":"2017-11-07T12:27:41Z", "event":"StartJump", "JumpType":"Hyperspace", "StarSystem":"Dryau Aowsy TJ-X d2-1528", "StarClass":"F" }
{ "timestamp":"2017-11-07T12:27:46Z", "event":"Music", "MusicTrack":"NoTrack" }
{ "timestamp":"2017-11-07T12:28:00Z", "event":"FSDJump", "StarSystem":"Dryau Aowsy TJ-X d2-1528", "StarPos":[705.125,1126.375,18409.781], "SystemAllegiance":"", "SystemEconomy":"$economy_None;", "SystemEconomy_Localised":"None", "SystemGovernment":"$government_None;", "SystemGovernment_Localised":"None", "SystemSecurity":"$GAlAXY_MAP_INFO_state_anarchy;", "SystemSecurity_Localised":"Anarchy", "Population":0, "JumpDist":26.011, "FuelUsed":3.930409, "FuelLevel":24.181978 }
{ "timestamp":"2017-11-07T12:28:00Z", "event":"Music", "MusicTrack":"Supercruise" }
{ "timestamp":"2017-11-07T12:28:25Z", "event":"FuelScoop", "Scooped":5.003564, "Total":29.185572 }
{ "timestamp":"2017-11-07T12:28:35Z", "event":"FuelScoop", "Scooped":2.814434, "Total":32.000000 }
{ "timestamp":"2017-11-07T12:28:37Z", "event":"Music", "MusicTrack":"SystemMap" }
{ "timestamp":"2017-11-07T12:28:38Z", "event":"Music", "MusicTrack":"Supercruise" }
{ "timestamp":"2017-11-07T12:29:00Z", "event":"StartJump", "JumpType":"Hyperspace", "StarSystem":"Dryau Aowsy TJ-X d2-485", "StarClass":"A" }
{ "timestamp":"2017-11-07T12:29:06Z", "event":"Music", "MusicTrack":"NoTrack" }
{ "timestamp":"2017-11-07T12:29:19Z", "event":"FSDJump", "StarSystem":"Dryau Aowsy TJ-X d2-485", "StarPos":[703.531,1144.406,18426.844], "SystemAllegiance":"", "SystemEconomy":"$economy_None;", "SystemEconomy_Localised":"None", "SystemGovernment":"$government_None;", "SystemGovernment_Localised":"None", "SystemSecurity":"$GAlAXY_MAP_INFO_state_anarchy;", "SystemSecurity_Localised":"Anarchy", "Population":0, "JumpDist":24.876, "FuelUsed":3.610758, "FuelLevel":28.389242 }
{ "timestamp":"2017-11-07T12:29:19Z", "event":"Music", "MusicTrack":"Supercruise" }
{ "timestamp":"2017-11-07T12:29:40Z", "event":"FuelScoop", "Scooped":3.610742, "Total":32.000000 }
{ "timestamp":"2017-11-07T12:29:45Z", "event":"Music", "MusicTrack":"SystemMap" }
{ "timestamp":"2017-11-07T12:29:52Z", "event":"Music", "MusicTrack":"Supercruise" }
{ "timestamp":"2017-11-07T12:30:02Z", "event":"Music", "MusicTrack":"SystemMap" }
{ "timestamp":"2017-11-07T12:34:18Z", "event":"Music", "MusicTrack":"Supercruise" }
{ "timestamp":"2017-11-07T12:34:34Z", "event":"StartJump", "JumpType":"Hyperspace", "StarSystem":"Dryau Aowsy TJ-X d2-561", "StarClass":"F" }
{ "timestamp":"2017-11-07T12:34:39Z", "event":"Music", "MusicTrack":"NoTrack" }
{ "timestamp":"2017-11-07T12:34:52Z", "event":"FSDJump", "StarSystem":"Dryau Aowsy TJ-X d2-561", "StarPos":[703.500,1158.000,18448.750], "SystemAllegiance":"", "SystemEconomy":"$economy_None;", "SystemEconomy_Localised":"None", "SystemGovernment":"$government_None;", "SystemGovernment_Localised":"None", "SystemSecurity":"$GAlAXY_MAP_INFO_state_anarchy;", "SystemSecurity_Localised":"Anarchy", "Population":0, "JumpDist":25.781, "FuelUsed":3.941781, "FuelLevel":28.058220 }
{ "timestamp":"2017-11-07T12:34:53Z", "event":"Music", "MusicTrack":"Supercruise" }
{ "timestamp":"2017-11-07T12:35:14Z", "event":"FuelScoop", "Scooped":3.941785, "Total":32.000000 }
{ "timestamp":"2017-11-07T12:35:37Z", "event":"StartJump", "JumpType":"Hyperspace", "StarSystem":"Dryau Aowsy VU-V d3-441", "StarClass":"F" }
{ "timestamp":"2017-11-07T12:35:42Z", "event":"Music", "MusicTrack":"NoTrack" }
{ "timestamp":"2017-11-07T12:35:56Z", "event":"FSDJump", "StarSystem":"Dryau Aowsy VU-V d3-441", "StarPos":[704.219,1179.563,18462.656], "SystemAllegiance":"", "SystemEconomy":"$economy_None;", "SystemEconomy_Localised":"None", "SystemGovernment":"$government_None;", "SystemGovernment_Localised":"None", "SystemSecurity":"$GAlAXY_MAP_INFO_state_anarchy;", "SystemSecurity_Localised":"Anarchy", "Population":0, "JumpDist":25.668, "FuelUsed":3.899260, "FuelLevel":28.100740 }
{ "timestamp":"2017-11-07T12:35:56Z", "event":"Music", "MusicTrack":"Supercruise" }
{ "timestamp":"2017-11-07T12:36:16Z", "event":"Music", "MusicTrack":"SystemMap" }
{ "timestamp":"2017-11-07T12:36:20Z", "event":"FuelScoop", "Scooped":3.899270, "Total":32.000000 }
{ "timestamp":"2017-11-07T12:36:22Z", "event":"Music", "MusicTrack":"Supercruise" }
{ "timestamp":"2017-11-07T12:36:59Z", "event":"StartJump", "JumpType":"Hyperspace", "StarSystem":"Dryau Aowsy VU-V d3-411", "StarClass":"A" }
{ "timestamp":"2017-11-07T12:37:04Z", "event":"Music", "MusicTrack":"NoTrack" }
{ "timestamp":"2017-11-07T12:37:17Z", "event":"FSDJump", "StarSystem":"Dryau Aowsy VU-V d3-411", "StarPos":[697.375,1194.813,18482.781], "SystemAllegiance":"", "SystemEconomy":"$economy_None;", "SystemEconomy_Localised":"None", "SystemGovernment":"$government_None;", "SystemGovernment_Localised":"None", "SystemSecurity":"$GAlAXY_MAP_INFO_state_anarchy;", "SystemSecurity_Localised":"Anarchy", "Population":0, "JumpDist":26.161, "FuelUsed":4.085577, "FuelLevel":27.914423 }
{ "timestamp":"2017-11-07T12:37:18Z", "event":"Music", "MusicTrack":"Supercruise" }
{ "timestamp":"2017-11-07T12:37:39Z", "event":"FuelScoop", "Scooped":4.085555, "Total":32.000000 }
{ "timestamp":"2017-11-07T12:37:46Z", "event":"Music", "MusicTrack":"SystemMap" }
{ "timestamp":"2017-11-07T12:37:52Z", "event":"Music", "MusicTrack":"Supercruise" }
{ "timestamp":"2017-11-07T12:39:50Z", "event":"Scan", "BodyName":"Dryau Aowsy VU-V d3-411 5", "DistanceFromArrivalLS":2251.125244, "TidalLock":false, "TerraformState":"Terraformable", "PlanetClass":"Water world", "Atmosphere":"thick water rich atmosphere", "AtmosphereType":"WaterRich", "AtmosphereComposition":[ { "Name":"Nitrogen", "Percent":90.736374 }, { "Name":"Water", "Percent":5.488772 }, { "Name":"Oxygen", "Percent":3.738856 } ], "Volcanism":"metallic magma volcanism", "MassEM":2.505229, "Radius":8002930.500000, "SurfaceGravity":15.590452, "SurfaceTemperature":422.605804, "SurfacePressure":1036081.000000, "Landable":false, "SemiMajorAxis":6459885568.000000, "Eccentricity":0.180410, "OrbitalInclination":1.486811, "Periapsis":71.903702, "OrbitalPeriod":31754360.000000, "RotationPeriod":73040.242188, "AxialTilt":-0.338155, "Rings":[ { "Name":"Dryau Aowsy VU-V d3-411 5 A Ring", "RingClass":"eRingClass_Rocky", "MassMT":3.7317e+09, "InnerRad":1.3205e+07, "OuterRad":4.939e+07 } ], "ReserveLevel":"PristineResources" }
{ "timestamp":"2017-11-07T12:49:51Z", "event":"StartJump", "JumpType":"Hyperspace", "StarSystem":"Dryau Aowsy VU-V d3-1213", "StarClass":"K" }
{ "timestamp":"2017-11-07T12:49:56Z", "event":"Music", "MusicTrack":"NoTrack" }
{ "timestamp":"2017-11-07T12:50:10Z", "event":"FSDJump", "StarSystem":"Dryau Aowsy VU-V d3-1213", "StarPos":[696.438,1213.281,18500.469], "SystemAllegiance":"", "SystemEconomy":"$economy_None;", "SystemEconomy_Localised":"None", "SystemGovernment":"$government_None;", "SystemGovernment_Localised":"None", "SystemSecurity":"$GAlAXY_MAP_INFO_state_anarchy;", "SystemSecurity_Localised":"Anarchy", "Population":0, "JumpDist":25.589, "FuelUsed":3.857728, "FuelLevel":27.622271 }
{ "timestamp":"2017-11-07T12:50:10Z", "event":"Music", "MusicTrack":"Supercruise" }
{ "timestamp":"2017-11-07T12:50:33Z", "event":"FuelScoop", "Scooped":4.377734, "Total":32.000000 }
{ "timestamp":"2017-11-07T12:50:40Z", "event":"Music", "MusicTrack":"SystemMap" }
{ "timestamp":"2017-11-07T12:50:41Z", "event":"Music", "MusicTrack":"Supercruise" }
{ "timestamp":"2017-11-07T12:50:58Z", "event":"StartJump", "JumpType":"Hyperspace", "StarSystem":"Dryau Aowsy VU-V d3-985", "StarClass":"F" }
{ "timestamp":"2017-11-07T12:51:04Z", "event":"Music", "MusicTrack":"NoTrack" }
{ "timestamp":"2017-11-07T12:51:17Z", "event":"FSDJump", "StarSystem":"Dryau Aowsy VU-V d3-985", "StarPos":[694.281,1237.938,18508.688], "SystemAllegiance":"", "SystemEconomy":"$economy_None;", "SystemEconomy_Localised":"None", "SystemGovernment":"$government_None;", "SystemGovernment_Localised":"None", "SystemSecurity":"$GAlAXY_MAP_INFO_state_anarchy;", "SystemSecurity_Localised":"Anarchy", "Population":0, "JumpDist":26.079, "FuelUsed":4.054047, "FuelLevel":27.945953 }
{ "timestamp":"2017-11-07T12:51:17Z", "event":"Music", "MusicTrack":"Supercruise" }
{ "timestamp":"2017-11-07T12:51:39Z", "event":"FuelScoop", "Scooped":4.054049, "Total":32.000000 }
{ "timestamp":"2017-11-07T12:51:53Z", "event":"Music", "MusicTrack":"SystemMap" }
{ "timestamp":"2017-11-07T12:52:00Z", "event":"Music", "MusicTrack":"Supercruise" }
{ "timestamp":"2017-11-07T12:52:18Z", "event":"StartJump", "JumpType":"Hyperspace", "StarSystem":"Stranaei ZY-S d3-180", "StarClass":"A" }
{ "timestamp":"2017-11-07T12:52:23Z", "event":"Music", "MusicTrack":"NoTrack" }
{ "timestamp":"2017-11-07T12:52:36Z", "event":"FSDJump", "StarSystem":"Stranaei ZY-S d3-180", "StarPos":[698.000,1258.125,18523.688], "SystemAllegiance":"", "SystemEconomy":"$economy_None;", "SystemEconomy_Localised":"None", "SystemGovernment":"$government_None;", "SystemGovernment_Localised":"None", "SystemSecurity":"$GAlAXY_MAP_INFO_state_anarchy;", "SystemSecurity_Localised":"Anarchy", "Population":0, "JumpDist":25.424, "FuelUsed":3.809234, "FuelLevel":28.190765 }
{ "timestamp":"2017-11-07T12:52:36Z", "event":"Music", "MusicTrack":"Supercruise" }
{ "timestamp":"2017-11-07T12:52:57Z", "event":"FuelScoop", "Scooped":3.809251, "Total":32.000000 }
{ "timestamp":"2017-11-07T12:53:03Z", "event":"Music", "MusicTrack":"SystemMap" }
{ "timestamp":"2017-11-07T12:53:07Z", "event":"Music", "MusicTrack":"Supercruise" }
{ "timestamp":"2017-11-07T12:53:23Z", "event":"StartJump", "JumpType":"Hyperspace", "StarSystem":"Stranaei DF-R d4-854", "StarClass":"G" }
{ "timestamp":"2017-11-07T12:53:29Z", "event":"Music", "MusicTrack":"NoTrack" }
{ "timestamp":"2017-11-07T12:53:42Z", "event":"FSDJump", "StarSystem":"Stranaei DF-R d4-854", "StarPos":[696.531,1274.531,18543.594], "SystemAllegiance":"", "SystemEconomy":"$economy_None;", "SystemEconomy_Localised":"None", "SystemGovernment":"$government_None;", "SystemGovernment_Localised":"None", "SystemSecurity":"$GAlAXY_MAP_INFO_state_anarchy;", "SystemSecurity_Localised":"Anarchy", "Population":0, "JumpDist":25.838, "FuelUsed":3.962975, "FuelLevel":28.037025 }
{ "timestamp":"2017-11-07T12:53:42Z", "event":"Music", "MusicTrack":"Supercruise" }
{ "timestamp":"2017-11-07T12:54:04Z", "event":"FuelScoop", "Scooped":3.962997, "Total":32.000000 }
{ "timestamp":"2017-11-07T12:54:10Z", "event":"Music", "MusicTrack":"SystemMap" }
{ "timestamp":"2017-11-07T12:54:15Z", "event":"Music", "MusicTrack":"Supercruise" }
{ "timestamp":"2017-11-07T12:54:32Z", "event":"StartJump", "JumpType":"Hyperspace", "StarSystem":"Stranaei DF-R d4-934", "StarClass":"A" }
{ "timestamp":"2017-11-07T12:54:37Z", "event":"Music", "MusicTrack":"NoTrack" }
{ "timestamp":"2017-11-07T12:54:51Z", "event":"FSDJump", "StarSystem":"Stranaei DF-R d4-934", "StarPos":[687.438,1291.313,18561.000], "SystemAllegiance":"", "SystemEconomy":"$economy_None;", "SystemEconomy_Localised":"None", "SystemGovernment":"$government_None;", "SystemGovernment_Localised":"None", "SystemSecurity":"$GAlAXY_MAP_INFO_state_anarchy;", "SystemSecurity_Localised":"Anarchy", "Population":0, "JumpDist":25.832, "FuelUsed":3.960508, "FuelLevel":28.039492 }
{ "timestamp":"2017-11-07T12:54:51Z", "event":"Music", "MusicTrack":"Supercruise" }
{ "timestamp":"2017-11-07T12:55:13Z", "event":"FuelScoop", "Scooped":3.960494, "Total":32.000000 }
{ "timestamp":"2017-11-07T12:55:21Z", "event":"Music", "MusicTrack":"SystemMap" }
{ "timestamp":"2017-11-07T12:55:22Z", "event":"Music", "MusicTrack":"Supercruise" }
{ "timestamp":"2017-11-07T12:55:38Z", "event":"StartJump", "JumpType":"Hyperspace", "StarSystem":"Stranaei EP-I c9-96", "StarClass":"G" }
{ "timestamp":"2017-11-07T12:55:43Z", "event":"Music", "MusicTrack":"NoTrack" }
{ "timestamp":"2017-11-07T12:55:57Z", "event":"FSDJump", "StarSystem":"Stranaei EP-I c9-96", "StarPos":[684.438,1314.219,18573.031], "SystemAllegiance":"", "SystemEconomy":"$economy_None;", "SystemEconomy_Localised":"None", "SystemGovernment":"$government_None;", "SystemGovernment_Localised":"None", "SystemSecurity":"$GAlAXY_MAP_INFO_state_anarchy;", "SystemSecurity_Localised":"Anarchy", "Population":0, "JumpDist":26.047, "FuelUsed":4.041781, "FuelLevel":27.958220 }
{ "timestamp":"2017-11-07T12:55:57Z", "event":"Music", "MusicTrack":"Supercruise" }
{ "timestamp":"2017-11-07T12:56:18Z", "event":"FuelScoop", "Scooped":4.041773, "Total":32.000000 }
{ "timestamp":"2017-11-07T12:56:42Z", "event":"StartJump", "JumpType":"Hyperspace", "StarSystem":"Stranaei GA-H c10-46", "StarClass":"K" }
{ "timestamp":"2017-11-07T12:56:47Z", "event":"Music", "MusicTrack":"NoTrack" }
{ "timestamp":"2017-11-07T12:57:00Z", "event":"FSDJump", "StarSystem":"Stranaei GA-H c10-46", "StarPos":[685.313,1336.969,18584.500], "SystemAllegiance":"", "SystemEconomy":"$economy_None;", "SystemEconomy_Localised":"None", "SystemGovernment":"$government_None;", "SystemGovernment_Localised":"None", "SystemSecurity":"$GAlAXY_MAP_INFO_state_anarchy;", "SystemSecurity_Localised":"Anarchy", "Population":0, "JumpDist":25.492, "FuelUsed":3.834489, "FuelLevel":28.165510 }
{ "timestamp":"2017-11-07T12:57:01Z", "event":"Music", "MusicTrack":"Supercruise" }
{ "timestamp":"2017-11-07T12:57:21Z", "event":"FuelScoop", "Scooped":3.834490, "Total":32.000000 }
{ "timestamp":"2017-11-07T12:57:24Z", "event":"Music", "MusicTrack":"SystemMap" }
{ "timestamp":"2017-11-07T12:57:25Z", "event":"Music", "MusicTrack":"Supercruise" }
{ "timestamp":"2017-11-07T12:57:41Z", "event":"StartJump", "JumpType":"Hyperspace", "StarSystem":"Stranaei GA-H c10-71", "StarClass":"G" }
{ "timestamp":"2017-11-07T12:57:46Z", "event":"Music", "MusicTrack":"NoTrack" }
{ "timestamp":"2017-11-07T12:57:59Z", "event":"FSDJump", "StarSystem":"Stranaei GA-H c10-71", "StarPos":[684.750,1359.156,18597.063], "SystemAllegiance":"", "SystemEconomy":"$economy_None;", "SystemEconomy_Localised":"None", "SystemGovernment":"$government_None;", "SystemGovernment_Localised":"None", "SystemSecurity":"$GAlAXY_MAP_INFO_state_anarchy;", "SystemSecurity_Localised":"Anarchy", "Population":0, "JumpDist":25.503, "FuelUsed":3.838285, "FuelLevel":28.161715 }
{ "timestamp":"2017-11-07T12:58:00Z", "event":"Music", "MusicTrack":"Supercruise" }
{ "timestamp":"2017-11-07T12:58:20Z", "event":"FuelScoop", "Scooped":3.838295, "Total":32.000000 }
{ "timestamp":"2017-11-07T12:58:24Z", "event":"Music", "MusicTrack":"SystemMap" }
{ "timestamp":"2017-11-07T12:58:27Z", "event":"Music", "MusicTrack":"Supercruise" }
{ "timestamp":"2017-11-07T12:58:47Z", "event":"StartJump", "JumpType":"Hyperspace", "StarSystem":"Stranaei FQ-P d5-398", "StarClass":"F" }
{ "timestamp":"2017-11-07T12:58:52Z", "event":"Music", "MusicTrack":"NoTrack" }
{ "timestamp":"2017-11-07T12:59:06Z", "event":"FSDJump", "StarSystem":"Stranaei FQ-P d5-398", "StarPos":[689.125,1377.031,18615.406], "SystemAllegiance":"", "SystemEconomy":"$economy_None;", "SystemEconomy_Localised":"None", "SystemGovernment":"$government_None;", "SystemGovernment_Localised":"None", "SystemSecurity":"$GAlAXY_MAP_INFO_state_anarchy;", "SystemSecurity_Localised":"Anarchy", "Population":0, "JumpDist":25.984, "FuelUsed":4.017646, "FuelLevel":27.982353 }
{ "timestamp":"2017-11-07T12:59:06Z", "event":"Music", "MusicTrack":"Supercruise" }
{ "timestamp":"2017-11-07T12:59:27Z", "event":"FuelScoop", "Scooped":4.017642, "Total":32.000000 }
{ "timestamp":"2017-11-07T12:59:29Z", "event":"Music", "MusicTrack":"SystemMap" }
{ "timestamp":"2017-11-07T12:59:37Z", "event":"Music", "MusicTrack":"Supercruise" }
{ "timestamp":"2017-11-07T12:59:55Z", "event":"StartJump", "JumpType":"Hyperspace", "StarSystem":"Stranaei FQ-P d5-852", "StarClass":"A" }
{ "timestamp":"2017-11-07T13:00:00Z", "event":"Music", "MusicTrack":"NoTrack" }
{ "timestamp":"2017-11-07T13:00:13Z", "event":"FSDJump", "StarSystem":"Stranaei FQ-P d5-852", "StarPos":[692.875,1393.406,18634.688], "SystemAllegiance":"", "SystemEconomy":"$economy_None;", "SystemEconomy_Localised":"None", "SystemGovernment":"$government_None;", "SystemGovernment_Localised":"None", "SystemSecurity":"$GAlAXY_MAP_INFO_state_anarchy;", "SystemSecurity_Localised":"Anarchy", "Population":0, "JumpDist":25.573, "FuelUsed":3.864220, "FuelLevel":28.135780 }
{ "timestamp":"2017-11-07T13:00:13Z", "event":"Music", "MusicTrack":"Supercruise" }
{ "timestamp":"2017-11-07T13:00:34Z", "event":"FuelScoop", "Scooped":3.864211, "Total":32.000000 }
{ "timestamp":"2017-11-07T13:00:44Z", "event":"Music", "MusicTrack":"SystemMap" }
{ "timestamp":"2017-11-07T13:00:54Z", "event":"Music", "MusicTrack":"Supercruise" }
{ "timestamp":"2017-11-07T13:01:13Z", "event":"StartJump", "JumpType":"Hyperspace", "StarSystem":"Stranaei QS-U e2-1539", "StarClass":"B" }
{ "timestamp":"2017-11-07T13:01:19Z", "event":"Music", "MusicTrack":"NoTrack" }
{ "timestamp":"2017-11-07T13:01:32Z", "event":"FSDJump", "StarSystem":"Stranaei QS-U e2-1539", "StarPos":[681.563,1410.281,18650.781], "SystemAllegiance":"", "SystemEconomy":"$economy_None;", "SystemEconomy_Localised":"None", "SystemGovernment":"$government_None;", "SystemGovernment_Localised":"None", "SystemSecurity":"$GAlAXY_MAP_INFO_state_anarchy;", "SystemSecurity_Localised":"Anarchy", "Population":0, "JumpDist":25.918, "FuelUsed":3.993235, "FuelLevel":28.006765 }
{ "timestamp":"2017-11-07T13:01:32Z", "event":"Music", "MusicTrack":"Supercruise" }
{ "timestamp":"2017-11-07T13:01:52Z", "event":"Music", "MusicTrack":"SystemMap" }
{ "timestamp":"2017-11-07T13:01:56Z", "event":"Music", "MusicTrack":"Supercruise" }
{ "timestamp":"2017-11-07T13:01:58Z", "event":"Scan", "BodyName":"Stranaei QS-U e2-1539 A", "DistanceFromArrivalLS":0.000000, "StarType":"B", "StellarMass":5.972656, "Radius":2140538752.000000, "AbsoluteMagnitude":-2.179596, "Age_MY":134, "SurfaceTemperature":16537.000000, "Luminosity":"Vz", "SemiMajorAxis":7716609536.000000, "Eccentricity":0.316027, "OrbitalInclination":36.786377, "Periapsis":352.448547, "OrbitalPeriod":1315136.625000, "RotationPeriod":88424.226563, "AxialTilt":0.000000 }
{ "timestamp":"2017-11-07T13:02:01Z", "event":"Music", "MusicTrack":"GalaxyMap" }
{ "timestamp":"2017-11-07T13:02:02Z", "event":"Music", "MusicTrack":"Supercruise" }
{ "timestamp":"2017-11-07T13:02:18Z", "event":"Scan", "BodyName":"Stranaei QS-U e2-1539 B", "DistanceFromArrivalLS":136.223282, "StarType":"A", "StellarMass":1.664063, "Radius":979575040.000000, "AbsoluteMagnitude":2.697723, "Age_MY":134, "SurfaceTemperature":7954.000000, "Luminosity":"Vz", "SemiMajorAxis":27696470016.000000, "Eccentricity":0.316027, "OrbitalInclination":36.786377, "Periapsis":172.448532, "OrbitalPeriod":1315136.625000, "RotationPeriod":92057.992188, "AxialTilt":0.000000 }
{ "timestamp":"2017-11-07T13:02:47Z", "event":"Music", "MusicTrack":"SystemMap" }
{ "timestamp":"2017-11-07T13:02:50Z", "event":"Music", "MusicTrack":"Supercruise" }
{ "timestamp":"2017-11-07T13:03:11Z", "event":"StartJump", "JumpType":"Hyperspace", "StarSystem":"Stranaei DV-P d5-71", "StarClass":"F" }
{ "timestamp":"2017-11-07T13:03:17Z", "event":"Music", "MusicTrack":"NoTrack" }
{ "timestamp":"2017-11-07T13:03:30Z", "event":"FSDJump", "StarSystem":"Stranaei DV-P d5-71", "StarPos":[688.313,1430.781,18664.969], "SystemAllegiance":"", "SystemEconomy":"$economy_None;", "SystemEconomy_Localised":"None", "SystemGovernment":"$government_None;", "SystemGovernment_Localised":"None", "SystemSecurity":"$GAlAXY_MAP_INFO_state_anarchy;", "SystemSecurity_Localised":"Anarchy", "Population":0, "JumpDist":25.828, "FuelUsed":3.860667, "FuelLevel":24.146099 }
{ "timestamp":"2017-11-07T13:03:30Z", "event":"Music", "MusicTrack":"Supercruise" }
{ "timestamp":"2017-11-07T13:03:55Z", "event":"FuelScoop", "Scooped":5.000782, "Total":29.146900 }
{ "timestamp":"2017-11-07T13:04:05Z", "event":"FuelScoop", "Scooped":2.853113, "Total":32.000000 }
{ "timestamp":"2017-11-07T13:04:21Z", "event":"Music", "MusicTrack":"SystemMap" }
{ "timestamp":"2017-11-07T13:04:22Z", "event":"Music", "MusicTrack":"Supercruise" }
{ "timestamp":"2017-11-07T13:04:38Z", "event":"StartJump", "JumpType":"Hyperspace", "StarSystem":"Stranaei DV-P d5-651", "StarClass":"F" }
{ "timestamp":"2017-11-07T13:04:44Z", "event":"Music", "MusicTrack":"NoTrack" }
{ "timestamp":"2017-11-07T13:04:57Z", "event":"FSDJump", "StarSystem":"Stranaei DV-P d5-651", "StarPos":[685.313,1453.969,18674.563], "SystemAllegiance":"", "SystemEconomy":"$economy_None;", "SystemEconomy_Localised":"None", "SystemGovernment":"$government_None;", "SystemGovernment_Localised":"None", "SystemSecurity":"$GAlAXY_MAP_INFO_state_anarchy;", "SystemSecurity_Localised":"Anarchy", "Population":0, "JumpDist":25.273, "FuelUsed":3.753985, "FuelLevel":28.246014 }
{ "timestamp":"2017-11-07T13:04:57Z", "event":"Music", "MusicTrack":"Supercruise" }
{ "timestamp":"2017-11-07T13:05:18Z", "event":"FuelScoop", "Scooped":3.753967, "Total":32.000000 }
{ "timestamp":"2017-11-07T13:05:20Z", "event":"Music", "MusicTrack":"SystemMap" }
{ "timestamp":"2017-11-07T13:05:27Z", "event":"Music", "MusicTrack":"Supercruise" }
{ "timestamp":"2017-11-07T13:05:48Z", "event":"StartJump", "JumpType":"Hyperspace", "StarSystem":"Stranaei DV-P d5-41", "StarClass":"F" }
{ "timestamp":"2017-11-07T13:05:53Z", "event":"Music", "MusicTrack":"NoTrack" }
{ "timestamp":"2017-11-07T13:06:07Z", "event":"FSDJump", "StarSystem":"Stranaei DV-P d5-41", "StarPos":[680.438,1476.906,18685.594], "SystemAllegiance":"", "SystemEconomy":"$economy_None;", "SystemEconomy_Localised":"None", "SystemGovernment":"$government_None;", "SystemGovernment_Localised":"None", "SystemSecurity":"$GAlAXY_MAP_INFO_state_anarchy;", "SystemSecurity_Localised":"Anarchy", "Population":0, "JumpDist":25.915, "FuelUsed":3.992030, "FuelLevel":28.007969 }
{ "timestamp":"2017-11-07T13:06:07Z", "event":"Music", "MusicTrack":"Supercruise" }
{ "timestamp":"2017-11-07T13:06:28Z", "event":"FuelScoop", "Scooped":3.992026, "Total":32.000000 }
{ "timestamp":"2017-11-07T13:06:35Z", "event":"Music", "MusicTrack":"SystemMap" }
{ "timestamp":"2017-11-07T13:06:39Z", "event":"Music", "MusicTrack":"Supercruise" }
{ "timestamp":"2017-11-07T13:06:57Z", "event":"StartJump", "JumpType":"Hyperspace", "StarSystem":"Stranaei FG-O d6-182", "StarClass":"F" }
{ "timestamp":"2017-11-07T13:07:02Z", "event":"Music", "MusicTrack":"NoTrack" }
{ "timestamp":"2017-11-07T13:07:15Z", "event":"FSDJump", "StarSystem":"Stranaei FG-O d6-182", "StarPos":[678.875,1496.219,18697.844], "SystemAllegiance":"", "SystemEconomy":"$economy_None;", "SystemEconomy_Localised":"None", "SystemGovernment":"$government_None;", "SystemGovernment_Localised":"None", "SystemSecurity":"$GAlAXY_MAP_INFO_state_anarchy;", "SystemSecurity_Localised":"Anarchy", "Population":0, "JumpDist":22.923, "FuelUsed":2.955737, "FuelLevel":29.044264 }
{ "timestamp":"2017-11-07T13:07:16Z", "event":"Music", "MusicTrack":"Supercruise" }
{ "timestamp":"2017-11-07T13:07:35Z", "event":"FuelScoop", "Scooped":3.475724, "Total":32.000000 }
{ "timestamp":"2017-11-07T13:07:39Z", "event":"Music", "MusicTrack":"SystemMap" }
{ "timestamp":"2017-11-07T13:07:46Z", "event":"Music", "MusicTrack":"Supercruise" }
{ "timestamp":"2017-11-07T13:08:06Z", "event":"Music", "MusicTrack":"SystemMap" }
{ "timestamp":"2017-11-07T13:08:15Z", "event":"Music", "MusicTrack":"Supercruise" }
{ "timestamp":"2017-11-07T13:09:31Z", "event":"Scan", "BodyName":"Stranaei FG-O d6-182 A 8", "DistanceFromArrivalLS":1987.888062, "TidalLock":false, "TerraformState":"Terraformable", "PlanetClass":"Water world", "Atmosphere":"nitrogen atmosphere", "AtmosphereType":"Nitrogen", "AtmosphereComposition":[ { "Name":"Nitrogen", "Percent":63.134235 }, { "Name":"Oxygen", "Percent":18.579500 }, { "Name":"Water", "Percent":18.044489 } ], "Volcanism":"metallic magma volcanism", "MassEM":2.802646, "Radius":8157148.000000, "SurfaceGravity":16.788078, "SurfaceTemperature":358.428558, "SurfacePressure":89555.593750, "Landable":false, "SemiMajorAxis":595921403904.000000, "Eccentricity":0.000254, "OrbitalInclination":-1.709387, "Periapsis":352.010651, "OrbitalPeriod":198962912.000000, "RotationPeriod":59802.226563, "AxialTilt":-2.114591 }
{ "timestamp":"2017-11-07T13:09:48Z", "event":"Scan", "BodyName":"Stranaei FG-O d6-182 A 8 a", "DistanceFromArrivalLS":1991.197998, "TidalLock":true, "TerraformState":"Terraformable", "PlanetClass":"Rocky body", "Atmosphere":"nitrogen atmosphere", "AtmosphereType":"Nitrogen", "AtmosphereComposition":[ { "Name":"Nitrogen", "Percent":49.594185 }, { "Name":"Oxygen", "Percent":44.128559 }, { "Name":"CarbonDioxide", "Percent":6.096217 } ], "Volcanism":"", "MassEM":0.262074, "Radius":4250398.000000, "SurfaceGravity":5.781954, "SurfaceTemperature":234.931198, "SurfacePressure":11833.745117, "Landable":false, "SemiMajorAxis":1022361280.000000, "Eccentricity":0.000000, "OrbitalInclination":43.412868, "Periapsis":206.823502, "OrbitalPeriod":5876676.000000, "RotationPeriod":6145299.500000, "AxialTilt":0.225242 }
{ "timestamp":"2017-11-07T13:09:50Z", "event":"Music", "MusicTrack":"SystemMap" }
{ "timestamp":"2017-11-07T13:09:53Z", "event":"Music", "MusicTrack":"Supercruise" }
{ "timestamp":"2017-11-07T13:10:24Z", "event":"StartJump", "JumpType":"Hyperspace", "StarSystem":"Stranaei FG-O d6-73", "StarClass":"F" }
{ "timestamp":"2017-11-07T13:10:29Z", "event":"Music", "MusicTrack":"NoTrack" }
{ "timestamp":"2017-11-07T13:10:43Z", "event":"FSDJump", "StarSystem":"Stranaei FG-O d6-73", "StarPos":[681.719,1509.875,18719.500], "SystemAllegiance":"", "SystemEconomy":"$economy_None;", "SystemEconomy_Localised":"None", "SystemGovernment":"$government_None;", "SystemGovernment_Localised":"None", "SystemSecurity":"$GAlAXY_MAP_INFO_state_anarchy;", "SystemSecurity_Localised":"Anarchy", "Population":0, "JumpDist":25.760, "FuelUsed":3.933545, "FuelLevel":28.066456 }
{ "timestamp":"2017-11-07T13:10:44Z", "event":"Music", "MusicTrack":"Supercruise" }
{ "timestamp":"2017-11-07T13:11:05Z", "event":"FuelScoop", "Scooped":3.933557, "Total":32.000000 }
{ "timestamp":"2017-11-07T13:11:07Z", "event":"Music", "MusicTrack":"SystemMap" }
{ "timestamp":"2017-11-07T13:11:09Z", "event":"Music", "MusicTrack":"Supercruise" }
{ "timestamp":"2017-11-07T13:11:23Z", "event":"Music", "MusicTrack":"GalaxyMap" }
{ "timestamp":"2017-11-07T13:11:42Z", "event":"Music", "MusicTrack":"SystemMap" }
{ "timestamp":"2017-11-07T13:11:43Z", "event":"Music", "MusicTrack":"Supercruise" }
