{ "timestamp":"2017-10-31T12:57:01Z", "event":"Fileheader", "part":1, "language":"English\\UK", "gameversion":"2.4", "build":"r156431/r0 " }
{ "timestamp":"2017-10-31T12:57:01Z", "event":"Music", "MusicTrack":"NoTrack" }
{ "timestamp":"2017-10-31T12:57:01Z", "event":"Music", "MusicTrack":"MainMenu" }
{ "timestamp":"2017-10-31T12:57:40Z", "event":"Friends", "Status":"Online", "Name":"Qube_nico" }
{ "timestamp":"2017-10-31T12:57:40Z", "event":"Friends", "Status":"Online", "Name":"Mitsumete Knight" }
{ "timestamp":"2017-10-31T12:58:10Z", "event":"Friends", "Status":"Online", "Name":"Qube_nico" }
{ "timestamp":"2017-10-31T12:58:10Z", "event":"Friends", "Status":"Online", "Name":"Mitsumete Knight" }
{ "timestamp":"2017-10-31T12:59:31Z", "event":"Cargo", "Inventory":[  ] }
{ "timestamp":"2017-10-31T12:59:31Z", "event":"Loadout", "Ship":"DiamondBackXL", "ShipID":2, "ShipName":"KONNYAKU", "ShipIdent":"IG-E01", "Modules":[ { "Slot":"LargeHardpoint1", "Item":"Hpt_PulseLaser_Gimbal_Large", "On":true, "Priority":2, "Health":0.941472, "Value":140600 }, { "Slot":"MediumHardpoint2", "Item":"Hpt_MiningLaser_Fixed_Small", "On":true, "Priority":1, "Health":0.953362, "Value":6800 }, { "Slot":"TinyHardpoint1", "Item":"Hpt_HeatSinkLauncher_Turret_Tiny", "On":true, "Priority":0, "AmmoInClip":1, "AmmoInHopper":2, "Health":0.953579, "Value":3500 }, { "Slot":"TinyHardpoint2", "Item":"Hpt_HeatSinkLauncher_Turret_Tiny", "On":true, "Priority":0, "AmmoInClip":1, "AmmoInHopper":2, "Health":0.949510, "Value":3500 }, { "Slot":"TinyHardpoint4", "Item":"Hpt_ChaffLauncher_Tiny", "On":true, "Priority":1, "AmmoInClip":1, "AmmoInHopper":10, "Health":0.922569, "Value":8500 }, { "Slot":"Armour", "Item":"DiamondBackXL_Armour_Grade1", "On":true, "Priority":1, "Health":1.000000, "Value":0 }, { "Slot":"PowerPlant", "Item":"Int_Powerplant_Size4_Class4", "On":true, "Priority":1, "Health":0.962441, "Value":536693 }, { "Slot":"MainEngines", "Item":"Int_Engine_Size4_Class4", "On":true, "Priority":0, "Health":0.964169, "Value":536693 }, { "Slot":"FrameShiftDrive", "Item":"Int_Hyperdrive_Size5_Class4", "On":true, "Priority":0, "Health":0.932688, "Value":1701318 }, { "Slot":"LifeSupport", "Item":"Int_LifeSupport_Size3_Class2", "On":true, "Priority":0, "Health":0.937790, "Value":10133 }, { "Slot":"PowerDistributor", "Item":"Int_PowerDistributor_Size4_Class2", "On":true, "Priority":0, "Health":0.998602, "Value":28373 }, { "Slot":"Radar", "Item":"Int_Sensors_Size3_Class2", "On":true, "Priority":3, "Health":0.968630, "Value":10133 }, { "Slot":"FuelTank", "Item":"Int_FuelTank_Size5_Class3", "On":true, "Priority":1, "Health":1.000000, "Value":97754 }, { "Slot":"Decal1", "Item":"Decal_Explorer_Surveyor", "On":true, "Priority":1, "Health":1.000000, "Value":0 }, { "Slot":"Decal2", "Item":"Decal_Explorer_Surveyor", "On":true, "Priority":1, "Health":1.000000, "Value":0 }, { "Slot":"Decal3", "Item":"Decal_Explorer_Surveyor", "On":true, "Priority":1, "Health":1.000000, "Value":0 }, { "Slot":"Slot01_Size4", "Item":"Int_ShieldGenerator_Size4_Class1", "On":true, "Priority":1, "Health":0.981419, "Value":19878 }, { "Slot":"Slot02_Size4", "Item":"Int_FuelScoop_Size4_Class4", "On":true, "Priority":3, "Health":0.944909, "Value":715591 }, { "Slot":"Slot03_Size3", "Item":"Int_BuggyBay_Size2_Class2", "On":true, "Priority":0, "Health":0.973013, "Value":21600 }, { "Slot":"Slot04_Size3", "Item":"Int_Repairer_Size3_Class2", "On":true, "Priority":0, "AmmoInClip":2179, "Health":0.937855, "Value":97200 }, { "Slot":"Slot05_Size2", "Item":"Int_StellarBodyDiscoveryScanner_Advanced", "On":true, "Priority":1, "Health":0.969358, "Value":1545000 }, { "Slot":"Slot06_Size2", "Item":"Int_DetailedSurfaceScanner_Tiny", "On":true, "Priority":1, "Health":1.000000, "Value":250000 }, { "Slot":"PlanetaryApproachSuite", "Item":"Int_PlanetApproachSuite", "On":true, "Priority":1, "Health":1.000000, "Value":500 }, { "Slot":"ShipCockpit", "Item":"DiamondBackXL_Cockpit", "On":true, "Priority":1, "Health":0.986414, "Value":0 }, { "Slot":"CargoHatch", "Item":"ModularCargoBayDoor", "On":true, "Priority":2, "Health":0.948078, "Value":0 } ] }
{ "timestamp":"2017-10-31T12:59:31Z", "event":"Materials", "Raw":[ { "Name":"carbon", "Count":2 }, { "Name":"iron", "Count":18 }, { "Name":"chromium", "Count":12 }, { "Name":"nickel", "Count":3 }, { "Name":"manganese", "Count":6 }, { "Name":"vanadium", "Count":3 } ], "Manufactured":[ { "Name":"mechanicalscrap", "Count":8 }, { "Name":"gridresistors", "Count":3 }, { "Name":"heatdispersionplate", "Count":5 }, { "Name":"salvagedalloys", "Count":6 }, { "Name":"hybridcapacitors", "Count":5 }, { "Name":"heatconductionwiring", "Count":2 } ], "Encoded":[ { "Name":"shieldsoakanalysis", "Count":3 }, { "Name":"disruptedwakeechoes", "Count":5 }, { "Name":"shieldcyclerecordings", "Count":9 }, { "Name":"emissiondata", "Count":3 }, { "Name":"bulkscandata", "Count":9 }, { "Name":"scrambledemissiondata", "Count":7 }, { "Name":"archivedemissiondata", "Count":3 }, { "Name":"shielddensityreports", "Count":9 }, { "Name":"legacyfirmware", "Count":1 } ] }
{ "timestamp":"2017-10-31T12:59:31Z", "event":"LoadGame", "Commander":"Igaguri", "Ship":"DiamondBackXL", "ShipID":2, "ShipName":"KONNYAKU", "ShipIdent":"IG-E01", "FuelLevel":31.061562, "FuelCapacity":32.000000, "GameMode":"Group", "Group":"TenManGu", "Credits":726550, "Loan":0 }
{ "timestamp":"2017-10-31T12:59:31Z", "event":"Rank", "Combat":1, "Trade":4, "Explore":4, "Empire":0, "Federation":1, "CQC":0 }
{ "timestamp":"2017-10-31T12:59:31Z", "event":"Progress", "Combat":26, "Trade":1, "Explore":10, "Empire":0, "Federation":100, "CQC":0 }
{ "timestamp":"2017-10-31T12:59:42Z", "event":"Location", "Docked":false, "StarSystem":"Lysoorb TT-G c24-23", "StarPos":[942.344,132.094,7663.469], "SystemAllegiance":"", "SystemEconomy":"$economy_None;", "SystemEconomy_Localised":"None", "SystemGovernment":"$government_None;", "SystemGovernment_Localised":"None", "SystemSecurity":"$GAlAXY_MAP_INFO_state_anarchy;", "SystemSecurity_Localised":"Anarchy", "Population":0, "Body":"Lysoorb TT-G c24-23", "BodyType":"Star" }
{ "timestamp":"2017-10-31T12:59:42Z", "event":"Music", "MusicTrack":"NoTrack" }
{ "timestamp":"2017-10-31T12:59:42Z", "event":"Music", "MusicTrack":"Exploration" }
{ "timestamp":"2017-10-31T12:59:57Z", "event":"Music", "MusicTrack":"GalaxyMap" }
{ "timestamp":"2017-10-31T13:02:13Z", "event":"Music", "MusicTrack":"Exploration" }
{ "timestamp":"2017-10-31T13:03:28Z", "event":"StartJump", "JumpType":"Hyperspace", "StarSystem":"Lysoorb KH-D d12-158", "StarClass":"A" }
{ "timestamp":"2017-10-31T13:03:34Z", "event":"Music", "MusicTrack":"NoTrack" }
{ "timestamp":"2017-10-31T13:03:47Z", "event":"FSDJump", "StarSystem":"Lysoorb KH-D d12-158", "StarPos":[937.969,122.781,7687.125], "SystemAllegiance":"", "SystemEconomy":"$economy_None;", "SystemEconomy_Localised":"None", "SystemGovernment":"$government_None;", "SystemGovernment_Localised":"None", "SystemSecurity":"$GAlAXY_MAP_INFO_state_anarchy;", "SystemSecurity_Localised":"Anarchy", "Population":0, "JumpDist":25.797, "FuelUsed":3.924430, "FuelLevel":27.137133 }
{ "timestamp":"2017-10-31T13:03:47Z", "event":"Music", "MusicTrack":"Supercruise" }
{ "timestamp":"2017-10-31T13:04:01Z", "event":"Music", "MusicTrack":"SystemMap" }
{ "timestamp":"2017-10-31T13:04:06Z", "event":"Music", "MusicTrack":"Supercruise" }
{ "timestamp":"2017-10-31T13:04:16Z", "event":"Scan", "BodyName":"Lysoorb KH-D d12-158", "DistanceFromArrivalLS":0.000000, "StarType":"A", "StellarMass":1.621094, "Radius":945424064.000000, "AbsoluteMagnitude":2.939529, "Age_MY":2966, "SurfaceTemperature":7658.000000, "Luminosity":"Vb", "RotationPeriod":78178.648438, "AxialTilt":0.000000, "Rings":[ { "Name":"Lysoorb KH-D d12-158 A Belt", "RingClass":"eRingClass_Metalic", "MassMT":3.3441e+16, "InnerRad":7.2889e+09, "OuterRad":2.9387e+11 } ] }
{ "timestamp":"2017-10-31T13:06:18Z", "event":"Music", "MusicTrack":"SystemMap" }
{ "timestamp":"2017-10-31T13:06:19Z", "event":"Music", "MusicTrack":"Supercruise" }
{ "timestamp":"2017-10-31T13:06:45Z", "event":"FuelScoop", "Scooped":4.862878, "Total":32.000000 }
{ "timestamp":"2017-10-31T13:07:07Z", "event":"StartJump", "JumpType":"Hyperspace", "StarSystem":"Lysoorb XZ-E c25-0", "StarClass":"K" }
{ "timestamp":"2017-10-31T13:07:12Z", "event":"Music", "MusicTrack":"NoTrack" }
{ "timestamp":"2017-10-31T13:07:25Z", "event":"FSDJump", "StarSystem":"Lysoorb XZ-E c25-0", "StarPos":[954.281,115.281,7702.406], "SystemAllegiance":"", "SystemEconomy":"$economy_None;", "SystemEconomy_Localised":"None", "SystemGovernment":"$government_None;", "SystemGovernment_Localised":"None", "SystemSecurity":"$GAlAXY_MAP_INFO_state_anarchy;", "SystemSecurity_Localised":"Anarchy", "Population":0, "JumpDist":23.577, "FuelUsed":3.166369, "FuelLevel":28.833632 }
{ "timestamp":"2017-10-31T13:07:25Z", "event":"Music", "MusicTrack":"Supercruise" }
{ "timestamp":"2017-10-31T13:07:50Z", "event":"Scan", "BodyName":"Lysoorb XZ-E c25-0 A", "DistanceFromArrivalLS":0.000000, "StarType":"K", "StellarMass":0.609375, "Radius":524108320.000000, "AbsoluteMagnitude":6.806473, "Age_MY":5256, "SurfaceTemperature":4223.000000, "Luminosity":"Va", "SemiMajorAxis":11154908774400.000000, "Eccentricity":0.256813, "OrbitalInclination":32.448143, "Periapsis":39.610233, "OrbitalPeriod":108798984192.000000, "RotationPeriod":249964.687500, "AxialTilt":0.000000 }
{ "timestamp":"2017-10-31T13:10:24Z", "event":"Music", "MusicTrack":"SystemMap" }
{ "timestamp":"2017-10-31T13:10:25Z", "event":"Music", "MusicTrack":"Supercruise" }
{ "timestamp":"2017-10-31T13:12:01Z", "event":"FuelScoop", "Scooped":3.166362, "Total":32.000000 }
{ "timestamp":"2017-10-31T13:12:24Z", "event":"StartJump", "JumpType":"Hyperspace", "StarSystem":"Lysoorb XZ-E c25-30", "StarClass":"G" }
{ "timestamp":"2017-10-31T13:12:29Z", "event":"Music", "MusicTrack":"NoTrack" }
{ "timestamp":"2017-10-31T13:12:43Z", "event":"FSDJump", "StarSystem":"Lysoorb XZ-E c25-30", "StarPos":[944.969,119.375,7723.781], "SystemAllegiance":"", "SystemEconomy":"$economy_None;", "SystemEconomy_Localised":"None", "SystemGovernment":"$government_None;", "SystemGovernment_Localised":"None", "SystemSecurity":"$GAlAXY_MAP_INFO_state_anarchy;", "SystemSecurity_Localised":"Anarchy", "Population":0, "JumpDist":23.672, "FuelUsed":3.197948, "FuelLevel":28.802052 }
{ "timestamp":"2017-10-31T13:12:43Z", "event":"Music", "MusicTrack":"Supercruise" }
{ "timestamp":"2017-10-31T13:12:54Z", "event":"Music", "MusicTrack":"SystemMap" }
{ "timestamp":"2017-10-31T13:12:58Z", "event":"Music", "MusicTrack":"Supercruise" }
{ "timestamp":"2017-10-31T13:13:06Z", "event":"Scan", "BodyName":"Lysoorb XZ-E c25-30", "DistanceFromArrivalLS":0.000000, "StarType":"G", "StellarMass":0.742188, "Radius":565433280.000000, "AbsoluteMagnitude":5.715942, "Age_MY":4698, "SurfaceTemperature":5226.000000, "Luminosity":"Vab", "RotationPeriod":220310.109375, "AxialTilt":0.000000, "Rings":[ { "Name":"Lysoorb XZ-E c25-30 A Belt", "RingClass":"eRingClass_MetalRich", "MassMT":1.2662e+14, "InnerRad":9.3296e+08, "OuterRad":2.2836e+09 } ] }
{ "timestamp":"2017-10-31T13:13:27Z", "event":"Music", "MusicTrack":"SystemMap" }
{ "timestamp":"2017-10-31T13:13:30Z", "event":"Music", "MusicTrack":"Supercruise" }
{ "timestamp":"2017-10-31T13:13:50Z", "event":"FuelScoop", "Scooped":3.197948, "Total":32.000000 }
{ "timestamp":"2017-10-31T13:15:04Z", "event":"Scan", "BodyName":"Lysoorb XZ-E c25-30 4", "DistanceFromArrivalLS":475.496948, "TidalLock":false, "TerraformState":"", "PlanetClass":"Water world", "Atmosphere":"thick argon rich atmosphere", "AtmosphereType":"ArgonRich", "AtmosphereComposition":[ { "Name":"Nitrogen", "Percent":93.754944 }, { "Name":"Argon", "Percent":6.079007 }, { "Name":"Ammonia", "Percent":0.119954 } ], "Volcanism":"minor metallic magma volcanism", "MassEM":2.915046, "Radius":8703796.000000, "SurfaceGravity":15.336892, "SurfaceTemperature":259.081573, "SurfacePressure":27738916.000000, "Landable":false, "SemiMajorAxis":142560952320.000000, "Eccentricity":0.000075, "OrbitalInclination":-0.010383, "Periapsis":197.200165, "OrbitalPeriod":34071760.000000, "RotationPeriod":207764.578125, "AxialTilt":0.272766 }
{ "timestamp":"2017-10-31T13:15:22Z", "event":"StartJump", "JumpType":"Hyperspace", "StarSystem":"Lysoorb ON-B d13-113", "StarClass":"G" }
{ "timestamp":"2017-10-31T13:15:28Z", "event":"Music", "MusicTrack":"NoTrack" }
{ "timestamp":"2017-10-31T13:15:41Z", "event":"FSDJump", "StarSystem":"Lysoorb ON-B d13-113", "StarPos":[951.875,114.531,7747.844], "SystemAllegiance":"", "SystemEconomy":"$economy_None;", "SystemEconomy_Localised":"None", "SystemGovernment":"$government_None;", "SystemGovernment_Localised":"None", "SystemSecurity":"$GAlAXY_MAP_INFO_state_anarchy;", "SystemSecurity_Localised":"Anarchy", "Population":0, "JumpDist":25.498, "FuelUsed":3.836410, "FuelLevel":28.163589 }
{ "timestamp":"2017-10-31T13:15:41Z", "event":"Music", "MusicTrack":"Supercruise" }
{ "timestamp":"2017-10-31T13:15:50Z", "event":"Music", "MusicTrack":"SystemMap" }
{ "timestamp":"2017-10-31T13:16:02Z", "event":"Music", "MusicTrack":"Supercruise" }
{ "timestamp":"2017-10-31T13:16:04Z", "event":"Scan", "BodyName":"Lysoorb ON-B d13-113 A", "DistanceFromArrivalLS":0.000000, "StarType":"G", "StellarMass":1.156250, "Radius":710994176.000000, "AbsoluteMagnitude":4.700226, "Age_MY":1328, "SurfaceTemperature":5888.000000, "Luminosity":"Vab", "SemiMajorAxis":4001769984.000000, "Eccentricity":0.070712, "OrbitalInclination":-20.926950, "Periapsis":50.379463, "OrbitalPeriod":640739.312500, "RotationPeriod":328656.656250, "AxialTilt":0.000000 }
{ "timestamp":"2017-10-31T13:17:01Z", "event":"FuelScoop", "Scooped":4.356400, "Total":32.000000 }
{ "timestamp":"2017-10-31T13:17:18Z", "event":"StartJump", "JumpType":"Hyperspace", "StarSystem":"Lysoorb ON-B d13-25", "StarClass":"F" }
{ "timestamp":"2017-10-31T13:17:24Z", "event":"Music", "MusicTrack":"NoTrack" }
{ "timestamp":"2017-10-31T13:17:37Z", "event":"FSDJump", "StarSystem":"Lysoorb ON-B d13-25", "StarPos":[947.719,121.000,7768.781], "SystemAllegiance":"", "SystemEconomy":"$economy_None;", "SystemEconomy_Localised":"None", "SystemGovernment":"$government_None;", "SystemGovernment_Localised":"None", "SystemSecurity":"$GAlAXY_MAP_INFO_state_anarchy;", "SystemSecurity_Localised":"Anarchy", "Population":0, "JumpDist":22.305, "FuelUsed":2.764069, "FuelLevel":29.235931 }
{ "timestamp":"2017-10-31T13:17:37Z", "event":"Music", "MusicTrack":"Supercruise" }
{ "timestamp":"2017-10-31T13:17:47Z", "event":"Music", "MusicTrack":"SystemMap" }
{ "timestamp":"2017-10-31T13:17:48Z", "event":"Music", "MusicTrack":"Supercruise" }
{ "timestamp":"2017-10-31T13:18:00Z", "event":"Scan", "BodyName":"Lysoorb ON-B d13-25 A", "DistanceFromArrivalLS":0.000000, "StarType":"F", "StellarMass":1.246094, "Radius":758516864.000000, "AbsoluteMagnitude":4.416733, "Age_MY":2796, "SurfaceTemperature":6085.000000, "Luminosity":"Vb", "SemiMajorAxis":41282736128.000000, "Eccentricity":0.391983, "OrbitalInclination":24.895050, "Periapsis":48.039272, "OrbitalPeriod":26036456.000000, "RotationPeriod":272456.812500, "AxialTilt":0.000000 }
{ "timestamp":"2017-10-31T13:18:07Z", "event":"Music", "MusicTrack":"SystemMap" }
{ "timestamp":"2017-10-31T13:18:09Z", "event":"Music", "MusicTrack":"Supercruise" }
{ "timestamp":"2017-10-31T13:18:21Z", "event":"FuelScoop", "Scooped":2.764044, "Total":32.000000 }
{ "timestamp":"2017-10-31T13:18:32Z", "event":"Music", "MusicTrack":"SystemMap" }
{ "timestamp":"2017-10-31T13:18:33Z", "event":"Music", "MusicTrack":"Supercruise" }
{ "timestamp":"2017-10-31T13:18:34Z", "event":"Music", "MusicTrack":"GalaxyMap" }
{ "timestamp":"2017-10-31T13:18:37Z", "event":"Music", "MusicTrack":"Supercruise" }
{ "timestamp":"2017-10-31T13:18:53Z", "event":"StartJump", "JumpType":"Hyperspace", "StarSystem":"Lysoorb FM-B c27-18", "StarClass":"K" }
{ "timestamp":"2017-10-31T13:18:59Z", "event":"Music", "MusicTrack":"NoTrack" }
{ "timestamp":"2017-10-31T13:19:12Z", "event":"FSDJump", "StarSystem":"Lysoorb FM-B c27-18", "StarPos":[949.375,122.406,7792.719], "SystemAllegiance":"", "SystemEconomy":"$economy_None;", "SystemEconomy_Localised":"None", "SystemGovernment":"$government_None;", "SystemGovernment_Localised":"None", "SystemSecurity":"$GAlAXY_MAP_INFO_state_anarchy;", "SystemSecurity_Localised":"Anarchy", "Population":0, "JumpDist":24.036, "FuelUsed":3.319707, "FuelLevel":28.680294 }
{ "timestamp":"2017-10-31T13:19:12Z", "event":"Music", "MusicTrack":"Supercruise" }
{ "timestamp":"2017-10-31T13:19:22Z", "event":"Music", "MusicTrack":"SystemMap" }
{ "timestamp":"2017-10-31T13:19:25Z", "event":"Music", "MusicTrack":"Supercruise" }
{ "timestamp":"2017-10-31T13:19:35Z", "event":"Scan", "BodyName":"Lysoorb FM-B c27-18", "DistanceFromArrivalLS":0.000000, "StarType":"K", "StellarMass":0.792969, "Radius":558980928.000000, "AbsoluteMagnitude":6.162125, "Age_MY":12328, "SurfaceTemperature":4743.000000, "Luminosity":"Va", "RotationPeriod":296685.875000, "AxialTilt":0.000000 }
{ "timestamp":"2017-10-31T13:19:57Z", "event":"FuelScoop", "Scooped":3.319689, "Total":32.000000 }
{ "timestamp":"2017-10-31T13:20:16Z", "event":"StartJump", "JumpType":"Hyperspace", "StarSystem":"Lysoorb ON-B d13-183", "StarClass":"F" }
{ "timestamp":"2017-10-31T13:20:21Z", "event":"Music", "MusicTrack":"NoTrack" }
{ "timestamp":"2017-10-31T13:20:34Z", "event":"FSDJump", "StarSystem":"Lysoorb ON-B d13-183", "StarPos":[957.469,120.844,7813.500], "SystemAllegiance":"", "SystemEconomy":"$economy_None;", "SystemEconomy_Localised":"None", "SystemGovernment":"$government_None;", "SystemGovernment_Localised":"None", "SystemSecurity":"$GAlAXY_MAP_INFO_state_anarchy;", "SystemSecurity_Localised":"Anarchy", "Population":0, "JumpDist":22.356, "FuelUsed":2.779948, "FuelLevel":29.220053 }
{ "timestamp":"2017-10-31T13:20:35Z", "event":"Music", "MusicTrack":"Supercruise" }
{ "timestamp":"2017-10-31T13:20:44Z", "event":"Music", "MusicTrack":"SystemMap" }
{ "timestamp":"2017-10-31T13:20:52Z", "event":"Music", "MusicTrack":"Supercruise" }
{ "timestamp":"2017-10-31T13:20:57Z", "event":"Music", "MusicTrack":"SystemMap" }
{ "timestamp":"2017-10-31T13:20:58Z", "event":"Scan", "BodyName":"Lysoorb ON-B d13-183 A", "DistanceFromArrivalLS":0.000000, "StarType":"F", "StellarMass":1.421875, "Radius":876421632.000000, "AbsoluteMagnitude":3.322235, "Age_MY":1776, "SurfaceTemperature":7283.000000, "Luminosity":"Vb", "SemiMajorAxis":1883003420672.000000, "Eccentricity":0.170178, "OrbitalInclination":-80.811424, "Periapsis":357.208588, "OrbitalPeriod":4076808192.000000, "RotationPeriod":176204.109375, "AxialTilt":0.000000 }
{ "timestamp":"2017-10-31T13:21:00Z", "event":"Music", "MusicTrack":"Supercruise" }
{ "timestamp":"2017-10-31T13:21:20Z", "event":"FuelScoop", "Scooped":2.779907, "Total":32.000000 }
{ "timestamp":"2017-10-31T13:21:45Z", "event":"StartJump", "JumpType":"Hyperspace", "StarSystem":"Lysoorb ST-Z d13-87", "StarClass":"G" }
{ "timestamp":"2017-10-31T13:21:50Z", "event":"Music", "MusicTrack":"NoTrack" }
{ "timestamp":"2017-10-31T13:22:04Z", "event":"FSDJump", "StarSystem":"Lysoorb ST-Z d13-87", "StarPos":[957.406,126.813,7838.563], "SystemAllegiance":"", "SystemEconomy":"$economy_None;", "SystemEconomy_Localised":"None", "SystemGovernment":"$government_None;", "SystemGovernment_Localised":"None", "SystemSecurity":"$GAlAXY_MAP_INFO_state_anarchy;", "SystemSecurity_Localised":"Anarchy", "Population":0, "JumpDist":25.764, "FuelUsed":3.935035, "FuelLevel":28.064966 }
{ "timestamp":"2017-10-31T13:22:04Z", "event":"Music", "MusicTrack":"Supercruise" }
{ "timestamp":"2017-10-31T13:22:14Z", "event":"Music", "MusicTrack":"SystemMap" }
{ "timestamp":"2017-10-31T13:22:27Z", "event":"Music", "MusicTrack":"Supercruise" }
{ "timestamp":"2017-10-31T13:22:28Z", "event":"Scan", "BodyName":"Lysoorb ST-Z d13-87", "DistanceFromArrivalLS":0.000000, "StarType":"G", "StellarMass":0.996094, "Radius":750897152.000000, "AbsoluteMagnitude":5.110565, "Age_MY":7792, "SurfaceTemperature":5213.000000, "Luminosity":"Va", "RotationPeriod":405798.500000, "AxialTilt":0.000000, "Rings":[ { "Name":"Lysoorb ST-Z d13-87 A Belt", "RingClass":"eRingClass_MetalRich", "MassMT":1.2996e+14, "InnerRad":1.2252e+09, "OuterRad":2.4052e+09 }, { "Name":"Lysoorb ST-Z d13-87 B Belt", "RingClass":"eRingClass_Rocky", "MassMT":1.1362e+16, "InnerRad":7.1193e+09, "OuterRad":2.8703e+11 } ] }
{ "timestamp":"2017-10-31T13:22:52Z", "event":"FuelScoop", "Scooped":3.935011, "Total":32.000000 }
{ "timestamp":"2017-10-31T13:23:12Z", "event":"StartJump", "JumpType":"Hyperspace", "StarSystem":"Lysoorb ST-Z d13-182", "StarClass":"F" }
{ "timestamp":"2017-10-31T13:23:18Z", "event":"Music", "MusicTrack":"NoTrack" }
{ "timestamp":"2017-10-31T13:23:31Z", "event":"FSDJump", "StarSystem":"Lysoorb ST-Z d13-182", "StarPos":[955.531,113.313,7860.281], "SystemAllegiance":"", "SystemEconomy":"$economy_None;", "SystemEconomy_Localised":"None", "SystemGovernment":"$government_None;", "SystemGovernment_Localised":"None", "SystemSecurity":"$GAlAXY_MAP_INFO_state_anarchy;", "SystemSecurity_Localised":"Anarchy", "Population":0, "JumpDist":25.641, "FuelUsed":3.889570, "FuelLevel":28.110430 }
{ "timestamp":"2017-10-31T13:23:31Z", "event":"Music", "MusicTrack":"Supercruise" }
{ "timestamp":"2017-10-31T13:23:42Z", "event":"Music", "MusicTrack":"SystemMap" }
{ "timestamp":"2017-10-31T13:23:51Z", "event":"Music", "MusicTrack":"Supercruise" }
{ "timestamp":"2017-10-31T13:23:55Z", "event":"Scan", "BodyName":"Lysoorb ST-Z d13-182", "DistanceFromArrivalLS":0.000000, "StarType":"F", "StellarMass":0.953125, "Radius":658292608.000000, "AbsoluteMagnitude":4.688339, "Age_MY":1354, "SurfaceTemperature":6136.000000, "Luminosity":"Vb", "RotationPeriod":367830.437500, "AxialTilt":0.000000, "Rings":[ { "Name":"Lysoorb ST-Z d13-182 A Belt", "RingClass":"eRingClass_Metalic", "MassMT":5.6574e+13, "InnerRad":1.2143e+09, "OuterRad":2.3748e+09 } ] }
{ "timestamp":"2017-10-31T13:24:19Z", "event":"FuelScoop", "Scooped":3.889577, "Total":32.000000 }
{ "timestamp":"2017-10-31T13:24:37Z", "event":"StartJump", "JumpType":"Hyperspace", "StarSystem":"Lysoorb ST-Z d13-44", "StarClass":"G" }
{ "timestamp":"2017-10-31T13:24:42Z", "event":"Music", "MusicTrack":"NoTrack" }
{ "timestamp":"2017-10-31T13:24:55Z", "event":"FSDJump", "StarSystem":"Lysoorb ST-Z d13-44", "StarPos":[956.219,110.906,7885.969], "SystemAllegiance":"", "SystemEconomy":"$economy_None;", "SystemEconomy_Localised":"None", "SystemGovernment":"$government_None;", "SystemGovernment_Localised":"None", "SystemSecurity":"$GAlAXY_MAP_INFO_state_anarchy;", "SystemSecurity_Localised":"Anarchy", "Population":0, "JumpDist":25.809, "FuelUsed":3.951882, "FuelLevel":28.048119 }
{ "timestamp":"2017-10-31T13:24:55Z", "event":"Music", "MusicTrack":"Supercruise" }
{ "timestamp":"2017-10-31T13:25:04Z", "event":"Music", "MusicTrack":"SystemMap" }
{ "timestamp":"2017-10-31T13:25:06Z", "event":"Music", "MusicTrack":"Supercruise" }
{ "timestamp":"2017-10-31T13:25:18Z", "event":"Scan", "BodyName":"Lysoorb ST-Z d13-44 A", "DistanceFromArrivalLS":0.000000, "StarType":"G", "StellarMass":0.945313, "Radius":725108800.000000, "AbsoluteMagnitude":4.638397, "Age_MY":1804, "SurfaceTemperature":5914.000000, "Luminosity":"Vab", "SemiMajorAxis":9711240871936.000000, "Eccentricity":0.075682, "OrbitalInclination":-101.099442, "Periapsis":206.987747, "OrbitalPeriod":65689501696.000000, "RotationPeriod":387603.500000, "AxialTilt":0.000000 }
{ "timestamp":"2017-10-31T13:25:55Z", "event":"FuelScoop", "Scooped":3.951854, "Total":32.000000 }
{ "timestamp":"2017-10-31T13:26:13Z", "event":"StartJump", "JumpType":"Hyperspace", "StarSystem":"Prieluia TP-A c20", "StarClass":"K" }
{ "timestamp":"2017-10-31T13:26:19Z", "event":"Music", "MusicTrack":"NoTrack" }
{ "timestamp":"2017-10-31T13:26:32Z", "event":"FSDJump", "StarSystem":"Prieluia TP-A c20", "StarPos":[946.188,118.438,7907.781], "SystemAllegiance":"", "SystemEconomy":"$economy_None;", "SystemEconomy_Localised":"None", "SystemGovernment":"$government_None;", "SystemGovernment_Localised":"None", "SystemSecurity":"$GAlAXY_MAP_INFO_state_anarchy;", "SystemSecurity_Localised":"Anarchy", "Population":0, "JumpDist":25.162, "FuelUsed":3.713693, "FuelLevel":28.286306 }
{ "timestamp":"2017-10-31T13:26:32Z", "event":"Music", "MusicTrack":"Supercruise" }
{ "timestamp":"2017-10-31T13:26:43Z", "event":"Music", "MusicTrack":"SystemMap" }
{ "timestamp":"2017-10-31T13:26:44Z", "event":"Music", "MusicTrack":"Supercruise" }
{ "timestamp":"2017-10-31T13:26:56Z", "event":"Scan", "BodyName":"Prieluia TP-A c20", "DistanceFromArrivalLS":0.000000, "StarType":"K", "StellarMass":0.648438, "Radius":481382432.000000, "AbsoluteMagnitude":7.076340, "Age_MY":6456, "SurfaceTemperature":4141.000000, "Luminosity":"Va", "RotationPeriod":301351.343750, "AxialTilt":0.000000 }
{ "timestamp":"2017-10-31T13:27:18Z", "event":"FuelScoop", "Scooped":3.713730, "Total":32.000000 }
{ "timestamp":"2017-10-31T13:27:37Z", "event":"StartJump", "JumpType":"Hyperspace", "StarSystem":"Prieluia KF-A d159", "StarClass":"F" }
{ "timestamp":"2017-10-31T13:27:42Z", "event":"Music", "MusicTrack":"NoTrack" }
{ "timestamp":"2017-10-31T13:27:55Z", "event":"FSDJump", "StarSystem":"Prieluia KF-A d159", "StarPos":[954.406,118.938,7929.188], "SystemAllegiance":"", "SystemEconomy":"$economy_None;", "SystemEconomy_Localised":"None", "SystemGovernment":"$government_None;", "SystemGovernment_Localised":"None", "SystemSecurity":"$GAlAXY_MAP_INFO_state_anarchy;", "SystemSecurity_Localised":"Anarchy", "Population":0, "JumpDist":22.935, "FuelUsed":2.959560, "FuelLevel":29.040440 }
{ "timestamp":"2017-10-31T13:27:55Z", "event":"Music", "MusicTrack":"Supercruise" }
{ "timestamp":"2017-10-31T13:28:05Z", "event":"Music", "MusicTrack":"SystemMap" }
{ "timestamp":"2017-10-31T13:28:06Z", "event":"Music", "MusicTrack":"Supercruise" }
{ "timestamp":"2017-10-31T13:28:08Z", "event":"Music", "MusicTrack":"GalaxyMap" }
{ "timestamp":"2017-10-31T13:28:09Z", "event":"Music", "MusicTrack":"Supercruise" }
{ "timestamp":"2017-10-31T13:28:18Z", "event":"Scan", "BodyName":"Prieluia KF-A d159", "DistanceFromArrivalLS":0.000000, "StarType":"F", "StellarMass":1.449219, "Radius":963019584.000000, "AbsoluteMagnitude":3.066605, "Age_MY":1002, "SurfaceTemperature":7369.000000, "Luminosity":"Vb", "RotationPeriod":170063.093750, "AxialTilt":0.000000 }
{ "timestamp":"2017-10-31T13:28:38Z", "event":"FuelScoop", "Scooped":2.959563, "Total":32.000000 }
{ "timestamp":"2017-10-31T13:28:48Z", "event":"Music", "MusicTrack":"SystemMap" }
{ "timestamp":"2017-10-31T13:28:49Z", "event":"Music", "MusicTrack":"Supercruise" }
{ "timestamp":"2017-10-31T13:28:49Z", "event":"Music", "MusicTrack":"GalaxyMap" }
{ "timestamp":"2017-10-31T13:29:06Z", "event":"Music", "MusicTrack":"SystemMap" }
{ "timestamp":"2017-10-31T13:29:07Z", "event":"Music", "MusicTrack":"Supercruise" }
{ "timestamp":"2017-10-31T13:29:25Z", "event":"StartJump", "JumpType":"Hyperspace", "StarSystem":"Prieluia XV-Y c18", "StarClass":"K" }
{ "timestamp":"2017-10-31T13:29:30Z", "event":"Music", "MusicTrack":"NoTrack" }
{ "timestamp":"2017-10-31T13:29:44Z", "event":"FSDJump", "StarSystem":"Prieluia XV-Y c18", "StarPos":[959.094,127.750,7952.594], "SystemAllegiance":"", "SystemEconomy":"$economy_None;", "SystemEconomy_Localised":"None", "SystemGovernment":"$government_None;", "SystemGovernment_Localised":"None", "SystemSecurity":"$GAlAXY_MAP_INFO_state_anarchy;", "SystemSecurity_Localised":"Anarchy", "Population":0, "JumpDist":25.446, "FuelUsed":3.817335, "FuelLevel":28.182665 }
{ "timestamp":"2017-10-31T13:29:44Z", "event":"Music", "MusicTrack":"Supercruise" }
{ "timestamp":"2017-10-31T13:29:55Z", "event":"Music", "MusicTrack":"GalaxyMap" }
{ "timestamp":"2017-10-31T13:30:08Z", "event":"Music", "MusicTrack":"SystemMap" }
{ "timestamp":"2017-10-31T13:30:08Z", "event":"Scan", "BodyName":"Prieluia XV-Y c18 A", "DistanceFromArrivalLS":0.000000, "StarType":"K", "StellarMass":0.816406, "Radius":583050048.000000, "AbsoluteMagnitude":5.742554, "Age_MY":3614, "SurfaceTemperature":5115.000000, "Luminosity":"Vab", "SemiMajorAxis":1317297455104.000000, "Eccentricity":0.108280, "OrbitalInclination":8.771064, "Periapsis":188.529556, "OrbitalPeriod":7034131456.000000, "RotationPeriod":247480.296875, "AxialTilt":0.000000 }
{ "timestamp":"2017-10-31T13:31:09Z", "event":"Music", "MusicTrack":"Supercruise" }
{ "timestamp":"2017-10-31T13:31:44Z", "event":"FuelScoop", "Scooped":3.817333, "Total":32.000000 }
{ "timestamp":"2017-10-31T13:32:04Z", "event":"StartJump", "JumpType":"Hyperspace", "StarSystem":"Prieluia OL-Y d206", "StarClass":"A" }
{ "timestamp":"2017-10-31T13:32:09Z", "event":"Music", "MusicTrack":"NoTrack" }
{ "timestamp":"2017-10-31T13:32:22Z", "event":"FSDJump", "StarSystem":"Prieluia OL-Y d206", "StarPos":[953.719,129.313,7977.281], "SystemAllegiance":"", "SystemEconomy":"$economy_None;", "SystemEconomy_Localised":"None", "SystemGovernment":"$government_None;", "SystemGovernment_Localised":"None", "SystemSecurity":"$GAlAXY_MAP_INFO_state_anarchy;", "SystemSecurity_Localised":"Anarchy", "Population":0, "JumpDist":25.314, "FuelUsed":3.768925, "FuelLevel":28.231075 }
{ "timestamp":"2017-10-31T13:32:23Z", "event":"Music", "MusicTrack":"Supercruise" }
{ "timestamp":"2017-10-31T13:32:35Z", "event":"Music", "MusicTrack":"SystemMap" }
{ "timestamp":"2017-10-31T13:32:48Z", "event":"Music", "MusicTrack":"Supercruise" }
{ "timestamp":"2017-10-31T13:32:49Z", "event":"Scan", "BodyName":"Prieluia OL-Y d206 A", "DistanceFromArrivalLS":0.000000, "StarType":"A", "StellarMass":1.546875, "Radius":983777536.000000, "AbsoluteMagnitude":2.672607, "Age_MY":1488, "SurfaceTemperature":7983.000000, "Luminosity":"Vb", "SemiMajorAxis":26045370368.000000, "Eccentricity":0.182961, "OrbitalInclination":66.755875, "Periapsis":134.240723, "OrbitalPeriod":25236642.000000, "RotationPeriod":108659.156250, "AxialTilt":0.000000 }
{ "timestamp":"2017-10-31T13:32:50Z", "event":"Music", "MusicTrack":"SystemMap" }
{ "timestamp":"2017-10-31T13:32:52Z", "event":"Music", "MusicTrack":"Supercruise" }
{ "timestamp":"2017-10-31T13:33:14Z", "event":"FuelScoop", "Scooped":3.768940, "Total":32.000000 }
{ "timestamp":"2017-10-31T13:35:09Z", "event":"Scan", "BodyName":"Prieluia OL-Y d206 AB 1", "DistanceFromArrivalLS":2019.496094, "TidalLock":false, "TerraformState":"Terraformable", "PlanetClass":"Water world", "Atmosphere":"water rich atmosphere", "AtmosphereType":"WaterRich", "AtmosphereComposition":[ { "Name":"Nitrogen", "Percent":62.062542 }, { "Name":"Water", "Percent":19.207996 }, { "Name":"Oxygen", "Percent":18.503307 } ], "Volcanism":"metallic magma volcanism", "MassEM":2.646226, "Radius":8068895.000000, "SurfaceGravity":16.199743, "SurfaceTemperature":363.166718, "SurfacePressure":91811.898438, "Landable":false, "SemiMajorAxis":612254351360.000000, "Eccentricity":0.000044, "OrbitalInclination":0.845725, "Periapsis":233.207062, "OrbitalPeriod":191999232.000000, "RotationPeriod":100197.367188, "AxialTilt":-0.128373 }
{ "timestamp":"2017-10-31T13:35:28Z", "event":"StartJump", "JumpType":"Hyperspace", "StarSystem":"NGC 6357 Sector XJ-A d115", "StarClass":"F" }
{ "timestamp":"2017-10-31T13:35:34Z", "event":"Music", "MusicTrack":"NoTrack" }
{ "timestamp":"2017-10-31T13:35:47Z", "event":"FSDJump", "StarSystem":"NGC 6357 Sector XJ-A d115", "StarPos":[966.313,135.031,7995.094], "SystemAllegiance":"", "SystemEconomy":"$economy_None;", "SystemEconomy_Localised":"None", "SystemGovernment":"$government_None;", "SystemGovernment_Localised":"None", "SystemSecurity":"$GAlAXY_MAP_INFO_state_anarchy;", "SystemSecurity_Localised":"Anarchy", "Population":0, "JumpDist":22.552, "FuelUsed":2.839760, "FuelLevel":29.160240 }
{ "timestamp":"2017-10-31T13:35:47Z", "event":"Music", "MusicTrack":"Supercruise" }
{ "timestamp":"2017-10-31T13:35:57Z", "event":"Music", "MusicTrack":"SystemMap" }
{ "timestamp":"2017-10-31T13:36:08Z", "event":"Music", "MusicTrack":"Supercruise" }
{ "timestamp":"2017-10-31T13:36:10Z", "event":"Scan", "BodyName":"NGC 6357 Sector XJ-A d115 A", "DistanceFromArrivalLS":0.000000, "StarType":"F", "StellarMass":1.511719, "Radius":888074112.000000, "AbsoluteMagnitude":3.592270, "Age_MY":1004, "SurfaceTemperature":6799.000000, "Luminosity":"Vb", "SemiMajorAxis":3450652065792.000000, "Eccentricity":0.113404, "OrbitalInclination":1.067205, "Periapsis":352.647949, "OrbitalPeriod":12025918464.000000, "RotationPeriod":119726.140625, "AxialTilt":0.000000 }
{ "timestamp":"2017-10-31T13:36:30Z", "event":"FuelScoop", "Scooped":2.839736, "Total":32.000000 }
{ "timestamp":"2017-10-31T13:37:07Z", "event":"StartJump", "JumpType":"Hyperspace", "StarSystem":"NGC 6357 Sector ZE-A d145", "StarClass":"G" }
{ "timestamp":"2017-10-31T13:37:12Z", "event":"Music", "MusicTrack":"NoTrack" }
{ "timestamp":"2017-10-31T13:37:25Z", "event":"FSDJump", "StarSystem":"NGC 6357 Sector ZE-A d145", "StarPos":[965.750,128.281,8019.938], "SystemAllegiance":"", "SystemEconomy":"$economy_None;", "SystemEconomy_Localised":"None", "SystemGovernment":"$government_None;", "SystemGovernment_Localised":"None", "SystemSecurity":"$GAlAXY_MAP_INFO_state_anarchy;", "SystemSecurity_Localised":"Anarchy", "Population":0, "JumpDist":25.751, "FuelUsed":3.930112, "FuelLevel":28.069887 }
{ "timestamp":"2017-10-31T13:37:25Z", "event":"Music", "MusicTrack":"Supercruise" }
{ "timestamp":"2017-10-31T13:37:35Z", "event":"Music", "MusicTrack":"SystemMap" }
{ "timestamp":"2017-10-31T13:37:35Z", "event":"Music", "MusicTrack":"Supercruise" }
{ "timestamp":"2017-10-31T13:37:49Z", "event":"Scan", "BodyName":"NGC 6357 Sector ZE-A d145 A", "DistanceFromArrivalLS":0.000000, "StarType":"G", "StellarMass":0.906250, "Radius":589035520.000000, "AbsoluteMagnitude":5.493698, "Age_MY":1990, "SurfaceTemperature":5389.000000, "Luminosity":"Vab", "SemiMajorAxis":8501888811008.000000, "Eccentricity":0.068207, "OrbitalInclination":43.779137, "Periapsis":255.285172, "OrbitalPeriod":35442421760.000000, "RotationPeriod":385507.562500, "AxialTilt":0.000000 }
{ "timestamp":"2017-10-31T13:38:11Z", "event":"FuelScoop", "Scooped":3.053214, "Total":31.123077 }
{ "timestamp":"2017-10-31T13:38:27Z", "event":"StartJump", "JumpType":"Hyperspace", "StarSystem":"NGC 6357 Sector CQ-Y c6", "StarClass":"K" }
{ "timestamp":"2017-10-31T13:38:32Z", "event":"Music", "MusicTrack":"NoTrack" }
{ "timestamp":"2017-10-31T13:38:46Z", "event":"FSDJump", "StarSystem":"NGC 6357 Sector CQ-Y c6", "StarPos":[958.781,132.750,8044.344], "SystemAllegiance":"", "SystemEconomy":"$economy_None;", "SystemEconomy_Localised":"None", "SystemGovernment":"$government_None;", "SystemGovernment_Localised":"None", "SystemSecurity":"$GAlAXY_MAP_INFO_state_anarchy;", "SystemSecurity_Localised":"Anarchy", "Population":0, "JumpDist":25.772, "FuelUsed":3.916654, "FuelLevel":27.206423 }
{ "timestamp":"2017-10-31T13:38:46Z", "event":"Music", "MusicTrack":"Supercruise" }
{ "timestamp":"2017-10-31T13:39:00Z", "event":"Music", "MusicTrack":"SystemMap" }
{ "timestamp":"2017-10-31T13:39:10Z", "event":"Scan", "BodyName":"NGC 6357 Sector CQ-Y c6 A", "DistanceFromArrivalLS":0.000000, "StarType":"K", "StellarMass":0.664063, "Radius":494117408.000000, "AbsoluteMagnitude":6.342972, "Age_MY":5634, "SurfaceTemperature":4839.000000, "Luminosity":"Vab", "SemiMajorAxis":7977887072256.000000, "Eccentricity":0.005994, "OrbitalInclination":21.465111, "Periapsis":118.300247, "OrbitalPeriod":154326286336.000000, "RotationPeriod":226041.390625, "AxialTilt":0.000000, "Rings":[ { "Name":"NGC 6357 Sector CQ-Y c6 A A Belt", "RingClass":"eRingClass_MetalRich", "MassMT":1.2358e+14, "InnerRad":8.1529e+08, "OuterRad":2.2145e+09 }, { "Name":"NGC 6357 Sector CQ-Y c6 A B Belt", "RingClass":"eRingClass_Rocky", "MassMT":5.2099e+13, "InnerRad":8.1162e+09, "OuterRad":3.2293e+11 } ] }
{ "timestamp":"2017-10-31T13:39:15Z", "event":"Music", "MusicTrack":"Supercruise" }
{ "timestamp":"2017-10-31T13:39:43Z", "event":"FuelScoop", "Scooped":5.001956, "Total":31.688360 }
{ "timestamp":"2017-10-31T13:39:44Z", "event":"FuelScoop", "Scooped":0.311636, "Total":32.000000 }
{ "timestamp":"2017-10-31T13:40:03Z", "event":"StartJump", "JumpType":"Hyperspace", "StarSystem":"NGC 6357 Sector DL-Y d124", "StarClass":"F" }
{ "timestamp":"2017-10-31T13:40:08Z", "event":"Music", "MusicTrack":"NoTrack" }
{ "timestamp":"2017-10-31T13:40:21Z", "event":"FSDJump", "StarSystem":"NGC 6357 Sector DL-Y d124", "StarPos":[954.531,131.344,8064.813], "SystemAllegiance":"", "SystemEconomy":"$economy_None;", "SystemEconomy_Localised":"None", "SystemGovernment":"$government_None;", "SystemGovernment_Localised":"None", "SystemSecurity":"$GAlAXY_MAP_INFO_state_anarchy;", "SystemSecurity_Localised":"Anarchy", "Population":0, "JumpDist":20.953, "FuelUsed":2.371285, "FuelLevel":29.628716 }
{ "timestamp":"2017-10-31T13:40:21Z", "event":"Music", "MusicTrack":"Supercruise" }
{ "timestamp":"2017-10-31T13:40:32Z", "event":"Music", "MusicTrack":"SystemMap" }
{ "timestamp":"2017-10-31T13:40:33Z", "event":"Music", "MusicTrack":"Supercruise" }
{ "timestamp":"2017-10-31T13:40:34Z", "event":"Music", "MusicTrack":"GalaxyMap" }
{ "timestamp":"2017-10-31T13:40:45Z", "event":"Scan", "BodyName":"NGC 6357 Sector DL-Y d124", "DistanceFromArrivalLS":0.000000, "StarType":"F", "StellarMass":1.394531, "Radius":820324032.000000, "AbsoluteMagnitude":3.451630, "Age_MY":960, "SurfaceTemperature":7307.000000, "Luminosity":"VI", "RotationPeriod":209076.359375, "AxialTilt":0.000000 }
{ "timestamp":"2017-10-31T13:41:27Z", "event":"Music", "MusicTrack":"SystemMap" }
{ "timestamp":"2017-10-31T13:41:27Z", "event":"Music", "MusicTrack":"Supercruise" }
{ "timestamp":"2017-10-31T13:41:46Z", "event":"FuelScoop", "Scooped":2.371286, "Total":32.000000 }
{ "timestamp":"2017-10-31T13:42:11Z", "event":"StartJump", "JumpType":"Hyperspace", "StarSystem":"NGC 6357 Sector DL-Y d111", "StarClass":"F" }
{ "timestamp":"2017-10-31T13:42:16Z", "event":"Music", "MusicTrack":"NoTrack" }
{ "timestamp":"2017-10-31T13:42:29Z", "event":"FSDJump", "StarSystem":"NGC 6357 Sector DL-Y d111", "StarPos":[960.781,129.656,8084.406], "SystemAllegiance":"", "SystemEconomy":"$economy_None;", "SystemEconomy_Localised":"None", "SystemGovernment":"$government_None;", "SystemGovernment_Localised":"None", "SystemSecurity":"$GAlAXY_MAP_INFO_state_anarchy;", "SystemSecurity_Localised":"Anarchy", "Population":0, "JumpDist":20.636, "FuelUsed":2.284452, "FuelLevel":29.715548 }
{ "timestamp":"2017-10-31T13:42:29Z", "event":"Music", "MusicTrack":"Supercruise" }
{ "timestamp":"2017-10-31T13:42:39Z", "event":"Music", "MusicTrack":"SystemMap" }
{ "timestamp":"2017-10-31T13:42:41Z", "event":"Music", "MusicTrack":"Supercruise" }
{ "timestamp":"2017-10-31T13:42:43Z", "event":"Music", "MusicTrack":"GalaxyMap" }
{ "timestamp":"2017-10-31T13:42:48Z", "event":"Music", "MusicTrack":"Supercruise" }
{ "timestamp":"2017-10-31T13:42:53Z", "event":"Scan", "BodyName":"NGC 6357 Sector DL-Y d111 A", "DistanceFromArrivalLS":0.000000, "StarType":"F", "StellarMass":1.507813, "Radius":814932928.000000, "AbsoluteMagnitude":3.660461, "Age_MY":1066, "SurfaceTemperature":6987.000000, "Luminosity":"Vb", "SemiMajorAxis":534793027584.000000, "Eccentricity":0.357242, "OrbitalInclination":47.799252, "Periapsis":342.278259, "OrbitalPeriod":755183744.000000, "RotationPeriod":88036.796875, "AxialTilt":0.000000 }
{ "timestamp":"2017-10-31T13:43:26Z", "event":"FuelScoop", "Scooped":2.284456, "Total":32.000000 }
{ "timestamp":"2017-10-31T13:45:09Z", "event":"StartJump", "JumpType":"Hyperspace", "StarSystem":"Cl Pismis 24 1", "StarClass":"O" }
{ "timestamp":"2017-10-31T13:45:15Z", "event":"Music", "MusicTrack":"NoTrack" }
{ "timestamp":"2017-10-31T13:45:28Z", "event":"FSDJump", "StarSystem":"Cl Pismis 24 1", "StarPos":[969.406,127.250,8091.125], "SystemAllegiance":"", "SystemEconomy":"$economy_None;", "SystemEconomy_Localised":"None", "SystemGovernment":"$government_None;", "SystemGovernment_Localised":"None", "SystemSecurity":"$GAlAXY_MAP_INFO_state_anarchy;", "SystemSecurity_Localised":"Anarchy", "Population":0, "JumpDist":11.195, "FuelUsed":0.510575, "FuelLevel":31.489426 }
{ "timestamp":"2017-10-31T13:45:28Z", "event":"Music", "MusicTrack":"DestinationFromHyperspace" }
{ "timestamp":"2017-10-31T13:45:33Z", "event":"Music", "MusicTrack":"Supercruise" }
{ "timestamp":"2017-10-31T13:45:38Z", "event":"Music", "MusicTrack":"SystemMap" }
{ "timestamp":"2017-10-31T13:45:51Z", "event":"Scan", "BodyName":"Cl Pismis 24 1", "DistanceFromArrivalLS":0.000000, "StarType":"O", "StellarMass":74.000000, "Radius":11823499264.000000, "AbsoluteMagnitude":-9.132965, "Age_MY":234, "SurfaceTemperature":34901.000000, "Luminosity":"III", "SemiMajorAxis":352623755264.000000, "Eccentricity":0.294561, "OrbitalInclination":-12.995794, "Periapsis":357.994354, "OrbitalPeriod":29816614.000000, "RotationPeriod":636285.312500, "AxialTilt":0.181205 }
{ "timestamp":"2017-10-31T13:45:56Z", "event":"Music", "MusicTrack":"Supercruise" }
{ "timestamp":"2017-10-31T13:46:21Z", "event":"Scan", "BodyName":"Cl Pismis 24 1 B", "DistanceFromArrivalLS":3112.962646, "StarType":"O", "StellarMass":66.000000, "Radius":11127998464.000000, "AbsoluteMagnitude":-10.434265, "Age_MY":606, "SurfaceTemperature":48544.000000, "Luminosity":"III", "SemiMajorAxis":395366137856.000000, "Eccentricity":0.294561, "OrbitalInclination":-12.995794, "Periapsis":177.994354, "OrbitalPeriod":29816614.000000, "RotationPeriod":527353.812500, "AxialTilt":-0.158185 }
{ "timestamp":"2017-10-31T13:49:05Z", "event":"Music", "MusicTrack":"GalaxyMap" }
{ "timestamp":"2017-10-31T13:53:16Z", "event":"Music", "MusicTrack":"Supercruise" }
{ "timestamp":"2017-10-31T13:53:19Z", "event":"Music", "MusicTrack":"SystemMap" }
{ "timestamp":"2017-10-31T13:54:43Z", "event":"Music", "MusicTrack":"Supercruise" }
{ "timestamp":"2017-10-31T13:55:14Z", "event":"Music", "MusicTrack":"GalaxyMap" }
{ "timestamp":"2017-10-31T14:01:16Z", "event":"Music", "MusicTrack":"SystemMap" }
{ "timestamp":"2017-10-31T14:01:17Z", "event":"Music", "MusicTrack":"Supercruise" }
{ "timestamp":"2017-10-31T14:01:31Z", "event":"FuelScoop", "Scooped":1.030574, "Total":32.000000 }
{ "timestamp":"2017-10-31T14:02:14Z", "event":"StartJump", "JumpType":"Hyperspace", "StarSystem":"NGC 6357 Sector IH-V c2-28", "StarClass":"K" }
{ "timestamp":"2017-10-31T14:02:19Z", "event":"Music", "MusicTrack":"NoTrack" }
{ "timestamp":"2017-10-31T14:02:32Z", "event":"FSDJump", "StarSystem":"NGC 6357 Sector IH-V c2-28", "StarPos":[964.750,136.094,8114.313], "SystemAllegiance":"", "SystemEconomy":"$economy_None;", "SystemEconomy_Localised":"None", "SystemGovernment":"$government_None;", "SystemGovernment_Localised":"None", "SystemSecurity":"$GAlAXY_MAP_INFO_state_anarchy;", "SystemSecurity_Localised":"Anarchy", "Population":0, "JumpDist":25.250, "FuelUsed":3.745418, "FuelLevel":28.254581 }
{ "timestamp":"2017-10-31T14:02:32Z", "event":"Music", "MusicTrack":"Supercruise" }
{ "timestamp":"2017-10-31T14:02:43Z", "event":"Music", "MusicTrack":"SystemMap" }
{ "timestamp":"2017-10-31T14:02:50Z", "event":"Music", "MusicTrack":"Supercruise" }
{ "timestamp":"2017-10-31T14:02:56Z", "event":"Scan", "BodyName":"NGC 6357 Sector IH-V c2-28", "DistanceFromArrivalLS":0.000000, "StarType":"K", "StellarMass":0.738281, "Radius":605845632.000000, "AbsoluteMagnitude":6.323212, "Age_MY":282, "SurfaceTemperature":4390.000000, "Luminosity":"Va", "RotationPeriod":258305.218750, "AxialTilt":0.000000, "Rings":[ { "Name":"NGC 6357 Sector IH-V c2-28 A Belt", "RingClass":"eRingClass_MetalRich", "MassMT":1.6064e+13, "InnerRad":9.8934e+08, "OuterRad":2.1809e+09 } ] }
{ "timestamp":"2017-10-31T14:03:20Z", "event":"FuelScoop", "Scooped":3.745418, "Total":32.000000 }
