{ "timestamp":"2017-10-06T06:46:51Z", "event":"Fileheader", "part":1, "language":"English\\UK", "gameversion":"2.4", "build":"r155756/r0 " }
{ "timestamp":"2017-10-06T06:46:51Z", "event":"Music", "MusicTrack":"NoTrack" }
{ "timestamp":"2017-10-06T06:46:51Z", "event":"Music", "MusicTrack":"MainMenu" }
{ "timestamp":"2017-10-06T06:48:14Z", "event":"Cargo", "Inventory":[  ] }
{ "timestamp":"2017-10-06T06:48:14Z", "event":"Loadout", "Ship":"CobraMkIII", "ShipID":1, "ShipName":"Kamaboko", "ShipIdent":"IG-C03", "Modules":[ { "Slot":"MediumHardpoint1", "Item":"Hpt_PulseLaser_Gimbal_Medium", "On":true, "Priority":0, "Health":1.000000, "Value":35400 }, { "Slot":"MediumHardpoint2", "Item":"Hpt_PulseLaser_Gimbal_Medium", "On":true, "Priority":0, "Health":1.000000, "Value":35400 }, { "Slot":"SmallHardpoint1", "Item":"Hpt_MiningLaser_Fixed_Small", "On":true, "Priority":0, "Health":1.000000, "Value":6800 }, { "Slot":"SmallHardpoint2", "Item":"Hpt_MiningLaser_Fixed_Small", "On":true, "Priority":0, "Health":1.000000, "Value":6800 }, { "Slot":"TinyHardpoint1", "Item":"Hpt_HeatSinkLauncher_Turret_Tiny", "On":true, "Priority":0, "AmmoInClip":1, "AmmoInHopper":2, "Health":1.000000, "Value":3500 }, { "Slot":"TinyHardpoint2", "Item":"Hpt_ChaffLauncher_Tiny", "On":true, "Priority":0, "AmmoInClip":1, "AmmoInHopper":10, "Health":1.000000, "Value":8500 }, { "Slot":"Armour", "Item":"CobraMkIII_Armour_Grade1", "On":true, "Priority":1, "Health":1.000000, "Value":0 }, { "Slot":"PowerPlant", "Item":"Int_Powerplant_Size4_Class3", "On":true, "Priority":1, "Health":1.000000, "Value":178898 }, { "Slot":"MainEngines", "Item":"Int_Engine_Size4_Class5", "On":true, "Priority":0, "Health":1.000000, "Value":1610080 }, { "Slot":"FrameShiftDrive", "Item":"Int_Hyperdrive_Size4_Class4", "On":true, "Priority":0, "Health":1.000000, "Value":536693 }, { "Slot":"LifeSupport", "Item":"Int_LifeSupport_Size3_Class5", "On":true, "Priority":0, "Health":1.000000, "Value":158331 }, { "Slot":"PowerDistributor", "Item":"Int_PowerDistributor_Size3_Class3", "On":true, "Priority":0, "Health":1.000000, "Value":25333 }, { "Slot":"Radar", "Item":"Int_Sensors_Size3_Class2", "On":true, "Priority":0, "Health":1.000000, "Value":10133 }, { "Slot":"FuelTank", "Item":"Int_FuelTank_Size4_Class3", "On":true, "Priority":1, "Health":1.000000, "Value":24734 }, { "Slot":"Slot01_Size4", "Item":"Int_ShieldGenerator_Size4_Class3", "On":true, "Priority":0, "Health":1.000000, "Value":178898 }, { "Slot":"Slot02_Size4", "Item":"Int_CargoRack_Size4_Class1", "On":true, "Priority":1, "Health":1.000000, "Value":34328 }, { "Slot":"Slot03_Size4", "Item":"Int_CargoRack_Size4_Class1", "On":true, "Priority":1, "Health":1.000000, "Value":34328 }, { "Slot":"Slot04_Size2", "Item":"Int_CargoRack_Size2_Class1", "On":true, "Priority":1, "Health":1.000000, "Value":3250 }, { "Slot":"Slot05_Size2", "Item":"Int_CargoRack_Size2_Class1", "On":true, "Priority":1, "Health":1.000000, "Value":3250 }, { "Slot":"Slot06_Size2", "Item":"Int_StellarBodyDiscoveryScanner_Standard", "On":true, "Priority":1, "Health":1.000000, "Value":1000 }, { "Slot":"PlanetaryApproachSuite", "Item":"Int_PlanetApproachSuite", "On":true, "Priority":1, "Health":1.000000, "Value":500 }, { "Slot":"ShipCockpit", "Item":"CobraMkIII_Cockpit", "On":true, "Priority":1, "Health":1.000000, "Value":0 }, { "Slot":"CargoHatch", "Item":"ModularCargoBayDoor", "On":true, "Priority":2, "Health":1.000000, "Value":0 } ] }
{ "timestamp":"2017-10-06T06:48:14Z", "event":"Materials", "Raw":[ { "Name":"carbon", "Count":3 }, { "Name":"iron", "Count":3 } ], "Manufactured":[ { "Name":"mechanicalscrap", "Count":4 }, { "Name":"gridresistors", "Count":1 }, { "Name":"conductivecomponents", "Count":1 }, { "Name":"heatdispersionplate", "Count":6 }, { "Name":"salvagedalloys", "Count":6 }, { "Name":"hybridcapacitors", "Count":6 }, { "Name":"heatconductionwiring", "Count":3 } ], "Encoded":[ { "Name":"shieldsoakanalysis", "Count":3 }, { "Name":"disruptedwakeechoes", "Count":5 }, { "Name":"shieldcyclerecordings", "Count":3 }, { "Name":"emissiondata", "Count":3 }, { "Name":"bulkscandata", "Count":1 }, { "Name":"scrambledemissiondata", "Count":4 }, { "Name":"archivedemissiondata", "Count":3 } ] }
{ "timestamp":"2017-10-06T06:48:14Z", "event":"LoadGame", "Commander":"Igaguri", "Ship":"CobraMkIII", "ShipID":1, "ShipName":"Kamaboko", "ShipIdent":"IG-C03", "FuelLevel":16.000000, "FuelCapacity":16.000000, "GameMode":"Open", "Credits":2674479, "Loan":0 }
{ "timestamp":"2017-10-06T06:48:14Z", "event":"Rank", "Combat":0, "Trade":4, "Explore":3, "Empire":0, "Federation":0, "CQC":0 }
{ "timestamp":"2017-10-06T06:48:14Z", "event":"Progress", "Combat":0, "Trade":1, "Explore":40, "Empire":0, "Federation":70, "CQC":0 }
{ "timestamp":"2017-10-06T06:48:27Z", "event":"Location", "Docked":true, "StationName":"Poisson Orbital", "StationType":"Coriolis", "StarSystem":"Kappa", "StarPos":[120.969,-11.906,-85.156], "SystemAllegiance":"Federation", "SystemEconomy":"$economy_HighTech;", "SystemEconomy_Localised":"High Tech", "SystemGovernment":"$government_Corporate;", "SystemGovernment_Localised":"Corporate", "SystemSecurity":"$SYSTEM_SECURITY_medium;", "SystemSecurity_Localised":"Medium Security", "Population":5724331, "Body":"Poisson Orbital", "BodyType":"Station", "Factions":[ { "Name":"HIP 36731 Services", "FactionState":"None", "Government":"Corporate", "Influence":0.483000, "Allegiance":"Federation", "PendingStates":[ { "State":"Boom", "Trend":1 } ] }, { "Name":"Pilots Federation Local Branch", "FactionState":"None", "Government":"Democracy", "Influence":0.000000, "Allegiance":"PilotsFederation" }, { "Name":"Udegobo Silver Power Int", "FactionState":"None", "Government":"Corporate", "Influence":0.209000, "Allegiance":"Federation", "RecoveringStates":[ { "State":"Boom", "Trend":0 } ] }, { "Name":"Tjiwang Gold Brotherhood", "FactionState":"None", "Government":"Anarchy", "Influence":0.010000, "Allegiance":"Independent" }, { "Name":"Kappa Public PLC", "FactionState":"None", "Government":"Corporate", "Influence":0.061000, "Allegiance":"Independent" }, { "Name":"League of Kappa", "FactionState":"None", "Government":"Dictatorship", "Influence":0.037000, "Allegiance":"Independent" }, { "Name":"Union of Kappa Free", "FactionState":"CivilWar", "Government":"Democracy", "Influence":0.118000, "Allegiance":"Independent" }, { "Name":"Natural Kappa Focus", "FactionState":"CivilWar", "Government":"Dictatorship", "Influence":0.082000, "Allegiance":"Independent" } ], "SystemFaction":"HIP 36731 Services" }
{ "timestamp":"2017-10-06T06:48:28Z", "event":"Music", "MusicTrack":"NoTrack" }
{ "timestamp":"2017-10-06T06:48:28Z", "event":"Docked", "StationName":"Poisson Orbital", "StationType":"Coriolis", "StarSystem":"Kappa", "StationFaction":"HIP 36731 Services", "StationGovernment":"$government_Corporate;", "StationGovernment_Localised":"Corporate", "StationAllegiance":"Federation", "StationServices":[ "Dock", "Autodock", "Commodities", "Contacts", "Exploration", "Missions", "Outfitting", "CrewLounge", "Rearm", "Refuel", "Repair", "Shipyard", "Tuning", "MissionsGenerated", "FlightController", "StationOperations", "Powerplay", "SearchAndRescue" ], "StationEconomy":"$economy_HighTech;", "StationEconomy_Localised":"High Tech", "DistFromStarLS":595.276001 }
{ "timestamp":"2017-10-06T06:48:28Z", "event":"Music", "MusicTrack":"Starport" }
{ "timestamp":"2017-10-06T06:50:11Z", "event":"ReceiveText", "From":"$npc_name_decorate:#name=Ibraar Hussain;", "From_Localised":"Ibraar Hussain", "Message":"$Commuter_AuthorityScan04;", "Message_Localised":"Is this really necessary?", "Channel":"npc" }
{ "timestamp":"2017-10-06T06:57:08Z", "event":"ReceiveText", "From":"$npc_name_decorate:#name=Ryan Fechney;", "From_Localised":"Ryan Fechney", "Message":"$Commuter_HostileScan02;", "Message_Localised":"It is an offence to scan this vessel unless you are an authorised member of system security.", "Channel":"npc" }
{ "timestamp":"2017-10-06T06:57:29Z", "event":"ReceiveText", "From":"$npc_name_decorate:#name=Sean Golby;", "From_Localised":"Sean Golby", "Message":"$Commuter_AuthorityScan04;", "Message_Localised":"Is this really necessary?", "Channel":"npc" }
{ "timestamp":"2017-10-06T06:59:59Z", "event":"Music", "MusicTrack":"GalaxyMap" }
{ "timestamp":"2017-10-06T07:00:41Z", "event":"Music", "MusicTrack":"SystemMap" }
{ "timestamp":"2017-10-06T07:00:54Z", "event":"Music", "MusicTrack":"GalaxyMap" }
{ "timestamp":"2017-10-06T07:01:10Z", "event":"Music", "MusicTrack":"SystemMap" }
{ "timestamp":"2017-10-06T07:01:25Z", "event":"Music", "MusicTrack":"GalaxyMap" }
{ "timestamp":"2017-10-06T07:02:23Z", "event":"Music", "MusicTrack":"Starport" }
{ "timestamp":"2017-10-06T07:02:41Z", "event":"Undocked", "StationName":"Poisson Orbital", "StationType":"Coriolis" }
{ "timestamp":"2017-10-06T07:03:02Z", "event":"Music", "MusicTrack":"NoTrack" }
{ "timestamp":"2017-10-06T07:03:27Z", "event":"ReceiveText", "From":"Poisson Orbital", "Message":"$STATION_NoFireZone_exited;", "Message_Localised":"No fire zone left.", "Channel":"npc" }
{ "timestamp":"2017-10-06T07:03:41Z", "event":"StartJump", "JumpType":"Hyperspace", "StarSystem":"Taexalk", "StarClass":"G" }
{ "timestamp":"2017-10-06T07:03:59Z", "event":"FSDJump", "StarSystem":"Taexalk", "StarPos":[109.281,-11.688,-73.750], "SystemAllegiance":"Independent", "SystemEconomy":"$economy_Extraction;", "SystemEconomy_Localised":"Extraction", "SystemGovernment":"$government_Corporate;", "SystemGovernment_Localised":"Corporate", "SystemSecurity":"$SYSTEM_SECURITY_medium;", "SystemSecurity_Localised":"Medium Security", "Population":3050797, "JumpDist":16.332, "FuelUsed":1.951418, "FuelLevel":14.048582, "Factions":[ { "Name":"Khakari Blue Electronics Inc", "FactionState":"Boom", "Government":"Corporate", "Influence":0.067327, "Allegiance":"Federation" }, { "Name":"Pilots Federation Local Branch", "FactionState":"None", "Government":"Democracy", "Influence":0.000000, "Allegiance":"PilotsFederation" }, { "Name":"Taexalk Power Incorporated", "FactionState":"Boom", "Government":"Corporate", "Influence":0.723762, "Allegiance":"Independent" }, { "Name":"Gandza Gold Vision Services", "FactionState":"None", "Government":"Corporate", "Influence":0.039604, "Allegiance":"Federation", "PendingStates":[ { "State":"Boom", "Trend":1 } ] }, { "Name":"Gkutat Co-operative", "FactionState":"None", "Government":"Cooperative", "Influence":0.037624, "Allegiance":"Independent" }, { "Name":"Taexalk Defence Party", "FactionState":"None", "Government":"Dictatorship", "Influence":0.033663, "Allegiance":"Independent" }, { "Name":"Taexalk Liberals", "FactionState":"None", "Government":"Democracy", "Influence":0.088119, "Allegiance":"Federation" }, { "Name":"Taexalk Crimson Council", "FactionState":"Famine", "Government":"Anarchy", "Influence":0.009901, "Allegiance":"Independent" } ], "SystemFaction":"Taexalk Power Incorporated", "FactionState":"Boom" }
{ "timestamp":"2017-10-06T07:04:00Z", "event":"Music", "MusicTrack":"Supercruise" }
{ "timestamp":"2017-10-06T07:04:34Z", "event":"StartJump", "JumpType":"Hyperspace", "StarSystem":"CD-23 5548", "StarClass":"M" }
{ "timestamp":"2017-10-06T07:04:39Z", "event":"Music", "MusicTrack":"NoTrack" }
{ "timestamp":"2017-10-06T07:04:53Z", "event":"FSDJump", "StarSystem":"CD-23 5548", "StarPos":[99.906,-5.625,-60.375], "SystemAllegiance":"", "SystemEconomy":"$economy_None;", "SystemEconomy_Localised":"None", "SystemGovernment":"$government_None;", "SystemGovernment_Localised":"None", "SystemSecurity":"$GAlAXY_MAP_INFO_state_anarchy;", "SystemSecurity_Localised":"Anarchy", "Population":0, "JumpDist":17.422, "FuelUsed":2.225913, "FuelLevel":11.822669 }
{ "timestamp":"2017-10-06T07:04:53Z", "event":"Music", "MusicTrack":"Supercruise" }
{ "timestamp":"2017-10-06T07:05:24Z", "event":"StartJump", "JumpType":"Hyperspace", "StarSystem":"LP 782-16", "StarClass":"K" }
{ "timestamp":"2017-10-06T07:05:29Z", "event":"Music", "MusicTrack":"NoTrack" }
{ "timestamp":"2017-10-06T07:05:43Z", "event":"FSDJump", "StarSystem":"LP 782-16", "StarPos":[82.781,-3.313,-58.719], "SystemAllegiance":"", "SystemEconomy":"$economy_None;", "SystemEconomy_Localised":"None", "SystemGovernment":"$government_None;", "SystemGovernment_Localised":"None", "SystemSecurity":"$GAlAXY_MAP_INFO_state_anarchy;", "SystemSecurity_Localised":"Anarchy", "Population":0, "JumpDist":17.360, "FuelUsed":2.164918, "FuelLevel":9.657751 }
{ "timestamp":"2017-10-06T07:05:43Z", "event":"Music", "MusicTrack":"Supercruise" }
{ "timestamp":"2017-10-06T07:06:14Z", "event":"StartJump", "JumpType":"Hyperspace", "StarSystem":"Puppis Sector JR-W b1-6", "StarClass":"TTS" }
{ "timestamp":"2017-10-06T07:06:19Z", "event":"Music", "MusicTrack":"NoTrack" }
{ "timestamp":"2017-10-06T07:06:32Z", "event":"FSDJump", "StarSystem":"Puppis Sector JR-W b1-6", "StarPos":[74.188,-6.156,-43.500], "SystemAllegiance":"", "SystemEconomy":"$economy_None;", "SystemEconomy_Localised":"None", "SystemGovernment":"$government_None;", "SystemGovernment_Localised":"None", "SystemSecurity":"$GAlAXY_MAP_INFO_state_anarchy;", "SystemSecurity_Localised":"Anarchy", "Population":0, "JumpDist":17.707, "FuelUsed":2.223029, "FuelLevel":7.434722 }
{ "timestamp":"2017-10-06T07:06:33Z", "event":"Music", "MusicTrack":"Supercruise" }
{ "timestamp":"2017-10-06T07:06:50Z", "event":"Music", "MusicTrack":"GalaxyMap" }
{ "timestamp":"2017-10-06T07:07:09Z", "event":"Music", "MusicTrack":"Supercruise" }
{ "timestamp":"2017-10-06T07:07:26Z", "event":"StartJump", "JumpType":"Hyperspace", "StarSystem":"Puppis Sector HW-W b1-5", "StarClass":"M" }
{ "timestamp":"2017-10-06T07:07:31Z", "event":"Music", "MusicTrack":"NoTrack" }
{ "timestamp":"2017-10-06T07:07:45Z", "event":"FSDJump", "StarSystem":"Puppis Sector HW-W b1-5", "StarPos":[61.906,0.625,-38.688], "SystemAllegiance":"", "SystemEconomy":"$economy_None;", "SystemEconomy_Localised":"None", "SystemGovernment":"$government_None;", "SystemGovernment_Localised":"None", "SystemSecurity":"$GAlAXY_MAP_INFO_state_anarchy;", "SystemSecurity_Localised":"Anarchy", "Population":0, "JumpDist":14.832, "FuelUsed":1.449836, "FuelLevel":5.984885 }
{ "timestamp":"2017-10-06T07:07:45Z", "event":"Music", "MusicTrack":"Supercruise" }
{ "timestamp":"2017-10-06T07:08:13Z", "event":"StartJump", "JumpType":"Hyperspace", "StarSystem":"Ross 429", "StarClass":"K" }
{ "timestamp":"2017-10-06T07:08:19Z", "event":"Music", "MusicTrack":"NoTrack" }
{ "timestamp":"2017-10-06T07:08:32Z", "event":"FSDJump", "StarSystem":"Ross 429", "StarPos":[56.250,1.781,-28.969], "SystemAllegiance":"Federation", "SystemEconomy":"$economy_Industrial;", "SystemEconomy_Localised":"Industrial", "SystemGovernment":"$government_Democracy;", "SystemGovernment_Localised":"Democracy", "SystemSecurity":"$SYSTEM_SECURITY_high;", "SystemSecurity_Localised":"High Security", "Population":24654722, "JumpDist":11.304, "FuelUsed":0.766283, "FuelLevel":5.218602, "Factions":[ { "Name":"Green Party of Rho Puppis", "FactionState":"None", "Government":"Democracy", "Influence":0.154154, "Allegiance":"Federation", "RecoveringStates":[ { "State":"Boom", "Trend":0 } ] }, { "Name":"Progressive Party of Ross 429", "FactionState":"Boom", "Government":"Democracy", "Influence":0.413413, "Allegiance":"Federation" }, { "Name":"Pilots Federation Local Branch", "FactionState":"None", "Government":"Democracy", "Influence":0.000000, "Allegiance":"PilotsFederation" }, { "Name":"Party of Ross 429", "FactionState":"CivilWar", "Government":"Dictatorship", "Influence":0.056056, "Allegiance":"Independent" }, { "Name":"Ralu Independents", "FactionState":"Boom", "Government":"Democracy", "Influence":0.110110, "Allegiance":"Federation" }, { "Name":"Ross 429 Galactic Systems", "FactionState":"None", "Government":"Corporate", "Influence":0.182182, "Allegiance":"Federation", "PendingStates":[ { "State":"Boom", "Trend":1 } ] }, { "Name":"Ross 429 Gold Ring", "FactionState":"CivilWar", "Government":"Anarchy", "Influence":0.052052, "Allegiance":"Independent", "RecoveringStates":[ { "State":"Famine", "Trend":0 } ] }, { "Name":"Traditional Ross 429 Nationalists", "FactionState":"None", "Government":"Dictatorship", "Influence":0.032032, "Allegiance":"Independent", "PendingStates":[ { "State":"Boom", "Trend":1 } ] } ], "SystemFaction":"Progressive Party of Ross 429", "FactionState":"Boom" }
{ "timestamp":"2017-10-06T07:08:32Z", "event":"Music", "MusicTrack":"Supercruise" }
{ "timestamp":"2017-10-06T07:08:36Z", "event":"Music", "MusicTrack":"SystemMap" }
{ "timestamp":"2017-10-06T07:08:42Z", "event":"Music", "MusicTrack":"Supercruise" }
{ "timestamp":"2017-10-06T07:09:37Z", "event":"ApproachSettlement", "Name":"Piercy Point +++" }
{ "timestamp":"2017-10-06T07:09:40Z", "event":"ApproachSettlement", "Name":"DeLucas Barracks" }
{ "timestamp":"2017-10-06T07:09:58Z", "event":"SupercruiseExit", "StarSystem":"Ross 429", "Body":"Mukai Gateway", "BodyType":"Station" }
{ "timestamp":"2017-10-06T07:09:58Z", "event":"Music", "MusicTrack":"DestinationFromSupercruise" }
{ "timestamp":"2017-10-06T07:10:03Z", "event":"Music", "MusicTrack":"Exploration" }
{ "timestamp":"2017-10-06T07:10:05Z", "event":"ReceiveText", "From":"Mukai Gateway", "Message":"$STATION_NoFireZone_entered;", "Message_Localised":"No fire zone entered.", "Channel":"npc" }
{ "timestamp":"2017-10-06T07:10:07Z", "event":"DockingRequested", "StationName":"Mukai Gateway" }
{ "timestamp":"2017-10-06T07:10:07Z", "event":"ReceiveText", "From":"Mukai Gateway", "Message":"$DockingChatter_Neutral;", "Message_Localised":"Ensure to observe starport protocol during your visit, pilot.", "Channel":"npc" }
{ "timestamp":"2017-10-06T07:10:08Z", "event":"ReceiveText", "From":"Mukai Gateway", "Message":"$STATION_docking_granted;", "Message_Localised":"Docking request granted.", "Channel":"npc" }
{ "timestamp":"2017-10-06T07:10:08Z", "event":"DockingGranted", "LandingPad":3, "StationName":"Mukai Gateway" }
{ "timestamp":"2017-10-06T07:11:38Z", "event":"Docked", "StationName":"Mukai Gateway", "StationType":"Outpost", "StarSystem":"Ross 429", "StationFaction":"Progressive Party of Ross 429", "FactionState":"Boom", "StationGovernment":"$government_Democracy;", "StationGovernment_Localised":"Democracy", "StationAllegiance":"Federation", "StationServices":[ "Dock", "Autodock", "BlackMarket", "Commodities", "Contacts", "Exploration", "Missions", "Repair", "MissionsGenerated", "FlightController", "StationOperations", "Powerplay", "SearchAndRescue" ], "StationEconomy":"$economy_Industrial;", "StationEconomy_Localised":"Industrial", "DistFromStarLS":23.386139 }
{ "timestamp":"2017-10-06T07:11:54Z", "event":"Music", "MusicTrack":"SystemMap" }
{ "timestamp":"2017-10-06T07:12:00Z", "event":"Music", "MusicTrack":"Exploration" }
{ "timestamp":"2017-10-06T07:12:22Z", "event":"Undocked", "StationName":"Mukai Gateway", "StationType":"Outpost" }
{ "timestamp":"2017-10-06T07:12:47Z", "event":"StartJump", "JumpType":"Supercruise" }
{ "timestamp":"2017-10-06T07:12:47Z", "event":"ApproachSettlement", "Name":"Piercy Point +++" }
{ "timestamp":"2017-10-06T07:12:47Z", "event":"ApproachSettlement", "Name":"DeLucas Barracks" }
{ "timestamp":"2017-10-06T07:12:52Z", "event":"SupercruiseEntry", "StarSystem":"Ross 429" }
{ "timestamp":"2017-10-06T07:12:52Z", "event":"Music", "MusicTrack":"Supercruise" }
{ "timestamp":"2017-10-06T07:13:31Z", "event":"ReceiveText", "From":"$ShipName_PassengerLiner_Cruise;", "From_Localised":"Cruise Ship", "Message":"$CruiseLiner_SCPatrol01;", "Message_Localised":"And don't forget, this Liner is in the top 1% of all Liners out there.", "Channel":"npc" }
{ "timestamp":"2017-10-06T07:14:02Z", "event":"ReceiveText", "From":"$ShipName_PassengerLiner_Cruise;", "From_Localised":"Cruise Ship", "Message":"$CruiseLiner_SCPatrol02;", "Message_Localised":"We will be cruising in-system for a while, please feel free to take advantage of our in-flight entertainment.", "Channel":"npc" }
{ "timestamp":"2017-10-06T07:15:40Z", "event":"SupercruiseExit", "StarSystem":"Ross 429", "Body":"Al-Battani Enterprise", "BodyType":"Station" }
{ "timestamp":"2017-10-06T07:15:41Z", "event":"Music", "MusicTrack":"DestinationFromSupercruise" }
{ "timestamp":"2017-10-06T07:15:46Z", "event":"Music", "MusicTrack":"NoTrack" }
{ "timestamp":"2017-10-06T07:15:48Z", "event":"ReceiveText", "From":"Al-Battani Enterprise", "Message":"$STATION_NoFireZone_entered;", "Message_Localised":"No fire zone entered.", "Channel":"npc" }
{ "timestamp":"2017-10-06T07:15:50Z", "event":"ReceiveText", "From":"$ShipName_Police_Federation;", "From_Localised":"Federal Security Service", "Message":"$OverwatchCriticalDamage09;", "Message_Localised":"My friends will avenge me!", "Channel":"npc" }
{ "timestamp":"2017-10-06T07:15:59Z", "event":"DockingRequested", "StationName":"Al-Battani Enterprise" }
{ "timestamp":"2017-10-06T07:15:59Z", "event":"ReceiveText", "From":"Al-Battani Enterprise", "Message":"$DockingChatter_Neutral;", "Message_Localised":"Ensure to observe starport protocol during your visit, pilot.", "Channel":"npc" }
{ "timestamp":"2017-10-06T07:16:00Z", "event":"ReceiveText", "From":"Al-Battani Enterprise", "Message":"$STATION_docking_granted;", "Message_Localised":"Docking request granted.", "Channel":"npc" }
{ "timestamp":"2017-10-06T07:16:00Z", "event":"DockingGranted", "LandingPad":21, "StationName":"Al-Battani Enterprise" }
{ "timestamp":"2017-10-06T07:16:14Z", "event":"Music", "MusicTrack":"Starport" }
{ "timestamp":"2017-10-06T07:17:28Z", "event":"Docked", "StationName":"Al-Battani Enterprise", "StationType":"Coriolis", "StarSystem":"Ross 429", "StationFaction":"Progressive Party of Ross 429", "FactionState":"Boom", "StationGovernment":"$government_Democracy;", "StationGovernment_Localised":"Democracy", "StationAllegiance":"Federation", "StationServices":[ "Dock", "Autodock", "BlackMarket", "Commodities", "Contacts", "Exploration", "Missions", "Outfitting", "CrewLounge", "Rearm", "Refuel", "Repair", "Shipyard", "Tuning", "MissionsGenerated", "FlightController", "StationOperations", "Powerplay", "SearchAndRescue" ], "StationEconomy":"$economy_Industrial;", "StationEconomy_Localised":"Industrial", "DistFromStarLS":119.151611 }
{ "timestamp":"2017-10-06T07:17:37Z", "event":"RefuelAll", "Cost":553, "Amount":11.036306 }
{ "timestamp":"2017-10-06T07:18:03Z", "event":"Music", "MusicTrack":"GalaxyMap" }
{ "timestamp":"2017-10-06T07:18:09Z", "event":"Music", "MusicTrack":"Starport" }
{ "timestamp":"2017-10-06T07:18:40Z", "event":"ModuleBuy", "Slot":"Slot05_Size2", "SellItem":"$int_cargorack_size2_class1_name;", "SellItem_Localised":"Cargo Rack", "SellPrice":3250, "BuyItem":"$int_fuelscoop_size2_class5_name;", "BuyItem_Localised":"Fuel Scoop", "BuyPrice":284844, "Ship":"cobramkiii", "ShipID":1 }
{ "timestamp":"2017-10-06T07:19:04Z", "event":"Undocked", "StationName":"Al-Battani Enterprise", "StationType":"Coriolis" }
{ "timestamp":"2017-10-06T07:19:34Z", "event":"Music", "MusicTrack":"NoTrack" }
{ "timestamp":"2017-10-06T07:20:24Z", "event":"ReceiveText", "From":"Al-Battani Enterprise", "Message":"$STATION_NoFireZone_exited;", "Message_Localised":"No fire zone left.", "Channel":"npc" }
{ "timestamp":"2017-10-06T07:20:29Z", "event":"StartJump", "JumpType":"Hyperspace", "StarSystem":"9 Puppis", "StarClass":"G" }
{ "timestamp":"2017-10-06T07:20:47Z", "event":"FSDJump", "StarSystem":"9 Puppis", "StarPos":[42.469,6.594,-32.406], "SystemAllegiance":"Federation", "SystemEconomy":"$economy_Refinery;", "SystemEconomy_Localised":"Refinery", "SystemGovernment":"$government_Corporate;", "SystemGovernment_Localised":"Corporate", "SystemSecurity":"$SYSTEM_SECURITY_low;", "SystemSecurity_Localised":"Low Security", "Population":105860, "JumpDist":14.997, "FuelUsed":1.603690, "FuelLevel":14.396310, "Factions":[ { "Name":"9 Puppis Organisation", "FactionState":"None", "Government":"Corporate", "Influence":0.304695, "Allegiance":"Federation", "PendingStates":[ { "State":"Boom", "Trend":1 } ] }, { "Name":"Pilots Federation Local Branch", "FactionState":"None", "Government":"Democracy", "Influence":0.000000, "Allegiance":"PilotsFederation" }, { "Name":"Order of 9 Puppis", "FactionState":"None", "Government":"Dictatorship", "Influence":0.096903, "Allegiance":"Independent" }, { "Name":"Ralu Independents", "FactionState":"Boom", "Government":"Democracy", "Influence":0.230769, "Allegiance":"Federation" }, { "Name":"Hand Gang of 9 Puppis", "FactionState":"None", "Government":"Anarchy", "Influence":0.075924, "Allegiance":"Independent" }, { "Name":"9 Puppis Comms Corp.", "FactionState":"None", "Government":"Corporate", "Influence":0.291708, "Allegiance":"Federation", "RecoveringStates":[ { "State":"Boom", "Trend":0 } ] } ], "SystemFaction":"9 Puppis Organisation" }
{ "timestamp":"2017-10-06T07:20:47Z", "event":"Music", "MusicTrack":"Supercruise" }
{ "timestamp":"2017-10-06T07:20:59Z", "event":"FuelScoop", "Scooped":0.071318, "Total":14.467626 }
{ "timestamp":"2017-10-06T07:21:23Z", "event":"ReceiveText", "From":"$npc_name_decorate:#name=Super-Concon;", "From_Localised":"Super-Concon", "Message":"$Pirate_StartInterdiction05;", "Message_Localised":"You have something that I want.", "Channel":"npc" }
{ "timestamp":"2017-10-06T07:21:25Z", "event":"StartJump", "JumpType":"Hyperspace", "StarSystem":"Fionn", "StarClass":"G" }
{ "timestamp":"2017-10-06T07:21:30Z", "event":"Music", "MusicTrack":"NoTrack" }
{ "timestamp":"2017-10-06T07:21:43Z", "event":"FSDJump", "StarSystem":"Fionn", "StarPos":[32.500,9.313,-22.750], "SystemAllegiance":"Federation", "SystemEconomy":"$economy_HighTech;", "SystemEconomy_Localised":"High Tech", "SystemGovernment":"$government_Democracy;", "SystemGovernment_Localised":"Democracy", "SystemSecurity":"$SYSTEM_SECURITY_high;", "SystemSecurity_Localised":"High Security", "Population":18439952, "JumpDist":14.143, "FuelUsed":1.382688, "FuelLevel":13.084938, "Factions":[ { "Name":"Fionn Liberals", "FactionState":"Boom", "Government":"Democracy", "Influence":0.448000, "Allegiance":"Federation" }, { "Name":"Pilots Federation Local Branch", "FactionState":"None", "Government":"Democracy", "Influence":0.000000, "Allegiance":"PilotsFederation" }, { "Name":"Fionn First", "FactionState":"Famine", "Government":"Dictatorship", "Influence":0.029000, "Allegiance":"Independent" }, { "Name":"Confederacy of G 113-20", "FactionState":"Boom", "Government":"Confederacy", "Influence":0.096000, "Allegiance":"Federation" }, { "Name":"Fionn Systems", "FactionState":"Outbreak", "Government":"Corporate", "Influence":0.060000, "Allegiance":"Federation", "PendingStates":[ { "State":"Boom", "Trend":1 } ] }, { "Name":"LHS 1918 Major Exchange", "FactionState":"Retreat", "Government":"Corporate", "Influence":0.025000, "Allegiance":"Federation", "RecoveringStates":[ { "State":"Boom", "Trend":1 } ] }, { "Name":"Fionn Freedom Party", "FactionState":"Boom", "Government":"Dictatorship", "Influence":0.074000, "Allegiance":"Independent", "PendingStates":[ { "State":"War", "Trend":0 } ] }, { "Name":"Blatrimpe Gold Allied Co", "FactionState":"Boom", "Government":"Corporate", "Influence":0.089000, "Allegiance":"Federation", "PendingStates":[ { "State":"War", "Trend":0 } ] }, { "Name":"Ngardamayo Vision Co", "FactionState":"Boom", "Government":"Corporate", "Influence":0.179000, "Allegiance":"Federation" } ], "SystemFaction":"Fionn Liberals", "FactionState":"Boom" }
{ "timestamp":"2017-10-06T07:21:44Z", "event":"Music", "MusicTrack":"DestinationFromHyperspace" }
{ "timestamp":"2017-10-06T07:21:49Z", "event":"Music", "MusicTrack":"Supercruise" }
{ "timestamp":"2017-10-06T07:21:53Z", "event":"FuelScoop", "Scooped":0.050900, "Total":13.135845 }
{ "timestamp":"2017-10-06T07:22:18Z", "event":"Music", "MusicTrack":"SystemMap" }
{ "timestamp":"2017-10-06T07:22:22Z", "event":"Music", "MusicTrack":"Supercruise" }
{ "timestamp":"2017-10-06T07:22:22Z", "event":"FuelScoop", "Scooped":0.942469, "Total":14.078300 }
{ "timestamp":"2017-10-06T07:23:48Z", "event":"SupercruiseExit", "StarSystem":"Fionn", "Body":"Currie Enterprise", "BodyType":"Station" }
{ "timestamp":"2017-10-06T07:23:48Z", "event":"Music", "MusicTrack":"DestinationFromSupercruise" }
{ "timestamp":"2017-10-06T07:23:53Z", "event":"Music", "MusicTrack":"NoTrack" }
{ "timestamp":"2017-10-06T07:23:59Z", "event":"ReceiveText", "From":"Currie Enterprise", "Message":"$STATION_NoFireZone_entered;", "Message_Localised":"No fire zone entered.", "Channel":"npc" }
{ "timestamp":"2017-10-06T07:24:27Z", "event":"DockingRequested", "StationName":"Currie Enterprise" }
{ "timestamp":"2017-10-06T07:24:27Z", "event":"ReceiveText", "From":"Currie Enterprise", "Message":"$DockingChatter_Neutral;", "Message_Localised":"Ensure to observe starport protocol during your visit, pilot.", "Channel":"npc" }
{ "timestamp":"2017-10-06T07:24:28Z", "event":"ReceiveText", "From":"Currie Enterprise", "Message":"$STATION_docking_granted;", "Message_Localised":"Docking request granted.", "Channel":"npc" }
{ "timestamp":"2017-10-06T07:24:28Z", "event":"DockingGranted", "LandingPad":14, "StationName":"Currie Enterprise" }
{ "timestamp":"2017-10-06T07:24:50Z", "event":"Scanned", "ScanType":"Cargo" }
{ "timestamp":"2017-10-06T07:24:50Z", "event":"ReceiveText", "From":"$ShipName_Police_Federation;", "From_Localised":"Federal Security Service", "Message":"$Police_ThankYouPassedStopAndSearch09;", "Message_Localised":"Move along, Commander, we're done here.", "Channel":"npc" }
{ "timestamp":"2017-10-06T07:24:53Z", "event":"Music", "MusicTrack":"Starport" }
{ "timestamp":"2017-10-06T07:25:30Z", "event":"Docked", "StationName":"Currie Enterprise", "StationType":"Coriolis", "StarSystem":"Fionn", "StationFaction":"Fionn Liberals", "FactionState":"Boom", "StationGovernment":"$government_Democracy;", "StationGovernment_Localised":"Democracy", "StationAllegiance":"Federation", "StationServices":[ "Dock", "Autodock", "BlackMarket", "Commodities", "Contacts", "Exploration", "Missions", "Outfitting", "CrewLounge", "Rearm", "Refuel", "Repair", "Shipyard", "Tuning", "MissionsGenerated", "FlightController", "StationOperations", "Powerplay", "SearchAndRescue" ], "StationEconomy":"$economy_HighTech;", "StationEconomy_Localised":"High Tech", "DistFromStarLS":141.073349 }
{ "timestamp":"2017-10-06T07:25:45Z", "event":"RefuelAll", "Cost":103, "Amount":2.035786 }
{ "timestamp":"2017-10-06T07:27:27Z", "event":"ModuleBuy", "Slot":"Slot05_Size2", "SellItem":"$int_fuelscoop_size2_class5_name;", "SellItem_Localised":"Fuel Scoop", "SellPrice":284844, "BuyItem":"$int_cargorack_size2_class1_name;", "BuyItem_Localised":"Cargo Rack", "BuyPrice":3250, "Ship":"cobramkiii", "ShipID":1 }
{ "timestamp":"2017-10-06T07:27:55Z", "event":"MarketBuy", "Type":"medicaldiagnosticequipment", "Count":40, "BuyPrice":2306, "TotalCost":92240 }
{ "timestamp":"2017-10-06T07:28:00Z", "event":"Music", "MusicTrack":"GalaxyMap" }
{ "timestamp":"2017-10-06T07:28:08Z", "event":"Music", "MusicTrack":"SystemMap" }
{ "timestamp":"2017-10-06T07:28:16Z", "event":"Music", "MusicTrack":"Starport" }
{ "timestamp":"2017-10-06T07:28:33Z", "event":"Undocked", "StationName":"Currie Enterprise", "StationType":"Coriolis" }
{ "timestamp":"2017-10-06T07:28:53Z", "event":"Music", "MusicTrack":"NoTrack" }
{ "timestamp":"2017-10-06T07:29:15Z", "event":"ReceiveText", "From":"Currie Enterprise", "Message":"$STATION_NoFireZone_exited;", "Message_Localised":"No fire zone left.", "Channel":"npc" }
{ "timestamp":"2017-10-06T07:29:17Z", "event":"Music", "MusicTrack":"GalaxyMap" }
{ "timestamp":"2017-10-06T07:29:39Z", "event":"Music", "MusicTrack":"NoTrack" }
{ "timestamp":"2017-10-06T07:30:00Z", "event":"StartJump", "JumpType":"Hyperspace", "StarSystem":"LHS 1920", "StarClass":"M" }
{ "timestamp":"2017-10-06T07:30:19Z", "event":"FSDJump", "StarSystem":"LHS 1920", "StarPos":[25.844,5.063,-30.219], "SystemAllegiance":"Federation", "SystemEconomy":"$economy_Refinery;", "SystemEconomy_Localised":"Refinery", "SystemGovernment":"$government_Corporate;", "SystemGovernment_Localised":"Corporate", "SystemSecurity":"$SYSTEM_SECURITY_medium;", "SystemSecurity_Localised":"Medium Security", "Population":60731, "JumpDist":10.870, "FuelUsed":1.056240, "FuelLevel":14.943760, "Factions":[ { "Name":"LHS 1920 Interstellar", "FactionState":"None", "Government":"Corporate", "Influence":0.120879, "Allegiance":"Federation", "PendingStates":[ { "State":"Boom", "Trend":1 } ] }, { "Name":"Pilots Federation Local Branch", "FactionState":"None", "Government":"Democracy", "Influence":0.000000, "Allegiance":"PilotsFederation" }, { "Name":"Union of LHS 1928 Resistance", "FactionState":"None", "Government":"Democracy", "Influence":0.078921, "Allegiance":"Federation", "PendingStates":[ { "State":"Boom", "Trend":1 } ] }, { "Name":"Movement for LHS 1920 League", "FactionState":"Boom", "Government":"Confederacy", "Influence":0.300699, "Allegiance":"Federation", "PendingStates":[ { "State":"War", "Trend":0 } ] }, { "Name":"Aristocrats of LHS 1920", "FactionState":"CivilWar", "Government":"Feudal", "Influence":0.107892, "Allegiance":"Independent" }, { "Name":"LHS 1918 Major Exchange", "FactionState":"Retreat", "Government":"Corporate", "Influence":0.297702, "Allegiance":"Federation", "PendingStates":[ { "State":"War", "Trend":0 } ], "RecoveringStates":[ { "State":"Boom", "Trend":1 } ] }, { "Name":"Jet Natural Systems", "FactionState":"CivilWar", "Government":"Corporate", "Influence":0.093906, "Allegiance":"Independent" } ], "SystemFaction":"LHS 1920 Interstellar" }
{ "timestamp":"2017-10-06T07:30:19Z", "event":"Music", "MusicTrack":"Supercruise" }
{ "timestamp":"2017-10-06T07:30:56Z", "event":"StartJump", "JumpType":"Hyperspace", "StarSystem":"Okinura", "StarClass":"K" }
{ "timestamp":"2017-10-06T07:31:02Z", "event":"Music", "MusicTrack":"NoTrack" }
{ "timestamp":"2017-10-06T07:31:15Z", "event":"FSDJump", "StarSystem":"Okinura", "StarPos":[11.875,0.375,-30.250], "SystemAllegiance":"Federation", "SystemEconomy":"$economy_Service;", "SystemEconomy_Localised":"Service", "SystemGovernment":"$government_Corporate;", "SystemGovernment_Localised":"Corporate", "SystemSecurity":"$SYSTEM_SECURITY_high;", "SystemSecurity_Localised":"High Security", "Population":4729786574, "JumpDist":14.734, "FuelUsed":2.109414, "FuelLevel":12.834347, "Factions":[ { "Name":"Pollux Purple Galactic Inc", "FactionState":"None", "Government":"Corporate", "Influence":0.092092, "Allegiance":"Independent", "RecoveringStates":[ { "State":"Boom", "Trend":0 } ] }, { "Name":"Pilots Federation Local Branch", "FactionState":"None", "Government":"Democracy", "Influence":0.000000, "Allegiance":"PilotsFederation" }, { "Name":"Okinura Democrats", "FactionState":"Boom", "Government":"Democracy", "Influence":0.086086, "Allegiance":"Federation" }, { "Name":"Okinura Group", "FactionState":"None", "Government":"Corporate", "Influence":0.181181, "Allegiance":"Federation", "RecoveringStates":[ { "State":"Boom", "Trend":-1 } ] }, { "Name":"United Okinura Focus", "FactionState":"Boom", "Government":"Dictatorship", "Influence":0.063063, "Allegiance":"Independent" }, { "Name":"Okinura Inc", "FactionState":"Boom", "Government":"Corporate", "Influence":0.067067, "Allegiance":"Federation" }, { "Name":"Okinura Bureau", "FactionState":"Boom", "Government":"Dictatorship", "Influence":0.070070, "Allegiance":"Independent" }, { "Name":"Earth Defense Fleet", "FactionState":"Lockdown", "Government":"Corporate", "Influence":0.440440, "Allegiance":"Federation", "PendingStates":[ { "State":"Boom", "Trend":1 }, { "State":"CivilUnrest", "Trend":0 } ] } ], "SystemFaction":"Earth Defense Fleet", "FactionState":"Lockdown" }
{ "timestamp":"2017-10-06T07:31:15Z", "event":"Music", "MusicTrack":"DestinationFromHyperspace" }
{ "timestamp":"2017-10-06T07:31:19Z", "event":"Music", "MusicTrack":"SystemMap" }
{ "timestamp":"2017-10-06T07:31:25Z", "event":"Music", "MusicTrack":"Supercruise" }
{ "timestamp":"2017-10-06T07:32:33Z", "event":"ApproachSettlement", "Name":"Volk Works" }
{ "timestamp":"2017-10-06T07:32:34Z", "event":"ApproachSettlement", "Name":"Akiyama Gateway" }
{ "timestamp":"2017-10-06T07:32:54Z", "event":"SupercruiseExit", "StarSystem":"Okinura", "Body":"Bennett Gateway", "BodyType":"Station" }
{ "timestamp":"2017-10-06T07:32:54Z", "event":"Music", "MusicTrack":"DestinationFromSupercruise" }
{ "timestamp":"2017-10-06T07:32:55Z", "event":"ReceiveText", "From":"Bennett Gateway", "Message":"$STATION_NoFireZone_entered;", "Message_Localised":"No fire zone entered.", "Channel":"npc" }
{ "timestamp":"2017-10-06T07:32:59Z", "event":"Music", "MusicTrack":"NoTrack" }
{ "timestamp":"2017-10-06T07:33:07Z", "event":"DockingRequested", "StationName":"Bennett Gateway" }
{ "timestamp":"2017-10-06T07:33:07Z", "event":"ReceiveText", "From":"Bennett Gateway", "Message":"$DockingChatter_Neutral;", "Message_Localised":"Ensure to observe starport protocol during your visit, pilot.", "Channel":"npc" }
{ "timestamp":"2017-10-06T07:33:08Z", "event":"ReceiveText", "From":"Bennett Gateway", "Message":"$STATION_docking_granted;", "Message_Localised":"Docking request granted.", "Channel":"npc" }
{ "timestamp":"2017-10-06T07:33:08Z", "event":"DockingGranted", "LandingPad":12, "StationName":"Bennett Gateway" }
{ "timestamp":"2017-10-06T07:33:41Z", "event":"Music", "MusicTrack":"Starport" }
{ "timestamp":"2017-10-06T07:34:06Z", "event":"Docked", "StationName":"Bennett Gateway", "StationType":"Orbis", "StarSystem":"Okinura", "StationFaction":"Earth Defense Fleet", "FactionState":"Lockdown", "StationGovernment":"$government_Corporate;", "StationGovernment_Localised":"Corporate", "StationAllegiance":"Federation", "StationServices":[ "Dock", "Autodock", "Commodities", "Contacts", "Exploration", "Missions", "Outfitting", "CrewLounge", "Rearm", "Refuel", "Repair", "Shipyard", "Tuning", "MissionsGenerated", "FlightController", "StationOperations", "Powerplay", "SearchAndRescue" ], "StationEconomy":"$economy_Service;", "StationEconomy_Localised":"Service", "DistFromStarLS":60.993256 }
{ "timestamp":"2017-10-06T07:34:18Z", "event":"RefuelAll", "Cost":164, "Amount":3.259615 }
{ "timestamp":"2017-10-06T07:35:45Z", "event":"Music", "MusicTrack":"GalaxyMap" }
{ "timestamp":"2017-10-06T07:36:58Z", "event":"Music", "MusicTrack":"Starport" }
{ "timestamp":"2017-10-06T07:37:41Z", "event":"Undocked", "StationName":"Bennett Gateway", "StationType":"Orbis" }
{ "timestamp":"2017-10-06T07:38:00Z", "event":"Music", "MusicTrack":"NoTrack" }
{ "timestamp":"2017-10-06T07:38:18Z", "event":"Music", "MusicTrack":"GalaxyMap" }
{ "timestamp":"2017-10-06T07:38:32Z", "event":"Scanned", "ScanType":"Cargo" }
{ "timestamp":"2017-10-06T07:38:32Z", "event":"ReceiveText", "From":"$ShipName_Police_Federation;", "From_Localised":"Federal Security Service", "Message":"$Police_ThankYouPassedStopAndSearch08;", "Message_Localised":"All done and you're clear to proceed, Commander.", "Channel":"npc" }
{ "timestamp":"2017-10-06T07:38:37Z", "event":"Music", "MusicTrack":"NoTrack" }
{ "timestamp":"2017-10-06T07:39:11Z", "event":"StartJump", "JumpType":"Hyperspace", "StarSystem":"V1201 Orionis", "StarClass":"DA" }
{ "timestamp":"2017-10-06T07:39:15Z", "event":"ReceiveText", "From":"Bennett Gateway", "Message":"$STATION_NoFireZone_exited;", "Message_Localised":"No fire zone left.", "Channel":"npc" }
{ "timestamp":"2017-10-06T07:39:30Z", "event":"FSDJump", "StarSystem":"V1201 Orionis", "StarPos":[9.500,-4.406,-23.875], "SystemAllegiance":"", "SystemEconomy":"$economy_None;", "SystemEconomy_Localised":"None", "SystemGovernment":"$government_None;", "SystemGovernment_Localised":"None", "SystemSecurity":"$GAlAXY_MAP_INFO_state_anarchy;", "SystemSecurity_Localised":"Anarchy", "Population":0, "JumpDist":8.315, "FuelUsed":0.570378, "FuelLevel":15.429623 }
{ "timestamp":"2017-10-06T07:39:30Z", "event":"Music", "MusicTrack":"Supercruise" }
{ "timestamp":"2017-10-06T07:39:42Z", "event":"Music", "MusicTrack":"SystemMap" }
{ "timestamp":"2017-10-06T07:39:46Z", "event":"Music", "MusicTrack":"Supercruise" }
{ "timestamp":"2017-10-06T07:40:03Z", "event":"StartJump", "JumpType":"Hyperspace", "StarSystem":"Ross 47", "StarClass":"M" }
{ "timestamp":"2017-10-06T07:40:08Z", "event":"Music", "MusicTrack":"NoTrack" }
{ "timestamp":"2017-10-06T07:40:22Z", "event":"FSDJump", "StarSystem":"Ross 47", "StarPos":[4.531,-2.875,-18.250], "SystemAllegiance":"Federation", "SystemEconomy":"$economy_Colony;", "SystemEconomy_Localised":"Colony", "SystemGovernment":"$government_Corporate;", "SystemGovernment_Localised":"Corporate", "SystemSecurity":"$SYSTEM_SECURITY_low;", "SystemSecurity_Localised":"Low Security", "Population":27415, "JumpDist":7.660, "FuelUsed":0.470227, "FuelLevel":14.959396, "Factions":[ { "Name":"Coalition of Ross 47", "FactionState":"CivilWar", "Government":"Confederacy", "Influence":0.096040, "Allegiance":"Federation", "RecoveringStates":[ { "State":"Boom", "Trend":0 } ] }, { "Name":"Pilots Federation Local Branch", "FactionState":"None", "Government":"Democracy", "Influence":0.000000, "Allegiance":"PilotsFederation" }, { "Name":"G 99-49 Life Industry", "FactionState":"None", "Government":"Corporate", "Influence":0.326733, "Allegiance":"Federation", "RecoveringStates":[ { "State":"Boom", "Trend":0 } ] }, { "Name":"Ross 47 Blue Allied Limited", "FactionState":"None", "Government":"Corporate", "Influence":0.244554, "Allegiance":"Federation", "RecoveringStates":[ { "State":"Boom", "Trend":1 } ] }, { "Name":"Ross 47 Purple Society", "FactionState":"Boom", "Government":"Anarchy", "Influence":0.103960, "Allegiance":"Independent", "PendingStates":[ { "State":"Bust", "Trend":0 }, { "State":"CivilUnrest", "Trend":0 }, { "State":"War", "Trend":0 } ] }, { "Name":"YZ Canis Minoris Systems", "FactionState":"None", "Government":"Corporate", "Influence":0.009901, "Allegiance":"Federation", "PendingStates":[ { "State":"Bust", "Trend":1 }, { "State":"CivilUnrest", "Trend":1 }, { "State":"Lockdown", "Trend":1 } ] }, { "Name":"Ross 47 Dominion", "FactionState":"CivilWar", "Government":"Feudal", "Influence":0.081188, "Allegiance":"Independent", "PendingStates":[ { "State":"Boom", "Trend":0 }, { "State":"CivilUnrest", "Trend":-1 } ], "RecoveringStates":[ { "State":"Bust", "Trend":0 } ] }, { "Name":"Earth Defense Fleet", "FactionState":"Lockdown", "Government":"Corporate", "Influence":0.137624, "Allegiance":"Federation", "PendingStates":[ { "State":"Boom", "Trend":1 }, { "State":"CivilUnrest", "Trend":0 }, { "State":"War", "Trend":0 } ] } ], "SystemFaction":"G 99-49 Life Industry" }
{ "timestamp":"2017-10-06T07:40:22Z", "event":"Music", "MusicTrack":"DestinationFromHyperspace" }
{ "timestamp":"2017-10-06T07:40:27Z", "event":"Music", "MusicTrack":"Supercruise" }
{ "timestamp":"2017-10-06T07:40:28Z", "event":"Music", "MusicTrack":"SystemMap" }
{ "timestamp":"2017-10-06T07:40:34Z", "event":"Music", "MusicTrack":"Supercruise" }
{ "timestamp":"2017-10-06T07:40:48Z", "event":"Music", "MusicTrack":"SystemMap" }
{ "timestamp":"2017-10-06T07:40:55Z", "event":"Music", "MusicTrack":"Supercruise" }
{ "timestamp":"2017-10-06T07:43:31Z", "event":"SupercruiseExit", "StarSystem":"Ross 47", "Body":"Volynov Hub", "BodyType":"Station" }
{ "timestamp":"2017-10-06T07:43:31Z", "event":"Music", "MusicTrack":"Exploration" }
{ "timestamp":"2017-10-06T07:43:47Z", "event":"StartJump", "JumpType":"Supercruise" }
{ "timestamp":"2017-10-06T07:43:52Z", "event":"SupercruiseEntry", "StarSystem":"Ross 47" }
{ "timestamp":"2017-10-06T07:43:53Z", "event":"Music", "MusicTrack":"Supercruise" }
{ "timestamp":"2017-10-06T07:43:58Z", "event":"SupercruiseExit", "StarSystem":"Ross 47", "Body":"Volynov Hub", "BodyType":"Station" }
{ "timestamp":"2017-10-06T07:43:59Z", "event":"Music", "MusicTrack":"DestinationFromSupercruise" }
{ "timestamp":"2017-10-06T07:44:04Z", "event":"Music", "MusicTrack":"Exploration" }
{ "timestamp":"2017-10-06T07:44:06Z", "event":"ReceiveText", "From":"Volynov Hub", "Message":"$STATION_NoFireZone_entered;", "Message_Localised":"No fire zone entered.", "Channel":"npc" }
{ "timestamp":"2017-10-06T07:44:21Z", "event":"DockingRequested", "StationName":"Volynov Hub" }
{ "timestamp":"2017-10-06T07:44:21Z", "event":"ReceiveText", "From":"Volynov Hub", "Message":"$DockingChatter_Neutral;", "Message_Localised":"Ensure to observe starport protocol during your visit, pilot.", "Channel":"npc" }
{ "timestamp":"2017-10-06T07:44:23Z", "event":"ReceiveText", "From":"Volynov Hub", "Message":"$STATION_docking_granted;", "Message_Localised":"Docking request granted.", "Channel":"npc" }
{ "timestamp":"2017-10-06T07:44:23Z", "event":"DockingGranted", "LandingPad":2, "StationName":"Volynov Hub" }
{ "timestamp":"2017-10-06T07:45:33Z", "event":"Docked", "StationName":"Volynov Hub", "StationType":"Outpost", "StarSystem":"Ross 47", "StationFaction":"G 99-49 Life Industry", "StationGovernment":"$government_Corporate;", "StationGovernment_Localised":"Corporate", "StationAllegiance":"Federation", "StationServices":[ "Dock", "Autodock", "Commodities", "Contacts", "Exploration", "Missions", "Refuel", "Repair", "Tuning", "MissionsGenerated", "Facilitator", "FlightController", "StationOperations", "Powerplay", "SearchAndRescue" ], "StationEconomy":"$economy_Refinery;", "StationEconomy_Localised":"Refinery", "DistFromStarLS":1714.396729 }
{ "timestamp":"2017-10-06T07:46:01Z", "event":"MarketSell", "Type":"medicaldiagnosticequipment", "Count":40, "SellPrice":1649, "TotalSale":65960, "AvgPricePaid":2306 }
{ "timestamp":"2017-10-06T07:46:18Z", "event":"Music", "MusicTrack":"GalaxyMap" }
{ "timestamp":"2017-10-06T07:46:35Z", "event":"Music", "MusicTrack":"SystemMap" }
{ "timestamp":"2017-10-06T07:46:41Z", "event":"Music", "MusicTrack":"GalaxyMap" }
{ "timestamp":"2017-10-06T07:54:21Z", "event":"BuyExplorationData", "System":"NLTT 15714", "Cost":1411 }
{ "timestamp":"2017-10-06T07:54:26Z", "event":"Music", "MusicTrack":"SystemMap" }
{ "timestamp":"2017-10-06T07:56:19Z", "event":"Music", "MusicTrack":"GalaxyMap" }
{ "timestamp":"2017-10-06T07:56:22Z", "event":"Music", "MusicTrack":"Exploration" }
{ "timestamp":"2017-10-06T07:56:33Z", "event":"Undocked", "StationName":"Volynov Hub", "StationType":"Outpost" }
{ "timestamp":"2017-10-06T07:56:55Z", "event":"Music", "MusicTrack":"SystemMap" }
{ "timestamp":"2017-10-06T07:56:59Z", "event":"Music", "MusicTrack":"Exploration" }
{ "timestamp":"2017-10-06T07:57:03Z", "event":"ReceiveText", "From":"Volynov Hub", "Message":"$STATION_NoFireZone_exited;", "Message_Localised":"No fire zone left.", "Channel":"npc" }
{ "timestamp":"2017-10-06T07:57:06Z", "event":"StartJump", "JumpType":"Hyperspace", "StarSystem":"NLTT 15714", "StarClass":"DQ" }
{ "timestamp":"2017-10-06T07:57:11Z", "event":"Music", "MusicTrack":"NoTrack" }
{ "timestamp":"2017-10-06T07:57:25Z", "event":"FSDJump", "StarSystem":"NLTT 15714", "StarPos":[15.406,-8.375,-31.500], "SystemAllegiance":"Independent", "SystemEconomy":"$economy_Refinery;", "SystemEconomy_Localised":"Refinery", "SystemGovernment":"$government_Anarchy;", "SystemGovernment_Localised":"Anarchy", "SystemSecurity":"$GAlAXY_MAP_INFO_state_anarchy;", "SystemSecurity_Localised":"Anarchy", "Population":107005, "JumpDist":18.002, "FuelUsed":2.419134, "FuelLevel":12.540262, "Factions":[ { "Name":"Wolf 1449 Limited", "FactionState":"None", "Government":"Corporate", "Influence":0.076076, "Allegiance":"Federation", "RecoveringStates":[ { "State":"Boom", "Trend":1 } ] }, { "Name":"Pilots Federation Local Branch", "FactionState":"None", "Government":"Democracy", "Influence":0.000000, "Allegiance":"PilotsFederation" }, { "Name":"NLTT 15714 Network", "FactionState":"None", "Government":"Corporate", "Influence":0.111111, "Allegiance":"Federation", "PendingStates":[ { "State":"CivilWar", "Trend":0 } ] }, { "Name":"League of NLTT 15714", "FactionState":"Boom", "Government":"Dictatorship", "Influence":0.122122, "Allegiance":"Independent", "PendingStates":[ { "State":"CivilWar", "Trend":0 } ] }, { "Name":"NLTT 15714 Labour", "FactionState":"Boom", "Government":"Democracy", "Influence":0.140140, "Allegiance":"Federation" }, { "Name":"NLTT 15714 Jet Rats", "FactionState":"None", "Government":"Anarchy", "Influence":0.550551, "Allegiance":"Independent", "RecoveringStates":[ { "State":"Boom", "Trend":-1 } ] } ], "SystemFaction":"NLTT 15714 Jet Rats" }
{ "timestamp":"2017-10-06T07:57:25Z", "event":"Music", "MusicTrack":"Supercruise" }
{ "timestamp":"2017-10-06T07:57:36Z", "event":"SupercruiseExit", "StarSystem":"NLTT 15714", "Body":"NLTT 15714 A", "BodyType":"Star" }
{ "timestamp":"2017-10-06T07:57:36Z", "event":"Music", "MusicTrack":"Exploration" }
{ "timestamp":"2017-10-06T07:57:45Z", "event":"Music", "MusicTrack":"SystemMap" }
{ "timestamp":"2017-10-06T07:57:47Z", "event":"Music", "MusicTrack":"GalaxyMap" }
{ "timestamp":"2017-10-06T07:57:56Z", "event":"Music", "MusicTrack":"SystemMap" }
{ "timestamp":"2017-10-06T07:57:58Z", "event":"Music", "MusicTrack":"Exploration" }
{ "timestamp":"2017-10-06T07:58:42Z", "event":"HeatWarning" }
{ "timestamp":"2017-10-06T07:58:48Z", "event":"StartJump", "JumpType":"Supercruise" }
{ "timestamp":"2017-10-06T07:58:53Z", "event":"SupercruiseEntry", "StarSystem":"NLTT 15714" }
{ "timestamp":"2017-10-06T07:58:53Z", "event":"HeatWarning" }
{ "timestamp":"2017-10-06T07:58:53Z", "event":"Music", "MusicTrack":"Supercruise" }
{ "timestamp":"2017-10-06T08:01:36Z", "event":"Music", "MusicTrack":"GalaxyMap" }
{ "timestamp":"2017-10-06T08:01:41Z", "event":"Music", "MusicTrack":"Supercruise" }
{ "timestamp":"2017-10-06T08:02:04Z", "event":"StartJump", "JumpType":"Hyperspace", "StarSystem":"Cupiat", "StarClass":"K" }
{ "timestamp":"2017-10-06T08:02:09Z", "event":"Music", "MusicTrack":"NoTrack" }
{ "timestamp":"2017-10-06T08:02:22Z", "event":"FSDJump", "StarSystem":"Cupiat", "StarPos":[28.438,-6.625,-43.000], "SystemAllegiance":"Federation", "SystemEconomy":"$economy_Refinery;", "SystemEconomy_Localised":"Refinery", "SystemGovernment":"$government_Corporate;", "SystemGovernment_Localised":"Corporate", "SystemSecurity":"$SYSTEM_SECURITY_medium;", "SystemSecurity_Localised":"Medium Security", "Population":154279, "JumpDist":17.468, "FuelUsed":2.209979, "FuelLevel":10.330283, "Factions":[ { "Name":"El Confederation", "FactionState":"Retreat", "Government":"Confederacy", "Influence":0.056000, "Allegiance":"Federation", "PendingStates":[ { "State":"Boom", "Trend":1 } ] }, { "Name":"Pilots Federation Local Branch", "FactionState":"None", "Government":"Democracy", "Influence":0.000000, "Allegiance":"PilotsFederation" }, { "Name":"United Cupiat League", "FactionState":"War", "Government":"Dictatorship", "Influence":0.034000, "Allegiance":"Independent", "PendingStates":[ { "State":"Boom", "Trend":0 }, { "State":"Outbreak", "Trend":0 } ] }, { "Name":"Kaupolock PLC", "FactionState":"Boom", "Government":"Corporate", "Influence":0.238000, "Allegiance":"Federation" }, { "Name":"Cupiat Allied Commodities", "FactionState":"None", "Government":"Corporate", "Influence":0.515000, "Allegiance":"Federation", "PendingStates":[ { "State":"Boom", "Trend":1 } ] }, { "Name":"Cupiat Gold Mafia", "FactionState":"Famine", "Government":"Anarchy", "Influence":0.013000, "Allegiance":"Independent", "PendingStates":[ { "State":"Outbreak", "Trend":0 } ] }, { "Name":"Law Party of Cupiat", "FactionState":"None", "Government":"Dictatorship", "Influence":0.084000, "Allegiance":"Independent" }, { "Name":"Movement for Ganiklis Partnership", "FactionState":"War", "Government":"Confederacy", "Influence":0.060000, "Allegiance":"Federation", "PendingStates":[ { "State":"Boom", "Trend":1 } ] } ], "SystemFaction":"Cupiat Allied Commodities" }
{ "timestamp":"2017-10-06T08:02:23Z", "event":"Music", "MusicTrack":"Supercruise" }
{ "timestamp":"2017-10-06T08:02:50Z", "event":"Music", "MusicTrack":"MainMenu" }
