{ "timestamp":"2017-10-18T10:44:20Z", "event":"Fileheader", "part":1, "language":"English\\UK", "gameversion":"2.4", "build":"r156431/r0 " }
{ "timestamp":"2017-10-18T10:44:20Z", "event":"Music", "MusicTrack":"NoTrack" }
{ "timestamp":"2017-10-18T10:44:20Z", "event":"Music", "MusicTrack":"MainMenu" }
{ "timestamp":"2017-10-18T10:45:56Z", "event":"Cargo", "Inventory":[  ] }
{ "timestamp":"2017-10-18T10:45:56Z", "event":"Loadout", "Ship":"DiamondBackXL", "ShipID":2, "ShipName":"KONNYAKU", "ShipIdent":"IG-E01", "Modules":[ { "Slot":"LargeHardpoint1", "Item":"Hpt_PulseLaser_Gimbal_Large", "On":true, "Priority":0, "Health":0.994020, "Value":140600 }, { "Slot":"MediumHardpoint2", "Item":"Hpt_MiningLaser_Fixed_Small", "On":true, "Priority":0, "Health":0.984353, "Value":6800 }, { "Slot":"TinyHardpoint1", "Item":"Hpt_HeatSinkLauncher_Turret_Tiny", "On":true, "Priority":0, "AmmoInClip":1, "AmmoInHopper":2, "Health":0.997299, "Value":3500 }, { "Slot":"TinyHardpoint2", "Item":"Hpt_HeatSinkLauncher_Turret_Tiny", "On":true, "Priority":0, "AmmoInClip":1, "AmmoInHopper":2, "Health":0.989419, "Value":3500 }, { "Slot":"TinyHardpoint4", "Item":"Hpt_ChaffLauncher_Tiny", "On":true, "Priority":0, "AmmoInClip":1, "AmmoInHopper":10, "Health":0.984160, "Value":8500 }, { "Slot":"Armour", "Item":"DiamondBackXL_Armour_Grade1", "On":true, "Priority":1, "Health":1.000000, "Value":0 }, { "Slot":"PowerPlant", "Item":"Int_Powerplant_Size4_Class4", "On":true, "Priority":1, "Health":0.993120, "Value":536693 }, { "Slot":"MainEngines", "Item":"Int_Engine_Size4_Class4", "On":true, "Priority":0, "Health":0.996931, "Value":536693 }, { "Slot":"FrameShiftDrive", "Item":"Int_Hyperdrive_Size5_Class4", "On":true, "Priority":0, "Health":0.999750, "Value":1701318 }, { "Slot":"LifeSupport", "Item":"Int_LifeSupport_Size3_Class2", "On":true, "Priority":0, "Health":0.993309, "Value":10133 }, { "Slot":"PowerDistributor", "Item":"Int_PowerDistributor_Size4_Class2", "On":true, "Priority":0, "Health":0.980621, "Value":28373 }, { "Slot":"Radar", "Item":"Int_Sensors_Size3_Class2", "On":true, "Priority":0, "Health":0.997002, "Value":10133 }, { "Slot":"FuelTank", "Item":"Int_FuelTank_Size5_Class3", "On":true, "Priority":1, "Health":1.000000, "Value":97754 }, { "Slot":"Decal1", "Item":"Decal_Explorer_Surveyor", "On":true, "Priority":1, "Health":1.000000, "Value":0 }, { "Slot":"Decal2", "Item":"Decal_Explorer_Surveyor", "On":true, "Priority":1, "Health":1.000000, "Value":0 }, { "Slot":"Decal3", "Item":"Decal_Explorer_Surveyor", "On":true, "Priority":1, "Health":1.000000, "Value":0 }, { "Slot":"Slot01_Size4", "Item":"Int_ShieldGenerator_Size4_Class1", "On":true, "Priority":2, "Health":0.994591, "Value":19878 }, { "Slot":"Slot02_Size4", "Item":"Int_FuelScoop_Size4_Class4", "On":true, "Priority":0, "Health":0.995509, "Value":715591 }, { "Slot":"Slot03_Size3", "Item":"Int_BuggyBay_Size2_Class2", "On":true, "Priority":0, "Health":0.995906, "Value":21600 }, { "Slot":"Slot04_Size3", "Item":"Int_Repairer_Size3_Class2", "On":true, "Priority":0, "AmmoInClip":3200, "Health":0.987025, "Value":97200 }, { "Slot":"Slot05_Size2", "Item":"Int_StellarBodyDiscoveryScanner_Advanced", "On":true, "Priority":1, "Health":0.996946, "Value":1545000 }, { "Slot":"Slot06_Size2", "Item":"Int_DetailedSurfaceScanner_Tiny", "On":true, "Priority":1, "Health":1.000000, "Value":250000 }, { "Slot":"PlanetaryApproachSuite", "Item":"Int_PlanetApproachSuite", "On":true, "Priority":1, "Health":1.000000, "Value":500 }, { "Slot":"ShipCockpit", "Item":"DiamondBackXL_Cockpit", "On":true, "Priority":1, "Health":1.000000, "Value":0 }, { "Slot":"CargoHatch", "Item":"ModularCargoBayDoor", "On":true, "Priority":2, "Health":0.991189, "Value":0 } ] }
{ "timestamp":"2017-10-18T10:45:56Z", "event":"Materials", "Raw":[ { "Name":"carbon", "Count":2 }, { "Name":"iron", "Count":3 } ], "Manufactured":[ { "Name":"mechanicalscrap", "Count":8 }, { "Name":"gridresistors", "Count":3 }, { "Name":"heatdispersionplate", "Count":5 }, { "Name":"salvagedalloys", "Count":6 }, { "Name":"hybridcapacitors", "Count":5 }, { "Name":"heatconductionwiring", "Count":2 } ], "Encoded":[ { "Name":"shieldsoakanalysis", "Count":3 }, { "Name":"disruptedwakeechoes", "Count":5 }, { "Name":"shieldcyclerecordings", "Count":9 }, { "Name":"emissiondata", "Count":3 }, { "Name":"bulkscandata", "Count":9 }, { "Name":"scrambledemissiondata", "Count":7 }, { "Name":"archivedemissiondata", "Count":3 }, { "Name":"shielddensityreports", "Count":9 }, { "Name":"legacyfirmware", "Count":1 } ] }
{ "timestamp":"2017-10-18T10:45:56Z", "event":"LoadGame", "Commander":"Igaguri", "Ship":"DiamondBackXL", "ShipID":2, "ShipName":"KONNYAKU", "ShipIdent":"IG-E01", "FuelLevel":30.439999, "FuelCapacity":32.000000, "GameMode":"Solo", "Credits":726550, "Loan":0 }
{ "timestamp":"2017-10-18T10:45:56Z", "event":"Rank", "Combat":1, "Trade":4, "Explore":4, "Empire":0, "Federation":1, "CQC":0 }
{ "timestamp":"2017-10-18T10:45:56Z", "event":"Progress", "Combat":26, "Trade":1, "Explore":9, "Empire":0, "Federation":100, "CQC":0 }
{ "timestamp":"2017-10-18T10:46:05Z", "event":"Location", "Docked":false, "StarSystem":"Praea Euq QD-R b18-7", "StarPos":[300.719,23.969,628.469], "SystemAllegiance":"", "SystemEconomy":"$economy_None;", "SystemEconomy_Localised":"None", "SystemGovernment":"$government_None;", "SystemGovernment_Localised":"None", "SystemSecurity":"$GAlAXY_MAP_INFO_state_anarchy;", "SystemSecurity_Localised":"Anarchy", "Population":0, "Body":"Praea Euq QD-R b18-7 B", "BodyType":"Star" }
{ "timestamp":"2017-10-18T10:46:05Z", "event":"Music", "MusicTrack":"NoTrack" }
{ "timestamp":"2017-10-18T10:46:05Z", "event":"Music", "MusicTrack":"Exploration" }
{ "timestamp":"2017-10-18T10:46:38Z", "event":"Music", "MusicTrack":"GalaxyMap" }
{ "timestamp":"2017-10-18T10:47:11Z", "event":"Music", "MusicTrack":"Exploration" }
{ "timestamp":"2017-10-18T10:47:14Z", "event":"Music", "MusicTrack":"SystemMap" }
{ "timestamp":"2017-10-18T10:47:16Z", "event":"Music", "MusicTrack":"Exploration" }
{ "timestamp":"2017-10-18T10:47:19Z", "event":"Music", "MusicTrack":"SystemMap" }
{ "timestamp":"2017-10-18T10:47:22Z", "event":"Music", "MusicTrack":"Exploration" }
{ "timestamp":"2017-10-18T10:47:55Z", "event":"StartJump", "JumpType":"Hyperspace", "StarSystem":"Praea Euq VO-I c9-23", "StarClass":"TTS" }
{ "timestamp":"2017-10-18T10:48:00Z", "event":"Music", "MusicTrack":"NoTrack" }
{ "timestamp":"2017-10-18T10:48:13Z", "event":"FSDJump", "StarSystem":"Praea Euq VO-I c9-23", "StarPos":[309.438,35.563,650.156], "SystemAllegiance":"", "SystemEconomy":"$economy_None;", "SystemEconomy_Localised":"None", "SystemGovernment":"$government_None;", "SystemGovernment_Localised":"None", "SystemSecurity":"$GAlAXY_MAP_INFO_state_anarchy;", "SystemSecurity_Localised":"Anarchy", "Population":0, "JumpDist":26.092, "FuelUsed":4.019417, "FuelLevel":26.420582 }
{ "timestamp":"2017-10-18T10:48:14Z", "event":"Music", "MusicTrack":"Supercruise" }
{ "timestamp":"2017-10-18T10:48:40Z", "event":"Music", "MusicTrack":"SystemMap" }
{ "timestamp":"2017-10-18T10:48:45Z", "event":"Music", "MusicTrack":"Supercruise" }
{ "timestamp":"2017-10-18T10:48:48Z", "event":"Music", "MusicTrack":"SystemMap" }
{ "timestamp":"2017-10-18T10:48:51Z", "event":"Music", "MusicTrack":"Supercruise" }
{ "timestamp":"2017-10-18T10:48:51Z", "event":"Scan", "BodyName":"Praea Euq VO-I c9-23 A", "DistanceFromArrivalLS":0.000000, "StarType":"TTS", "StellarMass":0.660156, "Radius":583750464.000000, "AbsoluteMagnitude":7.234467, "Age_MY":104, "SurfaceTemperature":3626.000000, "Luminosity":"Va", "SemiMajorAxis":2036167344128.000000, "Eccentricity":0.214051, "OrbitalInclination":15.329880, "Periapsis":255.712524, "OrbitalPeriod":3746011648.000000, "RotationPeriod":262602.281250, "AxialTilt":0.000000 }
{ "timestamp":"2017-10-18T10:48:53Z", "event":"Music", "MusicTrack":"SystemMap" }
{ "timestamp":"2017-10-18T10:48:55Z", "event":"Music", "MusicTrack":"Supercruise" }
{ "timestamp":"2017-10-18T10:49:32Z", "event":"Music", "MusicTrack":"SystemMap" }
{ "timestamp":"2017-10-18T10:49:32Z", "event":"Music", "MusicTrack":"Supercruise" }
{ "timestamp":"2017-10-18T10:49:34Z", "event":"Music", "MusicTrack":"GalaxyMap" }
{ "timestamp":"2017-10-18T10:49:39Z", "event":"Music", "MusicTrack":"Supercruise" }
{ "timestamp":"2017-10-18T10:49:43Z", "event":"StartJump", "JumpType":"Hyperspace", "StarSystem":"Praea Euq CW-L b21-5", "StarClass":"M" }
{ "timestamp":"2017-10-18T10:49:48Z", "event":"Music", "MusicTrack":"NoTrack" }
{ "timestamp":"2017-10-18T10:50:01Z", "event":"FSDJump", "StarSystem":"Praea Euq CW-L b21-5", "StarPos":[308.844,33.563,676.031], "SystemAllegiance":"", "SystemEconomy":"$economy_None;", "SystemEconomy_Localised":"None", "SystemGovernment":"$government_None;", "SystemGovernment_Localised":"None", "SystemSecurity":"$GAlAXY_MAP_INFO_state_anarchy;", "SystemSecurity_Localised":"Anarchy", "Population":0, "JumpDist":25.959, "FuelUsed":3.869406, "FuelLevel":22.551176 }
{ "timestamp":"2017-10-18T10:50:02Z", "event":"Music", "MusicTrack":"Supercruise" }
{ "timestamp":"2017-10-18T10:50:30Z", "event":"FuelScoop", "Scooped":5.001819, "Total":27.552998 }
{ "timestamp":"2017-10-18T10:50:46Z", "event":"FuelScoop", "Scooped":4.446999, "Total":32.000000 }
{ "timestamp":"2017-10-18T10:51:09Z", "event":"Music", "MusicTrack":"SystemMap" }
{ "timestamp":"2017-10-18T10:51:10Z", "event":"Music", "MusicTrack":"Supercruise" }
{ "timestamp":"2017-10-18T10:51:20Z", "event":"Scan", "BodyName":"Praea Euq CW-L b21-5", "DistanceFromArrivalLS":0.000000, "StarType":"M", "StellarMass":0.230469, "Radius":301967712.000000, "AbsoluteMagnitude":10.958847, "Age_MY":670, "SurfaceTemperature":2139.000000, "Luminosity":"VI", "RotationPeriod":137664.562500, "AxialTilt":0.000000 }
{ "timestamp":"2017-10-18T10:51:53Z", "event":"StartJump", "JumpType":"Hyperspace", "StarSystem":"Praea Euq FH-K b22-1", "StarClass":"M" }
{ "timestamp":"2017-10-18T10:51:56Z", "event":"FuelScoop", "Scooped":0.224293, "Total":28.168749 }
{ "timestamp":"2017-10-18T10:51:58Z", "event":"Music", "MusicTrack":"NoTrack" }
{ "timestamp":"2017-10-18T10:52:11Z", "event":"FSDJump", "StarSystem":"Praea Euq FH-K b22-1", "StarPos":[320.656,37.750,698.906], "SystemAllegiance":"", "SystemEconomy":"$economy_None;", "SystemEconomy_Localised":"None", "SystemGovernment":"$government_None;", "SystemGovernment_Localised":"None", "SystemSecurity":"$GAlAXY_MAP_INFO_state_anarchy;", "SystemSecurity_Localised":"Anarchy", "Population":0, "JumpDist":26.083, "FuelUsed":4.055529, "FuelLevel":28.168749 }
{ "timestamp":"2017-10-18T10:52:12Z", "event":"Music", "MusicTrack":"Supercruise" }
{ "timestamp":"2017-10-18T10:52:34Z", "event":"FuelScoop", "Scooped":3.831275, "Total":32.000000 }
{ "timestamp":"2017-10-18T10:52:39Z", "event":"Music", "MusicTrack":"SystemMap" }
{ "timestamp":"2017-10-18T10:52:40Z", "event":"Music", "MusicTrack":"Supercruise" }
{ "timestamp":"2017-10-18T10:53:15Z", "event":"Scan", "BodyName":"Praea Euq FH-K b22-1 A", "DistanceFromArrivalLS":0.000000, "StarType":"M", "StellarMass":0.343750, "Radius":321622048.000000, "AbsoluteMagnitude":9.247986, "Age_MY":1422, "SurfaceTemperature":3073.000000, "Luminosity":"Va", "SemiMajorAxis":3698825728.000000, "Eccentricity":0.162359, "OrbitalInclination":22.422907, "Periapsis":274.371613, "OrbitalPeriod":499530.500000, "RotationPeriod":191657.125000, "AxialTilt":0.000000 }
{ "timestamp":"2017-10-18T10:53:23Z", "event":"Music", "MusicTrack":"SystemMap" }
{ "timestamp":"2017-10-18T10:53:23Z", "event":"Music", "MusicTrack":"Supercruise" }
{ "timestamp":"2017-10-18T10:53:27Z", "event":"Music", "MusicTrack":"SystemMap" }
{ "timestamp":"2017-10-18T10:53:31Z", "event":"Music", "MusicTrack":"Supercruise" }
{ "timestamp":"2017-10-18T10:53:40Z", "event":"Scan", "BodyName":"Praea Euq FH-K b22-1 B", "DistanceFromArrivalLS":23.433254, "StarType":"M", "StellarMass":0.289063, "Radius":305321280.000000, "AbsoluteMagnitude":10.063721, "Age_MY":1422, "SurfaceTemperature":2614.000000, "Luminosity":"Va", "SemiMajorAxis":4398603776.000000, "Eccentricity":0.162359, "OrbitalInclination":22.422907, "Periapsis":94.371605, "OrbitalPeriod":499530.500000, "RotationPeriod":162692.312500, "AxialTilt":0.000000 }
{ "timestamp":"2017-10-18T10:57:31Z", "event":"Scan", "BodyName":"Praea Euq FH-K b22-1 C", "DistanceFromArrivalLS":14271.123047, "StarType":"L", "StellarMass":0.128906, "Radius":196267344.000000, "AbsoluteMagnitude":12.814026, "Age_MY":1422, "SurfaceTemperature":1731.000000, "Luminosity":"V", "SemiMajorAxis":3350508863488.000000, "Eccentricity":0.358251, "OrbitalInclination":-22.278946, "Periapsis":196.818420, "OrbitalPeriod":5060891648.000000, "RotationPeriod":74392.015625, "AxialTilt":0.000000 }
{ "timestamp":"2017-10-18T10:57:39Z", "event":"Music", "MusicTrack":"SystemMap" }
{ "timestamp":"2017-10-18T10:57:40Z", "event":"Music", "MusicTrack":"Supercruise" }
{ "timestamp":"2017-10-18T10:57:41Z", "event":"Music", "MusicTrack":"GalaxyMap" }
{ "timestamp":"2017-10-18T10:59:49Z", "event":"Music", "MusicTrack":"Supercruise" }
{ "timestamp":"2017-10-18T11:00:08Z", "event":"StartJump", "JumpType":"Hyperspace", "StarSystem":"Praea Euq HS-I b23-4", "StarClass":"M" }
{ "timestamp":"2017-10-18T11:00:13Z", "event":"Music", "MusicTrack":"NoTrack" }
{ "timestamp":"2017-10-18T11:00:27Z", "event":"FSDJump", "StarSystem":"Praea Euq HS-I b23-4", "StarPos":[330.625,55.563,715.250], "SystemAllegiance":"", "SystemEconomy":"$economy_None;", "SystemEconomy_Localised":"None", "SystemGovernment":"$government_None;", "SystemGovernment_Localised":"None", "SystemSecurity":"$GAlAXY_MAP_INFO_state_anarchy;", "SystemSecurity_Localised":"Anarchy", "Population":0, "JumpDist":26.149, "FuelUsed":4.067740, "FuelLevel":27.412260 }
{ "timestamp":"2017-10-18T11:00:27Z", "event":"Music", "MusicTrack":"Supercruise" }
{ "timestamp":"2017-10-18T11:00:54Z", "event":"FuelScoop", "Scooped":4.587748, "Total":32.000000 }
{ "timestamp":"2017-10-18T11:01:15Z", "event":"Music", "MusicTrack":"SystemMap" }
{ "timestamp":"2017-10-18T11:01:16Z", "event":"Music", "MusicTrack":"Supercruise" }
{ "timestamp":"2017-10-18T11:01:25Z", "event":"Scan", "BodyName":"Praea Euq HS-I b23-4 A", "DistanceFromArrivalLS":0.000000, "StarType":"M", "StellarMass":0.398438, "Radius":417813632.000000, "AbsoluteMagnitude":8.743759, "Age_MY":10548, "SurfaceTemperature":3028.000000, "Luminosity":"Va", "SemiMajorAxis":1909855879168.000000, "Eccentricity":0.096001, "OrbitalInclination":-42.996853, "Periapsis":272.680939, "OrbitalPeriod":18500958208.000000, "RotationPeriod":192615.703125, "AxialTilt":0.000000 }
{ "timestamp":"2017-10-18T11:01:32Z", "event":"Music", "MusicTrack":"SystemMap" }
{ "timestamp":"2017-10-18T11:01:35Z", "event":"Music", "MusicTrack":"Supercruise" }
{ "timestamp":"2017-10-18T11:02:06Z", "event":"StartJump", "JumpType":"Hyperspace", "StarSystem":"Praea Euq MY-G b24-7", "StarClass":"TTS" }
{ "timestamp":"2017-10-18T11:02:11Z", "event":"Music", "MusicTrack":"NoTrack" }
{ "timestamp":"2017-10-18T11:02:25Z", "event":"FSDJump", "StarSystem":"Praea Euq MY-G b24-7", "StarPos":[339.625,64.219,737.813], "SystemAllegiance":"", "SystemEconomy":"$economy_None;", "SystemEconomy_Localised":"None", "SystemGovernment":"$government_None;", "SystemGovernment_Localised":"None", "SystemSecurity":"$GAlAXY_MAP_INFO_state_anarchy;", "SystemSecurity_Localised":"Anarchy", "Population":0, "JumpDist":25.788, "FuelUsed":3.944190, "FuelLevel":28.055809 }
{ "timestamp":"2017-10-18T11:02:25Z", "event":"Music", "MusicTrack":"Supercruise" }
{ "timestamp":"2017-10-18T11:02:45Z", "event":"Music", "MusicTrack":"SystemMap" }
{ "timestamp":"2017-10-18T11:02:57Z", "event":"Music", "MusicTrack":"Supercruise" }
{ "timestamp":"2017-10-18T11:03:00Z", "event":"Music", "MusicTrack":"SystemMap" }
{ "timestamp":"2017-10-18T11:03:05Z", "event":"Music", "MusicTrack":"Supercruise" }
{ "timestamp":"2017-10-18T11:03:33Z", "event":"Scan", "BodyName":"Praea Euq MY-G b24-7 AB 1", "DistanceFromArrivalLS":549.455444, "TidalLock":false, "TerraformState":"", "PlanetClass":"Sudarsky class III gas giant", "Atmosphere":"", "AtmosphereComposition":[ { "Name":"Hydrogen", "Percent":73.815323 }, { "Name":"Helium", "Percent":26.184687 } ], "Volcanism":"", "MassEM":1756.190063, "Radius":74615976.000000, "SurfaceGravity":125.723755, "SurfaceTemperature":457.665894, "SurfacePressure":0.000000, "Landable":false, "SemiMajorAxis":204652150784.000000, "Eccentricity":0.010000, "OrbitalInclination":-0.045003, "Periapsis":172.142197, "OrbitalPeriod":56091640.000000, "RotationPeriod":67352.156250, "AxialTilt":-2.413818, "Rings":[ { "Name":"Praea Euq MY-G b24-7 AB 1 A Ring", "RingClass":"eRingClass_Rocky", "MassMT":4.3751e+12, "InnerRad":1.2312e+08, "OuterRad":4.4142e+08 } ], "ReserveLevel":"PristineResources" }
{ "timestamp":"2017-10-18T11:03:56Z", "event":"Scan", "BodyName":"Praea Euq MY-G b24-7 A", "DistanceFromArrivalLS":0.000000, "StarType":"TTS", "StellarMass":0.417969, "Radius":429551040.000000, "AbsoluteMagnitude":8.135757, "Age_MY":208, "SurfaceTemperature":3435.000000, "Luminosity":"Va", "SemiMajorAxis":45673467904.000000, "Eccentricity":0.153818, "OrbitalInclination":-54.341434, "Periapsis":98.589409, "OrbitalPeriod":17997372.000000, "RotationPeriod":215623.843750, "AxialTilt":0.000000, "Rings":[ { "Name":"Praea Euq MY-G b24-7 A A Belt", "RingClass":"eRingClass_MetalRich", "MassMT":1.8909e+13, "InnerRad":6.787e+08, "OuterRad":1.8042e+09 } ] }
{ "timestamp":"2017-10-18T11:04:23Z", "event":"Music", "MusicTrack":"SystemMap" }
{ "timestamp":"2017-10-18T11:04:39Z", "event":"Music", "MusicTrack":"Supercruise" }
{ "timestamp":"2017-10-18T11:06:20Z", "event":"Scan", "BodyName":"Praea Euq MY-G b24-7 AB 2", "DistanceFromArrivalLS":1574.114502, "TidalLock":false, "TerraformState":"", "PlanetClass":"Sudarsky class III gas giant", "Atmosphere":"", "AtmosphereComposition":[ { "Name":"Hydrogen", "Percent":73.815323 }, { "Name":"Helium", "Percent":26.184687 } ], "Volcanism":"", "MassEM":1265.259766, "Radius":76594880.000000, "SurfaceGravity":85.958656, "SurfaceTemperature":305.749939, "SurfacePressure":0.000000, "Landable":false, "SemiMajorAxis":760160448.000000, "Eccentricity":0.003423, "OrbitalInclination":7.475341, "Periapsis":125.724632, "OrbitalPeriod":28866176.000000, "RotationPeriod":140500.062500, "AxialTilt":-1.127928 }
