{ "timestamp":"2017-10-30T12:12:50Z", "event":"Fileheader", "part":1, "language":"English\\UK", "gameversion":"2.4", "build":"r156431/r0 " }
{ "timestamp":"2017-10-30T12:12:50Z", "event":"Music", "MusicTrack":"NoTrack" }
{ "timestamp":"2017-10-30T12:12:50Z", "event":"Music", "MusicTrack":"MainMenu" }
{ "timestamp":"2017-10-30T12:13:29Z", "event":"Friends", "Status":"Online", "Name":"Qube_nico" }
{ "timestamp":"2017-10-30T12:13:29Z", "event":"Friends", "Status":"Online", "Name":"KANPANI" }
{ "timestamp":"2017-10-30T12:15:08Z", "event":"Friends", "Status":"Online", "Name":"Qube_nico" }
{ "timestamp":"2017-10-30T12:15:08Z", "event":"Friends", "Status":"Online", "Name":"KANPANI" }
{ "timestamp":"2017-10-30T12:15:08Z", "event":"Friends", "Status":"Online", "Name":"Mitsumete Knight" }
{ "timestamp":"2017-10-30T12:16:02Z", "event":"Friends", "Status":"Offline", "Name":"Mitsumete Knight" }
{ "timestamp":"2017-10-30T12:19:03Z", "event":"Friends", "Status":"Added", "Name":"Sylphinix" }
{ "timestamp":"2017-10-30T12:23:11Z", "event":"Friends", "Status":"Online", "Name":"Mitsumete Knight" }
{ "timestamp":"2017-10-30T12:25:15Z", "event":"Cargo", "Inventory":[  ] }
{ "timestamp":"2017-10-30T12:25:15Z", "event":"Loadout", "Ship":"DiamondBackXL", "ShipID":2, "ShipName":"KONNYAKU", "ShipIdent":"IG-E01", "Modules":[ { "Slot":"LargeHardpoint1", "Item":"Hpt_PulseLaser_Gimbal_Large", "On":true, "Priority":2, "Health":0.958757, "Value":140600 }, { "Slot":"MediumHardpoint2", "Item":"Hpt_MiningLaser_Fixed_Small", "On":true, "Priority":1, "Health":0.958027, "Value":6800 }, { "Slot":"TinyHardpoint1", "Item":"Hpt_HeatSinkLauncher_Turret_Tiny", "On":true, "Priority":0, "AmmoInClip":1, "AmmoInHopper":2, "Health":0.960621, "Value":3500 }, { "Slot":"TinyHardpoint2", "Item":"Hpt_HeatSinkLauncher_Turret_Tiny", "On":true, "Priority":0, "AmmoInClip":1, "AmmoInHopper":2, "Health":0.956778, "Value":3500 }, { "Slot":"TinyHardpoint4", "Item":"Hpt_ChaffLauncher_Tiny", "On":true, "Priority":1, "AmmoInClip":1, "AmmoInHopper":10, "Health":0.922629, "Value":8500 }, { "Slot":"Armour", "Item":"DiamondBackXL_Armour_Grade1", "On":true, "Priority":1, "Health":1.000000, "Value":0 }, { "Slot":"PowerPlant", "Item":"Int_Powerplant_Size4_Class4", "On":true, "Priority":1, "Health":0.972401, "Value":536693 }, { "Slot":"MainEngines", "Item":"Int_Engine_Size4_Class4", "On":true, "Priority":0, "Health":0.983037, "Value":536693 }, { "Slot":"FrameShiftDrive", "Item":"Int_Hyperdrive_Size5_Class4", "On":true, "Priority":0, "Health":0.956195, "Value":1701318 }, { "Slot":"LifeSupport", "Item":"Int_LifeSupport_Size3_Class2", "On":true, "Priority":0, "Health":0.949443, "Value":10133 }, { "Slot":"PowerDistributor", "Item":"Int_PowerDistributor_Size4_Class2", "On":true, "Priority":0, "Health":1.000000, "Value":28373 }, { "Slot":"Radar", "Item":"Int_Sensors_Size3_Class2", "On":true, "Priority":3, "Health":0.974832, "Value":10133 }, { "Slot":"FuelTank", "Item":"Int_FuelTank_Size5_Class3", "On":true, "Priority":1, "Health":1.000000, "Value":97754 }, { "Slot":"Decal1", "Item":"Decal_Explorer_Surveyor", "On":true, "Priority":1, "Health":1.000000, "Value":0 }, { "Slot":"Decal2", "Item":"Decal_Explorer_Surveyor", "On":true, "Priority":1, "Health":1.000000, "Value":0 }, { "Slot":"Decal3", "Item":"Decal_Explorer_Surveyor", "On":true, "Priority":1, "Health":1.000000, "Value":0 }, { "Slot":"Slot01_Size4", "Item":"Int_ShieldGenerator_Size4_Class1", "On":true, "Priority":1, "Health":1.000000, "Value":19878 }, { "Slot":"Slot02_Size4", "Item":"Int_FuelScoop_Size4_Class4", "On":true, "Priority":3, "Health":0.960042, "Value":715591 }, { "Slot":"Slot03_Size3", "Item":"Int_BuggyBay_Size2_Class2", "On":true, "Priority":0, "Health":0.981141, "Value":21600 }, { "Slot":"Slot04_Size3", "Item":"Int_Repairer_Size3_Class2", "On":true, "Priority":0, "AmmoInClip":2179, "Health":0.939137, "Value":97200 }, { "Slot":"Slot05_Size2", "Item":"Int_StellarBodyDiscoveryScanner_Advanced", "On":true, "Priority":1, "Health":0.975861, "Value":1545000 }, { "Slot":"Slot06_Size2", "Item":"Int_DetailedSurfaceScanner_Tiny", "On":true, "Priority":1, "Health":1.000000, "Value":250000 }, { "Slot":"PlanetaryApproachSuite", "Item":"Int_PlanetApproachSuite", "On":true, "Priority":1, "Health":1.000000, "Value":500 }, { "Slot":"ShipCockpit", "Item":"DiamondBackXL_Cockpit", "On":true, "Priority":1, "Health":1.000000, "Value":0 }, { "Slot":"CargoHatch", "Item":"ModularCargoBayDoor", "On":true, "Priority":2, "Health":0.951189, "Value":0 } ] }
{ "timestamp":"2017-10-30T12:25:15Z", "event":"Materials", "Raw":[ { "Name":"carbon", "Count":2 }, { "Name":"iron", "Count":18 }, { "Name":"chromium", "Count":12 }, { "Name":"nickel", "Count":3 }, { "Name":"manganese", "Count":6 }, { "Name":"vanadium", "Count":3 } ], "Manufactured":[ { "Name":"mechanicalscrap", "Count":8 }, { "Name":"gridresistors", "Count":3 }, { "Name":"heatdispersionplate", "Count":5 }, { "Name":"salvagedalloys", "Count":6 }, { "Name":"hybridcapacitors", "Count":5 }, { "Name":"heatconductionwiring", "Count":2 } ], "Encoded":[ { "Name":"shieldsoakanalysis", "Count":3 }, { "Name":"disruptedwakeechoes", "Count":5 }, { "Name":"shieldcyclerecordings", "Count":9 }, { "Name":"emissiondata", "Count":3 }, { "Name":"bulkscandata", "Count":9 }, { "Name":"scrambledemissiondata", "Count":7 }, { "Name":"archivedemissiondata", "Count":3 }, { "Name":"shielddensityreports", "Count":9 }, { "Name":"legacyfirmware", "Count":1 } ] }
{ "timestamp":"2017-10-30T12:25:15Z", "event":"LoadGame", "Commander":"Igaguri", "Ship":"DiamondBackXL", "ShipID":2, "ShipName":"KONNYAKU", "ShipIdent":"IG-E01", "FuelLevel":26.627274, "FuelCapacity":32.000000, "GameMode":"Open", "Credits":726550, "Loan":0 }
{ "timestamp":"2017-10-30T12:25:15Z", "event":"Rank", "Combat":1, "Trade":4, "Explore":4, "Empire":0, "Federation":1, "CQC":0 }
{ "timestamp":"2017-10-30T12:25:15Z", "event":"Progress", "Combat":26, "Trade":1, "Explore":10, "Empire":0, "Federation":100, "CQC":0 }
{ "timestamp":"2017-10-30T12:25:29Z", "event":"Location", "Docked":false, "StarSystem":"Thaileia ME-E d13-67", "StarPos":[941.531,-54.938,5211.094], "SystemAllegiance":"", "SystemEconomy":"$economy_None;", "SystemEconomy_Localised":"None", "SystemGovernment":"$government_None;", "SystemGovernment_Localised":"None", "SystemSecurity":"$GAlAXY_MAP_INFO_state_anarchy;", "SystemSecurity_Localised":"Anarchy", "Population":0, "Body":"Thaileia ME-E d13-67 A 5", "BodyType":"Planet" }
{ "timestamp":"2017-10-30T12:25:30Z", "event":"Music", "MusicTrack":"NoTrack" }
{ "timestamp":"2017-10-30T12:25:30Z", "event":"Music", "MusicTrack":"Exploration" }
{ "timestamp":"2017-10-30T12:27:12Z", "event":"Music", "MusicTrack":"SystemMap" }
{ "timestamp":"2017-10-30T12:27:18Z", "event":"Music", "MusicTrack":"Exploration" }
{ "timestamp":"2017-10-30T12:27:27Z", "event":"StartJump", "JumpType":"Supercruise" }
{ "timestamp":"2017-10-30T12:27:32Z", "event":"SupercruiseEntry", "StarSystem":"Thaileia ME-E d13-67" }
{ "timestamp":"2017-10-30T12:27:32Z", "event":"Music", "MusicTrack":"Supercruise" }
{ "timestamp":"2017-10-30T12:27:37Z", "event":"Music", "MusicTrack":"SystemMap" }
{ "timestamp":"2017-10-30T12:27:39Z", "event":"Music", "MusicTrack":"Supercruise" }
{ "timestamp":"2017-10-30T12:33:01Z", "event":"Music", "MusicTrack":"SystemMap" }
{ "timestamp":"2017-10-30T12:33:02Z", "event":"Music", "MusicTrack":"Supercruise" }
{ "timestamp":"2017-10-30T12:33:43Z", "event":"Music", "MusicTrack":"SystemMap" }
{ "timestamp":"2017-10-30T12:33:47Z", "event":"Music", "MusicTrack":"Supercruise" }
{ "timestamp":"2017-10-30T12:34:59Z", "event":"Scan", "BodyName":"Thaileia ME-E d13-67 B", "DistanceFromArrivalLS":60460.683594, "StarType":"K", "StellarMass":0.644531, "Radius":495518240.000000, "AbsoluteMagnitude":6.489380, "Age_MY":2210, "SurfaceTemperature":4672.000000, "Luminosity":"Vab", "SemiMajorAxis":10364456534016.000000, "Eccentricity":0.228906, "OrbitalInclination":-49.340099, "Periapsis":189.314575, "OrbitalPeriod":20980443136.000000, "RotationPeriod":212290.109375, "AxialTilt":0.000000 }
{ "timestamp":"2017-10-30T12:35:01Z", "event":"Music", "MusicTrack":"SystemMap" }
{ "timestamp":"2017-10-30T12:35:04Z", "event":"Music", "MusicTrack":"Supercruise" }
{ "timestamp":"2017-10-30T12:36:36Z", "event":"Music", "MusicTrack":"SystemMap" }
{ "timestamp":"2017-10-30T12:36:39Z", "event":"Music", "MusicTrack":"Supercruise" }
{ "timestamp":"2017-10-30T12:38:00Z", "event":"FuelScoop", "Scooped":5.001450, "Total":31.628733 }
{ "timestamp":"2017-10-30T12:38:01Z", "event":"FuelScoop", "Scooped":0.371275, "Total":32.000000 }
{ "timestamp":"2017-10-30T12:38:03Z", "event":"Music", "MusicTrack":"SystemMap" }
{ "timestamp":"2017-10-30T12:38:06Z", "event":"Music", "MusicTrack":"Supercruise" }
{ "timestamp":"2017-10-30T12:39:11Z", "event":"Scan", "BodyName":"Thaileia ME-E d13-67 B 2", "DistanceFromArrivalLS":60860.449219, "TidalLock":false, "TerraformState":"Terraformable", "PlanetClass":"Water world", "Atmosphere":"nitrogen atmosphere", "AtmosphereType":"Nitrogen", "AtmosphereComposition":[ { "Name":"Nitrogen", "Percent":79.846603 }, { "Name":"Oxygen", "Percent":17.253529 }, { "Name":"CarbonDioxide", "Percent":2.579417 } ], "Volcanism":"", "MassEM":0.413762, "Radius":4653265.000000, "SurfaceGravity":7.616313, "SurfaceTemperature":297.570374, "SurfacePressure":61904.050781, "Landable":false, "SemiMajorAxis":120118181888.000000, "Eccentricity":0.000220, "OrbitalInclination":-0.040122, "Periapsis":156.531723, "OrbitalPeriod":28278752.000000, "RotationPeriod":47428.113281, "AxialTilt":0.247879 }
{ "timestamp":"2017-10-30T12:39:12Z", "event":"Music", "MusicTrack":"SystemMap" }
{ "timestamp":"2017-10-30T12:39:18Z", "event":"Music", "MusicTrack":"Supercruise" }
{ "timestamp":"2017-10-30T12:41:01Z", "event":"Scan", "BodyName":"Thaileia ME-E d13-67 B 1", "DistanceFromArrivalLS":60178.589844, "TidalLock":false, "TerraformState":"Terraformable", "PlanetClass":"High metal content body", "Atmosphere":"hot thick carbon dioxide atmosphere", "AtmosphereType":"CarbonDioxide", "AtmosphereComposition":[ { "Name":"CarbonDioxide", "Percent":99.007225 }, { "Name":"SulphurDioxide", "Percent":0.990072 } ], "Volcanism":"major rocky magma volcanism", "MassEM":0.766915, "Radius":5591845.500000, "SurfaceGravity":9.775668, "SurfaceTemperature":780.920776, "SurfacePressure":13499445.000000, "Landable":false, "SemiMajorAxis":85748400128.000000, "Eccentricity":0.001218, "OrbitalInclination":-0.034859, "Periapsis":87.184570, "OrbitalPeriod":17056354.000000, "RotationPeriod":80145.757813, "AxialTilt":3.001690 }
{ "timestamp":"2017-10-30T12:41:30Z", "event":"Music", "MusicTrack":"SystemMap" }
{ "timestamp":"2017-10-30T12:41:33Z", "event":"Music", "MusicTrack":"Supercruise" }
{ "timestamp":"2017-10-30T12:41:43Z", "event":"Scan", "BodyName":"Thaileia ME-E d13-67 B 1 a", "DistanceFromArrivalLS":60179.328125, "TidalLock":true, "TerraformState":"", "PlanetClass":"Rocky body", "Atmosphere":"hot water atmosphere", "AtmosphereType":"Water", "AtmosphereComposition":[ { "Name":"Water", "Percent":99.995819 } ], "Volcanism":"", "MassEM":0.064891, "Radius":2727302.500000, "SurfaceGravity":3.477168, "SurfaceTemperature":666.799561, "SurfacePressure":413255.437500, "Landable":false, "SemiMajorAxis":241391168.000000, "Eccentricity":0.000000, "OrbitalInclination":-17.592041, "Periapsis":135.566040, "OrbitalPeriod":1294170.875000, "RotationPeriod":1347811.000000, "AxialTilt":-0.217745 }
{ "timestamp":"2017-10-30T12:42:18Z", "event":"Music", "MusicTrack":"SystemMap" }
{ "timestamp":"2017-10-30T12:42:22Z", "event":"Music", "MusicTrack":"Supercruise" }
{ "timestamp":"2017-10-30T12:44:22Z", "event":"Scan", "BodyName":"Thaileia ME-E d13-67 B 3", "DistanceFromArrivalLS":60104.453125, "TidalLock":false, "TerraformState":"", "PlanetClass":"High metal content body", "Atmosphere":"carbon dioxide rich atmosphere", "AtmosphereType":"CarbonDioxideRich", "AtmosphereComposition":[ { "Name":"Nitrogen", "Percent":99.304070 }, { "Name":"CarbonDioxide", "Percent":0.681093 } ], "Volcanism":"", "MassEM":0.395744, "Radius":4589742.000000, "SurfaceGravity":7.487686, "SurfaceTemperature":232.704834, "SurfacePressure":269495.906250, "Landable":false, "SemiMajorAxis":173119471616.000000, "Eccentricity":0.000061, "OrbitalInclination":-0.074243, "Periapsis":170.230774, "OrbitalPeriod":48928968.000000, "RotationPeriod":137789.609375, "AxialTilt":-0.366349 }
{ "timestamp":"2017-10-30T12:44:30Z", "event":"Music", "MusicTrack":"GalaxyMap" }
{ "timestamp":"2017-10-30T12:44:34Z", "event":"Music", "MusicTrack":"Supercruise" }
{ "timestamp":"2017-10-30T12:44:55Z", "event":"StartJump", "JumpType":"Hyperspace", "StarSystem":"Thaileia ME-E d13-71", "StarClass":"F" }
{ "timestamp":"2017-10-30T12:45:00Z", "event":"Music", "MusicTrack":"NoTrack" }
{ "timestamp":"2017-10-30T12:45:13Z", "event":"FSDJump", "StarSystem":"Thaileia ME-E d13-71", "StarPos":[940.563,-35.219,5223.156], "SystemAllegiance":"", "SystemEconomy":"$economy_None;", "SystemEconomy_Localised":"None", "SystemGovernment":"$government_None;", "SystemGovernment_Localised":"None", "SystemSecurity":"$GAlAXY_MAP_INFO_state_anarchy;", "SystemSecurity_Localised":"Anarchy", "Population":0, "JumpDist":23.136, "FuelUsed":3.013592, "FuelLevel":28.466408 }
{ "timestamp":"2017-10-30T12:45:13Z", "event":"Music", "MusicTrack":"Supercruise" }
{ "timestamp":"2017-10-30T12:45:42Z", "event":"Scan", "BodyName":"Thaileia ME-E d13-71 A", "DistanceFromArrivalLS":0.000000, "StarType":"F", "StellarMass":1.300781, "Radius":804532608.000000, "AbsoluteMagnitude":3.767426, "Age_MY":2160, "SurfaceTemperature":6861.000000, "Luminosity":"Vb", "SemiMajorAxis":20017838030848.000000, "Eccentricity":0.339956, "OrbitalInclination":37.295650, "Periapsis":250.907913, "OrbitalPeriod":223115657216.000000, "RotationPeriod":174626.218750, "AxialTilt":0.000000 }
{ "timestamp":"2017-10-30T12:46:55Z", "event":"Music", "MusicTrack":"SystemMap" }
{ "timestamp":"2017-10-30T12:47:05Z", "event":"Music", "MusicTrack":"Supercruise" }
{ "timestamp":"2017-10-30T12:47:08Z", "event":"Music", "MusicTrack":"SystemMap" }
{ "timestamp":"2017-10-30T12:47:10Z", "event":"Music", "MusicTrack":"Supercruise" }
{ "timestamp":"2017-10-30T12:47:32Z", "event":"FuelScoop", "Scooped":3.533615, "Total":32.000000 }
{ "timestamp":"2017-10-30T12:49:45Z", "event":"StartJump", "JumpType":"Hyperspace", "StarSystem":"Thaileia ME-E d13-63", "StarClass":"G" }
{ "timestamp":"2017-10-30T12:49:50Z", "event":"Music", "MusicTrack":"NoTrack" }
{ "timestamp":"2017-10-30T12:50:04Z", "event":"FSDJump", "StarSystem":"Thaileia ME-E d13-63", "StarPos":[933.188,-28.188,5245.438], "SystemAllegiance":"", "SystemEconomy":"$economy_None;", "SystemEconomy_Localised":"None", "SystemGovernment":"$government_None;", "SystemGovernment_Localised":"None", "SystemSecurity":"$GAlAXY_MAP_INFO_state_anarchy;", "SystemSecurity_Localised":"Anarchy", "Population":0, "JumpDist":24.501, "FuelUsed":3.479083, "FuelLevel":28.520918 }
{ "timestamp":"2017-10-30T12:50:04Z", "event":"Music", "MusicTrack":"Supercruise" }
{ "timestamp":"2017-10-30T12:50:13Z", "event":"Music", "MusicTrack":"SystemMap" }
{ "timestamp":"2017-10-30T12:50:19Z", "event":"Music", "MusicTrack":"Supercruise" }
{ "timestamp":"2017-10-30T12:50:36Z", "event":"Scan", "BodyName":"Thaileia ME-E d13-63 A", "DistanceFromArrivalLS":0.000000, "StarType":"G", "StellarMass":0.917969, "Radius":607755904.000000, "AbsoluteMagnitude":5.236450, "Age_MY":1478, "SurfaceTemperature":5629.000000, "Luminosity":"Vab", "SemiMajorAxis":1833413246976.000000, "Eccentricity":0.221801, "OrbitalInclination":24.232204, "Periapsis":221.051941, "OrbitalPeriod":2838170112.000000, "RotationPeriod":339298.656250, "AxialTilt":0.000000 }
{ "timestamp":"2017-10-30T12:54:06Z", "event":"Music", "MusicTrack":"SystemMap" }
{ "timestamp":"2017-10-30T12:54:08Z", "event":"Music", "MusicTrack":"Supercruise" }
{ "timestamp":"2017-10-30T12:54:25Z", "event":"FuelScoop", "Scooped":3.479079, "Total":32.000000 }
{ "timestamp":"2017-10-30T12:54:27Z", "event":"Music", "MusicTrack":"SystemMap" }
{ "timestamp":"2017-10-30T12:54:29Z", "event":"Music", "MusicTrack":"Supercruise" }
