{ "timestamp":"2017-10-08T00:54:24Z", "event":"Fileheader", "part":1, "language":"English\\UK", "gameversion":"2.4", "build":"r155756/r0 " }
{ "timestamp":"2017-10-08T00:54:24Z", "event":"Music", "MusicTrack":"NoTrack" }
{ "timestamp":"2017-10-08T00:54:24Z", "event":"Music", "MusicTrack":"MainMenu" }
{ "timestamp":"2017-10-08T00:55:40Z", "event":"Cargo", "Inventory":[  ] }
{ "timestamp":"2017-10-08T00:55:40Z", "event":"Loadout", "Ship":"CobraMkIII", "ShipID":1, "ShipName":"Kamaboko", "ShipIdent":"IG-C03", "Modules":[ { "Slot":"MediumHardpoint1", "Item":"Hpt_BeamLaser_Gimbal_Medium", "On":true, "Priority":0, "Health":1.000000, "Value":500600 }, { "Slot":"MediumHardpoint2", "Item":"Hpt_BeamLaser_Gimbal_Medium", "On":true, "Priority":0, "Health":1.000000, "Value":500600 }, { "Slot":"SmallHardpoint1", "Item":"Hpt_PulseLaser_Gimbal_Small", "On":true, "Priority":0, "Health":1.000000, "Value":6600 }, { "Slot":"SmallHardpoint2", "Item":"Hpt_PulseLaser_Gimbal_Small", "On":true, "Priority":0, "Health":1.000000, "Value":6600 }, { "Slot":"TinyHardpoint1", "Item":"Hpt_HeatSinkLauncher_Turret_Tiny", "On":true, "Priority":0, "AmmoInClip":1, "AmmoInHopper":2, "Health":1.000000, "Value":3500 }, { "Slot":"TinyHardpoint2", "Item":"Hpt_ChaffLauncher_Tiny", "On":true, "Priority":0, "AmmoInClip":1, "AmmoInHopper":10, "Health":1.000000, "Value":8500 }, { "Slot":"Armour", "Item":"CobraMkIII_Armour_Grade1", "On":true, "Priority":1, "Health":1.000000, "Value":0 }, { "Slot":"PowerPlant", "Item":"Int_Powerplant_Size4_Class4", "On":true, "Priority":1, "Health":1.000000, "Value":536693 }, { "Slot":"MainEngines", "Item":"Int_Engine_Size4_Class5", "On":true, "Priority":0, "Health":1.000000, "Value":1610080 }, { "Slot":"FrameShiftDrive", "Item":"Int_Hyperdrive_Size4_Class4", "On":true, "Priority":0, "Health":1.000000, "Value":536693 }, { "Slot":"LifeSupport", "Item":"Int_LifeSupport_Size3_Class5", "On":true, "Priority":0, "Health":1.000000, "Value":158331 }, { "Slot":"PowerDistributor", "Item":"Int_PowerDistributor_Size3_Class5", "On":true, "Priority":0, "Health":1.000000, "Value":158331 }, { "Slot":"Radar", "Item":"Int_Sensors_Size3_Class2", "On":true, "Priority":0, "Health":1.000000, "Value":10133 }, { "Slot":"FuelTank", "Item":"Int_FuelTank_Size4_Class3", "On":true, "Priority":1, "Health":1.000000, "Value":24734 }, { "Slot":"Slot01_Size4", "Item":"Int_ShieldGenerator_Size4_Class3", "On":true, "Priority":0, "Health":1.000000, "Value":178898 }, { "Slot":"Slot02_Size4", "Item":"Int_FuelScoop_Size4_Class3", "On":true, "Priority":0, "Health":1.000000, "Value":178898 }, { "Slot":"Slot03_Size4", "Item":"Int_CargoRack_Size4_Class1", "On":true, "Priority":1, "Health":1.000000, "Value":34328 }, { "Slot":"Slot04_Size2", "Item":"Int_CargoRack_Size2_Class1", "On":true, "Priority":1, "Health":1.000000, "Value":3250 }, { "Slot":"Slot05_Size2", "Item":"Int_CargoRack_Size2_Class1", "On":true, "Priority":1, "Health":1.000000, "Value":3250 }, { "Slot":"Slot06_Size2", "Item":"Int_StellarBodyDiscoveryScanner_Intermediate", "On":true, "Priority":1, "Health":1.000000, "Value":505000 }, { "Slot":"PlanetaryApproachSuite", "Item":"Int_PlanetApproachSuite", "On":true, "Priority":1, "Health":1.000000, "Value":500 }, { "Slot":"ShipCockpit", "Item":"CobraMkIII_Cockpit", "On":true, "Priority":1, "Health":1.000000, "Value":0 }, { "Slot":"CargoHatch", "Item":"ModularCargoBayDoor", "On":true, "Priority":2, "Health":1.000000, "Value":0 } ] }
{ "timestamp":"2017-10-08T00:55:40Z", "event":"Materials", "Raw":[ { "Name":"carbon", "Count":3 }, { "Name":"iron", "Count":3 } ], "Manufactured":[ { "Name":"mechanicalscrap", "Count":4 }, { "Name":"gridresistors", "Count":1 }, { "Name":"conductivecomponents", "Count":1 }, { "Name":"heatdispersionplate", "Count":6 }, { "Name":"salvagedalloys", "Count":6 }, { "Name":"hybridcapacitors", "Count":6 }, { "Name":"heatconductionwiring", "Count":3 } ], "Encoded":[ { "Name":"shieldsoakanalysis", "Count":3 }, { "Name":"disruptedwakeechoes", "Count":5 }, { "Name":"shieldcyclerecordings", "Count":3 }, { "Name":"emissiondata", "Count":3 }, { "Name":"bulkscandata", "Count":7 }, { "Name":"scrambledemissiondata", "Count":4 }, { "Name":"archivedemissiondata", "Count":3 }, { "Name":"shielddensityreports", "Count":6 } ] }
{ "timestamp":"2017-10-08T00:55:40Z", "event":"LoadGame", "Commander":"Igaguri", "Ship":"CobraMkIII", "ShipID":1, "ShipName":"Kamaboko", "ShipIdent":"IG-C03", "FuelLevel":16.000000, "FuelCapacity":16.000000, "GameMode":"Solo", "Credits":862748, "Loan":0 }
{ "timestamp":"2017-10-08T00:55:40Z", "event":"Rank", "Combat":0, "Trade":4, "Explore":3, "Empire":0, "Federation":0, "CQC":0 }
{ "timestamp":"2017-10-08T00:55:40Z", "event":"Progress", "Combat":70, "Trade":1, "Explore":41, "Empire":0, "Federation":70, "CQC":0 }
{ "timestamp":"2017-10-08T00:55:54Z", "event":"Location", "Docked":true, "StationName":"Forrester Port", "StationType":"Coriolis", "StarSystem":"Celtani", "StarPos":[107.781,-10.531,-84.375], "SystemAllegiance":"Federation", "SystemEconomy":"$economy_Extraction;", "SystemEconomy_Localised":"Extraction", "SystemGovernment":"$government_Democracy;", "SystemGovernment_Localised":"Democracy", "SystemSecurity":"$SYSTEM_SECURITY_medium;", "SystemSecurity_Localised":"Medium Security", "Population":1676076, "Body":"Forrester Port", "BodyType":"Station", "Factions":[ { "Name":"Pilots Federation Local Branch", "FactionState":"None", "Government":"Democracy", "Influence":0.000000, "Allegiance":"PilotsFederation" }, { "Name":"Future of Celtani", "FactionState":"None", "Government":"Democracy", "Influence":0.611612, "Allegiance":"Federation" }, { "Name":"Udegobo Silver Power Int", "FactionState":"None", "Government":"Corporate", "Influence":0.084084, "Allegiance":"Federation" }, { "Name":"Confederation of Dewindji", "FactionState":"Boom", "Government":"Confederacy", "Influence":0.060060, "Allegiance":"Federation" }, { "Name":"Nationalists of Celtani", "FactionState":"None", "Government":"Dictatorship", "Influence":0.082082, "Allegiance":"Independent" }, { "Name":"Partnership of Celtani", "FactionState":"None", "Government":"Anarchy", "Influence":0.014014, "Allegiance":"Independent" }, { "Name":"Celtani Electronics Industry", "FactionState":"Boom", "Government":"Corporate", "Influence":0.117117, "Allegiance":"Independent" }, { "Name":"Celtani Drug Empire", "FactionState":"None", "Government":"Anarchy", "Influence":0.031031, "Allegiance":"Independent", "PendingStates":[ { "State":"Boom", "Trend":0 } ] } ], "SystemFaction":"Future of Celtani" }
{ "timestamp":"2017-10-08T00:55:55Z", "event":"Music", "MusicTrack":"NoTrack" }
{ "timestamp":"2017-10-08T00:55:55Z", "event":"Docked", "StationName":"Forrester Port", "StationType":"Coriolis", "StarSystem":"Celtani", "StationFaction":"Future of Celtani", "StationGovernment":"$government_Democracy;", "StationGovernment_Localised":"Democracy", "StationAllegiance":"Federation", "StationServices":[ "Dock", "Autodock", "BlackMarket", "Commodities", "Contacts", "Exploration", "Missions", "Outfitting", "CrewLounge", "Rearm", "Refuel", "Repair", "Shipyard", "Tuning", "MissionsGenerated", "FlightController", "StationOperations", "Powerplay", "SearchAndRescue" ], "StationEconomy":"$economy_Extraction;", "StationEconomy_Localised":"Extraction", "DistFromStarLS":1095.535889 }
{ "timestamp":"2017-10-08T00:55:55Z", "event":"Music", "MusicTrack":"Starport" }
{ "timestamp":"2017-10-08T00:57:44Z", "event":"ModuleBuy", "Slot":"Radar", "SellItem":"$int_sensors_size3_class2_name;", "SellItem_Localised":"Sensors", "SellPrice":10133, "BuyItem":"$int_sensors_size3_class5_name;", "BuyItem_Localised":"Sensors", "BuyPrice":158331, "Ship":"cobramkiii", "ShipID":1 }
{ "timestamp":"2017-10-08T01:04:55Z", "event":"ReceiveText", "From":"$npc_name_decorate:#name=Adam Rowse;", "From_Localised":"Adam Rowse", "Message":"$Commuter_AuthorityScan08;", "Message_Localised":"You've got no right to scan me, officer!", "Channel":"npc" }
{ "timestamp":"2017-10-08T01:05:35Z", "event":"ReceiveText", "From":"$npc_name_decorate:#name=Daniel J Spence;", "From_Localised":"Daniel J Spence", "Message":"$Commuter_AuthorityScan07;", "Message_Localised":"There's no need to scan me, officer. I have nothing to find.", "Channel":"npc" }
{ "timestamp":"2017-10-08T01:06:33Z", "event":"ReceiveText", "From":"$npc_name_decorate:#name=Henry O'Hare;", "From_Localised":"Henry O'Hare", "Message":"$Commuter_AuthorityScan04;", "Message_Localised":"Is this really necessary?", "Channel":"npc" }
{ "timestamp":"2017-10-08T01:08:53Z", "event":"ReceiveText", "From":"$ShipName_Police_Federation;", "From_Localised":"Federal Security Service", "Message":"$OverwatchCriticalDamage09;", "Message_Localised":"My friends will avenge me!", "Channel":"npc" }
{ "timestamp":"2017-10-08T01:17:41Z", "event":"ReceiveText", "From":"$npc_name_decorate:#name=Rotworm;", "From_Localised":"Rotworm", "Message":"$Commuter_AuthorityScan07;", "Message_Localised":"There's no need to scan me, officer. I have nothing to find.", "Channel":"npc" }
{ "timestamp":"2017-10-08T01:19:17Z", "event":"ReceiveText", "From":"$npc_name_decorate:#name=Gustoph Trieme;", "From_Localised":"Gustoph Trieme", "Message":"$Commuter_AuthorityScan06;", "Message_Localised":"What's going on here, officer?", "Channel":"npc" }
{ "timestamp":"2017-10-08T01:24:29Z", "event":"ReceiveText", "From":"$npc_name_decorate:#name=Udo Andrich;", "From_Localised":"Udo Andrich", "Message":"$Commuter_AuthorityScan10;", "Message_Localised":"You'll get no trouble from me, officer.", "Channel":"npc" }
{ "timestamp":"2017-10-08T01:30:55Z", "event":"Undocked", "StationName":"Forrester Port", "StationType":"Coriolis" }
{ "timestamp":"2017-10-08T01:31:17Z", "event":"ReceiveText", "From":"$npc_name_decorate:#name=Jason dinAlt;", "From_Localised":"Jason dinAlt", "Message":"$Commuter_HostileScan02;", "Message_Localised":"It is an offence to scan this vessel unless you are an authorised member of system security.", "Channel":"npc" }
{ "timestamp":"2017-10-08T01:31:22Z", "event":"Music", "MusicTrack":"NoTrack" }
{ "timestamp":"2017-10-08T01:31:47Z", "event":"StartJump", "JumpType":"Supercruise" }
{ "timestamp":"2017-10-08T01:31:52Z", "event":"ReceiveText", "From":"Forrester Port", "Message":"$STATION_NoFireZone_exited;", "Message_Localised":"No fire zone left.", "Channel":"npc" }
{ "timestamp":"2017-10-08T01:31:53Z", "event":"SupercruiseEntry", "StarSystem":"Celtani" }
{ "timestamp":"2017-10-08T01:31:53Z", "event":"Music", "MusicTrack":"Supercruise" }
{ "timestamp":"2017-10-08T01:33:31Z", "event":"SupercruiseExit", "StarSystem":"Celtani", "Body":"Celtani 2 A Ring", "BodyType":"PlanetaryRing" }
{ "timestamp":"2017-10-08T01:33:31Z", "event":"Music", "MusicTrack":"Exploration" }
{ "timestamp":"2017-10-08T01:34:35Z", "event":"Scanned", "ScanType":"Cargo" }
{ "timestamp":"2017-10-08T01:34:35Z", "event":"ReceiveText", "From":"$npc_name_decorate:#name=Federal Agent;", "From_Localised":"Federal Agent", "Message":"$Generic_NoAttackGeneric04;", "Message_Localised":"Damn! You're useless to me! They said this sector was rich pickings, what gives?", "Channel":"npc" }
{ "timestamp":"2017-10-08T01:35:05Z", "event":"Scanned", "ScanType":"Cargo" }
{ "timestamp":"2017-10-08T01:37:25Z", "event":"ReceiveText", "From":"$npc_name_decorate:#name=Kevin Bronakoski;", "From_Localised":"Kevin Bronakoski", "Message":"$BadKarmaCriticalDamage02;", "Message_Localised":"Impossible!", "Channel":"npc" }
{ "timestamp":"2017-10-08T01:38:02Z", "event":"Music", "MusicTrack":"Combat_Dogfight" }
{ "timestamp":"2017-10-08T01:38:10Z", "event":"ReceiveText", "From":"$ShipName_Police_Federation;", "From_Localised":"Federal Security Service", "Message":"$Police_ArrivedAtInvestigationLocation03;", "Message_Localised":"Crime scene cordon initialised, all ships must submit to police scan.", "Channel":"npc" }
{ "timestamp":"2017-10-08T01:38:30Z", "event":"ReceiveText", "From":"$npc_name_decorate:#name=Paul Bernek;", "From_Localised":"Paul Bernek", "Message":"$BadKarmaCriticalDamage10;", "Message_Localised":"You've scratched my paint!", "Channel":"npc" }
{ "timestamp":"2017-10-08T01:38:42Z", "event":"ReceiveText", "From":"$ShipName_Police_Federation;", "From_Localised":"Federal Security Service", "Message":"$Police_ArriveInvestigate02;", "Message_Localised":"Incident response units on station.", "Channel":"npc" }
{ "timestamp":"2017-10-08T01:38:46Z", "event":"ReceiveText", "From":"$ShipName_Police_Federation;", "From_Localised":"Federal Security Service", "Message":"$Police_ArrivedAtInvestigationLocation02;", "Message_Localised":"Cease and desist! Submit to authority scans immediately!", "Channel":"npc" }
{ "timestamp":"2017-10-08T01:38:50Z", "event":"Bounty", "Rewards":[ { "Faction":"Future of Celtani", "Reward":200 }, { "Faction":"Federation", "Reward":40387 } ], "Target":"asp_scout", "TotalReward":40587, "VictimFaction":"Partnership of Celtani" }
{ "timestamp":"2017-10-08T01:39:05Z", "event":"Music", "MusicTrack":"Exploration" }
{ "timestamp":"2017-10-08T01:39:06Z", "event":"ReceiveText", "From":"$ShipName_Police_Federation;", "From_Localised":"Federal Security Service", "Message":"$Police_FinishedAtInvestigationLocation06;", "Message_Localised":"Rapid criminal investigation scans are finished. Please continue about your business.", "Channel":"npc" }
{ "timestamp":"2017-10-08T01:41:59Z", "event":"ReceiveText", "From":"$npc_name_decorate:#name=Ken Varely;", "From_Localised":"Ken Varely", "Message":"$BadKarmaCriticalDamage04;", "Message_Localised":"I don't believe it!", "Channel":"npc" }
{ "timestamp":"2017-10-08T01:42:07Z", "event":"Music", "MusicTrack":"Combat_Dogfight" }
{ "timestamp":"2017-10-08T01:42:36Z", "event":"Bounty", "Rewards":[ { "Faction":"Future of Celtani", "Reward":123810 } ], "Target":"anaconda", "TotalReward":123810, "VictimFaction":"Future of Celtani" }
{ "timestamp":"2017-10-08T01:42:51Z", "event":"Music", "MusicTrack":"Exploration" }
{ "timestamp":"2017-10-08T01:44:04Z", "event":"Music", "MusicTrack":"Combat_Dogfight" }
{ "timestamp":"2017-10-08T01:44:16Z", "event":"ReceiveText", "From":"$npc_name_decorate:#name=Arlora;", "From_Localised":"Arlora", "Message":"$BadKarmaCriticalDamage05;", "Message_Localised":"No, no!", "Channel":"npc" }
{ "timestamp":"2017-10-08T01:44:22Z", "event":"ReceiveText", "From":"$npc_name_decorate:#name=Arlora;", "From_Localised":"Arlora", "Message":"$Pirate_OnHullLowJumpAway06;", "Message_Localised":"Must... escape!", "Channel":"npc" }
{ "timestamp":"2017-10-08T01:44:29Z", "event":"Bounty", "Rewards":[ { "Faction":"Future of Celtani", "Reward":400 }, { "Faction":"Federation", "Reward":36187 } ], "Target":"cobramkiv", "TotalReward":36587, "VictimFaction":"Partnership of Celtani" }
{ "timestamp":"2017-10-08T01:44:44Z", "event":"Music", "MusicTrack":"Exploration" }
{ "timestamp":"2017-10-08T01:45:22Z", "event":"Music", "MusicTrack":"Combat_Dogfight" }
{ "timestamp":"2017-10-08T01:45:28Z", "event":"Bounty", "Rewards":[ { "Faction":"Future of Celtani", "Reward":200 }, { "Faction":"Federation", "Reward":26850 } ], "Target":"viper", "TotalReward":27050, "VictimFaction":"Celtani Electronics Industry" }
{ "timestamp":"2017-10-08T01:45:35Z", "event":"ReceiveText", "From":"$ShipName_Police_Federation;", "From_Localised":"Federal Security Service", "Message":"$Police_FinishedAtInvestigationLocation01;", "Message_Localised":"Scanning complete. Citizens, please return to your business.", "Channel":"npc" }
{ "timestamp":"2017-10-08T01:45:43Z", "event":"Music", "MusicTrack":"Exploration" }
{ "timestamp":"2017-10-08T01:47:49Z", "event":"Music", "MusicTrack":"Combat_Dogfight" }
{ "timestamp":"2017-10-08T01:48:06Z", "event":"ReceiveText", "From":"$npc_name_decorate:#name=Craig Coope;", "From_Localised":"Craig Coope", "Message":"$BadKarmaCriticalDamage07;", "Message_Localised":"Too much damage!", "Channel":"npc" }
{ "timestamp":"2017-10-08T01:48:17Z", "event":"Bounty", "Rewards":[ { "Faction":"Future of Celtani", "Reward":11512 } ], "Target":"empire_eagle", "TotalReward":11512, "VictimFaction":"Celtani Drug Empire" }
{ "timestamp":"2017-10-08T01:48:18Z", "event":"Promotion", "Combat":1 }
{ "timestamp":"2017-10-08T01:48:34Z", "event":"Music", "MusicTrack":"Exploration" }
{ "timestamp":"2017-10-08T01:49:00Z", "event":"Music", "MusicTrack":"Combat_Dogfight" }
{ "timestamp":"2017-10-08T01:49:25Z", "event":"Music", "MusicTrack":"Exploration" }
{ "timestamp":"2017-10-08T01:49:29Z", "event":"ReceiveText", "From":"$npc_name_decorate:#name=Mathias Helstrand;", "From_Localised":"Mathias Helstrand", "Message":"$Pirate_OnDeclarePiracyAttack01;", "Message_Localised":"I'll pick your bones clean, greenhorn.", "Channel":"npc" }
{ "timestamp":"2017-10-08T01:49:29Z", "event":"ReceiveText", "From":"$npc_name_decorate:#name=Adrian Dickeson;", "From_Localised":"Adrian Dickeson", "Message":"$Escort_AttackDutyStart07;", "Message_Localised":"Tracking targets.", "Channel":"npc" }
{ "timestamp":"2017-10-08T01:49:29Z", "event":"ReceiveText", "From":"$npc_name_decorate:#name=Leahcim Rednop;", "From_Localised":"Leahcim Rednop", "Message":"$Escort_AttackDutyStart05;", "Message_Localised":"Enemies spotted. Moving to attack.", "Channel":"npc" }
{ "timestamp":"2017-10-08T01:49:29Z", "event":"Music", "MusicTrack":"Combat_Dogfight" }
{ "timestamp":"2017-10-08T01:49:36Z", "event":"ReceiveText", "From":"$npc_name_decorate:#name=Mathias Helstrand;", "From_Localised":"Mathias Helstrand", "Message":"$Pirate_OnEnemyShipDetection06;", "Message_Localised":"Enemy ships detected.", "Channel":"npc" }
{ "timestamp":"2017-10-08T01:50:14Z", "event":"Bounty", "Rewards":[ { "Faction":"Future of Celtani", "Reward":16530 } ], "Target":"cobramkiii", "TotalReward":16530, "VictimFaction":"Partnership of Celtani" }
{ "timestamp":"2017-10-08T01:50:29Z", "event":"Music", "MusicTrack":"Exploration" }
{ "timestamp":"2017-10-08T01:50:46Z", "event":"Music", "MusicTrack":"Combat_Dogfight" }
{ "timestamp":"2017-10-08T01:50:48Z", "event":"ReceiveText", "From":"$npc_name_decorate:#name=Adrian Dickeson;", "From_Localised":"Adrian Dickeson", "Message":"$BadKarmaCriticalDamage04;", "Message_Localised":"I don't believe it!", "Channel":"npc" }
{ "timestamp":"2017-10-08T01:50:56Z", "event":"Bounty", "Rewards":[ { "Faction":"Future of Celtani", "Reward":200 }, { "Faction":"Federation", "Reward":16912 } ], "Target":"cobramkiii", "TotalReward":17112, "VictimFaction":"Partnership of Celtani" }
{ "timestamp":"2017-10-08T01:51:11Z", "event":"Music", "MusicTrack":"Exploration" }
{ "timestamp":"2017-10-08T01:51:36Z", "event":"Music", "MusicTrack":"Combat_Dogfight" }
{ "timestamp":"2017-10-08T01:52:06Z", "event":"ReceiveText", "From":"$npc_name_decorate:#name=Teeka Daneun;", "From_Localised":"Teeka Daneun", "Message":"$BadKarmaCriticalDamage03;", "Message_Localised":"You fight a good fight!", "Channel":"npc" }
{ "timestamp":"2017-10-08T01:52:20Z", "event":"Bounty", "Rewards":[ { "Faction":"Future of Celtani", "Reward":5937 } ], "Target":"eagle", "TotalReward":5937, "VictimFaction":"Celtani Drug Empire" }
{ "timestamp":"2017-10-08T01:52:35Z", "event":"Music", "MusicTrack":"Exploration" }
{ "timestamp":"2017-10-08T01:52:54Z", "event":"ReceiveText", "From":"$ShipName_Police_Federation;", "From_Localised":"Federal Security Service", "Message":"$Police_ArrivedAtInvestigationLocation04;", "Message_Localised":"Rapid deployment unit deployed. Initiating scans of all ships in the area.", "Channel":"npc" }
{ "timestamp":"2017-10-08T01:54:05Z", "event":"Scanned", "ScanType":"Cargo" }
{ "timestamp":"2017-10-08T01:54:05Z", "event":"ReceiveText", "From":"$ShipName_Police_Federation;", "From_Localised":"Federal Security Service", "Message":"$Police_ThankYouPassedStopAndSearch01;", "Message_Localised":"Thank you for your cooperation, Commander.", "Channel":"npc" }
{ "timestamp":"2017-10-08T01:55:13Z", "event":"Music", "MusicTrack":"Combat_Dogfight" }
{ "timestamp":"2017-10-08T01:56:01Z", "event":"Bounty", "Rewards":[ { "Faction":"Future of Celtani", "Reward":34105 } ], "Target":"diamondback", "TotalReward":34105, "VictimFaction":"Partnership of Celtani" }
{ "timestamp":"2017-10-08T01:56:16Z", "event":"Music", "MusicTrack":"Exploration" }
{ "timestamp":"2017-10-08T01:56:59Z", "event":"ReceiveText", "From":"$npc_name_decorate:#name=Karim Beydoun;", "From_Localised":"Karim Beydoun", "Message":"$BadKarmaCriticalDamage10;", "Message_Localised":"You've scratched my paint!", "Channel":"npc" }
{ "timestamp":"2017-10-08T01:58:00Z", "event":"ReceiveText", "From":"$npc_name_decorate:#name=Akatsuki Aei;", "From_Localised":"Akatsuki Aei", "Message":"$Pirate_OnDeclarePiracyAttack04;", "Message_Localised":"I'm gonna boil you up!", "Channel":"npc" }
{ "timestamp":"2017-10-08T01:58:00Z", "event":"Music", "MusicTrack":"Combat_Dogfight" }
{ "timestamp":"2017-10-08T01:58:17Z", "event":"Bounty", "Rewards":[ { "Faction":"Federation", "Reward":9712 } ], "Target":"eagle", "TotalReward":9712, "VictimFaction":"Partnership of Celtani" }
{ "timestamp":"2017-10-08T01:58:32Z", "event":"Music", "MusicTrack":"Exploration" }
{ "timestamp":"2017-10-08T01:59:43Z", "event":"StartJump", "JumpType":"Supercruise" }
{ "timestamp":"2017-10-08T01:59:48Z", "event":"SupercruiseEntry", "StarSystem":"Celtani" }
{ "timestamp":"2017-10-08T01:59:48Z", "event":"Music", "MusicTrack":"Supercruise" }
{ "timestamp":"2017-10-08T02:01:41Z", "event":"SupercruiseExit", "StarSystem":"Celtani", "Body":"Forrester Port", "BodyType":"Station" }
{ "timestamp":"2017-10-08T02:01:41Z", "event":"Music", "MusicTrack":"DestinationFromSupercruise" }
{ "timestamp":"2017-10-08T02:01:46Z", "event":"Music", "MusicTrack":"NoTrack" }
{ "timestamp":"2017-10-08T02:01:48Z", "event":"ReceiveText", "From":"Forrester Port", "Message":"$STATION_NoFireZone_entered;", "Message_Localised":"No fire zone entered.", "Channel":"npc" }
{ "timestamp":"2017-10-08T02:01:59Z", "event":"DockingRequested", "StationName":"Forrester Port" }
{ "timestamp":"2017-10-08T02:01:59Z", "event":"ReceiveText", "From":"Forrester Port", "Message":"$DockingChatter_Cordial;", "Message_Localised":"Welcome back, Commander.", "Channel":"npc" }
{ "timestamp":"2017-10-08T02:02:00Z", "event":"ReceiveText", "From":"Forrester Port", "Message":"$STATION_docking_granted;", "Message_Localised":"Docking request granted.", "Channel":"npc" }
{ "timestamp":"2017-10-08T02:02:00Z", "event":"DockingGranted", "LandingPad":21, "StationName":"Forrester Port" }
{ "timestamp":"2017-10-08T02:02:22Z", "event":"Music", "MusicTrack":"Starport" }
{ "timestamp":"2017-10-08T02:02:46Z", "event":"Docked", "StationName":"Forrester Port", "StationType":"Coriolis", "StarSystem":"Celtani", "StationFaction":"Future of Celtani", "StationGovernment":"$government_Democracy;", "StationGovernment_Localised":"Democracy", "StationAllegiance":"Federation", "StationServices":[ "Dock", "Autodock", "BlackMarket", "Commodities", "Contacts", "Exploration", "Missions", "Outfitting", "CrewLounge", "Rearm", "Refuel", "Repair", "Shipyard", "Tuning", "MissionsGenerated", "FlightController", "StationOperations", "Powerplay", "SearchAndRescue" ], "StationEconomy":"$economy_Extraction;", "StationEconomy_Localised":"Extraction", "DistFromStarLS":1095.590698 }
{ "timestamp":"2017-10-08T02:03:24Z", "event":"RedeemVoucher", "Type":"bounty", "Amount":322942, "Factions":[ { "Faction":"Federation", "Amount":130048 }, { "Faction":"Future of Celtani", "Amount":192894 } ] }
{ "timestamp":"2017-10-08T02:03:40Z", "event":"BuyAmmo", "Cost":50 }
{ "timestamp":"2017-10-08T02:03:42Z", "event":"RefuelAll", "Cost":28, "Amount":0.541599 }
{ "timestamp":"2017-10-08T02:04:30Z", "event":"Music", "MusicTrack":"Exploration" }
