{ "timestamp":"2017-10-30T00:23:30Z", "event":"Fileheader", "part":1, "language":"English\\UK", "gameversion":"2.4", "build":"r156431/r0 " }
{ "timestamp":"2017-10-30T00:23:30Z", "event":"Music", "MusicTrack":"NoTrack" }
{ "timestamp":"2017-10-30T00:23:30Z", "event":"Music", "MusicTrack":"MainMenu" }
{ "timestamp":"2017-10-30T00:24:06Z", "event":"Friends", "Status":"Online", "Name":"KANPANI" }
{ "timestamp":"2017-10-30T00:25:13Z", "event":"Cargo", "Inventory":[  ] }
{ "timestamp":"2017-10-30T00:25:13Z", "event":"Loadout", "Ship":"DiamondBackXL", "ShipID":2, "ShipName":"KONNYAKU", "ShipIdent":"IG-E01", "Modules":[ { "Slot":"LargeHardpoint1", "Item":"Hpt_PulseLaser_Gimbal_Large", "On":true, "Priority":2, "Health":0.958757, "Value":140600 }, { "Slot":"MediumHardpoint2", "Item":"Hpt_MiningLaser_Fixed_Small", "On":true, "Priority":1, "Health":0.958027, "Value":6800 }, { "Slot":"TinyHardpoint1", "Item":"Hpt_HeatSinkLauncher_Turret_Tiny", "On":true, "Priority":0, "AmmoInClip":1, "AmmoInHopper":2, "Health":0.960621, "Value":3500 }, { "Slot":"TinyHardpoint2", "Item":"Hpt_HeatSinkLauncher_Turret_Tiny", "On":true, "Priority":0, "AmmoInClip":1, "AmmoInHopper":2, "Health":0.956778, "Value":3500 }, { "Slot":"TinyHardpoint4", "Item":"Hpt_ChaffLauncher_Tiny", "On":true, "Priority":1, "AmmoInClip":1, "AmmoInHopper":10, "Health":0.922629, "Value":8500 }, { "Slot":"Armour", "Item":"DiamondBackXL_Armour_Grade1", "On":true, "Priority":1, "Health":1.000000, "Value":0 }, { "Slot":"PowerPlant", "Item":"Int_Powerplant_Size4_Class4", "On":true, "Priority":1, "Health":0.972401, "Value":536693 }, { "Slot":"MainEngines", "Item":"Int_Engine_Size4_Class4", "On":true, "Priority":0, "Health":0.983037, "Value":536693 }, { "Slot":"FrameShiftDrive", "Item":"Int_Hyperdrive_Size5_Class4", "On":true, "Priority":0, "Health":0.956195, "Value":1701318 }, { "Slot":"LifeSupport", "Item":"Int_LifeSupport_Size3_Class2", "On":true, "Priority":0, "Health":0.949443, "Value":10133 }, { "Slot":"PowerDistributor", "Item":"Int_PowerDistributor_Size4_Class2", "On":true, "Priority":0, "Health":1.000000, "Value":28373 }, { "Slot":"Radar", "Item":"Int_Sensors_Size3_Class2", "On":true, "Priority":3, "Health":0.974832, "Value":10133 }, { "Slot":"FuelTank", "Item":"Int_FuelTank_Size5_Class3", "On":true, "Priority":1, "Health":1.000000, "Value":97754 }, { "Slot":"Decal1", "Item":"Decal_Explorer_Surveyor", "On":true, "Priority":1, "Health":1.000000, "Value":0 }, { "Slot":"Decal2", "Item":"Decal_Explorer_Surveyor", "On":true, "Priority":1, "Health":1.000000, "Value":0 }, { "Slot":"Decal3", "Item":"Decal_Explorer_Surveyor", "On":true, "Priority":1, "Health":1.000000, "Value":0 }, { "Slot":"Slot01_Size4", "Item":"Int_ShieldGenerator_Size4_Class1", "On":true, "Priority":1, "Health":1.000000, "Value":19878 }, { "Slot":"Slot02_Size4", "Item":"Int_FuelScoop_Size4_Class4", "On":true, "Priority":3, "Health":0.960042, "Value":715591 }, { "Slot":"Slot03_Size3", "Item":"Int_BuggyBay_Size2_Class2", "On":true, "Priority":0, "Health":0.981141, "Value":21600 }, { "Slot":"Slot04_Size3", "Item":"Int_Repairer_Size3_Class2", "On":true, "Priority":0, "AmmoInClip":2179, "Health":0.939137, "Value":97200 }, { "Slot":"Slot05_Size2", "Item":"Int_StellarBodyDiscoveryScanner_Advanced", "On":true, "Priority":1, "Health":0.975861, "Value":1545000 }, { "Slot":"Slot06_Size2", "Item":"Int_DetailedSurfaceScanner_Tiny", "On":true, "Priority":1, "Health":1.000000, "Value":250000 }, { "Slot":"PlanetaryApproachSuite", "Item":"Int_PlanetApproachSuite", "On":true, "Priority":1, "Health":1.000000, "Value":500 }, { "Slot":"ShipCockpit", "Item":"DiamondBackXL_Cockpit", "On":true, "Priority":1, "Health":1.000000, "Value":0 }, { "Slot":"CargoHatch", "Item":"ModularCargoBayDoor", "On":true, "Priority":2, "Health":0.951189, "Value":0 } ] }
{ "timestamp":"2017-10-30T00:25:13Z", "event":"Materials", "Raw":[ { "Name":"carbon", "Count":2 }, { "Name":"iron", "Count":18 }, { "Name":"chromium", "Count":12 }, { "Name":"nickel", "Count":3 }, { "Name":"manganese", "Count":6 }, { "Name":"vanadium", "Count":3 } ], "Manufactured":[ { "Name":"mechanicalscrap", "Count":8 }, { "Name":"gridresistors", "Count":3 }, { "Name":"heatdispersionplate", "Count":5 }, { "Name":"salvagedalloys", "Count":6 }, { "Name":"hybridcapacitors", "Count":5 }, { "Name":"heatconductionwiring", "Count":2 } ], "Encoded":[ { "Name":"shieldsoakanalysis", "Count":3 }, { "Name":"disruptedwakeechoes", "Count":5 }, { "Name":"shieldcyclerecordings", "Count":9 }, { "Name":"emissiondata", "Count":3 }, { "Name":"bulkscandata", "Count":9 }, { "Name":"scrambledemissiondata", "Count":7 }, { "Name":"archivedemissiondata", "Count":3 }, { "Name":"shielddensityreports", "Count":9 }, { "Name":"legacyfirmware", "Count":1 } ] }
{ "timestamp":"2017-10-30T00:25:13Z", "event":"LoadGame", "Commander":"Igaguri", "Ship":"DiamondBackXL", "ShipID":2, "ShipName":"KONNYAKU", "ShipIdent":"IG-E01", "FuelLevel":27.544041, "FuelCapacity":32.000000, "GameMode":"Open", "Credits":726550, "Loan":0 }
{ "timestamp":"2017-10-30T00:25:13Z", "event":"Rank", "Combat":1, "Trade":4, "Explore":4, "Empire":0, "Federation":1, "CQC":0 }
{ "timestamp":"2017-10-30T00:25:13Z", "event":"Progress", "Combat":26, "Trade":1, "Explore":10, "Empire":0, "Federation":100, "CQC":0 }
{ "timestamp":"2017-10-30T00:25:25Z", "event":"Location", "Docked":false, "StarSystem":"Thaileia LY-G b44-12", "StarPos":[970.250,-46.969,5005.875], "SystemAllegiance":"", "SystemEconomy":"$economy_None;", "SystemEconomy_Localised":"None", "SystemGovernment":"$government_None;", "SystemGovernment_Localised":"None", "SystemSecurity":"$GAlAXY_MAP_INFO_state_anarchy;", "SystemSecurity_Localised":"Anarchy", "Population":0, "Body":"Thaileia LY-G b44-12 ABC", "BodyType":"Null" }
{ "timestamp":"2017-10-30T00:25:25Z", "event":"Music", "MusicTrack":"NoTrack" }
{ "timestamp":"2017-10-30T00:25:25Z", "event":"Music", "MusicTrack":"Exploration" }
{ "timestamp":"2017-10-30T00:25:28Z", "event":"Music", "MusicTrack":"SystemMap" }
{ "timestamp":"2017-10-30T00:25:32Z", "event":"Music", "MusicTrack":"Exploration" }
{ "timestamp":"2017-10-30T00:25:34Z", "event":"Music", "MusicTrack":"GalaxyMap" }
{ "timestamp":"2017-10-30T00:26:08Z", "event":"Friends", "Status":"Online", "Name":"KANPANI" }
{ "timestamp":"2017-10-30T00:26:39Z", "event":"Music", "MusicTrack":"Exploration" }
{ "timestamp":"2017-10-30T00:26:40Z", "event":"Music", "MusicTrack":"SystemMap" }
{ "timestamp":"2017-10-30T00:26:42Z", "event":"Music", "MusicTrack":"Exploration" }
{ "timestamp":"2017-10-30T00:27:03Z", "event":"StartJump", "JumpType":"Hyperspace", "StarSystem":"Thaileia PE-F b45-3", "StarClass":"M" }
{ "timestamp":"2017-10-30T00:27:08Z", "event":"Music", "MusicTrack":"NoTrack" }
{ "timestamp":"2017-10-30T00:27:21Z", "event":"FSDJump", "StarSystem":"Thaileia PE-F b45-3", "StarPos":[974.781,-47.344,5031.500], "SystemAllegiance":"", "SystemEconomy":"$economy_None;", "SystemEconomy_Localised":"None", "SystemGovernment":"$government_None;", "SystemGovernment_Localised":"None", "SystemSecurity":"$GAlAXY_MAP_INFO_state_anarchy;", "SystemSecurity_Localised":"Anarchy", "Population":0, "JumpDist":26.025, "FuelUsed":3.921651, "FuelLevel":23.622391 }
{ "timestamp":"2017-10-30T00:27:22Z", "event":"Music", "MusicTrack":"Supercruise" }
{ "timestamp":"2017-10-30T00:27:31Z", "event":"Music", "MusicTrack":"SystemMap" }
{ "timestamp":"2017-10-30T00:27:32Z", "event":"Music", "MusicTrack":"Supercruise" }
{ "timestamp":"2017-10-30T00:27:45Z", "event":"Scan", "BodyName":"Thaileia PE-F b45-3 A", "DistanceFromArrivalLS":0.000000, "StarType":"M", "StellarMass":0.269531, "Radius":297192096.000000, "AbsoluteMagnitude":10.423325, "Age_MY":5830, "SurfaceTemperature":2439.000000, "Luminosity":"Va", "SemiMajorAxis":20383482773504.000000, "Eccentricity":0.177511, "OrbitalInclination":-5.091868, "Periapsis":108.129494, "OrbitalPeriod":708147478528.000000, "RotationPeriod":117333.234375, "AxialTilt":0.000000 }
{ "timestamp":"2017-10-30T00:28:11Z", "event":"FuelScoop", "Scooped":5.003480, "Total":28.625854 }
{ "timestamp":"2017-10-30T00:28:23Z", "event":"FuelScoop", "Scooped":2.791432, "Total":31.417286 }
{ "timestamp":"2017-10-30T00:28:41Z", "event":"StartJump", "JumpType":"Hyperspace", "StarSystem":"Thaileia YQ-B b47-12", "StarClass":"M" }
{ "timestamp":"2017-10-30T00:28:46Z", "event":"Music", "MusicTrack":"NoTrack" }
{ "timestamp":"2017-10-30T00:29:00Z", "event":"FSDJump", "StarSystem":"Thaileia YQ-B b47-12", "StarPos":[975.281,-53.313,5056.313], "SystemAllegiance":"", "SystemEconomy":"$economy_None;", "SystemEconomy_Localised":"None", "SystemGovernment":"$government_None;", "SystemGovernment_Localised":"None", "SystemSecurity":"$GAlAXY_MAP_INFO_state_anarchy;", "SystemSecurity_Localised":"Anarchy", "Population":0, "JumpDist":25.525, "FuelUsed":3.832322, "FuelLevel":27.584963 }
{ "timestamp":"2017-10-30T00:29:00Z", "event":"Music", "MusicTrack":"Supercruise" }
{ "timestamp":"2017-10-30T00:29:33Z", "event":"Music", "MusicTrack":"SystemMap" }
{ "timestamp":"2017-10-30T00:29:34Z", "event":"Music", "MusicTrack":"Supercruise" }
{ "timestamp":"2017-10-30T00:29:36Z", "event":"Music", "MusicTrack":"SystemMap" }
{ "timestamp":"2017-10-30T00:29:38Z", "event":"Music", "MusicTrack":"Supercruise" }
{ "timestamp":"2017-10-30T00:30:04Z", "event":"FuelScoop", "Scooped":4.415030, "Total":32.000000 }
{ "timestamp":"2017-10-30T00:30:37Z", "event":"StartJump", "JumpType":"Hyperspace", "StarSystem":"Thaileia BX-Z b47-10", "StarClass":"M" }
{ "timestamp":"2017-10-30T00:30:42Z", "event":"Music", "MusicTrack":"NoTrack" }
{ "timestamp":"2017-10-30T00:30:55Z", "event":"FSDJump", "StarSystem":"Thaileia BX-Z b47-10", "StarPos":[969.813,-54.969,5078.531], "SystemAllegiance":"", "SystemEconomy":"$economy_None;", "SystemEconomy_Localised":"None", "SystemGovernment":"$government_None;", "SystemGovernment_Localised":"None", "SystemSecurity":"$GAlAXY_MAP_INFO_state_anarchy;", "SystemSecurity_Localised":"Anarchy", "Population":0, "JumpDist":22.942, "FuelUsed":2.961324, "FuelLevel":29.038675 }
{ "timestamp":"2017-10-30T00:30:56Z", "event":"Music", "MusicTrack":"Supercruise" }
{ "timestamp":"2017-10-30T00:31:19Z", "event":"Scan", "BodyName":"Thaileia BX-Z b47-10", "DistanceFromArrivalLS":0.000000, "StarType":"M", "StellarMass":0.406250, "Radius":358256352.000000, "AbsoluteMagnitude":8.596207, "Age_MY":2794, "SurfaceTemperature":3383.000000, "Luminosity":"Va", "RotationPeriod":187419.359375, "AxialTilt":0.000000 }
{ "timestamp":"2017-10-30T00:32:14Z", "event":"Music", "MusicTrack":"GalaxyMap" }
{ "timestamp":"2017-10-30T00:32:43Z", "event":"Music", "MusicTrack":"SystemMap" }
{ "timestamp":"2017-10-30T00:32:43Z", "event":"Music", "MusicTrack":"Supercruise" }
{ "timestamp":"2017-10-30T00:33:02Z", "event":"FuelScoop", "Scooped":0.147750, "Total":29.186445 }
{ "timestamp":"2017-10-30T00:33:02Z", "event":"StartJump", "JumpType":"Hyperspace", "StarSystem":"Thaileia QB-M c24-0", "StarClass":"K" }
{ "timestamp":"2017-10-30T00:33:08Z", "event":"Music", "MusicTrack":"NoTrack" }
{ "timestamp":"2017-10-30T00:33:21Z", "event":"FSDJump", "StarSystem":"Thaileia QB-M c24-0", "StarPos":[979.188,-59.125,5099.906], "SystemAllegiance":"", "SystemEconomy":"$economy_None;", "SystemEconomy_Localised":"None", "SystemGovernment":"$government_None;", "SystemGovernment_Localised":"None", "SystemSecurity":"$GAlAXY_MAP_INFO_state_anarchy;", "SystemSecurity_Localised":"Anarchy", "Population":0, "JumpDist":23.708, "FuelUsed":3.150334, "FuelLevel":26.036112 }
{ "timestamp":"2017-10-30T00:33:21Z", "event":"Music", "MusicTrack":"Supercruise" }
{ "timestamp":"2017-10-30T00:33:31Z", "event":"Music", "MusicTrack":"SystemMap" }
{ "timestamp":"2017-10-30T00:33:38Z", "event":"Music", "MusicTrack":"Supercruise" }
{ "timestamp":"2017-10-30T00:33:44Z", "event":"Scan", "BodyName":"Thaileia QB-M c24-0", "DistanceFromArrivalLS":0.000000, "StarType":"K", "StellarMass":0.664063, "Radius":547285952.000000, "AbsoluteMagnitude":6.369446, "Age_MY":2136, "SurfaceTemperature":4570.000000, "Luminosity":"Va", "RotationPeriod":260314.250000, "AxialTilt":0.000000, "Rings":[ { "Name":"Thaileia QB-M c24-0 A Belt", "RingClass":"eRingClass_Rocky", "MassMT":4.0709e+11, "InnerRad":9.0302e+08, "OuterRad":2.2564e+09 } ] }
{ "timestamp":"2017-10-30T00:34:15Z", "event":"FuelScoop", "Scooped":5.002867, "Total":31.038954 }
{ "timestamp":"2017-10-30T00:34:20Z", "event":"FuelScoop", "Scooped":0.720611, "Total":31.759563 }
{ "timestamp":"2017-10-30T00:34:41Z", "event":"StartJump", "JumpType":"Hyperspace", "StarSystem":"Thaileia JY-F d12-131", "StarClass":"A" }
{ "timestamp":"2017-10-30T00:34:46Z", "event":"Music", "MusicTrack":"NoTrack" }
{ "timestamp":"2017-10-30T00:34:59Z", "event":"FSDJump", "StarSystem":"Thaileia JY-F d12-131", "StarPos":[976.938,-67.500,5122.750], "SystemAllegiance":"", "SystemEconomy":"$economy_None;", "SystemEconomy_Localised":"None", "SystemGovernment":"$government_None;", "SystemGovernment_Localised":"None", "SystemSecurity":"$GAlAXY_MAP_INFO_state_anarchy;", "SystemSecurity_Localised":"Anarchy", "Population":0, "JumpDist":24.434, "FuelUsed":3.450770, "FuelLevel":28.308794 }
{ "timestamp":"2017-10-30T00:34:59Z", "event":"Music", "MusicTrack":"Supercruise" }
{ "timestamp":"2017-10-30T00:35:11Z", "event":"Music", "MusicTrack":"SystemMap" }
{ "timestamp":"2017-10-30T00:35:24Z", "event":"Scan", "BodyName":"Thaileia JY-F d12-131 A", "DistanceFromArrivalLS":0.000000, "StarType":"A", "StellarMass":1.558594, "Radius":966097152.000000, "AbsoluteMagnitude":2.785522, "Age_MY":2060, "SurfaceTemperature":7849.000000, "Luminosity":"Vb", "SemiMajorAxis":17630046208.000000, "Eccentricity":0.388126, "OrbitalInclination":-65.082100, "Periapsis":199.644897, "OrbitalPeriod":5318609.500000, "RotationPeriod":121658.898438, "AxialTilt":0.000000 }
{ "timestamp":"2017-10-30T00:35:25Z", "event":"Music", "MusicTrack":"Supercruise" }
{ "timestamp":"2017-10-30T00:37:17Z", "event":"Scan", "BodyName":"Thaileia JY-F d12-131 AB 2", "DistanceFromArrivalLS":1797.537354, "TidalLock":false, "TerraformState":"Terraformable", "PlanetClass":"High metal content body", "Atmosphere":"ammonia rich atmosphere", "AtmosphereType":"AmmoniaRich", "AtmosphereComposition":[ { "Name":"Nitrogen", "Percent":97.302879 }, { "Name":"Ammonia", "Percent":2.550898 }, { "Name":"Water", "Percent":0.106776 } ], "Volcanism":"", "MassEM":0.609957, "Radius":5245184.500000, "SurfaceGravity":8.836637, "SurfaceTemperature":279.850739, "SurfacePressure":384634.906250, "Landable":false, "SemiMajorAxis":545675739136.000000, "Eccentricity":0.000136, "OrbitalInclination":0.000304, "Periapsis":52.238716, "OrbitalPeriod":147709568.000000, "RotationPeriod":52225.355469, "AxialTilt":0.031845 }
{ "timestamp":"2017-10-30T00:38:31Z", "event":"Scan", "BodyName":"Thaileia JY-F d12-131 B", "DistanceFromArrivalLS":272.003815, "StarType":"K", "StellarMass":0.656250, "Radius":539984576.000000, "AbsoluteMagnitude":7.002380, "Age_MY":2060, "SurfaceTemperature":3977.000000, "Luminosity":"Va", "SemiMajorAxis":41871364096.000000, "Eccentricity":0.388126, "OrbitalInclination":-65.082100, "Periapsis":19.644888, "OrbitalPeriod":5318609.500000, "RotationPeriod":247229.843750, "AxialTilt":0.000000, "Rings":[ { "Name":"Thaileia JY-F d12-131 B A Belt", "RingClass":"eRingClass_Metalic", "MassMT":7.8046e+13, "InnerRad":1.0592e+09, "OuterRad":2.097e+09 } ] }
{ "timestamp":"2017-10-30T00:43:02Z", "event":"StartJump", "JumpType":"Hyperspace", "StarSystem":"Thaileia VC-K c25-24", "StarClass":"K" }
{ "timestamp":"2017-10-30T00:43:07Z", "event":"Music", "MusicTrack":"NoTrack" }
{ "timestamp":"2017-10-30T00:43:20Z", "event":"FSDJump", "StarSystem":"Thaileia VC-K c25-24", "StarPos":[967.063,-67.469,5146.313], "SystemAllegiance":"", "SystemEconomy":"$economy_None;", "SystemEconomy_Localised":"None", "SystemGovernment":"$government_None;", "SystemGovernment_Localised":"None", "SystemSecurity":"$GAlAXY_MAP_INFO_state_anarchy;", "SystemSecurity_Localised":"Anarchy", "Population":0, "JumpDist":25.548, "FuelUsed":3.753692, "FuelLevel":24.035101 }
{ "timestamp":"2017-10-30T00:43:21Z", "event":"Music", "MusicTrack":"Supercruise" }
{ "timestamp":"2017-10-30T00:43:36Z", "event":"Music", "MusicTrack":"SystemMap" }
{ "timestamp":"2017-10-30T00:43:37Z", "event":"Music", "MusicTrack":"Supercruise" }
{ "timestamp":"2017-10-30T00:43:44Z", "event":"Scan", "BodyName":"Thaileia VC-K c25-24", "DistanceFromArrivalLS":0.000000, "StarType":"K", "StellarMass":0.839844, "Radius":570357504.000000, "AbsoluteMagnitude":5.912659, "Age_MY":4826, "SurfaceTemperature":4973.000000, "Luminosity":"Vab", "RotationPeriod":238284.140625, "AxialTilt":0.000000 }
{ "timestamp":"2017-10-30T00:44:11Z", "event":"Music", "MusicTrack":"SystemMap" }
{ "timestamp":"2017-10-30T00:44:12Z", "event":"Music", "MusicTrack":"Supercruise" }
{ "timestamp":"2017-10-30T00:44:15Z", "event":"Music", "MusicTrack":"GalaxyMap" }
{ "timestamp":"2017-10-30T00:44:43Z", "event":"Music", "MusicTrack":"SystemMap" }
{ "timestamp":"2017-10-30T00:44:43Z", "event":"Music", "MusicTrack":"Supercruise" }
{ "timestamp":"2017-10-30T00:45:11Z", "event":"FuelScoop", "Scooped":5.002683, "Total":29.037771 }
{ "timestamp":"2017-10-30T00:45:21Z", "event":"FuelScoop", "Scooped":2.962254, "Total":32.000000 }
{ "timestamp":"2017-10-30T00:45:45Z", "event":"StartJump", "JumpType":"Hyperspace", "StarSystem":"Thaileia VC-K c25-10", "StarClass":"K" }
{ "timestamp":"2017-10-30T00:45:50Z", "event":"Music", "MusicTrack":"NoTrack" }
{ "timestamp":"2017-10-30T00:46:03Z", "event":"FSDJump", "StarSystem":"Thaileia VC-K c25-10", "StarPos":[963.875,-66.313,5171.281], "SystemAllegiance":"", "SystemEconomy":"$economy_None;", "SystemEconomy_Localised":"None", "SystemGovernment":"$government_None;", "SystemGovernment_Localised":"None", "SystemSecurity":"$GAlAXY_MAP_INFO_state_anarchy;", "SystemSecurity_Localised":"Anarchy", "Population":0, "JumpDist":25.198, "FuelUsed":3.726441, "FuelLevel":28.273560 }
{ "timestamp":"2017-10-30T00:46:03Z", "event":"Music", "MusicTrack":"Supercruise" }
{ "timestamp":"2017-10-30T00:46:28Z", "event":"Scan", "BodyName":"Thaileia VC-K c25-10", "DistanceFromArrivalLS":0.000000, "StarType":"K", "StellarMass":0.855469, "Radius":658356224.000000, "AbsoluteMagnitude":5.624649, "Age_MY":5454, "SurfaceTemperature":4946.000000, "Luminosity":"Va", "RotationPeriod":321031.031250, "AxialTilt":0.000000, "Rings":[ { "Name":"Thaileia VC-K c25-10 A Belt", "RingClass":"eRingClass_MetalRich", "MassMT":1.2368e+10, "InnerRad":1.0727e+09, "OuterRad":2.2907e+09 } ] }
{ "timestamp":"2017-10-30T00:46:58Z", "event":"Music", "MusicTrack":"SystemMap" }
{ "timestamp":"2017-10-30T00:47:14Z", "event":"Music", "MusicTrack":"Supercruise" }
{ "timestamp":"2017-10-30T00:47:37Z", "event":"FuelScoop", "Scooped":3.726444, "Total":32.000000 }
{ "timestamp":"2017-10-30T00:49:06Z", "event":"Scan", "BodyName":"Thaileia VC-K c25-10 6", "DistanceFromArrivalLS":442.759857, "TidalLock":false, "TerraformState":"Terraformable", "PlanetClass":"High metal content body", "Atmosphere":"nitrogen atmosphere", "AtmosphereType":"Nitrogen", "AtmosphereComposition":[ { "Name":"Nitrogen", "Percent":91.039894 }, { "Name":"Oxygen", "Percent":8.909435 } ], "Volcanism":"", "MassEM":0.448616, "Radius":4769610.500000, "SurfaceGravity":7.859920, "SurfaceTemperature":243.238754, "SurfacePressure":111994.507813, "Landable":false, "SemiMajorAxis":132718059520.000000, "Eccentricity":0.000219, "OrbitalInclination":-0.019426, "Periapsis":23.713884, "OrbitalPeriod":28474956.000000, "RotationPeriod":225756.734375, "AxialTilt":0.258837 }
{ "timestamp":"2017-10-30T00:49:10Z", "event":"Music", "MusicTrack":"SystemMap" }
{ "timestamp":"2017-10-30T00:49:20Z", "event":"Music", "MusicTrack":"Supercruise" }
{ "timestamp":"2017-10-30T00:49:50Z", "event":"Music", "MusicTrack":"SystemMap" }
{ "timestamp":"2017-10-30T00:49:53Z", "event":"Music", "MusicTrack":"Supercruise" }
{ "timestamp":"2017-10-30T00:51:40Z", "event":"Scan", "BodyName":"Thaileia VC-K c25-10 7", "DistanceFromArrivalLS":625.460144, "TidalLock":false, "TerraformState":"", "PlanetClass":"Water world", "Atmosphere":"thick ammonia atmosphere", "AtmosphereType":"Ammonia", "AtmosphereComposition":[ { "Name":"Ammonia", "Percent":68.525169 }, { "Name":"Nitrogen", "Percent":24.613480 }, { "Name":"Oxygen", "Percent":4.720164 } ], "Volcanism":"", "MassEM":0.641602, "Radius":5321118.000000, "SurfaceGravity":9.031702, "SurfaceTemperature":296.077362, "SurfacePressure":530736.687500, "Landable":false, "SemiMajorAxis":188157050880.000000, "Eccentricity":0.003449, "OrbitalInclination":-1.023350, "Periapsis":213.847473, "OrbitalPeriod":48067196.000000, "RotationPeriod":172562.062500, "AxialTilt":-0.161393 }
{ "timestamp":"2017-10-30T00:51:44Z", "event":"Music", "MusicTrack":"SystemMap" }
{ "timestamp":"2017-10-30T00:51:54Z", "event":"Music", "MusicTrack":"Supercruise" }
{ "timestamp":"2017-10-30T00:52:16Z", "event":"StartJump", "JumpType":"Hyperspace", "StarSystem":"Thaileia XN-I c26-24", "StarClass":"K" }
{ "timestamp":"2017-10-30T00:52:22Z", "event":"Music", "MusicTrack":"NoTrack" }
{ "timestamp":"2017-10-30T00:52:35Z", "event":"FSDJump", "StarSystem":"Thaileia XN-I c26-24", "StarPos":[952.406,-58.844,5189.750], "SystemAllegiance":"", "SystemEconomy":"$economy_None;", "SystemEconomy_Localised":"None", "SystemGovernment":"$government_None;", "SystemGovernment_Localised":"None", "SystemSecurity":"$GAlAXY_MAP_INFO_state_anarchy;", "SystemSecurity_Localised":"Anarchy", "Population":0, "JumpDist":22.987, "FuelUsed":2.976053, "FuelLevel":29.023947 }
{ "timestamp":"2017-10-30T00:52:35Z", "event":"Music", "MusicTrack":"Supercruise" }
{ "timestamp":"2017-10-30T00:52:51Z", "event":"Music", "MusicTrack":"SystemMap" }
{ "timestamp":"2017-10-30T00:52:55Z", "event":"Music", "MusicTrack":"Supercruise" }
{ "timestamp":"2017-10-30T00:52:59Z", "event":"Scan", "BodyName":"Thaileia XN-I c26-24", "DistanceFromArrivalLS":0.000000, "StarType":"K", "StellarMass":0.507813, "Radius":425475840.000000, "AbsoluteMagnitude":7.422791, "Age_MY":1568, "SurfaceTemperature":4067.000000, "Luminosity":"Va", "RotationPeriod":166124.671875, "AxialTilt":0.000000, "Rings":[ { "Name":"Thaileia XN-I c26-24 A Belt", "RingClass":"eRingClass_Rocky", "MassMT":1.0546e+14, "InnerRad":7.0204e+08, "OuterRad":2.0361e+09 }, { "Name":"Thaileia XN-I c26-24 B Belt", "RingClass":"eRingClass_Metalic", "MassMT":3.3073e+14, "InnerRad":2.3913e+09, "OuterRad":1.4606e+11 } ] }
{ "timestamp":"2017-10-30T00:53:53Z", "event":"FuelScoop", "Scooped":2.022473, "Total":31.046452 }
{ "timestamp":"2017-10-30T00:54:13Z", "event":"StartJump", "JumpType":"Hyperspace", "StarSystem":"Thaileia ME-E d13-67", "StarClass":"F" }
{ "timestamp":"2017-10-30T00:54:19Z", "event":"Music", "MusicTrack":"NoTrack" }
{ "timestamp":"2017-10-30T00:54:32Z", "event":"FSDJump", "StarSystem":"Thaileia ME-E d13-67", "StarPos":[941.531,-54.938,5211.094], "SystemAllegiance":"", "SystemEconomy":"$economy_None;", "SystemEconomy_Localised":"None", "SystemGovernment":"$government_None;", "SystemGovernment_Localised":"None", "SystemSecurity":"$GAlAXY_MAP_INFO_state_anarchy;", "SystemSecurity_Localised":"Anarchy", "Population":0, "JumpDist":24.271, "FuelUsed":3.379177, "FuelLevel":27.667274 }
{ "timestamp":"2017-10-30T00:54:32Z", "event":"Music", "MusicTrack":"Supercruise" }
{ "timestamp":"2017-10-30T00:54:41Z", "event":"Music", "MusicTrack":"SystemMap" }
{ "timestamp":"2017-10-30T00:54:55Z", "event":"Scan", "BodyName":"Thaileia ME-E d13-67 A", "DistanceFromArrivalLS":0.000000, "StarType":"F", "StellarMass":1.523438, "Radius":948034688.000000, "AbsoluteMagnitude":3.395782, "Age_MY":2210, "SurfaceTemperature":6885.000000, "Luminosity":"Vab", "SemiMajorAxis":4385087684608.000000, "Eccentricity":0.228906, "OrbitalInclination":-49.340099, "Periapsis":9.314571, "OrbitalPeriod":20980443136.000000, "RotationPeriod":106731.265625, "AxialTilt":0.000000 }
{ "timestamp":"2017-10-30T00:55:00Z", "event":"Music", "MusicTrack":"Supercruise" }
{ "timestamp":"2017-10-30T00:55:01Z", "event":"Music", "MusicTrack":"SystemMap" }
{ "timestamp":"2017-10-30T00:55:11Z", "event":"Music", "MusicTrack":"Supercruise" }
{ "timestamp":"2017-10-30T00:55:16Z", "event":"Music", "MusicTrack":"SystemMap" }
{ "timestamp":"2017-10-30T00:55:25Z", "event":"Music", "MusicTrack":"Supercruise" }
{ "timestamp":"2017-10-30T00:56:39Z", "event":"Scan", "BodyName":"Thaileia ME-E d13-67 A 2", "DistanceFromArrivalLS":534.346375, "TidalLock":false, "TerraformState":"", "PlanetClass":"High metal content body", "Atmosphere":"hot thick carbon dioxide atmosphere", "AtmosphereType":"CarbonDioxide", "AtmosphereComposition":[ { "Name":"CarbonDioxide", "Percent":98.282349 }, { "Name":"SulphurDioxide", "Percent":1.717654 } ], "Volcanism":"minor rocky magma volcanism", "MassEM":0.702275, "Radius":5459329.500000, "SurfaceGravity":9.391567, "SurfaceTemperature":980.742065, "SurfacePressure":7281583.000000, "Landable":false, "SemiMajorAxis":160419643392.000000, "Eccentricity":0.001520, "OrbitalInclination":-0.203423, "Periapsis":225.937866, "OrbitalPeriod":28388954.000000, "RotationPeriod":79272.500000, "AxialTilt":3.055497 }
{ "timestamp":"2017-10-30T00:57:01Z", "event":"Scan", "BodyName":"Thaileia ME-E d13-67 A 2 a", "DistanceFromArrivalLS":534.443787, "TidalLock":true, "TerraformState":"", "PlanetClass":"Rocky body", "Atmosphere":"", "AtmosphereType":"None", "Volcanism":"", "MassEM":0.025636, "Radius":2019264.500000, "SurfaceGravity":2.505938, "SurfaceTemperature":353.196930, "SurfacePressure":0.000000, "Landable":true, "Materials":[ { "Name":"iron", "Percent":19.663446 }, { "Name":"sulphur", "Percent":17.675917 }, { "Name":"nickel", "Percent":14.872606 }, { "Name":"carbon", "Percent":14.863616 }, { "Name":"phosphorus", "Percent":9.515942 }, { "Name":"chromium", "Percent":8.843306 }, { "Name":"manganese", "Percent":8.120803 }, { "Name":"selenium", "Percent":2.766431 }, { "Name":"molybdenum", "Percent":1.284012 }, { "Name":"tin", "Percent":1.219440 }, { "Name":"yttrium", "Percent":1.174474 } ], "SemiMajorAxis":167350016.000000, "Eccentricity":0.000000, "OrbitalInclination":76.248039, "Periapsis":337.736450, "OrbitalPeriod":798583.125000, "RotationPeriod":813028.250000, "AxialTilt":-0.154229 }
{ "timestamp":"2017-10-30T00:57:02Z", "event":"Music", "MusicTrack":"SystemMap" }
{ "timestamp":"2017-10-30T00:57:06Z", "event":"Music", "MusicTrack":"Supercruise" }
{ "timestamp":"2017-10-30T00:58:16Z", "event":"Scan", "BodyName":"Thaileia ME-E d13-67 A 4", "DistanceFromArrivalLS":903.729675, "TidalLock":false, "TerraformState":"Terraformable", "PlanetClass":"High metal content body", "Atmosphere":"hot thick carbon dioxide atmosphere", "AtmosphereType":"CarbonDioxide", "AtmosphereComposition":[ { "Name":"CarbonDioxide", "Percent":98.858864 }, { "Name":"SulphurDioxide", "Percent":0.988589 }, { "Name":"Nitrogen", "Percent":0.152326 } ], "Volcanism":"major rocky magma volcanism", "MassEM":0.991480, "Radius":6056225.000000, "SurfaceGravity":10.774306, "SurfaceTemperature":848.570923, "SurfacePressure":16661048.000000, "Landable":false, "SemiMajorAxis":270821703680.000000, "Eccentricity":0.000435, "OrbitalInclination":0.489229, "Periapsis":306.088501, "OrbitalPeriod":62271356.000000, "RotationPeriod":162309.265625, "AxialTilt":-2.220721 }
{ "timestamp":"2017-10-30T00:58:31Z", "event":"Scan", "BodyName":"Thaileia ME-E d13-67 A 4 a", "DistanceFromArrivalLS":905.889343, "TidalLock":true, "TerraformState":"", "PlanetClass":"Rocky body", "Atmosphere":"", "AtmosphereType":"None", "Volcanism":"", "MassEM":0.034266, "Radius":2218858.500000, "SurfaceGravity":2.774060, "SurfaceTemperature":275.793701, "SurfacePressure":0.000000, "Landable":true, "Materials":[ { "Name":"iron", "Percent":19.879591 }, { "Name":"sulphur", "Percent":17.870531 }, { "Name":"nickel", "Percent":15.036090 }, { "Name":"carbon", "Percent":15.027267 }, { "Name":"phosphorus", "Percent":9.620714 }, { "Name":"manganese", "Percent":8.210068 }, { "Name":"zinc", "Percent":5.402529 }, { "Name":"germanium", "Percent":5.251211 }, { "Name":"niobium", "Percent":1.358664 }, { "Name":"tin", "Percent":1.232838 }, { "Name":"antimony", "Percent":1.110496 } ], "SemiMajorAxis":678963136.000000, "Eccentricity":0.000000, "OrbitalInclination":38.513519, "Periapsis":258.501099, "OrbitalPeriod":5497559.500000, "RotationPeriod":5591752.500000, "AxialTilt":0.205954 }
{ "timestamp":"2017-10-30T00:58:33Z", "event":"Music", "MusicTrack":"SystemMap" }
{ "timestamp":"2017-10-30T00:58:38Z", "event":"Music", "MusicTrack":"Supercruise" }
{ "timestamp":"2017-10-30T01:00:04Z", "event":"Scan", "BodyName":"Thaileia ME-E d13-67 A 5", "DistanceFromArrivalLS":1347.219238, "TidalLock":false, "TerraformState":"Terraformable", "PlanetClass":"High metal content body", "Atmosphere":"water rich atmosphere", "AtmosphereType":"WaterRich", "AtmosphereComposition":[ { "Name":"Nitrogen", "Percent":99.272141 }, { "Name":"Water", "Percent":0.717063 } ], "Volcanism":"", "MassEM":0.338936, "Radius":4374714.000000, "SurfaceGravity":7.058741, "SurfaceTemperature":309.143616, "SurfacePressure":160231.906250, "Landable":false, "SemiMajorAxis":404006076416.000000, "Eccentricity":0.000996, "OrbitalInclination":-1.586688, "Periapsis":8.776090, "OrbitalPeriod":113460576.000000, "RotationPeriod":57553.378906, "AxialTilt":0.250952 }
{ "timestamp":"2017-10-30T01:00:08Z", "event":"Music", "MusicTrack":"SystemMap" }
{ "timestamp":"2017-10-30T01:00:13Z", "event":"Music", "MusicTrack":"Supercruise" }
