{ "timestamp":"2017-11-06T23:52:26Z", "event":"Fileheader", "part":1, "language":"English\\UK", "gameversion":"2.4", "build":"r156431/r0 " }
{ "timestamp":"2017-11-06T23:52:26Z", "event":"Music", "MusicTrack":"NoTrack" }
{ "timestamp":"2017-11-06T23:52:26Z", "event":"Music", "MusicTrack":"MainMenu" }
{ "timestamp":"2017-11-06T23:53:04Z", "event":"Friends", "Status":"Online", "Name":"Sylphinix" }
{ "timestamp":"2017-11-06T23:54:19Z", "event":"Cargo", "Inventory":[  ] }
{ "timestamp":"2017-11-06T23:54:19Z", "event":"Loadout", "Ship":"DiamondBackXL", "ShipID":2, "ShipName":"KONNYAKU", "ShipIdent":"IG-E01", "Modules":[ { "Slot":"LargeHardpoint1", "Item":"Hpt_PulseLaser_Gimbal_Large", "On":true, "Priority":2, "Health":0.924342, "Value":140600 }, { "Slot":"MediumHardpoint2", "Item":"Hpt_MiningLaser_Fixed_Small", "On":true, "Priority":1, "Health":1.000000, "Value":6800 }, { "Slot":"TinyHardpoint1", "Item":"Hpt_HeatSinkLauncher_Turret_Tiny", "On":true, "Priority":0, "AmmoInClip":1, "AmmoInHopper":1, "Health":0.935894, "Value":3500 }, { "Slot":"TinyHardpoint2", "Item":"Hpt_HeatSinkLauncher_Turret_Tiny", "On":true, "Priority":0, "AmmoInClip":1, "AmmoInHopper":1, "Health":0.930729, "Value":3500 }, { "Slot":"TinyHardpoint4", "Item":"Hpt_ChaffLauncher_Tiny", "On":true, "Priority":1, "AmmoInClip":1, "AmmoInHopper":10, "Health":0.890536, "Value":8500 }, { "Slot":"Armour", "Item":"DiamondBackXL_Armour_Grade1", "On":true, "Priority":1, "Health":1.000000, "Value":0 }, { "Slot":"PowerPlant", "Item":"Int_Powerplant_Size4_Class4", "On":true, "Priority":1, "Health":0.945347, "Value":536693 }, { "Slot":"MainEngines", "Item":"Int_Engine_Size4_Class4", "On":true, "Priority":0, "Health":0.979369, "Value":536693 }, { "Slot":"FrameShiftDrive", "Item":"Int_Hyperdrive_Size5_Class4", "On":true, "Priority":0, "Health":0.967876, "Value":1701318 }, { "Slot":"LifeSupport", "Item":"Int_LifeSupport_Size3_Class2", "On":true, "Priority":0, "Health":0.925968, "Value":10133 }, { "Slot":"PowerDistributor", "Item":"Int_PowerDistributor_Size4_Class2", "On":true, "Priority":0, "Health":0.992576, "Value":28373 }, { "Slot":"Radar", "Item":"Int_Sensors_Size3_Class2", "On":true, "Priority":3, "Health":0.951004, "Value":10133 }, { "Slot":"FuelTank", "Item":"Int_FuelTank_Size5_Class3", "On":true, "Priority":1, "Health":1.000000, "Value":97754 }, { "Slot":"Decal1", "Item":"Decal_Explorer_Surveyor", "On":true, "Priority":1, "Health":1.000000, "Value":0 }, { "Slot":"Decal2", "Item":"Decal_Explorer_Surveyor", "On":true, "Priority":1, "Health":1.000000, "Value":0 }, { "Slot":"Decal3", "Item":"Decal_Explorer_Surveyor", "On":true, "Priority":1, "Health":1.000000, "Value":0 }, { "Slot":"Slot01_Size4", "Item":"Int_ShieldGenerator_Size4_Class1", "On":true, "Priority":1, "Health":0.982616, "Value":19878 }, { "Slot":"Slot02_Size4", "Item":"Int_FuelScoop_Size4_Class4", "On":true, "Priority":3, "Health":0.939855, "Value":715591 }, { "Slot":"Slot03_Size3", "Item":"Int_BuggyBay_Size2_Class2", "On":true, "Priority":0, "Health":0.959555, "Value":21600 }, { "Slot":"Slot04_Size3", "Item":"Int_Repairer_Size3_Class2", "On":true, "Priority":0, "AmmoInClip":2871, "Health":0.921206, "Value":97200 }, { "Slot":"Slot05_Size2", "Item":"Int_StellarBodyDiscoveryScanner_Advanced", "On":true, "Priority":1, "Health":0.960471, "Value":1545000 }, { "Slot":"Slot06_Size2", "Item":"Int_DetailedSurfaceScanner_Tiny", "On":true, "Priority":1, "Health":1.000000, "Value":250000 }, { "Slot":"PlanetaryApproachSuite", "Item":"Int_PlanetApproachSuite", "On":true, "Priority":1, "Health":1.000000, "Value":500 }, { "Slot":"ShipCockpit", "Item":"DiamondBackXL_Cockpit", "On":true, "Priority":1, "Health":0.984958, "Value":0 }, { "Slot":"CargoHatch", "Item":"ModularCargoBayDoor", "On":true, "Priority":2, "Health":0.932743, "Value":0 } ] }
{ "timestamp":"2017-11-06T23:54:19Z", "event":"Materials", "Raw":[ { "Name":"carbon", "Count":14 }, { "Name":"iron", "Count":26 }, { "Name":"chromium", "Count":10 }, { "Name":"nickel", "Count":20 }, { "Name":"manganese", "Count":24 }, { "Name":"zinc", "Count":4 }, { "Name":"sulphur", "Count":9 }, { "Name":"tungsten", "Count":3 } ], "Manufactured":[ { "Name":"mechanicalscrap", "Count":8 }, { "Name":"gridresistors", "Count":3 }, { "Name":"heatdispersionplate", "Count":5 }, { "Name":"salvagedalloys", "Count":6 }, { "Name":"hybridcapacitors", "Count":5 }, { "Name":"heatconductionwiring", "Count":2 } ], "Encoded":[ { "Name":"shieldsoakanalysis", "Count":3 }, { "Name":"disruptedwakeechoes", "Count":5 }, { "Name":"shieldcyclerecordings", "Count":9 }, { "Name":"emissiondata", "Count":3 }, { "Name":"bulkscandata", "Count":9 }, { "Name":"scrambledemissiondata", "Count":7 }, { "Name":"archivedemissiondata", "Count":3 }, { "Name":"shielddensityreports", "Count":9 }, { "Name":"legacyfirmware", "Count":1 } ] }
{ "timestamp":"2017-11-06T23:54:19Z", "event":"LoadGame", "Commander":"Igaguri", "Ship":"DiamondBackXL", "ShipID":2, "ShipName":"KONNYAKU", "ShipIdent":"IG-E01", "FuelLevel":31.480000, "FuelCapacity":32.000000, "GameMode":"Open", "Credits":726550, "Loan":0 }
{ "timestamp":"2017-11-06T23:54:19Z", "event":"Rank", "Combat":1, "Trade":4, "Explore":4, "Empire":0, "Federation":1, "CQC":0 }
{ "timestamp":"2017-11-06T23:54:19Z", "event":"Progress", "Combat":26, "Trade":1, "Explore":12, "Empire":0, "Federation":100, "CQC":0 }
{ "timestamp":"2017-11-06T23:54:30Z", "event":"Location", "Docked":false, "StarSystem":"Byeia Ain EQ-G d10-3515", "StarPos":[920.813,51.688,16528.375], "SystemAllegiance":"", "SystemEconomy":"$economy_None;", "SystemEconomy_Localised":"None", "SystemGovernment":"$government_None;", "SystemGovernment_Localised":"None", "SystemSecurity":"$GAlAXY_MAP_INFO_state_anarchy;", "SystemSecurity_Localised":"Anarchy", "Population":0, "Body":"Byeia Ain EQ-G d10-3515", "BodyType":"Star" }
{ "timestamp":"2017-11-06T23:54:30Z", "event":"Music", "MusicTrack":"NoTrack" }
{ "timestamp":"2017-11-06T23:54:30Z", "event":"Music", "MusicTrack":"Exploration" }
{ "timestamp":"2017-11-06T23:54:40Z", "event":"Music", "MusicTrack":"SystemMap" }
{ "timestamp":"2017-11-06T23:54:40Z", "event":"Music", "MusicTrack":"Exploration" }
{ "timestamp":"2017-11-06T23:54:41Z", "event":"Music", "MusicTrack":"GalaxyMap" }
{ "timestamp":"2017-11-06T23:55:04Z", "event":"Friends", "Status":"Online", "Name":"Sylphinix" }
{ "timestamp":"2017-11-06T23:55:56Z", "event":"Music", "MusicTrack":"SystemMap" }
{ "timestamp":"2017-11-06T23:55:57Z", "event":"Music", "MusicTrack":"Exploration" }
{ "timestamp":"2017-11-06T23:55:58Z", "event":"Music", "MusicTrack":"GalaxyMap" }
{ "timestamp":"2017-11-06T23:56:00Z", "event":"Music", "MusicTrack":"Exploration" }
{ "timestamp":"2017-11-06T23:56:08Z", "event":"StartJump", "JumpType":"Supercruise" }
{ "timestamp":"2017-11-06T23:56:13Z", "event":"SupercruiseEntry", "StarSystem":"Byeia Ain EQ-G d10-3515" }
{ "timestamp":"2017-11-06T23:56:14Z", "event":"Music", "MusicTrack":"Supercruise" }
{ "timestamp":"2017-11-06T23:56:33Z", "event":"StartJump", "JumpType":"Hyperspace", "StarSystem":"Byeia Ain GB-F d11-457", "StarClass":"N" }
{ "timestamp":"2017-11-06T23:56:38Z", "event":"Music", "MusicTrack":"NoTrack" }
{ "timestamp":"2017-11-06T23:56:51Z", "event":"FSDJump", "StarSystem":"Byeia Ain GB-F d11-457", "StarPos":[916.938,55.313,16536.500], "SystemAllegiance":"", "SystemEconomy":"$economy_None;", "SystemEconomy_Localised":"None", "SystemGovernment":"$government_None;", "SystemGovernment_Localised":"None", "SystemSecurity":"$GAlAXY_MAP_INFO_state_anarchy;", "SystemSecurity_Localised":"Anarchy", "Population":0, "JumpDist":9.704, "FuelUsed":0.358620, "FuelLevel":31.121380 }
{ "timestamp":"2017-11-06T23:56:52Z", "event":"Music", "MusicTrack":"Supercruise" }
{ "timestamp":"2017-11-06T23:57:03Z", "event":"Music", "MusicTrack":"SystemMap" }
{ "timestamp":"2017-11-06T23:57:08Z", "event":"Music", "MusicTrack":"Supercruise" }
{ "timestamp":"2017-11-06T23:57:12Z", "event":"Scan", "BodyName":"Byeia Ain GB-F d11-457 A", "DistanceFromArrivalLS":0.000000, "StarType":"N", "StellarMass":0.621094, "Radius":11796.875000, "AbsoluteMagnitude":4.729507, "Age_MY":3406, "SurfaceTemperature":6790909.000000, "Luminosity":"VII", "SemiMajorAxis":10940788506624.000000, "Eccentricity":0.226833, "OrbitalInclination":22.235657, "Periapsis":228.168625, "OrbitalPeriod":265421504512.000000, "RotationPeriod":1.706011, "AxialTilt":0.000000 }
{ "timestamp":"2017-11-06T23:57:21Z", "event":"Music", "MusicTrack":"SystemMap" }
{ "timestamp":"2017-11-06T23:57:22Z", "event":"Music", "MusicTrack":"Supercruise" }
{ "timestamp":"2017-11-06T23:57:34Z", "event":"Music", "MusicTrack":"SystemMap" }
{ "timestamp":"2017-11-07T00:16:46Z", "event":"Music", "MusicTrack":"GalaxyMap" }
{ "timestamp":"2017-11-07T00:16:47Z", "event":"Music", "MusicTrack":"Supercruise" }
{ "timestamp":"2017-11-07T00:17:32Z", "event":"JetConeBoost", "BoostValue":4.000000 }
{ "timestamp":"2017-11-07T00:17:54Z", "event":"StartJump", "JumpType":"Hyperspace", "StarSystem":"Byeia Ain SJ-L b49-143", "StarClass":"M" }
{ "timestamp":"2017-11-07T00:17:59Z", "event":"Music", "MusicTrack":"NoTrack" }
{ "timestamp":"2017-11-07T00:18:13Z", "event":"FSDJump", "StarSystem":"Byeia Ain SJ-L b49-143", "StarPos":[907.750,56.938,16640.531], "SystemAllegiance":"", "SystemEconomy":"$economy_None;", "SystemEconomy_Localised":"None", "SystemGovernment":"$government_None;", "SystemGovernment_Localised":"None", "SystemSecurity":"$GAlAXY_MAP_INFO_state_anarchy;", "SystemSecurity_Localised":"Anarchy", "Population":0, "JumpDist":104.449, "FuelUsed":4.031249, "FuelLevel":26.570131, "BoostUsed":4 }
{ "timestamp":"2017-11-07T00:18:13Z", "event":"Music", "MusicTrack":"Supercruise" }
{ "timestamp":"2017-11-07T00:18:36Z", "event":"Scan", "BodyName":"Byeia Ain SJ-L b49-143", "DistanceFromArrivalLS":0.000000, "StarType":"M", "StellarMass":0.250000, "Radius":265184832.000000, "AbsoluteMagnitude":10.348267, "Age_MY":6580, "SurfaceTemperature":2627.000000, "Luminosity":"Va", "RotationPeriod":141898.078125, "AxialTilt":0.000000, "Rings":[ { "Name":"Byeia Ain SJ-L b49-143 A Belt", "RingClass":"eRingClass_MetalRich", "MassMT":1.984e+12, "InnerRad":4.7798e+08, "OuterRad":1.5201e+09 }, { "Name":"Byeia Ain SJ-L b49-143 B Belt", "RingClass":"eRingClass_Icy", "MassMT":5.9118e+15, "InnerRad":2.9042e+10, "OuterRad":1.8441e+11 } ] }
{ "timestamp":"2017-11-07T00:19:24Z", "event":"Music", "MusicTrack":"SystemMap" }
{ "timestamp":"2017-11-07T00:19:25Z", "event":"Music", "MusicTrack":"Supercruise" }
{ "timestamp":"2017-11-07T00:19:32Z", "event":"SupercruiseExit", "StarSystem":"Byeia Ain SJ-L b49-143", "Body":"Byeia Ain SJ-L b49-143", "BodyType":"Star" }
{ "timestamp":"2017-11-07T00:19:32Z", "event":"Music", "MusicTrack":"Exploration" }
{ "timestamp":"2017-11-07T00:20:45Z", "event":"StartJump", "JumpType":"Supercruise" }
{ "timestamp":"2017-11-07T00:20:50Z", "event":"SupercruiseEntry", "StarSystem":"Byeia Ain SJ-L b49-143" }
{ "timestamp":"2017-11-07T00:20:50Z", "event":"Music", "MusicTrack":"Supercruise" }
{ "timestamp":"2017-11-07T00:21:15Z", "event":"SupercruiseExit", "StarSystem":"Byeia Ain SJ-L b49-143", "Body":"Byeia Ain SJ-L b49-143", "BodyType":"Star" }
{ "timestamp":"2017-11-07T00:21:15Z", "event":"Music", "MusicTrack":"Exploration" }
{ "timestamp":"2017-11-07T00:22:12Z", "event":"Music", "MusicTrack":"SystemMap" }
{ "timestamp":"2017-11-07T00:22:12Z", "event":"StartJump", "JumpType":"Supercruise" }
{ "timestamp":"2017-11-07T00:22:12Z", "event":"Music", "MusicTrack":"Exploration" }
{ "timestamp":"2017-11-07T00:22:17Z", "event":"SupercruiseEntry", "StarSystem":"Byeia Ain SJ-L b49-143" }
{ "timestamp":"2017-11-07T00:22:17Z", "event":"Music", "MusicTrack":"Supercruise" }
{ "timestamp":"2017-11-07T00:22:19Z", "event":"Music", "MusicTrack":"GalaxyMap" }
{ "timestamp":"2017-11-07T00:22:20Z", "event":"Music", "MusicTrack":"Supercruise" }
{ "timestamp":"2017-11-07T00:22:25Z", "event":"Music", "MusicTrack":"SystemMap" }
{ "timestamp":"2017-11-07T00:22:25Z", "event":"FuelScoop", "Scooped":0.062259, "Total":30.505207 }
{ "timestamp":"2017-11-07T00:22:29Z", "event":"Music", "MusicTrack":"Supercruise" }
{ "timestamp":"2017-11-07T00:22:31Z", "event":"Music", "MusicTrack":"SystemMap" }
{ "timestamp":"2017-11-07T00:22:33Z", "event":"Music", "MusicTrack":"Supercruise" }
{ "timestamp":"2017-11-07T00:22:57Z", "event":"Scan", "BodyName":"Byeia Ain SJ-L b49-143 5", "DistanceFromArrivalLS":58.102432, "TidalLock":true, "TerraformState":"", "PlanetClass":"Water world", "Atmosphere":"thick argon rich atmosphere", "AtmosphereType":"ArgonRich", "AtmosphereComposition":[ { "Name":"Nitrogen", "Percent":95.011131 }, { "Name":"Argon", "Percent":4.880390 }, { "Name":"Ammonia", "Percent":0.090489 } ], "Volcanism":"water geysers volcanism", "MassEM":1.230957, "Radius":7858220.000000, "SurfaceGravity":7.945184, "SurfaceTemperature":261.776581, "SurfacePressure":40710932.000000, "Landable":false, "SemiMajorAxis":277396512.000000, "Eccentricity":0.191042, "OrbitalInclination":5.639411, "Periapsis":189.142853, "OrbitalPeriod":3383714.000000, "RotationPeriod":6249790.500000, "AxialTilt":0.062646 }
{ "timestamp":"2017-11-07T00:22:58Z", "event":"Music", "MusicTrack":"SystemMap" }
{ "timestamp":"2017-11-07T00:23:01Z", "event":"Music", "MusicTrack":"Supercruise" }
{ "timestamp":"2017-11-07T00:23:21Z", "event":"Scan", "BodyName":"Byeia Ain SJ-L b49-143 6", "DistanceFromArrivalLS":56.678650, "TidalLock":false, "TerraformState":"Terraformable", "PlanetClass":"High metal content body", "Atmosphere":"nitrogen atmosphere", "AtmosphereType":"Nitrogen", "AtmosphereComposition":[ { "Name":"Nitrogen", "Percent":99.953835 } ], "Volcanism":"", "MassEM":0.960844, "Radius":6005789.000000, "SurfaceGravity":10.617502, "SurfaceTemperature":211.041718, "SurfacePressure":84576.867188, "Landable":false, "SemiMajorAxis":355378272.000000, "Eccentricity":0.191042, "OrbitalInclination":5.639411, "Periapsis":9.142847, "OrbitalPeriod":3383714.000000, "RotationPeriod":-7581230.500000, "AxialTilt":-3.114836 }
