{ "timestamp":"2017-11-07T10:26:10Z", "event":"Fileheader", "part":1, "language":"English\\UK", "gameversion":"2.4", "build":"r156431/r0 " }
{ "timestamp":"2017-11-07T10:26:10Z", "event":"Music", "MusicTrack":"NoTrack" }
{ "timestamp":"2017-11-07T10:26:10Z", "event":"Music", "MusicTrack":"MainMenu" }
{ "timestamp":"2017-11-07T10:26:45Z", "event":"Friends", "Status":"Online", "Name":"Mitsumete Knight" }
{ "timestamp":"2017-11-07T10:26:58Z", "event":"Cargo", "Inventory":[  ] }
{ "timestamp":"2017-11-07T10:26:58Z", "event":"Loadout", "Ship":"DiamondBackXL", "ShipID":2, "ShipName":"KONNYAKU", "ShipIdent":"IG-E01", "Modules":[ { "Slot":"LargeHardpoint1", "Item":"Hpt_PulseLaser_Gimbal_Large", "On":true, "Priority":2, "Health":0.891962, "Value":140600 }, { "Slot":"MediumHardpoint2", "Item":"Hpt_MiningLaser_Fixed_Small", "On":true, "Priority":1, "Health":0.973718, "Value":6800 }, { "Slot":"TinyHardpoint1", "Item":"Hpt_HeatSinkLauncher_Turret_Tiny", "On":true, "Priority":0, "AmmoInClip":1, "AmmoInHopper":1, "Health":0.916123, "Value":3500 }, { "Slot":"TinyHardpoint2", "Item":"Hpt_HeatSinkLauncher_Turret_Tiny", "On":true, "Priority":0, "AmmoInClip":1, "AmmoInHopper":1, "Health":0.906741, "Value":3500 }, { "Slot":"TinyHardpoint4", "Item":"Hpt_ChaffLauncher_Tiny", "On":true, "Priority":1, "AmmoInClip":1, "AmmoInHopper":10, "Health":0.870520, "Value":8500 }, { "Slot":"Armour", "Item":"DiamondBackXL_Armour_Grade1", "On":true, "Priority":1, "Health":1.000000, "Value":0 }, { "Slot":"PowerPlant", "Item":"Int_Powerplant_Size4_Class4", "On":true, "Priority":1, "Health":0.930176, "Value":536693 }, { "Slot":"MainEngines", "Item":"Int_Engine_Size4_Class4", "On":true, "Priority":0, "Health":0.949218, "Value":536693 }, { "Slot":"FrameShiftDrive", "Item":"Int_Hyperdrive_Size5_Class4", "On":true, "Priority":0, "Health":0.922943, "Value":1701318 }, { "Slot":"LifeSupport", "Item":"Int_LifeSupport_Size3_Class2", "On":true, "Priority":0, "Health":0.902882, "Value":10133 }, { "Slot":"PowerDistributor", "Item":"Int_PowerDistributor_Size4_Class2", "On":true, "Priority":0, "Health":0.958339, "Value":28373 }, { "Slot":"Radar", "Item":"Int_Sensors_Size3_Class2", "On":true, "Priority":3, "Health":0.930037, "Value":10133 }, { "Slot":"FuelTank", "Item":"Int_FuelTank_Size5_Class3", "On":true, "Priority":1, "Health":1.000000, "Value":97754 }, { "Slot":"Decal1", "Item":"Decal_Explorer_Surveyor", "On":true, "Priority":1, "Health":1.000000, "Value":0 }, { "Slot":"Decal2", "Item":"Decal_Explorer_Surveyor", "On":true, "Priority":1, "Health":1.000000, "Value":0 }, { "Slot":"Decal3", "Item":"Decal_Explorer_Surveyor", "On":true, "Priority":1, "Health":1.000000, "Value":0 }, { "Slot":"Slot01_Size4", "Item":"Int_ShieldGenerator_Size4_Class1", "On":true, "Priority":1, "Health":0.966821, "Value":19878 }, { "Slot":"Slot02_Size4", "Item":"Int_FuelScoop_Size4_Class4", "On":true, "Priority":3, "Health":0.925726, "Value":715591 }, { "Slot":"Slot03_Size3", "Item":"Int_BuggyBay_Size2_Class2", "On":true, "Priority":0, "Health":0.947269, "Value":21600 }, { "Slot":"Slot04_Size3", "Item":"Int_Repairer_Size3_Class2", "On":true, "Priority":0, "AmmoInClip":2871, "Health":0.900714, "Value":97200 }, { "Slot":"Slot05_Size2", "Item":"Int_StellarBodyDiscoveryScanner_Advanced", "On":true, "Priority":1, "Health":0.924183, "Value":1545000 }, { "Slot":"Slot06_Size2", "Item":"Int_DetailedSurfaceScanner_Tiny", "On":true, "Priority":1, "Health":1.000000, "Value":250000 }, { "Slot":"PlanetaryApproachSuite", "Item":"Int_PlanetApproachSuite", "On":true, "Priority":1, "Health":1.000000, "Value":500 }, { "Slot":"ShipCockpit", "Item":"DiamondBackXL_Cockpit", "On":true, "Priority":1, "Health":0.955808, "Value":0 }, { "Slot":"CargoHatch", "Item":"ModularCargoBayDoor", "On":true, "Priority":2, "Health":0.910384, "Value":0 } ] }
{ "timestamp":"2017-11-07T10:26:58Z", "event":"Materials", "Raw":[ { "Name":"carbon", "Count":14 }, { "Name":"iron", "Count":26 }, { "Name":"chromium", "Count":10 }, { "Name":"nickel", "Count":20 }, { "Name":"manganese", "Count":24 }, { "Name":"zinc", "Count":4 }, { "Name":"sulphur", "Count":9 }, { "Name":"tungsten", "Count":3 } ], "Manufactured":[ { "Name":"mechanicalscrap", "Count":8 }, { "Name":"gridresistors", "Count":3 }, { "Name":"heatdispersionplate", "Count":5 }, { "Name":"salvagedalloys", "Count":6 }, { "Name":"hybridcapacitors", "Count":5 }, { "Name":"heatconductionwiring", "Count":2 } ], "Encoded":[ { "Name":"shieldsoakanalysis", "Count":3 }, { "Name":"disruptedwakeechoes", "Count":5 }, { "Name":"shieldcyclerecordings", "Count":9 }, { "Name":"emissiondata", "Count":3 }, { "Name":"bulkscandata", "Count":9 }, { "Name":"scrambledemissiondata", "Count":7 }, { "Name":"archivedemissiondata", "Count":3 }, { "Name":"shielddensityreports", "Count":9 }, { "Name":"legacyfirmware", "Count":1 } ] }
{ "timestamp":"2017-11-07T10:26:58Z", "event":"LoadGame", "Commander":"Igaguri", "Ship":"DiamondBackXL", "ShipID":2, "ShipName":"KONNYAKU", "ShipIdent":"IG-E01", "FuelLevel":28.326246, "FuelCapacity":32.000000, "GameMode":"Group", "Group":"TenManGu", "Credits":726550, "Loan":0 }
{ "timestamp":"2017-11-07T10:26:58Z", "event":"Rank", "Combat":1, "Trade":4, "Explore":4, "Empire":0, "Federation":1, "CQC":0 }
{ "timestamp":"2017-11-07T10:26:58Z", "event":"Progress", "Combat":26, "Trade":1, "Explore":12, "Empire":0, "Federation":100, "CQC":0 }
{ "timestamp":"2017-11-07T10:27:12Z", "event":"Location", "Docked":false, "StarSystem":"Eos Aowsy KZ-Y b43-48", "StarPos":[822.156,388.594,17799.281], "SystemAllegiance":"", "SystemEconomy":"$economy_None;", "SystemEconomy_Localised":"None", "SystemGovernment":"$government_None;", "SystemGovernment_Localised":"None", "SystemSecurity":"$GAlAXY_MAP_INFO_state_anarchy;", "SystemSecurity_Localised":"Anarchy", "Population":0, "Body":"Eos Aowsy KZ-Y b43-48", "BodyType":"Star" }
{ "timestamp":"2017-11-07T10:27:12Z", "event":"Music", "MusicTrack":"NoTrack" }
{ "timestamp":"2017-11-07T10:27:12Z", "event":"Music", "MusicTrack":"Exploration" }
{ "timestamp":"2017-11-07T10:27:15Z", "event":"Friends", "Status":"Online", "Name":"Mitsumete Knight" }
{ "timestamp":"2017-11-07T10:27:17Z", "event":"Music", "MusicTrack":"SystemMap" }
{ "timestamp":"2017-11-07T10:27:19Z", "event":"Music", "MusicTrack":"Exploration" }
{ "timestamp":"2017-11-07T10:27:20Z", "event":"Music", "MusicTrack":"GalaxyMap" }
{ "timestamp":"2017-11-07T10:27:24Z", "event":"Music", "MusicTrack":"Exploration" }
{ "timestamp":"2017-11-07T10:27:31Z", "event":"Music", "MusicTrack":"GalaxyMap" }
{ "timestamp":"2017-11-07T10:27:32Z", "event":"StartJump", "JumpType":"Supercruise" }
{ "timestamp":"2017-11-07T10:27:32Z", "event":"Music", "MusicTrack":"Exploration" }
{ "timestamp":"2017-11-07T10:27:37Z", "event":"SupercruiseEntry", "StarSystem":"Eos Aowsy KZ-Y b43-48" }
{ "timestamp":"2017-11-07T10:27:37Z", "event":"Music", "MusicTrack":"Supercruise" }
{ "timestamp":"2017-11-07T10:27:57Z", "event":"StartJump", "JumpType":"Hyperspace", "StarSystem":"Eos Aowsy UP-L c22-192", "StarClass":"K" }
{ "timestamp":"2017-11-07T10:28:03Z", "event":"Music", "MusicTrack":"NoTrack" }
{ "timestamp":"2017-11-07T10:28:16Z", "event":"FSDJump", "StarSystem":"Eos Aowsy UP-L c22-192", "StarPos":[824.219,406.281,17818.375], "SystemAllegiance":"", "SystemEconomy":"$economy_None;", "SystemEconomy_Localised":"None", "SystemGovernment":"$government_None;", "SystemGovernment_Localised":"None", "SystemSecurity":"$GAlAXY_MAP_INFO_state_anarchy;", "SystemSecurity_Localised":"Anarchy", "Population":0, "JumpDist":26.109, "FuelUsed":3.972309, "FuelLevel":24.353937 }
{ "timestamp":"2017-11-07T10:28:16Z", "event":"Music", "MusicTrack":"Supercruise" }
{ "timestamp":"2017-11-07T10:28:43Z", "event":"FuelScoop", "Scooped":5.002537, "Total":29.356478 }
{ "timestamp":"2017-11-07T10:28:53Z", "event":"FuelScoop", "Scooped":2.643505, "Total":32.000000 }
{ "timestamp":"2017-11-07T10:28:56Z", "event":"Music", "MusicTrack":"SystemMap" }
{ "timestamp":"2017-11-07T10:28:59Z", "event":"Music", "MusicTrack":"Supercruise" }
{ "timestamp":"2017-11-07T10:29:21Z", "event":"StartJump", "JumpType":"Hyperspace", "StarSystem":"Eos Aowsy XU-F d11-5068", "StarClass":"A" }
{ "timestamp":"2017-11-07T10:29:27Z", "event":"Music", "MusicTrack":"NoTrack" }
{ "timestamp":"2017-11-07T10:29:40Z", "event":"FSDJump", "StarSystem":"Eos Aowsy XU-F d11-5068", "StarPos":[822.313,425.156,17835.563], "SystemAllegiance":"", "SystemEconomy":"$economy_None;", "SystemEconomy_Localised":"None", "SystemGovernment":"$government_None;", "SystemGovernment_Localised":"None", "SystemSecurity":"$GAlAXY_MAP_INFO_state_anarchy;", "SystemSecurity_Localised":"Anarchy", "Population":0, "JumpDist":25.599, "FuelUsed":3.873920, "FuelLevel":28.126080 }
{ "timestamp":"2017-11-07T10:29:40Z", "event":"Music", "MusicTrack":"Supercruise" }
{ "timestamp":"2017-11-07T10:30:01Z", "event":"Music", "MusicTrack":"SystemMap" }
{ "timestamp":"2017-11-07T10:30:02Z", "event":"FuelScoop", "Scooped":3.873904, "Total":32.000000 }
{ "timestamp":"2017-11-07T10:30:03Z", "event":"Music", "MusicTrack":"Supercruise" }
{ "timestamp":"2017-11-07T10:30:19Z", "event":"StartJump", "JumpType":"Hyperspace", "StarSystem":"Eos Aowsy XU-F d11-109", "StarClass":"F" }
{ "timestamp":"2017-11-07T10:30:24Z", "event":"Music", "MusicTrack":"NoTrack" }
{ "timestamp":"2017-11-07T10:30:38Z", "event":"FSDJump", "StarSystem":"Eos Aowsy XU-F d11-109", "StarPos":[815.094,442.813,17852.250], "SystemAllegiance":"", "SystemEconomy":"$economy_None;", "SystemEconomy_Localised":"None", "SystemGovernment":"$government_None;", "SystemGovernment_Localised":"None", "SystemSecurity":"$GAlAXY_MAP_INFO_state_anarchy;", "SystemSecurity_Localised":"Anarchy", "Population":0, "JumpDist":25.344, "FuelUsed":3.779852, "FuelLevel":28.220148 }
{ "timestamp":"2017-11-07T10:30:38Z", "event":"Music", "MusicTrack":"Supercruise" }
{ "timestamp":"2017-11-07T10:30:58Z", "event":"FuelScoop", "Scooped":3.779828, "Total":32.000000 }
{ "timestamp":"2017-11-07T10:31:02Z", "event":"Music", "MusicTrack":"SystemMap" }
{ "timestamp":"2017-11-07T10:31:07Z", "event":"Music", "MusicTrack":"Supercruise" }
{ "timestamp":"2017-11-07T10:31:26Z", "event":"StartJump", "JumpType":"Hyperspace", "StarSystem":"Eos Aowsy NL-U b46-70", "StarClass":"M" }
{ "timestamp":"2017-11-07T10:31:31Z", "event":"Music", "MusicTrack":"NoTrack" }
{ "timestamp":"2017-11-07T10:31:44Z", "event":"FSDJump", "StarSystem":"Eos Aowsy NL-U b46-70", "StarPos":[809.594,465.000,17864.719], "SystemAllegiance":"", "SystemEconomy":"$economy_None;", "SystemEconomy_Localised":"None", "SystemGovernment":"$government_None;", "SystemGovernment_Localised":"None", "SystemSecurity":"$GAlAXY_MAP_INFO_state_anarchy;", "SystemSecurity_Localised":"Anarchy", "Population":0, "JumpDist":26.039, "FuelUsed":4.038413, "FuelLevel":27.961588 }
{ "timestamp":"2017-11-07T10:31:45Z", "event":"Music", "MusicTrack":"Supercruise" }
{ "timestamp":"2017-11-07T10:32:04Z", "event":"Music", "MusicTrack":"SystemMap" }
{ "timestamp":"2017-11-07T10:32:07Z", "event":"FuelScoop", "Scooped":3.269820, "Total":31.231436 }
{ "timestamp":"2017-11-07T10:32:08Z", "event":"Music", "MusicTrack":"Supercruise" }
{ "timestamp":"2017-11-07T10:32:24Z", "event":"StartJump", "JumpType":"Hyperspace", "StarSystem":"Eos Aowsy PW-S b47-97", "StarClass":"M" }
{ "timestamp":"2017-11-07T10:32:29Z", "event":"Music", "MusicTrack":"NoTrack" }
{ "timestamp":"2017-11-07T10:32:42Z", "event":"FSDJump", "StarSystem":"Eos Aowsy PW-S b47-97", "StarPos":[809.031,480.344,17885.656], "SystemAllegiance":"", "SystemEconomy":"$economy_None;", "SystemEconomy_Localised":"None", "SystemGovernment":"$government_None;", "SystemGovernment_Localised":"None", "SystemSecurity":"$GAlAXY_MAP_INFO_state_anarchy;", "SystemSecurity_Localised":"Anarchy", "Population":0, "JumpDist":25.964, "FuelUsed":3.990797, "FuelLevel":27.240639 }
{ "timestamp":"2017-11-07T10:32:43Z", "event":"Music", "MusicTrack":"Supercruise" }
{ "timestamp":"2017-11-07T10:32:59Z", "event":"Music", "MusicTrack":"SystemMap" }
{ "timestamp":"2017-11-07T10:33:00Z", "event":"Music", "MusicTrack":"Supercruise" }
{ "timestamp":"2017-11-07T10:33:02Z", "event":"FuelScoop", "Scooped":2.596470, "Total":29.837099 }
{ "timestamp":"2017-11-07T10:33:17Z", "event":"StartJump", "JumpType":"Hyperspace", "StarSystem":"Eos Aowsy VQ-I c24-48", "StarClass":"K" }
{ "timestamp":"2017-11-07T10:33:23Z", "event":"Music", "MusicTrack":"NoTrack" }
{ "timestamp":"2017-11-07T10:33:36Z", "event":"FSDJump", "StarSystem":"Eos Aowsy VQ-I c24-48", "StarPos":[807.844,498.563,17903.969], "SystemAllegiance":"", "SystemEconomy":"$economy_None;", "SystemEconomy_Localised":"None", "SystemGovernment":"$government_None;", "SystemGovernment_Localised":"None", "SystemSecurity":"$GAlAXY_MAP_INFO_state_anarchy;", "SystemSecurity_Localised":"Anarchy", "Population":0, "JumpDist":25.859, "FuelUsed":3.916632, "FuelLevel":25.920467 }
{ "timestamp":"2017-11-07T10:33:36Z", "event":"Music", "MusicTrack":"Supercruise" }
{ "timestamp":"2017-11-07T10:34:00Z", "event":"FuelScoop", "Scooped":3.914277, "Total":29.834774 }
{ "timestamp":"2017-11-07T10:34:02Z", "event":"Music", "MusicTrack":"SystemMap" }
{ "timestamp":"2017-11-07T10:34:03Z", "event":"Music", "MusicTrack":"Supercruise" }
{ "timestamp":"2017-11-07T10:34:19Z", "event":"StartJump", "JumpType":"Hyperspace", "StarSystem":"Eos Aowsy TS-P b49-1", "StarClass":"M" }
{ "timestamp":"2017-11-07T10:34:24Z", "event":"Music", "MusicTrack":"NoTrack" }
{ "timestamp":"2017-11-07T10:34:37Z", "event":"FSDJump", "StarSystem":"Eos Aowsy TS-P b49-1", "StarPos":[805.750,516.594,17922.719], "SystemAllegiance":"", "SystemEconomy":"$economy_None;", "SystemEconomy_Localised":"None", "SystemGovernment":"$government_None;", "SystemGovernment_Localised":"None", "SystemSecurity":"$GAlAXY_MAP_INFO_state_anarchy;", "SystemSecurity_Localised":"Anarchy", "Population":0, "JumpDist":26.097, "FuelUsed":4.005681, "FuelLevel":25.829094 }
{ "timestamp":"2017-11-07T10:34:37Z", "event":"Music", "MusicTrack":"Supercruise" }
{ "timestamp":"2017-11-07T10:34:57Z", "event":"Music", "MusicTrack":"SystemMap" }
{ "timestamp":"2017-11-07T10:34:57Z", "event":"FuelScoop", "Scooped":2.693219, "Total":28.522308 }
{ "timestamp":"2017-11-07T10:35:00Z", "event":"Music", "MusicTrack":"Supercruise" }
{ "timestamp":"2017-11-07T10:35:16Z", "event":"StartJump", "JumpType":"Hyperspace", "StarSystem":"Eos Aowsy YF-E d12-179", "StarClass":"A" }
{ "timestamp":"2017-11-07T10:35:22Z", "event":"Music", "MusicTrack":"NoTrack" }
{ "timestamp":"2017-11-07T10:35:35Z", "event":"FSDJump", "StarSystem":"Eos Aowsy YF-E d12-179", "StarPos":[799.938,534.563,17940.375], "SystemAllegiance":"", "SystemEconomy":"$economy_None;", "SystemEconomy_Localised":"None", "SystemGovernment":"$government_None;", "SystemGovernment_Localised":"None", "SystemSecurity":"$GAlAXY_MAP_INFO_state_anarchy;", "SystemSecurity_Localised":"Anarchy", "Population":0, "JumpDist":25.854, "FuelUsed":3.882403, "FuelLevel":24.639906 }
{ "timestamp":"2017-11-07T10:35:35Z", "event":"Music", "MusicTrack":"Supercruise" }
{ "timestamp":"2017-11-07T10:36:00Z", "event":"FuelScoop", "Scooped":5.002986, "Total":29.642864 }
{ "timestamp":"2017-11-07T10:36:08Z", "event":"FuelScoop", "Scooped":2.357157, "Total":32.000000 }
{ "timestamp":"2017-11-07T10:36:10Z", "event":"Music", "MusicTrack":"SystemMap" }
{ "timestamp":"2017-11-07T10:36:14Z", "event":"Music", "MusicTrack":"Supercruise" }
{ "timestamp":"2017-11-07T10:36:34Z", "event":"StartJump", "JumpType":"Hyperspace", "StarSystem":"Eos Aowsy XB-H c25-572", "StarClass":"K" }
{ "timestamp":"2017-11-07T10:36:40Z", "event":"Music", "MusicTrack":"NoTrack" }
{ "timestamp":"2017-11-07T10:36:53Z", "event":"FSDJump", "StarSystem":"Eos Aowsy XB-H c25-572", "StarPos":[797.750,555.906,17954.688], "SystemAllegiance":"", "SystemEconomy":"$economy_None;", "SystemEconomy_Localised":"None", "SystemGovernment":"$government_None;", "SystemGovernment_Localised":"None", "SystemSecurity":"$GAlAXY_MAP_INFO_state_anarchy;", "SystemSecurity_Localised":"Anarchy", "Population":0, "JumpDist":25.791, "FuelUsed":3.945581, "FuelLevel":28.054419 }
{ "timestamp":"2017-11-07T10:36:53Z", "event":"Music", "MusicTrack":"Supercruise" }
{ "timestamp":"2017-11-07T10:37:14Z", "event":"FuelScoop", "Scooped":3.945579, "Total":32.000000 }
{ "timestamp":"2017-11-07T10:37:21Z", "event":"Music", "MusicTrack":"SystemMap" }
{ "timestamp":"2017-11-07T10:37:22Z", "event":"Music", "MusicTrack":"Supercruise" }
{ "timestamp":"2017-11-07T10:37:38Z", "event":"StartJump", "JumpType":"Hyperspace", "StarSystem":"Eos Aowsy XB-H c25-672", "StarClass":"M" }
{ "timestamp":"2017-11-07T10:37:43Z", "event":"Music", "MusicTrack":"NoTrack" }
{ "timestamp":"2017-11-07T10:37:57Z", "event":"FSDJump", "StarSystem":"Eos Aowsy XB-H c25-672", "StarPos":[794.813,574.500,17972.688], "SystemAllegiance":"", "SystemEconomy":"$economy_None;", "SystemEconomy_Localised":"None", "SystemGovernment":"$government_None;", "SystemGovernment_Localised":"None", "SystemSecurity":"$GAlAXY_MAP_INFO_state_anarchy;", "SystemSecurity_Localised":"Anarchy", "Population":0, "JumpDist":26.045, "FuelUsed":4.041397, "FuelLevel":27.958603 }
{ "timestamp":"2017-11-07T10:37:57Z", "event":"Music", "MusicTrack":"Supercruise" }
{ "timestamp":"2017-11-07T10:38:18Z", "event":"FuelScoop", "Scooped":4.041396, "Total":32.000000 }
{ "timestamp":"2017-11-07T10:39:01Z", "event":"Music", "MusicTrack":"GalaxyMap" }
{ "timestamp":"2017-11-07T10:39:12Z", "event":"Music", "MusicTrack":"SystemMap" }
{ "timestamp":"2017-11-07T10:39:14Z", "event":"Music", "MusicTrack":"Supercruise" }
{ "timestamp":"2017-11-07T10:39:30Z", "event":"StartJump", "JumpType":"Hyperspace", "StarSystem":"Eos Aowsy AR-C d13-1446", "StarClass":"F" }
{ "timestamp":"2017-11-07T10:39:36Z", "event":"Music", "MusicTrack":"NoTrack" }
{ "timestamp":"2017-11-07T10:39:49Z", "event":"FSDJump", "StarSystem":"Eos Aowsy AR-C d13-1446", "StarPos":[787.531,591.469,17990.375], "SystemAllegiance":"", "SystemEconomy":"$economy_None;", "SystemEconomy_Localised":"None", "SystemGovernment":"$government_None;", "SystemGovernment_Localised":"None", "SystemSecurity":"$GAlAXY_MAP_INFO_state_anarchy;", "SystemSecurity_Localised":"Anarchy", "Population":0, "JumpDist":25.570, "FuelUsed":3.862920, "FuelLevel":28.137081 }
{ "timestamp":"2017-11-07T10:39:49Z", "event":"Music", "MusicTrack":"Supercruise" }
{ "timestamp":"2017-11-07T10:40:13Z", "event":"FuelScoop", "Scooped":3.862920, "Total":32.000000 }
{ "timestamp":"2017-11-07T10:40:24Z", "event":"Music", "MusicTrack":"SystemMap" }
{ "timestamp":"2017-11-07T10:40:27Z", "event":"Music", "MusicTrack":"Supercruise" }
{ "timestamp":"2017-11-07T10:40:36Z", "event":"Scan", "BodyName":"Eos Aowsy AR-C d13-1446 C", "DistanceFromArrivalLS":47.368435, "StarType":"M", "StellarMass":0.414063, "Radius":418068320.000000, "AbsoluteMagnitude":8.384598, "Age_MY":1978, "SurfaceTemperature":3288.000000, "Luminosity":"Va", "SemiMajorAxis":291573024.000000, "Eccentricity":0.005747, "OrbitalInclination":-14.069667, "Periapsis":92.325745, "OrbitalPeriod":23621.494141, "RotationPeriod":195471.031250, "AxialTilt":0.000000 }
{ "timestamp":"2017-11-07T10:40:43Z", "event":"Music", "MusicTrack":"SystemMap" }
{ "timestamp":"2017-11-07T10:40:47Z", "event":"Music", "MusicTrack":"Supercruise" }
{ "timestamp":"2017-11-07T10:41:01Z", "event":"Scan", "BodyName":"Eos Aowsy AR-C d13-1446 D", "DistanceFromArrivalLS":48.478420, "StarType":"L", "StellarMass":0.164063, "Radius":231182432.000000, "AbsoluteMagnitude":12.322556, "Age_MY":1978, "SurfaceTemperature":1786.000000, "Luminosity":"V", "SemiMajorAxis":735874880.000000, "Eccentricity":0.005747, "OrbitalInclination":-14.069667, "Periapsis":272.325745, "OrbitalPeriod":23621.494141, "RotationPeriod":117350.742188, "AxialTilt":0.000000 }
{ "timestamp":"2017-11-07T10:41:43Z", "event":"Scan", "BodyName":"Eos Aowsy AR-C d13-1446 A", "DistanceFromArrivalLS":0.000000, "StarType":"F", "StellarMass":1.171875, "Radius":743871680.000000, "AbsoluteMagnitude":3.999542, "Age_MY":1978, "SurfaceTemperature":6764.000000, "Luminosity":"VI", "SemiMajorAxis":488983616.000000, "Eccentricity":0.038502, "OrbitalInclination":63.199512, "Periapsis":284.916290, "OrbitalPeriod":34297.671875, "RotationPeriod":280613.843750, "AxialTilt":0.000000 }
{ "timestamp":"2017-11-07T10:42:01Z", "event":"Scan", "BodyName":"Eos Aowsy AR-C d13-1446 B", "DistanceFromArrivalLS":6.064000, "StarType":"M", "StellarMass":0.421875, "Radius":440227168.000000, "AbsoluteMagnitude":7.904037, "Age_MY":1978, "SurfaceTemperature":3579.000000, "Luminosity":"Va", "SemiMajorAxis":1358287872.000000, "Eccentricity":0.038502, "OrbitalInclination":63.199512, "Periapsis":104.916275, "OrbitalPeriod":34297.671875, "RotationPeriod":186969.765625, "AxialTilt":0.000000 }
{ "timestamp":"2017-11-07T10:45:07Z", "event":"Music", "MusicTrack":"SystemMap" }
{ "timestamp":"2017-11-07T10:45:12Z", "event":"Music", "MusicTrack":"Supercruise" }
{ "timestamp":"2017-11-07T10:45:34Z", "event":"StartJump", "JumpType":"Hyperspace", "StarSystem":"Eos Aowsy AL-J b53-78", "StarClass":"M" }
{ "timestamp":"2017-11-07T10:45:40Z", "event":"Music", "MusicTrack":"NoTrack" }
{ "timestamp":"2017-11-07T10:45:53Z", "event":"FSDJump", "StarSystem":"Eos Aowsy AL-J b53-78", "StarPos":[780.313,612.625,18002.156], "SystemAllegiance":"", "SystemEconomy":"$economy_None;", "SystemEconomy_Localised":"None", "SystemGovernment":"$government_None;", "SystemGovernment_Localised":"None", "SystemSecurity":"$GAlAXY_MAP_INFO_state_anarchy;", "SystemSecurity_Localised":"Anarchy", "Population":0, "JumpDist":25.268, "FuelUsed":3.752130, "FuelLevel":27.727869 }
{ "timestamp":"2017-11-07T10:45:53Z", "event":"Music", "MusicTrack":"Supercruise" }
{ "timestamp":"2017-11-07T10:46:06Z", "event":"Music", "MusicTrack":"SystemMap" }
{ "timestamp":"2017-11-07T10:46:07Z", "event":"Music", "MusicTrack":"Supercruise" }
{ "timestamp":"2017-11-07T10:46:19Z", "event":"Scan", "BodyName":"Eos Aowsy AL-J b53-78 A", "DistanceFromArrivalLS":0.000000, "StarType":"M", "StellarMass":0.226563, "Radius":301797920.000000, "AbsoluteMagnitude":10.404205, "Age_MY":1762, "SurfaceTemperature":2431.000000, "Luminosity":"Va", "SemiMajorAxis":8149186560.000000, "Eccentricity":0.305127, "OrbitalInclination":-17.327938, "Periapsis":99.329407, "OrbitalPeriod":4713578.000000, "RotationPeriod":125847.031250, "AxialTilt":0.000000 }
{ "timestamp":"2017-11-07T10:46:21Z", "event":"Music", "MusicTrack":"SystemMap" }
{ "timestamp":"2017-11-07T10:46:22Z", "event":"Music", "MusicTrack":"Supercruise" }
{ "timestamp":"2017-11-07T10:46:38Z", "event":"Scan", "BodyName":"Eos Aowsy AL-J b53-78 B", "DistanceFromArrivalLS":121.714714, "StarType":"T", "StellarMass":0.089844, "Radius":147725824.000000, "AbsoluteMagnitude":14.776398, "Age_MY":1762, "SurfaceTemperature":1270.000000, "Luminosity":"V", "SemiMajorAxis":20549632000.000000, "Eccentricity":0.305127, "OrbitalInclination":-17.327938, "Periapsis":279.329407, "OrbitalPeriod":4713578.000000, "RotationPeriod":60951.906250, "AxialTilt":0.000000 }
{ "timestamp":"2017-11-07T10:47:07Z", "event":"StartJump", "JumpType":"Hyperspace", "StarSystem":"Eos Aowsy BW-H b54-46", "StarClass":"M" }
{ "timestamp":"2017-11-07T10:47:12Z", "event":"Music", "MusicTrack":"NoTrack" }
{ "timestamp":"2017-11-07T10:47:25Z", "event":"FSDJump", "StarSystem":"Eos Aowsy BW-H b54-46", "StarPos":[774.094,633.688,18015.750], "SystemAllegiance":"", "SystemEconomy":"$economy_None;", "SystemEconomy_Localised":"None", "SystemGovernment":"$government_None;", "SystemGovernment_Localised":"None", "SystemSecurity":"$GAlAXY_MAP_INFO_state_anarchy;", "SystemSecurity_Localised":"Anarchy", "Population":0, "JumpDist":25.828, "FuelUsed":3.853782, "FuelLevel":23.874086 }
{ "timestamp":"2017-11-07T10:47:26Z", "event":"Music", "MusicTrack":"Supercruise" }
{ "timestamp":"2017-11-07T10:47:52Z", "event":"FuelScoop", "Scooped":5.004801, "Total":28.878927 }
{ "timestamp":"2017-11-07T10:48:03Z", "event":"FuelScoop", "Scooped":2.663984, "Total":31.542912 }
{ "timestamp":"2017-11-07T10:48:08Z", "event":"Music", "MusicTrack":"SystemMap" }
{ "timestamp":"2017-11-07T10:48:10Z", "event":"Music", "MusicTrack":"Supercruise" }
{ "timestamp":"2017-11-07T10:48:26Z", "event":"StartJump", "JumpType":"Hyperspace", "StarSystem":"Eos Aowsy AY-D c27-58", "StarClass":"K" }
{ "timestamp":"2017-11-07T10:48:31Z", "event":"Music", "MusicTrack":"NoTrack" }
{ "timestamp":"2017-11-07T10:48:44Z", "event":"FSDJump", "StarSystem":"Eos Aowsy AY-D c27-58", "StarPos":[766.938,653.500,18031.125], "SystemAllegiance":"", "SystemEconomy":"$economy_None;", "SystemEconomy_Localised":"None", "SystemGovernment":"$government_None;", "SystemGovernment_Localised":"None", "SystemSecurity":"$GAlAXY_MAP_INFO_state_anarchy;", "SystemSecurity_Localised":"Anarchy", "Population":0, "JumpDist":26.079, "FuelUsed":4.042367, "FuelLevel":27.500546 }
{ "timestamp":"2017-11-07T10:48:44Z", "event":"Music", "MusicTrack":"Supercruise" }
{ "timestamp":"2017-11-07T10:49:08Z", "event":"FuelScoop", "Scooped":4.499448, "Total":32.000000 }
{ "timestamp":"2017-11-07T10:49:26Z", "event":"StartJump", "JumpType":"Hyperspace", "StarSystem":"Eos Aowsy BM-G b55-40", "StarClass":"M" }
{ "timestamp":"2017-11-07T10:49:32Z", "event":"Music", "MusicTrack":"NoTrack" }
{ "timestamp":"2017-11-07T10:49:45Z", "event":"FSDJump", "StarSystem":"Eos Aowsy BM-G b55-40", "StarPos":[764.500,674.844,18044.906], "SystemAllegiance":"", "SystemEconomy":"$economy_None;", "SystemEconomy_Localised":"None", "SystemGovernment":"$government_None;", "SystemGovernment_Localised":"None", "SystemSecurity":"$GAlAXY_MAP_INFO_state_anarchy;", "SystemSecurity_Localised":"Anarchy", "Population":0, "JumpDist":25.523, "FuelUsed":3.845726, "FuelLevel":28.154274 }
{ "timestamp":"2017-11-07T10:49:45Z", "event":"Music", "MusicTrack":"Supercruise" }
{ "timestamp":"2017-11-07T10:50:01Z", "event":"Music", "MusicTrack":"SystemMap" }
{ "timestamp":"2017-11-07T10:50:02Z", "event":"Music", "MusicTrack":"Supercruise" }
{ "timestamp":"2017-11-07T10:50:03Z", "event":"FuelScoop", "Scooped":1.952153, "Total":30.106447 }
{ "timestamp":"2017-11-07T10:50:22Z", "event":"StartJump", "JumpType":"Hyperspace", "StarSystem":"Eos Aowsy DX-E b56-53", "StarClass":"M" }
{ "timestamp":"2017-11-07T10:50:28Z", "event":"Music", "MusicTrack":"NoTrack" }
{ "timestamp":"2017-11-07T10:50:41Z", "event":"FSDJump", "StarSystem":"Eos Aowsy DX-E b56-53", "StarPos":[764.281,694.500,18061.000], "SystemAllegiance":"", "SystemEconomy":"$economy_None;", "SystemEconomy_Localised":"None", "SystemGovernment":"$government_None;", "SystemGovernment_Localised":"None", "SystemSecurity":"$GAlAXY_MAP_INFO_state_anarchy;", "SystemSecurity_Localised":"Anarchy", "Population":0, "JumpDist":25.405, "FuelUsed":3.757170, "FuelLevel":26.349277 }
{ "timestamp":"2017-11-07T10:50:41Z", "event":"Music", "MusicTrack":"Supercruise" }
{ "timestamp":"2017-11-07T10:50:58Z", "event":"Music", "MusicTrack":"SystemMap" }
{ "timestamp":"2017-11-07T10:50:59Z", "event":"Music", "MusicTrack":"Supercruise" }
{ "timestamp":"2017-11-07T10:51:01Z", "event":"FuelScoop", "Scooped":2.678759, "Total":29.028019 }
{ "timestamp":"2017-11-07T10:51:15Z", "event":"StartJump", "JumpType":"Hyperspace", "StarSystem":"Eos Aowsy AO-C c28-63", "StarClass":"M" }
{ "timestamp":"2017-11-07T10:51:20Z", "event":"Music", "MusicTrack":"NoTrack" }
{ "timestamp":"2017-11-07T10:51:34Z", "event":"FSDJump", "StarSystem":"Eos Aowsy AO-C c28-63", "StarPos":[761.188,712.625,18079.500], "SystemAllegiance":"", "SystemEconomy":"$economy_None;", "SystemEconomy_Localised":"None", "SystemGovernment":"$government_None;", "SystemGovernment_Localised":"None", "SystemSecurity":"$GAlAXY_MAP_INFO_state_anarchy;", "SystemSecurity_Localised":"Anarchy", "Population":0, "JumpDist":26.083, "FuelUsed":3.980059, "FuelLevel":25.047960 }
{ "timestamp":"2017-11-07T10:51:34Z", "event":"Music", "MusicTrack":"Supercruise" }
{ "timestamp":"2017-11-07T10:51:59Z", "event":"FuelScoop", "Scooped":5.004060, "Total":30.051998 }
{ "timestamp":"2017-11-07T10:52:05Z", "event":"FuelScoop", "Scooped":1.948003, "Total":32.000000 }
{ "timestamp":"2017-11-07T10:52:17Z", "event":"Music", "MusicTrack":"SystemMap" }
{ "timestamp":"2017-11-07T10:52:21Z", "event":"Music", "MusicTrack":"Supercruise" }
{ "timestamp":"2017-11-07T10:52:37Z", "event":"StartJump", "JumpType":"Hyperspace", "StarSystem":"Eos Aowsy BS-D b57-94", "StarClass":"M" }
{ "timestamp":"2017-11-07T10:52:42Z", "event":"Music", "MusicTrack":"NoTrack" }
{ "timestamp":"2017-11-07T10:52:55Z", "event":"FSDJump", "StarSystem":"Eos Aowsy BS-D b57-94", "StarPos":[757.500,735.063,18092.094], "SystemAllegiance":"", "SystemEconomy":"$economy_None;", "SystemEconomy_Localised":"None", "SystemGovernment":"$government_None;", "SystemGovernment_Localised":"None", "SystemSecurity":"$GAlAXY_MAP_INFO_state_anarchy;", "SystemSecurity_Localised":"Anarchy", "Population":0, "JumpDist":25.993, "FuelUsed":4.021357, "FuelLevel":27.978643 }
{ "timestamp":"2017-11-07T10:52:56Z", "event":"Music", "MusicTrack":"Supercruise" }
{ "timestamp":"2017-11-07T10:53:11Z", "event":"Music", "MusicTrack":"SystemMap" }
{ "timestamp":"2017-11-07T10:53:12Z", "event":"Music", "MusicTrack":"Supercruise" }
{ "timestamp":"2017-11-07T10:53:14Z", "event":"FuelScoop", "Scooped":2.299123, "Total":30.277742 }
{ "timestamp":"2017-11-07T10:53:28Z", "event":"StartJump", "JumpType":"Hyperspace", "StarSystem":"Eos Aowsy DD-C b58-2", "StarClass":"M" }
{ "timestamp":"2017-11-07T10:53:33Z", "event":"Music", "MusicTrack":"NoTrack" }
{ "timestamp":"2017-11-07T10:53:47Z", "event":"FSDJump", "StarSystem":"Eos Aowsy DD-C b58-2", "StarPos":[756.813,755.938,18107.344], "SystemAllegiance":"", "SystemEconomy":"$economy_None;", "SystemEconomy_Localised":"None", "SystemGovernment":"$government_None;", "SystemGovernment_Localised":"None", "SystemSecurity":"$GAlAXY_MAP_INFO_state_anarchy;", "SystemSecurity_Localised":"Anarchy", "Population":0, "JumpDist":25.861, "FuelUsed":3.927276, "FuelLevel":26.350468 }
{ "timestamp":"2017-11-07T10:53:47Z", "event":"Music", "MusicTrack":"Supercruise" }
{ "timestamp":"2017-11-07T10:54:05Z", "event":"FuelScoop", "Scooped":2.182545, "Total":28.533001 }
{ "timestamp":"2017-11-07T10:54:06Z", "event":"Music", "MusicTrack":"SystemMap" }
{ "timestamp":"2017-11-07T10:54:07Z", "event":"Music", "MusicTrack":"Supercruise" }
{ "timestamp":"2017-11-07T10:54:29Z", "event":"StartJump", "JumpType":"Hyperspace", "StarSystem":"Eos Aowsy AE-B c29-332", "StarClass":"M" }
{ "timestamp":"2017-11-07T10:54:35Z", "event":"Music", "MusicTrack":"NoTrack" }
{ "timestamp":"2017-11-07T10:54:48Z", "event":"FSDJump", "StarSystem":"Eos Aowsy AE-B c29-332", "StarPos":[755.000,775.125,18123.688], "SystemAllegiance":"", "SystemEconomy":"$economy_None;", "SystemEconomy_Localised":"None", "SystemGovernment":"$government_None;", "SystemGovernment_Localised":"None", "SystemSecurity":"$GAlAXY_MAP_INFO_state_anarchy;", "SystemSecurity_Localised":"Anarchy", "Population":0, "JumpDist":25.270, "FuelUsed":3.671182, "FuelLevel":24.861818 }
{ "timestamp":"2017-11-07T10:54:48Z", "event":"Music", "MusicTrack":"Supercruise" }
{ "timestamp":"2017-11-07T10:55:05Z", "event":"Music", "MusicTrack":"SystemMap" }
{ "timestamp":"2017-11-07T10:55:06Z", "event":"Music", "MusicTrack":"Supercruise" }
{ "timestamp":"2017-11-07T10:55:07Z", "event":"FuelScoop", "Scooped":2.694139, "Total":27.555929 }
{ "timestamp":"2017-11-07T10:55:34Z", "event":"StartJump", "JumpType":"Hyperspace", "StarSystem":"Dryau Aowsy QX-B d270", "StarClass":"G" }
{ "timestamp":"2017-11-07T10:55:39Z", "event":"Music", "MusicTrack":"NoTrack" }
{ "timestamp":"2017-11-07T10:55:53Z", "event":"FSDJump", "StarSystem":"Dryau Aowsy QX-B d270", "StarPos":[752.000,796.313,18137.719], "SystemAllegiance":"", "SystemEconomy":"$economy_None;", "SystemEconomy_Localised":"None", "SystemGovernment":"$government_None;", "SystemGovernment_Localised":"None", "SystemSecurity":"$GAlAXY_MAP_INFO_state_anarchy;", "SystemSecurity_Localised":"Anarchy", "Population":0, "JumpDist":25.589, "FuelUsed":3.762458, "FuelLevel":23.793470 }
{ "timestamp":"2017-11-07T10:55:53Z", "event":"Music", "MusicTrack":"Supercruise" }
{ "timestamp":"2017-11-07T10:56:18Z", "event":"FuelScoop", "Scooped":5.002118, "Total":28.795593 }
{ "timestamp":"2017-11-07T10:56:30Z", "event":"FuelScoop", "Scooped":3.204400, "Total":32.000000 }
{ "timestamp":"2017-11-07T10:56:54Z", "event":"Scan", "BodyName":"Dryau Aowsy QX-B d270 B", "DistanceFromArrivalLS":17.847740, "StarType":"K", "StellarMass":0.675781, "Radius":568659520.000000, "AbsoluteMagnitude":6.572067, "Age_MY":3812, "SurfaceTemperature":4279.000000, "Luminosity":"Va", "SemiMajorAxis":3345856512.000000, "Eccentricity":0.025866, "OrbitalInclination":74.224113, "Periapsis":117.909920, "OrbitalPeriod":150272.203125, "RotationPeriod":266308.093750, "AxialTilt":0.000000 }
{ "timestamp":"2017-11-07T10:57:13Z", "event":"Music", "MusicTrack":"SystemMap" }
{ "timestamp":"2017-11-07T10:57:20Z", "event":"Music", "MusicTrack":"Supercruise" }
{ "timestamp":"2017-11-07T10:57:25Z", "event":"Scan", "BodyName":"Dryau Aowsy QX-B d270 A", "DistanceFromArrivalLS":0.000000, "StarType":"G", "StellarMass":1.203125, "Radius":756670336.000000, "AbsoluteMagnitude":4.523880, "Age_MY":3812, "SurfaceTemperature":5944.000000, "Luminosity":"Vab", "SemiMajorAxis":1879328000.000000, "Eccentricity":0.025866, "OrbitalInclination":74.224113, "Periapsis":297.909912, "OrbitalPeriod":150272.203125, "RotationPeriod":321862.250000, "AxialTilt":0.000000 }
{ "timestamp":"2017-11-07T10:57:26Z", "event":"Music", "MusicTrack":"SystemMap" }
{ "timestamp":"2017-11-07T10:57:29Z", "event":"Music", "MusicTrack":"Supercruise" }
{ "timestamp":"2017-11-07T10:57:47Z", "event":"Music", "MusicTrack":"GalaxyMap" }
{ "timestamp":"2017-11-07T10:58:01Z", "event":"Music", "MusicTrack":"Supercruise" }
{ "timestamp":"2017-11-07T10:58:26Z", "event":"StartJump", "JumpType":"Hyperspace", "StarSystem":"Dryau Aowsy QX-B d4080", "StarClass":"F" }
{ "timestamp":"2017-11-07T10:58:32Z", "event":"Music", "MusicTrack":"NoTrack" }
{ "timestamp":"2017-11-07T10:58:45Z", "event":"FSDJump", "StarSystem":"Dryau Aowsy QX-B d4080", "StarPos":[749.031,818.875,18150.281], "SystemAllegiance":"", "SystemEconomy":"$economy_None;", "SystemEconomy_Localised":"None", "SystemGovernment":"$government_None;", "SystemGovernment_Localised":"None", "SystemSecurity":"$GAlAXY_MAP_INFO_state_anarchy;", "SystemSecurity_Localised":"Anarchy", "Population":0, "JumpDist":25.994, "FuelUsed":4.021986, "FuelLevel":27.978014 }
{ "timestamp":"2017-11-07T10:58:45Z", "event":"Music", "MusicTrack":"Supercruise" }
{ "timestamp":"2017-11-07T10:59:07Z", "event":"FuelScoop", "Scooped":4.021981, "Total":32.000000 }
{ "timestamp":"2017-11-07T10:59:16Z", "event":"Music", "MusicTrack":"SystemMap" }
{ "timestamp":"2017-11-07T10:59:22Z", "event":"Music", "MusicTrack":"Supercruise" }
{ "timestamp":"2017-11-07T10:59:24Z", "event":"Music", "MusicTrack":"SystemMap" }
{ "timestamp":"2017-11-07T10:59:25Z", "event":"Music", "MusicTrack":"Supercruise" }
{ "timestamp":"2017-11-07T10:59:26Z", "event":"Music", "MusicTrack":"SystemMap" }
{ "timestamp":"2017-11-07T10:59:29Z", "event":"Music", "MusicTrack":"Supercruise" }
{ "timestamp":"2017-11-07T10:59:48Z", "event":"Scan", "BodyName":"Dryau Aowsy QX-B d4080 B", "DistanceFromArrivalLS":461.958923, "StarType":"M", "StellarMass":0.296875, "Radius":306446176.000000, "AbsoluteMagnitude":9.598709, "Age_MY":704, "SurfaceTemperature":2904.000000, "Luminosity":"Va", "SemiMajorAxis":942716032.000000, "Eccentricity":0.046968, "OrbitalInclination":-16.614315, "Periapsis":168.326324, "OrbitalPeriod":106589.492188, "RotationPeriod":153684.687500, "AxialTilt":0.000000 }
{ "timestamp":"2017-11-07T10:59:51Z", "event":"Music", "MusicTrack":"SystemMap" }
{ "timestamp":"2017-11-07T10:59:55Z", "event":"Music", "MusicTrack":"Supercruise" }
{ "timestamp":"2017-11-07T11:00:10Z", "event":"Scan", "BodyName":"Dryau Aowsy QX-B d4080 C", "DistanceFromArrivalLS":461.848114, "StarType":"L", "StellarMass":0.167969, "Radius":211591776.000000, "AbsoluteMagnitude":12.025436, "Age_MY":704, "SurfaceTemperature":1999.000000, "Luminosity":"V", "SemiMajorAxis":1666196352.000000, "Eccentricity":0.046968, "OrbitalInclination":-16.614315, "Periapsis":348.326324, "OrbitalPeriod":106589.492188, "RotationPeriod":108004.328125, "AxialTilt":0.000000 }
{ "timestamp":"2017-11-07T11:01:08Z", "event":"Scan", "BodyName":"Dryau Aowsy QX-B d4080 A", "DistanceFromArrivalLS":0.000000, "StarType":"F", "StellarMass":1.031250, "Radius":682764928.000000, "AbsoluteMagnitude":4.621094, "Age_MY":704, "SurfaceTemperature":6119.000000, "Luminosity":"Vb", "SemiMajorAxis":38515601408.000000, "Eccentricity":0.139931, "OrbitalInclination":81.567406, "Periapsis":98.185783, "OrbitalPeriod":19459458.000000, "RotationPeriod":412744.781250, "AxialTilt":0.000000 }
{ "timestamp":"2017-11-07T11:02:26Z", "event":"StartJump", "JumpType":"Hyperspace", "StarSystem":"Dryau Aowsy QX-B d2059", "StarClass":"A" }
{ "timestamp":"2017-11-07T11:02:31Z", "event":"Music", "MusicTrack":"NoTrack" }
{ "timestamp":"2017-11-07T11:02:44Z", "event":"FSDJump", "StarSystem":"Dryau Aowsy QX-B d2059", "StarPos":[747.906,832.875,18171.938], "SystemAllegiance":"", "SystemEconomy":"$economy_None;", "SystemEconomy_Localised":"None", "SystemGovernment":"$government_None;", "SystemGovernment_Localised":"None", "SystemSecurity":"$GAlAXY_MAP_INFO_state_anarchy;", "SystemSecurity_Localised":"Anarchy", "Population":0, "JumpDist":25.812, "FuelUsed":3.953251, "FuelLevel":28.046749 }
{ "timestamp":"2017-11-07T11:02:45Z", "event":"Music", "MusicTrack":"Supercruise" }
{ "timestamp":"2017-11-07T11:03:06Z", "event":"FuelScoop", "Scooped":3.953269, "Total":32.000000 }
{ "timestamp":"2017-11-07T11:03:14Z", "event":"Music", "MusicTrack":"SystemMap" }
{ "timestamp":"2017-11-07T11:03:20Z", "event":"Music", "MusicTrack":"Supercruise" }
{ "timestamp":"2017-11-07T11:03:37Z", "event":"StartJump", "JumpType":"Hyperspace", "StarSystem":"Dryau Aowsy QX-B d1518", "StarClass":"F" }
{ "timestamp":"2017-11-07T11:03:42Z", "event":"Music", "MusicTrack":"NoTrack" }
{ "timestamp":"2017-11-07T11:03:56Z", "event":"FSDJump", "StarSystem":"Dryau Aowsy QX-B d1518", "StarPos":[747.156,854.906,18185.375], "SystemAllegiance":"", "SystemEconomy":"$economy_None;", "SystemEconomy_Localised":"None", "SystemGovernment":"$government_None;", "SystemGovernment_Localised":"None", "SystemSecurity":"$GAlAXY_MAP_INFO_state_anarchy;", "SystemSecurity_Localised":"Anarchy", "Population":0, "JumpDist":25.817, "FuelUsed":3.954986, "FuelLevel":28.045013 }
{ "timestamp":"2017-11-07T11:03:56Z", "event":"Music", "MusicTrack":"Supercruise" }
{ "timestamp":"2017-11-07T11:04:27Z", "event":"FuelScoop", "Scooped":3.955000, "Total":32.000000 }
{ "timestamp":"2017-11-07T11:04:48Z", "event":"Music", "MusicTrack":"SystemMap" }
{ "timestamp":"2017-11-07T11:04:50Z", "event":"Scan", "BodyName":"Dryau Aowsy QX-B d1518 B", "DistanceFromArrivalLS":14.683261, "StarType":"M", "StellarMass":0.460938, "Radius":420636544.000000, "AbsoluteMagnitude":8.479660, "Age_MY":432, "SurfaceTemperature":3207.000000, "Luminosity":"Va", "SemiMajorAxis":3281364224.000000, "Eccentricity":0.062601, "OrbitalInclination":-25.438169, "Periapsis":144.761307, "OrbitalPeriod":105814.343750, "RotationPeriod":188843.453125, "AxialTilt":0.000000 }
{ "timestamp":"2017-11-07T11:04:50Z", "event":"Music", "MusicTrack":"Supercruise" }
{ "timestamp":"2017-11-07T11:05:25Z", "event":"Scan", "BodyName":"Dryau Aowsy QX-B d1518 A", "DistanceFromArrivalLS":0.000000, "StarType":"F", "StellarMass":1.570313, "Radius":983204480.000000, "AbsoluteMagnitude":3.030396, "Age_MY":432, "SurfaceTemperature":7354.000000, "Luminosity":"Vb", "SemiMajorAxis":963186496.000000, "Eccentricity":0.062601, "OrbitalInclination":-25.438169, "Periapsis":324.761322, "OrbitalPeriod":105814.343750, "RotationPeriod":124876.523438, "AxialTilt":0.000000 }
{ "timestamp":"2017-11-07T11:05:29Z", "event":"Music", "MusicTrack":"SystemMap" }
{ "timestamp":"2017-11-07T11:05:31Z", "event":"Music", "MusicTrack":"Supercruise" }
{ "timestamp":"2017-11-07T11:05:43Z", "event":"Music", "MusicTrack":"SystemMap" }
{ "timestamp":"2017-11-07T11:05:44Z", "event":"Music", "MusicTrack":"Supercruise" }
{ "timestamp":"2017-11-07T11:06:27Z", "event":"Scan", "BodyName":"Dryau Aowsy QX-B d1518 C", "DistanceFromArrivalLS":86.594345, "StarType":"G", "StellarMass":1.113281, "Radius":774117248.000000, "AbsoluteMagnitude":4.677063, "Age_MY":432, "SurfaceTemperature":5673.000000, "Luminosity":"Vab", "SemiMajorAxis":16083151872.000000, "Eccentricity":0.056443, "OrbitalInclination":32.211742, "Periapsis":168.177689, "OrbitalPeriod":1208220.500000, "RotationPeriod":343207.812500, "AxialTilt":0.000000 }
{ "timestamp":"2017-11-07T11:08:16Z", "event":"Scan", "BodyName":"Dryau Aowsy QX-B d1518 D", "DistanceFromArrivalLS":6578.298340, "StarType":"M", "StellarMass":0.457031, "Radius":392619552.000000, "AbsoluteMagnitude":8.304535, "Age_MY":432, "SurfaceTemperature":3456.000000, "Luminosity":"Va", "SemiMajorAxis":1556992360448.000000, "Eccentricity":0.268232, "OrbitalInclination":14.178345, "Periapsis":170.954102, "OrbitalPeriod":684329984.000000, "RotationPeriod":195571.953125, "AxialTilt":0.000000 }
{ "timestamp":"2017-11-07T11:09:25Z", "event":"Music", "MusicTrack":"MainMenu" }
{ "timestamp":"2017-11-07T11:34:09Z", "event":"Friends", "Status":"Online", "Name":"Mitsumete Knight" }
{ "timestamp":"2017-11-07T11:39:24Z", "event":"Friends", "Status":"Online", "Name":"Sylphinix" }
{ "timestamp":"2017-11-07T11:58:45Z", "event":"Cargo", "Inventory":[  ] }
{ "timestamp":"2017-11-07T11:58:45Z", "event":"Loadout", "Ship":"DiamondBackXL", "ShipID":2, "ShipName":"KONNYAKU", "ShipIdent":"IG-E01", "Modules":[ { "Slot":"LargeHardpoint1", "Item":"Hpt_PulseLaser_Gimbal_Large", "On":true, "Priority":2, "Health":0.891962, "Value":140600 }, { "Slot":"MediumHardpoint2", "Item":"Hpt_MiningLaser_Fixed_Small", "On":true, "Priority":1, "Health":0.973718, "Value":6800 }, { "Slot":"TinyHardpoint1", "Item":"Hpt_HeatSinkLauncher_Turret_Tiny", "On":true, "Priority":0, "AmmoInClip":1, "AmmoInHopper":1, "Health":0.916123, "Value":3500 }, { "Slot":"TinyHardpoint2", "Item":"Hpt_HeatSinkLauncher_Turret_Tiny", "On":true, "Priority":0, "AmmoInClip":1, "AmmoInHopper":1, "Health":0.906741, "Value":3500 }, { "Slot":"TinyHardpoint4", "Item":"Hpt_ChaffLauncher_Tiny", "On":true, "Priority":1, "AmmoInClip":1, "AmmoInHopper":10, "Health":0.870520, "Value":8500 }, { "Slot":"Armour", "Item":"DiamondBackXL_Armour_Grade1", "On":true, "Priority":1, "Health":1.000000, "Value":0 }, { "Slot":"PowerPlant", "Item":"Int_Powerplant_Size4_Class4", "On":true, "Priority":1, "Health":0.930176, "Value":536693 }, { "Slot":"MainEngines", "Item":"Int_Engine_Size4_Class4", "On":true, "Priority":0, "Health":0.949218, "Value":536693 }, { "Slot":"FrameShiftDrive", "Item":"Int_Hyperdrive_Size5_Class4", "On":true, "Priority":0, "Health":0.922943, "Value":1701318 }, { "Slot":"LifeSupport", "Item":"Int_LifeSupport_Size3_Class2", "On":true, "Priority":0, "Health":0.902882, "Value":10133 }, { "Slot":"PowerDistributor", "Item":"Int_PowerDistributor_Size4_Class2", "On":true, "Priority":0, "Health":0.958339, "Value":28373 }, { "Slot":"Radar", "Item":"Int_Sensors_Size3_Class2", "On":true, "Priority":3, "Health":0.930037, "Value":10133 }, { "Slot":"FuelTank", "Item":"Int_FuelTank_Size5_Class3", "On":true, "Priority":1, "Health":1.000000, "Value":97754 }, { "Slot":"Decal1", "Item":"Decal_Explorer_Surveyor", "On":true, "Priority":1, "Health":1.000000, "Value":0 }, { "Slot":"Decal2", "Item":"Decal_Explorer_Surveyor", "On":true, "Priority":1, "Health":1.000000, "Value":0 }, { "Slot":"Decal3", "Item":"Decal_Explorer_Surveyor", "On":true, "Priority":1, "Health":1.000000, "Value":0 }, { "Slot":"Slot01_Size4", "Item":"Int_ShieldGenerator_Size4_Class1", "On":true, "Priority":1, "Health":0.966821, "Value":19878 }, { "Slot":"Slot02_Size4", "Item":"Int_FuelScoop_Size4_Class4", "On":true, "Priority":3, "Health":0.925726, "Value":715591 }, { "Slot":"Slot03_Size3", "Item":"Int_BuggyBay_Size2_Class2", "On":true, "Priority":0, "Health":0.947269, "Value":21600 }, { "Slot":"Slot04_Size3", "Item":"Int_Repairer_Size3_Class2", "On":true, "Priority":0, "AmmoInClip":2871, "Health":0.900714, "Value":97200 }, { "Slot":"Slot05_Size2", "Item":"Int_StellarBodyDiscoveryScanner_Advanced", "On":true, "Priority":1, "Health":0.924183, "Value":1545000 }, { "Slot":"Slot06_Size2", "Item":"Int_DetailedSurfaceScanner_Tiny", "On":true, "Priority":1, "Health":1.000000, "Value":250000 }, { "Slot":"PlanetaryApproachSuite", "Item":"Int_PlanetApproachSuite", "On":true, "Priority":1, "Health":1.000000, "Value":500 }, { "Slot":"ShipCockpit", "Item":"DiamondBackXL_Cockpit", "On":true, "Priority":1, "Health":0.955808, "Value":0 }, { "Slot":"CargoHatch", "Item":"ModularCargoBayDoor", "On":true, "Priority":2, "Health":0.910384, "Value":0 } ] }
{ "timestamp":"2017-11-07T11:58:45Z", "event":"Materials", "Raw":[ { "Name":"carbon", "Count":14 }, { "Name":"iron", "Count":26 }, { "Name":"chromium", "Count":10 }, { "Name":"nickel", "Count":20 }, { "Name":"manganese", "Count":24 }, { "Name":"zinc", "Count":4 }, { "Name":"sulphur", "Count":9 }, { "Name":"tungsten", "Count":3 } ], "Manufactured":[ { "Name":"mechanicalscrap", "Count":8 }, { "Name":"gridresistors", "Count":3 }, { "Name":"heatdispersionplate", "Count":5 }, { "Name":"salvagedalloys", "Count":6 }, { "Name":"hybridcapacitors", "Count":5 }, { "Name":"heatconductionwiring", "Count":2 } ], "Encoded":[ { "Name":"shieldsoakanalysis", "Count":3 }, { "Name":"disruptedwakeechoes", "Count":5 }, { "Name":"shieldcyclerecordings", "Count":9 }, { "Name":"emissiondata", "Count":3 }, { "Name":"bulkscandata", "Count":9 }, { "Name":"scrambledemissiondata", "Count":7 }, { "Name":"archivedemissiondata", "Count":3 }, { "Name":"shielddensityreports", "Count":9 }, { "Name":"legacyfirmware", "Count":1 } ] }
{ "timestamp":"2017-11-07T11:58:45Z", "event":"LoadGame", "Commander":"Igaguri", "Ship":"DiamondBackXL", "ShipID":2, "ShipName":"KONNYAKU", "ShipIdent":"IG-E01", "FuelLevel":31.480000, "FuelCapacity":32.000000, "GameMode":"Open", "Credits":726550, "Loan":0 }
{ "timestamp":"2017-11-07T11:58:45Z", "event":"Rank", "Combat":1, "Trade":4, "Explore":4, "Empire":0, "Federation":1, "CQC":0 }
{ "timestamp":"2017-11-07T11:58:45Z", "event":"Progress", "Combat":26, "Trade":1, "Explore":12, "Empire":0, "Federation":100, "CQC":0 }
{ "timestamp":"2017-11-07T11:58:50Z", "event":"Location", "Docked":false, "StarSystem":"Dryau Aowsy QX-B d1518", "StarPos":[747.156,854.906,18185.375], "SystemAllegiance":"", "SystemEconomy":"$economy_None;", "SystemEconomy_Localised":"None", "SystemGovernment":"$government_None;", "SystemGovernment_Localised":"None", "SystemSecurity":"$GAlAXY_MAP_INFO_state_anarchy;", "SystemSecurity_Localised":"Anarchy", "Population":0, "Body":"Dryau Aowsy QX-B d1518 ABCD", "BodyType":"Null" }
{ "timestamp":"2017-11-07T11:58:50Z", "event":"Music", "MusicTrack":"NoTrack" }
{ "timestamp":"2017-11-07T11:58:50Z", "event":"Music", "MusicTrack":"Exploration" }
{ "timestamp":"2017-11-07T11:59:00Z", "event":"StartJump", "JumpType":"Supercruise" }
{ "timestamp":"2017-11-07T11:59:05Z", "event":"SupercruiseEntry", "StarSystem":"Dryau Aowsy QX-B d1518" }
{ "timestamp":"2017-11-07T11:59:05Z", "event":"Music", "MusicTrack":"Supercruise" }
{ "timestamp":"2017-11-07T11:59:09Z", "event":"Music", "MusicTrack":"SystemMap" }
{ "timestamp":"2017-11-07T11:59:10Z", "event":"Music", "MusicTrack":"Supercruise" }
{ "timestamp":"2017-11-07T11:59:14Z", "event":"Music", "MusicTrack":"GalaxyMap" }
{ "timestamp":"2017-11-07T11:59:19Z", "event":"Music", "MusicTrack":"Supercruise" }
{ "timestamp":"2017-11-07T11:59:36Z", "event":"StartJump", "JumpType":"Hyperspace", "StarSystem":"Dryau Aowsy GL-C c1-72", "StarClass":"K" }
{ "timestamp":"2017-11-07T11:59:41Z", "event":"Music", "MusicTrack":"NoTrack" }
{ "timestamp":"2017-11-07T11:59:54Z", "event":"FSDJump", "StarSystem":"Dryau Aowsy GL-C c1-72", "StarPos":[743.906,874.656,18200.563], "SystemAllegiance":"", "SystemEconomy":"$economy_None;", "SystemEconomy_Localised":"None", "SystemGovernment":"$government_None;", "SystemGovernment_Localised":"None", "SystemSecurity":"$GAlAXY_MAP_INFO_state_anarchy;", "SystemSecurity_Localised":"Anarchy", "Population":0, "JumpDist":25.125, "FuelUsed":3.688565, "FuelLevel":27.791435 }
{ "timestamp":"2017-11-07T11:59:55Z", "event":"Music", "MusicTrack":"Supercruise" }
{ "timestamp":"2017-11-07T12:00:17Z", "event":"FuelScoop", "Scooped":4.208573, "Total":32.000000 }
{ "timestamp":"2017-11-07T12:00:20Z", "event":"Music", "MusicTrack":"SystemMap" }
{ "timestamp":"2017-11-07T12:00:23Z", "event":"Music", "MusicTrack":"Supercruise" }
{ "timestamp":"2017-11-07T12:00:40Z", "event":"StartJump", "JumpType":"Hyperspace", "StarSystem":"Dryau Aowsy KR-A c2-378", "StarClass":"K" }
{ "timestamp":"2017-11-07T12:00:45Z", "event":"Music", "MusicTrack":"NoTrack" }
{ "timestamp":"2017-11-07T12:00:59Z", "event":"FSDJump", "StarSystem":"Dryau Aowsy KR-A c2-378", "StarPos":[743.250,894.156,18217.563], "SystemAllegiance":"", "SystemEconomy":"$economy_None;", "SystemEconomy_Localised":"None", "SystemGovernment":"$government_None;", "SystemGovernment_Localised":"None", "SystemSecurity":"$GAlAXY_MAP_INFO_state_anarchy;", "SystemSecurity_Localised":"Anarchy", "Population":0, "JumpDist":25.878, "FuelUsed":3.978201, "FuelLevel":28.021799 }
{ "timestamp":"2017-11-07T12:00:59Z", "event":"Music", "MusicTrack":"Supercruise" }
{ "timestamp":"2017-11-07T12:01:20Z", "event":"FuelScoop", "Scooped":3.978191, "Total":32.000000 }
{ "timestamp":"2017-11-07T12:01:26Z", "event":"Music", "MusicTrack":"SystemMap" }
{ "timestamp":"2017-11-07T12:01:27Z", "event":"Music", "MusicTrack":"Supercruise" }
{ "timestamp":"2017-11-07T12:01:43Z", "event":"StartJump", "JumpType":"Hyperspace", "StarSystem":"Dryau Aowsy QS-B b4-5", "StarClass":"M" }
{ "timestamp":"2017-11-07T12:01:49Z", "event":"Music", "MusicTrack":"NoTrack" }
{ "timestamp":"2017-11-07T12:02:02Z", "event":"FSDJump", "StarSystem":"Dryau Aowsy QS-B b4-5", "StarPos":[738.094,913.188,18234.719], "SystemAllegiance":"", "SystemEconomy":"$economy_None;", "SystemEconomy_Localised":"None", "SystemGovernment":"$government_None;", "SystemGovernment_Localised":"None", "SystemSecurity":"$GAlAXY_MAP_INFO_state_anarchy;", "SystemSecurity_Localised":"Anarchy", "Population":0, "JumpDist":26.136, "FuelUsed":4.075924, "FuelLevel":27.924076 }
{ "timestamp":"2017-11-07T12:02:02Z", "event":"Music", "MusicTrack":"Supercruise" }
{ "timestamp":"2017-11-07T12:02:25Z", "event":"Music", "MusicTrack":"SystemMap" }
{ "timestamp":"2017-11-07T12:02:25Z", "event":"FuelScoop", "Scooped":3.897893, "Total":31.821976 }
{ "timestamp":"2017-11-07T12:02:26Z", "event":"Music", "MusicTrack":"Supercruise" }
{ "timestamp":"2017-11-07T12:02:42Z", "event":"StartJump", "JumpType":"Hyperspace", "StarSystem":"Dryau Aowsy HW-A c2-371", "StarClass":"K" }
{ "timestamp":"2017-11-07T12:02:47Z", "event":"Music", "MusicTrack":"NoTrack" }
{ "timestamp":"2017-11-07T12:03:01Z", "event":"FSDJump", "StarSystem":"Dryau Aowsy HW-A c2-371", "StarPos":[734.344,931.375,18252.250], "SystemAllegiance":"", "SystemEconomy":"$economy_None;", "SystemEconomy_Localised":"None", "SystemGovernment":"$government_None;", "SystemGovernment_Localised":"None", "SystemSecurity":"$GAlAXY_MAP_INFO_state_anarchy;", "SystemSecurity_Localised":"Anarchy", "Population":0, "JumpDist":25.538, "FuelUsed":3.846713, "FuelLevel":27.975262 }
{ "timestamp":"2017-11-07T12:03:01Z", "event":"Music", "MusicTrack":"Supercruise" }
{ "timestamp":"2017-11-07T12:03:24Z", "event":"FuelScoop", "Scooped":3.951538, "Total":31.926775 }
{ "timestamp":"2017-11-07T12:03:42Z", "event":"StartJump", "JumpType":"Hyperspace", "StarSystem":"Dryau Aowsy UO-Y b5-7", "StarClass":"M" }
{ "timestamp":"2017-11-07T12:03:47Z", "event":"Music", "MusicTrack":"NoTrack" }
{ "timestamp":"2017-11-07T12:04:01Z", "event":"FSDJump", "StarSystem":"Dryau Aowsy UO-Y b5-7", "StarPos":[737.125,951.469,18268.438], "SystemAllegiance":"", "SystemEconomy":"$economy_None;", "SystemEconomy_Localised":"None", "SystemGovernment":"$government_None;", "SystemGovernment_Localised":"None", "SystemSecurity":"$GAlAXY_MAP_INFO_state_anarchy;", "SystemSecurity_Localised":"Anarchy", "Population":0, "JumpDist":25.952, "FuelUsed":4.003974, "FuelLevel":27.922800 }
{ "timestamp":"2017-11-07T12:04:01Z", "event":"Music", "MusicTrack":"Supercruise" }
{ "timestamp":"2017-11-07T12:04:16Z", "event":"Music", "MusicTrack":"SystemMap" }
{ "timestamp":"2017-11-07T12:04:17Z", "event":"Music", "MusicTrack":"Supercruise" }
{ "timestamp":"2017-11-07T12:04:19Z", "event":"FuelScoop", "Scooped":2.339526, "Total":30.262327 }
{ "timestamp":"2017-11-07T12:04:43Z", "event":"StartJump", "JumpType":"Hyperspace", "StarSystem":"Dryau Aowsy JH-Z c2-492", "StarClass":"K" }
{ "timestamp":"2017-11-07T12:04:48Z", "event":"Music", "MusicTrack":"NoTrack" }
{ "timestamp":"2017-11-07T12:05:01Z", "event":"FSDJump", "StarSystem":"Dryau Aowsy JH-Z c2-492", "StarPos":[734.875,973.531,18280.969], "SystemAllegiance":"", "SystemEconomy":"$economy_None;", "SystemEconomy_Localised":"None", "SystemGovernment":"$government_None;", "SystemGovernment_Localised":"None", "SystemSecurity":"$GAlAXY_MAP_INFO_state_anarchy;", "SystemSecurity_Localised":"Anarchy", "Population":0, "JumpDist":25.473, "FuelUsed":3.785106, "FuelLevel":26.477221 }
{ "timestamp":"2017-11-07T12:05:02Z", "event":"Music", "MusicTrack":"Supercruise" }
{ "timestamp":"2017-11-07T12:05:20Z", "event":"Music", "MusicTrack":"SystemMap" }
{ "timestamp":"2017-11-07T12:05:24Z", "event":"Music", "MusicTrack":"Supercruise" }
{ "timestamp":"2017-11-07T12:05:27Z", "event":"FuelScoop", "Scooped":4.089844, "Total":30.567038 }
{ "timestamp":"2017-11-07T12:05:41Z", "event":"StartJump", "JumpType":"Hyperspace", "StarSystem":"Dryau Aowsy XK-V b7-23", "StarClass":"M" }
{ "timestamp":"2017-11-07T12:05:46Z", "event":"Music", "MusicTrack":"NoTrack" }
{ "timestamp":"2017-11-07T12:05:59Z", "event":"FSDJump", "StarSystem":"Dryau Aowsy XK-V b7-23", "StarPos":[733.188,991.594,18299.781], "SystemAllegiance":"", "SystemEconomy":"$economy_None;", "SystemEconomy_Localised":"None", "SystemGovernment":"$government_None;", "SystemGovernment_Localised":"None", "SystemSecurity":"$GAlAXY_MAP_INFO_state_anarchy;", "SystemSecurity_Localised":"Anarchy", "Population":0, "JumpDist":26.134, "FuelUsed":4.038247, "FuelLevel":26.528790 }
{ "timestamp":"2017-11-07T12:06:00Z", "event":"Music", "MusicTrack":"Supercruise" }
{ "timestamp":"2017-11-07T12:06:18Z", "event":"FuelScoop", "Scooped":2.460675, "Total":28.989447 }
{ "timestamp":"2017-11-07T12:06:21Z", "event":"Music", "MusicTrack":"SystemMap" }
{ "timestamp":"2017-11-07T12:06:31Z", "event":"Music", "MusicTrack":"Supercruise" }
{ "timestamp":"2017-11-07T12:06:47Z", "event":"StartJump", "JumpType":"Hyperspace", "StarSystem":"Dryau Aowsy TT-Y d1-979", "StarClass":"F" }
{ "timestamp":"2017-11-07T12:06:53Z", "event":"Music", "MusicTrack":"NoTrack" }
{ "timestamp":"2017-11-07T12:07:06Z", "event":"FSDJump", "StarSystem":"Dryau Aowsy TT-Y d1-979", "StarPos":[727.500,1008.094,18318.969], "SystemAllegiance":"", "SystemEconomy":"$economy_None;", "SystemEconomy_Localised":"None", "SystemGovernment":"$government_None;", "SystemGovernment_Localised":"None", "SystemSecurity":"$GAlAXY_MAP_INFO_state_anarchy;", "SystemSecurity_Localised":"Anarchy", "Population":0, "JumpDist":25.938, "FuelUsed":3.924809, "FuelLevel":25.064638 }
{ "timestamp":"2017-11-07T12:07:06Z", "event":"Music", "MusicTrack":"Supercruise" }
{ "timestamp":"2017-11-07T12:07:31Z", "event":"FuelScoop", "Scooped":5.001604, "Total":30.066263 }
{ "timestamp":"2017-11-07T12:07:38Z", "event":"FuelScoop", "Scooped":1.933719, "Total":32.000000 }
{ "timestamp":"2017-11-07T12:07:44Z", "event":"Music", "MusicTrack":"SystemMap" }
{ "timestamp":"2017-11-07T12:07:49Z", "event":"Music", "MusicTrack":"Supercruise" }
{ "timestamp":"2017-11-07T12:09:08Z", "event":"Scan", "BodyName":"Dryau Aowsy TT-Y d1-979 5", "DistanceFromArrivalLS":1116.700439, "TidalLock":false, "TerraformState":"", "PlanetClass":"Earthlike body", "Atmosphere":"", "AtmosphereType":"EarthLike", "AtmosphereComposition":[ { "Name":"Nitrogen", "Percent":94.069923 }, { "Name":"Oxygen", "Percent":5.753913 }, { "Name":"Water", "Percent":0.146173 } ], "Volcanism":"major rocky magma volcanism", "MassEM":0.720454, "Radius":5514858.500000, "SurfaceGravity":9.441629, "SurfaceTemperature":261.016083, "SurfacePressure":292685.218750, "Landable":false, "SemiMajorAxis":334299758592.000000, "Eccentricity":0.008766, "OrbitalInclination":-1.013999, "Periapsis":259.049957, "OrbitalPeriod":97862496.000000, "RotationPeriod":171293.140625, "AxialTilt":-0.355978 }
{ "timestamp":"2017-11-07T12:10:06Z", "event":"Music", "MusicTrack":"SystemMap" }
{ "timestamp":"2017-11-07T12:10:07Z", "event":"Music", "MusicTrack":"Supercruise" }
{ "timestamp":"2017-11-07T12:11:49Z", "event":"Music", "MusicTrack":"SystemMap" }
{ "timestamp":"2017-11-07T12:11:50Z", "event":"Music", "MusicTrack":"Supercruise" }
{ "timestamp":"2017-11-07T12:11:59Z", "event":"Music", "MusicTrack":"SystemMap" }
{ "timestamp":"2017-11-07T12:12:11Z", "event":"Music", "MusicTrack":"Supercruise" }
{ "timestamp":"2017-11-07T12:12:16Z", "event":"Music", "MusicTrack":"SystemMap" }
{ "timestamp":"2017-11-07T12:12:44Z", "event":"Music", "MusicTrack":"Supercruise" }
{ "timestamp":"2017-11-07T12:13:01Z", "event":"StartJump", "JumpType":"Hyperspace", "StarSystem":"Dryau Aowsy WJ-Z e393", "StarClass":"B" }
{ "timestamp":"2017-11-07T12:13:06Z", "event":"Music", "MusicTrack":"NoTrack" }
{ "timestamp":"2017-11-07T12:13:19Z", "event":"FSDJump", "StarSystem":"Dryau Aowsy WJ-Z e393", "StarPos":[723.719,1028.344,18334.281], "SystemAllegiance":"", "SystemEconomy":"$economy_None;", "SystemEconomy_Localised":"None", "SystemGovernment":"$government_None;", "SystemGovernment_Localised":"None", "SystemSecurity":"$GAlAXY_MAP_INFO_state_anarchy;", "SystemSecurity_Localised":"Anarchy", "Population":0, "JumpDist":25.668, "FuelUsed":3.899451, "FuelLevel":28.100548 }
{ "timestamp":"2017-11-07T12:13:19Z", "event":"Music", "MusicTrack":"Supercruise" }
{ "timestamp":"2017-11-07T12:13:41Z", "event":"FuelScoop", "Scooped":3.899433, "Total":32.000000 }
{ "timestamp":"2017-11-07T12:13:44Z", "event":"Music", "MusicTrack":"SystemMap" }
{ "timestamp":"2017-11-07T12:13:51Z", "event":"Music", "MusicTrack":"Supercruise" }
{ "timestamp":"2017-11-07T12:16:51Z", "event":"Scan", "BodyName":"Dryau Aowsy WJ-Z e393 13", "DistanceFromArrivalLS":8289.191406, "TidalLock":false, "TerraformState":"", "PlanetClass":"Water world", "Atmosphere":"hot thick argon rich atmosphere", "AtmosphereType":"ArgonRich", "AtmosphereComposition":[ { "Name":"Nitrogen", "Percent":98.316917 }, { "Name":"Argon", "Percent":1.437639 }, { "Name":"Water", "Percent":0.236749 } ], "Volcanism":"major water geysers volcanism", "MassEM":4.757748, "Radius":11663232.000000, "SurfaceGravity":13.940328, "SurfaceTemperature":663.637817, "SurfacePressure":454940736.000000, "Landable":false, "SemiMajorAxis":2570904666112.000000, "Eccentricity":0.039755, "OrbitalInclination":-22.695391, "Periapsis":22.087845, "OrbitalPeriod":1023497792.000000, "RotationPeriod":47991.738281, "AxialTilt":0.153371 }
{ "timestamp":"2017-11-07T12:16:55Z", "event":"Music", "MusicTrack":"SystemMap" }
{ "timestamp":"2017-11-07T12:17:00Z", "event":"Music", "MusicTrack":"Supercruise" }
{ "timestamp":"2017-11-07T12:17:20Z", "event":"StartJump", "JumpType":"Hyperspace", "StarSystem":"Dryau Aowsy RY-Y d1-381", "StarClass":"F" }
{ "timestamp":"2017-11-07T12:17:25Z", "event":"Music", "MusicTrack":"NoTrack" }
{ "timestamp":"2017-11-07T12:17:39Z", "event":"FSDJump", "StarSystem":"Dryau Aowsy RY-Y d1-381", "StarPos":[718.781,1048.563,18347.656], "SystemAllegiance":"", "SystemEconomy":"$economy_None;", "SystemEconomy_Localised":"None", "SystemGovernment":"$government_None;", "SystemGovernment_Localised":"None", "SystemSecurity":"$GAlAXY_MAP_INFO_state_anarchy;", "SystemSecurity_Localised":"Anarchy", "Population":0, "JumpDist":24.740, "FuelUsed":3.563086, "FuelLevel":28.436914 }
{ "timestamp":"2017-11-07T12:17:39Z", "event":"Music", "MusicTrack":"Supercruise" }
{ "timestamp":"2017-11-07T12:18:00Z", "event":"FuelScoop", "Scooped":3.563067, "Total":32.000000 }
{ "timestamp":"2017-11-07T12:18:08Z", "event":"Music", "MusicTrack":"SystemMap" }
{ "timestamp":"2017-11-07T12:18:14Z", "event":"Music", "MusicTrack":"Supercruise" }
{ "timestamp":"2017-11-07T12:18:31Z", "event":"StartJump", "JumpType":"Hyperspace", "StarSystem":"Dryau Aowsy LI-W c4-361", "StarClass":"K" }
{ "timestamp":"2017-11-07T12:18:36Z", "event":"Music", "MusicTrack":"NoTrack" }
{ "timestamp":"2017-11-07T12:18:49Z", "event":"FSDJump", "StarSystem":"Dryau Aowsy LI-W c4-361", "StarPos":[716.875,1067.781,18363.625], "SystemAllegiance":"", "SystemEconomy":"$economy_None;", "SystemEconomy_Localised":"None", "SystemGovernment":"$government_None;", "SystemGovernment_Localised":"None", "SystemSecurity":"$GAlAXY_MAP_INFO_state_anarchy;", "SystemSecurity_Localised":"Anarchy", "Population":0, "JumpDist":25.060, "FuelUsed":3.677055, "FuelLevel":28.322945 }
{ "timestamp":"2017-11-07T12:18:50Z", "event":"Music", "MusicTrack":"Supercruise" }
{ "timestamp":"2017-11-07T12:19:10Z", "event":"FuelScoop", "Scooped":3.677064, "Total":32.000000 }
{ "timestamp":"2017-11-07T12:19:40Z", "event":"StartJump", "JumpType":"Hyperspace", "StarSystem":"Dryau Aowsy PO-U c5-35", "StarClass":"K" }
{ "timestamp":"2017-11-07T12:19:45Z", "event":"Music", "MusicTrack":"NoTrack" }
{ "timestamp":"2017-11-07T12:19:58Z", "event":"FSDJump", "StarSystem":"Dryau Aowsy PO-U c5-35", "StarPos":[716.844,1083.313,18384.344], "SystemAllegiance":"", "SystemEconomy":"$economy_None;", "SystemEconomy_Localised":"None", "SystemGovernment":"$government_None;", "SystemGovernment_Localised":"None", "SystemSecurity":"$GAlAXY_MAP_INFO_state_anarchy;", "SystemSecurity_Localised":"Anarchy", "Population":0, "JumpDist":25.894, "FuelUsed":3.983677, "FuelLevel":28.016323 }
{ "timestamp":"2017-11-07T12:19:59Z", "event":"Music", "MusicTrack":"Supercruise" }
{ "timestamp":"2017-11-07T12:20:22Z", "event":"FuelScoop", "Scooped":4.503648, "Total":32.000000 }
{ "timestamp":"2017-11-07T12:20:24Z", "event":"Music", "MusicTrack":"SystemMap" }
{ "timestamp":"2017-11-07T12:22:20Z", "event":"Music", "MusicTrack":"Supercruise" }
{ "timestamp":"2017-11-07T12:22:38Z", "event":"StartJump", "JumpType":"Hyperspace", "StarSystem":"Dryau Aowsy TJ-X d2-2239", "StarClass":"F" }
{ "timestamp":"2017-11-07T12:22:43Z", "event":"Music", "MusicTrack":"NoTrack" }
{ "timestamp":"2017-11-07T12:22:56Z", "event":"FSDJump", "StarSystem":"Dryau Aowsy TJ-X d2-2239", "StarPos":[713.375,1105.750,18396.250], "SystemAllegiance":"", "SystemEconomy":"$economy_None;", "SystemEconomy_Localised":"None", "SystemGovernment":"$government_None;", "SystemGovernment_Localised":"None", "SystemSecurity":"$GAlAXY_MAP_INFO_state_anarchy;", "SystemSecurity_Localised":"Anarchy", "Population":0, "JumpDist":25.637, "FuelUsed":3.887613, "FuelLevel":28.112387 }
{ "timestamp":"2017-11-07T12:22:56Z", "event":"Music", "MusicTrack":"Supercruise" }
{ "timestamp":"2017-11-07T12:23:16Z", "event":"Music", "MusicTrack":"SystemMap" }
{ "timestamp":"2017-11-07T12:23:17Z", "event":"Music", "MusicTrack":"Supercruise" }
{ "timestamp":"2017-11-07T12:23:19Z", "event":"Music", "MusicTrack":"GalaxyMap" }
