{ "timestamp":"2017-11-01T08:43:14Z", "event":"Fileheader", "part":1, "language":"English\\UK", "gameversion":"2.4", "build":"r156431/r0 " }
{ "timestamp":"2017-11-01T08:43:14Z", "event":"Music", "MusicTrack":"NoTrack" }
{ "timestamp":"2017-11-01T08:43:14Z", "event":"Music", "MusicTrack":"MainMenu" }
{ "timestamp":"2017-11-01T08:43:39Z", "event":"Cargo", "Inventory":[  ] }
{ "timestamp":"2017-11-01T08:43:39Z", "event":"Loadout", "Ship":"DiamondBackXL", "ShipID":2, "ShipName":"KONNYAKU", "ShipIdent":"IG-E01", "Modules":[ { "Slot":"LargeHardpoint1", "Item":"Hpt_PulseLaser_Gimbal_Large", "On":true, "Priority":2, "Health":0.941472, "Value":140600 }, { "Slot":"MediumHardpoint2", "Item":"Hpt_MiningLaser_Fixed_Small", "On":true, "Priority":1, "Health":0.953362, "Value":6800 }, { "Slot":"TinyHardpoint1", "Item":"Hpt_HeatSinkLauncher_Turret_Tiny", "On":true, "Priority":0, "AmmoInClip":1, "AmmoInHopper":2, "Health":0.953579, "Value":3500 }, { "Slot":"TinyHardpoint2", "Item":"Hpt_HeatSinkLauncher_Turret_Tiny", "On":true, "Priority":0, "AmmoInClip":1, "AmmoInHopper":2, "Health":0.949510, "Value":3500 }, { "Slot":"TinyHardpoint4", "Item":"Hpt_ChaffLauncher_Tiny", "On":true, "Priority":1, "AmmoInClip":1, "AmmoInHopper":10, "Health":0.922569, "Value":8500 }, { "Slot":"Armour", "Item":"DiamondBackXL_Armour_Grade1", "On":true, "Priority":1, "Health":1.000000, "Value":0 }, { "Slot":"PowerPlant", "Item":"Int_Powerplant_Size4_Class4", "On":true, "Priority":1, "Health":0.962441, "Value":536693 }, { "Slot":"MainEngines", "Item":"Int_Engine_Size4_Class4", "On":true, "Priority":0, "Health":1.000000, "Value":536693 }, { "Slot":"FrameShiftDrive", "Item":"Int_Hyperdrive_Size5_Class4", "On":true, "Priority":0, "Health":1.000000, "Value":1701318 }, { "Slot":"LifeSupport", "Item":"Int_LifeSupport_Size3_Class2", "On":true, "Priority":0, "Health":0.937790, "Value":10133 }, { "Slot":"PowerDistributor", "Item":"Int_PowerDistributor_Size4_Class2", "On":true, "Priority":0, "Health":0.998602, "Value":28373 }, { "Slot":"Radar", "Item":"Int_Sensors_Size3_Class2", "On":true, "Priority":3, "Health":0.968630, "Value":10133 }, { "Slot":"FuelTank", "Item":"Int_FuelTank_Size5_Class3", "On":true, "Priority":1, "Health":1.000000, "Value":97754 }, { "Slot":"Decal1", "Item":"Decal_Explorer_Surveyor", "On":true, "Priority":1, "Health":1.000000, "Value":0 }, { "Slot":"Decal2", "Item":"Decal_Explorer_Surveyor", "On":true, "Priority":1, "Health":1.000000, "Value":0 }, { "Slot":"Decal3", "Item":"Decal_Explorer_Surveyor", "On":true, "Priority":1, "Health":1.000000, "Value":0 }, { "Slot":"Slot01_Size4", "Item":"Int_ShieldGenerator_Size4_Class1", "On":true, "Priority":1, "Health":1.000000, "Value":19878 }, { "Slot":"Slot02_Size4", "Item":"Int_FuelScoop_Size4_Class4", "On":true, "Priority":3, "Health":0.944909, "Value":715591 }, { "Slot":"Slot03_Size3", "Item":"Int_BuggyBay_Size2_Class2", "On":true, "Priority":0, "Health":0.973013, "Value":21600 }, { "Slot":"Slot04_Size3", "Item":"Int_Repairer_Size3_Class2", "On":true, "Priority":0, "AmmoInClip":1283, "Health":0.937855, "Value":97200 }, { "Slot":"Slot05_Size2", "Item":"Int_StellarBodyDiscoveryScanner_Advanced", "On":true, "Priority":1, "Health":0.969358, "Value":1545000 }, { "Slot":"Slot06_Size2", "Item":"Int_DetailedSurfaceScanner_Tiny", "On":true, "Priority":1, "Health":1.000000, "Value":250000 }, { "Slot":"PlanetaryApproachSuite", "Item":"Int_PlanetApproachSuite", "On":true, "Priority":1, "Health":1.000000, "Value":500 }, { "Slot":"ShipCockpit", "Item":"DiamondBackXL_Cockpit", "On":true, "Priority":1, "Health":1.000000, "Value":0 }, { "Slot":"CargoHatch", "Item":"ModularCargoBayDoor", "On":true, "Priority":2, "Health":0.948078, "Value":0 } ] }
{ "timestamp":"2017-11-01T08:43:39Z", "event":"Materials", "Raw":[ { "Name":"carbon", "Count":14 }, { "Name":"iron", "Count":26 }, { "Name":"chromium", "Count":12 }, { "Name":"nickel", "Count":22 }, { "Name":"manganese", "Count":24 }, { "Name":"vanadium", "Count":3 }, { "Name":"zinc", "Count":6 }, { "Name":"sulphur", "Count":9 }, { "Name":"tungsten", "Count":3 } ], "Manufactured":[ { "Name":"mechanicalscrap", "Count":8 }, { "Name":"gridresistors", "Count":3 }, { "Name":"heatdispersionplate", "Count":5 }, { "Name":"salvagedalloys", "Count":6 }, { "Name":"hybridcapacitors", "Count":5 }, { "Name":"heatconductionwiring", "Count":2 } ], "Encoded":[ { "Name":"shieldsoakanalysis", "Count":3 }, { "Name":"disruptedwakeechoes", "Count":5 }, { "Name":"shieldcyclerecordings", "Count":9 }, { "Name":"emissiondata", "Count":3 }, { "Name":"bulkscandata", "Count":9 }, { "Name":"scrambledemissiondata", "Count":7 }, { "Name":"archivedemissiondata", "Count":3 }, { "Name":"shielddensityreports", "Count":9 }, { "Name":"legacyfirmware", "Count":1 } ] }
{ "timestamp":"2017-11-01T08:43:39Z", "event":"LoadGame", "Commander":"Igaguri", "Ship":"DiamondBackXL", "ShipID":2, "ShipName":"KONNYAKU", "ShipIdent":"IG-E01", "FuelLevel":32.000000, "FuelCapacity":32.000000, "GameMode":"Open", "Credits":726550, "Loan":0 }
{ "timestamp":"2017-11-01T08:43:39Z", "event":"Rank", "Combat":1, "Trade":4, "Explore":4, "Empire":0, "Federation":1, "CQC":0 }
{ "timestamp":"2017-11-01T08:43:39Z", "event":"Progress", "Combat":26, "Trade":1, "Explore":12, "Empire":0, "Federation":100, "CQC":0 }
{ "timestamp":"2017-11-01T08:43:54Z", "event":"Location", "Docked":false, "StarSystem":"Plaa Ain IT-T c3-36", "StarPos":[978.875,146.188,9353.656], "SystemAllegiance":"", "SystemEconomy":"$economy_None;", "SystemEconomy_Localised":"None", "SystemGovernment":"$government_None;", "SystemGovernment_Localised":"None", "SystemSecurity":"$GAlAXY_MAP_INFO_state_anarchy;", "SystemSecurity_Localised":"Anarchy", "Population":0, "Body":"Plaa Ain IT-T c3-36 ABC", "BodyType":"Null" }
{ "timestamp":"2017-11-01T08:43:54Z", "event":"Music", "MusicTrack":"NoTrack" }
{ "timestamp":"2017-11-01T08:43:54Z", "event":"Music", "MusicTrack":"Exploration" }
{ "timestamp":"2017-11-01T08:43:57Z", "event":"Music", "MusicTrack":"GalaxyMap" }
{ "timestamp":"2017-11-01T08:44:40Z", "event":"Music", "MusicTrack":"SystemMap" }
{ "timestamp":"2017-11-01T08:44:42Z", "event":"Music", "MusicTrack":"Exploration" }
{ "timestamp":"2017-11-01T08:44:59Z", "event":"StartJump", "JumpType":"Hyperspace", "StarSystem":"Plaa Ain YY-J b9-2", "StarClass":"M" }
{ "timestamp":"2017-11-01T08:45:04Z", "event":"Music", "MusicTrack":"NoTrack" }
{ "timestamp":"2017-11-01T08:45:17Z", "event":"FSDJump", "StarSystem":"Plaa Ain YY-J b9-2", "StarPos":[975.031,146.500,9379.063], "SystemAllegiance":"", "SystemEconomy":"$economy_None;", "SystemEconomy_Localised":"None", "SystemGovernment":"$government_None;", "SystemGovernment_Localised":"None", "SystemSecurity":"$GAlAXY_MAP_INFO_state_anarchy;", "SystemSecurity_Localised":"Anarchy", "Population":0, "JumpDist":25.697, "FuelUsed":3.910451, "FuelLevel":28.089550 }
{ "timestamp":"2017-11-01T08:45:18Z", "event":"Music", "MusicTrack":"Supercruise" }
{ "timestamp":"2017-11-01T08:45:35Z", "event":"FuelScoop", "Scooped":2.196144, "Total":30.285704 }
{ "timestamp":"2017-11-01T08:45:41Z", "event":"Music", "MusicTrack":"SystemMap" }
{ "timestamp":"2017-11-01T08:45:42Z", "event":"Music", "MusicTrack":"Supercruise" }
{ "timestamp":"2017-11-01T08:45:44Z", "event":"Music", "MusicTrack":"SystemMap" }
{ "timestamp":"2017-11-01T08:45:45Z", "event":"Music", "MusicTrack":"Supercruise" }
{ "timestamp":"2017-11-01T08:45:51Z", "event":"StartJump", "JumpType":"Hyperspace", "StarSystem":"Plaa Ain RW-W d1-136", "StarClass":"G" }
{ "timestamp":"2017-11-01T08:45:57Z", "event":"Music", "MusicTrack":"NoTrack" }
{ "timestamp":"2017-11-01T08:46:10Z", "event":"FSDJump", "StarSystem":"Plaa Ain RW-W d1-136", "StarPos":[979.875,140.656,9401.844], "SystemAllegiance":"", "SystemEconomy":"$economy_None;", "SystemEconomy_Localised":"None", "SystemGovernment":"$government_None;", "SystemGovernment_Localised":"None", "SystemSecurity":"$GAlAXY_MAP_INFO_state_anarchy;", "SystemSecurity_Localised":"Anarchy", "Population":0, "JumpDist":24.012, "FuelUsed":3.276206, "FuelLevel":27.009499 }
{ "timestamp":"2017-11-01T08:46:10Z", "event":"Music", "MusicTrack":"Supercruise" }
{ "timestamp":"2017-11-01T08:46:19Z", "event":"Music", "MusicTrack":"SystemMap" }
{ "timestamp":"2017-11-01T08:46:27Z", "event":"Music", "MusicTrack":"Supercruise" }
{ "timestamp":"2017-11-01T08:46:29Z", "event":"Music", "MusicTrack":"SystemMap" }
{ "timestamp":"2017-11-01T08:46:30Z", "event":"Music", "MusicTrack":"Supercruise" }
{ "timestamp":"2017-11-01T08:46:54Z", "event":"Music", "MusicTrack":"SystemMap" }
{ "timestamp":"2017-11-01T08:46:55Z", "event":"Music", "MusicTrack":"Supercruise" }
{ "timestamp":"2017-11-01T08:47:05Z", "event":"Scan", "BodyName":"Plaa Ain RW-W d1-136 A", "DistanceFromArrivalLS":0.000000, "StarType":"G", "StellarMass":0.925781, "Radius":639020288.000000, "AbsoluteMagnitude":5.444382, "Age_MY":618, "SurfaceTemperature":5233.000000, "Luminosity":"Va", "SemiMajorAxis":39233630208.000000, "Eccentricity":0.241950, "OrbitalInclination":-6.085726, "Periapsis":172.946472, "OrbitalPeriod":27074010.000000, "RotationPeriod":333552.375000, "AxialTilt":0.000000, "Rings":[ { "Name":"Plaa Ain RW-W d1-136 A A Belt", "RingClass":"eRingClass_Metalic", "MassMT":2.2263e+11, "InnerRad":1.2436e+09, "OuterRad":2.3518e+09 } ] }
{ "timestamp":"2017-11-01T08:47:06Z", "event":"Music", "MusicTrack":"SystemMap" }
{ "timestamp":"2017-11-01T08:47:08Z", "event":"Music", "MusicTrack":"Supercruise" }
{ "timestamp":"2017-11-01T08:47:33Z", "event":"FuelScoop", "Scooped":4.990512, "Total":32.000000 }
{ "timestamp":"2017-11-01T08:47:50Z", "event":"Scan", "BodyName":"Plaa Ain RW-W d1-136 B", "DistanceFromArrivalLS":441.153961, "StarType":"M", "StellarMass":0.339844, "Radius":372625632.000000, "AbsoluteMagnitude":9.556885, "Age_MY":618, "SurfaceTemperature":2659.000000, "Luminosity":"Va", "SemiMajorAxis":106877812736.000000, "Eccentricity":0.241950, "OrbitalInclination":-6.085726, "Periapsis":352.946472, "OrbitalPeriod":27074010.000000, "RotationPeriod":152943.250000, "AxialTilt":0.000000, "Rings":[ { "Name":"Plaa Ain RW-W d1-136 B A Belt", "RingClass":"eRingClass_Rocky", "MassMT":1.0106e+13, "InnerRad":5.9356e+08, "OuterRad":1.684e+09 } ] }
{ "timestamp":"2017-11-01T08:48:03Z", "event":"Music", "MusicTrack":"SystemMap" }
{ "timestamp":"2017-11-01T08:48:05Z", "event":"Music", "MusicTrack":"Supercruise" }
{ "timestamp":"2017-11-01T08:48:09Z", "event":"StartJump", "JumpType":"Hyperspace", "StarSystem":"Plaa Ain GL-G b11-5", "StarClass":"M" }
{ "timestamp":"2017-11-01T08:48:15Z", "event":"Music", "MusicTrack":"NoTrack" }
{ "timestamp":"2017-11-01T08:48:28Z", "event":"FSDJump", "StarSystem":"Plaa Ain GL-G b11-5", "StarPos":[978.875,136.969,9427.438], "SystemAllegiance":"", "SystemEconomy":"$economy_None;", "SystemEconomy_Localised":"None", "SystemGovernment":"$government_None;", "SystemGovernment_Localised":"None", "SystemSecurity":"$GAlAXY_MAP_INFO_state_anarchy;", "SystemSecurity_Localised":"Anarchy", "Population":0, "JumpDist":25.877, "FuelUsed":3.977866, "FuelLevel":28.022133 }
{ "timestamp":"2017-11-01T08:48:28Z", "event":"Music", "MusicTrack":"Supercruise" }
{ "timestamp":"2017-11-01T08:48:41Z", "event":"Music", "MusicTrack":"SystemMap" }
{ "timestamp":"2017-11-01T08:48:46Z", "event":"FuelScoop", "Scooped":2.084776, "Total":29.586906 }
{ "timestamp":"2017-11-01T08:48:49Z", "event":"Music", "MusicTrack":"Supercruise" }
{ "timestamp":"2017-11-01T08:49:06Z", "event":"StartJump", "JumpType":"Hyperspace", "StarSystem":"Plaa Ain XX-U d2-59", "StarClass":"F" }
{ "timestamp":"2017-11-01T08:49:11Z", "event":"Music", "MusicTrack":"NoTrack" }
{ "timestamp":"2017-11-01T08:49:24Z", "event":"FSDJump", "StarSystem":"Plaa Ain XX-U d2-59", "StarPos":[985.844,127.125,9450.094], "SystemAllegiance":"", "SystemEconomy":"$economy_None;", "SystemEconomy_Localised":"None", "SystemGovernment":"$government_None;", "SystemGovernment_Localised":"None", "SystemSecurity":"$GAlAXY_MAP_INFO_state_anarchy;", "SystemSecurity_Localised":"Anarchy", "Population":0, "JumpDist":25.666, "FuelUsed":3.839980, "FuelLevel":25.746925 }
{ "timestamp":"2017-11-01T08:49:24Z", "event":"Music", "MusicTrack":"Supercruise" }
{ "timestamp":"2017-11-01T08:49:44Z", "event":"Music", "MusicTrack":"SystemMap" }
{ "timestamp":"2017-11-01T08:49:51Z", "event":"Scan", "BodyName":"Plaa Ain XX-U d2-59", "DistanceFromArrivalLS":0.000000, "StarType":"F", "StellarMass":1.367188, "Radius":840487744.000000, "AbsoluteMagnitude":3.331635, "Age_MY":2204, "SurfaceTemperature":7421.000000, "Luminosity":"VI", "RotationPeriod":229313.343750, "AxialTilt":0.000000 }
{ "timestamp":"2017-11-01T08:49:52Z", "event":"Music", "MusicTrack":"Supercruise" }
{ "timestamp":"2017-11-01T08:49:53Z", "event":"Music", "MusicTrack":"SystemMap" }
{ "timestamp":"2017-11-01T08:49:55Z", "event":"Music", "MusicTrack":"Supercruise" }
{ "timestamp":"2017-11-01T08:50:21Z", "event":"FuelScoop", "Scooped":5.002042, "Total":30.748934 }
{ "timestamp":"2017-11-01T08:50:26Z", "event":"FuelScoop", "Scooped":1.251086, "Total":32.000000 }
{ "timestamp":"2017-11-01T08:52:22Z", "event":"Scan", "BodyName":"Plaa Ain XX-U d2-59 6", "DistanceFromArrivalLS":2018.173340, "TidalLock":false, "TerraformState":"", "PlanetClass":"Water world", "Atmosphere":"nitrogen atmosphere", "AtmosphereType":"Nitrogen", "AtmosphereComposition":[ { "Name":"Nitrogen", "Percent":81.252640 }, { "Name":"Oxygen", "Percent":10.635443 }, { "Name":"CarbonDioxide", "Percent":5.037685 } ], "Volcanism":"rocky magma volcanism", "MassEM":0.782834, "Radius":5645415.500000, "SurfaceGravity":9.790096, "SurfaceTemperature":248.942810, "SurfacePressure":234514.000000, "Landable":false, "SemiMajorAxis":605000302592.000000, "Eccentricity":0.000085, "OrbitalInclination":-0.086504, "Periapsis":290.089844, "OrbitalPeriod":219477024.000000, "RotationPeriod":144943.171875, "AxialTilt":0.415899 }
{ "timestamp":"2017-11-01T08:52:24Z", "event":"Music", "MusicTrack":"SystemMap" }
{ "timestamp":"2017-11-01T08:52:27Z", "event":"Music", "MusicTrack":"Supercruise" }
{ "timestamp":"2017-11-01T08:52:30Z", "event":"Music", "MusicTrack":"SystemMap" }
{ "timestamp":"2017-11-01T08:52:33Z", "event":"Music", "MusicTrack":"Supercruise" }
{ "timestamp":"2017-11-01T08:54:51Z", "event":"Scan", "BodyName":"Plaa Ain XX-U d2-59 5", "DistanceFromArrivalLS":1210.750732, "TidalLock":false, "TerraformState":"Terraformable", "PlanetClass":"High metal content body", "Atmosphere":"hot thick water atmosphere", "AtmosphereType":"Water", "AtmosphereComposition":[ { "Name":"Water", "Percent":99.963707 } ], "Volcanism":"", "MassEM":0.267019, "Radius":4056488.750000, "SurfaceGravity":6.467716, "SurfaceTemperature":1048.065674, "SurfacePressure":48528220.000000, "Landable":false, "SemiMajorAxis":362977591296.000000, "Eccentricity":0.000029, "OrbitalInclination":-0.481906, "Periapsis":215.450455, "OrbitalPeriod":101994208.000000, "RotationPeriod":82764.570313, "AxialTilt":0.189215 }
{ "timestamp":"2017-11-01T08:55:20Z", "event":"StartJump", "JumpType":"Hyperspace", "StarSystem":"Plaa Ain WG-O c6-14", "StarClass":"G" }
{ "timestamp":"2017-11-01T08:55:25Z", "event":"Music", "MusicTrack":"NoTrack" }
{ "timestamp":"2017-11-01T08:55:38Z", "event":"FSDJump", "StarSystem":"Plaa Ain WG-O c6-14", "StarPos":[989.750,123.563,9475.438], "SystemAllegiance":"", "SystemEconomy":"$economy_None;", "SystemEconomy_Localised":"None", "SystemGovernment":"$government_None;", "SystemGovernment_Localised":"None", "SystemSecurity":"$GAlAXY_MAP_INFO_state_anarchy;", "SystemSecurity_Localised":"Anarchy", "Population":0, "JumpDist":25.889, "FuelUsed":3.982421, "FuelLevel":28.017578 }
{ "timestamp":"2017-11-01T08:55:38Z", "event":"Music", "MusicTrack":"Supercruise" }
{ "timestamp":"2017-11-01T08:55:50Z", "event":"Music", "MusicTrack":"SystemMap" }
{ "timestamp":"2017-11-01T08:55:51Z", "event":"Music", "MusicTrack":"Supercruise" }
{ "timestamp":"2017-11-01T08:56:01Z", "event":"Scan", "BodyName":"Plaa Ain WG-O c6-14 A", "DistanceFromArrivalLS":0.000000, "StarType":"G", "StellarMass":0.796875, "Radius":637661888.000000, "AbsoluteMagnitude":5.266144, "Age_MY":1358, "SurfaceTemperature":5458.000000, "Luminosity":"Vab", "SemiMajorAxis":21490856624128.000000, "Eccentricity":0.040169, "OrbitalInclination":-11.249472, "Periapsis":352.535278, "OrbitalPeriod":175071232000.000000, "RotationPeriod":262597.437500, "AxialTilt":0.000000 }
{ "timestamp":"2017-11-01T08:56:25Z", "event":"FuelScoop", "Scooped":3.982435, "Total":32.000000 }
{ "timestamp":"2017-11-01T08:56:49Z", "event":"StartJump", "JumpType":"Hyperspace", "StarSystem":"Plaa Ain ZE-Z b14-11", "StarClass":"M" }
{ "timestamp":"2017-11-01T08:56:55Z", "event":"Music", "MusicTrack":"NoTrack" }
{ "timestamp":"2017-11-01T08:57:08Z", "event":"FSDJump", "StarSystem":"Plaa Ain ZE-Z b14-11", "StarPos":[995.438,125.094,9500.313], "SystemAllegiance":"", "SystemEconomy":"$economy_None;", "SystemEconomy_Localised":"None", "SystemGovernment":"$government_None;", "SystemGovernment_Localised":"None", "SystemSecurity":"$GAlAXY_MAP_INFO_state_anarchy;", "SystemSecurity_Localised":"Anarchy", "Population":0, "JumpDist":25.563, "FuelUsed":3.860516, "FuelLevel":28.139484 }
{ "timestamp":"2017-11-01T08:57:08Z", "event":"Music", "MusicTrack":"Supercruise" }
{ "timestamp":"2017-11-01T08:57:18Z", "event":"Music", "MusicTrack":"SystemMap" }
{ "timestamp":"2017-11-01T08:57:19Z", "event":"Music", "MusicTrack":"Supercruise" }
{ "timestamp":"2017-11-01T08:57:20Z", "event":"Music", "MusicTrack":"SystemMap" }
{ "timestamp":"2017-11-01T08:57:22Z", "event":"Music", "MusicTrack":"Supercruise" }
{ "timestamp":"2017-11-01T08:57:26Z", "event":"FuelScoop", "Scooped":1.792027, "Total":29.931522 }
{ "timestamp":"2017-11-01T08:57:45Z", "event":"StartJump", "JumpType":"Hyperspace", "StarSystem":"Plaa Ain AN-M c7-43", "StarClass":"K" }
{ "timestamp":"2017-11-01T08:57:50Z", "event":"Music", "MusicTrack":"NoTrack" }
{ "timestamp":"2017-11-01T08:58:03Z", "event":"FSDJump", "StarSystem":"Plaa Ain AN-M c7-43", "StarPos":[1002.750,124.625,9524.750], "SystemAllegiance":"", "SystemEconomy":"$economy_None;", "SystemEconomy_Localised":"None", "SystemGovernment":"$government_None;", "SystemGovernment_Localised":"None", "SystemSecurity":"$GAlAXY_MAP_INFO_state_anarchy;", "SystemSecurity_Localised":"Anarchy", "Population":0, "JumpDist":25.512, "FuelUsed":3.791992, "FuelLevel":26.139530 }
{ "timestamp":"2017-11-01T08:58:03Z", "event":"Music", "MusicTrack":"Supercruise" }
{ "timestamp":"2017-11-01T08:58:12Z", "event":"Music", "MusicTrack":"SystemMap" }
{ "timestamp":"2017-11-01T08:58:20Z", "event":"Music", "MusicTrack":"Supercruise" }
{ "timestamp":"2017-11-01T08:58:23Z", "event":"Music", "MusicTrack":"SystemMap" }
{ "timestamp":"2017-11-01T08:58:26Z", "event":"Scan", "BodyName":"Plaa Ain AN-M c7-43 A", "DistanceFromArrivalLS":0.000000, "StarType":"K", "StellarMass":0.691406, "Radius":500866944.000000, "AbsoluteMagnitude":6.733551, "Age_MY":2766, "SurfaceTemperature":4393.000000, "Luminosity":"Va", "SemiMajorAxis":298229563392.000000, "Eccentricity":0.152588, "OrbitalInclination":13.296656, "Periapsis":114.015030, "OrbitalPeriod":267904240.000000, "RotationPeriod":253308.796875, "AxialTilt":0.000000, "Rings":[ { "Name":"Plaa Ain AN-M c7-43 A A Belt", "RingClass":"eRingClass_Rocky", "MassMT":1.2165e+14, "InnerRad":8.1012e+08, "OuterRad":2.1338e+09 } ] }
{ "timestamp":"2017-11-01T08:58:34Z", "event":"Music", "MusicTrack":"Supercruise" }
{ "timestamp":"2017-11-01T08:58:35Z", "event":"Music", "MusicTrack":"SystemMap" }
{ "timestamp":"2017-11-01T08:58:37Z", "event":"Music", "MusicTrack":"Supercruise" }
{ "timestamp":"2017-11-01T08:59:04Z", "event":"FuelScoop", "Scooped":5.001579, "Total":31.141104 }
{ "timestamp":"2017-11-01T08:59:08Z", "event":"FuelScoop", "Scooped":0.858900, "Total":32.000000 }
{ "timestamp":"2017-11-01T09:01:34Z", "event":"Scan", "BodyName":"Plaa Ain AN-M c7-43 BC 4", "DistanceFromArrivalLS":2367.835449, "TidalLock":true, "TerraformState":"Terraformable", "PlanetClass":"Water world", "Atmosphere":"nitrogen atmosphere", "AtmosphereType":"Nitrogen", "AtmosphereComposition":[ { "Name":"Nitrogen", "Percent":87.822739 }, { "Name":"Oxygen", "Percent":12.070026 } ], "Volcanism":"", "MassEM":0.447174, "Radius":4740523.500000, "SurfaceGravity":7.931103, "SurfaceTemperature":248.466797, "SurfacePressure":56631.316406, "Landable":false, "SemiMajorAxis":68362366976.000000, "Eccentricity":0.001649, "OrbitalInclination":7.497491, "Periapsis":143.326248, "OrbitalPeriod":13088160.000000, "RotationPeriod":13088210.000000, "AxialTilt":-1.535276 }
{ "timestamp":"2017-11-01T09:01:51Z", "event":"Scan", "BodyName":"Plaa Ain AN-M c7-43 BC 4 a", "DistanceFromArrivalLS":2367.396484, "TidalLock":true, "TerraformState":"", "PlanetClass":"Rocky body", "Atmosphere":"", "AtmosphereType":"None", "Volcanism":"", "MassEM":0.031909, "Radius":2166593.250000, "SurfaceGravity":2.709365, "SurfaceTemperature":232.236938, "SurfacePressure":0.000000, "Landable":true, "Materials":[ { "Name":"iron", "Percent":20.403055 }, { "Name":"sulphur", "Percent":18.078739 }, { "Name":"nickel", "Percent":15.432015 }, { "Name":"carbon", "Percent":15.202347 }, { "Name":"phosphorus", "Percent":9.732804 }, { "Name":"chromium", "Percent":9.175932 }, { "Name":"vanadium", "Percent":5.010280 }, { "Name":"selenium", "Percent":2.829476 }, { "Name":"cadmium", "Percent":1.584390 }, { "Name":"molybdenum", "Percent":1.332308 }, { "Name":"yttrium", "Percent":1.218650 } ], "SemiMajorAxis":165990448.000000, "Eccentricity":0.000000, "OrbitalInclination":-65.856606, "Periapsis":265.479797, "OrbitalPeriod":972388.312500, "RotationPeriod":1006483.875000, "AxialTilt":0.094570 }
{ "timestamp":"2017-11-01T09:01:53Z", "event":"Music", "MusicTrack":"SystemMap" }
{ "timestamp":"2017-11-01T09:01:58Z", "event":"Music", "MusicTrack":"Supercruise" }
{ "timestamp":"2017-11-01T09:03:22Z", "event":"Scan", "BodyName":"Plaa Ain AN-M c7-43 BC 3", "DistanceFromArrivalLS":2290.482666, "TidalLock":false, "TerraformState":"", "PlanetClass":"High metal content body", "Atmosphere":"hot thick carbon dioxide atmosphere", "AtmosphereType":"CarbonDioxide", "AtmosphereComposition":[ { "Name":"CarbonDioxide", "Percent":96.198288 }, { "Name":"SulphurDioxide", "Percent":3.801713 } ], "Volcanism":"", "MassEM":0.419762, "Radius":4660609.500000, "SurfaceGravity":7.702425, "SurfaceTemperature":689.082458, "SurfacePressure":2167139.750000, "Landable":false, "SemiMajorAxis":36980731904.000000, "Eccentricity":0.000072, "OrbitalInclination":1.423726, "Periapsis":318.623169, "OrbitalPeriod":5207343.500000, "RotationPeriod":-5207363.000000, "AxialTilt":1.837656 }
{ "timestamp":"2017-11-01T09:03:58Z", "event":"StartJump", "JumpType":"Hyperspace", "StarSystem":"Plaa Ain BE-T d3-45", "StarClass":"A" }
{ "timestamp":"2017-11-01T09:04:03Z", "event":"Music", "MusicTrack":"NoTrack" }
{ "timestamp":"2017-11-01T09:04:17Z", "event":"FSDJump", "StarSystem":"Plaa Ain BE-T d3-45", "StarPos":[997.906,121.438,9549.188], "SystemAllegiance":"", "SystemEconomy":"$economy_None;", "SystemEconomy_Localised":"None", "SystemGovernment":"$government_None;", "SystemGovernment_Localised":"None", "SystemSecurity":"$GAlAXY_MAP_INFO_state_anarchy;", "SystemSecurity_Localised":"Anarchy", "Population":0, "JumpDist":25.116, "FuelUsed":3.697278, "FuelLevel":28.302723 }
{ "timestamp":"2017-11-01T09:04:17Z", "event":"Music", "MusicTrack":"Supercruise" }
{ "timestamp":"2017-11-01T09:04:31Z", "event":"Music", "MusicTrack":"SystemMap" }
{ "timestamp":"2017-11-01T09:04:40Z", "event":"Scan", "BodyName":"Plaa Ain BE-T d3-45 A", "DistanceFromArrivalLS":0.000000, "StarType":"A", "StellarMass":1.765625, "Radius":954253568.000000, "AbsoluteMagnitude":2.254257, "Age_MY":1170, "SurfaceTemperature":8925.000000, "Luminosity":"VI", "SemiMajorAxis":7563966464.000000, "Eccentricity":0.285491, "OrbitalInclination":-36.715183, "Periapsis":176.248932, "OrbitalPeriod":636000.750000, "RotationPeriod":64677.503906, "AxialTilt":0.000000 }
{ "timestamp":"2017-11-01T09:04:42Z", "event":"Music", "MusicTrack":"Supercruise" }
{ "timestamp":"2017-11-01T09:04:50Z", "event":"Music", "MusicTrack":"SystemMap" }
{ "timestamp":"2017-11-01T09:04:51Z", "event":"Music", "MusicTrack":"Supercruise" }
{ "timestamp":"2017-11-01T09:04:55Z", "event":"Music", "MusicTrack":"SystemMap" }
{ "timestamp":"2017-11-01T09:05:01Z", "event":"Music", "MusicTrack":"Supercruise" }
{ "timestamp":"2017-11-01T09:05:07Z", "event":"Scan", "BodyName":"Plaa Ain BE-T d3-45 B", "DistanceFromArrivalLS":49.317455, "StarType":"A", "StellarMass":1.503906, "Radius":889177920.000000, "AbsoluteMagnitude":2.869400, "Age_MY":1170, "SurfaceTemperature":8025.000000, "Luminosity":"VI", "SemiMajorAxis":8880297984.000000, "Eccentricity":0.285491, "OrbitalInclination":-36.715183, "Periapsis":356.248932, "OrbitalPeriod":636000.750000, "RotationPeriod":97964.976563, "AxialTilt":0.000000 }
{ "timestamp":"2017-11-01T09:05:36Z", "event":"FuelScoop", "Scooped":0.087688, "Total":28.390404 }
{ "timestamp":"2017-11-01T09:05:42Z", "event":"StartJump", "JumpType":"Hyperspace", "StarSystem":"Plaa Ain ET-K c8-24", "StarClass":"K" }
{ "timestamp":"2017-11-01T09:05:47Z", "event":"Music", "MusicTrack":"NoTrack" }
{ "timestamp":"2017-11-01T09:06:00Z", "event":"FSDJump", "StarSystem":"Plaa Ain ET-K c8-24", "StarPos":[992.563,127.125,9573.563], "SystemAllegiance":"", "SystemEconomy":"$economy_None;", "SystemEconomy_Localised":"None", "SystemGovernment":"$government_None;", "SystemGovernment_Localised":"None", "SystemSecurity":"$GAlAXY_MAP_INFO_state_anarchy;", "SystemSecurity_Localised":"Anarchy", "Population":0, "JumpDist":25.594, "FuelUsed":3.782498, "FuelLevel":24.607906 }
{ "timestamp":"2017-11-01T09:06:00Z", "event":"Music", "MusicTrack":"Supercruise" }
{ "timestamp":"2017-11-01T09:06:09Z", "event":"Music", "MusicTrack":"SystemMap" }
{ "timestamp":"2017-11-01T09:06:19Z", "event":"Music", "MusicTrack":"Supercruise" }
{ "timestamp":"2017-11-01T09:06:23Z", "event":"Scan", "BodyName":"Plaa Ain ET-K c8-24", "DistanceFromArrivalLS":0.000000, "StarType":"K", "StellarMass":0.679688, "Radius":531579488.000000, "AbsoluteMagnitude":6.377914, "Age_MY":4956, "SurfaceTemperature":4628.000000, "Luminosity":"Vab", "RotationPeriod":252689.203125, "AxialTilt":0.000000, "Rings":[ { "Name":"Plaa Ain ET-K c8-24 A Belt", "RingClass":"eRingClass_MetalRich", "MassMT":1.25e+14, "InnerRad":8.7711e+08, "OuterRad":2.2758e+09 } ] }
{ "timestamp":"2017-11-01T09:06:49Z", "event":"FuelScoop", "Scooped":5.004270, "Total":29.612173 }
{ "timestamp":"2017-11-01T09:06:57Z", "event":"FuelScoop", "Scooped":2.387848, "Total":32.000000 }
{ "timestamp":"2017-11-01T09:07:27Z", "event":"StartJump", "JumpType":"Hyperspace", "StarSystem":"Plaa Ain FK-R d4-170", "StarClass":"F" }
{ "timestamp":"2017-11-01T09:07:32Z", "event":"Music", "MusicTrack":"NoTrack" }
{ "timestamp":"2017-11-01T09:07:46Z", "event":"FSDJump", "StarSystem":"Plaa Ain FK-R d4-170", "StarPos":[996.313,124.063,9598.656], "SystemAllegiance":"", "SystemEconomy":"$economy_None;", "SystemEconomy_Localised":"None", "SystemGovernment":"$government_None;", "SystemGovernment_Localised":"None", "SystemSecurity":"$GAlAXY_MAP_INFO_state_anarchy;", "SystemSecurity_Localised":"Anarchy", "Population":0, "JumpDist":25.557, "FuelUsed":3.857807, "FuelLevel":28.142193 }
{ "timestamp":"2017-11-01T09:07:46Z", "event":"Music", "MusicTrack":"Supercruise" }
{ "timestamp":"2017-11-01T09:07:55Z", "event":"Music", "MusicTrack":"SystemMap" }
{ "timestamp":"2017-11-01T09:07:55Z", "event":"Music", "MusicTrack":"Supercruise" }
{ "timestamp":"2017-11-01T09:08:09Z", "event":"Scan", "BodyName":"Plaa Ain FK-R d4-170", "DistanceFromArrivalLS":0.000000, "StarType":"F", "StellarMass":1.261719, "Radius":765903168.000000, "AbsoluteMagnitude":3.706024, "Age_MY":2158, "SurfaceTemperature":7132.000000, "Luminosity":"VI", "RotationPeriod":368261.812500, "AxialTilt":0.000000 }
{ "timestamp":"2017-11-01T09:08:30Z", "event":"FuelScoop", "Scooped":3.857824, "Total":32.000000 }
{ "timestamp":"2017-11-01T09:08:49Z", "event":"StartJump", "JumpType":"Hyperspace", "StarSystem":"Plaa Ain WP-O b20-7", "StarClass":"M" }
{ "timestamp":"2017-11-01T09:08:54Z", "event":"Music", "MusicTrack":"NoTrack" }
{ "timestamp":"2017-11-01T09:09:07Z", "event":"FSDJump", "StarSystem":"Plaa Ain WP-O b20-7", "StarPos":[993.688,122.250,9623.656], "SystemAllegiance":"", "SystemEconomy":"$economy_None;", "SystemEconomy_Localised":"None", "SystemGovernment":"$government_None;", "SystemGovernment_Localised":"None", "SystemSecurity":"$GAlAXY_MAP_INFO_state_anarchy;", "SystemSecurity_Localised":"Anarchy", "Population":0, "JumpDist":25.203, "FuelUsed":3.728190, "FuelLevel":28.271811 }
{ "timestamp":"2017-11-01T09:09:07Z", "event":"Music", "MusicTrack":"Supercruise" }
{ "timestamp":"2017-11-01T09:09:24Z", "event":"Music", "MusicTrack":"SystemMap" }
{ "timestamp":"2017-11-01T09:09:26Z", "event":"FuelScoop", "Scooped":2.575634, "Total":30.847441 }
{ "timestamp":"2017-11-01T09:09:30Z", "event":"Music", "MusicTrack":"Supercruise" }
{ "timestamp":"2017-11-01T09:09:47Z", "event":"StartJump", "JumpType":"Hyperspace", "StarSystem":"Plaa Ain AW-M b21-13", "StarClass":"M" }
{ "timestamp":"2017-11-01T09:09:53Z", "event":"Music", "MusicTrack":"NoTrack" }
{ "timestamp":"2017-11-01T09:10:06Z", "event":"FSDJump", "StarSystem":"Plaa Ain AW-M b21-13", "StarPos":[988.719,122.375,9648.844], "SystemAllegiance":"", "SystemEconomy":"$economy_None;", "SystemEconomy_Localised":"None", "SystemGovernment":"$government_None;", "SystemGovernment_Localised":"None", "SystemSecurity":"$GAlAXY_MAP_INFO_state_anarchy;", "SystemSecurity_Localised":"Anarchy", "Population":0, "JumpDist":25.673, "FuelUsed":3.872923, "FuelLevel":26.974518 }
{ "timestamp":"2017-11-01T09:10:06Z", "event":"Music", "MusicTrack":"Supercruise" }
{ "timestamp":"2017-11-01T09:10:21Z", "event":"FuelScoop", "Scooped":1.670324, "Total":28.124851 }
{ "timestamp":"2017-11-01T09:10:36Z", "event":"StartJump", "JumpType":"Hyperspace", "StarSystem":"Plaa Ain JQ-P d5-32", "StarClass":"A" }
{ "timestamp":"2017-11-01T09:10:41Z", "event":"Music", "MusicTrack":"NoTrack" }
{ "timestamp":"2017-11-01T09:10:54Z", "event":"FSDJump", "StarSystem":"Plaa Ain JQ-P d5-32", "StarPos":[998.281,123.219,9672.969], "SystemAllegiance":"", "SystemEconomy":"$economy_None;", "SystemEconomy_Localised":"None", "SystemGovernment":"$government_None;", "SystemGovernment_Localised":"None", "SystemSecurity":"$GAlAXY_MAP_INFO_state_anarchy;", "SystemSecurity_Localised":"Anarchy", "Population":0, "JumpDist":25.965, "FuelUsed":3.913423, "FuelLevel":24.211428 }
{ "timestamp":"2017-11-01T09:10:54Z", "event":"Music", "MusicTrack":"Supercruise" }
{ "timestamp":"2017-11-01T09:11:03Z", "event":"Music", "MusicTrack":"SystemMap" }
{ "timestamp":"2017-11-01T09:11:17Z", "event":"Scan", "BodyName":"Plaa Ain JQ-P d5-32 A", "DistanceFromArrivalLS":0.000000, "StarType":"A", "StellarMass":1.734375, "Radius":1003771520.000000, "AbsoluteMagnitude":2.228912, "Age_MY":1132, "SurfaceTemperature":8753.000000, "Luminosity":"VI", "SemiMajorAxis":3687298891776.000000, "Eccentricity":0.008691, "OrbitalInclination":-15.039373, "Periapsis":108.078476, "OrbitalPeriod":12669655040.000000, "RotationPeriod":62438.167969, "AxialTilt":0.000000 }
{ "timestamp":"2017-11-01T09:11:20Z", "event":"Music", "MusicTrack":"Supercruise" }
{ "timestamp":"2017-11-01T09:11:54Z", "event":"FuelScoop", "Scooped":5.000220, "Total":29.211664 }
{ "timestamp":"2017-11-01T09:12:03Z", "event":"FuelScoop", "Scooped":2.788324, "Total":32.000000 }
{ "timestamp":"2017-11-01T09:13:02Z", "event":"Music", "MusicTrack":"MainMenu" }
{ "timestamp":"2017-11-01T10:06:45Z", "event":"Friends", "Status":"Online", "Name":"Mitsumete Knight" }
{ "timestamp":"2017-11-01T10:28:12Z", "event":"Friends", "Status":"Online", "Name":"Sylphinix" }
{ "timestamp":"2017-11-01T10:30:13Z", "event":"Friends", "Status":"Online", "Name":"Mitsumete Knight" }
