{ "timestamp":"2017-10-26T00:24:36Z", "event":"Fileheader", "part":1, "language":"English\\UK", "gameversion":"2.4", "build":"r156431/r0 " }
{ "timestamp":"2017-10-26T00:24:36Z", "event":"Music", "MusicTrack":"NoTrack" }
{ "timestamp":"2017-10-26T00:24:36Z", "event":"Music", "MusicTrack":"MainMenu" }
{ "timestamp":"2017-10-26T00:32:20Z", "event":"Cargo", "Inventory":[  ] }
{ "timestamp":"2017-10-26T00:32:20Z", "event":"Loadout", "Ship":"DiamondBackXL", "ShipID":2, "ShipName":"KONNYAKU", "ShipIdent":"IG-E01", "Modules":[ { "Slot":"LargeHardpoint1", "Item":"Hpt_PulseLaser_Gimbal_Large", "On":true, "Priority":2, "Health":0.958757, "Value":140600 }, { "Slot":"MediumHardpoint2", "Item":"Hpt_MiningLaser_Fixed_Small", "On":true, "Priority":1, "Health":0.958027, "Value":6800 }, { "Slot":"TinyHardpoint1", "Item":"Hpt_HeatSinkLauncher_Turret_Tiny", "On":true, "Priority":0, "AmmoInClip":1, "AmmoInHopper":2, "Health":0.960621, "Value":3500 }, { "Slot":"TinyHardpoint2", "Item":"Hpt_HeatSinkLauncher_Turret_Tiny", "On":true, "Priority":0, "AmmoInClip":1, "AmmoInHopper":2, "Health":0.956778, "Value":3500 }, { "Slot":"TinyHardpoint4", "Item":"Hpt_ChaffLauncher_Tiny", "On":true, "Priority":1, "AmmoInClip":1, "AmmoInHopper":10, "Health":0.922629, "Value":8500 }, { "Slot":"Armour", "Item":"DiamondBackXL_Armour_Grade1", "On":true, "Priority":1, "Health":1.000000, "Value":0 }, { "Slot":"PowerPlant", "Item":"Int_Powerplant_Size4_Class4", "On":true, "Priority":1, "Health":0.972401, "Value":536693 }, { "Slot":"MainEngines", "Item":"Int_Engine_Size4_Class4", "On":true, "Priority":0, "Health":0.983037, "Value":536693 }, { "Slot":"FrameShiftDrive", "Item":"Int_Hyperdrive_Size5_Class4", "On":true, "Priority":0, "Health":1.000000, "Value":1701318 }, { "Slot":"LifeSupport", "Item":"Int_LifeSupport_Size3_Class2", "On":true, "Priority":0, "Health":0.949443, "Value":10133 }, { "Slot":"PowerDistributor", "Item":"Int_PowerDistributor_Size4_Class2", "On":true, "Priority":0, "Health":1.000000, "Value":28373 }, { "Slot":"Radar", "Item":"Int_Sensors_Size3_Class2", "On":true, "Priority":3, "Health":0.974832, "Value":10133 }, { "Slot":"FuelTank", "Item":"Int_FuelTank_Size5_Class3", "On":true, "Priority":1, "Health":1.000000, "Value":97754 }, { "Slot":"Decal1", "Item":"Decal_Explorer_Surveyor", "On":true, "Priority":1, "Health":1.000000, "Value":0 }, { "Slot":"Decal2", "Item":"Decal_Explorer_Surveyor", "On":true, "Priority":1, "Health":1.000000, "Value":0 }, { "Slot":"Decal3", "Item":"Decal_Explorer_Surveyor", "On":true, "Priority":1, "Health":1.000000, "Value":0 }, { "Slot":"Slot01_Size4", "Item":"Int_ShieldGenerator_Size4_Class1", "On":true, "Priority":1, "Health":1.000000, "Value":19878 }, { "Slot":"Slot02_Size4", "Item":"Int_FuelScoop_Size4_Class4", "On":true, "Priority":3, "Health":0.960042, "Value":715591 }, { "Slot":"Slot03_Size3", "Item":"Int_BuggyBay_Size2_Class2", "On":true, "Priority":0, "Health":0.981141, "Value":21600 }, { "Slot":"Slot04_Size3", "Item":"Int_Repairer_Size3_Class2", "On":true, "Priority":0, "AmmoInClip":2473, "Health":0.939137, "Value":97200 }, { "Slot":"Slot05_Size2", "Item":"Int_StellarBodyDiscoveryScanner_Advanced", "On":true, "Priority":1, "Health":0.975861, "Value":1545000 }, { "Slot":"Slot06_Size2", "Item":"Int_DetailedSurfaceScanner_Tiny", "On":true, "Priority":1, "Health":1.000000, "Value":250000 }, { "Slot":"PlanetaryApproachSuite", "Item":"Int_PlanetApproachSuite", "On":true, "Priority":1, "Health":1.000000, "Value":500 }, { "Slot":"ShipCockpit", "Item":"DiamondBackXL_Cockpit", "On":true, "Priority":1, "Health":1.000000, "Value":0 }, { "Slot":"CargoHatch", "Item":"ModularCargoBayDoor", "On":true, "Priority":2, "Health":0.951189, "Value":0 } ] }
{ "timestamp":"2017-10-26T00:32:20Z", "event":"Materials", "Raw":[ { "Name":"carbon", "Count":2 }, { "Name":"iron", "Count":3 } ], "Manufactured":[ { "Name":"mechanicalscrap", "Count":8 }, { "Name":"gridresistors", "Count":3 }, { "Name":"heatdispersionplate", "Count":5 }, { "Name":"salvagedalloys", "Count":6 }, { "Name":"hybridcapacitors", "Count":5 }, { "Name":"heatconductionwiring", "Count":2 } ], "Encoded":[ { "Name":"shieldsoakanalysis", "Count":3 }, { "Name":"disruptedwakeechoes", "Count":5 }, { "Name":"shieldcyclerecordings", "Count":9 }, { "Name":"emissiondata", "Count":3 }, { "Name":"bulkscandata", "Count":9 }, { "Name":"scrambledemissiondata", "Count":7 }, { "Name":"archivedemissiondata", "Count":3 }, { "Name":"shielddensityreports", "Count":9 }, { "Name":"legacyfirmware", "Count":1 } ] }
{ "timestamp":"2017-10-26T00:32:20Z", "event":"LoadGame", "Commander":"Igaguri", "Ship":"DiamondBackXL", "ShipID":2, "ShipName":"KONNYAKU", "ShipIdent":"IG-E01", "FuelLevel":32.000000, "FuelCapacity":32.000000, "GameMode":"Open", "Credits":726550, "Loan":0 }
{ "timestamp":"2017-10-26T00:32:20Z", "event":"Rank", "Combat":1, "Trade":4, "Explore":4, "Empire":0, "Federation":1, "CQC":0 }
{ "timestamp":"2017-10-26T00:32:20Z", "event":"Progress", "Combat":26, "Trade":1, "Explore":9, "Empire":0, "Federation":100, "CQC":0 }
{ "timestamp":"2017-10-26T00:32:32Z", "event":"Location", "Docked":false, "StarSystem":"Blu Thua IA-Z d19", "StarPos":[925.000,358.594,1650.125], "SystemAllegiance":"", "SystemEconomy":"$economy_None;", "SystemEconomy_Localised":"None", "SystemGovernment":"$government_None;", "SystemGovernment_Localised":"None", "SystemSecurity":"$GAlAXY_MAP_INFO_state_anarchy;", "SystemSecurity_Localised":"Anarchy", "Population":0, "Body":"Blu Thua IA-Z d19 BC", "BodyType":"Null" }
{ "timestamp":"2017-10-26T00:32:32Z", "event":"Music", "MusicTrack":"NoTrack" }
{ "timestamp":"2017-10-26T00:32:32Z", "event":"Music", "MusicTrack":"Exploration" }
{ "timestamp":"2017-10-26T00:32:35Z", "event":"Music", "MusicTrack":"GalaxyMap" }
{ "timestamp":"2017-10-26T00:33:10Z", "event":"Music", "MusicTrack":"Exploration" }
{ "timestamp":"2017-10-26T00:33:13Z", "event":"Music", "MusicTrack":"SystemMap" }
{ "timestamp":"2017-10-26T00:33:22Z", "event":"Music", "MusicTrack":"Exploration" }
{ "timestamp":"2017-10-26T00:33:52Z", "event":"StartJump", "JumpType":"Hyperspace", "StarSystem":"Blu Thua MG-X d1-25", "StarClass":"A" }
{ "timestamp":"2017-10-26T00:33:58Z", "event":"Music", "MusicTrack":"NoTrack" }
{ "timestamp":"2017-10-26T00:34:11Z", "event":"FSDJump", "StarSystem":"Blu Thua MG-X d1-25", "StarPos":[933.625,351.156,1660.750], "SystemAllegiance":"", "SystemEconomy":"$economy_None;", "SystemEconomy_Localised":"None", "SystemGovernment":"$government_None;", "SystemGovernment_Localised":"None", "SystemSecurity":"$GAlAXY_MAP_INFO_state_anarchy;", "SystemSecurity_Localised":"Anarchy", "Population":0, "JumpDist":15.576, "FuelUsed":1.146806, "FuelLevel":30.853195 }
{ "timestamp":"2017-10-26T00:34:11Z", "event":"Music", "MusicTrack":"Supercruise" }
{ "timestamp":"2017-10-26T00:34:26Z", "event":"Music", "MusicTrack":"SystemMap" }
{ "timestamp":"2017-10-26T00:34:28Z", "event":"Music", "MusicTrack":"Supercruise" }
{ "timestamp":"2017-10-26T00:34:37Z", "event":"Scan", "BodyName":"Blu Thua MG-X d1-25 A", "DistanceFromArrivalLS":0.000000, "StarType":"A", "StellarMass":1.781250, "Radius":905075328.000000, "AbsoluteMagnitude":2.712372, "Age_MY":1058, "SurfaceTemperature":8247.000000, "Luminosity":"VI", "SemiMajorAxis":20278599680.000000, "Eccentricity":0.274209, "OrbitalInclination":-51.360603, "Periapsis":42.024212, "OrbitalPeriod":3880669.500000, "RotationPeriod":67198.523438, "AxialTilt":0.000000 }
{ "timestamp":"2017-10-26T00:34:57Z", "event":"Scan", "BodyName":"Blu Thua MG-X d1-25 B", "DistanceFromArrivalLS":130.013306, "StarType":"F", "StellarMass":1.113281, "Radius":742959040.000000, "AbsoluteMagnitude":4.010574, "Age_MY":1058, "SurfaceTemperature":6751.000000, "Luminosity":"VI", "SemiMajorAxis":32445761536.000000, "Eccentricity":0.274209, "OrbitalInclination":-51.360603, "Periapsis":222.024200, "OrbitalPeriod":3880669.500000, "RotationPeriod":352811.593750, "AxialTilt":0.000000 }
{ "timestamp":"2017-10-26T00:35:14Z", "event":"FuelScoop", "Scooped":1.146796, "Total":32.000000 }
{ "timestamp":"2017-10-26T00:38:08Z", "event":"StartJump", "JumpType":"Hyperspace", "StarSystem":"Blu Thua XR-U c3-4", "StarClass":"K" }
{ "timestamp":"2017-10-26T00:38:13Z", "event":"Music", "MusicTrack":"NoTrack" }
{ "timestamp":"2017-10-26T00:38:27Z", "event":"FSDJump", "StarSystem":"Blu Thua XR-U c3-4", "StarPos":[953.969,341.344,1666.063], "SystemAllegiance":"", "SystemEconomy":"$economy_None;", "SystemEconomy_Localised":"None", "SystemGovernment":"$government_None;", "SystemGovernment_Localised":"None", "SystemSecurity":"$GAlAXY_MAP_INFO_state_anarchy;", "SystemSecurity_Localised":"Anarchy", "Population":0, "JumpDist":23.203, "FuelUsed":3.044838, "FuelLevel":28.955162 }
{ "timestamp":"2017-10-26T00:38:27Z", "event":"Music", "MusicTrack":"Supercruise" }
{ "timestamp":"2017-10-26T00:38:40Z", "event":"Music", "MusicTrack":"SystemMap" }
{ "timestamp":"2017-10-26T00:38:42Z", "event":"Music", "MusicTrack":"Supercruise" }
{ "timestamp":"2017-10-26T00:38:54Z", "event":"Scan", "BodyName":"Blu Thua XR-U c3-4 A", "DistanceFromArrivalLS":0.000000, "StarType":"K", "StellarMass":0.773438, "Radius":637619456.000000, "AbsoluteMagnitude":5.615845, "Age_MY":12972, "SurfaceTemperature":5036.000000, "Luminosity":"Va", "SemiMajorAxis":3999602311168.000000, "Eccentricity":0.071761, "OrbitalInclination":42.111542, "Periapsis":86.691208, "OrbitalPeriod":27962566656.000000, "RotationPeriod":267049.812500, "AxialTilt":0.000000 }
{ "timestamp":"2017-10-26T00:39:32Z", "event":"StartJump", "JumpType":"Hyperspace", "StarSystem":"Blu Thua ZM-U c3-2", "StarClass":"K" }
{ "timestamp":"2017-10-26T00:39:37Z", "event":"Music", "MusicTrack":"NoTrack" }
{ "timestamp":"2017-10-26T00:39:50Z", "event":"FSDJump", "StarSystem":"Blu Thua ZM-U c3-2", "StarPos":[972.406,327.500,1676.656], "SystemAllegiance":"", "SystemEconomy":"$economy_None;", "SystemEconomy_Localised":"None", "SystemGovernment":"$government_None;", "SystemGovernment_Localised":"None", "SystemSecurity":"$GAlAXY_MAP_INFO_state_anarchy;", "SystemSecurity_Localised":"Anarchy", "Population":0, "JumpDist":25.374, "FuelUsed":3.718621, "FuelLevel":25.236542 }
{ "timestamp":"2017-10-26T00:39:50Z", "event":"Music", "MusicTrack":"Supercruise" }
{ "timestamp":"2017-10-26T00:40:03Z", "event":"Music", "MusicTrack":"SystemMap" }
{ "timestamp":"2017-10-26T00:40:12Z", "event":"Music", "MusicTrack":"Supercruise" }
{ "timestamp":"2017-10-26T00:40:17Z", "event":"Scan", "BodyName":"Blu Thua ZM-U c3-2 A", "DistanceFromArrivalLS":0.000000, "StarType":"K", "StellarMass":0.644531, "Radius":484608608.000000, "AbsoluteMagnitude":7.201462, "Age_MY":5448, "SurfaceTemperature":4010.000000, "Luminosity":"Va", "SemiMajorAxis":1352017117184.000000, "Eccentricity":0.141315, "OrbitalInclination":-35.286469, "Periapsis":167.976517, "OrbitalPeriod":4212860672.000000, "RotationPeriod":227238.765625, "AxialTilt":0.000000, "Rings":[ { "Name":"Blu Thua ZM-U c3-2 A A Belt", "RingClass":"eRingClass_MetalRich", "MassMT":1.1137e+14, "InnerRad":8.9257e+08, "OuterRad":2.0844e+09 }, { "Name":"Blu Thua ZM-U c3-2 A B Belt", "RingClass":"eRingClass_Rocky", "MassMT":1.3643e+16, "InnerRad":1.3918e+10, "OuterRad":3.535e+11 } ] }
{ "timestamp":"2017-10-26T00:40:47Z", "event":"FuelScoop", "Scooped":5.001579, "Total":30.238100 }
{ "timestamp":"2017-10-26T00:40:53Z", "event":"FuelScoop", "Scooped":1.761886, "Total":32.000000 }
{ "timestamp":"2017-10-26T00:41:57Z", "event":"Friends", "Status":"Added", "Name":"KANPANI" }
{ "timestamp":"2017-10-26T00:42:51Z", "event":"StartJump", "JumpType":"Hyperspace", "StarSystem":"Blu Thua ET-S c4-5", "StarClass":"G" }
{ "timestamp":"2017-10-26T00:42:56Z", "event":"Music", "MusicTrack":"NoTrack" }
{ "timestamp":"2017-10-26T00:43:09Z", "event":"FSDJump", "StarSystem":"Blu Thua ET-S c4-5", "StarPos":[978.188,315.500,1697.750], "SystemAllegiance":"", "SystemEconomy":"$economy_None;", "SystemEconomy_Localised":"None", "SystemGovernment":"$government_None;", "SystemGovernment_Localised":"None", "SystemSecurity":"$GAlAXY_MAP_INFO_state_anarchy;", "SystemSecurity_Localised":"Anarchy", "Population":0, "JumpDist":24.947, "FuelUsed":3.636580, "FuelLevel":28.363420 }
{ "timestamp":"2017-10-26T00:43:09Z", "event":"Music", "MusicTrack":"Supercruise" }
{ "timestamp":"2017-10-26T00:43:25Z", "event":"Music", "MusicTrack":"SystemMap" }
{ "timestamp":"2017-10-26T00:43:27Z", "event":"Music", "MusicTrack":"Supercruise" }
{ "timestamp":"2017-10-26T00:43:42Z", "event":"FuelScoop", "Scooped":3.636569, "Total":32.000000 }
{ "timestamp":"2017-10-26T00:44:07Z", "event":"StartJump", "JumpType":"Hyperspace", "StarSystem":"Blu Thua NG-X d1-13", "StarClass":"F" }
{ "timestamp":"2017-10-26T00:44:12Z", "event":"Music", "MusicTrack":"NoTrack" }
{ "timestamp":"2017-10-26T00:44:25Z", "event":"FSDJump", "StarSystem":"Blu Thua NG-X d1-13", "StarPos":[987.688,320.594,1719.719], "SystemAllegiance":"", "SystemEconomy":"$economy_None;", "SystemEconomy_Localised":"None", "SystemGovernment":"$government_None;", "SystemGovernment_Localised":"None", "SystemSecurity":"$GAlAXY_MAP_INFO_state_anarchy;", "SystemSecurity_Localised":"Anarchy", "Population":0, "JumpDist":24.471, "FuelUsed":3.468916, "FuelLevel":28.531084 }
{ "timestamp":"2017-10-26T00:44:26Z", "event":"Music", "MusicTrack":"Supercruise" }
{ "timestamp":"2017-10-26T00:44:44Z", "event":"Music", "MusicTrack":"SystemMap" }
{ "timestamp":"2017-10-26T00:44:49Z", "event":"Scan", "BodyName":"Blu Thua NG-X d1-13", "DistanceFromArrivalLS":0.000000, "StarType":"F", "StellarMass":1.085938, "Radius":760321024.000000, "AbsoluteMagnitude":4.231873, "Age_MY":1462, "SurfaceTemperature":6342.000000, "Luminosity":"Vb", "RotationPeriod":562299.937500, "AxialTilt":0.000000 }
{ "timestamp":"2017-10-26T00:45:19Z", "event":"Music", "MusicTrack":"Supercruise" }
{ "timestamp":"2017-10-26T00:46:36Z", "event":"Scan", "BodyName":"Blu Thua NG-X d1-13 2", "DistanceFromArrivalLS":554.757324, "TidalLock":false, "TerraformState":"Terraformable", "PlanetClass":"High metal content body", "Atmosphere":"hot thick carbon dioxide atmosphere", "AtmosphereType":"CarbonDioxide", "AtmosphereComposition":[ { "Name":"CarbonDioxide", "Percent":98.996254 }, { "Name":"SulphurDioxide", "Percent":1.003604 } ], "Volcanism":"", "MassEM":0.593560, "Radius":5189639.500000, "SurfaceGravity":8.784141, "SurfaceTemperature":795.085205, "SurfacePressure":10926391.000000, "Landable":false, "SemiMajorAxis":166311919616.000000, "Eccentricity":0.001718, "OrbitalInclination":0.006001, "Periapsis":206.538055, "OrbitalPeriod":35493900.000000, "RotationPeriod":47440.316406, "AxialTilt":0.138326 }
{ "timestamp":"2017-10-26T00:46:58Z", "event":"StartJump", "JumpType":"Hyperspace", "StarSystem":"Blu Thua RM-V d2-0", "StarClass":"G" }
{ "timestamp":"2017-10-26T00:47:03Z", "event":"Music", "MusicTrack":"NoTrack" }
{ "timestamp":"2017-10-26T00:47:17Z", "event":"FSDJump", "StarSystem":"Blu Thua RM-V d2-0", "StarPos":[976.219,308.938,1735.844], "SystemAllegiance":"", "SystemEconomy":"$economy_None;", "SystemEconomy_Localised":"None", "SystemGovernment":"$government_None;", "SystemGovernment_Localised":"None", "SystemSecurity":"$GAlAXY_MAP_INFO_state_anarchy;", "SystemSecurity_Localised":"Anarchy", "Population":0, "JumpDist":22.966, "FuelUsed":2.895210, "FuelLevel":25.115873 }
{ "timestamp":"2017-10-26T00:47:17Z", "event":"Music", "MusicTrack":"Supercruise" }
{ "timestamp":"2017-10-26T00:47:30Z", "event":"Music", "MusicTrack":"SystemMap" }
{ "timestamp":"2017-10-26T00:47:33Z", "event":"Music", "MusicTrack":"Supercruise" }
{ "timestamp":"2017-10-26T00:47:41Z", "event":"Scan", "BodyName":"Blu Thua RM-V d2-0", "DistanceFromArrivalLS":0.000000, "StarType":"G", "StellarMass":1.003906, "Radius":698556352.000000, "AbsoluteMagnitude":5.277496, "Age_MY":8728, "SurfaceTemperature":5201.000000, "Luminosity":"Va", "RotationPeriod":311173.343750, "AxialTilt":0.000000, "Rings":[ { "Name":"Blu Thua RM-V d2-0 A Belt", "RingClass":"eRingClass_Rocky", "MassMT":1.3289e+14, "InnerRad":1.1526e+09, "OuterRad":2.531e+09 }, { "Name":"Blu Thua RM-V d2-0 B Belt", "RingClass":"eRingClass_MetalRich", "MassMT":4.1935e+15, "InnerRad":5.8967e+09, "OuterRad":3.7016e+11 } ] }
{ "timestamp":"2017-10-26T00:48:10Z", "event":"FuelScoop", "Scooped":5.003763, "Total":30.119658 }
{ "timestamp":"2017-10-26T00:48:16Z", "event":"FuelScoop", "Scooped":1.880344, "Total":32.000000 }
{ "timestamp":"2017-10-26T00:49:00Z", "event":"StartJump", "JumpType":"Hyperspace", "StarSystem":"Blu Thua RM-V d2-2", "StarClass":"F" }
{ "timestamp":"2017-10-26T00:49:05Z", "event":"Music", "MusicTrack":"NoTrack" }
{ "timestamp":"2017-10-26T00:49:18Z", "event":"FSDJump", "StarSystem":"Blu Thua RM-V d2-2", "StarPos":[996.219,318.469,1749.563], "SystemAllegiance":"", "SystemEconomy":"$economy_None;", "SystemEconomy_Localised":"None", "SystemGovernment":"$government_None;", "SystemGovernment_Localised":"None", "SystemSecurity":"$GAlAXY_MAP_INFO_state_anarchy;", "SystemSecurity_Localised":"Anarchy", "Population":0, "JumpDist":26.059, "FuelUsed":4.046224, "FuelLevel":27.953775 }
{ "timestamp":"2017-10-26T00:49:19Z", "event":"Music", "MusicTrack":"Supercruise" }
{ "timestamp":"2017-10-26T00:49:29Z", "event":"Music", "MusicTrack":"SystemMap" }
{ "timestamp":"2017-10-26T00:49:42Z", "event":"Scan", "BodyName":"Blu Thua RM-V d2-2 A", "DistanceFromArrivalLS":0.000000, "StarType":"F", "StellarMass":1.234375, "Radius":788274304.000000, "AbsoluteMagnitude":3.818741, "Age_MY":5358, "SurfaceTemperature":6850.000000, "Luminosity":"Vb", "SemiMajorAxis":4126730354688.000000, "Eccentricity":0.204639, "OrbitalInclination":11.883632, "Periapsis":338.366699, "OrbitalPeriod":20581523456.000000, "RotationPeriod":327019.750000, "AxialTilt":0.000000 }
{ "timestamp":"2017-10-26T00:49:42Z", "event":"Music", "MusicTrack":"Supercruise" }
{ "timestamp":"2017-10-26T00:49:43Z", "event":"Music", "MusicTrack":"SystemMap" }
{ "timestamp":"2017-10-26T00:50:02Z", "event":"Music", "MusicTrack":"Supercruise" }
{ "timestamp":"2017-10-26T00:50:36Z", "event":"FuelScoop", "Scooped":4.046231, "Total":32.000000 }
{ "timestamp":"2017-10-26T00:52:38Z", "event":"Scan", "BodyName":"Blu Thua RM-V d2-2 A 5", "DistanceFromArrivalLS":1879.486206, "TidalLock":false, "TerraformState":"", "PlanetClass":"High metal content body", "Atmosphere":"hot thick methane rich atmosphere", "AtmosphereType":"MethaneRich", "AtmosphereComposition":[ { "Name":"Ammonia", "Percent":28.346125 }, { "Name":"Methane", "Percent":28.346125 }, { "Name":"Nitrogen", "Percent":28.346125 } ], "Volcanism":"", "MassEM":1.448477, "Radius":6790645.500000, "SurfaceGravity":12.519845, "SurfaceTemperature":531.504456, "SurfacePressure":2646758.750000, "Landable":false, "SemiMajorAxis":564553908224.000000, "Eccentricity":0.005173, "OrbitalInclination":-0.242582, "Periapsis":357.801514, "OrbitalPeriod":208208080.000000, "RotationPeriod":61556.292969, "AxialTilt":0.029479 }
{ "timestamp":"2017-10-26T00:52:41Z", "event":"Music", "MusicTrack":"SystemMap" }
{ "timestamp":"2017-10-26T00:52:53Z", "event":"Music", "MusicTrack":"Supercruise" }
{ "timestamp":"2017-10-26T00:53:06Z", "event":"Music", "MusicTrack":"SystemMap" }
{ "timestamp":"2017-10-26T00:53:45Z", "event":"Music", "MusicTrack":"Supercruise" }
{ "timestamp":"2017-10-26T00:56:16Z", "event":"Scan", "BodyName":"Blu Thua RM-V d2-2 A 6", "DistanceFromArrivalLS":4049.516113, "TidalLock":false, "TerraformState":"", "PlanetClass":"High metal content body", "Atmosphere":"thick methane rich atmosphere", "AtmosphereType":"MethaneRich", "AtmosphereComposition":[ { "Name":"Ammonia", "Percent":32.978970 }, { "Name":"Methane", "Percent":32.978970 }, { "Name":"Nitrogen", "Percent":32.978970 } ], "Volcanism":"minor metallic magma volcanism", "MassEM":2.069924, "Radius":7468063.500000, "SurfaceGravity":14.792715, "SurfaceTemperature":480.419098, "SurfacePressure":33744372.000000, "Landable":false, "SemiMajorAxis":1106101141504.000000, "Eccentricity":0.166538, "OrbitalInclination":92.460632, "Periapsis":172.533264, "OrbitalPeriod":570994304.000000, "RotationPeriod":87597.734375, "AxialTilt":0.461419 }
{ "timestamp":"2017-10-26T00:59:52Z", "event":"StartJump", "JumpType":"Hyperspace", "StarSystem":"Blu Thua RM-V d2-19", "StarClass":"F" }
{ "timestamp":"2017-10-26T00:59:58Z", "event":"Music", "MusicTrack":"NoTrack" }
{ "timestamp":"2017-10-26T01:00:11Z", "event":"FSDJump", "StarSystem":"Blu Thua RM-V d2-19", "StarPos":[1011.188,325.031,1765.594], "SystemAllegiance":"", "SystemEconomy":"$economy_None;", "SystemEconomy_Localised":"None", "SystemGovernment":"$government_None;", "SystemGovernment_Localised":"None", "SystemSecurity":"$GAlAXY_MAP_INFO_state_anarchy;", "SystemSecurity_Localised":"Anarchy", "Population":0, "JumpDist":22.894, "FuelUsed":2.946342, "FuelLevel":29.053658 }
{ "timestamp":"2017-10-26T01:00:11Z", "event":"Music", "MusicTrack":"Supercruise" }
{ "timestamp":"2017-10-26T01:00:21Z", "event":"Music", "MusicTrack":"SystemMap" }
{ "timestamp":"2017-10-26T01:00:28Z", "event":"Music", "MusicTrack":"Supercruise" }
{ "timestamp":"2017-10-26T01:00:33Z", "event":"Music", "MusicTrack":"SystemMap" }
{ "timestamp":"2017-10-26T01:00:34Z", "event":"Scan", "BodyName":"Blu Thua RM-V d2-19 A", "DistanceFromArrivalLS":0.000000, "StarType":"F", "StellarMass":1.269531, "Radius":728313792.000000, "AbsoluteMagnitude":3.724899, "Age_MY":1904, "SurfaceTemperature":7282.000000, "Luminosity":"VI", "SemiMajorAxis":3034687209472.000000, "Eccentricity":0.196010, "OrbitalInclination":-60.369614, "Periapsis":102.271393, "OrbitalPeriod":9407101952.000000, "RotationPeriod":438898.218750, "AxialTilt":0.000000 }
{ "timestamp":"2017-10-26T01:00:35Z", "event":"Music", "MusicTrack":"Supercruise" }
{ "timestamp":"2017-10-26T01:05:10Z", "event":"Scan", "BodyName":"Blu Thua RM-V d2-19 B", "DistanceFromArrivalLS":32028.304688, "StarType":"K", "StellarMass":0.718750, "Radius":557664960.000000, "AbsoluteMagnitude":6.219757, "Age_MY":1904, "SurfaceTemperature":4686.000000, "Luminosity":"Va", "SemiMajorAxis":5360129146880.000000, "Eccentricity":0.196010, "OrbitalInclination":-60.369614, "Periapsis":282.271393, "OrbitalPeriod":9407101952.000000, "RotationPeriod":412087.375000, "AxialTilt":0.000000, "Rings":[ { "Name":"Blu Thua RM-V d2-19 B A Belt", "RingClass":"eRingClass_MetalRich", "MassMT":1.0225e+14, "InnerRad":9.2445e+08, "OuterRad":2.1615e+09 } ] }
{ "timestamp":"2017-10-26T01:05:11Z", "event":"Music", "MusicTrack":"SystemMap" }
{ "timestamp":"2017-10-26T01:05:15Z", "event":"Music", "MusicTrack":"Supercruise" }
{ "timestamp":"2017-10-26T01:05:20Z", "event":"Music", "MusicTrack":"SystemMap" }
{ "timestamp":"2017-10-26T01:05:29Z", "event":"Music", "MusicTrack":"Supercruise" }
{ "timestamp":"2017-10-26T01:05:38Z", "event":"Music", "MusicTrack":"SystemMap" }
{ "timestamp":"2017-10-26T01:05:41Z", "event":"Music", "MusicTrack":"Supercruise" }
{ "timestamp":"2017-10-26T01:07:05Z", "event":"Scan", "BodyName":"Blu Thua RM-V d2-19 B 3", "DistanceFromArrivalLS":31323.718750, "TidalLock":false, "TerraformState":"", "PlanetClass":"High metal content body", "Atmosphere":"thick ammonia rich atmosphere", "AtmosphereType":"AmmoniaRich", "AtmosphereComposition":[ { "Name":"Nitrogen", "Percent":38.804600 }, { "Name":"Ammonia", "Percent":36.605812 }, { "Name":"Methane", "Percent":24.396790 } ], "Volcanism":"", "MassEM":0.655867, "Radius":5360830.500000, "SurfaceGravity":9.096223, "SurfaceTemperature":311.333984, "SurfacePressure":1020628.875000, "Landable":false, "SemiMajorAxis":536047878144.000000, "Eccentricity":0.004334, "OrbitalInclination":-1.439674, "Periapsis":311.302582, "OrbitalPeriod":252460272.000000, "RotationPeriod":162486.656250, "AxialTilt":0.453927 }
{ "timestamp":"2017-10-26T01:07:29Z", "event":"StartJump", "JumpType":"Hyperspace", "StarSystem":"Blu Thua RM-V d2-20", "StarClass":"F" }
{ "timestamp":"2017-10-26T01:07:34Z", "event":"Music", "MusicTrack":"NoTrack" }
{ "timestamp":"2017-10-26T01:07:47Z", "event":"FSDJump", "StarSystem":"Blu Thua RM-V d2-20", "StarPos":[1020.969,313.063,1776.375], "SystemAllegiance":"", "SystemEconomy":"$economy_None;", "SystemEconomy_Localised":"None", "SystemGovernment":"$government_None;", "SystemGovernment_Localised":"None", "SystemSecurity":"$GAlAXY_MAP_INFO_state_anarchy;", "SystemSecurity_Localised":"Anarchy", "Population":0, "JumpDist":18.846, "FuelUsed":1.789587, "FuelLevel":26.744070 }
{ "timestamp":"2017-10-26T01:07:47Z", "event":"Music", "MusicTrack":"Supercruise" }
{ "timestamp":"2017-10-26T01:07:57Z", "event":"Music", "MusicTrack":"SystemMap" }
{ "timestamp":"2017-10-26T01:08:11Z", "event":"Scan", "BodyName":"Blu Thua RM-V d2-20", "DistanceFromArrivalLS":0.000000, "StarType":"F", "StellarMass":1.265625, "Radius":855536256.000000, "AbsoluteMagnitude":3.686798, "Age_MY":1452, "SurfaceTemperature":6778.000000, "Luminosity":"Vb", "RotationPeriod":440504.500000, "AxialTilt":0.000000 }
{ "timestamp":"2017-10-26T01:08:12Z", "event":"Music", "MusicTrack":"Supercruise" }
{ "timestamp":"2017-10-26T01:08:15Z", "event":"Music", "MusicTrack":"SystemMap" }
{ "timestamp":"2017-10-26T01:08:19Z", "event":"Music", "MusicTrack":"Supercruise" }
{ "timestamp":"2017-10-26T01:08:51Z", "event":"StartJump", "JumpType":"Hyperspace", "StarSystem":"Blu Thua RM-V d2-21", "StarClass":"F" }
{ "timestamp":"2017-10-26T01:08:57Z", "event":"Music", "MusicTrack":"NoTrack" }
{ "timestamp":"2017-10-26T01:09:10Z", "event":"FSDJump", "StarSystem":"Blu Thua RM-V d2-21", "StarPos":[1034.281,303.469,1782.844], "SystemAllegiance":"", "SystemEconomy":"$economy_None;", "SystemEconomy_Localised":"None", "SystemGovernment":"$government_None;", "SystemGovernment_Localised":"None", "SystemSecurity":"$GAlAXY_MAP_INFO_state_anarchy;", "SystemSecurity_Localised":"Anarchy", "Population":0, "JumpDist":17.638, "FuelUsed":1.504361, "FuelLevel":25.239710 }
{ "timestamp":"2017-10-26T01:09:10Z", "event":"Music", "MusicTrack":"Supercruise" }
{ "timestamp":"2017-10-26T01:09:22Z", "event":"Music", "MusicTrack":"SystemMap" }
{ "timestamp":"2017-10-26T01:09:33Z", "event":"Scan", "BodyName":"Blu Thua RM-V d2-21 A", "DistanceFromArrivalLS":0.000000, "StarType":"F", "StellarMass":1.519531, "Radius":906370048.000000, "AbsoluteMagnitude":3.191788, "Age_MY":1960, "SurfaceTemperature":7380.000000, "Luminosity":"Vb", "SemiMajorAxis":17411433562112.000000, "Eccentricity":0.036803, "OrbitalInclination":86.539764, "Periapsis":219.449173, "OrbitalPeriod":389390532608.000000, "RotationPeriod":101973.867188, "AxialTilt":0.000000 }
{ "timestamp":"2017-10-26T01:09:42Z", "event":"Music", "MusicTrack":"Supercruise" }
{ "timestamp":"2017-10-26T01:12:42Z", "event":"Scan", "BodyName":"Blu Thua RM-V d2-21 A 3", "DistanceFromArrivalLS":3852.343506, "TidalLock":false, "TerraformState":"", "PlanetClass":"High metal content body", "Atmosphere":"thick ammonia rich atmosphere", "AtmosphereType":"AmmoniaRich", "AtmosphereComposition":[ { "Name":"Nitrogen", "Percent":33.609806 }, { "Name":"Ammonia", "Percent":33.609795 }, { "Name":"Methane", "Percent":32.601768 } ], "Volcanism":"minor rocky magma volcanism", "MassEM":0.705323, "Radius":5474743.500000, "SurfaceGravity":9.379288, "SurfaceTemperature":317.389709, "SurfacePressure":1246279.125000, "Landable":false, "SemiMajorAxis":1155859349504.000000, "Eccentricity":0.000845, "OrbitalInclination":0.245755, "Periapsis":47.105194, "OrbitalPeriod":549767232.000000, "RotationPeriod":54478.246094, "AxialTilt":0.065672 }
{ "timestamp":"2017-10-26T01:12:44Z", "event":"Music", "MusicTrack":"SystemMap" }
{ "timestamp":"2017-10-26T01:12:59Z", "event":"Music", "MusicTrack":"Supercruise" }
