{ "timestamp":"2017-10-29T11:34:43Z", "event":"Fileheader", "part":1, "language":"English\\UK", "gameversion":"2.4", "build":"r156431/r0 " }
{ "timestamp":"2017-10-29T11:34:43Z", "event":"Music", "MusicTrack":"NoTrack" }
{ "timestamp":"2017-10-29T11:34:43Z", "event":"Music", "MusicTrack":"MainMenu" }
{ "timestamp":"2017-10-29T11:35:21Z", "event":"Friends", "Status":"Online", "Name":"Mitsumete Knight" }
{ "timestamp":"2017-10-29T11:36:03Z", "event":"Cargo", "Inventory":[  ] }
{ "timestamp":"2017-10-29T11:36:03Z", "event":"Loadout", "Ship":"DiamondBackXL", "ShipID":2, "ShipName":"KONNYAKU", "ShipIdent":"IG-E01", "Modules":[ { "Slot":"LargeHardpoint1", "Item":"Hpt_PulseLaser_Gimbal_Large", "On":true, "Priority":2, "Health":0.958757, "Value":140600 }, { "Slot":"MediumHardpoint2", "Item":"Hpt_MiningLaser_Fixed_Small", "On":true, "Priority":1, "Health":0.958027, "Value":6800 }, { "Slot":"TinyHardpoint1", "Item":"Hpt_HeatSinkLauncher_Turret_Tiny", "On":true, "Priority":0, "AmmoInClip":1, "AmmoInHopper":2, "Health":0.960621, "Value":3500 }, { "Slot":"TinyHardpoint2", "Item":"Hpt_HeatSinkLauncher_Turret_Tiny", "On":true, "Priority":0, "AmmoInClip":1, "AmmoInHopper":2, "Health":0.956778, "Value":3500 }, { "Slot":"TinyHardpoint4", "Item":"Hpt_ChaffLauncher_Tiny", "On":true, "Priority":1, "AmmoInClip":1, "AmmoInHopper":10, "Health":0.922629, "Value":8500 }, { "Slot":"Armour", "Item":"DiamondBackXL_Armour_Grade1", "On":true, "Priority":1, "Health":1.000000, "Value":0 }, { "Slot":"PowerPlant", "Item":"Int_Powerplant_Size4_Class4", "On":true, "Priority":1, "Health":0.972401, "Value":536693 }, { "Slot":"MainEngines", "Item":"Int_Engine_Size4_Class4", "On":false, "Priority":0, "Health":0.983037, "Value":536693 }, { "Slot":"FrameShiftDrive", "Item":"Int_Hyperdrive_Size5_Class4", "On":true, "Priority":0, "Health":0.993007, "Value":1701318 }, { "Slot":"LifeSupport", "Item":"Int_LifeSupport_Size3_Class2", "On":true, "Priority":0, "Health":0.949443, "Value":10133 }, { "Slot":"PowerDistributor", "Item":"Int_PowerDistributor_Size4_Class2", "On":true, "Priority":0, "Health":1.000000, "Value":28373 }, { "Slot":"Radar", "Item":"Int_Sensors_Size3_Class2", "On":true, "Priority":3, "Health":0.974832, "Value":10133 }, { "Slot":"FuelTank", "Item":"Int_FuelTank_Size5_Class3", "On":true, "Priority":1, "Health":1.000000, "Value":97754 }, { "Slot":"Decal1", "Item":"Decal_Explorer_Surveyor", "On":true, "Priority":1, "Health":1.000000, "Value":0 }, { "Slot":"Decal2", "Item":"Decal_Explorer_Surveyor", "On":true, "Priority":1, "Health":1.000000, "Value":0 }, { "Slot":"Decal3", "Item":"Decal_Explorer_Surveyor", "On":true, "Priority":1, "Health":1.000000, "Value":0 }, { "Slot":"Slot01_Size4", "Item":"Int_ShieldGenerator_Size4_Class1", "On":true, "Priority":1, "Health":1.000000, "Value":19878 }, { "Slot":"Slot02_Size4", "Item":"Int_FuelScoop_Size4_Class4", "On":true, "Priority":3, "Health":0.960042, "Value":715591 }, { "Slot":"Slot03_Size3", "Item":"Int_BuggyBay_Size2_Class2", "On":true, "Priority":0, "Health":0.981141, "Value":21600 }, { "Slot":"Slot04_Size3", "Item":"Int_Repairer_Size3_Class2", "On":true, "Priority":0, "AmmoInClip":2361, "Health":0.939137, "Value":97200 }, { "Slot":"Slot05_Size2", "Item":"Int_StellarBodyDiscoveryScanner_Advanced", "On":true, "Priority":1, "Health":0.975861, "Value":1545000 }, { "Slot":"Slot06_Size2", "Item":"Int_DetailedSurfaceScanner_Tiny", "On":true, "Priority":1, "Health":1.000000, "Value":250000 }, { "Slot":"PlanetaryApproachSuite", "Item":"Int_PlanetApproachSuite", "On":true, "Priority":1, "Health":1.000000, "Value":500 }, { "Slot":"ShipCockpit", "Item":"DiamondBackXL_Cockpit", "On":true, "Priority":1, "Health":1.000000, "Value":0 }, { "Slot":"CargoHatch", "Item":"ModularCargoBayDoor", "On":true, "Priority":2, "Health":0.951189, "Value":0 } ] }
{ "timestamp":"2017-10-29T11:36:03Z", "event":"Materials", "Raw":[ { "Name":"carbon", "Count":2 }, { "Name":"iron", "Count":18 }, { "Name":"chromium", "Count":12 }, { "Name":"nickel", "Count":3 }, { "Name":"manganese", "Count":6 }, { "Name":"vanadium", "Count":3 } ], "Manufactured":[ { "Name":"mechanicalscrap", "Count":8 }, { "Name":"gridresistors", "Count":3 }, { "Name":"heatdispersionplate", "Count":5 }, { "Name":"salvagedalloys", "Count":6 }, { "Name":"hybridcapacitors", "Count":5 }, { "Name":"heatconductionwiring", "Count":2 } ], "Encoded":[ { "Name":"shieldsoakanalysis", "Count":3 }, { "Name":"disruptedwakeechoes", "Count":5 }, { "Name":"shieldcyclerecordings", "Count":9 }, { "Name":"emissiondata", "Count":3 }, { "Name":"bulkscandata", "Count":9 }, { "Name":"scrambledemissiondata", "Count":7 }, { "Name":"archivedemissiondata", "Count":3 }, { "Name":"shielddensityreports", "Count":9 }, { "Name":"legacyfirmware", "Count":1 } ] }
{ "timestamp":"2017-10-29T11:36:03Z", "event":"LoadGame", "Commander":"Igaguri", "Ship":"DiamondBackXL", "ShipID":2, "ShipName":"KONNYAKU", "ShipIdent":"IG-E01", "FuelLevel":29.922712, "FuelCapacity":32.000000, "StartLanded":true, "GameMode":"Open", "Credits":726550, "Loan":0 }
{ "timestamp":"2017-10-29T11:36:03Z", "event":"Rank", "Combat":1, "Trade":4, "Explore":4, "Empire":0, "Federation":1, "CQC":0 }
{ "timestamp":"2017-10-29T11:36:03Z", "event":"Progress", "Combat":26, "Trade":1, "Explore":10, "Empire":0, "Federation":100, "CQC":0 }
{ "timestamp":"2017-10-29T11:36:34Z", "event":"Location", "Latitude":29.509184, "Longitude":159.140457, "Docked":false, "StarSystem":"CD-41 11037", "StarPos":[1152.625,82.344,3880.594], "SystemAllegiance":"", "SystemEconomy":"$economy_None;", "SystemEconomy_Localised":"None", "SystemGovernment":"$government_None;", "SystemGovernment_Localised":"None", "SystemSecurity":"$GAlAXY_MAP_INFO_state_anarchy;", "SystemSecurity_Localised":"Anarchy", "Population":0, "Body":"CD-41 11037 9 a", "BodyType":"Planet" }
{ "timestamp":"2017-10-29T11:36:35Z", "event":"Music", "MusicTrack":"NoTrack" }
{ "timestamp":"2017-10-29T11:36:35Z", "event":"Touchdown", "PlayerControlled":true, "Latitude":29.509184, "Longitude":159.140457 }
{ "timestamp":"2017-10-29T11:36:35Z", "event":"Music", "MusicTrack":"Exploration" }
{ "timestamp":"2017-10-29T11:37:21Z", "event":"Friends", "Status":"Online", "Name":"Mitsumete Knight" }
{ "timestamp":"2017-10-29T11:37:25Z", "event":"Music", "MusicTrack":"GalaxyMap" }
{ "timestamp":"2017-10-29T11:37:35Z", "event":"Music", "MusicTrack":"SystemMap" }
{ "timestamp":"2017-10-29T11:37:38Z", "event":"Music", "MusicTrack":"Exploration" }
{ "timestamp":"2017-10-29T11:37:43Z", "event":"Liftoff", "PlayerControlled":true, "Latitude":29.509184, "Longitude":159.140457 }
{ "timestamp":"2017-10-29T11:38:09Z", "event":"StartJump", "JumpType":"Supercruise" }
{ "timestamp":"2017-10-29T11:38:14Z", "event":"SupercruiseEntry", "StarSystem":"CD-41 11037" }
{ "timestamp":"2017-10-29T11:38:14Z", "event":"Music", "MusicTrack":"Supercruise" }
{ "timestamp":"2017-10-29T11:39:09Z", "event":"StartJump", "JumpType":"Hyperspace", "StarSystem":"NGC 6231 BVF 57", "StarClass":"B" }
{ "timestamp":"2017-10-29T11:39:14Z", "event":"Music", "MusicTrack":"NoTrack" }
{ "timestamp":"2017-10-29T11:39:28Z", "event":"FSDJump", "StarSystem":"NGC 6231 BVF 57", "StarPos":[1154.531,87.813,3897.625], "SystemAllegiance":"", "SystemEconomy":"$economy_None;", "SystemEconomy_Localised":"None", "SystemGovernment":"$government_None;", "SystemGovernment_Localised":"None", "SystemSecurity":"$GAlAXY_MAP_INFO_state_anarchy;", "SystemSecurity_Localised":"Anarchy", "Population":0, "JumpDist":17.989, "FuelUsed":1.610932, "FuelLevel":28.311781 }
{ "timestamp":"2017-10-29T11:39:28Z", "event":"Music", "MusicTrack":"Supercruise" }
{ "timestamp":"2017-10-29T11:39:41Z", "event":"Music", "MusicTrack":"SystemMap" }
{ "timestamp":"2017-10-29T11:39:53Z", "event":"Scan", "BodyName":"NGC 6231 BVF 57 A", "DistanceFromArrivalLS":0.000000, "StarType":"B", "StellarMass":4.769531, "Radius":1838082816.000000, "AbsoluteMagnitude":-1.413361, "Age_MY":398, "SurfaceTemperature":14965.000000, "Luminosity":"V", "SemiMajorAxis":30720080740352.000000, "Eccentricity":0.246586, "OrbitalInclination":44.746696, "Periapsis":255.547333, "OrbitalPeriod":88592998400.000000, "RotationPeriod":92900.984375, "AxialTilt":0.000000, "Rings":[ { "Name":"NGC 6231 BVF 57 A A Belt", "RingClass":"eRingClass_Rocky", "MassMT":1.4607e+17, "InnerRad":6.8951e+10, "OuterRad":6.9498e+11 } ] }
{ "timestamp":"2017-10-29T11:40:17Z", "event":"Music", "MusicTrack":"Supercruise" }
{ "timestamp":"2017-10-29T11:40:44Z", "event":"FuelScoop", "Scooped":3.688209, "Total":32.000000 }
{ "timestamp":"2017-10-29T11:41:52Z", "event":"StartJump", "JumpType":"Hyperspace", "StarSystem":"NGC 6231 BVF 56", "StarClass":"B" }
{ "timestamp":"2017-10-29T11:41:57Z", "event":"Music", "MusicTrack":"NoTrack" }
{ "timestamp":"2017-10-29T11:42:10Z", "event":"FSDJump", "StarSystem":"NGC 6231 BVF 56", "StarPos":[1154.750,86.281,3907.000], "SystemAllegiance":"", "SystemEconomy":"$economy_None;", "SystemEconomy_Localised":"None", "SystemGovernment":"$government_None;", "SystemGovernment_Localised":"None", "SystemSecurity":"$GAlAXY_MAP_INFO_state_anarchy;", "SystemSecurity_Localised":"Anarchy", "Population":0, "JumpDist":9.502, "FuelUsed":0.341660, "FuelLevel":31.658340 }
{ "timestamp":"2017-10-29T11:42:11Z", "event":"Music", "MusicTrack":"Supercruise" }
{ "timestamp":"2017-10-29T11:42:23Z", "event":"Music", "MusicTrack":"SystemMap" }
{ "timestamp":"2017-10-29T11:42:34Z", "event":"Scan", "BodyName":"NGC 6231 BVF 56 A", "DistanceFromArrivalLS":0.000000, "StarType":"B", "StellarMass":9.867188, "Radius":2909307136.000000, "AbsoluteMagnitude":-4.427277, "Age_MY":610, "SurfaceTemperature":23809.000000, "Luminosity":"V", "SemiMajorAxis":17247961612288.000000, "Eccentricity":0.088229, "OrbitalInclination":-32.005676, "Periapsis":5.997186, "OrbitalPeriod":195904159744.000000, "RotationPeriod":154663.468750, "AxialTilt":0.000000 }
{ "timestamp":"2017-10-29T11:42:36Z", "event":"Music", "MusicTrack":"Supercruise" }
{ "timestamp":"2017-10-29T11:42:38Z", "event":"Music", "MusicTrack":"SystemMap" }
{ "timestamp":"2017-10-29T11:42:40Z", "event":"Music", "MusicTrack":"Supercruise" }
{ "timestamp":"2017-10-29T11:42:51Z", "event":"FuelScoop", "Scooped":0.341676, "Total":32.000000 }
{ "timestamp":"2017-10-29T11:43:33Z", "event":"StartJump", "JumpType":"Hyperspace", "StarSystem":"CPD-41 7755", "StarClass":"B" }
{ "timestamp":"2017-10-29T11:43:38Z", "event":"Music", "MusicTrack":"NoTrack" }
{ "timestamp":"2017-10-29T11:43:51Z", "event":"FSDJump", "StarSystem":"CPD-41 7755", "StarPos":[1163.813,76.281,3921.219], "SystemAllegiance":"", "SystemEconomy":"$economy_None;", "SystemEconomy_Localised":"None", "SystemGovernment":"$government_None;", "SystemGovernment_Localised":"None", "SystemSecurity":"$GAlAXY_MAP_INFO_state_anarchy;", "SystemSecurity_Localised":"Anarchy", "Population":0, "JumpDist":19.604, "FuelUsed":2.014656, "FuelLevel":29.985344 }
{ "timestamp":"2017-10-29T11:43:52Z", "event":"Music", "MusicTrack":"Supercruise" }
{ "timestamp":"2017-10-29T11:44:02Z", "event":"Music", "MusicTrack":"SystemMap" }
{ "timestamp":"2017-10-29T11:44:15Z", "event":"Scan", "BodyName":"CPD-41 7755 A", "DistanceFromArrivalLS":0.000000, "StarType":"B", "StellarMass":14.417969, "Radius":3654749696.000000, "AbsoluteMagnitude":-5.992935, "Age_MY":266, "SurfaceTemperature":30463.000000, "Luminosity":"V", "SemiMajorAxis":16224963526656.000000, "Eccentricity":0.110761, "OrbitalInclination":-70.798874, "Periapsis":170.970123, "OrbitalPeriod":154828046336.000000, "RotationPeriod":143376.890625, "AxialTilt":0.000000 }
{ "timestamp":"2017-10-29T11:44:35Z", "event":"Music", "MusicTrack":"Supercruise" }
{ "timestamp":"2017-10-29T11:45:00Z", "event":"FuelScoop", "Scooped":2.014663, "Total":32.000000 }
{ "timestamp":"2017-10-29T11:45:25Z", "event":"StartJump", "JumpType":"Hyperspace", "StarSystem":"NGC 6231 BVF 50", "StarClass":"O" }
{ "timestamp":"2017-10-29T11:45:31Z", "event":"Music", "MusicTrack":"NoTrack" }
{ "timestamp":"2017-10-29T11:45:44Z", "event":"FSDJump", "StarSystem":"NGC 6231 BVF 50", "StarPos":[1165.469,90.844,3930.844], "SystemAllegiance":"", "SystemEconomy":"$economy_None;", "SystemEconomy_Localised":"None", "SystemGovernment":"$government_None;", "SystemGovernment_Localised":"None", "SystemSecurity":"$GAlAXY_MAP_INFO_state_anarchy;", "SystemSecurity_Localised":"Anarchy", "Population":0, "JumpDist":17.534, "FuelUsed":1.532787, "FuelLevel":30.467213 }
{ "timestamp":"2017-10-29T11:45:44Z", "event":"Music", "MusicTrack":"DestinationFromHyperspace" }
{ "timestamp":"2017-10-29T11:45:49Z", "event":"Music", "MusicTrack":"Supercruise" }
{ "timestamp":"2017-10-29T11:45:55Z", "event":"Music", "MusicTrack":"SystemMap" }
{ "timestamp":"2017-10-29T11:46:07Z", "event":"Scan", "BodyName":"NGC 6231 BVF 50 A", "DistanceFromArrivalLS":0.000000, "StarType":"O", "StellarMass":58.988281, "Radius":8875901952.000000, "AbsoluteMagnitude":-11.747498, "Age_MY":248, "SurfaceTemperature":73547.000000, "Luminosity":"V", "SemiMajorAxis":467265257472.000000, "Eccentricity":0.017348, "OrbitalInclination":-40.692562, "Periapsis":264.916168, "OrbitalPeriod":888697664.000000, "RotationPeriod":419263.281250, "AxialTilt":0.000000 }
{ "timestamp":"2017-10-29T11:46:19Z", "event":"Music", "MusicTrack":"Supercruise" }
{ "timestamp":"2017-10-29T11:46:36Z", "event":"FuelScoop", "Scooped":1.532749, "Total":32.000000 }
{ "timestamp":"2017-10-29T11:47:52Z", "event":"Music", "MusicTrack":"SystemMap" }
{ "timestamp":"2017-10-29T11:47:54Z", "event":"Music", "MusicTrack":"Supercruise" }
{ "timestamp":"2017-10-29T11:48:26Z", "event":"Scan", "BodyName":"NGC 6231 BVF 50 A 1", "DistanceFromArrivalLS":1791.175049, "TidalLock":false, "TerraformState":"", "PlanetClass":"High metal content body", "Atmosphere":"hot silicate vapour atmosphere", "AtmosphereType":"SilicateVapour", "AtmosphereComposition":[ { "Name":"Silicates", "Percent":99.999992 } ], "Volcanism":"major silicate vapour geysers volcanism", "MassEM":2.671569, "Radius":8067503.500000, "SurfaceGravity":16.360535, "SurfaceTemperature":1429.654785, "SurfacePressure":118933.351563, "Landable":false, "SemiMajorAxis":581598314496.000000, "Eccentricity":0.825379, "OrbitalInclination":73.158783, "Periapsis":222.618347, "OrbitalPeriod":31494200.000000, "RotationPeriod":143584.953125, "AxialTilt":0.029407 }
{ "timestamp":"2017-10-29T11:49:16Z", "event":"Music", "MusicTrack":"SystemMap" }
{ "timestamp":"2017-10-29T11:49:17Z", "event":"Music", "MusicTrack":"Supercruise" }
{ "timestamp":"2017-10-29T11:49:53Z", "event":"Music", "MusicTrack":"SystemMap" }
{ "timestamp":"2017-10-29T11:49:56Z", "event":"Music", "MusicTrack":"Supercruise" }
{ "timestamp":"2017-10-29T11:52:18Z", "event":"Music", "MusicTrack":"SystemMap" }
{ "timestamp":"2017-10-29T11:52:19Z", "event":"Music", "MusicTrack":"Supercruise" }
{ "timestamp":"2017-10-29T11:52:20Z", "event":"Music", "MusicTrack":"GalaxyMap" }
{ "timestamp":"2017-10-29T11:52:30Z", "event":"Music", "MusicTrack":"SystemMap" }
{ "timestamp":"2017-10-29T11:52:31Z", "event":"Music", "MusicTrack":"Supercruise" }
{ "timestamp":"2017-10-29T11:57:47Z", "event":"Music", "MusicTrack":"GalaxyMap" }
{ "timestamp":"2017-10-29T11:59:48Z", "event":"Music", "MusicTrack":"SystemMap" }
{ "timestamp":"2017-10-29T11:59:48Z", "event":"Music", "MusicTrack":"Supercruise" }
{ "timestamp":"2017-10-29T12:00:06Z", "event":"StartJump", "JumpType":"Hyperspace", "StarSystem":"NGC 6231 Sector UE-Q c5-2", "StarClass":"G" }
{ "timestamp":"2017-10-29T12:00:11Z", "event":"Music", "MusicTrack":"NoTrack" }
{ "timestamp":"2017-10-29T12:00:24Z", "event":"FSDJump", "StarSystem":"NGC 6231 Sector UE-Q c5-2", "StarPos":[1149.250,75.469,3941.719], "SystemAllegiance":"", "SystemEconomy":"$economy_None;", "SystemEconomy_Localised":"None", "SystemGovernment":"$government_None;", "SystemGovernment_Localised":"None", "SystemSecurity":"$GAlAXY_MAP_INFO_state_anarchy;", "SystemSecurity_Localised":"Anarchy", "Population":0, "JumpDist":24.854, "FuelUsed":3.591594, "FuelLevel":27.888405 }
{ "timestamp":"2017-10-29T12:00:24Z", "event":"Music", "MusicTrack":"Supercruise" }
{ "timestamp":"2017-10-29T12:00:50Z", "event":"FuelScoop", "Scooped":4.111565, "Total":32.000000 }
{ "timestamp":"2017-10-29T12:02:38Z", "event":"StartJump", "JumpType":"Hyperspace", "StarSystem":"NGC 6231 Sector TE-Q c5-1", "StarClass":"K" }
{ "timestamp":"2017-10-29T12:02:43Z", "event":"Music", "MusicTrack":"NoTrack" }
{ "timestamp":"2017-10-29T12:02:56Z", "event":"FSDJump", "StarSystem":"NGC 6231 Sector TE-Q c5-1", "StarPos":[1130.250,79.344,3958.625], "SystemAllegiance":"", "SystemEconomy":"$economy_None;", "SystemEconomy_Localised":"None", "SystemGovernment":"$government_None;", "SystemGovernment_Localised":"None", "SystemSecurity":"$GAlAXY_MAP_INFO_state_anarchy;", "SystemSecurity_Localised":"Anarchy", "Population":0, "JumpDist":25.726, "FuelUsed":3.920867, "FuelLevel":28.079134 }
{ "timestamp":"2017-10-29T12:02:56Z", "event":"Music", "MusicTrack":"Supercruise" }
{ "timestamp":"2017-10-29T12:03:02Z", "event":"Music", "MusicTrack":"GalaxyMap" }
{ "timestamp":"2017-10-29T12:05:44Z", "event":"Music", "MusicTrack":"SystemMap" }
{ "timestamp":"2017-10-29T12:05:45Z", "event":"Music", "MusicTrack":"Supercruise" }
{ "timestamp":"2017-10-29T12:06:10Z", "event":"FuelScoop", "Scooped":3.920848, "Total":32.000000 }
{ "timestamp":"2017-10-29T12:06:58Z", "event":"StartJump", "JumpType":"Hyperspace", "StarSystem":"NGC 6231 Sector JC-V d2-44", "StarClass":"N" }
{ "timestamp":"2017-10-29T12:07:04Z", "event":"Music", "MusicTrack":"NoTrack" }
{ "timestamp":"2017-10-29T12:07:17Z", "event":"FSDJump", "StarSystem":"NGC 6231 Sector JC-V d2-44", "StarPos":[1116.656,64.781,3964.656], "SystemAllegiance":"", "SystemEconomy":"$economy_None;", "SystemEconomy_Localised":"None", "SystemGovernment":"$government_None;", "SystemGovernment_Localised":"None", "SystemSecurity":"$GAlAXY_MAP_INFO_state_anarchy;", "SystemSecurity_Localised":"Anarchy", "Population":0, "JumpDist":20.814, "FuelUsed":2.333279, "FuelLevel":29.666721 }
{ "timestamp":"2017-10-29T12:07:17Z", "event":"Music", "MusicTrack":"Supercruise" }
{ "timestamp":"2017-10-29T12:07:27Z", "event":"Music", "MusicTrack":"SystemMap" }
{ "timestamp":"2017-10-29T12:07:29Z", "event":"Music", "MusicTrack":"Supercruise" }
{ "timestamp":"2017-10-29T12:07:30Z", "event":"Music", "MusicTrack":"SystemMap" }
{ "timestamp":"2017-10-29T12:07:34Z", "event":"Music", "MusicTrack":"Supercruise" }
{ "timestamp":"2017-10-29T12:07:38Z", "event":"Scan", "BodyName":"NGC 6231 Sector JC-V d2-44 A", "DistanceFromArrivalLS":0.000000, "StarType":"N", "StellarMass":0.519531, "Radius":12484.374023, "AbsoluteMagnitude":5.291031, "Age_MY":3416, "SurfaceTemperature":2686381.000000, "Luminosity":"VII", "SemiMajorAxis":7352853987328.000000, "Eccentricity":0.039159, "OrbitalInclination":-28.051352, "Periapsis":31.870584, "OrbitalPeriod":83839836160.000000, "RotationPeriod":1.646066, "AxialTilt":0.000000 }
{ "timestamp":"2017-10-29T12:08:32Z", "event":"JetConeBoost", "BoostValue":4.000000 }
{ "timestamp":"2017-10-29T12:08:52Z", "event":"StartJump", "JumpType":"Hyperspace", "StarSystem":"Tr 24 Sector UU-F d11-15", "StarClass":"N" }
{ "timestamp":"2017-10-29T12:08:57Z", "event":"Music", "MusicTrack":"NoTrack" }
{ "timestamp":"2017-10-29T12:09:10Z", "event":"FSDJump", "StarSystem":"Tr 24 Sector UU-F d11-15", "StarPos":[1069.656,31.375,4034.594], "SystemAllegiance":"", "SystemEconomy":"$economy_None;", "SystemEconomy_Localised":"None", "SystemGovernment":"$government_None;", "SystemGovernment_Localised":"None", "SystemSecurity":"$GAlAXY_MAP_INFO_state_anarchy;", "SystemSecurity_Localised":"Anarchy", "Population":0, "JumpDist":90.643, "FuelUsed":2.831605, "FuelLevel":26.835117, "BoostUsed":4 }
{ "timestamp":"2017-10-29T12:09:11Z", "event":"Music", "MusicTrack":"Supercruise" }
{ "timestamp":"2017-10-29T12:09:31Z", "event":"Scan", "BodyName":"Tr 24 Sector UU-F d11-15 A", "DistanceFromArrivalLS":0.000000, "StarType":"N", "StellarMass":0.734375, "Radius":11128.906250, "AbsoluteMagnitude":4.349915, "Age_MY":3084, "SurfaceTemperature":9062652.000000, "Luminosity":"VII", "SemiMajorAxis":33558800367616.000000, "Eccentricity":0.214879, "OrbitalInclination":-32.552940, "Periapsis":332.431671, "OrbitalPeriod":518459654144.000000, "RotationPeriod":1.776174, "AxialTilt":0.000000 }
{ "timestamp":"2017-10-29T12:10:46Z", "event":"JetConeBoost", "BoostValue":4.000000 }
{ "timestamp":"2017-10-29T12:11:13Z", "event":"StartJump", "JumpType":"Hyperspace", "StarSystem":"Blu Euq OA-A d76", "StarClass":"A" }
{ "timestamp":"2017-10-29T12:11:18Z", "event":"Music", "MusicTrack":"NoTrack" }
{ "timestamp":"2017-10-29T12:11:31Z", "event":"FSDJump", "StarSystem":"Blu Euq OA-A d76", "StarPos":[1101.063,-7.625,4125.625], "SystemAllegiance":"", "SystemEconomy":"$economy_None;", "SystemEconomy_Localised":"None", "SystemGovernment":"$government_None;", "SystemGovernment_Localised":"None", "SystemSecurity":"$GAlAXY_MAP_INFO_state_anarchy;", "SystemSecurity_Localised":"Anarchy", "Population":0, "JumpDist":103.894, "FuelUsed":3.885015, "FuelLevel":22.950102, "BoostUsed":4 }
{ "timestamp":"2017-10-29T12:11:31Z", "event":"Music", "MusicTrack":"Supercruise" }
{ "timestamp":"2017-10-29T12:11:55Z", "event":"Scan", "BodyName":"Blu Euq OA-A d76 A", "DistanceFromArrivalLS":0.000000, "StarType":"A", "StellarMass":1.734375, "Radius":1043653248.000000, "AbsoluteMagnitude":2.777939, "Age_MY":364, "SurfaceTemperature":7565.000000, "Luminosity":"Vab", "SemiMajorAxis":9906778275840.000000, "Eccentricity":0.132080, "OrbitalInclination":-65.953903, "Periapsis":219.593521, "OrbitalPeriod":51271479296.000000, "RotationPeriod":69004.351563, "AxialTilt":0.000000 }
{ "timestamp":"2017-10-29T12:12:06Z", "event":"SupercruiseExit", "StarSystem":"Blu Euq OA-A d76", "Body":"Blu Euq OA-A d76 A", "BodyType":"Star" }
{ "timestamp":"2017-10-29T12:12:06Z", "event":"Music", "MusicTrack":"Exploration" }
{ "timestamp":"2017-10-29T12:12:40Z", "event":"AfmuRepairs", "Module":"$int_hyperdrive_size5_class4_name;", "Module_Localised":"FSD", "FullyRepaired":true, "Health":1.000000 }
{ "timestamp":"2017-10-29T12:14:32Z", "event":"Music", "MusicTrack":"GalaxyMap" }
{ "timestamp":"2017-10-29T12:14:35Z", "event":"Music", "MusicTrack":"Exploration" }
{ "timestamp":"2017-10-29T12:14:47Z", "event":"StartJump", "JumpType":"Supercruise" }
{ "timestamp":"2017-10-29T12:14:52Z", "event":"SupercruiseEntry", "StarSystem":"Blu Euq OA-A d76" }
{ "timestamp":"2017-10-29T12:14:52Z", "event":"Music", "MusicTrack":"Supercruise" }
{ "timestamp":"2017-10-29T12:15:21Z", "event":"FuelScoop", "Scooped":5.003356, "Total":27.953432 }
{ "timestamp":"2017-10-29T12:15:37Z", "event":"FuelScoop", "Scooped":4.046544, "Total":32.000000 }
{ "timestamp":"2017-10-29T12:16:14Z", "event":"StartJump", "JumpType":"Hyperspace", "StarSystem":"Blu Euq SG-Y d95", "StarClass":"A" }
{ "timestamp":"2017-10-29T12:16:19Z", "event":"Music", "MusicTrack":"NoTrack" }
{ "timestamp":"2017-10-29T12:16:33Z", "event":"FSDJump", "StarSystem":"Blu Euq SG-Y d95", "StarPos":[1107.156,-8.281,4147.625], "SystemAllegiance":"", "SystemEconomy":"$economy_None;", "SystemEconomy_Localised":"None", "SystemGovernment":"$government_None;", "SystemGovernment_Localised":"None", "SystemSecurity":"$GAlAXY_MAP_INFO_state_anarchy;", "SystemSecurity_Localised":"Anarchy", "Population":0, "JumpDist":22.838, "FuelUsed":2.928777, "FuelLevel":29.071222 }
{ "timestamp":"2017-10-29T12:16:33Z", "event":"Music", "MusicTrack":"Supercruise" }
{ "timestamp":"2017-10-29T12:19:34Z", "event":"Friends", "Status":"Online", "Name":"Mitsumete Knight" }
{ "timestamp":"2017-10-29T12:22:10Z", "event":"FuelScoop", "Scooped":3.448751, "Total":32.000000 }
{ "timestamp":"2017-10-29T12:22:33Z", "event":"StartJump", "JumpType":"Hyperspace", "StarSystem":"Blu Euq SG-Y d105", "StarClass":"N" }
{ "timestamp":"2017-10-29T12:22:38Z", "event":"Music", "MusicTrack":"NoTrack" }
{ "timestamp":"2017-10-29T12:22:52Z", "event":"FSDJump", "StarSystem":"Blu Euq SG-Y d105", "StarPos":[1125.500,-7.844,4160.625], "SystemAllegiance":"", "SystemEconomy":"$economy_None;", "SystemEconomy_Localised":"None", "SystemGovernment":"$government_None;", "SystemGovernment_Localised":"None", "SystemSecurity":"$GAlAXY_MAP_INFO_state_anarchy;", "SystemSecurity_Localised":"Anarchy", "Population":0, "JumpDist":22.487, "FuelUsed":2.819760, "FuelLevel":29.180241 }
{ "timestamp":"2017-10-29T12:22:52Z", "event":"Music", "MusicTrack":"Supercruise" }
{ "timestamp":"2017-10-29T12:23:02Z", "event":"Music", "MusicTrack":"SystemMap" }
{ "timestamp":"2017-10-29T12:23:03Z", "event":"Music", "MusicTrack":"Supercruise" }
{ "timestamp":"2017-10-29T12:23:05Z", "event":"Music", "MusicTrack":"SystemMap" }
{ "timestamp":"2017-10-29T12:23:06Z", "event":"Music", "MusicTrack":"Supercruise" }
{ "timestamp":"2017-10-29T12:23:12Z", "event":"Scan", "BodyName":"Blu Euq SG-Y d105 A", "DistanceFromArrivalLS":0.000000, "StarType":"N", "StellarMass":0.847656, "Radius":10664.062500, "AbsoluteMagnitude":4.636673, "Age_MY":3018, "SurfaceTemperature":1274785.000000, "Luminosity":"VII", "SemiMajorAxis":1313099087872.000000, "Eccentricity":0.127407, "OrbitalInclination":33.979095, "Periapsis":203.084473, "OrbitalPeriod":6433980928.000000, "RotationPeriod":4.747617, "AxialTilt":0.000000 }
{ "timestamp":"2017-10-29T12:23:16Z", "event":"Music", "MusicTrack":"SystemMap" }
{ "timestamp":"2017-10-29T12:23:19Z", "event":"Music", "MusicTrack":"Supercruise" }
{ "timestamp":"2017-10-29T12:23:21Z", "event":"Music", "MusicTrack":"SystemMap" }
{ "timestamp":"2017-10-29T12:23:23Z", "event":"Music", "MusicTrack":"Supercruise" }
{ "timestamp":"2017-10-29T12:24:20Z", "event":"JetConeBoost", "BoostValue":4.000000 }
{ "timestamp":"2017-10-29T12:24:39Z", "event":"StartJump", "JumpType":"Hyperspace", "StarSystem":"Blu Euq WM-W d1-6", "StarClass":"N" }
{ "timestamp":"2017-10-29T12:24:44Z", "event":"Music", "MusicTrack":"NoTrack" }
{ "timestamp":"2017-10-29T12:24:57Z", "event":"FSDJump", "StarSystem":"Blu Euq WM-W d1-6", "StarPos":[1107.031,-21.313,4254.906], "SystemAllegiance":"", "SystemEconomy":"$economy_None;", "SystemEconomy_Localised":"None", "SystemGovernment":"$government_None;", "SystemGovernment_Localised":"None", "SystemSecurity":"$GAlAXY_MAP_INFO_state_anarchy;", "SystemSecurity_Localised":"Anarchy", "Population":0, "JumpDist":97.013, "FuelUsed":3.333876, "FuelLevel":25.846365, "BoostUsed":4 }
{ "timestamp":"2017-10-29T12:24:58Z", "event":"Music", "MusicTrack":"Supercruise" }
{ "timestamp":"2017-10-29T12:25:15Z", "event":"Music", "MusicTrack":"SystemMap" }
{ "timestamp":"2017-10-29T12:25:24Z", "event":"Music", "MusicTrack":"Supercruise" }
{ "timestamp":"2017-10-29T12:26:18Z", "event":"FuelScoop", "Scooped":5.003116, "Total":30.849478 }
{ "timestamp":"2017-10-29T12:26:24Z", "event":"FuelScoop", "Scooped":1.150521, "Total":32.000000 }
{ "timestamp":"2017-10-29T12:26:43Z", "event":"Music", "MusicTrack":"SystemMap" }
{ "timestamp":"2017-10-29T12:26:46Z", "event":"Music", "MusicTrack":"Supercruise" }
{ "timestamp":"2017-10-29T12:28:54Z", "event":"JetConeBoost", "BoostValue":4.000000 }
{ "timestamp":"2017-10-29T12:29:20Z", "event":"StartJump", "JumpType":"Hyperspace", "StarSystem":"Blu Euq AT-U d2-16", "StarClass":"A" }
{ "timestamp":"2017-10-29T12:29:26Z", "event":"Music", "MusicTrack":"NoTrack" }
{ "timestamp":"2017-10-29T12:29:39Z", "event":"FSDJump", "StarSystem":"Blu Euq AT-U d2-16", "StarPos":[1070.063,-22.656,4343.438], "SystemAllegiance":"", "SystemEconomy":"$economy_None;", "SystemEconomy_Localised":"None", "SystemGovernment":"$government_None;", "SystemGovernment_Localised":"None", "SystemSecurity":"$GAlAXY_MAP_INFO_state_anarchy;", "SystemSecurity_Localised":"Anarchy", "Population":0, "JumpDist":95.949, "FuelUsed":3.303355, "FuelLevel":28.696646, "BoostUsed":4 }
{ "timestamp":"2017-10-29T12:29:39Z", "event":"Music", "MusicTrack":"DestinationFromHyperspace" }
{ "timestamp":"2017-10-29T12:29:44Z", "event":"Music", "MusicTrack":"Supercruise" }
{ "timestamp":"2017-10-29T12:29:46Z", "event":"Music", "MusicTrack":"SystemMap" }
{ "timestamp":"2017-10-29T12:29:48Z", "event":"Music", "MusicTrack":"Supercruise" }
{ "timestamp":"2017-10-29T12:29:52Z", "event":"Music", "MusicTrack":"GalaxyMap" }
{ "timestamp":"2017-10-29T12:29:53Z", "event":"Music", "MusicTrack":"Supercruise" }
{ "timestamp":"2017-10-29T12:30:02Z", "event":"Music", "MusicTrack":"SystemMap" }
{ "timestamp":"2017-10-29T12:30:04Z", "event":"Music", "MusicTrack":"GalaxyMap" }
{ "timestamp":"2017-10-29T12:30:05Z", "event":"Scan", "BodyName":"Blu Euq AT-U d2-16", "DistanceFromArrivalLS":0.000000, "StarType":"A", "StellarMass":1.500000, "Radius":816227648.000000, "AbsoluteMagnitude":3.204559, "Age_MY":2160, "SurfaceTemperature":7754.000000, "Luminosity":"VI", "RotationPeriod":99981.523438, "AxialTilt":0.000000 }
{ "timestamp":"2017-10-29T12:32:59Z", "event":"Music", "MusicTrack":"Supercruise" }
{ "timestamp":"2017-10-29T12:33:18Z", "event":"Music", "MusicTrack":"SystemMap" }
{ "timestamp":"2017-10-29T12:33:19Z", "event":"Music", "MusicTrack":"GalaxyMap" }
{ "timestamp":"2017-10-29T12:37:06Z", "event":"Music", "MusicTrack":"Supercruise" }
{ "timestamp":"2017-10-29T12:37:08Z", "event":"Music", "MusicTrack":"GalaxyMap" }
{ "timestamp":"2017-10-29T12:37:23Z", "event":"Music", "MusicTrack":"SystemMap" }
{ "timestamp":"2017-10-29T12:37:24Z", "event":"Music", "MusicTrack":"Supercruise" }
{ "timestamp":"2017-10-29T12:37:44Z", "event":"FuelScoop", "Scooped":3.303346, "Total":32.000000 }
{ "timestamp":"2017-10-29T12:37:56Z", "event":"FuelScoop", "Scooped":0.089654, "Total":31.569658 }
{ "timestamp":"2017-10-29T12:38:22Z", "event":"StartJump", "JumpType":"Hyperspace", "StarSystem":"Blu Euq NQ-Z b13-9", "StarClass":"M" }
{ "timestamp":"2017-10-29T12:38:28Z", "event":"Music", "MusicTrack":"NoTrack" }
{ "timestamp":"2017-10-29T12:38:41Z", "event":"FSDJump", "StarSystem":"Blu Euq NQ-Z b13-9", "StarPos":[1084.281,-12.813,4360.156], "SystemAllegiance":"", "SystemEconomy":"$economy_None;", "SystemEconomy_Localised":"None", "SystemGovernment":"$government_None;", "SystemGovernment_Localised":"None", "SystemSecurity":"$GAlAXY_MAP_INFO_state_anarchy;", "SystemSecurity_Localised":"Anarchy", "Population":0, "JumpDist":24.054, "FuelUsed":3.316718, "FuelLevel":28.252941 }
{ "timestamp":"2017-10-29T12:38:41Z", "event":"Music", "MusicTrack":"Supercruise" }
{ "timestamp":"2017-10-29T12:39:15Z", "event":"FuelScoop", "Scooped":3.151150, "Total":31.404076 }
{ "timestamp":"2017-10-29T12:39:32Z", "event":"StartJump", "JumpType":"Hyperspace", "StarSystem":"Blu Euq PB-Y b14-5", "StarClass":"M" }
{ "timestamp":"2017-10-29T12:39:38Z", "event":"Music", "MusicTrack":"NoTrack" }
{ "timestamp":"2017-10-29T12:39:51Z", "event":"FSDJump", "StarSystem":"Blu Euq PB-Y b14-5", "StarPos":[1083.813,6.406,4377.281], "SystemAllegiance":"", "SystemEconomy":"$economy_None;", "SystemEconomy_Localised":"None", "SystemGovernment":"$government_None;", "SystemGovernment_Localised":"None", "SystemSecurity":"$GAlAXY_MAP_INFO_state_anarchy;", "SystemSecurity_Localised":"Anarchy", "Population":0, "JumpDist":25.746, "FuelUsed":3.913592, "FuelLevel":27.490484 }
{ "timestamp":"2017-10-29T12:39:51Z", "event":"Music", "MusicTrack":"Supercruise" }
{ "timestamp":"2017-10-29T12:41:40Z", "event":"FuelScoop", "Scooped":4.509524, "Total":32.000000 }
{ "timestamp":"2017-10-29T12:42:13Z", "event":"StartJump", "JumpType":"Hyperspace", "StarSystem":"Blu Euq EZ-S d3-51", "StarClass":"N" }
{ "timestamp":"2017-10-29T12:42:18Z", "event":"Music", "MusicTrack":"NoTrack" }
{ "timestamp":"2017-10-29T12:42:31Z", "event":"FSDJump", "StarSystem":"Blu Euq EZ-S d3-51", "StarPos":[1097.500,16.875,4388.469], "SystemAllegiance":"", "SystemEconomy":"$economy_None;", "SystemEconomy_Localised":"None", "SystemGovernment":"$government_None;", "SystemGovernment_Localised":"None", "SystemSecurity":"$GAlAXY_MAP_INFO_state_anarchy;", "SystemSecurity_Localised":"Anarchy", "Population":0, "JumpDist":20.545, "FuelUsed":2.260063, "FuelLevel":29.739937 }
{ "timestamp":"2017-10-29T12:42:31Z", "event":"Music", "MusicTrack":"DestinationFromHyperspace" }
{ "timestamp":"2017-10-29T12:42:36Z", "event":"Music", "MusicTrack":"Supercruise" }
{ "timestamp":"2017-10-29T12:42:43Z", "event":"Music", "MusicTrack":"GalaxyMap" }
{ "timestamp":"2017-10-29T12:42:51Z", "event":"Scan", "BodyName":"Blu Euq EZ-S d3-51 A", "DistanceFromArrivalLS":0.000000, "StarType":"N", "StellarMass":0.679688, "Radius":11425.781250, "AbsoluteMagnitude":4.726410, "Age_MY":3482, "SurfaceTemperature":8492280.000000, "Luminosity":"VII", "SemiMajorAxis":1349801607168.000000, "Eccentricity":0.278424, "OrbitalInclination":-86.182228, "Periapsis":242.784470, "OrbitalPeriod":3975224576.000000, "RotationPeriod":1.612299, "AxialTilt":0.000000 }
{ "timestamp":"2017-10-29T12:43:07Z", "event":"Music", "MusicTrack":"SystemMap" }
{ "timestamp":"2017-10-29T12:43:09Z", "event":"Music", "MusicTrack":"Supercruise" }
{ "timestamp":"2017-10-29T12:43:27Z", "event":"JetConeBoost", "BoostValue":4.000000 }
{ "timestamp":"2017-10-29T12:43:51Z", "event":"StartJump", "JumpType":"Hyperspace", "StarSystem":"Blu Euq FQ-P b19-9", "StarClass":"M" }
{ "timestamp":"2017-10-29T12:43:56Z", "event":"Music", "MusicTrack":"NoTrack" }
{ "timestamp":"2017-10-29T12:44:09Z", "event":"FSDJump", "StarSystem":"Blu Euq FQ-P b19-9", "StarPos":[1087.875,48.188,4485.500], "SystemAllegiance":"", "SystemEconomy":"$economy_None;", "SystemEconomy_Localised":"None", "SystemGovernment":"$government_None;", "SystemGovernment_Localised":"None", "SystemSecurity":"$GAlAXY_MAP_INFO_state_anarchy;", "SystemSecurity_Localised":"Anarchy", "Population":0, "JumpDist":102.412, "FuelUsed":3.820476, "FuelLevel":25.919460, "BoostUsed":4 }
{ "timestamp":"2017-10-29T12:44:09Z", "event":"Music", "MusicTrack":"Supercruise" }
{ "timestamp":"2017-10-29T12:48:14Z", "event":"FuelScoop", "Scooped":5.002035, "Total":30.921528 }
{ "timestamp":"2017-10-29T12:48:18Z", "event":"FuelScoop", "Scooped":1.078482, "Total":32.000000 }
{ "timestamp":"2017-10-29T12:48:38Z", "event":"StartJump", "JumpType":"Hyperspace", "StarSystem":"Blu Euq PM-W e1-15", "StarClass":"N" }
{ "timestamp":"2017-10-29T12:48:43Z", "event":"Music", "MusicTrack":"NoTrack" }
{ "timestamp":"2017-10-29T12:48:57Z", "event":"FSDJump", "StarSystem":"Blu Euq PM-W e1-15", "StarPos":[1078.469,61.750,4505.656], "SystemAllegiance":"", "SystemEconomy":"$economy_None;", "SystemEconomy_Localised":"None", "SystemGovernment":"$government_None;", "SystemGovernment_Localised":"None", "SystemSecurity":"$GAlAXY_MAP_INFO_state_anarchy;", "SystemSecurity_Localised":"Anarchy", "Population":0, "JumpDist":26.052, "FuelUsed":4.043871, "FuelLevel":27.956129 }
{ "timestamp":"2017-10-29T12:48:57Z", "event":"Music", "MusicTrack":"DestinationFromHyperspace" }
{ "timestamp":"2017-10-29T12:49:02Z", "event":"Music", "MusicTrack":"Supercruise" }
{ "timestamp":"2017-10-29T12:49:19Z", "event":"Scan", "BodyName":"Blu Euq PM-W e1-15 A", "DistanceFromArrivalLS":0.000000, "StarType":"N", "StellarMass":2.464844, "Radius":7503.906250, "AbsoluteMagnitude":4.580063, "Age_MY":298, "SurfaceTemperature":1372032.000000, "Luminosity":"VII", "SemiMajorAxis":2874898120704.000000, "Eccentricity":0.029652, "OrbitalInclination":15.831196, "Periapsis":7.106593, "OrbitalPeriod":6890908672.000000, "RotationPeriod":1.114390, "AxialTilt":0.000000 }
{ "timestamp":"2017-10-29T12:50:05Z", "event":"Music", "MusicTrack":"GalaxyMap" }
{ "timestamp":"2017-10-29T12:50:33Z", "event":"Music", "MusicTrack":"SystemMap" }
{ "timestamp":"2017-10-29T12:50:34Z", "event":"Music", "MusicTrack":"Supercruise" }
{ "timestamp":"2017-10-29T12:50:52Z", "event":"JetConeBoost", "BoostValue":4.000000 }
{ "timestamp":"2017-10-29T12:51:12Z", "event":"StartJump", "JumpType":"Hyperspace", "StarSystem":"Blu Euq ML-P d5-111", "StarClass":"N" }
{ "timestamp":"2017-10-29T12:51:18Z", "event":"Music", "MusicTrack":"NoTrack" }
{ "timestamp":"2017-10-29T12:51:31Z", "event":"FSDJump", "StarSystem":"Blu Euq ML-P d5-111", "StarPos":[1094.906,51.625,4560.469], "SystemAllegiance":"", "SystemEconomy":"$economy_None;", "SystemEconomy_Localised":"None", "SystemGovernment":"$government_None;", "SystemGovernment_Localised":"None", "SystemSecurity":"$GAlAXY_MAP_INFO_state_anarchy;", "SystemSecurity_Localised":"Anarchy", "Population":0, "JumpDist":58.113, "FuelUsed":0.942567, "FuelLevel":27.013561, "BoostUsed":4 }
{ "timestamp":"2017-10-29T12:51:31Z", "event":"Music", "MusicTrack":"DestinationFromHyperspace" }
{ "timestamp":"2017-10-29T12:51:36Z", "event":"Music", "MusicTrack":"Supercruise" }
{ "timestamp":"2017-10-29T12:51:54Z", "event":"Music", "MusicTrack":"GalaxyMap" }
{ "timestamp":"2017-10-29T12:52:04Z", "event":"Scan", "BodyName":"Blu Euq ML-P d5-111 A", "DistanceFromArrivalLS":0.000000, "StarType":"N", "StellarMass":0.679688, "Radius":11425.781250, "AbsoluteMagnitude":5.280624, "Age_MY":3400, "SurfaceTemperature":1273511.000000, "Luminosity":"VII", "SemiMajorAxis":160346603520.000000, "Eccentricity":0.019162, "OrbitalInclination":-14.723665, "Periapsis":9.477369, "OrbitalPeriod":354961600.000000, "RotationPeriod":3.279592, "AxialTilt":0.000000 }
{ "timestamp":"2017-10-29T12:52:07Z", "event":"Music", "MusicTrack":"SystemMap" }
{ "timestamp":"2017-10-29T12:52:08Z", "event":"Music", "MusicTrack":"Supercruise" }
{ "timestamp":"2017-10-29T12:53:23Z", "event":"JetConeBoost", "BoostValue":4.000000 }
{ "timestamp":"2017-10-29T12:53:43Z", "event":"StartJump", "JumpType":"Hyperspace", "StarSystem":"Blu Euq RO-Z b27-13", "StarClass":"M" }
{ "timestamp":"2017-10-29T12:53:49Z", "event":"Music", "MusicTrack":"NoTrack" }
{ "timestamp":"2017-10-29T12:54:02Z", "event":"FSDJump", "StarSystem":"Blu Euq RO-Z b27-13", "StarPos":[1090.344,28.313,4661.844], "SystemAllegiance":"", "SystemEconomy":"$economy_None;", "SystemEconomy_Localised":"None", "SystemGovernment":"$government_None;", "SystemGovernment_Localised":"None", "SystemSecurity":"$GAlAXY_MAP_INFO_state_anarchy;", "SystemSecurity_Localised":"Anarchy", "Population":0, "JumpDist":104.121, "FuelUsed":3.910256, "FuelLevel":23.103306, "BoostUsed":4 }
{ "timestamp":"2017-10-29T12:54:02Z", "event":"Music", "MusicTrack":"Supercruise" }
{ "timestamp":"2017-10-29T12:55:01Z", "event":"FuelScoop", "Scooped":5.001893, "Total":28.105146 }
{ "timestamp":"2017-10-29T12:55:16Z", "event":"FuelScoop", "Scooped":3.894854, "Total":32.000000 }
{ "timestamp":"2017-10-29T12:55:39Z", "event":"StartJump", "JumpType":"Hyperspace", "StarSystem":"Blu Euq VU-X b28-2", "StarClass":"M" }
{ "timestamp":"2017-10-29T12:55:44Z", "event":"Music", "MusicTrack":"NoTrack" }
{ "timestamp":"2017-10-29T12:55:58Z", "event":"FSDJump", "StarSystem":"Blu Euq VU-X b28-2", "StarPos":[1084.625,26.344,4685.469], "SystemAllegiance":"", "SystemEconomy":"$economy_None;", "SystemEconomy_Localised":"None", "SystemGovernment":"$government_None;", "SystemGovernment_Localised":"None", "SystemSecurity":"$GAlAXY_MAP_INFO_state_anarchy;", "SystemSecurity_Localised":"Anarchy", "Population":0, "JumpDist":24.387, "FuelUsed":3.439764, "FuelLevel":28.560236 }
{ "timestamp":"2017-10-29T12:55:58Z", "event":"Music", "MusicTrack":"Supercruise" }
{ "timestamp":"2017-10-29T12:56:21Z", "event":"Scan", "BodyName":"Blu Euq VU-X b28-2", "DistanceFromArrivalLS":0.000000, "StarType":"M", "StellarMass":0.343750, "Radius":326673568.000000, "AbsoluteMagnitude":9.568939, "Age_MY":5086, "SurfaceTemperature":2832.000000, "Luminosity":"Va", "RotationPeriod":206071.703125, "AxialTilt":0.000000 }
{ "timestamp":"2017-10-29T12:57:47Z", "event":"FuelScoop", "Scooped":3.439793, "Total":32.000000 }
{ "timestamp":"2017-10-29T12:58:05Z", "event":"StartJump", "JumpType":"Hyperspace", "StarSystem":"Blu Euq UX-L d7-67", "StarClass":"N" }
{ "timestamp":"2017-10-29T12:58:10Z", "event":"Music", "MusicTrack":"NoTrack" }
{ "timestamp":"2017-10-29T12:58:23Z", "event":"FSDJump", "StarSystem":"Blu Euq UX-L d7-67", "StarPos":[1077.750,18.313,4699.813], "SystemAllegiance":"", "SystemEconomy":"$economy_None;", "SystemEconomy_Localised":"None", "SystemGovernment":"$government_None;", "SystemGovernment_Localised":"None", "SystemSecurity":"$GAlAXY_MAP_INFO_state_anarchy;", "SystemSecurity_Localised":"Anarchy", "Population":0, "JumpDist":17.819, "FuelUsed":1.594461, "FuelLevel":30.405539 }
{ "timestamp":"2017-10-29T12:58:24Z", "event":"Music", "MusicTrack":"DestinationFromHyperspace" }
{ "timestamp":"2017-10-29T12:58:29Z", "event":"Music", "MusicTrack":"Supercruise" }
{ "timestamp":"2017-10-29T12:58:44Z", "event":"Scan", "BodyName":"Blu Euq UX-L d7-67", "DistanceFromArrivalLS":0.000000, "StarType":"N", "StellarMass":0.699219, "Radius":11375.000000, "AbsoluteMagnitude":5.075485, "Age_MY":3182, "SurfaceTemperature":1352902.000000, "Luminosity":"VII", "RotationPeriod":5.118403, "AxialTilt":0.000000 }
{ "timestamp":"2017-10-29T12:59:23Z", "event":"Music", "MusicTrack":"GalaxyMap" }
{ "timestamp":"2017-10-29T13:00:05Z", "event":"Music", "MusicTrack":"SystemMap" }
{ "timestamp":"2017-10-29T13:00:06Z", "event":"Music", "MusicTrack":"Supercruise" }
{ "timestamp":"2017-10-29T13:01:16Z", "event":"JetConeBoost", "BoostValue":4.000000 }
{ "timestamp":"2017-10-29T13:01:43Z", "event":"StartJump", "JumpType":"Hyperspace", "StarSystem":"Blu Euq QP-O b33-0", "StarClass":"M" }
{ "timestamp":"2017-10-29T13:01:48Z", "event":"Music", "MusicTrack":"NoTrack" }
{ "timestamp":"2017-10-29T13:02:01Z", "event":"FSDJump", "StarSystem":"Blu Euq QP-O b33-0", "StarPos":[1018.969,-20.375,4777.031], "SystemAllegiance":"", "SystemEconomy":"$economy_None;", "SystemEconomy_Localised":"None", "SystemGovernment":"$government_None;", "SystemGovernment_Localised":"None", "SystemSecurity":"$GAlAXY_MAP_INFO_state_anarchy;", "SystemSecurity_Localised":"Anarchy", "Population":0, "JumpDist":104.473, "FuelUsed":4.015360, "FuelLevel":25.870178, "BoostUsed":4 }
{ "timestamp":"2017-10-29T13:02:01Z", "event":"Music", "MusicTrack":"Supercruise" }
{ "timestamp":"2017-10-29T13:02:24Z", "event":"Scan", "BodyName":"Blu Euq QP-O b33-0 A", "DistanceFromArrivalLS":0.000000, "StarType":"M", "StellarMass":0.234375, "Radius":253044128.000000, "AbsoluteMagnitude":10.695007, "Age_MY":12860, "SurfaceTemperature":2483.000000, "Luminosity":"Va", "SemiMajorAxis":445725802496.000000, "Eccentricity":0.337104, "OrbitalInclination":2.399369, "Periapsis":199.004089, "OrbitalPeriod":1319663872.000000, "RotationPeriod":164890.281250, "AxialTilt":0.000000 }
{ "timestamp":"2017-10-29T13:03:06Z", "event":"FuelScoop", "Scooped":5.000866, "Total":30.871067 }
{ "timestamp":"2017-10-29T13:03:12Z", "event":"FuelScoop", "Scooped":0.959249, "Total":31.830299 }
{ "timestamp":"2017-10-29T13:03:29Z", "event":"StartJump", "JumpType":"Hyperspace", "StarSystem":"Blu Euq PP-O b33-16", "StarClass":"M" }
{ "timestamp":"2017-10-29T13:03:34Z", "event":"Music", "MusicTrack":"NoTrack" }
{ "timestamp":"2017-10-29T13:03:48Z", "event":"FSDJump", "StarSystem":"Blu Euq PP-O b33-16", "StarPos":[999.719,-23.313,4792.594], "SystemAllegiance":"", "SystemEconomy":"$economy_None;", "SystemEconomy_Localised":"None", "SystemGovernment":"$government_None;", "SystemGovernment_Localised":"None", "SystemSecurity":"$GAlAXY_MAP_INFO_state_anarchy;", "SystemSecurity_Localised":"Anarchy", "Population":0, "JumpDist":24.928, "FuelUsed":3.625562, "FuelLevel":28.204737 }
{ "timestamp":"2017-10-29T13:03:48Z", "event":"Music", "MusicTrack":"Supercruise" }
{ "timestamp":"2017-10-29T13:04:13Z", "event":"Scan", "BodyName":"Blu Euq PP-O b33-16 A", "DistanceFromArrivalLS":0.000000, "StarType":"M", "StellarMass":0.308594, "Radius":359805760.000000, "AbsoluteMagnitude":10.013428, "Age_MY":3392, "SurfaceTemperature":2436.000000, "Luminosity":"Va", "SemiMajorAxis":216043094016.000000, "Eccentricity":0.278345, "OrbitalInclination":-48.900562, "Periapsis":238.927246, "OrbitalPeriod":767575936.000000, "RotationPeriod":185242.703125, "AxialTilt":0.000000 }
{ "timestamp":"2017-10-29T13:05:22Z", "event":"FuelScoop", "Scooped":3.795268, "Total":32.000000 }
{ "timestamp":"2017-10-29T13:05:43Z", "event":"StartJump", "JumpType":"Hyperspace", "StarSystem":"Thaileia TZ-M d8-153", "StarClass":"A" }
{ "timestamp":"2017-10-29T13:05:48Z", "event":"Music", "MusicTrack":"NoTrack" }
{ "timestamp":"2017-10-29T13:06:02Z", "event":"FSDJump", "StarSystem":"Thaileia TZ-M d8-153", "StarPos":[989.281,-38.688,4803.688], "SystemAllegiance":"", "SystemEconomy":"$economy_None;", "SystemEconomy_Localised":"None", "SystemGovernment":"$government_None;", "SystemGovernment_Localised":"None", "SystemSecurity":"$GAlAXY_MAP_INFO_state_anarchy;", "SystemSecurity_Localised":"Anarchy", "Population":0, "JumpDist":21.643, "FuelUsed":2.567516, "FuelLevel":29.432484 }
{ "timestamp":"2017-10-29T13:06:02Z", "event":"Music", "MusicTrack":"Supercruise" }
{ "timestamp":"2017-10-29T13:06:11Z", "event":"Music", "MusicTrack":"SystemMap" }
{ "timestamp":"2017-10-29T13:06:20Z", "event":"Music", "MusicTrack":"Supercruise" }
{ "timestamp":"2017-10-29T13:06:24Z", "event":"Scan", "BodyName":"Thaileia TZ-M d8-153", "DistanceFromArrivalLS":0.000000, "StarType":"A", "StellarMass":1.765625, "Radius":915709120.000000, "AbsoluteMagnitude":2.701248, "Age_MY":1792, "SurfaceTemperature":8220.000000, "Luminosity":"VI", "RotationPeriod":54988.312500, "AxialTilt":0.000000 }
{ "timestamp":"2017-10-29T13:06:43Z", "event":"FuelScoop", "Scooped":2.567520, "Total":32.000000 }
{ "timestamp":"2017-10-29T13:07:14Z", "event":"StartJump", "JumpType":"Hyperspace", "StarSystem":"NGC 6337 Sector CQ-Y d58", "StarClass":"F" }
{ "timestamp":"2017-10-29T13:07:19Z", "event":"Music", "MusicTrack":"NoTrack" }
{ "timestamp":"2017-10-29T13:07:33Z", "event":"FSDJump", "StarSystem":"NGC 6337 Sector CQ-Y d58", "StarPos":[973.000,-53.219,4818.000], "SystemAllegiance":"", "SystemEconomy":"$economy_None;", "SystemEconomy_Localised":"None", "SystemGovernment":"$government_None;", "SystemGovernment_Localised":"None", "SystemSecurity":"$GAlAXY_MAP_INFO_state_anarchy;", "SystemSecurity_Localised":"Anarchy", "Population":0, "JumpDist":26.098, "FuelUsed":4.061130, "FuelLevel":27.938869 }
{ "timestamp":"2017-10-29T13:07:33Z", "event":"Music", "MusicTrack":"Supercruise" }
{ "timestamp":"2017-10-29T13:07:38Z", "event":"Music", "MusicTrack":"GalaxyMap" }
{ "timestamp":"2017-10-29T13:11:42Z", "event":"Music", "MusicTrack":"SystemMap" }
{ "timestamp":"2017-10-29T13:11:43Z", "event":"Music", "MusicTrack":"Supercruise" }
{ "timestamp":"2017-10-29T13:12:12Z", "event":"FuelScoop", "Scooped":4.061119, "Total":32.000000 }
{ "timestamp":"2017-10-29T13:12:34Z", "event":"StartJump", "JumpType":"Hyperspace", "StarSystem":"NGC 6337 Sector CQ-Y d178", "StarClass":"N" }
{ "timestamp":"2017-10-29T13:12:35Z", "event":"Friends", "Status":"Online", "Name":"Mitsumete Knight" }
{ "timestamp":"2017-10-29T13:12:39Z", "event":"Music", "MusicTrack":"NoTrack" }
{ "timestamp":"2017-10-29T13:12:52Z", "event":"FSDJump", "StarSystem":"NGC 6337 Sector CQ-Y d178", "StarPos":[959.313,-53.313,4834.875], "SystemAllegiance":"", "SystemEconomy":"$economy_None;", "SystemEconomy_Localised":"None", "SystemGovernment":"$government_None;", "SystemGovernment_Localised":"None", "SystemSecurity":"$GAlAXY_MAP_INFO_state_anarchy;", "SystemSecurity_Localised":"Anarchy", "Population":0, "JumpDist":21.728, "FuelUsed":2.592447, "FuelLevel":29.407553 }
{ "timestamp":"2017-10-29T13:12:52Z", "event":"Music", "MusicTrack":"Supercruise" }
{ "timestamp":"2017-10-29T13:13:14Z", "event":"Scan", "BodyName":"NGC 6337 Sector CQ-Y d178", "DistanceFromArrivalLS":0.000000, "StarType":"N", "StellarMass":0.656250, "Radius":11582.031250, "AbsoluteMagnitude":5.093658, "Age_MY":3092, "SurfaceTemperature":2565729.000000, "Luminosity":"VII", "RotationPeriod":1.134309, "AxialTilt":0.000000 }
{ "timestamp":"2017-10-29T13:14:27Z", "event":"JetConeBoost", "BoostValue":4.000000 }
{ "timestamp":"2017-10-29T13:14:50Z", "event":"StartJump", "JumpType":"Hyperspace", "StarSystem":"Thaileia YF-M b41-2", "StarClass":"M" }
{ "timestamp":"2017-10-29T13:14:56Z", "event":"Music", "MusicTrack":"NoTrack" }
{ "timestamp":"2017-10-29T13:15:09Z", "event":"FSDJump", "StarSystem":"Thaileia YF-M b41-2", "StarPos":[951.531,-53.188,4937.500], "SystemAllegiance":"", "SystemEconomy":"$economy_None;", "SystemEconomy_Localised":"None", "SystemGovernment":"$government_None;", "SystemGovernment_Localised":"None", "SystemSecurity":"$GAlAXY_MAP_INFO_state_anarchy;", "SystemSecurity_Localised":"Anarchy", "Population":0, "JumpDist":102.920, "FuelUsed":3.858926, "FuelLevel":25.548626, "BoostUsed":4 }
{ "timestamp":"2017-10-29T13:15:09Z", "event":"Music", "MusicTrack":"Supercruise" }
{ "timestamp":"2017-10-29T13:15:32Z", "event":"Scan", "BodyName":"Thaileia YF-M b41-2 A", "DistanceFromArrivalLS":0.000000, "StarType":"M", "StellarMass":0.375000, "Radius":381285440.000000, "AbsoluteMagnitude":9.260864, "Age_MY":3270, "SurfaceTemperature":2814.000000, "Luminosity":"Va", "SemiMajorAxis":1173045772288.000000, "Eccentricity":0.019893, "OrbitalInclination":-10.956317, "Periapsis":66.378944, "OrbitalPeriod":4920005120.000000, "RotationPeriod":197129.656250, "AxialTilt":0.000000, "Rings":[ { "Name":"Thaileia YF-M b41-2 A A Belt", "RingClass":"eRingClass_Metalic", "MassMT":7.9615e+13, "InnerRad":7.0203e+08, "OuterRad":1.7401e+09 } ] }
{ "timestamp":"2017-10-29T13:15:41Z", "event":"Music", "MusicTrack":"SystemMap" }
{ "timestamp":"2017-10-29T13:15:43Z", "event":"Music", "MusicTrack":"Supercruise" }
{ "timestamp":"2017-10-29T13:16:05Z", "event":"FuelScoop", "Scooped":2.574295, "Total":28.122910 }
{ "timestamp":"2017-10-29T13:16:18Z", "event":"StartJump", "JumpType":"Hyperspace", "StarSystem":"Thaileia AM-J d10-35", "StarClass":"F" }
{ "timestamp":"2017-10-29T13:16:23Z", "event":"Music", "MusicTrack":"NoTrack" }
{ "timestamp":"2017-10-29T13:16:36Z", "event":"FSDJump", "StarSystem":"Thaileia AM-J d10-35", "StarPos":[954.250,-46.406,4961.813], "SystemAllegiance":"", "SystemEconomy":"$economy_None;", "SystemEconomy_Localised":"None", "SystemGovernment":"$government_None;", "SystemGovernment_Localised":"None", "SystemSecurity":"$GAlAXY_MAP_INFO_state_anarchy;", "SystemSecurity_Localised":"Anarchy", "Population":0, "JumpDist":25.387, "FuelUsed":3.698739, "FuelLevel":24.424171 }
{ "timestamp":"2017-10-29T13:16:36Z", "event":"Music", "MusicTrack":"Supercruise" }
{ "timestamp":"2017-10-29T13:16:59Z", "event":"Scan", "BodyName":"Thaileia AM-J d10-35", "DistanceFromArrivalLS":0.000000, "StarType":"F", "StellarMass":1.199219, "Radius":806655104.000000, "AbsoluteMagnitude":3.790924, "Age_MY":2426, "SurfaceTemperature":6815.000000, "Luminosity":"Vb", "RotationPeriod":407367.000000, "AxialTilt":0.000000, "Rings":[ { "Name":"Thaileia AM-J d10-35 A Belt", "RingClass":"eRingClass_MetalRich", "MassMT":8.5852e+15, "InnerRad":4.9957e+09, "OuterRad":8.0566e+11 } ] }
{ "timestamp":"2017-10-29T13:17:16Z", "event":"Music", "MusicTrack":"SystemMap" }
{ "timestamp":"2017-10-29T13:17:17Z", "event":"Music", "MusicTrack":"Supercruise" }
{ "timestamp":"2017-10-29T13:17:45Z", "event":"FuelScoop", "Scooped":5.003826, "Total":29.427984 }
{ "timestamp":"2017-10-29T13:17:54Z", "event":"FuelScoop", "Scooped":2.572001, "Total":32.000000 }
{ "timestamp":"2017-10-29T13:18:25Z", "event":"USSDrop", "USSType":"$USS_Type_Salvage;", "USSType_Localised":"Degraded emissions detected", "USSThreat":0 }
{ "timestamp":"2017-10-29T13:18:26Z", "event":"SupercruiseExit", "StarSystem":"Thaileia AM-J d10-35", "Body":"Thaileia AM-J d10-35", "BodyType":"Star" }
{ "timestamp":"2017-10-29T13:18:27Z", "event":"Music", "MusicTrack":"Exploration" }
{ "timestamp":"2017-10-29T13:20:14Z", "event":"StartJump", "JumpType":"Supercruise" }
{ "timestamp":"2017-10-29T13:20:19Z", "event":"SupercruiseEntry", "StarSystem":"Thaileia AM-J d10-35" }
{ "timestamp":"2017-10-29T13:20:19Z", "event":"Music", "MusicTrack":"Supercruise" }
{ "timestamp":"2017-10-29T13:20:40Z", "event":"Music", "MusicTrack":"SystemMap" }
{ "timestamp":"2017-10-29T13:20:41Z", "event":"Music", "MusicTrack":"Supercruise" }
{ "timestamp":"2017-10-29T13:20:59Z", "event":"StartJump", "JumpType":"Hyperspace", "StarSystem":"Thaileia HS-I b43-17", "StarClass":"M" }
{ "timestamp":"2017-10-29T13:21:04Z", "event":"Music", "MusicTrack":"NoTrack" }
{ "timestamp":"2017-10-29T13:21:17Z", "event":"FSDJump", "StarSystem":"Thaileia HS-I b43-17", "StarPos":[962.406,-49.344,4983.094], "SystemAllegiance":"", "SystemEconomy":"$economy_None;", "SystemEconomy_Localised":"None", "SystemGovernment":"$government_None;", "SystemGovernment_Localised":"None", "SystemSecurity":"$GAlAXY_MAP_INFO_state_anarchy;", "SystemSecurity_Localised":"Anarchy", "Population":0, "JumpDist":22.979, "FuelUsed":2.973552, "FuelLevel":29.026449 }
{ "timestamp":"2017-10-29T13:21:18Z", "event":"Music", "MusicTrack":"Supercruise" }
{ "timestamp":"2017-10-29T13:21:28Z", "event":"Music", "MusicTrack":"SystemMap" }
{ "timestamp":"2017-10-29T13:21:33Z", "event":"Music", "MusicTrack":"Supercruise" }
{ "timestamp":"2017-10-29T13:21:40Z", "event":"Scan", "BodyName":"Thaileia HS-I b43-17 A", "DistanceFromArrivalLS":0.000000, "StarType":"M", "StellarMass":0.433594, "Radius":387292096.000000, "AbsoluteMagnitude":8.284225, "Age_MY":1810, "SurfaceTemperature":3496.000000, "Luminosity":"Va", "SemiMajorAxis":7296924516352.000000, "Eccentricity":0.170619, "OrbitalInclination":-28.583994, "Periapsis":4.144296, "OrbitalPeriod":46304903168.000000, "RotationPeriod":198460.718750, "AxialTilt":0.000000, "Rings":[ { "Name":"Thaileia HS-I b43-17 A A Belt", "RingClass":"eRingClass_MetalRich", "MassMT":3.5839e+09, "InnerRad":7.5243e+08, "OuterRad":1.8264e+09 } ] }
{ "timestamp":"2017-10-29T13:22:03Z", "event":"FuelScoop", "Scooped":2.393288, "Total":30.899733 }
{ "timestamp":"2017-10-29T13:22:19Z", "event":"StartJump", "JumpType":"Hyperspace", "StarSystem":"Thaileia LY-G b44-12", "StarClass":"M" }
{ "timestamp":"2017-10-29T13:22:24Z", "event":"Music", "MusicTrack":"NoTrack" }
{ "timestamp":"2017-10-29T13:22:38Z", "event":"FSDJump", "StarSystem":"Thaileia LY-G b44-12", "StarPos":[970.250,-46.969,5005.875], "SystemAllegiance":"", "SystemEconomy":"$economy_None;", "SystemEconomy_Localised":"None", "SystemGovernment":"$government_None;", "SystemGovernment_Localised":"None", "SystemSecurity":"$GAlAXY_MAP_INFO_state_anarchy;", "SystemSecurity_Localised":"Anarchy", "Population":0, "JumpDist":24.211, "FuelUsed":3.355693, "FuelLevel":27.544041 }
{ "timestamp":"2017-10-29T13:22:38Z", "event":"Music", "MusicTrack":"Supercruise" }
{ "timestamp":"2017-10-29T13:22:48Z", "event":"Music", "MusicTrack":"SystemMap" }
{ "timestamp":"2017-10-29T13:23:01Z", "event":"Scan", "BodyName":"Thaileia LY-G b44-12 A", "DistanceFromArrivalLS":0.000000, "StarType":"M", "StellarMass":0.304688, "Radius":311625088.000000, "AbsoluteMagnitude":9.645370, "Age_MY":1304, "SurfaceTemperature":2849.000000, "Luminosity":"Va", "SemiMajorAxis":169722052608.000000, "Eccentricity":0.234014, "OrbitalInclination":7.387947, "Periapsis":135.466019, "OrbitalPeriod":225899440.000000, "RotationPeriod":160077.875000, "AxialTilt":0.000000 }
{ "timestamp":"2017-10-29T13:23:23Z", "event":"Music", "MusicTrack":"Supercruise" }
{ "timestamp":"2017-10-29T13:26:31Z", "event":"Music", "MusicTrack":"SystemMap" }
{ "timestamp":"2017-10-29T13:27:16Z", "event":"Music", "MusicTrack":"Supercruise" }
{ "timestamp":"2017-10-29T13:27:30Z", "event":"Music", "MusicTrack":"SystemMap" }
{ "timestamp":"2017-10-29T13:27:34Z", "event":"Music", "MusicTrack":"Supercruise" }
{ "timestamp":"2017-10-29T13:27:47Z", "event":"Music", "MusicTrack":"SystemMap" }
{ "timestamp":"2017-10-29T13:27:51Z", "event":"Music", "MusicTrack":"Supercruise" }
