{ "timestamp":"2017-10-07T08:23:42Z", "event":"Fileheader", "part":1, "language":"English\\UK", "gameversion":"2.4", "build":"r155756/r0 " }
{ "timestamp":"2017-10-07T08:23:42Z", "event":"Music", "MusicTrack":"NoTrack" }
{ "timestamp":"2017-10-07T08:23:42Z", "event":"Music", "MusicTrack":"MainMenu" }
{ "timestamp":"2017-10-07T08:28:00Z", "event":"Cargo", "Inventory":[  ] }
{ "timestamp":"2017-10-07T08:28:00Z", "event":"Loadout", "Ship":"CobraMkIII", "ShipID":1, "ShipName":"Kamaboko", "ShipIdent":"IG-C03", "Modules":[ { "Slot":"MediumHardpoint1", "Item":"Hpt_PulseLaser_Gimbal_Medium", "On":true, "Priority":0, "Health":1.000000, "Value":35400 }, { "Slot":"MediumHardpoint2", "Item":"Hpt_PulseLaser_Gimbal_Medium", "On":true, "Priority":0, "Health":1.000000, "Value":35400 }, { "Slot":"SmallHardpoint1", "Item":"Hpt_MiningLaser_Fixed_Small", "On":true, "Priority":0, "Health":1.000000, "Value":6800 }, { "Slot":"SmallHardpoint2", "Item":"Hpt_MiningLaser_Fixed_Small", "On":true, "Priority":0, "Health":1.000000, "Value":6800 }, { "Slot":"TinyHardpoint1", "Item":"Hpt_HeatSinkLauncher_Turret_Tiny", "On":true, "Priority":0, "AmmoInClip":1, "AmmoInHopper":2, "Health":1.000000, "Value":3500 }, { "Slot":"TinyHardpoint2", "Item":"Hpt_ChaffLauncher_Tiny", "On":true, "Priority":0, "AmmoInClip":1, "AmmoInHopper":10, "Health":1.000000, "Value":8500 }, { "Slot":"Armour", "Item":"CobraMkIII_Armour_Grade1", "On":true, "Priority":1, "Health":1.000000, "Value":0 }, { "Slot":"PowerPlant", "Item":"Int_Powerplant_Size4_Class3", "On":true, "Priority":1, "Health":1.000000, "Value":178898 }, { "Slot":"MainEngines", "Item":"Int_Engine_Size4_Class5", "On":true, "Priority":0, "Health":1.000000, "Value":1610080 }, { "Slot":"FrameShiftDrive", "Item":"Int_Hyperdrive_Size4_Class4", "On":true, "Priority":0, "Health":1.000000, "Value":536693 }, { "Slot":"LifeSupport", "Item":"Int_LifeSupport_Size3_Class5", "On":true, "Priority":0, "Health":1.000000, "Value":158331 }, { "Slot":"PowerDistributor", "Item":"Int_PowerDistributor_Size3_Class3", "On":true, "Priority":0, "Health":1.000000, "Value":25333 }, { "Slot":"Radar", "Item":"Int_Sensors_Size3_Class2", "On":true, "Priority":0, "Health":1.000000, "Value":10133 }, { "Slot":"FuelTank", "Item":"Int_FuelTank_Size4_Class3", "On":true, "Priority":1, "Health":1.000000, "Value":24734 }, { "Slot":"Slot01_Size4", "Item":"Int_ShieldGenerator_Size4_Class3", "On":true, "Priority":0, "Health":1.000000, "Value":178898 }, { "Slot":"Slot02_Size4", "Item":"Int_CargoRack_Size4_Class1", "On":true, "Priority":1, "Health":1.000000, "Value":34328 }, { "Slot":"Slot03_Size4", "Item":"Int_CargoRack_Size4_Class1", "On":true, "Priority":1, "Health":1.000000, "Value":34328 }, { "Slot":"Slot04_Size2", "Item":"Int_CargoRack_Size2_Class1", "On":true, "Priority":1, "Health":1.000000, "Value":3250 }, { "Slot":"Slot05_Size2", "Item":"Int_FuelScoop_Size2_Class5", "On":true, "Priority":0, "Health":1.000000, "Value":284844 }, { "Slot":"Slot06_Size2", "Item":"Int_StellarBodyDiscoveryScanner_Intermediate", "On":true, "Priority":1, "Health":1.000000, "Value":505000 }, { "Slot":"PlanetaryApproachSuite", "Item":"Int_PlanetApproachSuite", "On":true, "Priority":1, "Health":1.000000, "Value":500 }, { "Slot":"ShipCockpit", "Item":"CobraMkIII_Cockpit", "On":true, "Priority":1, "Health":1.000000, "Value":0 }, { "Slot":"CargoHatch", "Item":"ModularCargoBayDoor", "On":true, "Priority":2, "Health":1.000000, "Value":0 } ] }
{ "timestamp":"2017-10-07T08:28:00Z", "event":"Materials", "Raw":[ { "Name":"carbon", "Count":3 }, { "Name":"iron", "Count":3 } ], "Manufactured":[ { "Name":"mechanicalscrap", "Count":4 }, { "Name":"gridresistors", "Count":1 }, { "Name":"conductivecomponents", "Count":1 }, { "Name":"heatdispersionplate", "Count":6 }, { "Name":"salvagedalloys", "Count":6 }, { "Name":"hybridcapacitors", "Count":6 }, { "Name":"heatconductionwiring", "Count":3 } ], "Encoded":[ { "Name":"shieldsoakanalysis", "Count":3 }, { "Name":"disruptedwakeechoes", "Count":5 }, { "Name":"shieldcyclerecordings", "Count":3 }, { "Name":"emissiondata", "Count":3 }, { "Name":"bulkscandata", "Count":1 }, { "Name":"scrambledemissiondata", "Count":4 }, { "Name":"archivedemissiondata", "Count":3 } ] }
{ "timestamp":"2017-10-07T08:28:00Z", "event":"LoadGame", "Commander":"Igaguri", "Ship":"CobraMkIII", "ShipID":1, "ShipName":"Kamaboko", "ShipIdent":"IG-C03", "FuelLevel":16.000000, "FuelCapacity":16.000000, "GameMode":"Open", "Credits":1858901, "Loan":0 }
{ "timestamp":"2017-10-07T08:28:00Z", "event":"Rank", "Combat":0, "Trade":4, "Explore":3, "Empire":0, "Federation":0, "CQC":0 }
{ "timestamp":"2017-10-07T08:28:00Z", "event":"Progress", "Combat":0, "Trade":1, "Explore":40, "Empire":0, "Federation":70, "CQC":0 }
{ "timestamp":"2017-10-07T08:28:17Z", "event":"Location", "Docked":true, "StationName":"Poisson Orbital", "StationType":"Coriolis", "StarSystem":"Kappa", "StarPos":[120.969,-11.906,-85.156], "SystemAllegiance":"Federation", "SystemEconomy":"$economy_HighTech;", "SystemEconomy_Localised":"High Tech", "SystemGovernment":"$government_Corporate;", "SystemGovernment_Localised":"Corporate", "SystemSecurity":"$SYSTEM_SECURITY_medium;", "SystemSecurity_Localised":"Medium Security", "Population":5724331, "Body":"Poisson Orbital", "BodyType":"Station", "Factions":[ { "Name":"HIP 36731 Services", "FactionState":"None", "Government":"Corporate", "Influence":0.483000, "Allegiance":"Federation", "PendingStates":[ { "State":"Boom", "Trend":1 } ] }, { "Name":"Pilots Federation Local Branch", "FactionState":"None", "Government":"Democracy", "Influence":0.000000, "Allegiance":"PilotsFederation" }, { "Name":"Udegobo Silver Power Int", "FactionState":"None", "Government":"Corporate", "Influence":0.209000, "Allegiance":"Federation", "RecoveringStates":[ { "State":"Boom", "Trend":0 } ] }, { "Name":"Tjiwang Gold Brotherhood", "FactionState":"None", "Government":"Anarchy", "Influence":0.010000, "Allegiance":"Independent" }, { "Name":"Kappa Public PLC", "FactionState":"None", "Government":"Corporate", "Influence":0.061000, "Allegiance":"Independent" }, { "Name":"League of Kappa", "FactionState":"None", "Government":"Dictatorship", "Influence":0.037000, "Allegiance":"Independent" }, { "Name":"Union of Kappa Free", "FactionState":"CivilWar", "Government":"Democracy", "Influence":0.118000, "Allegiance":"Independent" }, { "Name":"Natural Kappa Focus", "FactionState":"CivilWar", "Government":"Dictatorship", "Influence":0.082000, "Allegiance":"Independent" } ], "SystemFaction":"HIP 36731 Services" }
{ "timestamp":"2017-10-07T08:28:18Z", "event":"Music", "MusicTrack":"NoTrack" }
{ "timestamp":"2017-10-07T08:28:18Z", "event":"Docked", "StationName":"Poisson Orbital", "StationType":"Coriolis", "StarSystem":"Kappa", "StationFaction":"HIP 36731 Services", "StationGovernment":"$government_Corporate;", "StationGovernment_Localised":"Corporate", "StationAllegiance":"Federation", "StationServices":[ "Dock", "Autodock", "Commodities", "Contacts", "Exploration", "Missions", "Outfitting", "CrewLounge", "Rearm", "Refuel", "Repair", "Shipyard", "Tuning", "MissionsGenerated", "FlightController", "StationOperations", "Powerplay", "SearchAndRescue" ], "StationEconomy":"$economy_HighTech;", "StationEconomy_Localised":"High Tech", "DistFromStarLS":595.192200 }
{ "timestamp":"2017-10-07T08:28:18Z", "event":"Music", "MusicTrack":"Starport" }
{ "timestamp":"2017-10-07T08:31:31Z", "event":"Music", "MusicTrack":"SystemMap" }
{ "timestamp":"2017-10-07T08:31:32Z", "event":"Music", "MusicTrack":"Starport" }
{ "timestamp":"2017-10-07T08:31:33Z", "event":"Music", "MusicTrack":"GalaxyMap" }
{ "timestamp":"2017-10-07T08:31:50Z", "event":"Music", "MusicTrack":"SystemMap" }
{ "timestamp":"2017-10-07T08:32:02Z", "event":"Music", "MusicTrack":"GalaxyMap" }
{ "timestamp":"2017-10-07T08:32:08Z", "event":"BuyExplorationData", "System":"127 G. Canis Majoris", "Cost":2449 }
{ "timestamp":"2017-10-07T08:32:13Z", "event":"Music", "MusicTrack":"SystemMap" }
{ "timestamp":"2017-10-07T08:32:42Z", "event":"ReceiveText", "From":"$npc_name_decorate:#name=Pete L. Opitz;", "From_Localised":"Pete L. Opitz", "Message":"$Commuter_AuthorityScan05;", "Message_Localised":"On what grounds are you scanning this vessel, officer?", "Channel":"npc" }
{ "timestamp":"2017-10-07T08:32:45Z", "event":"Music", "MusicTrack":"GalaxyMap" }
{ "timestamp":"2017-10-07T08:32:51Z", "event":"Music", "MusicTrack":"SystemMap" }
{ "timestamp":"2017-10-07T08:34:53Z", "event":"Music", "MusicTrack":"GalaxyMap" }
{ "timestamp":"2017-10-07T08:34:54Z", "event":"Music", "MusicTrack":"Starport" }
{ "timestamp":"2017-10-07T08:39:37Z", "event":"ReceiveText", "From":"$npc_name_decorate:#name=Adam Bell;", "From_Localised":"Adam Bell", "Message":"$Commuter_AuthorityScan06;", "Message_Localised":"What's going on here, officer?", "Channel":"npc" }
{ "timestamp":"2017-10-07T08:39:53Z", "event":"Music", "MusicTrack":"GalaxyMap" }
{ "timestamp":"2017-10-07T08:40:29Z", "event":"BuyTradeData", "System":"Celtani", "Cost":100 }
{ "timestamp":"2017-10-07T08:41:24Z", "event":"Music", "MusicTrack":"Starport" }
{ "timestamp":"2017-10-07T08:41:47Z", "event":"MarketBuy", "Type":"agriculturalmedicines", "Count":36, "BuyPrice":935, "TotalCost":33660 }
{ "timestamp":"2017-10-07T08:41:54Z", "event":"Music", "MusicTrack":"GalaxyMap" }
{ "timestamp":"2017-10-07T08:41:59Z", "event":"Music", "MusicTrack":"SystemMap" }
{ "timestamp":"2017-10-07T08:42:04Z", "event":"Music", "MusicTrack":"GalaxyMap" }
{ "timestamp":"2017-10-07T08:42:06Z", "event":"Music", "MusicTrack":"Starport" }
{ "timestamp":"2017-10-07T08:42:08Z", "event":"Undocked", "StationName":"Poisson Orbital", "StationType":"Coriolis" }
{ "timestamp":"2017-10-07T08:42:18Z", "event":"Music", "MusicTrack":"NoTrack" }
{ "timestamp":"2017-10-07T08:42:29Z", "event":"ReceiveText", "From":"Poisson Orbital", "Message":"$DockingTresspassWarningComms;", "Message_Localised":"Unauthorised access infraction detected, clear starport immediately to avoid lethal response", "Channel":"npc" }
{ "timestamp":"2017-10-07T08:42:38Z", "event":"Scanned", "ScanType":"Cargo" }
{ "timestamp":"2017-10-07T08:42:38Z", "event":"ReceiveText", "From":"$ShipName_Police_Federation;", "From_Localised":"Federal Security Service", "Message":"$Police_ThankYouPassedStopAndSearch08;", "Message_Localised":"All done and you're clear to proceed, Commander.", "Channel":"npc" }
{ "timestamp":"2017-10-07T08:42:41Z", "event":"ReceiveText", "From":"Poisson Orbital", "Message":"$DockingOffenceCleared;", "Message_Localised":"Starport infractions cleared, docking privileges restored.", "Channel":"npc" }
{ "timestamp":"2017-10-07T08:42:54Z", "event":"ReceiveText", "From":"Poisson Orbital", "Message":"$STATION_NoFireZone_exited;", "Message_Localised":"No fire zone left.", "Channel":"npc" }
{ "timestamp":"2017-10-07T08:43:07Z", "event":"StartJump", "JumpType":"Hyperspace", "StarSystem":"Celtani", "StarClass":"M" }
{ "timestamp":"2017-10-07T08:43:26Z", "event":"FSDJump", "StarSystem":"Celtani", "StarPos":[107.781,-10.531,-84.375], "SystemAllegiance":"Federation", "SystemEconomy":"$economy_Extraction;", "SystemEconomy_Localised":"Extraction", "SystemGovernment":"$government_Democracy;", "SystemGovernment_Localised":"Democracy", "SystemSecurity":"$SYSTEM_SECURITY_medium;", "SystemSecurity_Localised":"Medium Security", "Population":1676076, "JumpDist":13.282, "FuelUsed":1.624824, "FuelLevel":14.375175, "Factions":[ { "Name":"Pilots Federation Local Branch", "FactionState":"None", "Government":"Democracy", "Influence":0.000000, "Allegiance":"PilotsFederation" }, { "Name":"Future of Celtani", "FactionState":"None", "Government":"Democracy", "Influence":0.661339, "Allegiance":"Federation" }, { "Name":"Udegobo Silver Power Int", "FactionState":"None", "Government":"Corporate", "Influence":0.090909, "Allegiance":"Federation", "RecoveringStates":[ { "State":"Boom", "Trend":0 } ] }, { "Name":"Confederation of Dewindji", "FactionState":"Boom", "Government":"Confederacy", "Influence":0.064935, "Allegiance":"Federation" }, { "Name":"Nationalists of Celtani", "FactionState":"None", "Government":"Dictatorship", "Influence":0.051948, "Allegiance":"Independent" }, { "Name":"Partnership of Celtani", "FactionState":"None", "Government":"Anarchy", "Influence":0.014985, "Allegiance":"Independent" }, { "Name":"Celtani Electronics Industry", "FactionState":"None", "Government":"Corporate", "Influence":0.100899, "Allegiance":"Independent", "PendingStates":[ { "State":"Boom", "Trend":0 } ] }, { "Name":"Celtani Drug Empire", "FactionState":"None", "Government":"Anarchy", "Influence":0.014985, "Allegiance":"Independent" } ], "SystemFaction":"Future of Celtani" }
{ "timestamp":"2017-10-07T08:43:26Z", "event":"Music", "MusicTrack":"DestinationFromHyperspace" }
{ "timestamp":"2017-10-07T08:43:31Z", "event":"Music", "MusicTrack":"Supercruise" }
{ "timestamp":"2017-10-07T08:43:42Z", "event":"FuelScoop", "Scooped":0.318037, "Total":14.693207 }
{ "timestamp":"2017-10-07T08:46:10Z", "event":"SupercruiseExit", "StarSystem":"Celtani", "Body":"Forrester Port", "BodyType":"Station" }
{ "timestamp":"2017-10-07T08:46:10Z", "event":"Music", "MusicTrack":"DestinationFromSupercruise" }
{ "timestamp":"2017-10-07T08:46:15Z", "event":"Music", "MusicTrack":"NoTrack" }
{ "timestamp":"2017-10-07T08:46:18Z", "event":"ReceiveText", "From":"Forrester Port", "Message":"$STATION_NoFireZone_entered;", "Message_Localised":"No fire zone entered.", "Channel":"npc" }
{ "timestamp":"2017-10-07T08:46:34Z", "event":"DockingRequested", "StationName":"Forrester Port" }
{ "timestamp":"2017-10-07T08:46:34Z", "event":"ReceiveText", "From":"Forrester Port", "Message":"$DockingChatter_Neutral;", "Message_Localised":"Ensure to observe starport protocol during your visit, pilot.", "Channel":"npc" }
{ "timestamp":"2017-10-07T08:46:36Z", "event":"ReceiveText", "From":"Forrester Port", "Message":"$STATION_docking_granted;", "Message_Localised":"Docking request granted.", "Channel":"npc" }
{ "timestamp":"2017-10-07T08:46:36Z", "event":"DockingGranted", "LandingPad":1, "StationName":"Forrester Port" }
{ "timestamp":"2017-10-07T08:47:07Z", "event":"Music", "MusicTrack":"Starport" }
{ "timestamp":"2017-10-07T08:47:41Z", "event":"Docked", "StationName":"Forrester Port", "StationType":"Coriolis", "StarSystem":"Celtani", "StationFaction":"Future of Celtani", "StationGovernment":"$government_Democracy;", "StationGovernment_Localised":"Democracy", "StationAllegiance":"Federation", "StationServices":[ "Dock", "Autodock", "BlackMarket", "Commodities", "Contacts", "Exploration", "Missions", "Outfitting", "CrewLounge", "Rearm", "Refuel", "Repair", "Shipyard", "Tuning", "MissionsGenerated", "FlightController", "StationOperations", "Powerplay", "SearchAndRescue" ], "StationEconomy":"$economy_Extraction;", "StationEconomy_Localised":"Extraction", "DistFromStarLS":1094.688354 }
{ "timestamp":"2017-10-07T08:49:55Z", "event":"MarketSell", "Type":"agriculturalmedicines", "Count":36, "SellPrice":501, "TotalSale":18036, "AvgPricePaid":935 }
{ "timestamp":"2017-10-07T09:01:24Z", "event":"ReceiveText", "From":"$npc_name_decorate:#name=Lefebvre;", "From_Localised":"Lefebvre", "Message":"$Commuter_AuthorityScan09;", "Message_Localised":"Can we hurry this up please, officer?", "Channel":"npc" }
{ "timestamp":"2017-10-07T09:15:02Z", "event":"ReceiveText", "From":"$npc_name_decorate:#name=Stephen Field;", "From_Localised":"Stephen Field", "Message":"$Commuter_AuthorityScan06;", "Message_Localised":"What's going on here, officer?", "Channel":"npc" }
{ "timestamp":"2017-10-07T09:19:11Z", "event":"MarketBuy", "Type":"uraninite", "Count":36, "BuyPrice":820, "TotalCost":29520 }
{ "timestamp":"2017-10-07T09:19:25Z", "event":"Music", "MusicTrack":"Exploration" }
{ "timestamp":"2017-10-07T09:19:25Z", "event":"Music", "MusicTrack":"MainMenu" }
{ "timestamp":"2017-10-07T11:38:48Z", "event":"Cargo", "Inventory":[ { "Name":"uraninite", "Count":36 } ] }
{ "timestamp":"2017-10-07T11:38:48Z", "event":"Loadout", "Ship":"CobraMkIII", "ShipID":1, "ShipName":"Kamaboko", "ShipIdent":"IG-C03", "Modules":[ { "Slot":"MediumHardpoint1", "Item":"Hpt_PulseLaser_Gimbal_Medium", "On":true, "Priority":0, "Health":1.000000, "Value":35400 }, { "Slot":"MediumHardpoint2", "Item":"Hpt_PulseLaser_Gimbal_Medium", "On":true, "Priority":0, "Health":1.000000, "Value":35400 }, { "Slot":"SmallHardpoint1", "Item":"Hpt_MiningLaser_Fixed_Small", "On":true, "Priority":0, "Health":1.000000, "Value":6800 }, { "Slot":"SmallHardpoint2", "Item":"Hpt_MiningLaser_Fixed_Small", "On":true, "Priority":0, "Health":1.000000, "Value":6800 }, { "Slot":"TinyHardpoint1", "Item":"Hpt_HeatSinkLauncher_Turret_Tiny", "On":true, "Priority":0, "AmmoInClip":1, "AmmoInHopper":2, "Health":1.000000, "Value":3500 }, { "Slot":"TinyHardpoint2", "Item":"Hpt_ChaffLauncher_Tiny", "On":true, "Priority":0, "AmmoInClip":1, "AmmoInHopper":10, "Health":1.000000, "Value":8500 }, { "Slot":"Armour", "Item":"CobraMkIII_Armour_Grade1", "On":true, "Priority":1, "Health":1.000000, "Value":0 }, { "Slot":"PowerPlant", "Item":"Int_Powerplant_Size4_Class3", "On":true, "Priority":1, "Health":1.000000, "Value":178898 }, { "Slot":"MainEngines", "Item":"Int_Engine_Size4_Class5", "On":true, "Priority":0, "Health":1.000000, "Value":1610080 }, { "Slot":"FrameShiftDrive", "Item":"Int_Hyperdrive_Size4_Class4", "On":true, "Priority":0, "Health":1.000000, "Value":536693 }, { "Slot":"LifeSupport", "Item":"Int_LifeSupport_Size3_Class5", "On":true, "Priority":0, "Health":1.000000, "Value":158331 }, { "Slot":"PowerDistributor", "Item":"Int_PowerDistributor_Size3_Class3", "On":true, "Priority":0, "Health":1.000000, "Value":25333 }, { "Slot":"Radar", "Item":"Int_Sensors_Size3_Class2", "On":true, "Priority":0, "Health":1.000000, "Value":10133 }, { "Slot":"FuelTank", "Item":"Int_FuelTank_Size4_Class3", "On":true, "Priority":1, "Health":1.000000, "Value":24734 }, { "Slot":"Slot01_Size4", "Item":"Int_ShieldGenerator_Size4_Class3", "On":true, "Priority":0, "Health":1.000000, "Value":178898 }, { "Slot":"Slot02_Size4", "Item":"Int_CargoRack_Size4_Class1", "On":true, "Priority":1, "Health":1.000000, "Value":34328 }, { "Slot":"Slot03_Size4", "Item":"Int_CargoRack_Size4_Class1", "On":true, "Priority":1, "Health":1.000000, "Value":34328 }, { "Slot":"Slot04_Size2", "Item":"Int_CargoRack_Size2_Class1", "On":true, "Priority":1, "Health":1.000000, "Value":3250 }, { "Slot":"Slot05_Size2", "Item":"Int_FuelScoop_Size2_Class5", "On":true, "Priority":0, "Health":1.000000, "Value":284844 }, { "Slot":"Slot06_Size2", "Item":"Int_StellarBodyDiscoveryScanner_Intermediate", "On":true, "Priority":1, "Health":1.000000, "Value":505000 }, { "Slot":"PlanetaryApproachSuite", "Item":"Int_PlanetApproachSuite", "On":true, "Priority":1, "Health":1.000000, "Value":500 }, { "Slot":"ShipCockpit", "Item":"CobraMkIII_Cockpit", "On":true, "Priority":1, "Health":1.000000, "Value":0 }, { "Slot":"CargoHatch", "Item":"ModularCargoBayDoor", "On":true, "Priority":2, "Health":1.000000, "Value":0 } ] }
{ "timestamp":"2017-10-07T11:38:48Z", "event":"Materials", "Raw":[ { "Name":"carbon", "Count":3 }, { "Name":"iron", "Count":3 } ], "Manufactured":[ { "Name":"mechanicalscrap", "Count":4 }, { "Name":"gridresistors", "Count":1 }, { "Name":"conductivecomponents", "Count":1 }, { "Name":"heatdispersionplate", "Count":6 }, { "Name":"salvagedalloys", "Count":6 }, { "Name":"hybridcapacitors", "Count":6 }, { "Name":"heatconductionwiring", "Count":3 } ], "Encoded":[ { "Name":"shieldsoakanalysis", "Count":3 }, { "Name":"disruptedwakeechoes", "Count":5 }, { "Name":"shieldcyclerecordings", "Count":3 }, { "Name":"emissiondata", "Count":3 }, { "Name":"bulkscandata", "Count":1 }, { "Name":"scrambledemissiondata", "Count":4 }, { "Name":"archivedemissiondata", "Count":3 } ] }
{ "timestamp":"2017-10-07T11:38:48Z", "event":"LoadGame", "Commander":"Igaguri", "Ship":"CobraMkIII", "ShipID":1, "ShipName":"Kamaboko", "ShipIdent":"IG-C03", "FuelLevel":14.693207, "FuelCapacity":16.000000, "GameMode":"Solo", "Credits":1811208, "Loan":0 }
{ "timestamp":"2017-10-07T11:38:48Z", "event":"Rank", "Combat":0, "Trade":4, "Explore":3, "Empire":0, "Federation":0, "CQC":0 }
{ "timestamp":"2017-10-07T11:38:48Z", "event":"Progress", "Combat":0, "Trade":1, "Explore":40, "Empire":0, "Federation":70, "CQC":0 }
{ "timestamp":"2017-10-07T11:38:59Z", "event":"Location", "Docked":true, "StationName":"Forrester Port", "StationType":"Coriolis", "StarSystem":"Celtani", "StarPos":[107.781,-10.531,-84.375], "SystemAllegiance":"Federation", "SystemEconomy":"$economy_Extraction;", "SystemEconomy_Localised":"Extraction", "SystemGovernment":"$government_Democracy;", "SystemGovernment_Localised":"Democracy", "SystemSecurity":"$SYSTEM_SECURITY_medium;", "SystemSecurity_Localised":"Medium Security", "Population":1676076, "Body":"Forrester Port", "BodyType":"Station", "Factions":[ { "Name":"Pilots Federation Local Branch", "FactionState":"None", "Government":"Democracy", "Influence":0.000000, "Allegiance":"PilotsFederation" }, { "Name":"Future of Celtani", "FactionState":"None", "Government":"Democracy", "Influence":0.661339, "Allegiance":"Federation" }, { "Name":"Udegobo Silver Power Int", "FactionState":"None", "Government":"Corporate", "Influence":0.090909, "Allegiance":"Federation", "RecoveringStates":[ { "State":"Boom", "Trend":0 } ] }, { "Name":"Confederation of Dewindji", "FactionState":"Boom", "Government":"Confederacy", "Influence":0.064935, "Allegiance":"Federation" }, { "Name":"Nationalists of Celtani", "FactionState":"None", "Government":"Dictatorship", "Influence":0.051948, "Allegiance":"Independent" }, { "Name":"Partnership of Celtani", "FactionState":"None", "Government":"Anarchy", "Influence":0.014985, "Allegiance":"Independent" }, { "Name":"Celtani Electronics Industry", "FactionState":"None", "Government":"Corporate", "Influence":0.100899, "Allegiance":"Independent", "PendingStates":[ { "State":"Boom", "Trend":0 } ] }, { "Name":"Celtani Drug Empire", "FactionState":"None", "Government":"Anarchy", "Influence":0.014985, "Allegiance":"Independent" } ], "SystemFaction":"Future of Celtani" }
{ "timestamp":"2017-10-07T11:38:59Z", "event":"Music", "MusicTrack":"NoTrack" }
{ "timestamp":"2017-10-07T11:38:59Z", "event":"Docked", "StationName":"Forrester Port", "StationType":"Coriolis", "StarSystem":"Celtani", "StationFaction":"Future of Celtani", "StationGovernment":"$government_Democracy;", "StationGovernment_Localised":"Democracy", "StationAllegiance":"Federation", "StationServices":[ "Dock", "Autodock", "BlackMarket", "Commodities", "Contacts", "Exploration", "Missions", "Outfitting", "CrewLounge", "Rearm", "Refuel", "Repair", "Shipyard", "Tuning", "MissionsGenerated", "FlightController", "StationOperations", "Powerplay", "SearchAndRescue" ], "StationEconomy":"$economy_Extraction;", "StationEconomy_Localised":"Extraction", "DistFromStarLS":1094.843262 }
{ "timestamp":"2017-10-07T11:38:59Z", "event":"Music", "MusicTrack":"Starport" }
{ "timestamp":"2017-10-07T11:39:10Z", "event":"Music", "MusicTrack":"GalaxyMap" }
{ "timestamp":"2017-10-07T11:39:12Z", "event":"ReceiveText", "From":"$ShipName_Police_Federation;", "From_Localised":"Federal Security Service", "Message":"$OverwatchCriticalDamage05;", "Message_Localised":"See you in hell, freebooter!", "Channel":"npc" }
{ "timestamp":"2017-10-07T11:39:17Z", "event":"Music", "MusicTrack":"SystemMap" }
{ "timestamp":"2017-10-07T11:39:22Z", "event":"Undocked", "StationName":"Forrester Port", "StationType":"Coriolis" }
{ "timestamp":"2017-10-07T11:39:23Z", "event":"Music", "MusicTrack":"GalaxyMap" }
{ "timestamp":"2017-10-07T11:39:27Z", "event":"Music", "MusicTrack":"Starport" }
{ "timestamp":"2017-10-07T11:39:48Z", "event":"Music", "MusicTrack":"NoTrack" }
{ "timestamp":"2017-10-07T11:40:13Z", "event":"ReceiveText", "From":"Forrester Port", "Message":"$STATION_NoFireZone_exited;", "Message_Localised":"No fire zone left.", "Channel":"npc" }
{ "timestamp":"2017-10-07T11:40:29Z", "event":"StartJump", "JumpType":"Hyperspace", "StarSystem":"Kappa", "StarClass":"M" }
{ "timestamp":"2017-10-07T11:40:48Z", "event":"FSDJump", "StarSystem":"Kappa", "StarPos":[120.969,-11.906,-85.156], "SystemAllegiance":"Federation", "SystemEconomy":"$economy_HighTech;", "SystemEconomy_Localised":"High Tech", "SystemGovernment":"$government_Corporate;", "SystemGovernment_Localised":"Corporate", "SystemSecurity":"$SYSTEM_SECURITY_medium;", "SystemSecurity_Localised":"Medium Security", "Population":5724331, "JumpDist":13.282, "FuelUsed":1.608677, "FuelLevel":13.084530, "Factions":[ { "Name":"HIP 36731 Services", "FactionState":"None", "Government":"Corporate", "Influence":0.483000, "Allegiance":"Federation", "PendingStates":[ { "State":"Boom", "Trend":1 } ] }, { "Name":"Pilots Federation Local Branch", "FactionState":"None", "Government":"Democracy", "Influence":0.000000, "Allegiance":"PilotsFederation" }, { "Name":"Udegobo Silver Power Int", "FactionState":"None", "Government":"Corporate", "Influence":0.209000, "Allegiance":"Federation", "RecoveringStates":[ { "State":"Boom", "Trend":0 } ] }, { "Name":"Tjiwang Gold Brotherhood", "FactionState":"None", "Government":"Anarchy", "Influence":0.010000, "Allegiance":"Independent" }, { "Name":"Kappa Public PLC", "FactionState":"None", "Government":"Corporate", "Influence":0.061000, "Allegiance":"Independent" }, { "Name":"League of Kappa", "FactionState":"None", "Government":"Dictatorship", "Influence":0.037000, "Allegiance":"Independent" }, { "Name":"Union of Kappa Free", "FactionState":"CivilWar", "Government":"Democracy", "Influence":0.118000, "Allegiance":"Independent" }, { "Name":"Natural Kappa Focus", "FactionState":"CivilWar", "Government":"Dictatorship", "Influence":0.082000, "Allegiance":"Independent" } ], "SystemFaction":"HIP 36731 Services" }
{ "timestamp":"2017-10-07T11:40:48Z", "event":"Music", "MusicTrack":"Supercruise" }
{ "timestamp":"2017-10-07T11:40:57Z", "event":"FuelScoop", "Scooped":0.023257, "Total":13.107782 }
{ "timestamp":"2017-10-07T11:41:26Z", "event":"Music", "MusicTrack":"GalaxyMap" }
{ "timestamp":"2017-10-07T11:41:28Z", "event":"Music", "MusicTrack":"SystemMap" }
{ "timestamp":"2017-10-07T11:41:32Z", "event":"Music", "MusicTrack":"Supercruise" }
{ "timestamp":"2017-10-07T11:43:33Z", "event":"SupercruiseExit", "StarSystem":"Kappa", "Body":"Poisson Orbital", "BodyType":"Station" }
{ "timestamp":"2017-10-07T11:43:34Z", "event":"Music", "MusicTrack":"DestinationFromSupercruise" }
{ "timestamp":"2017-10-07T11:43:38Z", "event":"Music", "MusicTrack":"NoTrack" }
{ "timestamp":"2017-10-07T11:43:41Z", "event":"ReceiveText", "From":"Poisson Orbital", "Message":"$STATION_NoFireZone_entered;", "Message_Localised":"No fire zone entered.", "Channel":"npc" }
{ "timestamp":"2017-10-07T11:43:42Z", "event":"ReceiveText", "From":"Poisson Orbital", "Message":"$DockingFailed_Distance:#distance=7500;", "Message_Localised":"Docking request denied, please approach to 7500m", "Channel":"npc" }
{ "timestamp":"2017-10-07T11:43:42Z", "event":"DockingDenied", "Reason":"Distance", "StationName":"Poisson Orbital" }
{ "timestamp":"2017-10-07T11:43:48Z", "event":"DockingRequested", "StationName":"Poisson Orbital" }
{ "timestamp":"2017-10-07T11:43:48Z", "event":"ReceiveText", "From":"Poisson Orbital", "Message":"$DockingChatter_Friendly;", "Message_Localised":"It's great to see you again, Commander.", "Channel":"npc" }
{ "timestamp":"2017-10-07T11:43:49Z", "event":"ReceiveText", "From":"Poisson Orbital", "Message":"$STATION_docking_granted;", "Message_Localised":"Docking request granted.", "Channel":"npc" }
{ "timestamp":"2017-10-07T11:43:49Z", "event":"DockingGranted", "LandingPad":31, "StationName":"Poisson Orbital" }
{ "timestamp":"2017-10-07T11:44:23Z", "event":"Music", "MusicTrack":"Starport" }
{ "timestamp":"2017-10-07T11:44:45Z", "event":"Docked", "StationName":"Poisson Orbital", "StationType":"Coriolis", "StarSystem":"Kappa", "StationFaction":"HIP 36731 Services", "StationGovernment":"$government_Corporate;", "StationGovernment_Localised":"Corporate", "StationAllegiance":"Federation", "StationServices":[ "Dock", "Autodock", "Commodities", "Contacts", "Exploration", "Missions", "Outfitting", "CrewLounge", "Rearm", "Refuel", "Repair", "Shipyard", "Tuning", "MissionsGenerated", "FlightController", "StationOperations", "Powerplay", "SearchAndRescue" ], "StationEconomy":"$economy_HighTech;", "StationEconomy_Localised":"High Tech", "DistFromStarLS":595.145813 }
{ "timestamp":"2017-10-07T11:45:02Z", "event":"Undocked", "StationName":"Poisson Orbital", "StationType":"Coriolis" }
{ "timestamp":"2017-10-07T11:45:04Z", "event":"Music", "MusicTrack":"Exploration" }
