{ "timestamp":"2017-10-15T01:01:25Z", "event":"Fileheader", "part":1, "language":"English\\UK", "gameversion":"2.4", "build":"r156431/r0 " }
{ "timestamp":"2017-10-15T01:01:25Z", "event":"Music", "MusicTrack":"NoTrack" }
{ "timestamp":"2017-10-15T01:01:25Z", "event":"Music", "MusicTrack":"MainMenu" }
{ "timestamp":"2017-10-15T01:02:18Z", "event":"Cargo", "Inventory":[  ] }
{ "timestamp":"2017-10-15T01:02:18Z", "event":"Loadout", "Ship":"CobraMkIII", "ShipID":1, "ShipName":"Kamaboko", "ShipIdent":"IG-C03", "Modules":[ { "Slot":"MediumHardpoint1", "Item":"Hpt_BeamLaser_Gimbal_Medium", "On":true, "Priority":0, "Health":1.000000, "Value":500600 }, { "Slot":"MediumHardpoint2", "Item":"Hpt_BeamLaser_Gimbal_Medium", "On":true, "Priority":0, "Health":1.000000, "Value":500600 }, { "Slot":"SmallHardpoint1", "Item":"Hpt_PulseLaser_Gimbal_Small", "On":true, "Priority":0, "Health":1.000000, "Value":6600 }, { "Slot":"SmallHardpoint2", "Item":"Hpt_PulseLaser_Gimbal_Small", "On":true, "Priority":0, "Health":1.000000, "Value":6600 }, { "Slot":"TinyHardpoint1", "Item":"Hpt_HeatSinkLauncher_Turret_Tiny", "On":true, "Priority":0, "AmmoInClip":1, "AmmoInHopper":2, "Health":1.000000, "Value":3500 }, { "Slot":"TinyHardpoint2", "Item":"Hpt_ChaffLauncher_Tiny", "On":true, "Priority":0, "AmmoInClip":1, "AmmoInHopper":10, "Health":1.000000, "Value":8500 }, { "Slot":"Armour", "Item":"CobraMkIII_Armour_Grade1", "On":true, "Priority":1, "Health":1.000000, "Value":0 }, { "Slot":"PowerPlant", "Item":"Int_Powerplant_Size4_Class4", "On":true, "Priority":1, "Health":1.000000, "Value":536693 }, { "Slot":"MainEngines", "Item":"Int_Engine_Size4_Class5", "On":true, "Priority":0, "Health":1.000000, "Value":1610080 }, { "Slot":"FrameShiftDrive", "Item":"Int_Hyperdrive_Size4_Class4", "On":true, "Priority":0, "Health":1.000000, "Value":536693 }, { "Slot":"LifeSupport", "Item":"Int_LifeSupport_Size3_Class5", "On":true, "Priority":0, "Health":1.000000, "Value":158331 }, { "Slot":"PowerDistributor", "Item":"Int_PowerDistributor_Size3_Class5", "On":true, "Priority":0, "Health":1.000000, "Value":158331 }, { "Slot":"Radar", "Item":"Int_Sensors_Size3_Class5", "On":true, "Priority":0, "Health":1.000000, "Value":158331 }, { "Slot":"FuelTank", "Item":"Int_FuelTank_Size4_Class3", "On":true, "Priority":1, "Health":1.000000, "Value":24734 }, { "Slot":"Slot01_Size4", "Item":"Int_ShieldGenerator_Size4_Class3", "On":true, "Priority":0, "Health":1.000000, "Value":178898 }, { "Slot":"Slot02_Size4", "Item":"Int_PassengerCabin_Size4_Class2", "On":true, "Priority":1, "AmmoInClip":6, "Health":1.000000, "Value":56862 }, { "Slot":"Slot03_Size4", "Item":"Int_PassengerCabin_Size4_Class2", "On":true, "Priority":1, "AmmoInClip":6, "Health":1.000000, "Value":56862 }, { "Slot":"Slot04_Size2", "Item":"Int_CargoRack_Size2_Class1", "On":true, "Priority":1, "Health":1.000000, "Value":3250 }, { "Slot":"Slot05_Size2", "Item":"Int_FuelScoop_Size2_Class4", "On":true, "Priority":0, "Health":1.000000, "Value":71211 }, { "Slot":"Slot06_Size2", "Item":"Int_StellarBodyDiscoveryScanner_Intermediate", "On":true, "Priority":1, "Health":1.000000, "Value":505000 }, { "Slot":"PlanetaryApproachSuite", "Item":"Int_PlanetApproachSuite", "On":true, "Priority":1, "Health":1.000000, "Value":500 }, { "Slot":"ShipCockpit", "Item":"CobraMkIII_Cockpit", "On":true, "Priority":1, "Health":1.000000, "Value":0 }, { "Slot":"CargoHatch", "Item":"ModularCargoBayDoor", "On":true, "Priority":2, "Health":1.000000, "Value":0 } ] }
{ "timestamp":"2017-10-15T01:02:18Z", "event":"Materials", "Raw":[ { "Name":"carbon", "Count":3 }, { "Name":"iron", "Count":3 } ], "Manufactured":[ { "Name":"mechanicalscrap", "Count":7 }, { "Name":"gridresistors", "Count":3 }, { "Name":"conductivecomponents", "Count":1 }, { "Name":"heatdispersionplate", "Count":6 }, { "Name":"salvagedalloys", "Count":6 }, { "Name":"hybridcapacitors", "Count":6 }, { "Name":"heatconductionwiring", "Count":3 } ], "Encoded":[ { "Name":"shieldsoakanalysis", "Count":3 }, { "Name":"disruptedwakeechoes", "Count":5 }, { "Name":"shieldcyclerecordings", "Count":3 }, { "Name":"emissiondata", "Count":3 }, { "Name":"bulkscandata", "Count":8 }, { "Name":"scrambledemissiondata", "Count":7 }, { "Name":"archivedemissiondata", "Count":3 }, { "Name":"shielddensityreports", "Count":6 } ] }
{ "timestamp":"2017-10-15T01:02:18Z", "event":"LoadGame", "Commander":"Igaguri", "Ship":"CobraMkIII", "ShipID":1, "ShipName":"Kamaboko", "ShipIdent":"IG-C03", "FuelLevel":16.000000, "FuelCapacity":16.000000, "GameMode":"Solo", "Credits":4592399, "Loan":0 }
{ "timestamp":"2017-10-15T01:02:18Z", "event":"Rank", "Combat":1, "Trade":4, "Explore":3, "Empire":0, "Federation":0, "CQC":0 }
{ "timestamp":"2017-10-15T01:02:18Z", "event":"Progress", "Combat":12, "Trade":1, "Explore":79, "Empire":0, "Federation":100, "CQC":0 }
{ "timestamp":"2017-10-15T01:02:28Z", "event":"Location", "Docked":true, "StationName":"New Dawn Station", "StationType":"Orbis", "StarSystem":"Ceos", "StarPos":[-348.656,13.875,-339.219], "SystemAllegiance":"Federation", "SystemEconomy":"$economy_Terraforming;", "SystemEconomy_Localised":"Terraforming", "SystemGovernment":"$government_Democracy;", "SystemGovernment_Localised":"Democracy", "SystemSecurity":"$SYSTEM_SECURITY_high;", "SystemSecurity_Localised":"High Security", "Population":100000, "Body":"New Dawn Station", "BodyType":"Station", "Factions":[ { "Name":"Sirius Corporation", "FactionState":"Boom", "Government":"Corporate", "Influence":0.189000, "Allegiance":"Independent" }, { "Name":"Liberate Ceos", "FactionState":"War", "Government":"Communism", "Influence":0.015000, "Allegiance":"Independent", "PendingStates":[ { "State":"Boom", "Trend":1 }, { "State":"Bust", "Trend":1 }, { "State":"Lockdown", "Trend":0 }, { "State":"Famine", "Trend":1 } ] }, { "Name":"Deep Space Clan", "FactionState":"War", "Government":"Anarchy", "Influence":0.015000, "Allegiance":"Independent", "PendingStates":[ { "State":"Boom", "Trend":1 }, { "State":"Bust", "Trend":1 }, { "State":"Lockdown", "Trend":1 }, { "State":"Famine", "Trend":1 } ] }, { "Name":"Pilots Federation Local Branch", "FactionState":"None", "Government":"Democracy", "Influence":0.000000, "Allegiance":"PilotsFederation" }, { "Name":"Federation Unite!", "FactionState":"Investment", "Government":"Democracy", "Influence":0.781000, "Allegiance":"Federation", "PendingStates":[ { "State":"Boom", "Trend":1 }, { "State":"Bust", "Trend":1 } ], "RecoveringStates":[ { "State":"Expansion", "Trend":0 } ] } ], "SystemFaction":"Federation Unite!", "FactionState":"Investment" }
{ "timestamp":"2017-10-15T01:02:29Z", "event":"Music", "MusicTrack":"NoTrack" }
{ "timestamp":"2017-10-15T01:02:29Z", "event":"Docked", "StationName":"New Dawn Station", "StationType":"Orbis", "StarSystem":"Ceos", "StationFaction":"Federation Unite!", "FactionState":"Investment", "StationGovernment":"$government_Democracy;", "StationGovernment_Localised":"Democracy", "StationAllegiance":"Federation", "StationServices":[ "Dock", "Autodock", "BlackMarket", "Commodities", "Contacts", "Exploration", "Missions", "Outfitting", "CrewLounge", "Rearm", "Refuel", "Repair", "Shipyard", "Tuning", "MissionsGenerated", "FlightController", "StationOperations", "Powerplay", "SearchAndRescue" ], "StationEconomy":"$economy_Terraforming;", "StationEconomy_Localised":"Terraforming", "DistFromStarLS":560.866028 }
{ "timestamp":"2017-10-15T01:02:29Z", "event":"Music", "MusicTrack":"Starport" }
{ "timestamp":"2017-10-15T01:02:53Z", "event":"MissionAccepted", "Faction":"Federation Unite!", "Name":"Mission_Sightseeing", "LocalisedName":"Ani Diaz seeks sightseeing adventure", "Commodity":"$Clothing_Name;", "Commodity_Localised":"Clothing", "Count":1, "DestinationSystem":"Sothis", "Expiry":"2017-10-15T13:45:34Z", "Influence":"Low", "Reputation":"Med", "Reward":464000, "PassengerCount":6, "PassengerVIPs":true, "PassengerWanted":false, "PassengerType":"Tourist", "MissionID":227174517 }
{ "timestamp":"2017-10-15T01:03:04Z", "event":"MissionAccepted", "Faction":"Federation Unite!", "Name":"Mission_Sightseeing", "LocalisedName":"Sydnee Jarvis seeks sightseeing adventure", "Commodity":"$DomesticAppliances_Name;", "Commodity_Localised":"Domestic Appliances", "Count":1, "DestinationSystem":"Sothis", "Expiry":"2017-10-15T16:13:15Z", "Influence":"Low", "Reputation":"Med", "Reward":464000, "PassengerCount":6, "PassengerVIPs":true, "PassengerWanted":false, "PassengerType":"Tourist", "MissionID":227174632 }
{ "timestamp":"2017-10-15T01:03:21Z", "event":"Music", "MusicTrack":"GalaxyMap" }
{ "timestamp":"2017-10-15T01:03:26Z", "event":"Music", "MusicTrack":"Starport" }
{ "timestamp":"2017-10-15T01:03:34Z", "event":"Undocked", "StationName":"New Dawn Station", "StationType":"Orbis" }
{ "timestamp":"2017-10-15T01:04:07Z", "event":"Music", "MusicTrack":"NoTrack" }
{ "timestamp":"2017-10-15T01:04:41Z", "event":"StartJump", "JumpType":"Hyperspace", "StarSystem":"Sothis", "StarClass":"F" }
{ "timestamp":"2017-10-15T01:04:42Z", "event":"ReceiveText", "From":"New Dawn Station", "Message":"$STATION_NoFireZone_exited;", "Message_Localised":"No fire zone left.", "Channel":"npc" }
{ "timestamp":"2017-10-15T01:05:00Z", "event":"FSDJump", "StarSystem":"Sothis", "StarPos":[-352.781,10.500,-346.344], "SystemAllegiance":"Federation", "SystemEconomy":"$economy_Terraforming;", "SystemEconomy_Localised":"Terraforming", "SystemGovernment":"$government_Democracy;", "SystemGovernment_Localised":"Democracy", "SystemSecurity":"$SYSTEM_SECURITY_high;", "SystemSecurity_Localised":"High Security", "Population":100000, "JumpDist":8.898, "FuelUsed":0.598380, "FuelLevel":15.401620, "Factions":[ { "Name":"Sirius Corporation", "FactionState":"Boom", "Government":"Corporate", "Influence":0.171968, "Allegiance":"Independent" }, { "Name":"Liberate Ceos", "FactionState":"None", "Government":"Communism", "Influence":0.009940, "Allegiance":"Independent", "PendingStates":[ { "State":"Boom", "Trend":1 }, { "State":"Bust", "Trend":1 }, { "State":"Lockdown", "Trend":0 }, { "State":"Famine", "Trend":1 } ] }, { "Name":"Deep Space Clan", "FactionState":"None", "Government":"Anarchy", "Influence":0.009940, "Allegiance":"Independent", "PendingStates":[ { "State":"Boom", "Trend":1 }, { "State":"Bust", "Trend":1 }, { "State":"Lockdown", "Trend":1 }, { "State":"Famine", "Trend":1 } ] }, { "Name":"Pilots Federation Local Branch", "FactionState":"None", "Government":"Democracy", "Influence":0.000000, "Allegiance":"PilotsFederation" }, { "Name":"Federation Unite!", "FactionState":"Investment", "Government":"Democracy", "Influence":0.808151, "Allegiance":"Federation", "PendingStates":[ { "State":"Boom", "Trend":1 }, { "State":"Bust", "Trend":1 } ], "RecoveringStates":[ { "State":"Expansion", "Trend":0 } ] } ], "SystemFaction":"Federation Unite!", "FactionState":"Investment" }
{ "timestamp":"2017-10-15T01:05:00Z", "event":"Music", "MusicTrack":"DestinationFromHyperspace" }
{ "timestamp":"2017-10-15T01:05:05Z", "event":"Music", "MusicTrack":"Supercruise" }
{ "timestamp":"2017-10-15T01:07:53Z", "event":"SupercruiseExit", "StarSystem":"Sothis", "Body":"Sothis A 5", "BodyType":"Planet" }
{ "timestamp":"2017-10-15T01:07:53Z", "event":"Music", "MusicTrack":"Exploration" }
{ "timestamp":"2017-10-15T01:08:06Z", "event":"MissionRedirected", "MissionID":227174517, "Name":"Mission_Sightseeing_name", "NewDestinationStation":"New Dawn Station", "NewDestinationSystem":"Ceos", "OldDestinationStation":"", "OldDestinationSystem":"Sothis" }
{ "timestamp":"2017-10-15T01:08:06Z", "event":"MissionRedirected", "MissionID":227174632, "Name":"Mission_Sightseeing_name", "NewDestinationStation":"New Dawn Station", "NewDestinationSystem":"Ceos", "OldDestinationStation":"", "OldDestinationSystem":"Sothis" }
{ "timestamp":"2017-10-15T01:08:09Z", "event":"Music", "MusicTrack":"GalaxyMap" }
{ "timestamp":"2017-10-15T01:08:14Z", "event":"Music", "MusicTrack":"Exploration" }
{ "timestamp":"2017-10-15T01:08:32Z", "event":"StartJump", "JumpType":"Hyperspace", "StarSystem":"Ceos", "StarClass":"F" }
{ "timestamp":"2017-10-15T01:08:37Z", "event":"Music", "MusicTrack":"NoTrack" }
{ "timestamp":"2017-10-15T01:08:50Z", "event":"FSDJump", "StarSystem":"Ceos", "StarPos":[-348.656,13.875,-339.219], "SystemAllegiance":"Federation", "SystemEconomy":"$economy_Terraforming;", "SystemEconomy_Localised":"Terraforming", "SystemGovernment":"$government_Democracy;", "SystemGovernment_Localised":"Democracy", "SystemSecurity":"$SYSTEM_SECURITY_high;", "SystemSecurity_Localised":"High Security", "Population":100000, "JumpDist":8.898, "FuelUsed":0.595560, "FuelLevel":14.806060, "Factions":[ { "Name":"Sirius Corporation", "FactionState":"Boom", "Government":"Corporate", "Influence":0.189000, "Allegiance":"Independent" }, { "Name":"Liberate Ceos", "FactionState":"War", "Government":"Communism", "Influence":0.015000, "Allegiance":"Independent", "PendingStates":[ { "State":"Boom", "Trend":1 }, { "State":"Bust", "Trend":1 }, { "State":"Lockdown", "Trend":0 }, { "State":"Famine", "Trend":1 } ] }, { "Name":"Deep Space Clan", "FactionState":"War", "Government":"Anarchy", "Influence":0.015000, "Allegiance":"Independent", "PendingStates":[ { "State":"Boom", "Trend":1 }, { "State":"Bust", "Trend":1 }, { "State":"Lockdown", "Trend":1 }, { "State":"Famine", "Trend":1 } ] }, { "Name":"Pilots Federation Local Branch", "FactionState":"None", "Government":"Democracy", "Influence":0.000000, "Allegiance":"PilotsFederation" }, { "Name":"Federation Unite!", "FactionState":"Investment", "Government":"Democracy", "Influence":0.781000, "Allegiance":"Federation", "PendingStates":[ { "State":"Boom", "Trend":1 }, { "State":"Bust", "Trend":1 } ], "RecoveringStates":[ { "State":"Expansion", "Trend":0 } ] } ], "SystemFaction":"Federation Unite!", "FactionState":"Investment" }
{ "timestamp":"2017-10-15T01:08:50Z", "event":"Music", "MusicTrack":"Supercruise" }
{ "timestamp":"2017-10-15T01:10:50Z", "event":"SupercruiseExit", "StarSystem":"Ceos", "Body":"New Dawn Station", "BodyType":"Station" }
{ "timestamp":"2017-10-15T01:10:50Z", "event":"Music", "MusicTrack":"DestinationFromSupercruise" }
{ "timestamp":"2017-10-15T01:10:51Z", "event":"ReceiveText", "From":"New Dawn Station", "Message":"$STATION_NoFireZone_entered;", "Message_Localised":"No fire zone entered.", "Channel":"npc" }
{ "timestamp":"2017-10-15T01:10:55Z", "event":"Music", "MusicTrack":"NoTrack" }
{ "timestamp":"2017-10-15T01:11:00Z", "event":"DockingRequested", "StationName":"New Dawn Station" }
{ "timestamp":"2017-10-15T01:11:00Z", "event":"ReceiveText", "From":"New Dawn Station", "Message":"$DockingChatter_Friendly;", "Message_Localised":"It's great to see you again, Commander.", "Channel":"npc" }
{ "timestamp":"2017-10-15T01:11:02Z", "event":"ReceiveText", "From":"New Dawn Station", "Message":"$STATION_docking_granted;", "Message_Localised":"Docking request granted.", "Channel":"npc" }
{ "timestamp":"2017-10-15T01:11:02Z", "event":"DockingGranted", "LandingPad":31, "StationName":"New Dawn Station" }
{ "timestamp":"2017-10-15T01:11:29Z", "event":"Music", "MusicTrack":"Starport" }
{ "timestamp":"2017-10-15T01:11:56Z", "event":"Docked", "StationName":"New Dawn Station", "StationType":"Orbis", "StarSystem":"Ceos", "StationFaction":"Federation Unite!", "FactionState":"Investment", "StationGovernment":"$government_Democracy;", "StationGovernment_Localised":"Democracy", "StationAllegiance":"Federation", "StationServices":[ "Dock", "Autodock", "BlackMarket", "Commodities", "Contacts", "Exploration", "Missions", "Outfitting", "CrewLounge", "Rearm", "Refuel", "Repair", "Shipyard", "Tuning", "MissionsGenerated", "FlightController", "StationOperations", "Powerplay", "SearchAndRescue" ], "StationEconomy":"$economy_Terraforming;", "StationEconomy_Localised":"Terraforming", "DistFromStarLS":560.863708 }
{ "timestamp":"2017-10-15T01:12:13Z", "event":"MissionCompleted", "Faction":"Federation Unite!", "Name":"Mission_Sightseeing_name", "MissionID":227174517, "Commodity":"$Clothing_Name;", "Commodity_Localised":"Clothing", "Count":1, "DestinationSystem":"Sothis", "Reward":464000 }
{ "timestamp":"2017-10-15T01:12:20Z", "event":"MissionCompleted", "Faction":"Federation Unite!", "Name":"Mission_Sightseeing_name", "MissionID":227174632, "Commodity":"$DomesticAppliances_Name;", "Commodity_Localised":"Domestic Appliances", "Count":1, "DestinationSystem":"Sothis", "Reward":464000 }
{ "timestamp":"2017-10-15T01:14:27Z", "event":"MissionAccepted", "Faction":"Federation Unite!", "Name":"Mission_Sightseeing", "LocalisedName":"Bryce Mathews seeks sightseeing adventure", "Commodity":"$ConsumerTechnology_Name;", "Commodity_Localised":"Consumer Technology", "Count":3, "DestinationSystem":"Sothis", "Expiry":"2017-10-15T18:13:11Z", "Influence":"Low", "Reputation":"Med", "Reward":315672, "PassengerCount":5, "PassengerVIPs":true, "PassengerWanted":false, "PassengerType":"Tourist", "MissionID":227180283 }
{ "timestamp":"2017-10-15T01:14:35Z", "event":"MissionAccepted", "Faction":"Federation Unite!", "Name":"Mission_Sightseeing", "LocalisedName":"Charlee Dunn seeks sightseeing adventure", "Commodity":"$DomesticAppliances_Name;", "Commodity_Localised":"Domestic Appliances", "Count":3, "DestinationSystem":"Sothis", "Expiry":"2017-10-15T14:22:18Z", "Influence":"Low", "Reputation":"Med", "Reward":315672, "PassengerCount":5, "PassengerVIPs":true, "PassengerWanted":false, "PassengerType":"Tourist", "MissionID":227180361 }
{ "timestamp":"2017-10-15T01:14:41Z", "event":"RefuelAll", "Cost":69, "Amount":1.363225 }
{ "timestamp":"2017-10-15T01:15:48Z", "event":"Music", "MusicTrack":"GalaxyMap" }
{ "timestamp":"2017-10-15T01:15:52Z", "event":"Music", "MusicTrack":"Starport" }
{ "timestamp":"2017-10-15T01:16:02Z", "event":"Undocked", "StationName":"New Dawn Station", "StationType":"Orbis" }
{ "timestamp":"2017-10-15T01:16:29Z", "event":"Music", "MusicTrack":"NoTrack" }
{ "timestamp":"2017-10-15T01:17:03Z", "event":"ReceiveText", "From":"New Dawn Station", "Message":"$STATION_NoFireZone_exited;", "Message_Localised":"No fire zone left.", "Channel":"npc" }
{ "timestamp":"2017-10-15T01:17:04Z", "event":"StartJump", "JumpType":"Hyperspace", "StarSystem":"Sothis", "StarClass":"F" }
{ "timestamp":"2017-10-15T01:17:22Z", "event":"FSDJump", "StarSystem":"Sothis", "StarPos":[-352.781,10.500,-346.344], "SystemAllegiance":"Federation", "SystemEconomy":"$economy_Terraforming;", "SystemEconomy_Localised":"Terraforming", "SystemGovernment":"$government_Democracy;", "SystemGovernment_Localised":"Democracy", "SystemSecurity":"$SYSTEM_SECURITY_high;", "SystemSecurity_Localised":"High Security", "Population":100000, "JumpDist":8.898, "FuelUsed":0.598380, "FuelLevel":15.401620, "Factions":[ { "Name":"Sirius Corporation", "FactionState":"Boom", "Government":"Corporate", "Influence":0.171968, "Allegiance":"Independent" }, { "Name":"Liberate Ceos", "FactionState":"None", "Government":"Communism", "Influence":0.009940, "Allegiance":"Independent", "PendingStates":[ { "State":"Boom", "Trend":1 }, { "State":"Bust", "Trend":1 }, { "State":"Lockdown", "Trend":0 }, { "State":"Famine", "Trend":1 } ] }, { "Name":"Deep Space Clan", "FactionState":"None", "Government":"Anarchy", "Influence":0.009940, "Allegiance":"Independent", "PendingStates":[ { "State":"Boom", "Trend":1 }, { "State":"Bust", "Trend":1 }, { "State":"Lockdown", "Trend":1 }, { "State":"Famine", "Trend":1 } ] }, { "Name":"Pilots Federation Local Branch", "FactionState":"None", "Government":"Democracy", "Influence":0.000000, "Allegiance":"PilotsFederation" }, { "Name":"Federation Unite!", "FactionState":"Investment", "Government":"Democracy", "Influence":0.808151, "Allegiance":"Federation", "PendingStates":[ { "State":"Boom", "Trend":1 }, { "State":"Bust", "Trend":1 } ], "RecoveringStates":[ { "State":"Expansion", "Trend":0 } ] } ], "SystemFaction":"Federation Unite!", "FactionState":"Investment" }
{ "timestamp":"2017-10-15T01:17:22Z", "event":"Music", "MusicTrack":"Supercruise" }
{ "timestamp":"2017-10-15T01:20:15Z", "event":"SupercruiseExit", "StarSystem":"Sothis", "Body":"Sothis A 5", "BodyType":"Planet" }
{ "timestamp":"2017-10-15T01:20:15Z", "event":"Music", "MusicTrack":"Exploration" }
{ "timestamp":"2017-10-15T01:20:28Z", "event":"MissionRedirected", "MissionID":227180283, "Name":"Mission_Sightseeing_name", "NewDestinationStation":"New Dawn Station", "NewDestinationSystem":"Ceos", "OldDestinationStation":"", "OldDestinationSystem":"Sothis" }
{ "timestamp":"2017-10-15T01:20:28Z", "event":"MissionRedirected", "MissionID":227180361, "Name":"Mission_Sightseeing_name", "NewDestinationStation":"New Dawn Station", "NewDestinationSystem":"Ceos", "OldDestinationStation":"", "OldDestinationSystem":"Sothis" }
{ "timestamp":"2017-10-15T01:20:30Z", "event":"Music", "MusicTrack":"GalaxyMap" }
{ "timestamp":"2017-10-15T01:20:33Z", "event":"Music", "MusicTrack":"Exploration" }
{ "timestamp":"2017-10-15T01:20:51Z", "event":"StartJump", "JumpType":"Hyperspace", "StarSystem":"Ceos", "StarClass":"F" }
{ "timestamp":"2017-10-15T01:20:56Z", "event":"Music", "MusicTrack":"NoTrack" }
{ "timestamp":"2017-10-15T01:21:10Z", "event":"FSDJump", "StarSystem":"Ceos", "StarPos":[-348.656,13.875,-339.219], "SystemAllegiance":"Federation", "SystemEconomy":"$economy_Terraforming;", "SystemEconomy_Localised":"Terraforming", "SystemGovernment":"$government_Democracy;", "SystemGovernment_Localised":"Democracy", "SystemSecurity":"$SYSTEM_SECURITY_high;", "SystemSecurity_Localised":"High Security", "Population":100000, "JumpDist":8.898, "FuelUsed":0.595560, "FuelLevel":14.806060, "Factions":[ { "Name":"Sirius Corporation", "FactionState":"Boom", "Government":"Corporate", "Influence":0.189000, "Allegiance":"Independent" }, { "Name":"Liberate Ceos", "FactionState":"War", "Government":"Communism", "Influence":0.015000, "Allegiance":"Independent", "PendingStates":[ { "State":"Boom", "Trend":1 }, { "State":"Bust", "Trend":1 }, { "State":"Lockdown", "Trend":0 }, { "State":"Famine", "Trend":1 } ] }, { "Name":"Deep Space Clan", "FactionState":"War", "Government":"Anarchy", "Influence":0.015000, "Allegiance":"Independent", "PendingStates":[ { "State":"Boom", "Trend":1 }, { "State":"Bust", "Trend":1 }, { "State":"Lockdown", "Trend":1 }, { "State":"Famine", "Trend":1 } ] }, { "Name":"Pilots Federation Local Branch", "FactionState":"None", "Government":"Democracy", "Influence":0.000000, "Allegiance":"PilotsFederation" }, { "Name":"Federation Unite!", "FactionState":"Investment", "Government":"Democracy", "Influence":0.781000, "Allegiance":"Federation", "PendingStates":[ { "State":"Boom", "Trend":1 }, { "State":"Bust", "Trend":1 } ], "RecoveringStates":[ { "State":"Expansion", "Trend":0 } ] } ], "SystemFaction":"Federation Unite!", "FactionState":"Investment" }
{ "timestamp":"2017-10-15T01:21:10Z", "event":"Music", "MusicTrack":"Supercruise" }
{ "timestamp":"2017-10-15T01:23:15Z", "event":"SupercruiseExit", "StarSystem":"Ceos", "Body":"New Dawn Station", "BodyType":"Station" }
{ "timestamp":"2017-10-15T01:23:15Z", "event":"Music", "MusicTrack":"DestinationFromSupercruise" }
{ "timestamp":"2017-10-15T01:23:16Z", "event":"ReceiveText", "From":"New Dawn Station", "Message":"$STATION_NoFireZone_entered;", "Message_Localised":"No fire zone entered.", "Channel":"npc" }
{ "timestamp":"2017-10-15T01:23:20Z", "event":"Music", "MusicTrack":"NoTrack" }
{ "timestamp":"2017-10-15T01:23:25Z", "event":"DockingRequested", "StationName":"New Dawn Station" }
{ "timestamp":"2017-10-15T01:23:25Z", "event":"ReceiveText", "From":"New Dawn Station", "Message":"$DockingChatter_Friendly;", "Message_Localised":"It's great to see you again, Commander.", "Channel":"npc" }
{ "timestamp":"2017-10-15T01:23:27Z", "event":"ReceiveText", "From":"New Dawn Station", "Message":"$STATION_docking_granted;", "Message_Localised":"Docking request granted.", "Channel":"npc" }
{ "timestamp":"2017-10-15T01:23:27Z", "event":"DockingGranted", "LandingPad":28, "StationName":"New Dawn Station" }
{ "timestamp":"2017-10-15T01:24:05Z", "event":"Music", "MusicTrack":"Starport" }
{ "timestamp":"2017-10-15T01:24:31Z", "event":"Docked", "StationName":"New Dawn Station", "StationType":"Orbis", "StarSystem":"Ceos", "StationFaction":"Federation Unite!", "FactionState":"Investment", "StationGovernment":"$government_Democracy;", "StationGovernment_Localised":"Democracy", "StationAllegiance":"Federation", "StationServices":[ "Dock", "Autodock", "BlackMarket", "Commodities", "Contacts", "Exploration", "Missions", "Outfitting", "CrewLounge", "Rearm", "Refuel", "Repair", "Shipyard", "Tuning", "MissionsGenerated", "FlightController", "StationOperations", "Powerplay", "SearchAndRescue" ], "StationEconomy":"$economy_Terraforming;", "StationEconomy_Localised":"Terraforming", "DistFromStarLS":560.860535 }
{ "timestamp":"2017-10-15T01:24:48Z", "event":"MissionCompleted", "Faction":"Federation Unite!", "Name":"Mission_Sightseeing_name", "MissionID":227180361, "Commodity":"$DomesticAppliances_Name;", "Commodity_Localised":"Domestic Appliances", "Count":3, "DestinationSystem":"Sothis", "Reward":315672, "CommodityReward":[ { "Name":"ModularTerminals", "Count":4 } ] }
{ "timestamp":"2017-10-15T01:24:48Z", "event":"MaterialCollected", "Category":"Encoded", "Name":"bulkscandata", "Count":1 }
{ "timestamp":"2017-10-15T01:25:29Z", "event":"MarketSell", "Type":"modularterminals", "Count":4, "SellPrice":1084, "TotalSale":4336, "AvgPricePaid":0 }
{ "timestamp":"2017-10-15T01:25:40Z", "event":"MissionCompleted", "Faction":"Federation Unite!", "Name":"Mission_Sightseeing_name", "MissionID":227180283, "Commodity":"$ConsumerTechnology_Name;", "Commodity_Localised":"Consumer Technology", "Count":3, "DestinationSystem":"Sothis", "Reward":315672, "CommodityReward":[ { "Name":"ModularTerminals", "Count":4 } ] }
{ "timestamp":"2017-10-15T01:25:40Z", "event":"MaterialDiscovered", "Category":"Encoded", "Name":"legacyfirmware", "DiscoveryNumber":9 }
{ "timestamp":"2017-10-15T01:25:40Z", "event":"MaterialCollected", "Category":"Encoded", "Name":"legacyfirmware", "Count":1 }
{ "timestamp":"2017-10-15T01:26:05Z", "event":"MarketSell", "Type":"modularterminals", "Count":4, "SellPrice":1084, "TotalSale":4336, "AvgPricePaid":0 }
{ "timestamp":"2017-10-15T01:26:23Z", "event":"MissionAccepted", "Faction":"Federation Unite!", "Name":"Mission_Courier_Democracy", "LocalisedName":"Internal report delivery", "TargetFaction":"Sirius Corporation", "DestinationSystem":"Sothis", "DestinationStation":"Sothis Mining", "Expiry":"2017-10-16T00:45:05Z", "Influence":"Low", "Reputation":"Med", "MissionID":227185831 }
{ "timestamp":"2017-10-15T01:26:26Z", "event":"MissionAccepted", "Faction":"Federation Unite!", "Name":"Mission_Courier_Democracy", "LocalisedName":"Internal report delivery", "TargetFaction":"Liberate Ceos", "DestinationSystem":"Sothis", "DestinationStation":"Sothis Mining", "Expiry":"2017-10-16T00:30:31Z", "Influence":"Low", "Reputation":"Med", "Reward":56364, "MissionID":227185856 }
{ "timestamp":"2017-10-15T01:26:29Z", "event":"MissionAccepted", "Faction":"Federation Unite!", "Name":"Mission_Courier_RankFed", "LocalisedName":"Federal Navy courier job available", "DestinationSystem":"Sothis", "DestinationStation":"Sothis Mining", "Expiry":"2017-10-16T00:45:05Z", "Influence":"Low", "Reputation":"Med", "Reward":40260, "MissionID":227185872 }
{ "timestamp":"2017-10-15T01:26:33Z", "event":"MissionAccepted", "Faction":"Federation Unite!", "Name":"Mission_Courier_Democracy", "LocalisedName":"Internal report delivery", "TargetFaction":"Deep Space Clan", "DestinationSystem":"Sothis", "DestinationStation":"Sothis Mining", "Expiry":"2017-10-16T01:18:04Z", "Influence":"Low", "Reputation":"Med", "Reward":24156, "MissionID":227185898 }
{ "timestamp":"2017-10-15T01:26:38Z", "event":"MissionAccepted", "Faction":"Federation Unite!", "Name":"Mission_Courier_Democracy", "LocalisedName":"Internal report delivery", "TargetFaction":"Sirius Corporation", "DestinationSystem":"Sothis", "DestinationStation":"Newholm Station", "Expiry":"2017-10-16T01:18:04Z", "Influence":"Low", "Reputation":"Med", "Reward":37390, "MissionID":227185921 }
{ "timestamp":"2017-10-15T01:26:42Z", "event":"MissionAccepted", "Faction":"Federation Unite!", "Name":"Mission_Courier_Democracy", "LocalisedName":"Internal report delivery", "TargetFaction":"Federation Unite!", "DestinationSystem":"Sothis", "DestinationStation":"Sothis Mining", "Expiry":"2017-10-16T00:45:05Z", "Influence":"Low", "Reputation":"Med", "Reward":56364, "MissionID":227185956 }
{ "timestamp":"2017-10-15T01:27:05Z", "event":"RefuelAll", "Cost":69, "Amount":1.366426 }
{ "timestamp":"2017-10-15T01:29:56Z", "event":"Music", "MusicTrack":"GalaxyMap" }
{ "timestamp":"2017-10-15T01:30:00Z", "event":"Music", "MusicTrack":"SystemMap" }
{ "timestamp":"2017-10-15T01:31:32Z", "event":"Music", "MusicTrack":"Starport" }
{ "timestamp":"2017-10-15T01:31:50Z", "event":"Undocked", "StationName":"New Dawn Station", "StationType":"Orbis" }
{ "timestamp":"2017-10-15T01:32:21Z", "event":"Music", "MusicTrack":"NoTrack" }
{ "timestamp":"2017-10-15T01:33:02Z", "event":"ReceiveText", "From":"New Dawn Station", "Message":"$STATION_NoFireZone_exited;", "Message_Localised":"No fire zone left.", "Channel":"npc" }
{ "timestamp":"2017-10-15T01:33:49Z", "event":"StartJump", "JumpType":"Hyperspace", "StarSystem":"Sothis", "StarClass":"F" }
{ "timestamp":"2017-10-15T01:34:07Z", "event":"FSDJump", "StarSystem":"Sothis", "StarPos":[-352.781,10.500,-346.344], "SystemAllegiance":"Federation", "SystemEconomy":"$economy_Terraforming;", "SystemEconomy_Localised":"Terraforming", "SystemGovernment":"$government_Democracy;", "SystemGovernment_Localised":"Democracy", "SystemSecurity":"$SYSTEM_SECURITY_high;", "SystemSecurity_Localised":"High Security", "Population":100000, "JumpDist":8.898, "FuelUsed":0.598380, "FuelLevel":15.401620, "Factions":[ { "Name":"Sirius Corporation", "FactionState":"Boom", "Government":"Corporate", "Influence":0.171968, "Allegiance":"Independent" }, { "Name":"Liberate Ceos", "FactionState":"None", "Government":"Communism", "Influence":0.009940, "Allegiance":"Independent", "PendingStates":[ { "State":"Boom", "Trend":1 }, { "State":"Bust", "Trend":1 }, { "State":"Lockdown", "Trend":0 }, { "State":"Famine", "Trend":1 } ] }, { "Name":"Deep Space Clan", "FactionState":"None", "Government":"Anarchy", "Influence":0.009940, "Allegiance":"Independent", "PendingStates":[ { "State":"Boom", "Trend":1 }, { "State":"Bust", "Trend":1 }, { "State":"Lockdown", "Trend":1 }, { "State":"Famine", "Trend":1 } ] }, { "Name":"Pilots Federation Local Branch", "FactionState":"None", "Government":"Democracy", "Influence":0.000000, "Allegiance":"PilotsFederation" }, { "Name":"Federation Unite!", "FactionState":"Investment", "Government":"Democracy", "Influence":0.808151, "Allegiance":"Federation", "PendingStates":[ { "State":"Boom", "Trend":1 }, { "State":"Bust", "Trend":1 } ], "RecoveringStates":[ { "State":"Expansion", "Trend":0 } ] } ], "SystemFaction":"Federation Unite!", "FactionState":"Investment" }
{ "timestamp":"2017-10-15T01:34:08Z", "event":"Music", "MusicTrack":"Supercruise" }
{ "timestamp":"2017-10-15T01:36:30Z", "event":"SupercruiseExit", "StarSystem":"Sothis", "Body":"Newholm Station", "BodyType":"Station" }
{ "timestamp":"2017-10-15T01:36:31Z", "event":"Music", "MusicTrack":"DestinationFromSupercruise" }
{ "timestamp":"2017-10-15T01:36:32Z", "event":"ReceiveText", "From":"Newholm Station", "Message":"$STATION_NoFireZone_entered;", "Message_Localised":"No fire zone entered.", "Channel":"npc" }
{ "timestamp":"2017-10-15T01:36:36Z", "event":"Music", "MusicTrack":"NoTrack" }
{ "timestamp":"2017-10-15T01:36:41Z", "event":"DockingRequested", "StationName":"Newholm Station" }
{ "timestamp":"2017-10-15T01:36:41Z", "event":"ReceiveText", "From":"Newholm Station", "Message":"$DockingChatter_Allied;", "Message_Localised":"An ally like you is always welcome here.", "Channel":"npc" }
{ "timestamp":"2017-10-15T01:36:44Z", "event":"ReceiveText", "From":"Newholm Station", "Message":"$STATION_docking_granted;", "Message_Localised":"Docking request granted.", "Channel":"npc" }
{ "timestamp":"2017-10-15T01:36:44Z", "event":"DockingGranted", "LandingPad":28, "StationName":"Newholm Station" }
{ "timestamp":"2017-10-15T01:37:06Z", "event":"Music", "MusicTrack":"Starport" }
{ "timestamp":"2017-10-15T01:37:31Z", "event":"Docked", "StationName":"Newholm Station", "StationType":"Orbis", "StarSystem":"Sothis", "StationFaction":"Federation Unite!", "FactionState":"Investment", "StationGovernment":"$government_Democracy;", "StationGovernment_Localised":"Democracy", "StationAllegiance":"Federation", "StationServices":[ "Dock", "Autodock", "BlackMarket", "Commodities", "Contacts", "Exploration", "Missions", "Outfitting", "CrewLounge", "Rearm", "Refuel", "Repair", "Shipyard", "Tuning", "MissionsGenerated", "FlightController", "StationOperations", "Powerplay", "SearchAndRescue" ], "StationEconomy":"$economy_Terraforming;", "StationEconomy_Localised":"Terraforming", "DistFromStarLS":1602.871094 }
{ "timestamp":"2017-10-15T01:38:14Z", "event":"RefuelAll", "Cost":36, "Amount":0.704071 }
{ "timestamp":"2017-10-15T01:38:24Z", "event":"MissionCompleted", "Faction":"Sirius Corporation", "Name":"Mission_Courier_Democracy_name", "MissionID":227185921, "TargetFaction":"Sirius Corporation", "DestinationSystem":"Sothis", "DestinationStation":"Newholm Station", "Reward":37390 }
{ "timestamp":"2017-10-15T01:38:42Z", "event":"MissionAccepted", "Faction":"Federation Unite!", "Name":"Mission_Courier_Democracy", "LocalisedName":"Internal report delivery", "TargetFaction":"Federation Unite!", "DestinationSystem":"Ceos", "DestinationStation":"New Dawn Station", "Expiry":"2017-10-16T00:56:27Z", "Influence":"Low", "Reputation":"Med", "Reward":42132, "MissionID":227191755 }
{ "timestamp":"2017-10-15T01:38:46Z", "event":"MissionAccepted", "Faction":"Federation Unite!", "Name":"Mission_Courier_RankFed", "LocalisedName":"Federal Navy courier job available", "DestinationSystem":"Ceos", "DestinationStation":"New Dawn Station", "Expiry":"2017-10-16T00:56:27Z", "Influence":"Low", "Reputation":"Med", "Reward":28088, "MissionID":227191780 }
{ "timestamp":"2017-10-15T01:38:49Z", "event":"MissionAccepted", "Faction":"Federation Unite!", "Name":"Mission_Courier_Democracy", "LocalisedName":"Internal report delivery", "TargetFaction":"Federation Unite!", "DestinationSystem":"Ceos", "DestinationStation":"New Dawn Station", "Expiry":"2017-10-16T01:37:51Z", "Influence":"Low", "Reputation":"Med", "Reward":42132, "MissionID":227191801 }
{ "timestamp":"2017-10-15T01:39:40Z", "event":"Music", "MusicTrack":"SystemMap" }
{ "timestamp":"2017-10-15T01:39:43Z", "event":"Music", "MusicTrack":"Starport" }
{ "timestamp":"2017-10-15T01:40:05Z", "event":"Undocked", "StationName":"Newholm Station", "StationType":"Orbis" }
{ "timestamp":"2017-10-15T01:40:36Z", "event":"Music", "MusicTrack":"NoTrack" }
{ "timestamp":"2017-10-15T01:41:19Z", "event":"StartJump", "JumpType":"Supercruise" }
{ "timestamp":"2017-10-15T01:41:24Z", "event":"SupercruiseEntry", "StarSystem":"Sothis" }
{ "timestamp":"2017-10-15T01:41:24Z", "event":"Music", "MusicTrack":"Supercruise" }
{ "timestamp":"2017-10-15T01:44:00Z", "event":"SupercruiseExit", "StarSystem":"Sothis", "Body":"Sothis Mining", "BodyType":"Station" }
{ "timestamp":"2017-10-15T01:44:01Z", "event":"Music", "MusicTrack":"DestinationFromSupercruise" }
{ "timestamp":"2017-10-15T01:44:06Z", "event":"Music", "MusicTrack":"Exploration" }
{ "timestamp":"2017-10-15T01:44:08Z", "event":"ReceiveText", "From":"Sothis Mining", "Message":"$STATION_NoFireZone_entered;", "Message_Localised":"No fire zone entered.", "Channel":"npc" }
{ "timestamp":"2017-10-15T01:44:14Z", "event":"DockingRequested", "StationName":"Sothis Mining" }
{ "timestamp":"2017-10-15T01:44:14Z", "event":"ReceiveText", "From":"Sothis Mining", "Message":"$DockingChatter_Allied;", "Message_Localised":"An ally like you is always welcome here.", "Channel":"npc" }
{ "timestamp":"2017-10-15T01:44:15Z", "event":"ReceiveText", "From":"Sothis Mining", "Message":"$STATION_docking_granted;", "Message_Localised":"Docking request granted.", "Channel":"npc" }
{ "timestamp":"2017-10-15T01:44:15Z", "event":"DockingGranted", "LandingPad":4, "StationName":"Sothis Mining" }
{ "timestamp":"2017-10-15T01:45:29Z", "event":"Docked", "StationName":"Sothis Mining", "StationType":"Outpost", "StarSystem":"Sothis", "StationFaction":"Federation Unite!", "FactionState":"Investment", "StationGovernment":"$government_Democracy;", "StationGovernment_Localised":"Democracy", "StationAllegiance":"Federation", "StationServices":[ "Dock", "Autodock", "BlackMarket", "Commodities", "Contacts", "Exploration", "Missions", "Rearm", "Refuel", "Repair", "Tuning", "MissionsGenerated", "FlightController", "StationOperations", "Powerplay", "SearchAndRescue" ], "StationEconomy":"$economy_Extraction;", "StationEconomy_Localised":"Extraction", "DistFromStarLS":3144.874268 }
{ "timestamp":"2017-10-15T01:45:54Z", "event":"MissionCompleted", "Faction":"Federation Unite!", "Name":"Mission_Courier_Democracy_name", "MissionID":227185956, "TargetFaction":"Federation Unite!", "DestinationSystem":"Sothis", "DestinationStation":"Sothis Mining", "Reward":131364 }
{ "timestamp":"2017-10-15T01:46:03Z", "event":"MissionCompleted", "Faction":"Sirius Corporation", "Name":"Mission_Courier_Democracy_name", "MissionID":227185831, "TargetFaction":"Sirius Corporation", "DestinationSystem":"Sothis", "DestinationStation":"Sothis Mining", "Reward":12500, "CommodityReward":[ { "Name":"NeofabricInsulation", "Count":3 } ] }
{ "timestamp":"2017-10-15T01:46:03Z", "event":"MaterialCollected", "Category":"Manufactured", "Name":"mechanicalscrap", "Count":1 }
{ "timestamp":"2017-10-15T01:46:10Z", "event":"Promotion", "Federation":1 }
{ "timestamp":"2017-10-15T01:46:10Z", "event":"MissionCompleted", "Faction":"Sirius Corporation", "Name":"Mission_Courier_RankFed_name", "MissionID":227185872, "DestinationSystem":"Sothis", "DestinationStation":"Sothis Mining", "Reward":90260 }
{ "timestamp":"2017-10-15T01:46:32Z", "event":"MarketSell", "Type":"neofabricinsulation", "Count":3, "SellPrice":3510, "TotalSale":10530, "AvgPricePaid":0 }
{ "timestamp":"2017-10-15T01:46:44Z", "event":"MissionCompleted", "Faction":"Liberate Ceos", "Name":"Mission_Courier_Democracy_name", "MissionID":227185856, "TargetFaction":"Liberate Ceos", "DestinationSystem":"Sothis", "DestinationStation":"Sothis Mining", "Reward":56364 }
{ "timestamp":"2017-10-15T01:46:52Z", "event":"MissionCompleted", "Faction":"Deep Space Clan", "Name":"Mission_Courier_Democracy_name", "MissionID":227185898, "TargetFaction":"Deep Space Clan", "DestinationSystem":"Sothis", "DestinationStation":"Sothis Mining", "Reward":24156 }
{ "timestamp":"2017-10-15T01:47:40Z", "event":"Music", "MusicTrack":"GalaxyMap" }
{ "timestamp":"2017-10-15T01:47:45Z", "event":"Music", "MusicTrack":"Exploration" }
{ "timestamp":"2017-10-15T01:48:03Z", "event":"Undocked", "StationName":"Sothis Mining", "StationType":"Outpost" }
{ "timestamp":"2017-10-15T01:48:34Z", "event":"ReceiveText", "From":"Sothis Mining", "Message":"$STATION_NoFireZone_exited;", "Message_Localised":"No fire zone left.", "Channel":"npc" }
{ "timestamp":"2017-10-15T01:48:43Z", "event":"StartJump", "JumpType":"Hyperspace", "StarSystem":"Ceos", "StarClass":"F" }
{ "timestamp":"2017-10-15T01:48:48Z", "event":"Music", "MusicTrack":"NoTrack" }
{ "timestamp":"2017-10-15T01:49:01Z", "event":"FSDJump", "StarSystem":"Ceos", "StarPos":[-348.656,13.875,-339.219], "SystemAllegiance":"Federation", "SystemEconomy":"$economy_Terraforming;", "SystemEconomy_Localised":"Terraforming", "SystemGovernment":"$government_Democracy;", "SystemGovernment_Localised":"Democracy", "SystemSecurity":"$SYSTEM_SECURITY_high;", "SystemSecurity_Localised":"High Security", "Population":100000, "JumpDist":8.898, "FuelUsed":0.598380, "FuelLevel":15.401620, "Factions":[ { "Name":"Sirius Corporation", "FactionState":"Boom", "Government":"Corporate", "Influence":0.189000, "Allegiance":"Independent" }, { "Name":"Liberate Ceos", "FactionState":"War", "Government":"Communism", "Influence":0.015000, "Allegiance":"Independent", "PendingStates":[ { "State":"Boom", "Trend":1 }, { "State":"Bust", "Trend":1 }, { "State":"Lockdown", "Trend":0 }, { "State":"Famine", "Trend":1 } ] }, { "Name":"Deep Space Clan", "FactionState":"War", "Government":"Anarchy", "Influence":0.015000, "Allegiance":"Independent", "PendingStates":[ { "State":"Boom", "Trend":1 }, { "State":"Bust", "Trend":1 }, { "State":"Lockdown", "Trend":1 }, { "State":"Famine", "Trend":1 } ] }, { "Name":"Pilots Federation Local Branch", "FactionState":"None", "Government":"Democracy", "Influence":0.000000, "Allegiance":"PilotsFederation" }, { "Name":"Federation Unite!", "FactionState":"Investment", "Government":"Democracy", "Influence":0.781000, "Allegiance":"Federation", "PendingStates":[ { "State":"Boom", "Trend":1 }, { "State":"Bust", "Trend":1 } ], "RecoveringStates":[ { "State":"Expansion", "Trend":0 } ] } ], "SystemFaction":"Federation Unite!", "FactionState":"Investment" }
{ "timestamp":"2017-10-15T01:49:01Z", "event":"Music", "MusicTrack":"Supercruise" }
{ "timestamp":"2017-10-15T01:50:59Z", "event":"SupercruiseExit", "StarSystem":"Ceos", "Body":"New Dawn Station", "BodyType":"Station" }
{ "timestamp":"2017-10-15T01:50:59Z", "event":"Music", "MusicTrack":"DestinationFromSupercruise" }
{ "timestamp":"2017-10-15T01:51:00Z", "event":"ReceiveText", "From":"New Dawn Station", "Message":"$STATION_NoFireZone_entered;", "Message_Localised":"No fire zone entered.", "Channel":"npc" }
{ "timestamp":"2017-10-15T01:51:04Z", "event":"Music", "MusicTrack":"NoTrack" }
{ "timestamp":"2017-10-15T01:51:11Z", "event":"DockingRequested", "StationName":"New Dawn Station" }
{ "timestamp":"2017-10-15T01:51:11Z", "event":"ReceiveText", "From":"New Dawn Station", "Message":"$DockingChatter_Allied;", "Message_Localised":"An ally like you is always welcome here.", "Channel":"npc" }
{ "timestamp":"2017-10-15T01:51:12Z", "event":"ReceiveText", "From":"New Dawn Station", "Message":"$STATION_docking_granted;", "Message_Localised":"Docking request granted.", "Channel":"npc" }
{ "timestamp":"2017-10-15T01:51:12Z", "event":"DockingGranted", "LandingPad":44, "StationName":"New Dawn Station" }
{ "timestamp":"2017-10-15T01:51:36Z", "event":"Music", "MusicTrack":"Starport" }
{ "timestamp":"2017-10-15T01:52:03Z", "event":"Docked", "StationName":"New Dawn Station", "StationType":"Orbis", "StarSystem":"Ceos", "StationFaction":"Federation Unite!", "FactionState":"Investment", "StationGovernment":"$government_Democracy;", "StationGovernment_Localised":"Democracy", "StationAllegiance":"Federation", "StationServices":[ "Dock", "Autodock", "BlackMarket", "Commodities", "Contacts", "Exploration", "Missions", "Outfitting", "CrewLounge", "Rearm", "Refuel", "Repair", "Shipyard", "Tuning", "MissionsGenerated", "FlightController", "StationOperations", "Powerplay", "SearchAndRescue" ], "StationEconomy":"$economy_Terraforming;", "StationEconomy_Localised":"Terraforming", "DistFromStarLS":560.853394 }
{ "timestamp":"2017-10-15T01:52:24Z", "event":"RefuelAll", "Cost":40, "Amount":0.783111 }
{ "timestamp":"2017-10-15T01:52:32Z", "event":"ReceiveText", "From":"$npc_name_decorate:#name=Dazashi Graves;", "From_Localised":"Dazashi Graves", "Message":"$Commuter_AuthorityScan08;", "Message_Localised":"You've got no right to scan me, officer!", "Channel":"npc" }
{ "timestamp":"2017-10-15T01:52:34Z", "event":"MissionCompleted", "Faction":"Federation Unite!", "Name":"Mission_Courier_Democracy_name", "MissionID":227191801, "TargetFaction":"Federation Unite!", "DestinationSystem":"Ceos", "DestinationStation":"New Dawn Station", "Reward":42132 }
{ "timestamp":"2017-10-15T01:52:42Z", "event":"MissionCompleted", "Faction":"Federation Unite!", "Name":"Mission_Courier_RankFed_name", "MissionID":227191780, "DestinationSystem":"Ceos", "DestinationStation":"New Dawn Station", "Reward":28088 }
{ "timestamp":"2017-10-15T01:52:49Z", "event":"MissionCompleted", "Faction":"Federation Unite!", "Name":"Mission_Courier_Democracy_name", "MissionID":227191755, "TargetFaction":"Federation Unite!", "DestinationSystem":"Ceos", "DestinationStation":"New Dawn Station", "Reward":42132 }
{ "timestamp":"2017-10-15T01:56:13Z", "event":"Music", "MusicTrack":"GalaxyMap" }
{ "timestamp":"2017-10-15T01:56:24Z", "event":"Music", "MusicTrack":"Starport" }
{ "timestamp":"2017-10-15T01:57:09Z", "event":"MissionAccepted", "Faction":"Federation Unite!", "Name":"Mission_Sightseeing", "LocalisedName":"Arron Washington seeks sightseeing adventure", "Commodity":"$DomesticAppliances_Name;", "Commodity_Localised":"Domestic Appliances", "Count":1, "DestinationSystem":"Sothis", "Expiry":"2017-10-15T11:49:17Z", "Influence":"Low", "Reputation":"Med", "Reward":835200, "PassengerCount":6, "PassengerVIPs":true, "PassengerWanted":false, "PassengerType":"Tourist", "MissionID":227200228 }
{ "timestamp":"2017-10-15T01:57:20Z", "event":"MissionAccepted", "Faction":"Federation Unite!", "Name":"Mission_Sightseeing", "LocalisedName":"Donn Cox seeks sightseeing adventure", "Commodity":"$DomesticAppliances_Name;", "Commodity_Localised":"Domestic Appliances", "Count":1, "DestinationSystem":"Sothis", "Expiry":"2017-10-15T19:41:40Z", "Influence":"Low", "Reputation":"Med", "Reward":556800, "PassengerCount":4, "PassengerVIPs":true, "PassengerWanted":true, "PassengerType":"Tourist", "MissionID":227200327 }
{ "timestamp":"2017-10-15T01:57:40Z", "event":"Music", "MusicTrack":"GalaxyMap" }
{ "timestamp":"2017-10-15T01:57:45Z", "event":"Music", "MusicTrack":"SystemMap" }
{ "timestamp":"2017-10-15T01:57:48Z", "event":"Music", "MusicTrack":"GalaxyMap" }
{ "timestamp":"2017-10-15T01:57:48Z", "event":"Music", "MusicTrack":"Starport" }
{ "timestamp":"2017-10-15T01:57:54Z", "event":"Undocked", "StationName":"New Dawn Station", "StationType":"Orbis" }
{ "timestamp":"2017-10-15T01:58:27Z", "event":"Music", "MusicTrack":"NoTrack" }
{ "timestamp":"2017-10-15T01:59:10Z", "event":"StartJump", "JumpType":"Hyperspace", "StarSystem":"Sothis", "StarClass":"F" }
{ "timestamp":"2017-10-15T01:59:12Z", "event":"ReceiveText", "From":"New Dawn Station", "Message":"$STATION_NoFireZone_exited;", "Message_Localised":"No fire zone left.", "Channel":"npc" }
{ "timestamp":"2017-10-15T01:59:28Z", "event":"FSDJump", "StarSystem":"Sothis", "StarPos":[-352.781,10.500,-346.344], "SystemAllegiance":"Federation", "SystemEconomy":"$economy_Terraforming;", "SystemEconomy_Localised":"Terraforming", "SystemGovernment":"$government_Democracy;", "SystemGovernment_Localised":"Democracy", "SystemSecurity":"$SYSTEM_SECURITY_high;", "SystemSecurity_Localised":"High Security", "Population":100000, "JumpDist":8.898, "FuelUsed":0.598380, "FuelLevel":15.401620, "Factions":[ { "Name":"Sirius Corporation", "FactionState":"Boom", "Government":"Corporate", "Influence":0.171968, "Allegiance":"Independent" }, { "Name":"Liberate Ceos", "FactionState":"None", "Government":"Communism", "Influence":0.009940, "Allegiance":"Independent", "PendingStates":[ { "State":"Boom", "Trend":1 }, { "State":"Bust", "Trend":1 }, { "State":"Lockdown", "Trend":0 }, { "State":"Famine", "Trend":1 } ] }, { "Name":"Deep Space Clan", "FactionState":"None", "Government":"Anarchy", "Influence":0.009940, "Allegiance":"Independent", "PendingStates":[ { "State":"Boom", "Trend":1 }, { "State":"Bust", "Trend":1 }, { "State":"Lockdown", "Trend":1 }, { "State":"Famine", "Trend":1 } ] }, { "Name":"Pilots Federation Local Branch", "FactionState":"None", "Government":"Democracy", "Influence":0.000000, "Allegiance":"PilotsFederation" }, { "Name":"Federation Unite!", "FactionState":"Investment", "Government":"Democracy", "Influence":0.808151, "Allegiance":"Federation", "PendingStates":[ { "State":"Boom", "Trend":1 }, { "State":"Bust", "Trend":1 } ], "RecoveringStates":[ { "State":"Expansion", "Trend":0 } ] } ], "SystemFaction":"Federation Unite!", "FactionState":"Investment" }
{ "timestamp":"2017-10-15T01:59:29Z", "event":"Music", "MusicTrack":"Supercruise" }
{ "timestamp":"2017-10-15T02:00:19Z", "event":"Music", "MusicTrack":"SystemMap" }
{ "timestamp":"2017-10-15T02:00:21Z", "event":"Music", "MusicTrack":"Supercruise" }
{ "timestamp":"2017-10-15T02:01:58Z", "event":"SupercruiseExit", "StarSystem":"Sothis", "Body":"Sothis A 5", "BodyType":"Planet" }
{ "timestamp":"2017-10-15T02:01:58Z", "event":"Music", "MusicTrack":"Exploration" }
{ "timestamp":"2017-10-15T02:02:12Z", "event":"Music", "MusicTrack":"GalaxyMap" }
{ "timestamp":"2017-10-15T02:02:12Z", "event":"MissionRedirected", "MissionID":227200228, "Name":"Mission_Sightseeing_name", "NewDestinationStation":"New Dawn Station", "NewDestinationSystem":"Ceos", "OldDestinationStation":"", "OldDestinationSystem":"Sothis" }
{ "timestamp":"2017-10-15T02:02:12Z", "event":"MissionRedirected", "MissionID":227200327, "Name":"Mission_Sightseeing_name", "NewDestinationStation":"New Dawn Station", "NewDestinationSystem":"Ceos", "OldDestinationStation":"", "OldDestinationSystem":"Sothis" }
{ "timestamp":"2017-10-15T02:02:18Z", "event":"Music", "MusicTrack":"Exploration" }
{ "timestamp":"2017-10-15T02:03:18Z", "event":"StartJump", "JumpType":"Hyperspace", "StarSystem":"Ceos", "StarClass":"F" }
{ "timestamp":"2017-10-15T02:03:23Z", "event":"Music", "MusicTrack":"NoTrack" }
{ "timestamp":"2017-10-15T02:03:36Z", "event":"FSDJump", "StarSystem":"Ceos", "StarPos":[-348.656,13.875,-339.219], "SystemAllegiance":"Federation", "SystemEconomy":"$economy_Terraforming;", "SystemEconomy_Localised":"Terraforming", "SystemGovernment":"$government_Democracy;", "SystemGovernment_Localised":"Democracy", "SystemSecurity":"$SYSTEM_SECURITY_high;", "SystemSecurity_Localised":"High Security", "Population":100000, "JumpDist":8.898, "FuelUsed":0.595560, "FuelLevel":14.806060, "Factions":[ { "Name":"Sirius Corporation", "FactionState":"Boom", "Government":"Corporate", "Influence":0.189000, "Allegiance":"Independent" }, { "Name":"Liberate Ceos", "FactionState":"War", "Government":"Communism", "Influence":0.015000, "Allegiance":"Independent", "PendingStates":[ { "State":"Boom", "Trend":1 }, { "State":"Bust", "Trend":1 }, { "State":"Lockdown", "Trend":0 }, { "State":"Famine", "Trend":1 } ] }, { "Name":"Deep Space Clan", "FactionState":"War", "Government":"Anarchy", "Influence":0.015000, "Allegiance":"Independent", "PendingStates":[ { "State":"Boom", "Trend":1 }, { "State":"Bust", "Trend":1 }, { "State":"Lockdown", "Trend":1 }, { "State":"Famine", "Trend":1 } ] }, { "Name":"Pilots Federation Local Branch", "FactionState":"None", "Government":"Democracy", "Influence":0.000000, "Allegiance":"PilotsFederation" }, { "Name":"Federation Unite!", "FactionState":"Investment", "Government":"Democracy", "Influence":0.781000, "Allegiance":"Federation", "PendingStates":[ { "State":"Boom", "Trend":1 }, { "State":"Bust", "Trend":1 } ], "RecoveringStates":[ { "State":"Expansion", "Trend":0 } ] } ], "SystemFaction":"Federation Unite!", "FactionState":"Investment" }
{ "timestamp":"2017-10-15T02:03:37Z", "event":"Music", "MusicTrack":"Supercruise" }
{ "timestamp":"2017-10-15T02:06:36Z", "event":"SupercruiseExit", "StarSystem":"Ceos", "Body":"New Dawn Station", "BodyType":"Station" }
{ "timestamp":"2017-10-15T02:06:36Z", "event":"Music", "MusicTrack":"DestinationFromSupercruise" }
{ "timestamp":"2017-10-15T02:06:37Z", "event":"ReceiveText", "From":"New Dawn Station", "Message":"$STATION_NoFireZone_entered;", "Message_Localised":"No fire zone entered.", "Channel":"npc" }
{ "timestamp":"2017-10-15T02:06:41Z", "event":"Music", "MusicTrack":"NoTrack" }
{ "timestamp":"2017-10-15T02:06:49Z", "event":"DockingRequested", "StationName":"New Dawn Station" }
{ "timestamp":"2017-10-15T02:06:49Z", "event":"ReceiveText", "From":"New Dawn Station", "Message":"$DockingChatter_Allied;", "Message_Localised":"An ally like you is always welcome here.", "Channel":"npc" }
{ "timestamp":"2017-10-15T02:06:50Z", "event":"ReceiveText", "From":"New Dawn Station", "Message":"$STATION_docking_granted;", "Message_Localised":"Docking request granted.", "Channel":"npc" }
{ "timestamp":"2017-10-15T02:06:50Z", "event":"DockingGranted", "LandingPad":14, "StationName":"New Dawn Station" }
{ "timestamp":"2017-10-15T02:07:16Z", "event":"Music", "MusicTrack":"Starport" }
{ "timestamp":"2017-10-15T02:07:44Z", "event":"Docked", "StationName":"New Dawn Station", "StationType":"Orbis", "StarSystem":"Ceos", "StationFaction":"Federation Unite!", "FactionState":"Investment", "StationGovernment":"$government_Democracy;", "StationGovernment_Localised":"Democracy", "StationAllegiance":"Federation", "StationServices":[ "Dock", "Autodock", "BlackMarket", "Commodities", "Contacts", "Exploration", "Missions", "Outfitting", "CrewLounge", "Rearm", "Refuel", "Repair", "Shipyard", "Tuning", "MissionsGenerated", "FlightController", "StationOperations", "Powerplay", "SearchAndRescue" ], "StationEconomy":"$economy_Terraforming;", "StationEconomy_Localised":"Terraforming", "DistFromStarLS":560.849243 }
{ "timestamp":"2017-10-15T02:07:45Z", "event":"ShieldState", "ShieldsUp":true }
{ "timestamp":"2017-10-15T02:08:29Z", "event":"MissionCompleted", "Faction":"Federation Unite!", "Name":"Mission_Sightseeing_name", "MissionID":227200228, "Commodity":"$DomesticAppliances_Name;", "Commodity_Localised":"Domestic Appliances", "Count":1, "DestinationSystem":"Sothis", "Reward":835200 }
{ "timestamp":"2017-10-15T02:08:43Z", "event":"MissionCompleted", "Faction":"Federation Unite!", "Name":"Mission_Sightseeing_name", "MissionID":227200327, "Commodity":"$DomesticAppliances_Name;", "Commodity_Localised":"Domestic Appliances", "Count":1, "DestinationSystem":"Sothis", "Reward":556800 }
{ "timestamp":"2017-10-15T02:09:02Z", "event":"RefuelAll", "Cost":70, "Amount":1.390266 }
{ "timestamp":"2017-10-15T02:09:40Z", "event":"ReceiveText", "From":"$npc_name_decorate:#name=Laestander;", "From_Localised":"Laestander", "Message":"$Commuter_AuthorityScan03;", "Message_Localised":"Will this take long? Ive got a schedule to keep. ", "Channel":"npc" }
{ "timestamp":"2017-10-15T02:13:39Z", "event":"Undocked", "StationName":"New Dawn Station", "StationType":"Orbis" }
{ "timestamp":"2017-10-15T02:14:17Z", "event":"Music", "MusicTrack":"NoTrack" }
{ "timestamp":"2017-10-15T02:14:32Z", "event":"ReceiveText", "From":"$ShipName_Police_Federation;", "From_Localised":"Federal Security Service", "Message":"$OverwatchCriticalDamage06;", "Message_Localised":"Noooooooo!", "Channel":"npc" }
{ "timestamp":"2017-10-15T02:14:47Z", "event":"StartJump", "JumpType":"Supercruise" }
{ "timestamp":"2017-10-15T02:14:52Z", "event":"SupercruiseEntry", "StarSystem":"Ceos" }
{ "timestamp":"2017-10-15T02:14:53Z", "event":"Music", "MusicTrack":"Supercruise" }
{ "timestamp":"2017-10-15T02:15:38Z", "event":"SupercruiseExit", "StarSystem":"Ceos", "Body":"Ceos 3", "BodyType":"Planet" }
{ "timestamp":"2017-10-15T02:15:38Z", "event":"Music", "MusicTrack":"Exploration" }
{ "timestamp":"2017-10-15T02:15:53Z", "event":"MaterialCollected", "Category":"Encoded", "Name":"shieldcyclerecordings", "Count":3 }
{ "timestamp":"2017-10-15T02:16:13Z", "event":"Music", "MusicTrack":"Combat_Dogfight" }
{ "timestamp":"2017-10-15T02:16:34Z", "event":"Music", "MusicTrack":"Exploration" }
{ "timestamp":"2017-10-15T02:17:40Z", "event":"Music", "MusicTrack":"Combat_Dogfight" }
{ "timestamp":"2017-10-15T02:19:17Z", "event":"ReceiveText", "From":"$ShipName_Military_Independent;", "From_Localised":"System Defence Force", "Message":"$Military_UnderFire01;", "Message_Localised":"Bandit on my six...", "Channel":"npc" }
{ "timestamp":"2017-10-15T02:21:09Z", "event":"ReceiveText", "From":"$ShipName_Military_Independent;", "From_Localised":"System Defence Force", "Message":"$Military_UnderFire07;", "Message_Localised":"You've just made a big mistake.", "Channel":"npc" }
{ "timestamp":"2017-10-15T02:22:10Z", "event":"Bounty", "Target":"viper_mkiv", "TotalReward":0, "VictimFaction":"Liberate Ceos" }
{ "timestamp":"2017-10-15T02:22:10Z", "event":"FactionKillBond", "Reward":23000, "AwardingFaction":"Deep Space Clan", "VictimFaction":"Liberate Ceos" }
{ "timestamp":"2017-10-15T02:22:25Z", "event":"Music", "MusicTrack":"Exploration" }
{ "timestamp":"2017-10-15T02:22:37Z", "event":"Music", "MusicTrack":"GalaxyMap" }
{ "timestamp":"2017-10-15T02:22:38Z", "event":"Music", "MusicTrack":"Exploration" }
{ "timestamp":"2017-10-15T02:23:29Z", "event":"Music", "MusicTrack":"GalaxyMap" }
{ "timestamp":"2017-10-15T02:23:58Z", "event":"Music", "MusicTrack":"SystemMap" }
{ "timestamp":"2017-10-15T02:24:04Z", "event":"Music", "MusicTrack":"GalaxyMap" }
{ "timestamp":"2017-10-15T02:24:08Z", "event":"Music", "MusicTrack":"Exploration" }
{ "timestamp":"2017-10-15T02:24:37Z", "event":"StartJump", "JumpType":"Hyperspace", "StarSystem":"Wredguia RM-U c16-3", "StarClass":"K" }
{ "timestamp":"2017-10-15T02:24:42Z", "event":"Music", "MusicTrack":"NoTrack" }
{ "timestamp":"2017-10-15T02:24:56Z", "event":"FSDJump", "StarSystem":"Wredguia RM-U c16-3", "StarPos":[-337.813,20.625,-332.438], "SystemAllegiance":"", "SystemEconomy":"$economy_None;", "SystemEconomy_Localised":"None", "SystemGovernment":"$government_None;", "SystemGovernment_Localised":"None", "SystemSecurity":"$GAlAXY_MAP_INFO_state_anarchy;", "SystemSecurity_Localised":"Anarchy", "Population":0, "JumpDist":14.461, "FuelUsed":1.828567, "FuelLevel":14.171432 }
{ "timestamp":"2017-10-15T02:24:56Z", "event":"Music", "MusicTrack":"Supercruise" }
{ "timestamp":"2017-10-15T02:25:15Z", "event":"FuelScoop", "Scooped":0.413986, "Total":14.585440 }
{ "timestamp":"2017-10-15T02:25:31Z", "event":"StartJump", "JumpType":"Hyperspace", "StarSystem":"Wredguia JZ-O b33-0", "StarClass":"K" }
{ "timestamp":"2017-10-15T02:25:36Z", "event":"Music", "MusicTrack":"NoTrack" }
{ "timestamp":"2017-10-15T02:25:49Z", "event":"FSDJump", "StarSystem":"Wredguia JZ-O b33-0", "StarPos":[-323.156,21.625,-331.031], "SystemAllegiance":"", "SystemEconomy":"$economy_None;", "SystemEconomy_Localised":"None", "SystemGovernment":"$government_None;", "SystemGovernment_Localised":"None", "SystemSecurity":"$GAlAXY_MAP_INFO_state_anarchy;", "SystemSecurity_Localised":"Anarchy", "Population":0, "JumpDist":14.757, "FuelUsed":1.894362, "FuelLevel":12.691077 }
{ "timestamp":"2017-10-15T02:25:49Z", "event":"Music", "MusicTrack":"Supercruise" }
{ "timestamp":"2017-10-15T02:26:58Z", "event":"FuelScoop", "Scooped":3.278483, "Total":15.969551 }
{ "timestamp":"2017-10-15T02:27:17Z", "event":"Music", "MusicTrack":"GalaxyMap" }
{ "timestamp":"2017-10-15T02:27:35Z", "event":"Music", "MusicTrack":"Supercruise" }
{ "timestamp":"2017-10-15T02:27:52Z", "event":"StartJump", "JumpType":"Hyperspace", "StarSystem":"Wredguia WD-K d8-26", "StarClass":"G" }
{ "timestamp":"2017-10-15T02:27:57Z", "event":"Music", "MusicTrack":"NoTrack" }
{ "timestamp":"2017-10-15T02:28:10Z", "event":"FSDJump", "StarSystem":"Wredguia WD-K d8-26", "StarPos":[-315.031,14.250,-325.781], "SystemAllegiance":"", "SystemEconomy":"$economy_None;", "SystemEconomy_Localised":"None", "SystemGovernment":"$government_None;", "SystemGovernment_Localised":"None", "SystemSecurity":"$GAlAXY_MAP_INFO_state_anarchy;", "SystemSecurity_Localised":"Anarchy", "Population":0, "JumpDist":12.164, "FuelUsed":1.227932, "FuelLevel":14.741619 }
{ "timestamp":"2017-10-15T02:28:11Z", "event":"Music", "MusicTrack":"Supercruise" }
{ "timestamp":"2017-10-15T02:28:34Z", "event":"FuelScoop", "Scooped":0.789122, "Total":15.530743 }
{ "timestamp":"2017-10-15T02:28:48Z", "event":"StartJump", "JumpType":"Hyperspace", "StarSystem":"Wredguia XD-K d8-102", "StarClass":"F" }
{ "timestamp":"2017-10-15T02:28:53Z", "event":"Music", "MusicTrack":"NoTrack" }
{ "timestamp":"2017-10-15T02:29:06Z", "event":"FSDJump", "StarSystem":"Wredguia XD-K d8-102", "StarPos":[-303.063,10.750,-323.813], "SystemAllegiance":"", "SystemEconomy":"$economy_None;", "SystemEconomy_Localised":"None", "SystemGovernment":"$government_None;", "SystemGovernment_Localised":"None", "SystemSecurity":"$GAlAXY_MAP_INFO_state_anarchy;", "SystemSecurity_Localised":"Anarchy", "Population":0, "JumpDist":12.624, "FuelUsed":1.332669, "FuelLevel":14.198074 }
{ "timestamp":"2017-10-15T02:29:06Z", "event":"Music", "MusicTrack":"Supercruise" }
{ "timestamp":"2017-10-15T02:29:18Z", "event":"FuelScoop", "Scooped":0.077054, "Total":14.275116 }
{ "timestamp":"2017-10-15T02:29:21Z", "event":"Music", "MusicTrack":"SystemMap" }
{ "timestamp":"2017-10-15T02:29:26Z", "event":"Music", "MusicTrack":"Supercruise" }
