{ "timestamp":"2017-10-06T08:42:43Z", "event":"Fileheader", "part":1, "language":"English\\UK", "gameversion":"2.4", "build":"r155756/r0 " }
{ "timestamp":"2017-10-06T08:42:43Z", "event":"Music", "MusicTrack":"NoTrack" }
{ "timestamp":"2017-10-06T08:42:43Z", "event":"Music", "MusicTrack":"MainMenu" }
{ "timestamp":"2017-10-06T08:43:27Z", "event":"Cargo", "Inventory":[  ] }
{ "timestamp":"2017-10-06T08:43:27Z", "event":"Loadout", "Ship":"CobraMkIII", "ShipID":1, "ShipName":"Kamaboko", "ShipIdent":"IG-C03", "Modules":[ { "Slot":"MediumHardpoint1", "Item":"Hpt_PulseLaser_Gimbal_Medium", "On":true, "Priority":0, "Health":0.986344, "Value":35400 }, { "Slot":"MediumHardpoint2", "Item":"Hpt_PulseLaser_Gimbal_Medium", "On":true, "Priority":0, "Health":0.983076, "Value":35400 }, { "Slot":"SmallHardpoint1", "Item":"Hpt_MiningLaser_Fixed_Small", "On":true, "Priority":0, "Health":0.982143, "Value":6800 }, { "Slot":"SmallHardpoint2", "Item":"Hpt_MiningLaser_Fixed_Small", "On":true, "Priority":0, "Health":0.961662, "Value":6800 }, { "Slot":"TinyHardpoint1", "Item":"Hpt_HeatSinkLauncher_Turret_Tiny", "On":true, "Priority":0, "AmmoInClip":1, "AmmoInHopper":1, "Health":0.983890, "Value":3500 }, { "Slot":"TinyHardpoint2", "Item":"Hpt_ChaffLauncher_Tiny", "On":true, "Priority":0, "AmmoInClip":1, "AmmoInHopper":10, "Health":0.941176, "Value":8500 }, { "Slot":"Armour", "Item":"CobraMkIII_Armour_Grade1", "On":true, "Priority":1, "Health":1.000000, "Value":0 }, { "Slot":"PowerPlant", "Item":"Int_Powerplant_Size4_Class3", "On":true, "Priority":1, "Health":0.992966, "Value":178898 }, { "Slot":"MainEngines", "Item":"Int_Engine_Size4_Class5", "On":true, "Priority":0, "Health":0.981564, "Value":1610080 }, { "Slot":"FrameShiftDrive", "Item":"Int_Hyperdrive_Size4_Class4", "On":true, "Priority":0, "Health":0.978676, "Value":536693 }, { "Slot":"LifeSupport", "Item":"Int_LifeSupport_Size3_Class5", "On":true, "Priority":0, "Health":0.980520, "Value":158331 }, { "Slot":"PowerDistributor", "Item":"Int_PowerDistributor_Size3_Class3", "On":true, "Priority":0, "Health":0.986569, "Value":25333 }, { "Slot":"Radar", "Item":"Int_Sensors_Size3_Class2", "On":true, "Priority":0, "Health":0.980145, "Value":10133 }, { "Slot":"FuelTank", "Item":"Int_FuelTank_Size4_Class3", "On":true, "Priority":1, "Health":1.000000, "Value":24734 }, { "Slot":"Slot01_Size4", "Item":"Int_ShieldGenerator_Size4_Class3", "On":true, "Priority":0, "Health":0.984272, "Value":178898 }, { "Slot":"Slot02_Size4", "Item":"Int_CargoRack_Size4_Class1", "On":true, "Priority":1, "Health":1.000000, "Value":34328 }, { "Slot":"Slot03_Size4", "Item":"Int_CargoRack_Size4_Class1", "On":true, "Priority":1, "Health":1.000000, "Value":34328 }, { "Slot":"Slot04_Size2", "Item":"Int_CargoRack_Size2_Class1", "On":true, "Priority":1, "Health":1.000000, "Value":3250 }, { "Slot":"Slot05_Size2", "Item":"Int_CargoRack_Size2_Class1", "On":true, "Priority":1, "Health":1.000000, "Value":3250 }, { "Slot":"Slot06_Size2", "Item":"Int_StellarBodyDiscoveryScanner_Standard", "On":true, "Priority":1, "Health":0.968901, "Value":1000 }, { "Slot":"PlanetaryApproachSuite", "Item":"Int_PlanetApproachSuite", "On":true, "Priority":1, "Health":1.000000, "Value":500 }, { "Slot":"ShipCockpit", "Item":"CobraMkIII_Cockpit", "On":true, "Priority":1, "Health":0.989788, "Value":0 }, { "Slot":"CargoHatch", "Item":"ModularCargoBayDoor", "On":true, "Priority":2, "Health":0.910792, "Value":0 } ] }
{ "timestamp":"2017-10-06T08:43:27Z", "event":"Materials", "Raw":[ { "Name":"carbon", "Count":3 }, { "Name":"iron", "Count":3 } ], "Manufactured":[ { "Name":"mechanicalscrap", "Count":4 }, { "Name":"gridresistors", "Count":1 }, { "Name":"conductivecomponents", "Count":1 }, { "Name":"heatdispersionplate", "Count":6 }, { "Name":"salvagedalloys", "Count":6 }, { "Name":"hybridcapacitors", "Count":6 }, { "Name":"heatconductionwiring", "Count":3 } ], "Encoded":[ { "Name":"shieldsoakanalysis", "Count":3 }, { "Name":"disruptedwakeechoes", "Count":5 }, { "Name":"shieldcyclerecordings", "Count":3 }, { "Name":"emissiondata", "Count":3 }, { "Name":"bulkscandata", "Count":1 }, { "Name":"scrambledemissiondata", "Count":4 }, { "Name":"archivedemissiondata", "Count":3 } ] }
{ "timestamp":"2017-10-06T08:43:27Z", "event":"LoadGame", "Commander":"Igaguri", "Ship":"CobraMkIII", "ShipID":1, "ShipName":"Kamaboko", "ShipIdent":"IG-C03", "FuelLevel":10.330283, "FuelCapacity":16.000000, "GameMode":"Open", "Credits":2645968, "Loan":0 }
{ "timestamp":"2017-10-06T08:43:27Z", "event":"Rank", "Combat":0, "Trade":4, "Explore":3, "Empire":0, "Federation":0, "CQC":0 }
{ "timestamp":"2017-10-06T08:43:27Z", "event":"Progress", "Combat":0, "Trade":1, "Explore":40, "Empire":0, "Federation":70, "CQC":0 }
{ "timestamp":"2017-10-06T08:43:37Z", "event":"Location", "Docked":false, "StarSystem":"Cupiat", "StarPos":[28.438,-6.625,-43.000], "SystemAllegiance":"Federation", "SystemEconomy":"$economy_Refinery;", "SystemEconomy_Localised":"Refinery", "SystemGovernment":"$government_Corporate;", "SystemGovernment_Localised":"Corporate", "SystemSecurity":"$SYSTEM_SECURITY_medium;", "SystemSecurity_Localised":"Medium Security", "Population":154279, "Body":"Cupiat", "BodyType":"Star", "Factions":[ { "Name":"El Confederation", "FactionState":"Retreat", "Government":"Confederacy", "Influence":0.056000, "Allegiance":"Federation", "PendingStates":[ { "State":"Boom", "Trend":1 } ] }, { "Name":"Pilots Federation Local Branch", "FactionState":"None", "Government":"Democracy", "Influence":0.000000, "Allegiance":"PilotsFederation" }, { "Name":"United Cupiat League", "FactionState":"War", "Government":"Dictatorship", "Influence":0.034000, "Allegiance":"Independent", "PendingStates":[ { "State":"Boom", "Trend":0 }, { "State":"Outbreak", "Trend":0 } ] }, { "Name":"Kaupolock PLC", "FactionState":"Boom", "Government":"Corporate", "Influence":0.238000, "Allegiance":"Federation" }, { "Name":"Cupiat Allied Commodities", "FactionState":"None", "Government":"Corporate", "Influence":0.515000, "Allegiance":"Federation", "PendingStates":[ { "State":"Boom", "Trend":1 } ] }, { "Name":"Cupiat Gold Mafia", "FactionState":"Famine", "Government":"Anarchy", "Influence":0.013000, "Allegiance":"Independent", "PendingStates":[ { "State":"Outbreak", "Trend":0 } ] }, { "Name":"Law Party of Cupiat", "FactionState":"None", "Government":"Dictatorship", "Influence":0.084000, "Allegiance":"Independent" }, { "Name":"Movement for Ganiklis Partnership", "FactionState":"War", "Government":"Confederacy", "Influence":0.060000, "Allegiance":"Federation", "PendingStates":[ { "State":"Boom", "Trend":1 } ] } ], "SystemFaction":"Cupiat Allied Commodities" }
{ "timestamp":"2017-10-06T08:43:37Z", "event":"Music", "MusicTrack":"NoTrack" }
{ "timestamp":"2017-10-06T08:43:37Z", "event":"Music", "MusicTrack":"Exploration" }
{ "timestamp":"2017-10-06T08:43:41Z", "event":"Music", "MusicTrack":"GalaxyMap" }
{ "timestamp":"2017-10-06T08:44:13Z", "event":"Music", "MusicTrack":"SystemMap" }
{ "timestamp":"2017-10-06T08:44:16Z", "event":"Music", "MusicTrack":"Exploration" }
{ "timestamp":"2017-10-06T08:44:18Z", "event":"Music", "MusicTrack":"SystemMap" }
{ "timestamp":"2017-10-06T08:44:27Z", "event":"Music", "MusicTrack":"Exploration" }
{ "timestamp":"2017-10-06T08:44:48Z", "event":"StartJump", "JumpType":"Supercruise" }
{ "timestamp":"2017-10-06T08:44:53Z", "event":"SupercruiseEntry", "StarSystem":"Cupiat" }
{ "timestamp":"2017-10-06T08:44:53Z", "event":"Music", "MusicTrack":"Supercruise" }
{ "timestamp":"2017-10-06T08:46:55Z", "event":"SupercruiseExit", "StarSystem":"Cupiat", "Body":"Quimper Orbital", "BodyType":"Station" }
{ "timestamp":"2017-10-06T08:46:55Z", "event":"Music", "MusicTrack":"DestinationFromSupercruise" }
{ "timestamp":"2017-10-06T08:47:00Z", "event":"Music", "MusicTrack":"NoTrack" }
{ "timestamp":"2017-10-06T08:47:01Z", "event":"ReceiveText", "From":"Quimper Orbital", "Message":"$STATION_NoFireZone_entered;", "Message_Localised":"No fire zone entered.", "Channel":"npc" }
{ "timestamp":"2017-10-06T08:47:19Z", "event":"DockingRequested", "StationName":"Quimper Orbital" }
{ "timestamp":"2017-10-06T08:47:19Z", "event":"ReceiveText", "From":"Quimper Orbital", "Message":"$DockingChatter_Neutral;", "Message_Localised":"Ensure to observe starport protocol during your visit, pilot.", "Channel":"npc" }
{ "timestamp":"2017-10-06T08:47:21Z", "event":"ReceiveText", "From":"Quimper Orbital", "Message":"$STATION_docking_granted;", "Message_Localised":"Docking request granted.", "Channel":"npc" }
{ "timestamp":"2017-10-06T08:47:21Z", "event":"DockingGranted", "LandingPad":6, "StationName":"Quimper Orbital" }
{ "timestamp":"2017-10-06T08:47:55Z", "event":"Scanned", "ScanType":"Cargo" }
{ "timestamp":"2017-10-06T08:47:55Z", "event":"ReceiveText", "From":"$ShipName_Police_Federation;", "From_Localised":"Federal Security Service", "Message":"$Police_ThankYouPassedStopAndSearch01;", "Message_Localised":"Thank you for your cooperation, Commander.", "Channel":"npc" }
{ "timestamp":"2017-10-06T08:47:58Z", "event":"Music", "MusicTrack":"Starport" }
{ "timestamp":"2017-10-06T08:48:25Z", "event":"ReceiveText", "From":"$npc_name_decorate:#name=Wesadit;", "From_Localised":"Wesadit", "Message":"$Commuter_AuthorityScan09;", "Message_Localised":"Can we hurry this up please, officer?", "Channel":"npc" }
{ "timestamp":"2017-10-06T08:48:38Z", "event":"Docked", "StationName":"Quimper Orbital", "StationType":"Coriolis", "StarSystem":"Cupiat", "StationFaction":"Cupiat Allied Commodities", "StationGovernment":"$government_Corporate;", "StationGovernment_Localised":"Corporate", "StationAllegiance":"Federation", "StationServices":[ "Dock", "Autodock", "Commodities", "Contacts", "Exploration", "Missions", "Outfitting", "CrewLounge", "Rearm", "Refuel", "Repair", "Shipyard", "Tuning", "MissionsGenerated", "FlightController", "StationOperations", "Powerplay", "SearchAndRescue" ], "StationEconomy":"$economy_Refinery;", "StationEconomy_Localised":"Refinery", "DistFromStarLS":787.985229 }
{ "timestamp":"2017-10-06T08:49:28Z", "event":"ModuleBuy", "Slot":"Slot05_Size2", "SellItem":"$int_cargorack_size2_class1_name;", "SellItem_Localised":"Cargo Rack", "SellPrice":3250, "BuyItem":"$int_fuelscoop_size1_class1_name;", "BuyItem_Localised":"Fuel Scoop", "BuyPrice":309, "Ship":"cobramkiii", "ShipID":1 }
{ "timestamp":"2017-10-06T08:49:35Z", "event":"RefuelAll", "Cost":302, "Amount":6.018281 }
{ "timestamp":"2017-10-06T08:49:41Z", "event":"Music", "MusicTrack":"GalaxyMap" }
{ "timestamp":"2017-10-06T08:49:43Z", "event":"Music", "MusicTrack":"Starport" }
{ "timestamp":"2017-10-06T08:49:54Z", "event":"Undocked", "StationName":"Quimper Orbital", "StationType":"Coriolis" }
{ "timestamp":"2017-10-06T08:50:05Z", "event":"Music", "MusicTrack":"NoTrack" }
{ "timestamp":"2017-10-06T08:50:30Z", "event":"ReceiveText", "From":"Quimper Orbital", "Message":"$STATION_NoFireZone_exited;", "Message_Localised":"No fire zone left.", "Channel":"npc" }
{ "timestamp":"2017-10-06T08:50:47Z", "event":"StartJump", "JumpType":"Hyperspace", "StarSystem":"Tascheter Sector LH-V b2-1", "StarClass":"M" }
{ "timestamp":"2017-10-06T08:51:06Z", "event":"FSDJump", "StarSystem":"Tascheter Sector LH-V b2-1", "StarPos":[44.844,-8.344,-48.844], "SystemAllegiance":"", "SystemEconomy":"$economy_None;", "SystemEconomy_Localised":"None", "SystemGovernment":"$government_None;", "SystemGovernment_Localised":"None", "SystemSecurity":"$GAlAXY_MAP_INFO_state_anarchy;", "SystemSecurity_Localised":"Anarchy", "Population":0, "JumpDist":17.501, "FuelUsed":2.287450, "FuelLevel":13.712549 }
{ "timestamp":"2017-10-06T08:51:06Z", "event":"Music", "MusicTrack":"Supercruise" }
{ "timestamp":"2017-10-06T08:51:28Z", "event":"FuelScoop", "Scooped":0.230773, "Total":13.943310 }
{ "timestamp":"2017-10-06T08:51:48Z", "event":"StartJump", "JumpType":"Hyperspace", "StarSystem":"Ross 55", "StarClass":"K" }
{ "timestamp":"2017-10-06T08:51:53Z", "event":"Music", "MusicTrack":"NoTrack" }
{ "timestamp":"2017-10-06T08:52:07Z", "event":"FSDJump", "StarSystem":"Ross 55", "StarPos":[59.969,-2.656,-53.469], "SystemAllegiance":"", "SystemEconomy":"$economy_None;", "SystemEconomy_Localised":"None", "SystemGovernment":"$government_None;", "SystemGovernment_Localised":"None", "SystemSecurity":"$GAlAXY_MAP_INFO_state_anarchy;", "SystemSecurity_Localised":"Anarchy", "Population":0, "JumpDist":16.808, "FuelUsed":2.047442, "FuelLevel":11.895868 }
{ "timestamp":"2017-10-06T08:52:07Z", "event":"Music", "MusicTrack":"Supercruise" }
{ "timestamp":"2017-10-06T08:53:02Z", "event":"Music", "MusicTrack":"GalaxyMap" }
{ "timestamp":"2017-10-06T08:53:04Z", "event":"FuelScoop", "Scooped":0.764940, "Total":12.660778 }
{ "timestamp":"2017-10-06T08:53:05Z", "event":"Music", "MusicTrack":"Supercruise" }
{ "timestamp":"2017-10-06T08:53:21Z", "event":"StartJump", "JumpType":"Hyperspace", "StarSystem":"Trianguli Sector LS-T b3-1", "StarClass":"M" }
{ "timestamp":"2017-10-06T08:53:26Z", "event":"Music", "MusicTrack":"NoTrack" }
{ "timestamp":"2017-10-06T08:53:40Z", "event":"FSDJump", "StarSystem":"Trianguli Sector LS-T b3-1", "StarPos":[73.438,-7.469,-61.250], "SystemAllegiance":"", "SystemEconomy":"$economy_None;", "SystemEconomy_Localised":"None", "SystemGovernment":"$government_None;", "SystemGovernment_Localised":"None", "SystemSecurity":"$GAlAXY_MAP_INFO_state_anarchy;", "SystemSecurity_Localised":"Anarchy", "Population":0, "JumpDist":16.282, "FuelUsed":1.882103, "FuelLevel":10.778675 }
{ "timestamp":"2017-10-06T08:53:40Z", "event":"Music", "MusicTrack":"Supercruise" }
{ "timestamp":"2017-10-06T08:53:55Z", "event":"FuelScoop", "Scooped":0.022593, "Total":10.801272 }
{ "timestamp":"2017-10-06T08:54:13Z", "event":"StartJump", "JumpType":"Hyperspace", "StarSystem":"Hyades Sector LI-I b10-3", "StarClass":"M" }
{ "timestamp":"2017-10-06T08:54:19Z", "event":"Music", "MusicTrack":"NoTrack" }
{ "timestamp":"2017-10-06T08:54:32Z", "event":"FSDJump", "StarSystem":"Hyades Sector LI-I b10-3", "StarPos":[90.500,-8.563,-64.031], "SystemAllegiance":"", "SystemEconomy":"$economy_None;", "SystemEconomy_Localised":"None", "SystemGovernment":"$government_None;", "SystemGovernment_Localised":"None", "SystemSecurity":"$GAlAXY_MAP_INFO_state_anarchy;", "SystemSecurity_Localised":"Anarchy", "Population":0, "JumpDist":17.322, "FuelUsed":2.134857, "FuelLevel":8.666415 }
{ "timestamp":"2017-10-06T08:54:32Z", "event":"Music", "MusicTrack":"Supercruise" }
{ "timestamp":"2017-10-06T08:54:47Z", "event":"FuelScoop", "Scooped":0.021652, "Total":8.688076 }
{ "timestamp":"2017-10-06T08:55:04Z", "event":"StartJump", "JumpType":"Hyperspace", "StarSystem":"Koshe", "StarClass":"K" }
{ "timestamp":"2017-10-06T08:55:10Z", "event":"Music", "MusicTrack":"NoTrack" }
{ "timestamp":"2017-10-06T08:55:23Z", "event":"FSDJump", "StarSystem":"Koshe", "StarPos":[104.844,-8.188,-73.063], "SystemAllegiance":"Independent", "SystemEconomy":"$economy_Refinery;", "SystemEconomy_Localised":"Refinery", "SystemGovernment":"$government_Corporate;", "SystemGovernment_Localised":"Corporate", "SystemSecurity":"$SYSTEM_SECURITY_medium;", "SystemSecurity_Localised":"Medium Security", "Population":98387, "JumpDist":16.954, "FuelUsed":1.994275, "FuelLevel":6.693801, "Factions":[ { "Name":"SPOCS 343 Pro-Independent League", "FactionState":"Boom", "Government":"Patronage", "Influence":0.040000, "Allegiance":"Independent" }, { "Name":"Pilots Federation Local Branch", "FactionState":"None", "Government":"Democracy", "Influence":0.000000, "Allegiance":"PilotsFederation" }, { "Name":"Koshe Partnership", "FactionState":"None", "Government":"Confederacy", "Influence":0.121000, "Allegiance":"Federation" }, { "Name":"Confederation of Dewindji", "FactionState":"Boom", "Government":"Confederacy", "Influence":0.031000, "Allegiance":"Federation" }, { "Name":"Blue Public Incorporated", "FactionState":"Boom", "Government":"Corporate", "Influence":0.683000, "Allegiance":"Independent" }, { "Name":"Koshe Camorra", "FactionState":"CivilWar", "Government":"Anarchy", "Influence":0.048000, "Allegiance":"Independent" }, { "Name":"Koshe Jet Galactic Network", "FactionState":"None", "Government":"Corporate", "Influence":0.026000, "Allegiance":"Independent" }, { "Name":"Aristocrats of Koshe", "FactionState":"CivilWar", "Government":"Feudal", "Influence":0.051000, "Allegiance":"Independent" } ], "SystemFaction":"Blue Public Incorporated", "FactionState":"Boom" }
{ "timestamp":"2017-10-06T08:55:23Z", "event":"Music", "MusicTrack":"Supercruise" }
{ "timestamp":"2017-10-06T08:55:41Z", "event":"FuelScoop", "Scooped":0.083438, "Total":6.777238 }
{ "timestamp":"2017-10-06T08:56:05Z", "event":"StartJump", "JumpType":"Hyperspace", "StarSystem":"Suttora", "StarClass":"K" }
{ "timestamp":"2017-10-06T08:56:07Z", "event":"ReceiveText", "From":"$ShipName_PassengerLiner_Cruise;", "From_Localised":"Cruise Ship", "Message":"$CruiseLiner_SCPatrol04;", "Message_Localised":"I'd like to direct your attention to our flight attendants for a brief safety demonstration.", "Channel":"npc" }
{ "timestamp":"2017-10-06T08:56:11Z", "event":"Music", "MusicTrack":"NoTrack" }
{ "timestamp":"2017-10-06T08:56:24Z", "event":"FSDJump", "StarSystem":"Suttora", "StarPos":[113.000,-9.031,-81.000], "SystemAllegiance":"Federation", "SystemEconomy":"$economy_Refinery;", "SystemEconomy_Localised":"Refinery", "SystemGovernment":"$government_Confederacy;", "SystemGovernment_Localised":"Confederacy", "SystemSecurity":"$SYSTEM_SECURITY_medium;", "SystemSecurity_Localised":"Medium Security", "Population":38274, "JumpDist":11.412, "FuelUsed":0.788819, "FuelLevel":5.988420, "Factions":[ { "Name":"HIP 36731 Services", "FactionState":"None", "Government":"Corporate", "Influence":0.058000, "Allegiance":"Federation", "PendingStates":[ { "State":"Boom", "Trend":1 } ] }, { "Name":"Pilots Federation Local Branch", "FactionState":"None", "Government":"Democracy", "Influence":0.000000, "Allegiance":"PilotsFederation" }, { "Name":"Udegobo Silver Power Int", "FactionState":"None", "Government":"Corporate", "Influence":0.176000, "Allegiance":"Federation", "RecoveringStates":[ { "State":"Boom", "Trend":0 } ] }, { "Name":"Alliance of Suttora", "FactionState":"None", "Government":"Confederacy", "Influence":0.283000, "Allegiance":"Federation", "RecoveringStates":[ { "State":"Retreat", "Trend":0 } ] }, { "Name":"Confederation of Dewindji", "FactionState":"Boom", "Government":"Confederacy", "Influence":0.291000, "Allegiance":"Federation" }, { "Name":"Suttora Silver Society", "FactionState":"CivilWar", "Government":"Anarchy", "Influence":0.096000, "Allegiance":"Independent" }, { "Name":"Suttora Advanced Commodities", "FactionState":"CivilWar", "Government":"Corporate", "Influence":0.096000, "Allegiance":"Independent", "RecoveringStates":[ { "State":"Famine", "Trend":0 } ] } ], "SystemFaction":"Alliance of Suttora" }
{ "timestamp":"2017-10-06T08:56:24Z", "event":"Music", "MusicTrack":"Supercruise" }
{ "timestamp":"2017-10-06T08:56:39Z", "event":"FuelScoop", "Scooped":0.056962, "Total":6.045388 }
{ "timestamp":"2017-10-06T08:56:58Z", "event":"StartJump", "JumpType":"Hyperspace", "StarSystem":"Kappa", "StarClass":"M" }
{ "timestamp":"2017-10-06T08:57:04Z", "event":"Music", "MusicTrack":"NoTrack" }
{ "timestamp":"2017-10-06T08:57:17Z", "event":"FSDJump", "StarSystem":"Kappa", "StarPos":[120.969,-11.906,-85.156], "SystemAllegiance":"Federation", "SystemEconomy":"$economy_HighTech;", "SystemEconomy_Localised":"High Tech", "SystemGovernment":"$government_Corporate;", "SystemGovernment_Localised":"Corporate", "SystemSecurity":"$SYSTEM_SECURITY_medium;", "SystemSecurity_Localised":"Medium Security", "Population":5724331, "JumpDist":9.436, "FuelUsed":0.505988, "FuelLevel":5.539401, "Factions":[ { "Name":"HIP 36731 Services", "FactionState":"None", "Government":"Corporate", "Influence":0.483000, "Allegiance":"Federation", "PendingStates":[ { "State":"Boom", "Trend":1 } ] }, { "Name":"Pilots Federation Local Branch", "FactionState":"None", "Government":"Democracy", "Influence":0.000000, "Allegiance":"PilotsFederation" }, { "Name":"Udegobo Silver Power Int", "FactionState":"None", "Government":"Corporate", "Influence":0.209000, "Allegiance":"Federation", "RecoveringStates":[ { "State":"Boom", "Trend":0 } ] }, { "Name":"Tjiwang Gold Brotherhood", "FactionState":"None", "Government":"Anarchy", "Influence":0.010000, "Allegiance":"Independent" }, { "Name":"Kappa Public PLC", "FactionState":"None", "Government":"Corporate", "Influence":0.061000, "Allegiance":"Independent" }, { "Name":"League of Kappa", "FactionState":"None", "Government":"Dictatorship", "Influence":0.037000, "Allegiance":"Independent" }, { "Name":"Union of Kappa Free", "FactionState":"CivilWar", "Government":"Democracy", "Influence":0.118000, "Allegiance":"Independent" }, { "Name":"Natural Kappa Focus", "FactionState":"CivilWar", "Government":"Dictatorship", "Influence":0.082000, "Allegiance":"Independent" } ], "SystemFaction":"HIP 36731 Services" }
{ "timestamp":"2017-10-06T08:57:17Z", "event":"Music", "MusicTrack":"DestinationFromHyperspace" }
{ "timestamp":"2017-10-06T08:57:22Z", "event":"Music", "MusicTrack":"Supercruise" }
{ "timestamp":"2017-10-06T08:57:24Z", "event":"FuelScoop", "Scooped":0.000503, "Total":5.539903 }
{ "timestamp":"2017-10-06T08:59:21Z", "event":"SupercruiseExit", "StarSystem":"Kappa", "Body":"Poisson Orbital", "BodyType":"Station" }
{ "timestamp":"2017-10-06T08:59:22Z", "event":"Music", "MusicTrack":"DestinationFromSupercruise" }
{ "timestamp":"2017-10-06T08:59:27Z", "event":"Music", "MusicTrack":"NoTrack" }
{ "timestamp":"2017-10-06T08:59:30Z", "event":"ReceiveText", "From":"Poisson Orbital", "Message":"$STATION_NoFireZone_entered;", "Message_Localised":"No fire zone entered.", "Channel":"npc" }
{ "timestamp":"2017-10-06T08:59:38Z", "event":"DockingRequested", "StationName":"Poisson Orbital" }
{ "timestamp":"2017-10-06T08:59:38Z", "event":"ReceiveText", "From":"Poisson Orbital", "Message":"$DockingChatter_Friendly;", "Message_Localised":"It's great to see you again, Commander.", "Channel":"npc" }
{ "timestamp":"2017-10-06T08:59:39Z", "event":"ReceiveText", "From":"Poisson Orbital", "Message":"$STATION_docking_granted;", "Message_Localised":"Docking request granted.", "Channel":"npc" }
{ "timestamp":"2017-10-06T08:59:39Z", "event":"DockingGranted", "LandingPad":43, "StationName":"Poisson Orbital" }
{ "timestamp":"2017-10-06T09:00:09Z", "event":"Music", "MusicTrack":"Starport" }
{ "timestamp":"2017-10-06T09:00:36Z", "event":"Docked", "StationName":"Poisson Orbital", "StationType":"Coriolis", "StarSystem":"Kappa", "StationFaction":"HIP 36731 Services", "StationGovernment":"$government_Corporate;", "StationGovernment_Localised":"Corporate", "StationAllegiance":"Federation", "StationServices":[ "Dock", "Autodock", "Commodities", "Contacts", "Exploration", "Missions", "Outfitting", "CrewLounge", "Rearm", "Refuel", "Repair", "Shipyard", "Tuning", "MissionsGenerated", "FlightController", "StationOperations", "Powerplay", "SearchAndRescue" ], "StationEconomy":"$economy_HighTech;", "StationEconomy_Localised":"High Tech", "DistFromStarLS":595.269714 }
{ "timestamp":"2017-10-06T09:02:00Z", "event":"RefuelAll", "Cost":535, "Amount":10.661884 }
{ "timestamp":"2017-10-06T09:02:02Z", "event":"BuyAmmo", "Cost":25 }
{ "timestamp":"2017-10-06T09:02:04Z", "event":"RepairAll", "Cost":540 }
{ "timestamp":"2017-10-06T09:02:13Z", "event":"Repair", "Item":"Paint", "Cost":4 }
{ "timestamp":"2017-10-06T09:02:24Z", "event":"ReceiveText", "From":"$npc_name_decorate:#name=Worthog;", "From_Localised":"Worthog", "Message":"$Commuter_AuthorityScan08;", "Message_Localised":"You've got no right to scan me, officer!", "Channel":"npc" }
{ "timestamp":"2017-10-06T09:05:00Z", "event":"ModuleBuy", "Slot":"Slot06_Size2", "SellItem":"$int_stellarbodydiscoveryscanner_standard_name;", "SellItem_Localised":"D - Scanner", "SellPrice":1000, "BuyItem":"$int_stellarbodydiscoveryscanner_intermediate_name;", "BuyItem_Localised":"D - Scanner", "BuyPrice":505000, "Ship":"cobramkiii", "ShipID":1 }
{ "timestamp":"2017-10-06T09:05:11Z", "event":"ModuleBuy", "Slot":"Slot05_Size2", "SellItem":"$int_fuelscoop_size1_class1_name;", "SellItem_Localised":"Fuel Scoop", "SellPrice":309, "BuyItem":"$int_fuelscoop_size2_class5_name;", "BuyItem_Localised":"Fuel Scoop", "BuyPrice":284844, "Ship":"cobramkiii", "ShipID":1 }
{ "timestamp":"2017-10-06T09:05:21Z", "event":"ModuleBuy", "Slot":"Slot02_Size4", "SellItem":"$int_cargorack_size4_class1_name;", "SellItem_Localised":"Cargo Rack", "SellPrice":34328, "BuyItem":"$int_passengercabin_size3_class2_name;", "BuyItem_Localised":"BC Passenger Cabin", "BuyPrice":26705, "Ship":"cobramkiii", "ShipID":1 }
{ "timestamp":"2017-10-06T09:05:31Z", "event":"ModuleBuy", "Slot":"Slot03_Size4", "SellItem":"$int_cargorack_size4_class1_name;", "SellItem_Localised":"Cargo Rack", "SellPrice":34328, "BuyItem":"$int_passengercabin_size4_class2_name;", "BuyItem_Localised":"BC Passenger Cabin", "BuyPrice":56862, "Ship":"cobramkiii", "ShipID":1 }
{ "timestamp":"2017-10-06T09:07:18Z", "event":"ReceiveText", "From":"$npc_name_decorate:#name=Iain Peirse;", "From_Localised":"Iain Peirse", "Message":"$Smuggler_NearDeath05;", "Message_Localised":"The boss isn't going to like this.", "Channel":"npc" }
{ "timestamp":"2017-10-06T09:11:49Z", "event":"ModuleBuy", "Slot":"Slot02_Size4", "SellItem":"$int_passengercabin_size3_class2_name;", "SellItem_Localised":"BC Passenger Cabin", "SellPrice":26705, "BuyItem":"$int_cargorack_size4_class1_name;", "BuyItem_Localised":"Cargo Rack", "BuyPrice":34328, "Ship":"cobramkiii", "ShipID":1 }
{ "timestamp":"2017-10-06T09:12:01Z", "event":"ModuleBuy", "Slot":"Slot03_Size4", "SellItem":"$int_passengercabin_size4_class2_name;", "SellItem_Localised":"BC Passenger Cabin", "SellPrice":56862, "BuyItem":"$int_cargorack_size4_class1_name;", "BuyItem_Localised":"Cargo Rack", "BuyPrice":34328, "Ship":"cobramkiii", "ShipID":1 }
{ "timestamp":"2017-10-06T09:14:02Z", "event":"ReceiveText", "From":"$npc_name_decorate:#name=MPB;", "From_Localised":"MPB", "Message":"$Commuter_AuthorityScan04;", "Message_Localised":"Is this really necessary?", "Channel":"npc" }
{ "timestamp":"2017-10-06T09:34:49Z", "event":"Music", "MusicTrack":"GalaxyMap" }
{ "timestamp":"2017-10-06T09:35:43Z", "event":"Music", "MusicTrack":"SystemMap" }
{ "timestamp":"2017-10-06T09:37:57Z", "event":"Music", "MusicTrack":"GalaxyMap" }
{ "timestamp":"2017-10-06T09:38:06Z", "event":"Music", "MusicTrack":"SystemMap" }
{ "timestamp":"2017-10-06T09:54:06Z", "event":"Music", "MusicTrack":"Starport" }
{ "timestamp":"2017-10-06T09:54:12Z", "event":"Music", "MusicTrack":"Exploration" }
