{ "timestamp":"2017-10-17T07:27:42Z", "event":"Fileheader", "part":1, "language":"English\\UK", "gameversion":"2.4", "build":"r156431/r0 " }
{ "timestamp":"2017-10-17T07:27:42Z", "event":"Music", "MusicTrack":"NoTrack" }
{ "timestamp":"2017-10-17T07:27:42Z", "event":"Music", "MusicTrack":"MainMenu" }
{ "timestamp":"2017-10-17T07:34:08Z", "event":"Cargo", "Inventory":[  ] }
{ "timestamp":"2017-10-17T07:34:08Z", "event":"Loadout", "Ship":"DiamondBackXL", "ShipID":2, "ShipName":"KONNYAKU", "ShipIdent":"IG-E01", "Modules":[ { "Slot":"LargeHardpoint1", "Item":"Hpt_PulseLaser_Gimbal_Large", "On":true, "Priority":0, "Health":0.994020, "Value":140600 }, { "Slot":"MediumHardpoint2", "Item":"Hpt_MiningLaser_Fixed_Small", "On":true, "Priority":0, "Health":0.984353, "Value":6800 }, { "Slot":"TinyHardpoint1", "Item":"Hpt_HeatSinkLauncher_Turret_Tiny", "On":true, "Priority":0, "AmmoInClip":1, "AmmoInHopper":2, "Health":0.997299, "Value":3500 }, { "Slot":"TinyHardpoint2", "Item":"Hpt_HeatSinkLauncher_Turret_Tiny", "On":true, "Priority":0, "AmmoInClip":1, "AmmoInHopper":2, "Health":0.989419, "Value":3500 }, { "Slot":"TinyHardpoint4", "Item":"Hpt_ChaffLauncher_Tiny", "On":true, "Priority":0, "AmmoInClip":1, "AmmoInHopper":10, "Health":0.984160, "Value":8500 }, { "Slot":"Armour", "Item":"DiamondBackXL_Armour_Grade1", "On":true, "Priority":1, "Health":1.000000, "Value":0 }, { "Slot":"PowerPlant", "Item":"Int_Powerplant_Size4_Class4", "On":true, "Priority":1, "Health":0.993120, "Value":536693 }, { "Slot":"MainEngines", "Item":"Int_Engine_Size4_Class4", "On":false, "Priority":0, "Health":0.996931, "Value":536693 }, { "Slot":"FrameShiftDrive", "Item":"Int_Hyperdrive_Size5_Class4", "On":true, "Priority":0, "Health":0.999750, "Value":1701318 }, { "Slot":"LifeSupport", "Item":"Int_LifeSupport_Size3_Class2", "On":true, "Priority":0, "Health":0.993309, "Value":10133 }, { "Slot":"PowerDistributor", "Item":"Int_PowerDistributor_Size4_Class2", "On":true, "Priority":0, "Health":0.980621, "Value":28373 }, { "Slot":"Radar", "Item":"Int_Sensors_Size3_Class2", "On":true, "Priority":0, "Health":0.997002, "Value":10133 }, { "Slot":"FuelTank", "Item":"Int_FuelTank_Size5_Class3", "On":true, "Priority":1, "Health":1.000000, "Value":97754 }, { "Slot":"Decal1", "Item":"Decal_Explorer_Surveyor", "On":true, "Priority":1, "Health":1.000000, "Value":0 }, { "Slot":"Decal2", "Item":"Decal_Explorer_Surveyor", "On":true, "Priority":1, "Health":1.000000, "Value":0 }, { "Slot":"Decal3", "Item":"Decal_Explorer_Surveyor", "On":true, "Priority":1, "Health":1.000000, "Value":0 }, { "Slot":"Slot01_Size4", "Item":"Int_ShieldGenerator_Size4_Class1", "On":true, "Priority":2, "Health":0.994591, "Value":19878 }, { "Slot":"Slot02_Size4", "Item":"Int_FuelScoop_Size4_Class4", "On":true, "Priority":0, "Health":0.995509, "Value":715591 }, { "Slot":"Slot03_Size3", "Item":"Int_BuggyBay_Size2_Class2", "On":true, "Priority":0, "Health":0.995906, "Value":21600 }, { "Slot":"Slot04_Size3", "Item":"Int_Repairer_Size3_Class2", "On":true, "Priority":0, "AmmoInClip":3200, "Health":0.987025, "Value":97200 }, { "Slot":"Slot05_Size2", "Item":"Int_StellarBodyDiscoveryScanner_Advanced", "On":true, "Priority":1, "Health":0.996946, "Value":1545000 }, { "Slot":"Slot06_Size2", "Item":"Int_DetailedSurfaceScanner_Tiny", "On":true, "Priority":1, "Health":1.000000, "Value":250000 }, { "Slot":"PlanetaryApproachSuite", "Item":"Int_PlanetApproachSuite", "On":true, "Priority":1, "Health":1.000000, "Value":500 }, { "Slot":"ShipCockpit", "Item":"DiamondBackXL_Cockpit", "On":true, "Priority":1, "Health":1.000000, "Value":0 }, { "Slot":"CargoHatch", "Item":"ModularCargoBayDoor", "On":true, "Priority":2, "Health":0.991189, "Value":0 } ] }
{ "timestamp":"2017-10-17T07:34:08Z", "event":"Materials", "Raw":[ { "Name":"carbon", "Count":2 }, { "Name":"iron", "Count":3 } ], "Manufactured":[ { "Name":"mechanicalscrap", "Count":8 }, { "Name":"gridresistors", "Count":3 }, { "Name":"heatdispersionplate", "Count":5 }, { "Name":"salvagedalloys", "Count":6 }, { "Name":"hybridcapacitors", "Count":5 }, { "Name":"heatconductionwiring", "Count":2 } ], "Encoded":[ { "Name":"shieldsoakanalysis", "Count":3 }, { "Name":"disruptedwakeechoes", "Count":5 }, { "Name":"shieldcyclerecordings", "Count":9 }, { "Name":"emissiondata", "Count":3 }, { "Name":"bulkscandata", "Count":9 }, { "Name":"scrambledemissiondata", "Count":7 }, { "Name":"archivedemissiondata", "Count":3 }, { "Name":"shielddensityreports", "Count":9 }, { "Name":"legacyfirmware", "Count":1 } ] }
{ "timestamp":"2017-10-17T07:34:08Z", "event":"LoadGame", "Commander":"Igaguri", "Ship":"DiamondBackXL", "ShipID":2, "ShipName":"KONNYAKU", "ShipIdent":"IG-E01", "FuelLevel":25.770315, "FuelCapacity":32.000000, "StartLanded":true, "GameMode":"Solo", "Credits":726550, "Loan":0 }
{ "timestamp":"2017-10-17T07:34:08Z", "event":"Rank", "Combat":1, "Trade":4, "Explore":4, "Empire":0, "Federation":1, "CQC":0 }
{ "timestamp":"2017-10-17T07:34:08Z", "event":"Progress", "Combat":26, "Trade":1, "Explore":9, "Empire":0, "Federation":100, "CQC":0 }
{ "timestamp":"2017-10-17T07:34:32Z", "event":"Location", "Latitude":-36.711685, "Longitude":69.632179, "Docked":false, "StarSystem":"Praea Euq GA-A c5", "StarPos":[199.406,12.375,223.563], "SystemAllegiance":"", "SystemEconomy":"$economy_None;", "SystemEconomy_Localised":"None", "SystemGovernment":"$government_None;", "SystemGovernment_Localised":"None", "SystemSecurity":"$GAlAXY_MAP_INFO_state_anarchy;", "SystemSecurity_Localised":"Anarchy", "Population":0, "Body":"Praea Euq GA-A c5 AB 1 a", "BodyType":"Planet" }
{ "timestamp":"2017-10-17T07:34:32Z", "event":"Music", "MusicTrack":"NoTrack" }
{ "timestamp":"2017-10-17T07:34:32Z", "event":"Touchdown", "PlayerControlled":true, "Latitude":-36.711685, "Longitude":69.632179 }
{ "timestamp":"2017-10-17T07:34:33Z", "event":"Music", "MusicTrack":"Exploration" }
{ "timestamp":"2017-10-17T07:40:08Z", "event":"Liftoff", "PlayerControlled":true, "Latitude":-36.711685, "Longitude":69.632179 }
{ "timestamp":"2017-10-17T07:40:34Z", "event":"StartJump", "JumpType":"Supercruise" }
{ "timestamp":"2017-10-17T07:40:39Z", "event":"SupercruiseEntry", "StarSystem":"Praea Euq GA-A c5" }
{ "timestamp":"2017-10-17T07:40:39Z", "event":"Music", "MusicTrack":"Supercruise" }
{ "timestamp":"2017-10-17T07:40:45Z", "event":"Music", "MusicTrack":"GalaxyMap" }
{ "timestamp":"2017-10-17T07:40:56Z", "event":"Music", "MusicTrack":"Supercruise" }
{ "timestamp":"2017-10-17T07:42:09Z", "event":"StartJump", "JumpType":"Hyperspace", "StarSystem":"Praea Euq EF-A c2", "StarClass":"K" }
{ "timestamp":"2017-10-17T07:42:14Z", "event":"Music", "MusicTrack":"NoTrack" }
{ "timestamp":"2017-10-17T07:42:28Z", "event":"FSDJump", "StarSystem":"Praea Euq EF-A c2", "StarPos":[194.844,16.563,247.125], "SystemAllegiance":"", "SystemEconomy":"$economy_None;", "SystemEconomy_Localised":"None", "SystemGovernment":"$government_None;", "SystemGovernment_Localised":"None", "SystemSecurity":"$GAlAXY_MAP_INFO_state_anarchy;", "SystemSecurity_Localised":"Anarchy", "Population":0, "JumpDist":24.363, "FuelUsed":3.298479, "FuelLevel":22.471836 }
{ "timestamp":"2017-10-17T07:42:28Z", "event":"Music", "MusicTrack":"Supercruise" }
{ "timestamp":"2017-10-17T07:43:00Z", "event":"FuelScoop", "Scooped":3.421041, "Total":25.892878 }
{ "timestamp":"2017-10-17T07:43:04Z", "event":"Music", "MusicTrack":"SystemMap" }
{ "timestamp":"2017-10-17T07:43:05Z", "event":"Music", "MusicTrack":"Supercruise" }
{ "timestamp":"2017-10-17T07:43:34Z", "event":"Music", "MusicTrack":"SystemMap" }
{ "timestamp":"2017-10-17T07:43:40Z", "event":"Music", "MusicTrack":"Supercruise" }
{ "timestamp":"2017-10-17T07:43:44Z", "event":"Scan", "BodyName":"Praea Euq EF-A c2 A", "DistanceFromArrivalLS":0.000000, "StarType":"K", "StellarMass":0.597656, "Radius":460560704.000000, "AbsoluteMagnitude":7.101639, "Age_MY":3942, "SurfaceTemperature":4209.000000, "Luminosity":"Va", "SemiMajorAxis":19331073179648.000000, "Eccentricity":0.025812, "OrbitalInclination":-0.911194, "Periapsis":260.455322, "OrbitalPeriod":120702738432.000000, "RotationPeriod":229161.546875, "AxialTilt":0.000000 }
{ "timestamp":"2017-10-17T07:45:37Z", "event":"Music", "MusicTrack":"SystemMap" }
{ "timestamp":"2017-10-17T07:45:39Z", "event":"Music", "MusicTrack":"Supercruise" }
{ "timestamp":"2017-10-17T07:45:58Z", "event":"StartJump", "JumpType":"Hyperspace", "StarSystem":"Praea Euq TR-W b1-7", "StarClass":"M" }
{ "timestamp":"2017-10-17T07:46:04Z", "event":"Music", "MusicTrack":"NoTrack" }
{ "timestamp":"2017-10-17T07:46:17Z", "event":"FSDJump", "StarSystem":"Praea Euq TR-W b1-7", "StarPos":[198.906,12.844,272.469], "SystemAllegiance":"", "SystemEconomy":"$economy_None;", "SystemEconomy_Localised":"None", "SystemGovernment":"$government_None;", "SystemGovernment_Localised":"None", "SystemSecurity":"$GAlAXY_MAP_INFO_state_anarchy;", "SystemSecurity_Localised":"Anarchy", "Population":0, "JumpDist":25.935, "FuelUsed":3.847714, "FuelLevel":22.045164 }
{ "timestamp":"2017-10-17T07:46:17Z", "event":"Music", "MusicTrack":"Supercruise" }
{ "timestamp":"2017-10-17T07:46:53Z", "event":"FuelScoop", "Scooped":5.003397, "Total":27.048574 }
{ "timestamp":"2017-10-17T07:47:12Z", "event":"FuelScoop", "Scooped":4.951413, "Total":32.000000 }
{ "timestamp":"2017-10-17T07:47:17Z", "event":"Music", "MusicTrack":"SystemMap" }
{ "timestamp":"2017-10-17T07:47:21Z", "event":"Music", "MusicTrack":"Supercruise" }
{ "timestamp":"2017-10-17T07:47:27Z", "event":"Music", "MusicTrack":"GalaxyMap" }
{ "timestamp":"2017-10-17T07:48:14Z", "event":"Music", "MusicTrack":"Supercruise" }
{ "timestamp":"2017-10-17T07:48:40Z", "event":"StartJump", "JumpType":"Hyperspace", "StarSystem":"Praea Euq OM-W c1-8", "StarClass":"K" }
{ "timestamp":"2017-10-17T07:48:45Z", "event":"Music", "MusicTrack":"NoTrack" }
{ "timestamp":"2017-10-17T07:48:58Z", "event":"FSDJump", "StarSystem":"Praea Euq OM-W c1-8", "StarPos":[195.938,11.656,295.781], "SystemAllegiance":"", "SystemEconomy":"$economy_None;", "SystemEconomy_Localised":"None", "SystemGovernment":"$government_None;", "SystemGovernment_Localised":"None", "SystemSecurity":"$GAlAXY_MAP_INFO_state_anarchy;", "SystemSecurity_Localised":"Anarchy", "Population":0, "JumpDist":23.531, "FuelUsed":3.151367, "FuelLevel":28.848633 }
{ "timestamp":"2017-10-17T07:48:59Z", "event":"Music", "MusicTrack":"Supercruise" }
{ "timestamp":"2017-10-17T07:49:23Z", "event":"FuelScoop", "Scooped":3.151399, "Total":32.000000 }
{ "timestamp":"2017-10-17T07:49:34Z", "event":"Music", "MusicTrack":"SystemMap" }
{ "timestamp":"2017-10-17T07:49:35Z", "event":"Music", "MusicTrack":"Supercruise" }
{ "timestamp":"2017-10-17T07:49:55Z", "event":"StartJump", "JumpType":"Hyperspace", "StarSystem":"Praea Euq HG-Y d127", "StarClass":"F" }
{ "timestamp":"2017-10-17T07:50:00Z", "event":"Music", "MusicTrack":"NoTrack" }
{ "timestamp":"2017-10-17T07:50:13Z", "event":"FSDJump", "StarSystem":"Praea Euq HG-Y d127", "StarPos":[202.656,10.219,320.969], "SystemAllegiance":"", "SystemEconomy":"$economy_None;", "SystemEconomy_Localised":"None", "SystemGovernment":"$government_None;", "SystemGovernment_Localised":"None", "SystemSecurity":"$GAlAXY_MAP_INFO_state_anarchy;", "SystemSecurity_Localised":"Anarchy", "Population":0, "JumpDist":26.108, "FuelUsed":4.065257, "FuelLevel":27.934742 }
{ "timestamp":"2017-10-17T07:50:13Z", "event":"Music", "MusicTrack":"Supercruise" }
{ "timestamp":"2017-10-17T07:50:41Z", "event":"FuelScoop", "Scooped":4.585286, "Total":32.000000 }
{ "timestamp":"2017-10-17T07:51:14Z", "event":"Music", "MusicTrack":"SystemMap" }
{ "timestamp":"2017-10-17T07:51:18Z", "event":"Music", "MusicTrack":"Supercruise" }
{ "timestamp":"2017-10-17T07:51:20Z", "event":"Scan", "BodyName":"Praea Euq HG-Y d127 A", "DistanceFromArrivalLS":0.000000, "StarType":"F", "StellarMass":1.257813, "Radius":760151232.000000, "AbsoluteMagnitude":3.723618, "Age_MY":1658, "SurfaceTemperature":7130.000000, "Luminosity":"VI", "SemiMajorAxis":1146736345088.000000, "Eccentricity":0.239546, "OrbitalInclination":21.530401, "Periapsis":342.892853, "OrbitalPeriod":1634243712.000000, "RotationPeriod":426602.781250, "AxialTilt":0.000000 }
{ "timestamp":"2017-10-17T07:52:06Z", "event":"StartJump", "JumpType":"Hyperspace", "StarSystem":"Praea Euq SS-U c2-17", "StarClass":"K" }
{ "timestamp":"2017-10-17T07:52:12Z", "event":"Music", "MusicTrack":"NoTrack" }
{ "timestamp":"2017-10-17T07:52:25Z", "event":"FSDJump", "StarSystem":"Praea Euq SS-U c2-17", "StarPos":[205.625,5.719,344.500], "SystemAllegiance":"", "SystemEconomy":"$economy_None;", "SystemEconomy_Localised":"None", "SystemGovernment":"$government_None;", "SystemGovernment_Localised":"None", "SystemSecurity":"$GAlAXY_MAP_INFO_state_anarchy;", "SystemSecurity_Localised":"Anarchy", "Population":0, "JumpDist":24.141, "FuelUsed":3.355066, "FuelLevel":28.644934 }
{ "timestamp":"2017-10-17T07:52:25Z", "event":"Music", "MusicTrack":"Supercruise" }
{ "timestamp":"2017-10-17T07:52:48Z", "event":"FuelScoop", "Scooped":3.355067, "Total":32.000000 }
{ "timestamp":"2017-10-17T07:52:52Z", "event":"Music", "MusicTrack":"SystemMap" }
{ "timestamp":"2017-10-17T07:52:55Z", "event":"Music", "MusicTrack":"Supercruise" }
{ "timestamp":"2017-10-17T07:53:24Z", "event":"Scan", "BodyName":"Praea Euq SS-U c2-17 A", "DistanceFromArrivalLS":0.000000, "StarType":"K", "StellarMass":0.742188, "Radius":542892416.000000, "AbsoluteMagnitude":5.840179, "Age_MY":12782, "SurfaceTemperature":5183.000000, "Luminosity":"Vab", "SemiMajorAxis":8649435512832.000000, "Eccentricity":0.266260, "OrbitalInclination":-4.412947, "Periapsis":246.669815, "OrbitalPeriod":74748256256.000000, "RotationPeriod":285269.125000, "AxialTilt":0.000000 }
{ "timestamp":"2017-10-17T07:53:52Z", "event":"StartJump", "JumpType":"Hyperspace", "StarSystem":"Praea Euq OW-N b6-5", "StarClass":"M" }
{ "timestamp":"2017-10-17T07:53:57Z", "event":"Music", "MusicTrack":"NoTrack" }
{ "timestamp":"2017-10-17T07:54:10Z", "event":"FSDJump", "StarSystem":"Praea Euq OW-N b6-5", "StarPos":[218.781,-2.781,362.844], "SystemAllegiance":"", "SystemEconomy":"$economy_None;", "SystemEconomy_Localised":"None", "SystemGovernment":"$government_None;", "SystemGovernment_Localised":"None", "SystemSecurity":"$GAlAXY_MAP_INFO_state_anarchy;", "SystemSecurity_Localised":"Anarchy", "Population":0, "JumpDist":24.121, "FuelUsed":3.348508, "FuelLevel":28.651493 }
{ "timestamp":"2017-10-17T07:54:10Z", "event":"Music", "MusicTrack":"Supercruise" }
{ "timestamp":"2017-10-17T07:54:41Z", "event":"FuelScoop", "Scooped":3.348519, "Total":32.000000 }
{ "timestamp":"2017-10-17T07:55:23Z", "event":"Scan", "BodyName":"Praea Euq OW-N b6-5 A", "DistanceFromArrivalLS":0.000000, "StarType":"M", "StellarMass":0.253906, "Radius":320327296.000000, "AbsoluteMagnitude":10.314285, "Age_MY":482, "SurfaceTemperature":2409.000000, "Luminosity":"Va", "SemiMajorAxis":751460286464.000000, "Eccentricity":0.114787, "OrbitalInclination":26.535305, "Periapsis":122.889374, "OrbitalPeriod":2657819392.000000, "RotationPeriod":136412.828125, "AxialTilt":0.000000 }
{ "timestamp":"2017-10-17T07:56:37Z", "event":"Music", "MusicTrack":"SystemMap" }
{ "timestamp":"2017-10-17T07:56:39Z", "event":"Music", "MusicTrack":"Supercruise" }
{ "timestamp":"2017-10-17T07:58:14Z", "event":"Scan", "BodyName":"Praea Euq OW-N b6-5 B", "DistanceFromArrivalLS":7784.375000, "StarType":"L", "StellarMass":0.140625, "Radius":190939872.000000, "AbsoluteMagnitude":13.047913, "Age_MY":482, "SurfaceTemperature":1663.000000, "Luminosity":"V", "SemiMajorAxis":1356803866624.000000, "Eccentricity":0.114787, "OrbitalInclination":26.535305, "Periapsis":302.889374, "OrbitalPeriod":2657819392.000000, "RotationPeriod":83856.414063, "AxialTilt":0.000000 }
{ "timestamp":"2017-10-17T07:59:06Z", "event":"StartJump", "JumpType":"Hyperspace", "StarSystem":"Praea Euq XY-S c3-45", "StarClass":"K" }
{ "timestamp":"2017-10-17T07:59:12Z", "event":"Music", "MusicTrack":"NoTrack" }
{ "timestamp":"2017-10-17T07:59:25Z", "event":"FSDJump", "StarSystem":"Praea Euq XY-S c3-45", "StarPos":[225.219,4.031,386.531], "SystemAllegiance":"", "SystemEconomy":"$economy_None;", "SystemEconomy_Localised":"None", "SystemGovernment":"$government_None;", "SystemGovernment_Localised":"None", "SystemSecurity":"$GAlAXY_MAP_INFO_state_anarchy;", "SystemSecurity_Localised":"Anarchy", "Population":0, "JumpDist":25.474, "FuelUsed":3.827823, "FuelLevel":28.172176 }
{ "timestamp":"2017-10-17T07:59:25Z", "event":"Music", "MusicTrack":"Supercruise" }
{ "timestamp":"2017-10-17T07:59:47Z", "event":"FuelScoop", "Scooped":3.827831, "Total":32.000000 }
{ "timestamp":"2017-10-17T07:59:51Z", "event":"Music", "MusicTrack":"SystemMap" }
{ "timestamp":"2017-10-17T08:00:06Z", "event":"Music", "MusicTrack":"Supercruise" }
{ "timestamp":"2017-10-17T08:01:08Z", "event":"Scan", "BodyName":"Praea Euq XY-S c3-45 3", "DistanceFromArrivalLS":585.279358, "TidalLock":false, "TerraformState":"", "PlanetClass":"Rocky ice body", "Atmosphere":"thick ammonia rich atmosphere", "AtmosphereType":"AmmoniaRich", "AtmosphereComposition":[ { "Name":"Nitrogen", "Percent":45.278831 }, { "Name":"Ammonia", "Percent":38.519085 }, { "Name":"Methane", "Percent":15.683908 } ], "Volcanism":"major water geysers volcanism", "MassEM":1.475715, "Radius":8213262.000000, "SurfaceGravity":8.719275, "SurfaceTemperature":485.917664, "SurfacePressure":504835072.000000, "Landable":false, "SemiMajorAxis":175462072320.000000, "Eccentricity":0.000025, "OrbitalInclination":-0.009214, "Periapsis":154.093719, "OrbitalPeriod":58761624.000000, "RotationPeriod":70781.812500, "AxialTilt":-0.092504 }
{ "timestamp":"2017-10-17T08:01:10Z", "event":"Music", "MusicTrack":"SystemMap" }
{ "timestamp":"2017-10-17T08:01:16Z", "event":"Music", "MusicTrack":"Supercruise" }
{ "timestamp":"2017-10-17T08:03:07Z", "event":"Scan", "BodyName":"Praea Euq XY-S c3-45 4", "DistanceFromArrivalLS":829.644958, "TidalLock":false, "TerraformState":"", "PlanetClass":"Rocky ice body", "Atmosphere":"thick methane rich atmosphere", "AtmosphereType":"MethaneRich", "AtmosphereComposition":[ { "Name":"Ammonia", "Percent":33.213444 }, { "Name":"Methane", "Percent":33.213444 }, { "Name":"Nitrogen", "Percent":33.213444 } ], "Volcanism":"major water geysers volcanism", "MassEM":2.340500, "Radius":9391344.000000, "SurfaceGravity":10.577005, "SurfaceTemperature":478.782135, "SurfacePressure":1012733568.000000, "Landable":false, "SemiMajorAxis":248715821056.000000, "Eccentricity":0.000050, "OrbitalInclination":0.402634, "Periapsis":211.576035, "OrbitalPeriod":99168560.000000, "RotationPeriod":124370.671875, "AxialTilt":0.298694 }
{ "timestamp":"2017-10-17T08:04:23Z", "event":"Music", "MusicTrack":"SystemMap" }
{ "timestamp":"2017-10-17T08:04:35Z", "event":"Music", "MusicTrack":"Supercruise" }
{ "timestamp":"2017-10-17T08:05:52Z", "event":"Scan", "BodyName":"Praea Euq XY-S c3-45 5", "DistanceFromArrivalLS":1498.845337, "TidalLock":false, "TerraformState":"", "PlanetClass":"Sudarsky class I gas giant", "Atmosphere":"", "AtmosphereComposition":[ { "Name":"Hydrogen", "Percent":74.493164 }, { "Name":"Helium", "Percent":25.506845 } ], "Volcanism":"", "MassEM":121.360489, "Radius":62460524.000000, "SurfaceGravity":12.398681, "SurfaceTemperature":85.879669, "SurfacePressure":0.000000, "Landable":false, "SemiMajorAxis":116971856.000000, "Eccentricity":0.081167, "OrbitalInclination":-4.249316, "Periapsis":263.292969, "OrbitalPeriod":32084544.000000, "RotationPeriod":111161.203125, "AxialTilt":0.145599, "Rings":[ { "Name":"Praea Euq XY-S c3-45 5 A Ring", "RingClass":"eRingClass_Icy", "MassMT":9.7651e+10, "InnerRad":9.8732e+07, "OuterRad":1.7236e+08 } ], "ReserveLevel":"PristineResources" }
{ "timestamp":"2017-10-17T08:06:22Z", "event":"Scan", "BodyName":"Praea Euq XY-S c3-45 6", "DistanceFromArrivalLS":1535.569580, "TidalLock":false, "TerraformState":"", "PlanetClass":"Icy body", "Atmosphere":"helium atmosphere", "AtmosphereType":"Helium", "AtmosphereComposition":[ { "Name":"Helium", "Percent":78.923248 }, { "Name":"Nitrogen", "Percent":19.044632 }, { "Name":"Neon", "Percent":2.032112 } ], "Volcanism":"water geysers volcanism", "MassEM":1.323414, "Radius":8452395.000000, "SurfaceGravity":7.383214, "SurfaceTemperature":68.541176, "SurfacePressure":32590.693359, "Landable":false, "SemiMajorAxis":10726851584.000000, "Eccentricity":0.081167, "OrbitalInclination":-4.249316, "Periapsis":83.292969, "OrbitalPeriod":32084544.000000, "RotationPeriod":87518.890625, "AxialTilt":-0.331377, "Rings":[ { "Name":"Praea Euq XY-S c3-45 6 A Ring", "RingClass":"eRingClass_Icy", "MassMT":1647.7, "InnerRad":1.6191e+07, "OuterRad":3.8222e+07 } ], "ReserveLevel":"PristineResources" }
{ "timestamp":"2017-10-17T08:06:48Z", "event":"Scan", "BodyName":"Praea Euq XY-S c3-45 5 d", "DistanceFromArrivalLS":1496.855591, "TidalLock":false, "TerraformState":"", "PlanetClass":"Icy body", "Atmosphere":"thick methane atmosphere", "AtmosphereType":"Methane", "AtmosphereComposition":[ { "Name":"Methane", "Percent":100.000000 } ], "Volcanism":"major water geysers volcanism", "MassEM":0.000583, "Radius":737712.500000, "SurfaceGravity":0.426657, "SurfaceTemperature":171.218979, "SurfacePressure":914862.937500, "Landable":false, "SemiMajorAxis":2021617.125000, "Eccentricity":0.106848, "OrbitalInclination":0.400907, "Periapsis":129.979294, "OrbitalPeriod":99149.984375, "RotationPeriod":100478.515625, "AxialTilt":0.386964 }
{ "timestamp":"2017-10-17T08:07:09Z", "event":"Music", "MusicTrack":"SystemMap" }
{ "timestamp":"2017-10-17T08:07:13Z", "event":"Music", "MusicTrack":"Supercruise" }
{ "timestamp":"2017-10-17T08:07:27Z", "event":"Scan", "BodyName":"Praea Euq XY-S c3-45 5 e", "DistanceFromArrivalLS":1496.871704, "TidalLock":false, "TerraformState":"", "PlanetClass":"Icy body", "Atmosphere":"thick methane atmosphere", "AtmosphereType":"Methane", "AtmosphereComposition":[ { "Name":"Methane", "Percent":100.000000 } ], "Volcanism":"major water geysers volcanism", "MassEM":0.000444, "Radius":674388.312500, "SurfaceGravity":0.389520, "SurfaceTemperature":167.467300, "SurfacePressure":762531.125000, "Landable":false, "SemiMajorAxis":2649734.750000, "Eccentricity":0.106848, "OrbitalInclination":0.400907, "Periapsis":309.979279, "OrbitalPeriod":99149.984375, "RotationPeriod":263295.125000, "AxialTilt":0.359741 }
{ "timestamp":"2017-10-17T08:07:39Z", "event":"Music", "MusicTrack":"SystemMap" }
{ "timestamp":"2017-10-17T08:07:41Z", "event":"Music", "MusicTrack":"Supercruise" }
{ "timestamp":"2017-10-17T08:07:47Z", "event":"Scan", "BodyName":"Praea Euq XY-S c3-45 5 c", "DistanceFromArrivalLS":1496.842773, "TidalLock":true, "TerraformState":"", "PlanetClass":"Icy body", "Atmosphere":"methane atmosphere", "AtmosphereType":"Methane", "AtmosphereComposition":[ { "Name":"Methane", "Percent":100.000000 } ], "Volcanism":"", "MassEM":0.000695, "Radius":782296.312500, "SurfaceGravity":0.452868, "SurfaceTemperature":146.101898, "SurfacePressure":236418.421875, "Landable":false, "SemiMajorAxis":681033472.000000, "Eccentricity":0.000160, "OrbitalInclination":-0.663449, "Periapsis":19.984871, "OrbitalPeriod":507726.718750, "RotationPeriod":507732.125000, "AxialTilt":-0.351709 }
{ "timestamp":"2017-10-17T08:07:48Z", "event":"Music", "MusicTrack":"SystemMap" }
{ "timestamp":"2017-10-17T08:07:52Z", "event":"Music", "MusicTrack":"Supercruise" }
{ "timestamp":"2017-10-17T08:08:18Z", "event":"Scan", "BodyName":"Praea Euq XY-S c3-45 5 b", "DistanceFromArrivalLS":1499.046265, "TidalLock":true, "TerraformState":"", "PlanetClass":"Icy body", "Atmosphere":"methane atmosphere", "AtmosphereType":"Methane", "AtmosphereComposition":[ { "Name":"Methane", "Percent":100.000000 } ], "Volcanism":"carbon dioxide geysers volcanism", "MassEM":0.000192, "Radius":510238.125000, "SurfaceGravity":0.293737, "SurfaceTemperature":158.576111, "SurfacePressure":433627.250000, "Landable":false, "SemiMajorAxis":392152640.000000, "Eccentricity":0.000705, "OrbitalInclination":-0.001677, "Periapsis":225.336227, "OrbitalPeriod":221850.312500, "RotationPeriod":221852.640625, "AxialTilt":-0.154315 }
{ "timestamp":"2017-10-17T08:08:35Z", "event":"Scan", "BodyName":"Praea Euq XY-S c3-45 5 a", "DistanceFromArrivalLS":1498.256104, "TidalLock":true, "TerraformState":"", "PlanetClass":"Icy body", "Atmosphere":"methane atmosphere", "AtmosphereType":"Methane", "AtmosphereComposition":[ { "Name":"Methane", "Percent":100.000000 } ], "Volcanism":"major water geysers volcanism", "MassEM":0.000214, "Radius":529101.125000, "SurfaceGravity":0.304709, "SurfaceTemperature":161.625534, "SurfacePressure":466626.750000, "Landable":false, "SemiMajorAxis":244703200.000000, "Eccentricity":0.000451, "OrbitalInclination":0.000017, "Periapsis":172.538254, "OrbitalPeriod":109354.546875, "RotationPeriod":109355.695313, "AxialTilt":0.302570 }
{ "timestamp":"2017-10-17T08:09:41Z", "event":"Music", "MusicTrack":"SystemMap" }
{ "timestamp":"2017-10-17T08:09:46Z", "event":"Music", "MusicTrack":"Supercruise" }
{ "timestamp":"2017-10-17T08:11:48Z", "event":"Scan", "BodyName":"Praea Euq XY-S c3-45 7", "DistanceFromArrivalLS":2124.660645, "TidalLock":false, "TerraformState":"", "PlanetClass":"Icy body", "Atmosphere":"helium atmosphere", "AtmosphereType":"Helium", "AtmosphereComposition":[ { "Name":"Helium", "Percent":89.334976 }, { "Name":"Hydrogen", "Percent":8.427828 }, { "Name":"Neon", "Percent":2.237205 } ], "Volcanism":"major water geysers volcanism", "MassEM":3.799396, "Radius":11461746.000000, "SurfaceGravity":11.527163, "SurfaceTemperature":57.209141, "SurfacePressure":72116.828125, "Landable":false, "SemiMajorAxis":643330670592.000000, "Eccentricity":0.010370, "OrbitalInclination":0.075631, "Periapsis":253.498840, "OrbitalPeriod":412544000.000000, "RotationPeriod":75763.281250, "AxialTilt":0.165159, "Rings":[ { "Name":"Praea Euq XY-S c3-45 7 A Ring", "RingClass":"eRingClass_Icy", "MassMT":2.2761e+09, "InnerRad":1.8912e+07, "OuterRad":5.6626e+07 } ], "ReserveLevel":"PristineResources" }
{ "timestamp":"2017-10-17T08:13:51Z", "event":"Music", "MusicTrack":"MainMenu" }
{ "timestamp":"2017-10-17T09:15:06Z", "event":"Cargo", "Inventory":[  ] }
{ "timestamp":"2017-10-17T09:15:06Z", "event":"Loadout", "Ship":"DiamondBackXL", "ShipID":2, "ShipName":"KONNYAKU", "ShipIdent":"IG-E01", "Modules":[ { "Slot":"LargeHardpoint1", "Item":"Hpt_PulseLaser_Gimbal_Large", "On":true, "Priority":0, "Health":0.994020, "Value":140600 }, { "Slot":"MediumHardpoint2", "Item":"Hpt_MiningLaser_Fixed_Small", "On":true, "Priority":0, "Health":0.984353, "Value":6800 }, { "Slot":"TinyHardpoint1", "Item":"Hpt_HeatSinkLauncher_Turret_Tiny", "On":true, "Priority":0, "AmmoInClip":1, "AmmoInHopper":2, "Health":0.997299, "Value":3500 }, { "Slot":"TinyHardpoint2", "Item":"Hpt_HeatSinkLauncher_Turret_Tiny", "On":true, "Priority":0, "AmmoInClip":1, "AmmoInHopper":2, "Health":0.989419, "Value":3500 }, { "Slot":"TinyHardpoint4", "Item":"Hpt_ChaffLauncher_Tiny", "On":true, "Priority":0, "AmmoInClip":1, "AmmoInHopper":10, "Health":0.984160, "Value":8500 }, { "Slot":"Armour", "Item":"DiamondBackXL_Armour_Grade1", "On":true, "Priority":1, "Health":1.000000, "Value":0 }, { "Slot":"PowerPlant", "Item":"Int_Powerplant_Size4_Class4", "On":true, "Priority":1, "Health":0.993120, "Value":536693 }, { "Slot":"MainEngines", "Item":"Int_Engine_Size4_Class4", "On":true, "Priority":0, "Health":0.996931, "Value":536693 }, { "Slot":"FrameShiftDrive", "Item":"Int_Hyperdrive_Size5_Class4", "On":true, "Priority":0, "Health":0.999750, "Value":1701318 }, { "Slot":"LifeSupport", "Item":"Int_LifeSupport_Size3_Class2", "On":true, "Priority":0, "Health":0.993309, "Value":10133 }, { "Slot":"PowerDistributor", "Item":"Int_PowerDistributor_Size4_Class2", "On":true, "Priority":0, "Health":0.980621, "Value":28373 }, { "Slot":"Radar", "Item":"Int_Sensors_Size3_Class2", "On":true, "Priority":0, "Health":0.997002, "Value":10133 }, { "Slot":"FuelTank", "Item":"Int_FuelTank_Size5_Class3", "On":true, "Priority":1, "Health":1.000000, "Value":97754 }, { "Slot":"Decal1", "Item":"Decal_Explorer_Surveyor", "On":true, "Priority":1, "Health":1.000000, "Value":0 }, { "Slot":"Decal2", "Item":"Decal_Explorer_Surveyor", "On":true, "Priority":1, "Health":1.000000, "Value":0 }, { "Slot":"Decal3", "Item":"Decal_Explorer_Surveyor", "On":true, "Priority":1, "Health":1.000000, "Value":0 }, { "Slot":"Slot01_Size4", "Item":"Int_ShieldGenerator_Size4_Class1", "On":true, "Priority":2, "Health":0.994591, "Value":19878 }, { "Slot":"Slot02_Size4", "Item":"Int_FuelScoop_Size4_Class4", "On":true, "Priority":0, "Health":0.995509, "Value":715591 }, { "Slot":"Slot03_Size3", "Item":"Int_BuggyBay_Size2_Class2", "On":true, "Priority":0, "Health":0.995906, "Value":21600 }, { "Slot":"Slot04_Size3", "Item":"Int_Repairer_Size3_Class2", "On":true, "Priority":0, "AmmoInClip":3200, "Health":0.987025, "Value":97200 }, { "Slot":"Slot05_Size2", "Item":"Int_StellarBodyDiscoveryScanner_Advanced", "On":true, "Priority":1, "Health":0.996946, "Value":1545000 }, { "Slot":"Slot06_Size2", "Item":"Int_DetailedSurfaceScanner_Tiny", "On":true, "Priority":1, "Health":1.000000, "Value":250000 }, { "Slot":"PlanetaryApproachSuite", "Item":"Int_PlanetApproachSuite", "On":true, "Priority":1, "Health":1.000000, "Value":500 }, { "Slot":"ShipCockpit", "Item":"DiamondBackXL_Cockpit", "On":true, "Priority":1, "Health":1.000000, "Value":0 }, { "Slot":"CargoHatch", "Item":"ModularCargoBayDoor", "On":true, "Priority":2, "Health":0.991189, "Value":0 } ] }
{ "timestamp":"2017-10-17T09:15:06Z", "event":"Materials", "Raw":[ { "Name":"carbon", "Count":2 }, { "Name":"iron", "Count":3 } ], "Manufactured":[ { "Name":"mechanicalscrap", "Count":8 }, { "Name":"gridresistors", "Count":3 }, { "Name":"heatdispersionplate", "Count":5 }, { "Name":"salvagedalloys", "Count":6 }, { "Name":"hybridcapacitors", "Count":5 }, { "Name":"heatconductionwiring", "Count":2 } ], "Encoded":[ { "Name":"shieldsoakanalysis", "Count":3 }, { "Name":"disruptedwakeechoes", "Count":5 }, { "Name":"shieldcyclerecordings", "Count":9 }, { "Name":"emissiondata", "Count":3 }, { "Name":"bulkscandata", "Count":9 }, { "Name":"scrambledemissiondata", "Count":7 }, { "Name":"archivedemissiondata", "Count":3 }, { "Name":"shielddensityreports", "Count":9 }, { "Name":"legacyfirmware", "Count":1 } ] }
{ "timestamp":"2017-10-17T09:15:06Z", "event":"LoadGame", "Commander":"Igaguri", "Ship":"DiamondBackXL", "ShipID":2, "ShipName":"KONNYAKU", "ShipIdent":"IG-E01", "FuelLevel":31.480000, "FuelCapacity":32.000000, "GameMode":"Solo", "Credits":726550, "Loan":0 }
{ "timestamp":"2017-10-17T09:15:06Z", "event":"Rank", "Combat":1, "Trade":4, "Explore":4, "Empire":0, "Federation":1, "CQC":0 }
{ "timestamp":"2017-10-17T09:15:06Z", "event":"Progress", "Combat":26, "Trade":1, "Explore":9, "Empire":0, "Federation":100, "CQC":0 }
{ "timestamp":"2017-10-17T09:15:09Z", "event":"Location", "Docked":false, "StarSystem":"Praea Euq XY-S c3-45", "StarPos":[225.219,4.031,386.531], "SystemAllegiance":"", "SystemEconomy":"$economy_None;", "SystemEconomy_Localised":"None", "SystemGovernment":"$government_None;", "SystemGovernment_Localised":"None", "SystemSecurity":"$GAlAXY_MAP_INFO_state_anarchy;", "SystemSecurity_Localised":"Anarchy", "Population":0, "Body":"Praea Euq XY-S c3-45 7", "BodyType":"Planet" }
{ "timestamp":"2017-10-17T09:15:09Z", "event":"Music", "MusicTrack":"NoTrack" }
{ "timestamp":"2017-10-17T09:15:09Z", "event":"Music", "MusicTrack":"Exploration" }
{ "timestamp":"2017-10-17T09:15:17Z", "event":"Music", "MusicTrack":"GalaxyMap" }
{ "timestamp":"2017-10-17T09:15:22Z", "event":"Music", "MusicTrack":"Exploration" }
{ "timestamp":"2017-10-17T09:15:36Z", "event":"StartJump", "JumpType":"Supercruise" }
{ "timestamp":"2017-10-17T09:15:41Z", "event":"SupercruiseEntry", "StarSystem":"Praea Euq XY-S c3-45" }
{ "timestamp":"2017-10-17T09:15:41Z", "event":"Music", "MusicTrack":"Supercruise" }
{ "timestamp":"2017-10-17T09:15:44Z", "event":"Music", "MusicTrack":"SystemMap" }
{ "timestamp":"2017-10-17T09:15:51Z", "event":"Music", "MusicTrack":"Supercruise" }
{ "timestamp":"2017-10-17T09:16:07Z", "event":"StartJump", "JumpType":"Hyperspace", "StarSystem":"Lupus Dark Region B Sector MM-W c1-2", "StarClass":"K" }
{ "timestamp":"2017-10-17T09:16:13Z", "event":"Music", "MusicTrack":"NoTrack" }
{ "timestamp":"2017-10-17T09:16:26Z", "event":"FSDJump", "StarSystem":"Lupus Dark Region B Sector MM-W c1-2", "StarPos":[234.031,6.813,408.375], "SystemAllegiance":"", "SystemEconomy":"$economy_None;", "SystemEconomy_Localised":"None", "SystemGovernment":"$government_None;", "SystemGovernment_Localised":"None", "SystemSecurity":"$GAlAXY_MAP_INFO_state_anarchy;", "SystemSecurity_Localised":"Anarchy", "Population":0, "JumpDist":23.718, "FuelUsed":3.202755, "FuelLevel":28.277245 }
{ "timestamp":"2017-10-17T09:16:26Z", "event":"Music", "MusicTrack":"Supercruise" }
{ "timestamp":"2017-10-17T09:16:50Z", "event":"FuelScoop", "Scooped":3.722749, "Total":32.000000 }
{ "timestamp":"2017-10-17T09:16:58Z", "event":"Music", "MusicTrack":"SystemMap" }
{ "timestamp":"2017-10-17T09:17:01Z", "event":"Music", "MusicTrack":"Supercruise" }
{ "timestamp":"2017-10-17T09:17:26Z", "event":"Scan", "BodyName":"Lupus Dark Region B Sector MM-W c1-2 A", "DistanceFromArrivalLS":0.000000, "StarType":"K", "StellarMass":0.812500, "Radius":570315072.000000, "AbsoluteMagnitude":6.188721, "Age_MY":7370, "SurfaceTemperature":4667.000000, "Luminosity":"Va", "SemiMajorAxis":5772120948736.000000, "Eccentricity":0.043897, "OrbitalInclination":19.777580, "Periapsis":30.760303, "OrbitalPeriod":26901635072.000000, "RotationPeriod":241125.843750, "AxialTilt":0.000000 }
{ "timestamp":"2017-10-17T09:18:04Z", "event":"StartJump", "JumpType":"Hyperspace", "StarSystem":"Lupus Dark Region B Sector ZO-R b4-8", "StarClass":"M" }
{ "timestamp":"2017-10-17T09:18:09Z", "event":"Music", "MusicTrack":"NoTrack" }
{ "timestamp":"2017-10-17T09:18:22Z", "event":"FSDJump", "StarSystem":"Lupus Dark Region B Sector ZO-R b4-8", "StarPos":[238.000,16.656,427.906], "SystemAllegiance":"", "SystemEconomy":"$economy_None;", "SystemEconomy_Localised":"None", "SystemGovernment":"$government_None;", "SystemGovernment_Localised":"None", "SystemSecurity":"$GAlAXY_MAP_INFO_state_anarchy;", "SystemSecurity_Localised":"Anarchy", "Population":0, "JumpDist":22.229, "FuelUsed":2.741078, "FuelLevel":29.258923 }
{ "timestamp":"2017-10-17T09:18:22Z", "event":"Music", "MusicTrack":"Supercruise" }
{ "timestamp":"2017-10-17T09:18:44Z", "event":"FuelScoop", "Scooped":2.741064, "Total":32.000000 }
{ "timestamp":"2017-10-17T09:18:47Z", "event":"Music", "MusicTrack":"SystemMap" }
{ "timestamp":"2017-10-17T09:18:57Z", "event":"Music", "MusicTrack":"Supercruise" }
{ "timestamp":"2017-10-17T09:21:08Z", "event":"Scan", "BodyName":"Lupus Dark Region B Sector ZO-R b4-8 4", "DistanceFromArrivalLS":4136.857910, "TidalLock":false, "TerraformState":"", "PlanetClass":"Icy body", "Atmosphere":"helium atmosphere", "AtmosphereType":"Helium", "AtmosphereComposition":[ { "Name":"Helium", "Percent":89.334976 }, { "Name":"Hydrogen", "Percent":8.427828 }, { "Name":"Neon", "Percent":2.237205 } ], "Volcanism":"major water geysers volcanism", "MassEM":2.510989, "Radius":10208384.000000, "SurfaceGravity":9.603735, "SurfaceTemperature":31.172728, "SurfacePressure":50465.484375, "Landable":false, "SemiMajorAxis":1242435944448.000000, "Eccentricity":0.003014, "OrbitalInclination":-4.859166, "Periapsis":253.276093, "OrbitalPeriod":1208348928.000000, "RotationPeriod":144118.718750, "AxialTilt":-0.331934 }
{ "timestamp":"2017-10-17T09:21:29Z", "event":"StartJump", "JumpType":"Hyperspace", "StarSystem":"Praea Euq DA-H b10-11", "StarClass":"M" }
{ "timestamp":"2017-10-17T09:21:34Z", "event":"Music", "MusicTrack":"NoTrack" }
{ "timestamp":"2017-10-17T09:21:48Z", "event":"FSDJump", "StarSystem":"Praea Euq DA-H b10-11", "StarPos":[250.688,17.531,449.219], "SystemAllegiance":"", "SystemEconomy":"$economy_None;", "SystemEconomy_Localised":"None", "SystemGovernment":"$government_None;", "SystemGovernment_Localised":"None", "SystemSecurity":"$GAlAXY_MAP_INFO_state_anarchy;", "SystemSecurity_Localised":"Anarchy", "Population":0, "JumpDist":24.819, "FuelUsed":3.590583, "FuelLevel":28.409416 }
{ "timestamp":"2017-10-17T09:21:48Z", "event":"Music", "MusicTrack":"Supercruise" }
{ "timestamp":"2017-10-17T09:22:11Z", "event":"FuelScoop", "Scooped":3.590572, "Total":32.000000 }
{ "timestamp":"2017-10-17T09:22:14Z", "event":"Music", "MusicTrack":"SystemMap" }
{ "timestamp":"2017-10-17T09:22:20Z", "event":"Music", "MusicTrack":"Supercruise" }
{ "timestamp":"2017-10-17T09:22:28Z", "event":"Music", "MusicTrack":"SystemMap" }
{ "timestamp":"2017-10-17T09:22:29Z", "event":"Music", "MusicTrack":"Supercruise" }
{ "timestamp":"2017-10-17T09:22:44Z", "event":"StartJump", "JumpType":"Hyperspace", "StarSystem":"Praea Euq IG-F b11-10", "StarClass":"TTS" }
{ "timestamp":"2017-10-17T09:22:49Z", "event":"Music", "MusicTrack":"NoTrack" }
{ "timestamp":"2017-10-17T09:23:03Z", "event":"FSDJump", "StarSystem":"Praea Euq IG-F b11-10", "StarPos":[259.156,17.531,473.500], "SystemAllegiance":"", "SystemEconomy":"$economy_None;", "SystemEconomy_Localised":"None", "SystemGovernment":"$government_None;", "SystemGovernment_Localised":"None", "SystemSecurity":"$GAlAXY_MAP_INFO_state_anarchy;", "SystemSecurity_Localised":"Anarchy", "Population":0, "JumpDist":25.716, "FuelUsed":3.917116, "FuelLevel":28.082884 }
{ "timestamp":"2017-10-17T09:23:03Z", "event":"Music", "MusicTrack":"Supercruise" }
{ "timestamp":"2017-10-17T09:23:21Z", "event":"Music", "MusicTrack":"SystemMap" }
{ "timestamp":"2017-10-17T09:23:25Z", "event":"Music", "MusicTrack":"Supercruise" }
{ "timestamp":"2017-10-17T09:24:01Z", "event":"Scan", "BodyName":"Praea Euq IG-F b11-10", "DistanceFromArrivalLS":0.000000, "StarType":"TTS", "StellarMass":0.445313, "Radius":449290272.000000, "AbsoluteMagnitude":8.793152, "Age_MY":176, "SurfaceTemperature":2887.000000, "Luminosity":"Va", "RotationPeriod":191689.234375, "AxialTilt":0.000000 }
{ "timestamp":"2017-10-17T09:24:04Z", "event":"Music", "MusicTrack":"SystemMap" }
{ "timestamp":"2017-10-17T09:24:10Z", "event":"Music", "MusicTrack":"Supercruise" }
{ "timestamp":"2017-10-17T09:24:32Z", "event":"StartJump", "JumpType":"Hyperspace", "StarSystem":"Praea Euq IW-N c6-29", "StarClass":"K" }
{ "timestamp":"2017-10-17T09:24:38Z", "event":"Music", "MusicTrack":"NoTrack" }
{ "timestamp":"2017-10-17T09:24:51Z", "event":"FSDJump", "StarSystem":"Praea Euq IW-N c6-29", "StarPos":[268.219,16.469,495.375], "SystemAllegiance":"", "SystemEconomy":"$economy_None;", "SystemEconomy_Localised":"None", "SystemGovernment":"$government_None;", "SystemGovernment_Localised":"None", "SystemSecurity":"$GAlAXY_MAP_INFO_state_anarchy;", "SystemSecurity_Localised":"Anarchy", "Population":0, "JumpDist":23.702, "FuelUsed":3.129341, "FuelLevel":24.953543 }
{ "timestamp":"2017-10-17T09:24:51Z", "event":"Music", "MusicTrack":"Supercruise" }
{ "timestamp":"2017-10-17T09:25:20Z", "event":"FuelScoop", "Scooped":5.001335, "Total":29.954912 }
{ "timestamp":"2017-10-17T09:25:29Z", "event":"FuelScoop", "Scooped":2.045074, "Total":32.000000 }
{ "timestamp":"2017-10-17T09:25:45Z", "event":"Music", "MusicTrack":"SystemMap" }
{ "timestamp":"2017-10-17T09:25:53Z", "event":"Music", "MusicTrack":"Supercruise" }
{ "timestamp":"2017-10-17T09:26:49Z", "event":"Music", "MusicTrack":"SystemMap" }
{ "timestamp":"2017-10-17T09:26:52Z", "event":"Music", "MusicTrack":"Supercruise" }
{ "timestamp":"2017-10-17T09:27:06Z", "event":"Scan", "BodyName":"Praea Euq IW-N c6-29 1", "DistanceFromArrivalLS":792.047607, "TidalLock":false, "TerraformState":"", "PlanetClass":"High metal content body", "Atmosphere":"nitrogen atmosphere", "AtmosphereType":"Nitrogen", "AtmosphereComposition":[ { "Name":"Nitrogen", "Percent":70.578232 }, { "Name":"Oxygen", "Percent":17.803251 }, { "Name":"CarbonDioxide", "Percent":11.485570 } ], "Volcanism":"", "MassEM":0.395464, "Radius":4589403.500000, "SurfaceGravity":7.483484, "SurfaceTemperature":225.014816, "SurfacePressure":117114.851563, "Landable":false, "SemiMajorAxis":237450854400.000000, "Eccentricity":0.000167, "OrbitalInclination":-0.047603, "Periapsis":224.491577, "OrbitalPeriod":68537016.000000, "RotationPeriod":60324.464844, "AxialTilt":-0.275920 }
{ "timestamp":"2017-10-17T09:27:14Z", "event":"Music", "MusicTrack":"SystemMap" }
{ "timestamp":"2017-10-17T09:27:27Z", "event":"Music", "MusicTrack":"Supercruise" }
{ "timestamp":"2017-10-17T09:29:18Z", "event":"Music", "MusicTrack":"SystemMap" }
{ "timestamp":"2017-10-17T09:29:21Z", "event":"Music", "MusicTrack":"Supercruise" }
{ "timestamp":"2017-10-17T09:29:26Z", "event":"Scan", "BodyName":"Praea Euq IW-N c6-29 3", "DistanceFromArrivalLS":1592.171753, "TidalLock":false, "TerraformState":"", "PlanetClass":"Icy body", "Atmosphere":"thick nitrogen atmosphere", "AtmosphereType":"Nitrogen", "AtmosphereComposition":[ { "Name":"Nitrogen", "Percent":99.964630 } ], "Volcanism":"", "MassEM":0.361460, "Radius":5631262.000000, "SurfaceGravity":4.543166, "SurfaceTemperature":134.510437, "SurfacePressure":67379248.000000, "Landable":false, "SemiMajorAxis":477241638912.000000, "Eccentricity":0.000168, "OrbitalInclination":0.038570, "Periapsis":205.086746, "OrbitalPeriod":195286416.000000, "RotationPeriod":110463.390625, "AxialTilt":-0.246229 }
{ "timestamp":"2017-10-17T09:29:27Z", "event":"Music", "MusicTrack":"SystemMap" }
{ "timestamp":"2017-10-17T09:29:30Z", "event":"Music", "MusicTrack":"Supercruise" }
{ "timestamp":"2017-10-17T09:30:58Z", "event":"Scan", "BodyName":"Praea Euq IW-N c6-29 4", "DistanceFromArrivalLS":2170.725830, "TidalLock":false, "TerraformState":"", "PlanetClass":"Icy body", "Atmosphere":"argon rich atmosphere", "AtmosphereType":"ArgonRich", "AtmosphereComposition":[ { "Name":"Nitrogen", "Percent":96.537094 }, { "Name":"Argon", "Percent":3.185457 }, { "Name":"Neon", "Percent":0.277467 } ], "Volcanism":"minor water magma volcanism", "MassEM":0.559919, "Radius":6447436.000000, "SurfaceGravity":5.368591, "SurfaceTemperature":86.727226, "SurfacePressure":64720.304688, "Landable":false, "SemiMajorAxis":651911888896.000000, "Eccentricity":0.001864, "OrbitalInclination":0.040607, "Periapsis":218.713135, "OrbitalPeriod":311779712.000000, "RotationPeriod":58305.312500, "AxialTilt":-0.337629 }
{ "timestamp":"2017-10-17T09:31:03Z", "event":"Music", "MusicTrack":"SystemMap" }
{ "timestamp":"2017-10-17T09:31:07Z", "event":"Music", "MusicTrack":"Supercruise" }
{ "timestamp":"2017-10-17T09:34:16Z", "event":"Scan", "BodyName":"Praea Euq IW-N c6-29 5", "DistanceFromArrivalLS":3052.158447, "TidalLock":false, "TerraformState":"", "PlanetClass":"Icy body", "Atmosphere":"neon rich atmosphere", "AtmosphereType":"NeonRich", "AtmosphereComposition":[ { "Name":"Nitrogen", "Percent":97.703087 }, { "Name":"Neon", "Percent":2.296913 } ], "Volcanism":"", "MassEM":0.516899, "Radius":6290846.500000, "SurfaceGravity":5.205910, "SurfaceTemperature":72.227409, "SurfacePressure":13051.140625, "Landable":false, "SemiMajorAxis":917814640640.000000, "Eccentricity":0.003169, "OrbitalInclination":6.626787, "Periapsis":236.595139, "OrbitalPeriod":520831264.000000, "RotationPeriod":48732.656250, "AxialTilt":-0.265979 }
{ "timestamp":"2017-10-17T09:34:23Z", "event":"Music", "MusicTrack":"SystemMap" }
{ "timestamp":"2017-10-17T09:34:26Z", "event":"Music", "MusicTrack":"Supercruise" }
{ "timestamp":"2017-10-17T09:37:03Z", "event":"Scan", "BodyName":"Praea Euq IW-N c6-29 6", "DistanceFromArrivalLS":3606.492188, "TidalLock":false, "TerraformState":"", "PlanetClass":"Icy body", "Atmosphere":"methane rich atmosphere", "AtmosphereType":"MethaneRich", "AtmosphereComposition":[ { "Name":"Nitrogen", "Percent":87.684593 }, { "Name":"Methane", "Percent":7.061227 }, { "Name":"Argon", "Percent":5.054961 } ], "Volcanism":"water geysers volcanism", "MassEM":1.054008, "Radius":7875791.500000, "SurfaceGravity":6.772749, "SurfaceTemperature":110.228722, "SurfacePressure":419258.937500, "Landable":false, "SemiMajorAxis":1098057777152.000000, "Eccentricity":0.015527, "OrbitalInclination":-4.144831, "Periapsis":96.401260, "OrbitalPeriod":681557312.000000, "RotationPeriod":66252.218750, "AxialTilt":-2.504313 }
{ "timestamp":"2017-10-17T09:37:25Z", "event":"Scan", "BodyName":"Praea Euq IW-N c6-29 6 a", "DistanceFromArrivalLS":3599.094238, "TidalLock":false, "TerraformState":"", "PlanetClass":"Icy body", "Atmosphere":"methane atmosphere", "AtmosphereType":"Methane", "AtmosphereComposition":[ { "Name":"Methane", "Percent":79.758484 }, { "Name":"Nitrogen", "Percent":19.443937 }, { "Name":"Argon", "Percent":0.797585 } ], "Volcanism":"", "MassEM":0.070164, "Radius":3598947.250000, "SurfaceGravity":2.159103, "SurfaceTemperature":139.953110, "SurfacePressure":313450.343750, "Landable":false, "SemiMajorAxis":2578068992.000000, "Eccentricity":0.000000, "OrbitalInclination":80.069046, "Periapsis":53.138374, "OrbitalPeriod":38854908.000000, "RotationPeriod":108086.007813, "AxialTilt":0.320835 }
{ "timestamp":"2017-10-17T09:37:26Z", "event":"Music", "MusicTrack":"SystemMap" }
{ "timestamp":"2017-10-17T09:37:29Z", "event":"Music", "MusicTrack":"Supercruise" }
{ "timestamp":"2017-10-17T09:37:49Z", "event":"StartJump", "JumpType":"Hyperspace", "StarSystem":"Praea Euq KR-N c6-5", "StarClass":"TTS" }
{ "timestamp":"2017-10-17T09:37:55Z", "event":"Music", "MusicTrack":"NoTrack" }
{ "timestamp":"2017-10-17T09:38:08Z", "event":"FSDJump", "StarSystem":"Praea Euq KR-N c6-5", "StarPos":[271.531,10.469,520.063], "SystemAllegiance":"", "SystemEconomy":"$economy_None;", "SystemEconomy_Localised":"None", "SystemGovernment":"$government_None;", "SystemGovernment_Localised":"None", "SystemSecurity":"$GAlAXY_MAP_INFO_state_anarchy;", "SystemSecurity_Localised":"Anarchy", "Population":0, "JumpDist":25.621, "FuelUsed":3.869452, "FuelLevel":27.610548 }
{ "timestamp":"2017-10-17T09:38:08Z", "event":"Music", "MusicTrack":"Supercruise" }
{ "timestamp":"2017-10-17T09:38:23Z", "event":"Music", "MusicTrack":"SystemMap" }
{ "timestamp":"2017-10-17T09:38:31Z", "event":"Music", "MusicTrack":"Supercruise" }
{ "timestamp":"2017-10-17T09:39:05Z", "event":"Music", "MusicTrack":"SystemMap" }
{ "timestamp":"2017-10-17T09:39:08Z", "event":"Music", "MusicTrack":"Supercruise" }
{ "timestamp":"2017-10-17T09:39:30Z", "event":"Scan", "BodyName":"Praea Euq KR-N c6-5 B", "DistanceFromArrivalLS":67.141624, "StarType":"TTS", "StellarMass":0.613281, "Radius":554566144.000000, "AbsoluteMagnitude":7.753799, "Age_MY":100, "SurfaceTemperature":3301.000000, "Luminosity":"Va", "SemiMajorAxis":11355439104.000000, "Eccentricity":0.011941, "OrbitalInclination":41.070946, "Periapsis":47.436531, "OrbitalPeriod":1284701.625000, "RotationPeriod":270387.937500, "AxialTilt":0.000000, "Rings":[ { "Name":"Praea Euq KR-N c6-5 B A Belt", "RingClass":"eRingClass_Rocky", "MassMT":6.431e+13, "InnerRad":9.1503e+08, "OuterRad":2.1215e+09 } ] }
{ "timestamp":"2017-10-17T09:39:32Z", "event":"Music", "MusicTrack":"SystemMap" }
{ "timestamp":"2017-10-17T09:39:37Z", "event":"Music", "MusicTrack":"Supercruise" }
{ "timestamp":"2017-10-17T09:39:56Z", "event":"Scan", "BodyName":"Praea Euq KR-N c6-5 C", "DistanceFromArrivalLS":1637.592041, "StarType":"TTS", "StellarMass":0.347656, "Radius":383832416.000000, "AbsoluteMagnitude":9.907059, "Age_MY":100, "SurfaceTemperature":2417.000000, "Luminosity":"IVb", "SemiMajorAxis":438217015296.000000, "Eccentricity":0.155183, "OrbitalInclination":118.240044, "Periapsis":11.711561, "OrbitalPeriod":164796528.000000, "RotationPeriod":182621.500000, "AxialTilt":0.000000, "Rings":[ { "Name":"Praea Euq KR-N c6-5 C A Belt", "RingClass":"eRingClass_MetalRich", "MassMT":4.0549e+13, "InnerRad":6.0351e+08, "OuterRad":1.6968e+09 } ] }
{ "timestamp":"2017-10-17T09:39:57Z", "event":"Music", "MusicTrack":"SystemMap" }
{ "timestamp":"2017-10-17T09:40:00Z", "event":"Music", "MusicTrack":"Supercruise" }
{ "timestamp":"2017-10-17T09:40:09Z", "event":"Music", "MusicTrack":"SystemMap" }
{ "timestamp":"2017-10-17T09:40:24Z", "event":"Music", "MusicTrack":"Supercruise" }
{ "timestamp":"2017-10-17T09:45:38Z", "event":"Scan", "BodyName":"Praea Euq KR-N c6-5 D", "DistanceFromArrivalLS":52929.242188, "StarType":"TTS", "StellarMass":0.402344, "Radius":417155648.000000, "AbsoluteMagnitude":8.257919, "Age_MY":100, "SurfaceTemperature":3389.000000, "Luminosity":"Va", "SemiMajorAxis":13543367770112.000000, "Eccentricity":0.468318, "OrbitalInclination":-62.692791, "Periapsis":82.742592, "OrbitalPeriod":25041725440.000000, "RotationPeriod":181464.125000, "AxialTilt":0.000000, "Rings":[ { "Name":"Praea Euq KR-N c6-5 D A Belt", "RingClass":"eRingClass_MetalRich", "MassMT":8.3829e+13, "InnerRad":7.1073e+08, "OuterRad":1.7814e+09 } ] }
{ "timestamp":"2017-10-17T09:46:03Z", "event":"StartJump", "JumpType":"Hyperspace", "StarSystem":"Praea Euq ZE-Y b14-0", "StarClass":"M" }
{ "timestamp":"2017-10-17T09:46:08Z", "event":"Music", "MusicTrack":"NoTrack" }
{ "timestamp":"2017-10-17T09:46:21Z", "event":"FSDJump", "StarSystem":"Praea Euq ZE-Y b14-0", "StarPos":[279.281,18.344,540.125], "SystemAllegiance":"", "SystemEconomy":"$economy_None;", "SystemEconomy_Localised":"None", "SystemGovernment":"$government_None;", "SystemGovernment_Localised":"None", "SystemSecurity":"$GAlAXY_MAP_INFO_state_anarchy;", "SystemSecurity_Localised":"Anarchy", "Population":0, "JumpDist":22.904, "FuelUsed":2.868843, "FuelLevel":24.741705 }
{ "timestamp":"2017-10-17T09:46:21Z", "event":"Music", "MusicTrack":"Supercruise" }
{ "timestamp":"2017-10-17T09:46:53Z", "event":"FuelScoop", "Scooped":5.002113, "Total":29.743855 }
{ "timestamp":"2017-10-17T09:47:02Z", "event":"FuelScoop", "Scooped":2.256150, "Total":32.000000 }
{ "timestamp":"2017-10-17T09:47:09Z", "event":"Music", "MusicTrack":"SystemMap" }
{ "timestamp":"2017-10-17T09:47:19Z", "event":"Music", "MusicTrack":"Supercruise" }
{ "timestamp":"2017-10-17T09:47:44Z", "event":"Scan", "BodyName":"Praea Euq ZE-Y b14-0", "DistanceFromArrivalLS":0.000000, "StarType":"M", "StellarMass":0.359375, "Radius":364156896.000000, "AbsoluteMagnitude":9.005173, "Age_MY":5346, "SurfaceTemperature":3054.000000, "Luminosity":"Va", "RotationPeriod":219354.171875, "AxialTilt":0.000000 }
{ "timestamp":"2017-10-17T09:48:16Z", "event":"StartJump", "JumpType":"Hyperspace", "StarSystem":"Praea Euq FG-W b15-5", "StarClass":"TTS" }
{ "timestamp":"2017-10-17T09:48:22Z", "event":"Music", "MusicTrack":"NoTrack" }
{ "timestamp":"2017-10-17T09:48:35Z", "event":"FSDJump", "StarSystem":"Praea Euq FG-W b15-5", "StarPos":[280.563,10.781,564.656], "SystemAllegiance":"", "SystemEconomy":"$economy_None;", "SystemEconomy_Localised":"None", "SystemGovernment":"$government_None;", "SystemGovernment_Localised":"None", "SystemSecurity":"$GAlAXY_MAP_INFO_state_anarchy;", "SystemSecurity_Localised":"Anarchy", "Population":0, "JumpDist":25.702, "FuelUsed":3.912370, "FuelLevel":28.087629 }
{ "timestamp":"2017-10-17T09:48:35Z", "event":"Music", "MusicTrack":"Supercruise" }
{ "timestamp":"2017-10-17T09:49:08Z", "event":"Music", "MusicTrack":"GalaxyMap" }
{ "timestamp":"2017-10-17T09:49:10Z", "event":"Music", "MusicTrack":"Supercruise" }
{ "timestamp":"2017-10-17T09:49:11Z", "event":"Music", "MusicTrack":"SystemMap" }
{ "timestamp":"2017-10-17T09:49:19Z", "event":"Music", "MusicTrack":"Supercruise" }
{ "timestamp":"2017-10-17T09:49:21Z", "event":"Scan", "BodyName":"Praea Euq FG-W b15-5", "DistanceFromArrivalLS":0.000000, "StarType":"TTS", "StellarMass":0.425781, "Radius":435706272.000000, "AbsoluteMagnitude":8.563232, "Age_MY":184, "SurfaceTemperature":3091.000000, "Luminosity":"Va", "RotationPeriod":192704.578125, "AxialTilt":0.000000 }
{ "timestamp":"2017-10-17T09:49:22Z", "event":"Music", "MusicTrack":"SystemMap" }
{ "timestamp":"2017-10-17T09:49:25Z", "event":"Music", "MusicTrack":"Supercruise" }
{ "timestamp":"2017-10-17T09:51:21Z", "event":"Scan", "BodyName":"Praea Euq FG-W b15-5 3 a", "DistanceFromArrivalLS":1483.619751, "TidalLock":false, "TerraformState":"", "PlanetClass":"Icy body", "Atmosphere":"", "AtmosphereType":"None", "Volcanism":"", "MassEM":0.008395, "Radius":1802560.375000, "SurfaceGravity":1.029735, "SurfaceTemperature":54.441631, "SurfacePressure":0.000000, "Landable":true, "Materials":[ { "Name":"sulphur", "Percent":27.060392 }, { "Name":"carbon", "Percent":22.754990 }, { "Name":"phosphorus", "Percent":14.568133 }, { "Name":"iron", "Percent":11.722059 }, { "Name":"nickel", "Percent":8.866074 }, { "Name":"chromium", "Percent":5.271799 }, { "Name":"manganese", "Percent":4.841091 }, { "Name":"vanadium", "Percent":2.878530 }, { "Name":"niobium", "Percent":0.801140 }, { "Name":"ruthenium", "Percent":0.723912 }, { "Name":"mercury", "Percent":0.511883 } ], "SemiMajorAxis":1042520256.000000, "Eccentricity":0.000000, "OrbitalInclination":-14.386971, "Periapsis":2.299943, "OrbitalPeriod":14045128.000000, "RotationPeriod":49079.757813, "AxialTilt":-0.004296 }
