{ "timestamp":"2017-10-04T22:21:05Z", "event":"Fileheader", "part":1, "language":"English\\UK", "gameversion":"2.4", "build":"r155756/r0 " }
{ "timestamp":"2017-10-04T22:21:05Z", "event":"Music", "MusicTrack":"NoTrack" }
{ "timestamp":"2017-10-04T22:21:05Z", "event":"Music", "MusicTrack":"MainMenu" }
{ "timestamp":"2017-10-04T22:21:59Z", "event":"Cargo", "Inventory":[  ] }
{ "timestamp":"2017-10-04T22:21:59Z", "event":"Loadout", "Ship":"SideWinder", "ShipID":0, "ShipName":"HanPEN EXP", "ShipIdent":"IG-01C", "Modules":[ { "Slot":"TinyHardpoint1", "Item":"Hpt_HeatSinkLauncher_Turret_Tiny", "On":true, "Priority":0, "AmmoInClip":1, "AmmoInHopper":2, "Health":1.000000, "Value":3500 }, { "Slot":"TinyHardpoint2", "Item":"Hpt_HeatSinkLauncher_Turret_Tiny", "On":true, "Priority":0, "AmmoInClip":1, "AmmoInHopper":2, "Health":1.000000, "Value":3500 }, { "Slot":"Armour", "Item":"SideWinder_Armour_Grade1", "On":true, "Priority":1, "Health":1.000000, "Value":0 }, { "Slot":"PaintJob", "Item":"PaintJob_sidewinder_vibrant_yellow", "On":true, "Priority":1, "Health":1.000000, "Value":0 }, { "Slot":"PowerPlant", "Item":"Int_Powerplant_Size2_Class2", "On":true, "Priority":1, "Health":1.000000, "Value":5934 }, { "Slot":"MainEngines", "Item":"Int_Engine_Size2_Class2", "On":true, "Priority":0, "Health":1.000000, "Value":5934 }, { "Slot":"FrameShiftDrive", "Item":"Int_Hyperdrive_Size2_Class5", "On":true, "Priority":0, "Health":1.000000, "Value":160224 }, { "Slot":"LifeSupport", "Item":"Int_LifeSupport_Size1_Class2", "On":true, "Priority":0, "Health":1.000000, "Value":1293 }, { "Slot":"PowerDistributor", "Item":"Int_PowerDistributor_Size1_Class2", "On":true, "Priority":0, "Health":1.000000, "Value":1293 }, { "Slot":"Radar", "Item":"Int_Sensors_Size1_Class2", "On":true, "Priority":0, "Health":1.000000, "Value":1293 }, { "Slot":"FuelTank", "Item":"Int_FuelTank_Size1_Class3", "On":true, "Priority":1, "Health":1.000000, "Value":0 }, { "Slot":"Decal1", "Item":"Decal_Explorer_Mostly_Aimless", "On":true, "Priority":1, "Health":1.000000, "Value":0 }, { "Slot":"Slot01_Size2", "Item":"Int_FuelTank_Size2_Class3", "On":true, "Priority":1, "Health":1.000000, "Value":3750 }, { "Slot":"Slot02_Size2", "Item":"Int_FuelScoop_Size2_Class4", "On":true, "Priority":0, "Health":1.000000, "Value":71211 }, { "Slot":"Slot03_Size1", "Item":"Int_StellarBodyDiscoveryScanner_Advanced", "On":true, "Priority":1, "Health":1.000000, "Value":1545000 }, { "Slot":"Slot04_Size1", "Item":"Int_DetailedSurfaceScanner_Tiny", "On":true, "Priority":1, "Health":1.000000, "Value":250000 }, { "Slot":"PlanetaryApproachSuite", "Item":"Int_PlanetApproachSuite", "On":true, "Priority":1, "Health":1.000000, "Value":0 }, { "Slot":"ShipCockpit", "Item":"Sidewinder_Cockpit", "On":true, "Priority":1, "Health":1.000000, "Value":0 }, { "Slot":"CargoHatch", "Item":"ModularCargoBayDoor", "On":true, "Priority":3, "Health":1.000000, "Value":0 } ] }
{ "timestamp":"2017-10-04T22:21:59Z", "event":"Materials", "Raw":[ { "Name":"carbon", "Count":3 } ], "Manufactured":[ { "Name":"mechanicalscrap", "Count":4 }, { "Name":"gridresistors", "Count":1 }, { "Name":"conductivecomponents", "Count":1 }, { "Name":"heatdispersionplate", "Count":6 }, { "Name":"salvagedalloys", "Count":6 }, { "Name":"hybridcapacitors", "Count":6 }, { "Name":"heatconductionwiring", "Count":3 } ], "Encoded":[ { "Name":"shieldsoakanalysis", "Count":3 }, { "Name":"disruptedwakeechoes", "Count":5 }, { "Name":"shieldcyclerecordings", "Count":3 }, { "Name":"emissiondata", "Count":3 }, { "Name":"bulkscandata", "Count":1 }, { "Name":"scrambledemissiondata", "Count":4 }, { "Name":"archivedemissiondata", "Count":3 } ] }
{ "timestamp":"2017-10-04T22:21:59Z", "event":"LoadGame", "Commander":"Igaguri", "Ship":"SideWinder", "ShipID":0, "ShipName":"HanPEN EXP", "ShipIdent":"IG-01C", "FuelLevel":6.000000, "FuelCapacity":6.000000, "GameMode":"Open", "Credits":2415914, "Loan":0 }
{ "timestamp":"2017-10-04T22:21:59Z", "event":"Rank", "Combat":0, "Trade":3, "Explore":3, "Empire":0, "Federation":0, "CQC":0 }
{ "timestamp":"2017-10-04T22:21:59Z", "event":"Progress", "Combat":0, "Trade":72, "Explore":39, "Empire":0, "Federation":63, "CQC":0 }
{ "timestamp":"2017-10-04T22:22:16Z", "event":"Location", "Docked":true, "StationName":"Poisson Orbital", "StationType":"Coriolis", "StarSystem":"Kappa", "StarPos":[120.969,-11.906,-85.156], "SystemAllegiance":"Federation", "SystemEconomy":"$economy_HighTech;", "SystemEconomy_Localised":"High Tech", "SystemGovernment":"$government_Corporate;", "SystemGovernment_Localised":"Corporate", "SystemSecurity":"$SYSTEM_SECURITY_medium;", "SystemSecurity_Localised":"Medium Security", "Population":5724331, "Body":"Poisson Orbital", "BodyType":"Station", "Factions":[ { "Name":"HIP 36731 Services", "FactionState":"None", "Government":"Corporate", "Influence":0.483516, "Allegiance":"Federation", "PendingStates":[ { "State":"Boom", "Trend":1 } ] }, { "Name":"Pilots Federation Local Branch", "FactionState":"None", "Government":"Democracy", "Influence":0.000000, "Allegiance":"PilotsFederation" }, { "Name":"Udegobo Silver Power Int", "FactionState":"None", "Government":"Corporate", "Influence":0.208791, "Allegiance":"Federation", "RecoveringStates":[ { "State":"Boom", "Trend":1 } ] }, { "Name":"Tjiwang Gold Brotherhood", "FactionState":"None", "Government":"Anarchy", "Influence":0.009990, "Allegiance":"Independent", "RecoveringStates":[ { "State":"Boom", "Trend":0 } ] }, { "Name":"Kappa Public PLC", "FactionState":"None", "Government":"Corporate", "Influence":0.060939, "Allegiance":"Independent" }, { "Name":"League of Kappa", "FactionState":"None", "Government":"Dictatorship", "Influence":0.036963, "Allegiance":"Independent" }, { "Name":"Union of Kappa Free", "FactionState":"None", "Government":"Democracy", "Influence":0.117882, "Allegiance":"Independent", "PendingStates":[ { "State":"CivilWar", "Trend":0 } ] }, { "Name":"Natural Kappa Focus", "FactionState":"None", "Government":"Dictatorship", "Influence":0.081918, "Allegiance":"Independent", "PendingStates":[ { "State":"CivilWar", "Trend":0 } ] } ], "SystemFaction":"HIP 36731 Services" }
{ "timestamp":"2017-10-04T22:22:16Z", "event":"Music", "MusicTrack":"NoTrack" }
{ "timestamp":"2017-10-04T22:22:16Z", "event":"Docked", "StationName":"Poisson Orbital", "StationType":"Coriolis", "StarSystem":"Kappa", "StationFaction":"HIP 36731 Services", "StationGovernment":"$government_Corporate;", "StationGovernment_Localised":"Corporate", "StationAllegiance":"Federation", "StationServices":[ "Dock", "Autodock", "Commodities", "Contacts", "Exploration", "Missions", "Outfitting", "CrewLounge", "Rearm", "Refuel", "Repair", "Shipyard", "Tuning", "MissionsGenerated", "FlightController", "StationOperations", "Powerplay", "SearchAndRescue" ], "StationEconomy":"$economy_HighTech;", "StationEconomy_Localised":"High Tech", "DistFromStarLS":595.196838 }
{ "timestamp":"2017-10-04T22:22:17Z", "event":"Music", "MusicTrack":"Starport" }
{ "timestamp":"2017-10-04T22:23:57Z", "event":"ModuleSell", "Slot":"Slot03_Size1", "SellItem":"$int_stellarbodydiscoveryscanner_advanced_name;", "SellItem_Localised":"D - Scanner", "SellPrice":1545000, "Ship":"sidewinder", "ShipID":0 }
{ "timestamp":"2017-10-04T22:27:36Z", "event":"ReceiveText", "From":"$npc_name_decorate:#name=Kaz;", "From_Localised":"Kaz", "Message":"$Commuter_HostileScan02;", "Message_Localised":"It is an offence to scan this vessel unless you are an authorised member of system security.", "Channel":"npc" }
{ "timestamp":"2017-10-04T22:35:06Z", "event":"ShipyardSell", "ShipType":"adder", "SellShipID":1, "ShipPrice":624676 }
{ "timestamp":"2017-10-04T22:35:18Z", "event":"ShipyardBuy", "ShipType":"cobramkiii", "ShipPrice":349718, "StoreOldShip":"SideWinder", "StoreShipID":0 }
{ "timestamp":"2017-10-04T22:35:19Z", "event":"Cargo", "Inventory":[  ] }
{ "timestamp":"2017-10-04T22:35:19Z", "event":"Loadout", "Ship":"CobraMkIII", "ShipID":1, "ShipName":"", "ShipIdent":"", "Modules":[ { "Slot":"MediumHardpoint1", "Item":"Hpt_PulseLaser_Fixed_Small", "On":true, "Priority":2, "Health":1.000000, "Value":2200 }, { "Slot":"MediumHardpoint2", "Item":"Hpt_PulseLaser_Fixed_Small", "On":true, "Priority":2, "Health":1.000000, "Value":2200 }, { "Slot":"Armour", "Item":"CobraMkIII_Armour_Grade1", "On":true, "Priority":2, "Health":1.000000, "Value":0 }, { "Slot":"PowerPlant", "Item":"Int_PowerPlant_Size4_Class1", "On":true, "Priority":2, "Health":1.000000, "Value":19878 }, { "Slot":"MainEngines", "Item":"Int_Engine_Size4_Class1", "On":true, "Priority":2, "Health":1.000000, "Value":19878 }, { "Slot":"FrameShiftDrive", "Item":"Int_Hyperdrive_Size4_Class1", "On":true, "Priority":2, "Health":1.000000, "Value":19878 }, { "Slot":"LifeSupport", "Item":"Int_LifeSupport_Size3_Class1", "On":true, "Priority":2, "Health":1.000000, "Value":4053 }, { "Slot":"PowerDistributor", "Item":"Int_PowerDistributor_Size3_Class1", "On":true, "Priority":2, "Health":1.000000, "Value":4053 }, { "Slot":"Radar", "Item":"Int_Sensors_Size3_Class1", "On":true, "Priority":2, "Health":1.000000, "Value":4053 }, { "Slot":"FuelTank", "Item":"Int_FuelTank_Size4_Class3", "On":true, "Priority":2, "Health":1.000000, "Value":24734 }, { "Slot":"Slot01_Size4", "Item":"Int_CargoRack_Size3_Class1", "On":true, "Priority":2, "Health":1.000000, "Value":10563 }, { "Slot":"Slot02_Size4", "Item":"Int_CargoRack_Size3_Class1", "On":true, "Priority":2, "Health":1.000000, "Value":10563 }, { "Slot":"Slot03_Size4", "Item":"Int_ShieldGenerator_Size4_Class1", "On":true, "Priority":2, "Health":1.000000, "Value":19878 }, { "Slot":"Slot04_Size2", "Item":"Int_CargoRack_Size1_Class1", "On":true, "Priority":2, "Health":1.000000, "Value":1000 }, { "Slot":"Slot06_Size2", "Item":"Int_StellarBodyDiscoveryScanner_Standard", "On":true, "Priority":2, "Health":1.000000, "Value":1000 }, { "Slot":"PlanetaryApproachSuite", "Item":"Int_PlanetApproachSuite", "On":true, "Priority":2, "Health":1.000000, "Value":500 }, { "Slot":"ShipCockpit", "Item":"CobraMkIII_Cockpit", "On":true, "Priority":2, "Health":1.000000, "Value":0 }, { "Slot":"CargoHatch", "Item":"ModularCargoBayDoor", "On":true, "Priority":2, "Health":1.000000, "Value":0 } ] }
{ "timestamp":"2017-10-04T22:35:19Z", "event":"ShipyardNew", "ShipType":"cobramkiii", "NewShipID":1 }
{ "timestamp":"2017-10-04T22:35:19Z", "event":"Music", "MusicTrack":"NoTrack" }
{ "timestamp":"2017-10-04T22:35:30Z", "event":"Docked", "StationName":"Poisson Orbital", "StationType":"Coriolis", "StarSystem":"Kappa", "StationFaction":"HIP 36731 Services", "StationGovernment":"$government_Corporate;", "StationGovernment_Localised":"Corporate", "StationAllegiance":"Federation", "StationServices":[ "Dock", "Autodock", "Commodities", "Contacts", "Exploration", "Missions", "Outfitting", "CrewLounge", "Rearm", "Refuel", "Repair", "Shipyard", "Tuning", "MissionsGenerated", "FlightController", "StationOperations", "Powerplay", "SearchAndRescue" ], "StationEconomy":"$economy_HighTech;", "StationEconomy_Localised":"High Tech", "DistFromStarLS":595.192200 }
{ "timestamp":"2017-10-04T22:35:30Z", "event":"Music", "MusicTrack":"Starport" }
{ "timestamp":"2017-10-04T22:37:56Z", "event":"ModuleBuy", "Slot":"FrameShiftDrive", "SellItem":"$int_hyperdrive_size4_class1_name;", "SellItem_Localised":"FSD", "SellPrice":19878, "BuyItem":"$int_hyperdrive_size4_class4_name;", "BuyItem_Localised":"FSD", "BuyPrice":536693, "Ship":"cobramkiii", "ShipID":1 }
{ "timestamp":"2017-10-04T22:38:18Z", "event":"ModuleBuy", "Slot":"Slot01_Size4", "SellItem":"$int_cargorack_size3_class1_name;", "SellItem_Localised":"Cargo Rack", "SellPrice":10563, "BuyItem":"$int_cargorack_size4_class1_name;", "BuyItem_Localised":"Cargo Rack", "BuyPrice":34328, "Ship":"cobramkiii", "ShipID":1 }
{ "timestamp":"2017-10-04T22:38:31Z", "event":"ModuleBuy", "Slot":"Slot02_Size4", "SellItem":"$int_cargorack_size3_class1_name;", "SellItem_Localised":"Cargo Rack", "SellPrice":10563, "BuyItem":"$int_cargorack_size4_class1_name;", "BuyItem_Localised":"Cargo Rack", "BuyPrice":34328, "Ship":"cobramkiii", "ShipID":1 }
{ "timestamp":"2017-10-04T22:39:53Z", "event":"ModuleBuy", "Slot":"MediumHardpoint1", "SellItem":"$hpt_pulselaser_fixed_small_name;", "SellItem_Localised":"Pulse Laser", "SellPrice":2200, "BuyItem":"$hpt_pulselaser_gimbal_medium_name;", "BuyItem_Localised":"Pulse Laser", "BuyPrice":35400, "Ship":"cobramkiii", "ShipID":1 }
{ "timestamp":"2017-10-04T22:40:11Z", "event":"ModuleBuy", "Slot":"MediumHardpoint2", "SellItem":"$hpt_pulselaser_fixed_small_name;", "SellItem_Localised":"Pulse Laser", "SellPrice":2200, "BuyItem":"$hpt_pulselaser_gimbal_medium_name;", "BuyItem_Localised":"Pulse Laser", "BuyPrice":35400, "Ship":"cobramkiii", "ShipID":1 }
{ "timestamp":"2017-10-04T22:41:56Z", "event":"SetUserShipName", "Ship":"cobramkiii", "ShipID":1, "UserShipName":"Kamaboko", "UserShipId":"IG-04C" }
{ "timestamp":"2017-10-04T22:43:10Z", "event":"SetUserShipName", "Ship":"cobramkiii", "ShipID":1, "UserShipName":"Kamaboko", "UserShipId":"IG-C03" }
{ "timestamp":"2017-10-04T22:43:51Z", "event":"ReceiveText", "From":"$npc_name_decorate:#name=Rupert Fuller;", "From_Localised":"Rupert Fuller", "Message":"$Commuter_AuthorityScan07;", "Message_Localised":"There's no need to scan me, officer. I have nothing to find.", "Channel":"npc" }
{ "timestamp":"2017-10-04T22:43:58Z", "event":"Music", "MusicTrack":"GalaxyMap" }
{ "timestamp":"2017-10-04T22:44:12Z", "event":"Music", "MusicTrack":"SystemMap" }
{ "timestamp":"2017-10-04T22:44:46Z", "event":"Music", "MusicTrack":"GalaxyMap" }
{ "timestamp":"2017-10-04T22:44:48Z", "event":"Music", "MusicTrack":"Starport" }
{ "timestamp":"2017-10-04T22:47:21Z", "event":"MissionAccepted", "Faction":"HIP 36731 Services", "Name":"Mission_Delivery", "LocalisedName":"Deliver 30 units of Evacuation Shelter", "Commodity":"$EvacuationShelter_Name;", "Commodity_Localised":"Evacuation Shelter", "Count":30, "TargetFaction":"Zang O Independent Governance", "DestinationSystem":"Zang O", "DestinationStation":"Koontz Beacon", "Expiry":"2017-10-05T22:22:34Z", "Influence":"Low", "Reputation":"Low", "Reward":310164, "MissionID":220447278 }
{ "timestamp":"2017-10-04T22:47:34Z", "event":"Music", "MusicTrack":"SystemMap" }
{ "timestamp":"2017-10-04T22:47:36Z", "event":"Music", "MusicTrack":"GalaxyMap" }
{ "timestamp":"2017-10-04T22:47:58Z", "event":"Music", "MusicTrack":"SystemMap" }
{ "timestamp":"2017-10-04T22:48:28Z", "event":"Music", "MusicTrack":"Starport" }
{ "timestamp":"2017-10-04T22:49:08Z", "event":"ModuleBuy", "Slot":"MainEngines", "SellItem":"$int_engine_size4_class1_name;", "SellItem_Localised":"Thrusters", "SellPrice":19878, "BuyItem":"$int_engine_size4_class5_name;", "BuyItem_Localised":"Thrusters", "BuyPrice":1610080, "Ship":"cobramkiii", "ShipID":1 }
{ "timestamp":"2017-10-04T22:49:29Z", "event":"ModuleBuy", "Slot":"PowerPlant", "SellItem":"$int_powerplant_size4_class1_name;", "SellItem_Localised":"Power Plant", "SellPrice":19878, "BuyItem":"$int_powerplant_size4_class3_name;", "BuyItem_Localised":"Power Plant", "BuyPrice":178898, "Ship":"cobramkiii", "ShipID":1 }
{ "timestamp":"2017-10-04T22:49:30Z", "event":"ShieldState", "ShieldsUp":false }
{ "timestamp":"2017-10-04T22:49:32Z", "event":"ShieldState", "ShieldsUp":true }
{ "timestamp":"2017-10-04T22:49:40Z", "event":"ModuleBuy", "Slot":"LifeSupport", "SellItem":"$int_lifesupport_size3_class1_name;", "SellItem_Localised":"Life Support", "SellPrice":4053, "BuyItem":"$int_lifesupport_size3_class5_name;", "BuyItem_Localised":"Life Support", "BuyPrice":158331, "Ship":"cobramkiii", "ShipID":1 }
{ "timestamp":"2017-10-04T22:49:51Z", "event":"ModuleBuy", "Slot":"PowerDistributor", "SellItem":"$int_powerdistributor_size3_class1_name;", "SellItem_Localised":"Power Distributor", "SellPrice":4053, "BuyItem":"$int_powerdistributor_size3_class3_name;", "BuyItem_Localised":"Power Distributor", "BuyPrice":25333, "Ship":"cobramkiii", "ShipID":1 }
{ "timestamp":"2017-10-04T22:50:02Z", "event":"ModuleBuy", "Slot":"Radar", "SellItem":"$int_sensors_size3_class1_name;", "SellItem_Localised":"Sensors", "SellPrice":4053, "BuyItem":"$int_sensors_size3_class2_name;", "BuyItem_Localised":"Sensors", "BuyPrice":10133, "Ship":"cobramkiii", "ShipID":1 }
{ "timestamp":"2017-10-04T22:51:01Z", "event":"ReceiveText", "From":"$npc_name_decorate:#name=Christian T. Barfoot;", "From_Localised":"Christian T. Barfoot", "Message":"$Commuter_AuthorityScan06;", "Message_Localised":"What's going on here, officer?", "Channel":"npc" }
{ "timestamp":"2017-10-04T22:51:32Z", "event":"Undocked", "StationName":"Poisson Orbital", "StationType":"Coriolis" }
{ "timestamp":"2017-10-04T22:51:55Z", "event":"Music", "MusicTrack":"NoTrack" }
{ "timestamp":"2017-10-04T22:52:30Z", "event":"ReceiveText", "From":"Poisson Orbital", "Message":"$STATION_NoFireZone_exited;", "Message_Localised":"No fire zone left.", "Channel":"npc" }
{ "timestamp":"2017-10-04T22:52:44Z", "event":"StartJump", "JumpType":"Hyperspace", "StarSystem":"Zang O", "StarClass":"M" }
{ "timestamp":"2017-10-04T22:53:02Z", "event":"FSDJump", "StarSystem":"Zang O", "StarPos":[118.875,-9.000,-74.313], "SystemAllegiance":"Independent", "SystemEconomy":"$economy_Colony;", "SystemEconomy_Localised":"Colony", "SystemGovernment":"$government_Patronage;", "SystemGovernment_Localised":"Patronage", "SystemSecurity":"$SYSTEM_SECURITY_low;", "SystemSecurity_Localised":"Low Security", "Population":1446, "JumpDist":11.420, "FuelUsed":1.040660, "FuelLevel":14.959340, "Factions":[ { "Name":"HIP 36731 Services", "FactionState":"None", "Government":"Corporate", "Influence":0.046000, "Allegiance":"Federation", "PendingStates":[ { "State":"Boom", "Trend":1 } ] }, { "Name":"Pilots Federation Local Branch", "FactionState":"None", "Government":"Democracy", "Influence":0.000000, "Allegiance":"PilotsFederation" }, { "Name":"Udegobo Silver Power Int", "FactionState":"None", "Government":"Corporate", "Influence":0.231000, "Allegiance":"Federation", "RecoveringStates":[ { "State":"Boom", "Trend":1 } ] }, { "Name":"Alliance of Suttora", "FactionState":"Retreat", "Government":"Confederacy", "Influence":0.084000, "Allegiance":"Federation", "PendingStates":[ { "State":"Election", "Trend":0 } ], "RecoveringStates":[ { "State":"Boom", "Trend":0 } ] }, { "Name":"Confederation of Dewindji", "FactionState":"None", "Government":"Confederacy", "Influence":0.108000, "Allegiance":"Federation", "PendingStates":[ { "State":"Boom", "Trend":1 } ] }, { "Name":"Zang O Independent Governance", "FactionState":"Boom", "Government":"Patronage", "Influence":0.447000, "Allegiance":"Independent" }, { "Name":"Uniting Zang O", "FactionState":"None", "Government":"Cooperative", "Influence":0.084000, "Allegiance":"Independent", "PendingStates":[ { "State":"Election", "Trend":0 } ] } ], "SystemFaction":"Zang O Independent Governance", "FactionState":"Boom" }
{ "timestamp":"2017-10-04T22:53:02Z", "event":"Music", "MusicTrack":"DestinationFromHyperspace" }
{ "timestamp":"2017-10-04T22:53:07Z", "event":"Music", "MusicTrack":"Supercruise" }
{ "timestamp":"2017-10-04T22:53:10Z", "event":"Music", "MusicTrack":"SystemMap" }
{ "timestamp":"2017-10-04T22:53:15Z", "event":"Music", "MusicTrack":"Supercruise" }
{ "timestamp":"2017-10-04T22:53:23Z", "event":"Music", "MusicTrack":"SystemMap" }
{ "timestamp":"2017-10-04T22:53:27Z", "event":"Music", "MusicTrack":"Supercruise" }
{ "timestamp":"2017-10-04T23:01:43Z", "event":"ReceiveText", "From":"$ShipName_PassengerLiner_Wedding;", "From_Localised":"Wedding Barge", "Message":"$ConvoyWedding_Patrol06;", "Message_Localised":"I still haven't written my vows. What can I say?", "Channel":"npc" }
{ "timestamp":"2017-10-04T23:02:19Z", "event":"ReceiveText", "From":"$ShipName_PassengerLiner_Wedding;", "From_Localised":"Wedding Barge", "Message":"$ConvoyWedding_Patrol05;", "Message_Localised":"The ceremony will be starting soon! Please make sure your screens are set to the appropriate frequencies!", "Channel":"npc" }
{ "timestamp":"2017-10-04T23:02:57Z", "event":"SupercruiseExit", "StarSystem":"Zang O", "Body":"Koontz Beacon", "BodyType":"Station" }
{ "timestamp":"2017-10-04T23:02:57Z", "event":"Music", "MusicTrack":"DestinationFromSupercruise" }
{ "timestamp":"2017-10-04T23:03:02Z", "event":"Music", "MusicTrack":"Exploration" }
{ "timestamp":"2017-10-04T23:03:05Z", "event":"ReceiveText", "From":"Koontz Beacon", "Message":"$STATION_NoFireZone_entered;", "Message_Localised":"No fire zone entered.", "Channel":"npc" }
{ "timestamp":"2017-10-04T23:03:13Z", "event":"DockingRequested", "StationName":"Koontz Beacon" }
{ "timestamp":"2017-10-04T23:03:13Z", "event":"ReceiveText", "From":"Koontz Beacon", "Message":"$DockingChatter_Neutral;", "Message_Localised":"Ensure to observe starport protocol during your visit, pilot.", "Channel":"npc" }
{ "timestamp":"2017-10-04T23:03:14Z", "event":"ReceiveText", "From":"Koontz Beacon", "Message":"$STATION_docking_granted;", "Message_Localised":"Docking request granted.", "Channel":"npc" }
{ "timestamp":"2017-10-04T23:03:14Z", "event":"DockingGranted", "LandingPad":2, "StationName":"Koontz Beacon" }
{ "timestamp":"2017-10-04T23:04:30Z", "event":"Docked", "StationName":"Koontz Beacon", "StationType":"Outpost", "StarSystem":"Zang O", "StationFaction":"Zang O Independent Governance", "FactionState":"Boom", "StationGovernment":"$government_Patronage;", "StationGovernment_Localised":"Patronage", "StationServices":[ "Dock", "Autodock", "Commodities", "Contacts", "Exploration", "Missions", "Refuel", "MissionsGenerated", "Facilitator", "FlightController", "StationOperations", "Powerplay", "SearchAndRescue" ], "StationEconomy":"$economy_Extraction;", "StationEconomy_Localised":"Extraction", "DistFromStarLS":81990.906250 }
{ "timestamp":"2017-10-04T23:05:06Z", "event":"MissionCompleted", "Faction":"Zang O Independent Governance", "Name":"Mission_Delivery_name", "MissionID":220447278, "Commodity":"$EvacuationShelter_Name;", "Commodity_Localised":"Evacuation Shelter", "Count":30, "TargetFaction":"Zang O Independent Governance", "DestinationSystem":"Zang O", "DestinationStation":"Koontz Beacon", "Reward":310164 }
{ "timestamp":"2017-10-04T23:05:22Z", "event":"Music", "MusicTrack":"GalaxyMap" }
{ "timestamp":"2017-10-04T23:05:29Z", "event":"Music", "MusicTrack":"Exploration" }
{ "timestamp":"2017-10-04T23:05:57Z", "event":"MissionAccepted", "Faction":"Zang O Independent Governance", "Name":"Mission_Delivery_Boom", "LocalisedName":"Boom time delivery of 6 units of Silver", "Commodity":"$Silver_Name;", "Commodity_Localised":"Silver", "Count":6, "TargetFaction":"HIP 36731 Services", "DestinationSystem":"Kappa", "DestinationStation":"Bertin Ring", "Expiry":"2017-10-05T23:04:46Z", "Influence":"Low", "Reputation":"Low", "Reward":36779, "MissionID":220456499 }
{ "timestamp":"2017-10-04T23:06:01Z", "event":"MissionAccepted", "Faction":"Zang O Independent Governance", "Name":"Mission_Delivery_Boom", "LocalisedName":"Boom time delivery of 10 units of Rutile", "Commodity":"$Rutile_Name;", "Commodity_Localised":"Rutile", "Count":10, "TargetFaction":"HIP 36731 Services", "DestinationSystem":"Kappa", "DestinationStation":"Darboux Station", "Expiry":"2017-10-05T23:04:46Z", "Influence":"Low", "Reputation":"Low", "Reward":68324, "MissionID":220456527 }
{ "timestamp":"2017-10-04T23:06:06Z", "event":"MissionAccepted", "Faction":"Zang O Independent Governance", "Name":"Mission_Delivery_Boom", "LocalisedName":"Boom time delivery of 4 units of Rutile", "Commodity":"$Rutile_Name;", "Commodity_Localised":"Rutile", "Count":4, "TargetFaction":"Kappa Public PLC", "DestinationSystem":"Kappa", "DestinationStation":"Bertin Ring", "Expiry":"2017-10-05T23:04:46Z", "Influence":"Low", "Reputation":"Low", "Reward":34033, "MissionID":220456566 }
{ "timestamp":"2017-10-04T23:06:50Z", "event":"RefuelAll", "Cost":67, "Amount":1.305028 }
{ "timestamp":"2017-10-04T23:08:02Z", "event":"Undocked", "StationName":"Koontz Beacon", "StationType":"Outpost" }
{ "timestamp":"2017-10-04T23:08:37Z", "event":"Music", "MusicTrack":"GalaxyMap" }
{ "timestamp":"2017-10-04T23:08:42Z", "event":"Music", "MusicTrack":"SystemMap" }
{ "timestamp":"2017-10-04T23:08:57Z", "event":"Music", "MusicTrack":"GalaxyMap" }
{ "timestamp":"2017-10-04T23:09:00Z", "event":"Music", "MusicTrack":"Exploration" }
{ "timestamp":"2017-10-04T23:09:22Z", "event":"StartJump", "JumpType":"Hyperspace", "StarSystem":"Kappa", "StarClass":"M" }
{ "timestamp":"2017-10-04T23:09:27Z", "event":"Music", "MusicTrack":"NoTrack" }
{ "timestamp":"2017-10-04T23:09:40Z", "event":"FSDJump", "StarSystem":"Kappa", "StarPos":[120.969,-11.906,-85.156], "SystemAllegiance":"Federation", "SystemEconomy":"$economy_HighTech;", "SystemEconomy_Localised":"High Tech", "SystemGovernment":"$government_Corporate;", "SystemGovernment_Localised":"Corporate", "SystemSecurity":"$SYSTEM_SECURITY_medium;", "SystemSecurity_Localised":"Medium Security", "Population":5724331, "JumpDist":11.420, "FuelUsed":0.959696, "FuelLevel":15.040304, "Factions":[ { "Name":"HIP 36731 Services", "FactionState":"None", "Government":"Corporate", "Influence":0.483516, "Allegiance":"Federation", "PendingStates":[ { "State":"Boom", "Trend":1 } ] }, { "Name":"Pilots Federation Local Branch", "FactionState":"None", "Government":"Democracy", "Influence":0.000000, "Allegiance":"PilotsFederation" }, { "Name":"Udegobo Silver Power Int", "FactionState":"None", "Government":"Corporate", "Influence":0.208791, "Allegiance":"Federation", "RecoveringStates":[ { "State":"Boom", "Trend":1 } ] }, { "Name":"Tjiwang Gold Brotherhood", "FactionState":"None", "Government":"Anarchy", "Influence":0.009990, "Allegiance":"Independent", "RecoveringStates":[ { "State":"Boom", "Trend":0 } ] }, { "Name":"Kappa Public PLC", "FactionState":"None", "Government":"Corporate", "Influence":0.060939, "Allegiance":"Independent" }, { "Name":"League of Kappa", "FactionState":"None", "Government":"Dictatorship", "Influence":0.036963, "Allegiance":"Independent" }, { "Name":"Union of Kappa Free", "FactionState":"None", "Government":"Democracy", "Influence":0.117882, "Allegiance":"Independent", "PendingStates":[ { "State":"CivilWar", "Trend":0 } ] }, { "Name":"Natural Kappa Focus", "FactionState":"None", "Government":"Dictatorship", "Influence":0.081918, "Allegiance":"Independent", "PendingStates":[ { "State":"CivilWar", "Trend":0 } ] } ], "SystemFaction":"HIP 36731 Services" }
{ "timestamp":"2017-10-04T23:09:41Z", "event":"Music", "MusicTrack":"Supercruise" }
{ "timestamp":"2017-10-04T23:09:47Z", "event":"Music", "MusicTrack":"SystemMap" }
{ "timestamp":"2017-10-04T23:09:51Z", "event":"Music", "MusicTrack":"Supercruise" }
{ "timestamp":"2017-10-04T23:11:41Z", "event":"ReceiveText", "From":"$npc_name_decorate:#name=Jerry Brown;", "From_Localised":"Jerry Brown", "Message":"$Pirate_HunterHostileSC_Relevant03;", "Message_Localised":"I've come a long way for what's in your hold, don't try to run!", "Channel":"npc" }
{ "timestamp":"2017-10-04T23:12:04Z", "event":"EscapeInterdiction", "Interdictor":"Jerry Brown", "IsPlayer":false }
{ "timestamp":"2017-10-04T23:12:35Z", "event":"SupercruiseExit", "StarSystem":"Kappa", "Body":"Darboux Station", "BodyType":"Station" }
{ "timestamp":"2017-10-04T23:12:35Z", "event":"Music", "MusicTrack":"DestinationFromSupercruise" }
{ "timestamp":"2017-10-04T23:12:40Z", "event":"Music", "MusicTrack":"Exploration" }
{ "timestamp":"2017-10-04T23:12:42Z", "event":"ReceiveText", "From":"Darboux Station", "Message":"$STATION_NoFireZone_entered;", "Message_Localised":"No fire zone entered.", "Channel":"npc" }
{ "timestamp":"2017-10-04T23:12:50Z", "event":"DockingRequested", "StationName":"Darboux Station" }
{ "timestamp":"2017-10-04T23:12:50Z", "event":"ReceiveText", "From":"Darboux Station", "Message":"$DockingChatter_Friendly;", "Message_Localised":"It's great to see you again, Commander.", "Channel":"npc" }
{ "timestamp":"2017-10-04T23:12:51Z", "event":"ReceiveText", "From":"Darboux Station", "Message":"$STATION_docking_granted;", "Message_Localised":"Docking request granted.", "Channel":"npc" }
{ "timestamp":"2017-10-04T23:12:51Z", "event":"DockingGranted", "LandingPad":2, "StationName":"Darboux Station" }
{ "timestamp":"2017-10-04T23:13:58Z", "event":"Scanned", "ScanType":"Cargo" }
{ "timestamp":"2017-10-04T23:14:02Z", "event":"Docked", "StationName":"Darboux Station", "StationType":"Outpost", "StarSystem":"Kappa", "StationFaction":"HIP 36731 Services", "StationGovernment":"$government_Corporate;", "StationGovernment_Localised":"Corporate", "StationAllegiance":"Federation", "StationServices":[ "Dock", "Autodock", "BlackMarket", "Commodities", "Contacts", "Exploration", "Missions", "Rearm", "Refuel", "MissionsGenerated", "FlightController", "StationOperations", "Powerplay", "SearchAndRescue" ], "StationEconomy":"$economy_HighTech;", "StationEconomy_Localised":"High Tech", "DistFromStarLS":809.386475 }
{ "timestamp":"2017-10-04T23:14:40Z", "event":"RefuelAll", "Cost":54, "Amount":1.060324 }
{ "timestamp":"2017-10-04T23:15:38Z", "event":"MissionCompleted", "Faction":"HIP 36731 Services", "Name":"Mission_Delivery_Boom_name", "MissionID":220456527, "Commodity":"$Rutile_Name;", "Commodity_Localised":"Rutile", "Count":10, "TargetFaction":"HIP 36731 Services", "DestinationSystem":"Kappa", "DestinationStation":"Darboux Station", "Reward":68324 }
{ "timestamp":"2017-10-04T23:15:57Z", "event":"Music", "MusicTrack":"SystemMap" }
{ "timestamp":"2017-10-04T23:16:03Z", "event":"Music", "MusicTrack":"Exploration" }
{ "timestamp":"2017-10-04T23:16:21Z", "event":"Undocked", "StationName":"Darboux Station", "StationType":"Outpost" }
{ "timestamp":"2017-10-04T23:16:47Z", "event":"StartJump", "JumpType":"Supercruise" }
{ "timestamp":"2017-10-04T23:16:52Z", "event":"SupercruiseEntry", "StarSystem":"Kappa" }
{ "timestamp":"2017-10-04T23:16:52Z", "event":"Music", "MusicTrack":"Supercruise" }
{ "timestamp":"2017-10-04T23:17:08Z", "event":"ReceiveText", "From":"$npc_name_decorate:#name=Jerry Brown;", "From_Localised":"Jerry Brown", "Message":"$Pirate_HunterHostileSC_Relevant05;", "Message_Localised":"The rumour was right... good job I found you first.", "Channel":"npc" }
{ "timestamp":"2017-10-04T23:20:19Z", "event":"ApproachSettlement", "Name":"Younghusband Beacon" }
{ "timestamp":"2017-10-04T23:20:19Z", "event":"ApproachSettlement", "Name":"Desargues' Progress" }
{ "timestamp":"2017-10-04T23:20:35Z", "event":"SupercruiseExit", "StarSystem":"Kappa", "Body":"Bertin Ring", "BodyType":"Station" }
{ "timestamp":"2017-10-04T23:20:35Z", "event":"Music", "MusicTrack":"DestinationFromSupercruise" }
{ "timestamp":"2017-10-04T23:20:40Z", "event":"Music", "MusicTrack":"Exploration" }
{ "timestamp":"2017-10-04T23:20:42Z", "event":"ReceiveText", "From":"Bertin Ring", "Message":"$STATION_NoFireZone_entered;", "Message_Localised":"No fire zone entered.", "Channel":"npc" }
{ "timestamp":"2017-10-04T23:20:47Z", "event":"DockingRequested", "StationName":"Bertin Ring" }
{ "timestamp":"2017-10-04T23:20:47Z", "event":"ReceiveText", "From":"Bertin Ring", "Message":"$DockingChatter_Friendly;", "Message_Localised":"It's great to see you again, Commander.", "Channel":"npc" }
{ "timestamp":"2017-10-04T23:20:48Z", "event":"ReceiveText", "From":"Bertin Ring", "Message":"$STATION_docking_granted;", "Message_Localised":"Docking request granted.", "Channel":"npc" }
{ "timestamp":"2017-10-04T23:20:48Z", "event":"DockingGranted", "LandingPad":3, "StationName":"Bertin Ring" }
{ "timestamp":"2017-10-04T23:22:09Z", "event":"Docked", "StationName":"Bertin Ring", "StationType":"Outpost", "StarSystem":"Kappa", "StationFaction":"HIP 36731 Services", "StationGovernment":"$government_Corporate;", "StationGovernment_Localised":"Corporate", "StationAllegiance":"Federation", "StationServices":[ "Dock", "Autodock", "BlackMarket", "Commodities", "Contacts", "Exploration", "Missions", "Outfitting", "CrewLounge", "Rearm", "Refuel", "Repair", "MissionsGenerated", "FlightController", "StationOperations", "Powerplay", "SearchAndRescue" ], "StationEconomy":"$economy_HighTech;", "StationEconomy_Localised":"High Tech", "DistFromStarLS":1067.456055 }
{ "timestamp":"2017-10-04T23:22:29Z", "event":"MissionCompleted", "Faction":"HIP 36731 Services", "Name":"Mission_Delivery_Boom_name", "MissionID":220456499, "Commodity":"$Silver_Name;", "Commodity_Localised":"Silver", "Count":6, "TargetFaction":"HIP 36731 Services", "DestinationSystem":"Kappa", "DestinationStation":"Bertin Ring", "Reward":36779 }
{ "timestamp":"2017-10-04T23:23:08Z", "event":"ReceiveText", "From":"$npc_name_decorate:#name=Jerry Brown;", "From_Localised":"Jerry Brown", "Message":"$Pirate_Arrival11;", "Message_Localised":"Empty your cargo hold and everything will be fine.", "Channel":"npc" }
{ "timestamp":"2017-10-04T23:23:10Z", "event":"MissionCompleted", "Faction":"Kappa Public PLC", "Name":"Mission_Delivery_Boom_name", "MissionID":220456566, "Commodity":"$Rutile_Name;", "Commodity_Localised":"Rutile", "Count":4, "TargetFaction":"Kappa Public PLC", "DestinationSystem":"Kappa", "DestinationStation":"Bertin Ring", "Reward":34033 }
{ "timestamp":"2017-10-04T23:24:34Z", "event":"RefuelAll", "Cost":10, "Amount":0.109042 }
{ "timestamp":"2017-10-04T23:25:53Z", "event":"Music", "MusicTrack":"SystemMap" }
{ "timestamp":"2017-10-04T23:25:58Z", "event":"Music", "MusicTrack":"Exploration" }
{ "timestamp":"2017-10-04T23:26:07Z", "event":"Undocked", "StationName":"Bertin Ring", "StationType":"Outpost" }
{ "timestamp":"2017-10-04T23:26:27Z", "event":"StartJump", "JumpType":"Supercruise" }
{ "timestamp":"2017-10-04T23:26:27Z", "event":"ApproachSettlement", "Name":"Younghusband Beacon" }
{ "timestamp":"2017-10-04T23:26:32Z", "event":"SupercruiseEntry", "StarSystem":"Kappa" }
{ "timestamp":"2017-10-04T23:26:32Z", "event":"Music", "MusicTrack":"Supercruise" }
{ "timestamp":"2017-10-04T23:30:02Z", "event":"SupercruiseExit", "StarSystem":"Kappa", "Body":"Poisson Orbital", "BodyType":"Station" }
{ "timestamp":"2017-10-04T23:30:03Z", "event":"Music", "MusicTrack":"DestinationFromSupercruise" }
{ "timestamp":"2017-10-04T23:30:08Z", "event":"Music", "MusicTrack":"NoTrack" }
{ "timestamp":"2017-10-04T23:30:08Z", "event":"ReceiveText", "From":"Poisson Orbital", "Message":"$STATION_NoFireZone_entered;", "Message_Localised":"No fire zone entered.", "Channel":"npc" }
{ "timestamp":"2017-10-04T23:30:11Z", "event":"DockingRequested", "StationName":"Poisson Orbital" }
{ "timestamp":"2017-10-04T23:30:11Z", "event":"ReceiveText", "From":"Poisson Orbital", "Message":"$DockingChatter_Friendly;", "Message_Localised":"It's great to see you again, Commander.", "Channel":"npc" }
{ "timestamp":"2017-10-04T23:30:12Z", "event":"ReceiveText", "From":"Poisson Orbital", "Message":"$STATION_docking_granted;", "Message_Localised":"Docking request granted.", "Channel":"npc" }
{ "timestamp":"2017-10-04T23:30:12Z", "event":"DockingGranted", "LandingPad":43, "StationName":"Poisson Orbital" }
{ "timestamp":"2017-10-04T23:30:43Z", "event":"Music", "MusicTrack":"Starport" }
{ "timestamp":"2017-10-04T23:31:11Z", "event":"Docked", "StationName":"Poisson Orbital", "StationType":"Coriolis", "StarSystem":"Kappa", "StationFaction":"HIP 36731 Services", "StationGovernment":"$government_Corporate;", "StationGovernment_Localised":"Corporate", "StationAllegiance":"Federation", "StationServices":[ "Dock", "Autodock", "Commodities", "Contacts", "Exploration", "Missions", "Outfitting", "CrewLounge", "Rearm", "Refuel", "Repair", "Shipyard", "Tuning", "MissionsGenerated", "FlightController", "StationOperations", "Powerplay", "SearchAndRescue" ], "StationEconomy":"$economy_HighTech;", "StationEconomy_Localised":"High Tech", "DistFromStarLS":595.173828 }
{ "timestamp":"2017-10-04T23:37:47Z", "event":"ModuleSell", "Slot":"Slot03_Size4", "SellItem":"$int_shieldgenerator_size4_class1_name;", "SellItem_Localised":"Shield Generator", "SellPrice":19878, "Ship":"cobramkiii", "ShipID":1 }
{ "timestamp":"2017-10-04T23:38:07Z", "event":"ModuleBuy", "Slot":"Slot01_Size4", "SellItem":"$int_cargorack_size4_class1_name;", "SellItem_Localised":"Cargo Rack", "SellPrice":34328, "BuyItem":"$int_shieldgenerator_size4_class3_name;", "BuyItem_Localised":"Shield Generator", "BuyPrice":178898, "Ship":"cobramkiii", "ShipID":1 }
{ "timestamp":"2017-10-04T23:38:45Z", "event":"ModuleBuy", "Slot":"Slot03_Size4", "BuyItem":"$int_cargorack_size4_class1_name;", "BuyItem_Localised":"Cargo Rack", "BuyPrice":34328, "Ship":"cobramkiii", "ShipID":1 }
{ "timestamp":"2017-10-04T23:38:59Z", "event":"ModuleBuy", "Slot":"Slot05_Size2", "BuyItem":"$int_refinery_size2_class5_name;", "BuyItem_Localised":"Refinery", "BuyPrice":1020600, "Ship":"cobramkiii", "ShipID":1 }
{ "timestamp":"2017-10-04T23:39:10Z", "event":"ModuleBuy", "Slot":"Slot04_Size2", "SellItem":"$int_cargorack_size1_class1_name;", "SellItem_Localised":"Cargo Rack", "SellPrice":1000, "BuyItem":"$int_cargorack_size2_class1_name;", "BuyItem_Localised":"Cargo Rack", "BuyPrice":3250, "Ship":"cobramkiii", "ShipID":1 }
{ "timestamp":"2017-10-04T23:39:13Z", "event":"ReceiveText", "From":"$npc_name_decorate:#name=Federal Agent;", "From_Localised":"Federal Agent", "Message":"$BadKarmaCriticalDamage07;", "Message_Localised":"Too much damage!", "Channel":"npc" }
{ "timestamp":"2017-10-04T23:40:29Z", "event":"ModuleBuy", "Slot":"Slot04_Size2", "SellItem":"$int_cargorack_size2_class1_name;", "SellItem_Localised":"Cargo Rack", "SellPrice":3250, "BuyItem":"$int_dronecontrol_collection_size1_class2_name;", "BuyItem_Localised":"Collector", "BuyPrice":1200, "Ship":"cobramkiii", "ShipID":1 }
{ "timestamp":"2017-10-04T23:40:53Z", "event":"ModuleBuy", "Slot":"SmallHardpoint1", "BuyItem":"$hpt_mininglaser_fixed_small_name;", "BuyItem_Localised":"Mining Laser", "BuyPrice":6800, "Ship":"cobramkiii", "ShipID":1 }
{ "timestamp":"2017-10-04T23:41:04Z", "event":"ModuleBuy", "Slot":"SmallHardpoint2", "BuyItem":"$hpt_mininglaser_fixed_small_name;", "BuyItem_Localised":"Mining Laser", "BuyPrice":6800, "Ship":"cobramkiii", "ShipID":1 }
{ "timestamp":"2017-10-04T23:42:54Z", "event":"BuyDrones", "Type":"Drones", "Count":8, "BuyPrice":101, "TotalCost":808 }
{ "timestamp":"2017-10-04T23:43:36Z", "event":"Music", "MusicTrack":"GalaxyMap" }
{ "timestamp":"2017-10-04T23:43:53Z", "event":"Music", "MusicTrack":"SystemMap" }
{ "timestamp":"2017-10-04T23:44:19Z", "event":"Music", "MusicTrack":"GalaxyMap" }
{ "timestamp":"2017-10-04T23:44:21Z", "event":"Music", "MusicTrack":"Starport" }
{ "timestamp":"2017-10-04T23:44:39Z", "event":"Undocked", "StationName":"Poisson Orbital", "StationType":"Coriolis" }
{ "timestamp":"2017-10-04T23:44:57Z", "event":"Music", "MusicTrack":"NoTrack" }
{ "timestamp":"2017-10-04T23:45:19Z", "event":"ReceiveText", "From":"Poisson Orbital", "Message":"$STATION_NoFireZone_exited;", "Message_Localised":"No fire zone left.", "Channel":"npc" }
{ "timestamp":"2017-10-04T23:45:29Z", "event":"StartJump", "JumpType":"Hyperspace", "StarSystem":"Celtani", "StarClass":"M" }
{ "timestamp":"2017-10-04T23:45:48Z", "event":"FSDJump", "StarSystem":"Celtani", "StarPos":[107.781,-10.531,-84.375], "SystemAllegiance":"Federation", "SystemEconomy":"$economy_Extraction;", "SystemEconomy_Localised":"Extraction", "SystemGovernment":"$government_Democracy;", "SystemGovernment_Localised":"Democracy", "SystemSecurity":"$SYSTEM_SECURITY_medium;", "SystemSecurity_Localised":"Medium Security", "Population":1676076, "JumpDist":13.282, "FuelUsed":1.275807, "FuelLevel":14.724193, "Factions":[ { "Name":"Pilots Federation Local Branch", "FactionState":"None", "Government":"Democracy", "Influence":0.000000, "Allegiance":"PilotsFederation" }, { "Name":"Future of Celtani", "FactionState":"None", "Government":"Democracy", "Influence":0.652000, "Allegiance":"Federation" }, { "Name":"Udegobo Silver Power Int", "FactionState":"None", "Government":"Corporate", "Influence":0.105000, "Allegiance":"Federation", "RecoveringStates":[ { "State":"Boom", "Trend":1 } ] }, { "Name":"Confederation of Dewindji", "FactionState":"None", "Government":"Confederacy", "Influence":0.037000, "Allegiance":"Federation", "PendingStates":[ { "State":"Boom", "Trend":1 } ] }, { "Name":"Nationalists of Celtani", "FactionState":"None", "Government":"Dictatorship", "Influence":0.067000, "Allegiance":"Independent" }, { "Name":"Partnership of Celtani", "FactionState":"None", "Government":"Anarchy", "Influence":0.019000, "Allegiance":"Independent" }, { "Name":"Celtani Electronics Industry", "FactionState":"None", "Government":"Corporate", "Influence":0.096000, "Allegiance":"Independent" }, { "Name":"Celtani Drug Empire", "FactionState":"None", "Government":"Anarchy", "Influence":0.024000, "Allegiance":"Independent" } ], "SystemFaction":"Future of Celtani" }
{ "timestamp":"2017-10-04T23:45:48Z", "event":"Music", "MusicTrack":"DestinationFromHyperspace" }
{ "timestamp":"2017-10-04T23:45:53Z", "event":"Music", "MusicTrack":"Supercruise" }
{ "timestamp":"2017-10-04T23:46:54Z", "event":"Music", "MusicTrack":"SystemMap" }
{ "timestamp":"2017-10-04T23:46:59Z", "event":"Music", "MusicTrack":"Supercruise" }
{ "timestamp":"2017-10-04T23:51:18Z", "event":"SupercruiseExit", "StarSystem":"Celtani", "Body":"Celtani 3 A Ring", "BodyType":"PlanetaryRing" }
{ "timestamp":"2017-10-04T23:51:18Z", "event":"Music", "MusicTrack":"Exploration" }
{ "timestamp":"2017-10-04T23:52:56Z", "event":"Music", "MusicTrack":"SystemMap" }
{ "timestamp":"2017-10-04T23:52:58Z", "event":"Music", "MusicTrack":"Exploration" }
{ "timestamp":"2017-10-04T23:54:13Z", "event":"MaterialDiscovered", "Category":"Raw", "Name":"iron", "DiscoveryNumber":2 }
{ "timestamp":"2017-10-04T23:54:13Z", "event":"MaterialCollected", "Category":"Raw", "Name":"iron", "Count":3 }
{ "timestamp":"2017-10-04T23:54:50Z", "event":"Music", "MusicTrack":"SystemMap" }
{ "timestamp":"2017-10-04T23:54:52Z", "event":"Music", "MusicTrack":"Exploration" }
{ "timestamp":"2017-10-04T23:55:10Z", "event":"Scanned", "ScanType":"Cargo" }
{ "timestamp":"2017-10-04T23:55:10Z", "event":"ReceiveText", "From":"$ShipName_Police_Federation;", "From_Localised":"Federal Security Service", "Message":"$Police_ThankYouPassedStopAndSearch10;", "Message_Localised":"Everything looks fine, Commander. Have a good day.", "Channel":"npc" }
{ "timestamp":"2017-10-04T23:56:05Z", "event":"Scanned", "ScanType":"Cargo" }
{ "timestamp":"2017-10-04T23:56:14Z", "event":"ReceiveText", "From":"$npc_name_decorate:#name=Alexander Au-Brust;", "From_Localised":"Alexander Au-Brust", "Message":"$Pirate_OnHullLowJumpAway12;", "Message_Localised":"I'm not dying today!", "Channel":"npc" }
{ "timestamp":"2017-10-04T23:57:22Z", "event":"Scanned", "ScanType":"Cargo" }
{ "timestamp":"2017-10-04T23:57:42Z", "event":"Music", "MusicTrack":"SystemMap" }
{ "timestamp":"2017-10-04T23:57:44Z", "event":"Music", "MusicTrack":"Exploration" }
{ "timestamp":"2017-10-04T23:59:35Z", "event":"Scanned", "ScanType":"Crime" }
{ "timestamp":"2017-10-04T23:59:36Z", "event":"ReceiveText", "From":"$npc_name_decorate:#name=Chuck Yoghurt;", "From_Localised":"Chuck Yoghurt", "Message":"$Police_ThankYouPassedStopAndSearch02;", "Message_Localised":"You're clean. Proceed, pilot.", "Channel":"npc" }
{ "timestamp":"2017-10-05T00:00:10Z", "event":"MiningRefined", "Type":"$uraninite_name;", "Type_Localised":"Uraninite" }
{ "timestamp":"2017-10-05T00:04:31Z", "event":"ReceiveText", "From":"$npc_name_decorate:#name=Raphael;", "From_Localised":"Raphael", "Message":"$Pirate_OnStartScanCargo11;", "Message_Localised":"I hope you have something good in your hold.", "Channel":"npc" }
{ "timestamp":"2017-10-05T00:04:41Z", "event":"Scanned", "ScanType":"Cargo" }
{ "timestamp":"2017-10-05T00:04:41Z", "event":"ReceiveText", "From":"$npc_name_decorate:#name=Raphael;", "From_Localised":"Raphael", "Message":"$Pirate_ThreatTooHigh04;", "Message_Localised":"I was thinking about getting out of this game anyway...", "Channel":"npc" }
{ "timestamp":"2017-10-05T00:05:13Z", "event":"ReceiveText", "From":"$npc_name_decorate:#name=FizzyChicken;", "From_Localised":"FizzyChicken", "Message":"$BadKarmaCriticalDamage07;", "Message_Localised":"Too much damage!", "Channel":"npc" }
{ "timestamp":"2017-10-05T00:05:24Z", "event":"ReceiveText", "From":"$ShipName_Police_Federation;", "From_Localised":"Federal Security Service", "Message":"$Police_ArrivedAtInvestigationLocation06;", "Message_Localised":"Crime response team in situ. Security sweep and scan commencing.", "Channel":"npc" }
{ "timestamp":"2017-10-05T00:05:30Z", "event":"ReceiveText", "From":"$ShipName_Police_Federation;", "From_Localised":"Federal Security Service", "Message":"$Police_ArriveInvestigate03;", "Message_Localised":"Crime response flight deployed.", "Channel":"npc" }
{ "timestamp":"2017-10-05T00:05:49Z", "event":"ReceiveText", "From":"$npc_name_decorate:#name=Salvador Windthrift;", "From_Localised":"Salvador Windthrift", "Message":"$BadKarmaCriticalDamage10;", "Message_Localised":"You've scratched my paint!", "Channel":"npc" }
{ "timestamp":"2017-10-05T00:05:59Z", "event":"ReceiveText", "From":"$ShipName_Police_Federation;", "From_Localised":"Federal Security Service", "Message":"$Police_ArrivedAtInvestigationLocation04;", "Message_Localised":"Rapid deployment unit deployed. Initiating scans of all ships in the area.", "Channel":"npc" }
{ "timestamp":"2017-10-05T00:06:44Z", "event":"ReceiveText", "From":"$ShipName_Police_Federation;", "From_Localised":"Federal Security Service", "Message":"$Police_FinishedAtInvestigationLocation03;", "Message_Localised":"Crime scene cordon removed, go back about your business.", "Channel":"npc" }
{ "timestamp":"2017-10-05T00:07:02Z", "event":"ReceiveText", "From":"$ShipName_Police_Federation;", "From_Localised":"Federal Security Service", "Message":"$Police_ArriveInvestigate02;", "Message_Localised":"Incident response units on station.", "Channel":"npc" }
{ "timestamp":"2017-10-05T00:07:02Z", "event":"ReceiveText", "From":"$ShipName_Police_Federation;", "From_Localised":"Federal Security Service", "Message":"$Police_ArrivedAtInvestigationLocation03;", "Message_Localised":"Crime scene cordon initialised, all ships must submit to police scan.", "Channel":"npc" }
{ "timestamp":"2017-10-05T00:07:45Z", "event":"ReceiveText", "From":"$ShipName_Police_Federation;", "From_Localised":"Federal Security Service", "Message":"$Police_FinishedAtInvestigationLocation02;", "Message_Localised":"Investigation is complete, you may be on your way.", "Channel":"npc" }
{ "timestamp":"2017-10-05T00:08:20Z", "event":"ReceiveText", "From":"$npc_name_decorate:#name=Raphael;", "From_Localised":"Raphael", "Message":"$BadKarmaCriticalDamage03;", "Message_Localised":"You fight a good fight!", "Channel":"npc" }
{ "timestamp":"2017-10-05T00:08:31Z", "event":"Scanned", "ScanType":"Cargo" }
{ "timestamp":"2017-10-05T00:08:31Z", "event":"ReceiveText", "From":"$ShipName_Police_Federation;", "From_Localised":"Federal Security Service", "Message":"$Police_ThankYouPassedStopAndSearch02;", "Message_Localised":"You're clean. Proceed, pilot.", "Channel":"npc" }
{ "timestamp":"2017-10-05T00:09:11Z", "event":"ReceiveText", "From":"$ShipName_Police_Federation;", "From_Localised":"Federal Security Service", "Message":"$Police_FinishedAtInvestigationLocation03;", "Message_Localised":"Crime scene cordon removed, go back about your business.", "Channel":"npc" }
{ "timestamp":"2017-10-05T00:10:31Z", "event":"MiningRefined", "Type":"$silver_name;", "Type_Localised":"Silver" }
{ "timestamp":"2017-10-05T00:13:59Z", "event":"Scanned", "ScanType":"Crime" }
{ "timestamp":"2017-10-05T00:15:18Z", "event":"Scanned", "ScanType":"Crime" }
{ "timestamp":"2017-10-05T00:15:50Z", "event":"MiningRefined", "Type":"$silver_name;", "Type_Localised":"Silver" }
{ "timestamp":"2017-10-05T00:16:20Z", "event":"Music", "MusicTrack":"SystemMap" }
{ "timestamp":"2017-10-05T00:16:21Z", "event":"Music", "MusicTrack":"GalaxyMap" }
{ "timestamp":"2017-10-05T00:16:24Z", "event":"Music", "MusicTrack":"SystemMap" }
{ "timestamp":"2017-10-05T00:16:30Z", "event":"Music", "MusicTrack":"Exploration" }
{ "timestamp":"2017-10-05T00:17:03Z", "event":"StartJump", "JumpType":"Supercruise" }
{ "timestamp":"2017-10-05T00:17:08Z", "event":"SupercruiseEntry", "StarSystem":"Celtani" }
{ "timestamp":"2017-10-05T00:17:08Z", "event":"Music", "MusicTrack":"Supercruise" }
{ "timestamp":"2017-10-05T00:19:13Z", "event":"SupercruiseExit", "StarSystem":"Celtani", "Body":"Carpenter Colony", "BodyType":"Station" }
{ "timestamp":"2017-10-05T00:19:14Z", "event":"Music", "MusicTrack":"DestinationFromSupercruise" }
{ "timestamp":"2017-10-05T00:19:19Z", "event":"Music", "MusicTrack":"Exploration" }
{ "timestamp":"2017-10-05T00:19:23Z", "event":"ReceiveText", "From":"Carpenter Colony", "Message":"$STATION_NoFireZone_entered;", "Message_Localised":"No fire zone entered.", "Channel":"npc" }
{ "timestamp":"2017-10-05T00:19:29Z", "event":"DockingRequested", "StationName":"Carpenter Colony" }
{ "timestamp":"2017-10-05T00:19:29Z", "event":"ReceiveText", "From":"Carpenter Colony", "Message":"$DockingChatter_Neutral;", "Message_Localised":"Ensure to observe starport protocol during your visit, pilot.", "Channel":"npc" }
{ "timestamp":"2017-10-05T00:19:30Z", "event":"ReceiveText", "From":"Carpenter Colony", "Message":"$STATION_docking_granted;", "Message_Localised":"Docking request granted.", "Channel":"npc" }
{ "timestamp":"2017-10-05T00:19:30Z", "event":"DockingGranted", "LandingPad":2, "StationName":"Carpenter Colony" }
{ "timestamp":"2017-10-05T00:20:32Z", "event":"ReceiveText", "From":"Carpenter Colony", "Message":"$DockingPadBlockWarningComms;", "Message_Localised":"Loitering infraction detected, clear pad approach immediately to avoid lethal response", "Channel":"npc" }
{ "timestamp":"2017-10-05T00:20:34Z", "event":"ReceiveText", "From":"Carpenter Colony", "Message":"$DockingOffenceCleared;", "Message_Localised":"Starport infractions cleared, docking privileges restored.", "Channel":"npc" }
{ "timestamp":"2017-10-05T00:21:31Z", "event":"Docked", "StationName":"Carpenter Colony", "StationType":"Outpost", "StarSystem":"Celtani", "StationFaction":"Celtani Electronics Industry", "StationGovernment":"$government_Corporate;", "StationGovernment_Localised":"Corporate", "StationServices":[ "Dock", "Autodock", "BlackMarket", "Contacts", "Exploration", "Missions", "Outfitting", "CrewLounge", "Rearm", "Refuel", "Repair", "Tuning", "MissionsGenerated", "FlightController", "StationOperations", "Powerplay", "SearchAndRescue" ], "StationEconomy":"$economy_Extraction;", "StationEconomy_Localised":"Extraction", "DistFromStarLS":1124.430664 }
{ "timestamp":"2017-10-05T00:22:21Z", "event":"RefuelAll", "Cost":103, "Amount":2.026716 }
{ "timestamp":"2017-10-05T00:37:59Z", "event":"Music", "MusicTrack":"GalaxyMap" }
{ "timestamp":"2017-10-05T00:38:07Z", "event":"Music", "MusicTrack":"SystemMap" }
{ "timestamp":"2017-10-05T00:38:11Z", "event":"Undocked", "StationName":"Carpenter Colony", "StationType":"Outpost" }
{ "timestamp":"2017-10-05T00:38:14Z", "event":"Music", "MusicTrack":"Exploration" }
{ "timestamp":"2017-10-05T00:38:45Z", "event":"ReceiveText", "From":"Carpenter Colony", "Message":"$STATION_NoFireZone_exited;", "Message_Localised":"No fire zone left.", "Channel":"npc" }
{ "timestamp":"2017-10-05T00:38:45Z", "event":"StartJump", "JumpType":"Hyperspace", "StarSystem":"Kappa", "StarClass":"M" }
{ "timestamp":"2017-10-05T00:38:51Z", "event":"Music", "MusicTrack":"NoTrack" }
{ "timestamp":"2017-10-05T00:39:04Z", "event":"FSDJump", "StarSystem":"Kappa", "StarPos":[120.969,-11.906,-85.156], "SystemAllegiance":"Federation", "SystemEconomy":"$economy_HighTech;", "SystemEconomy_Localised":"High Tech", "SystemGovernment":"$government_Corporate;", "SystemGovernment_Localised":"Corporate", "SystemSecurity":"$SYSTEM_SECURITY_medium;", "SystemSecurity_Localised":"Medium Security", "Population":5724331, "JumpDist":13.282, "FuelUsed":1.222413, "FuelLevel":14.777587, "Factions":[ { "Name":"HIP 36731 Services", "FactionState":"None", "Government":"Corporate", "Influence":0.483516, "Allegiance":"Federation", "PendingStates":[ { "State":"Boom", "Trend":1 } ] }, { "Name":"Pilots Federation Local Branch", "FactionState":"None", "Government":"Democracy", "Influence":0.000000, "Allegiance":"PilotsFederation" }, { "Name":"Udegobo Silver Power Int", "FactionState":"None", "Government":"Corporate", "Influence":0.208791, "Allegiance":"Federation", "RecoveringStates":[ { "State":"Boom", "Trend":1 } ] }, { "Name":"Tjiwang Gold Brotherhood", "FactionState":"None", "Government":"Anarchy", "Influence":0.009990, "Allegiance":"Independent", "RecoveringStates":[ { "State":"Boom", "Trend":0 } ] }, { "Name":"Kappa Public PLC", "FactionState":"None", "Government":"Corporate", "Influence":0.060939, "Allegiance":"Independent" }, { "Name":"League of Kappa", "FactionState":"None", "Government":"Dictatorship", "Influence":0.036963, "Allegiance":"Independent" }, { "Name":"Union of Kappa Free", "FactionState":"None", "Government":"Democracy", "Influence":0.117882, "Allegiance":"Independent", "PendingStates":[ { "State":"CivilWar", "Trend":0 } ] }, { "Name":"Natural Kappa Focus", "FactionState":"None", "Government":"Dictatorship", "Influence":0.081918, "Allegiance":"Independent", "PendingStates":[ { "State":"CivilWar", "Trend":0 } ] } ], "SystemFaction":"HIP 36731 Services" }
{ "timestamp":"2017-10-05T00:39:04Z", "event":"Music", "MusicTrack":"Supercruise" }
{ "timestamp":"2017-10-05T00:39:07Z", "event":"Music", "MusicTrack":"SystemMap" }
{ "timestamp":"2017-10-05T00:39:11Z", "event":"Music", "MusicTrack":"Supercruise" }
{ "timestamp":"2017-10-05T00:41:27Z", "event":"SupercruiseExit", "StarSystem":"Kappa", "Body":"Poisson Orbital", "BodyType":"Station" }
{ "timestamp":"2017-10-05T00:41:28Z", "event":"Music", "MusicTrack":"DestinationFromSupercruise" }
{ "timestamp":"2017-10-05T00:41:33Z", "event":"Music", "MusicTrack":"NoTrack" }
{ "timestamp":"2017-10-05T00:41:36Z", "event":"ReceiveText", "From":"Poisson Orbital", "Message":"$STATION_NoFireZone_entered;", "Message_Localised":"No fire zone entered.", "Channel":"npc" }
{ "timestamp":"2017-10-05T00:41:43Z", "event":"DockingRequested", "StationName":"Poisson Orbital" }
{ "timestamp":"2017-10-05T00:41:43Z", "event":"ReceiveText", "From":"Poisson Orbital", "Message":"$DockingChatter_Friendly;", "Message_Localised":"It's great to see you again, Commander.", "Channel":"npc" }
{ "timestamp":"2017-10-05T00:41:44Z", "event":"ReceiveText", "From":"Poisson Orbital", "Message":"$STATION_docking_granted;", "Message_Localised":"Docking request granted.", "Channel":"npc" }
{ "timestamp":"2017-10-05T00:41:44Z", "event":"DockingGranted", "LandingPad":36, "StationName":"Poisson Orbital" }
{ "timestamp":"2017-10-05T00:42:07Z", "event":"Scanned", "ScanType":"Cargo" }
{ "timestamp":"2017-10-05T00:42:07Z", "event":"ReceiveText", "From":"$ShipName_Police_Federation;", "From_Localised":"Federal Security Service", "Message":"$Police_ThankYouPassedStopAndSearch10;", "Message_Localised":"Everything looks fine, Commander. Have a good day.", "Channel":"npc" }
{ "timestamp":"2017-10-05T00:42:18Z", "event":"Music", "MusicTrack":"Starport" }
{ "timestamp":"2017-10-05T00:42:43Z", "event":"Docked", "StationName":"Poisson Orbital", "StationType":"Coriolis", "StarSystem":"Kappa", "StationFaction":"HIP 36731 Services", "StationGovernment":"$government_Corporate;", "StationGovernment_Localised":"Corporate", "StationAllegiance":"Federation", "StationServices":[ "Dock", "Autodock", "Commodities", "Contacts", "Exploration", "Missions", "Outfitting", "CrewLounge", "Rearm", "Refuel", "Repair", "Shipyard", "Tuning", "MissionsGenerated", "FlightController", "StationOperations", "Powerplay", "SearchAndRescue" ], "StationEconomy":"$economy_HighTech;", "StationEconomy_Localised":"High Tech", "DistFromStarLS":595.155212 }
{ "timestamp":"2017-10-05T00:43:23Z", "event":"RefuelAll", "Cost":67, "Amount":1.308242 }
{ "timestamp":"2017-10-05T00:43:57Z", "event":"MarketSell", "Type":"silver", "Count":2, "SellPrice":5558, "TotalSale":11116, "AvgPricePaid":0 }
{ "timestamp":"2017-10-05T00:46:36Z", "event":"MarketSell", "Type":"uraninite", "Count":1, "SellPrice":1201, "TotalSale":1201, "AvgPricePaid":0 }
{ "timestamp":"2017-10-05T00:47:45Z", "event":"ModuleSell", "Slot":"Slot04_Size2", "SellItem":"$int_dronecontrol_collection_size1_class2_name;", "SellItem_Localised":"Collector", "SellPrice":1200, "Ship":"cobramkiii", "ShipID":1 }
{ "timestamp":"2017-10-05T00:47:50Z", "event":"ModuleSell", "Slot":"Slot05_Size2", "SellItem":"$int_refinery_size2_class5_name;", "SellItem_Localised":"Refinery", "SellPrice":1020600, "Ship":"cobramkiii", "ShipID":1 }
{ "timestamp":"2017-10-05T00:48:53Z", "event":"ModuleBuy", "Slot":"Slot02_Size4", "SellItem":"$int_cargorack_size4_class1_name;", "SellItem_Localised":"Cargo Rack", "SellPrice":34328, "BuyItem":"$int_passengercabin_size4_class2_name;", "BuyItem_Localised":"BC Passenger Cabin", "BuyPrice":56862, "Ship":"cobramkiii", "ShipID":1 }
{ "timestamp":"2017-10-05T00:49:06Z", "event":"ModuleBuy", "Slot":"Slot03_Size4", "SellItem":"$int_cargorack_size4_class1_name;", "SellItem_Localised":"Cargo Rack", "SellPrice":34328, "BuyItem":"$int_passengercabin_size4_class2_name;", "BuyItem_Localised":"BC Passenger Cabin", "BuyPrice":56862, "Ship":"cobramkiii", "ShipID":1 }
{ "timestamp":"2017-10-05T00:49:16Z", "event":"ModuleBuy", "Slot":"Slot04_Size2", "BuyItem":"$int_cargorack_size2_class1_name;", "BuyItem_Localised":"Cargo Rack", "BuyPrice":3250, "Ship":"cobramkiii", "ShipID":1 }
{ "timestamp":"2017-10-05T00:49:24Z", "event":"ModuleBuy", "Slot":"Slot05_Size2", "BuyItem":"$int_cargorack_size2_class1_name;", "BuyItem_Localised":"Cargo Rack", "BuyPrice":3250, "Ship":"cobramkiii", "ShipID":1 }
{ "timestamp":"2017-10-05T00:49:49Z", "event":"ReceiveText", "From":"$npc_name_decorate:#name=Scoot;", "From_Localised":"Scoot", "Message":"$Commuter_AuthorityScan05;", "Message_Localised":"On what grounds are you scanning this vessel, officer?", "Channel":"npc" }
{ "timestamp":"2017-10-05T00:55:37Z", "event":"MissionAccepted", "Faction":"HIP 36731 Services", "Name":"Mission_PassengerBulk_AIDWORKER_ARRIVING", "LocalisedName":"8 Aid Workers seeking transport ", "DestinationSystem":"Zang O", "DestinationStation":"Zahn Beacon", "Expiry":"2017-10-05T04:24:51Z", "Influence":"High", "Reputation":"Low", "Reward":730368, "PassengerCount":8, "PassengerVIPs":false, "PassengerWanted":false, "PassengerType":"AidWorker", "MissionID":220506018 }
{ "timestamp":"2017-10-05T00:55:46Z", "event":"Music", "MusicTrack":"GalaxyMap" }
{ "timestamp":"2017-10-05T00:55:55Z", "event":"Music", "MusicTrack":"SystemMap" }
{ "timestamp":"2017-10-05T00:56:03Z", "event":"Music", "MusicTrack":"GalaxyMap" }
{ "timestamp":"2017-10-05T00:56:04Z", "event":"Music", "MusicTrack":"Starport" }
{ "timestamp":"2017-10-05T00:56:22Z", "event":"Undocked", "StationName":"Poisson Orbital", "StationType":"Coriolis" }
{ "timestamp":"2017-10-05T00:56:34Z", "event":"Music", "MusicTrack":"NoTrack" }
{ "timestamp":"2017-10-05T00:57:08Z", "event":"ReceiveText", "From":"Poisson Orbital", "Message":"$STATION_NoFireZone_exited;", "Message_Localised":"No fire zone left.", "Channel":"npc" }
{ "timestamp":"2017-10-05T00:57:58Z", "event":"StartJump", "JumpType":"Hyperspace", "StarSystem":"Zang O", "StarClass":"M" }
{ "timestamp":"2017-10-05T00:58:17Z", "event":"FSDJump", "StarSystem":"Zang O", "StarPos":[118.875,-9.000,-74.313], "SystemAllegiance":"Independent", "SystemEconomy":"$economy_Colony;", "SystemEconomy_Localised":"Colony", "SystemGovernment":"$government_Patronage;", "SystemGovernment_Localised":"Patronage", "SystemSecurity":"$SYSTEM_SECURITY_low;", "SystemSecurity_Localised":"Low Security", "Population":1446, "JumpDist":11.420, "FuelUsed":0.991637, "FuelLevel":15.008364, "Factions":[ { "Name":"HIP 36731 Services", "FactionState":"None", "Government":"Corporate", "Influence":0.046000, "Allegiance":"Federation", "PendingStates":[ { "State":"Boom", "Trend":1 } ] }, { "Name":"Pilots Federation Local Branch", "FactionState":"None", "Government":"Democracy", "Influence":0.000000, "Allegiance":"PilotsFederation" }, { "Name":"Udegobo Silver Power Int", "FactionState":"None", "Government":"Corporate", "Influence":0.231000, "Allegiance":"Federation", "RecoveringStates":[ { "State":"Boom", "Trend":1 } ] }, { "Name":"Alliance of Suttora", "FactionState":"Retreat", "Government":"Confederacy", "Influence":0.084000, "Allegiance":"Federation", "PendingStates":[ { "State":"Election", "Trend":0 } ], "RecoveringStates":[ { "State":"Boom", "Trend":0 } ] }, { "Name":"Confederation of Dewindji", "FactionState":"None", "Government":"Confederacy", "Influence":0.108000, "Allegiance":"Federation", "PendingStates":[ { "State":"Boom", "Trend":1 } ] }, { "Name":"Zang O Independent Governance", "FactionState":"Boom", "Government":"Patronage", "Influence":0.447000, "Allegiance":"Independent" }, { "Name":"Uniting Zang O", "FactionState":"None", "Government":"Cooperative", "Influence":0.084000, "Allegiance":"Independent", "PendingStates":[ { "State":"Election", "Trend":0 } ] } ], "SystemFaction":"Zang O Independent Governance", "FactionState":"Boom" }
{ "timestamp":"2017-10-05T00:58:17Z", "event":"Music", "MusicTrack":"Supercruise" }
{ "timestamp":"2017-10-05T00:58:21Z", "event":"Music", "MusicTrack":"SystemMap" }
{ "timestamp":"2017-10-05T00:58:25Z", "event":"Music", "MusicTrack":"Supercruise" }
{ "timestamp":"2017-10-05T00:58:28Z", "event":"SupercruiseExit", "StarSystem":"Zang O", "Body":"Zang O A", "BodyType":"Star" }
{ "timestamp":"2017-10-05T00:58:28Z", "event":"Music", "MusicTrack":"Exploration" }
{ "timestamp":"2017-10-05T00:59:24Z", "event":"StartJump", "JumpType":"Supercruise" }
{ "timestamp":"2017-10-05T00:59:29Z", "event":"SupercruiseEntry", "StarSystem":"Zang O" }
{ "timestamp":"2017-10-05T00:59:30Z", "event":"Music", "MusicTrack":"Supercruise" }
{ "timestamp":"2017-10-05T00:59:34Z", "event":"HeatWarning" }
{ "timestamp":"2017-10-05T01:09:32Z", "event":"ApproachSettlement", "Name":"Zahn Beacon" }
{ "timestamp":"2017-10-05T01:10:40Z", "event":"ApproachSettlement", "Name":"Zahn Beacon" }
{ "timestamp":"2017-10-05T01:10:42Z", "event":"SupercruiseExit", "StarSystem":"Zang O", "Body":"Zang O B 1 a", "BodyType":"Planet" }
{ "timestamp":"2017-10-05T01:10:42Z", "event":"Music", "MusicTrack":"Exploration" }
{ "timestamp":"2017-10-05T01:10:50Z", "event":"Music", "MusicTrack":"NoTrack" }
{ "timestamp":"2017-10-05T01:10:53Z", "event":"ReceiveText", "From":"Zahn Beacon", "Message":"$STATION_NoFireZone_entered;", "Message_Localised":"No fire zone entered.", "Channel":"npc" }
{ "timestamp":"2017-10-05T01:10:59Z", "event":"DockingRequested", "StationName":"Zahn Beacon" }
{ "timestamp":"2017-10-05T01:10:59Z", "event":"ReceiveText", "From":"Zahn Beacon", "Message":"$DockingChatter_Neutral;", "Message_Localised":"Ensure to observe starport protocol during your visit, pilot.", "Channel":"npc" }
{ "timestamp":"2017-10-05T01:11:00Z", "event":"ReceiveText", "From":"Zahn Beacon", "Message":"$STATION_docking_granted;", "Message_Localised":"Docking request granted.", "Channel":"npc" }
{ "timestamp":"2017-10-05T01:11:00Z", "event":"DockingGranted", "LandingPad":3, "StationName":"Zahn Beacon" }
{ "timestamp":"2017-10-05T01:11:47Z", "event":"Scanned", "ScanType":"Cargo" }
{ "timestamp":"2017-10-05T01:11:47Z", "event":"ReceiveText", "From":"$ShipName_Police_Independent;", "From_Localised":"System Authority Vessel", "Message":"$Police_ThankYouPassedStopAndSearch01;", "Message_Localised":"Thank you for your cooperation, Commander.", "Channel":"npc" }
{ "timestamp":"2017-10-05T01:11:59Z", "event":"Docked", "StationName":"Zahn Beacon", "StationType":"SurfaceStation", "StarSystem":"Zang O", "StationFaction":"Zang O Independent Governance", "FactionState":"Boom", "StationGovernment":"$government_Patronage;", "StationGovernment_Localised":"Patronage", "StationServices":[ "Dock", "Autodock", "Contacts", "Exploration", "Missions", "Outfitting", "CrewLounge", "Rearm", "Refuel", "Repair", "Tuning", "MissionsGenerated", "Facilitator", "FlightController", "StationOperations", "Powerplay", "SearchAndRescue" ], "StationEconomy":"$economy_Colony;", "StationEconomy_Localised":"Colony", "DistFromStarLS":79868.429688 }
{ "timestamp":"2017-10-05T01:12:26Z", "event":"Promotion", "Trade":4 }
{ "timestamp":"2017-10-05T01:12:27Z", "event":"MissionCompleted", "Faction":"Udegobo Silver Power Int", "Name":"Mission_PassengerBulk_AIDWORKER_ARRIVING_name", "MissionID":220506018, "DestinationSystem":"Zang O", "DestinationStation":"Zahn Beacon", "Reward":730368 }
{ "timestamp":"2017-10-05T01:13:52Z", "event":"RepairAll", "Cost":342 }
{ "timestamp":"2017-10-05T01:13:54Z", "event":"RefuelAll", "Cost":67, "Amount":1.320167 }
{ "timestamp":"2017-10-05T01:14:10Z", "event":"ModuleBuy", "Slot":"TinyHardpoint1", "BuyItem":"$hpt_heatsinklauncher_turret_tiny_name;", "BuyItem_Localised":"Heat Sink", "BuyPrice":3500, "Ship":"cobramkiii", "ShipID":1 }
{ "timestamp":"2017-10-05T01:14:19Z", "event":"ModuleBuy", "Slot":"TinyHardpoint2", "BuyItem":"$hpt_chafflauncher_tiny_name;", "BuyItem_Localised":"Chaff", "BuyPrice":8500, "Ship":"cobramkiii", "ShipID":1 }
{ "timestamp":"2017-10-05T01:18:11Z", "event":"ReceiveText", "From":"$ShipName_Police_Independent;", "From_Localised":"System Authority Vessel", "Message":"$Police_EndPatrol01;", "Message_Localised":"Shift's over guys, I'm heading back to base.", "Channel":"npc" }
{ "timestamp":"2017-10-05T01:18:59Z", "event":"Music", "MusicTrack":"Exploration" }
