{ "timestamp":"2017-11-07T09:33:18Z", "event":"Fileheader", "part":1, "language":"English\\UK", "gameversion":"2.4", "build":"r156431/r0 " }
{ "timestamp":"2017-11-07T09:33:18Z", "event":"Music", "MusicTrack":"NoTrack" }
{ "timestamp":"2017-11-07T09:33:18Z", "event":"Music", "MusicTrack":"MainMenu" }
{ "timestamp":"2017-11-07T09:35:03Z", "event":"Cargo", "Inventory":[  ] }
{ "timestamp":"2017-11-07T09:35:03Z", "event":"Loadout", "Ship":"DiamondBackXL", "ShipID":2, "ShipName":"KONNYAKU", "ShipIdent":"IG-E01", "Modules":[ { "Slot":"LargeHardpoint1", "Item":"Hpt_PulseLaser_Gimbal_Large", "On":true, "Priority":2, "Health":0.891962, "Value":140600 }, { "Slot":"MediumHardpoint2", "Item":"Hpt_MiningLaser_Fixed_Small", "On":true, "Priority":1, "Health":0.973718, "Value":6800 }, { "Slot":"TinyHardpoint1", "Item":"Hpt_HeatSinkLauncher_Turret_Tiny", "On":true, "Priority":0, "AmmoInClip":1, "AmmoInHopper":1, "Health":0.916123, "Value":3500 }, { "Slot":"TinyHardpoint2", "Item":"Hpt_HeatSinkLauncher_Turret_Tiny", "On":true, "Priority":0, "AmmoInClip":1, "AmmoInHopper":1, "Health":0.906741, "Value":3500 }, { "Slot":"TinyHardpoint4", "Item":"Hpt_ChaffLauncher_Tiny", "On":true, "Priority":1, "AmmoInClip":1, "AmmoInHopper":10, "Health":0.870520, "Value":8500 }, { "Slot":"Armour", "Item":"DiamondBackXL_Armour_Grade1", "On":true, "Priority":1, "Health":1.000000, "Value":0 }, { "Slot":"PowerPlant", "Item":"Int_Powerplant_Size4_Class4", "On":true, "Priority":1, "Health":0.930176, "Value":536693 }, { "Slot":"MainEngines", "Item":"Int_Engine_Size4_Class4", "On":true, "Priority":0, "Health":0.949218, "Value":536693 }, { "Slot":"FrameShiftDrive", "Item":"Int_Hyperdrive_Size5_Class4", "On":true, "Priority":0, "Health":0.922943, "Value":1701318 }, { "Slot":"LifeSupport", "Item":"Int_LifeSupport_Size3_Class2", "On":true, "Priority":0, "Health":0.902882, "Value":10133 }, { "Slot":"PowerDistributor", "Item":"Int_PowerDistributor_Size4_Class2", "On":true, "Priority":0, "Health":0.958339, "Value":28373 }, { "Slot":"Radar", "Item":"Int_Sensors_Size3_Class2", "On":true, "Priority":3, "Health":0.930037, "Value":10133 }, { "Slot":"FuelTank", "Item":"Int_FuelTank_Size5_Class3", "On":true, "Priority":1, "Health":1.000000, "Value":97754 }, { "Slot":"Decal1", "Item":"Decal_Explorer_Surveyor", "On":true, "Priority":1, "Health":1.000000, "Value":0 }, { "Slot":"Decal2", "Item":"Decal_Explorer_Surveyor", "On":true, "Priority":1, "Health":1.000000, "Value":0 }, { "Slot":"Decal3", "Item":"Decal_Explorer_Surveyor", "On":true, "Priority":1, "Health":1.000000, "Value":0 }, { "Slot":"Slot01_Size4", "Item":"Int_ShieldGenerator_Size4_Class1", "On":true, "Priority":1, "Health":0.966821, "Value":19878 }, { "Slot":"Slot02_Size4", "Item":"Int_FuelScoop_Size4_Class4", "On":true, "Priority":3, "Health":0.925726, "Value":715591 }, { "Slot":"Slot03_Size3", "Item":"Int_BuggyBay_Size2_Class2", "On":true, "Priority":0, "Health":0.947269, "Value":21600 }, { "Slot":"Slot04_Size3", "Item":"Int_Repairer_Size3_Class2", "On":true, "Priority":0, "AmmoInClip":2871, "Health":0.900714, "Value":97200 }, { "Slot":"Slot05_Size2", "Item":"Int_StellarBodyDiscoveryScanner_Advanced", "On":true, "Priority":1, "Health":0.924183, "Value":1545000 }, { "Slot":"Slot06_Size2", "Item":"Int_DetailedSurfaceScanner_Tiny", "On":true, "Priority":1, "Health":1.000000, "Value":250000 }, { "Slot":"PlanetaryApproachSuite", "Item":"Int_PlanetApproachSuite", "On":true, "Priority":1, "Health":1.000000, "Value":500 }, { "Slot":"ShipCockpit", "Item":"DiamondBackXL_Cockpit", "On":true, "Priority":1, "Health":0.955808, "Value":0 }, { "Slot":"CargoHatch", "Item":"ModularCargoBayDoor", "On":true, "Priority":2, "Health":0.910384, "Value":0 } ] }
{ "timestamp":"2017-11-07T09:35:03Z", "event":"Materials", "Raw":[ { "Name":"carbon", "Count":14 }, { "Name":"iron", "Count":26 }, { "Name":"chromium", "Count":10 }, { "Name":"nickel", "Count":20 }, { "Name":"manganese", "Count":24 }, { "Name":"zinc", "Count":4 }, { "Name":"sulphur", "Count":9 }, { "Name":"tungsten", "Count":3 } ], "Manufactured":[ { "Name":"mechanicalscrap", "Count":8 }, { "Name":"gridresistors", "Count":3 }, { "Name":"heatdispersionplate", "Count":5 }, { "Name":"salvagedalloys", "Count":6 }, { "Name":"hybridcapacitors", "Count":5 }, { "Name":"heatconductionwiring", "Count":2 } ], "Encoded":[ { "Name":"shieldsoakanalysis", "Count":3 }, { "Name":"disruptedwakeechoes", "Count":5 }, { "Name":"shieldcyclerecordings", "Count":9 }, { "Name":"emissiondata", "Count":3 }, { "Name":"bulkscandata", "Count":9 }, { "Name":"scrambledemissiondata", "Count":7 }, { "Name":"archivedemissiondata", "Count":3 }, { "Name":"shielddensityreports", "Count":9 }, { "Name":"legacyfirmware", "Count":1 } ] }
{ "timestamp":"2017-11-07T09:35:03Z", "event":"LoadGame", "Commander":"Igaguri", "Ship":"DiamondBackXL", "ShipID":2, "ShipName":"KONNYAKU", "ShipIdent":"IG-E01", "FuelLevel":32.000000, "FuelCapacity":32.000000, "GameMode":"Open", "Credits":726550, "Loan":0 }
{ "timestamp":"2017-11-07T09:35:03Z", "event":"Rank", "Combat":1, "Trade":4, "Explore":4, "Empire":0, "Federation":1, "CQC":0 }
{ "timestamp":"2017-11-07T09:35:03Z", "event":"Progress", "Combat":26, "Trade":1, "Explore":12, "Empire":0, "Federation":100, "CQC":0 }
{ "timestamp":"2017-11-07T09:35:15Z", "event":"Location", "Docked":false, "StarSystem":"Eos Aowsy XJ-L b36-138", "StarPos":[841.969,214.125,17649.375], "SystemAllegiance":"", "SystemEconomy":"$economy_None;", "SystemEconomy_Localised":"None", "SystemGovernment":"$government_None;", "SystemGovernment_Localised":"None", "SystemSecurity":"$GAlAXY_MAP_INFO_state_anarchy;", "SystemSecurity_Localised":"Anarchy", "Population":0, "Body":"Eos Aowsy XJ-L b36-138", "BodyType":"Star" }
{ "timestamp":"2017-11-07T09:35:15Z", "event":"Music", "MusicTrack":"NoTrack" }
{ "timestamp":"2017-11-07T09:35:15Z", "event":"Music", "MusicTrack":"Exploration" }
{ "timestamp":"2017-11-07T09:35:20Z", "event":"Music", "MusicTrack":"GalaxyMap" }
{ "timestamp":"2017-11-07T09:35:24Z", "event":"Music", "MusicTrack":"Exploration" }
{ "timestamp":"2017-11-07T09:35:27Z", "event":"Music", "MusicTrack":"GalaxyMap" }
{ "timestamp":"2017-11-07T09:35:30Z", "event":"Music", "MusicTrack":"Exploration" }
{ "timestamp":"2017-11-07T09:35:38Z", "event":"StartJump", "JumpType":"Supercruise" }
{ "timestamp":"2017-11-07T09:35:43Z", "event":"SupercruiseEntry", "StarSystem":"Eos Aowsy XJ-L b36-138" }
{ "timestamp":"2017-11-07T09:35:43Z", "event":"Music", "MusicTrack":"Supercruise" }
{ "timestamp":"2017-11-07T09:36:02Z", "event":"StartJump", "JumpType":"Hyperspace", "StarSystem":"Eos Aowsy TY-I d9-51", "StarClass":"A" }
{ "timestamp":"2017-11-07T09:36:07Z", "event":"Music", "MusicTrack":"NoTrack" }
{ "timestamp":"2017-11-07T09:36:21Z", "event":"FSDJump", "StarSystem":"Eos Aowsy TY-I d9-51", "StarPos":[835.031,232.000,17666.938], "SystemAllegiance":"", "SystemEconomy":"$economy_None;", "SystemEconomy_Localised":"None", "SystemGovernment":"$government_None;", "SystemGovernment_Localised":"None", "SystemSecurity":"$GAlAXY_MAP_INFO_state_anarchy;", "SystemSecurity_Localised":"Anarchy", "Population":0, "JumpDist":26.002, "FuelUsed":4.024910, "FuelLevel":27.975090 }
{ "timestamp":"2017-11-07T09:36:21Z", "event":"Music", "MusicTrack":"Supercruise" }
{ "timestamp":"2017-11-07T09:36:42Z", "event":"Music", "MusicTrack":"SystemMap" }
{ "timestamp":"2017-11-07T09:36:43Z", "event":"FuelScoop", "Scooped":4.024920, "Total":32.000000 }
{ "timestamp":"2017-11-07T09:36:44Z", "event":"Music", "MusicTrack":"Supercruise" }
{ "timestamp":"2017-11-07T09:37:04Z", "event":"StartJump", "JumpType":"Hyperspace", "StarSystem":"Eos Aowsy MX-R c18-586", "StarClass":"K" }
{ "timestamp":"2017-11-07T09:37:10Z", "event":"Music", "MusicTrack":"NoTrack" }
{ "timestamp":"2017-11-07T09:37:23Z", "event":"FSDJump", "StarSystem":"Eos Aowsy MX-R c18-586", "StarPos":[830.313,254.063,17680.156], "SystemAllegiance":"", "SystemEconomy":"$economy_None;", "SystemEconomy_Localised":"None", "SystemGovernment":"$government_None;", "SystemGovernment_Localised":"None", "SystemSecurity":"$GAlAXY_MAP_INFO_state_anarchy;", "SystemSecurity_Localised":"Anarchy", "Population":0, "JumpDist":26.149, "FuelUsed":4.080682, "FuelLevel":27.919319 }
{ "timestamp":"2017-11-07T09:37:23Z", "event":"Music", "MusicTrack":"Supercruise" }
{ "timestamp":"2017-11-07T09:37:45Z", "event":"FuelScoop", "Scooped":4.080694, "Total":32.000000 }
{ "timestamp":"2017-11-07T09:37:47Z", "event":"Music", "MusicTrack":"SystemMap" }
{ "timestamp":"2017-11-07T09:37:53Z", "event":"Music", "MusicTrack":"Supercruise" }
{ "timestamp":"2017-11-07T09:37:55Z", "event":"Music", "MusicTrack":"SystemMap" }
{ "timestamp":"2017-11-07T09:37:58Z", "event":"Music", "MusicTrack":"Supercruise" }
{ "timestamp":"2017-11-07T09:38:00Z", "event":"Music", "MusicTrack":"SystemMap" }
{ "timestamp":"2017-11-07T09:38:05Z", "event":"Music", "MusicTrack":"Supercruise" }
{ "timestamp":"2017-11-07T09:38:22Z", "event":"StartJump", "JumpType":"Hyperspace", "StarSystem":"Eos Aowsy CR-G b39-87", "StarClass":"M" }
{ "timestamp":"2017-11-07T09:38:28Z", "event":"Music", "MusicTrack":"NoTrack" }
{ "timestamp":"2017-11-07T09:38:41Z", "event":"FSDJump", "StarSystem":"Eos Aowsy CR-G b39-87", "StarPos":[831.531,273.344,17697.719], "SystemAllegiance":"", "SystemEconomy":"$economy_None;", "SystemEconomy_Localised":"None", "SystemGovernment":"$government_None;", "SystemGovernment_Localised":"None", "SystemSecurity":"$GAlAXY_MAP_INFO_state_anarchy;", "SystemSecurity_Localised":"Anarchy", "Population":0, "JumpDist":26.109, "FuelUsed":4.065779, "FuelLevel":27.934221 }
{ "timestamp":"2017-11-07T09:38:41Z", "event":"Music", "MusicTrack":"Supercruise" }
{ "timestamp":"2017-11-07T09:39:03Z", "event":"FuelScoop", "Scooped":3.512725, "Total":31.446953 }
{ "timestamp":"2017-11-07T09:39:50Z", "event":"StartJump", "JumpType":"Hyperspace", "StarSystem":"Eos Aowsy OI-Q c19-124", "StarClass":"K" }
{ "timestamp":"2017-11-07T09:39:56Z", "event":"Music", "MusicTrack":"NoTrack" }
{ "timestamp":"2017-11-07T09:40:09Z", "event":"FSDJump", "StarSystem":"Eos Aowsy OI-Q c19-124", "StarPos":[831.594,291.563,17716.063], "SystemAllegiance":"", "SystemEconomy":"$economy_None;", "SystemEconomy_Localised":"None", "SystemGovernment":"$government_None;", "SystemGovernment_Localised":"None", "SystemSecurity":"$GAlAXY_MAP_INFO_state_anarchy;", "SystemSecurity_Localised":"Anarchy", "Population":0, "JumpDist":25.854, "FuelUsed":3.955186, "FuelLevel":27.491766 }
{ "timestamp":"2017-11-07T09:40:09Z", "event":"Music", "MusicTrack":"Supercruise" }
{ "timestamp":"2017-11-07T09:40:32Z", "event":"FuelScoop", "Scooped":3.311034, "Total":30.802797 }
{ "timestamp":"2017-11-07T09:40:53Z", "event":"StartJump", "JumpType":"Hyperspace", "StarSystem":"Eos Aowsy MN-Q c19-198", "StarClass":"K" }
{ "timestamp":"2017-11-07T09:40:58Z", "event":"Music", "MusicTrack":"NoTrack" }
{ "timestamp":"2017-11-07T09:41:11Z", "event":"FSDJump", "StarSystem":"Eos Aowsy MN-Q c19-198", "StarPos":[831.188,312.844,17730.281], "SystemAllegiance":"", "SystemEconomy":"$economy_None;", "SystemEconomy_Localised":"None", "SystemGovernment":"$government_None;", "SystemGovernment_Localised":"None", "SystemSecurity":"$GAlAXY_MAP_INFO_state_anarchy;", "SystemSecurity_Localised":"Anarchy", "Population":0, "JumpDist":25.597, "FuelUsed":3.844203, "FuelLevel":26.958595 }
{ "timestamp":"2017-11-07T09:41:12Z", "event":"Music", "MusicTrack":"Supercruise" }
{ "timestamp":"2017-11-07T09:41:30Z", "event":"Music", "MusicTrack":"SystemMap" }
{ "timestamp":"2017-11-07T09:41:34Z", "event":"Music", "MusicTrack":"Supercruise" }
{ "timestamp":"2017-11-07T09:41:35Z", "event":"FuelScoop", "Scooped":3.562804, "Total":30.521416 }
{ "timestamp":"2017-11-07T09:41:51Z", "event":"StartJump", "JumpType":"Hyperspace", "StarSystem":"Eos Aowsy ES-D b41-46", "StarClass":"M" }
{ "timestamp":"2017-11-07T09:41:56Z", "event":"Music", "MusicTrack":"NoTrack" }
{ "timestamp":"2017-11-07T09:42:10Z", "event":"FSDJump", "StarSystem":"Eos Aowsy ES-D b41-46", "StarPos":[828.781,332.844,17746.719], "SystemAllegiance":"", "SystemEconomy":"$economy_None;", "SystemEconomy_Localised":"None", "SystemGovernment":"$government_None;", "SystemGovernment_Localised":"None", "SystemSecurity":"$GAlAXY_MAP_INFO_state_anarchy;", "SystemSecurity_Localised":"Anarchy", "Population":0, "JumpDist":26.000, "FuelUsed":3.986523, "FuelLevel":26.534893 }
{ "timestamp":"2017-11-07T09:42:10Z", "event":"Music", "MusicTrack":"Supercruise" }
{ "timestamp":"2017-11-07T09:42:26Z", "event":"Music", "MusicTrack":"SystemMap" }
{ "timestamp":"2017-11-07T09:42:27Z", "event":"FuelScoop", "Scooped":2.181911, "Total":28.716810 }
{ "timestamp":"2017-11-07T09:42:29Z", "event":"Music", "MusicTrack":"Supercruise" }
{ "timestamp":"2017-11-07T09:43:07Z", "event":"StartJump", "JumpType":"Hyperspace", "StarSystem":"Eos Aowsy VJ-H d10-1796", "StarClass":"F" }
{ "timestamp":"2017-11-07T09:43:13Z", "event":"Music", "MusicTrack":"NoTrack" }
{ "timestamp":"2017-11-07T09:43:26Z", "event":"FSDJump", "StarSystem":"Eos Aowsy VJ-H d10-1796", "StarPos":[822.719,353.125,17762.000], "SystemAllegiance":"", "SystemEconomy":"$economy_None;", "SystemEconomy_Localised":"None", "SystemGovernment":"$government_None;", "SystemGovernment_Localised":"None", "SystemSecurity":"$GAlAXY_MAP_INFO_state_anarchy;", "SystemSecurity_Localised":"Anarchy", "Population":0, "JumpDist":26.107, "FuelUsed":3.981476, "FuelLevel":24.735334 }
{ "timestamp":"2017-11-07T09:43:26Z", "event":"Music", "MusicTrack":"Supercruise" }
{ "timestamp":"2017-11-07T09:43:55Z", "event":"FuelScoop", "Scooped":5.000768, "Total":29.216120 }
{ "timestamp":"2017-11-07T09:44:05Z", "event":"FuelScoop", "Scooped":2.783878, "Total":32.000000 }
{ "timestamp":"2017-11-07T09:44:12Z", "event":"Music", "MusicTrack":"SystemMap" }
{ "timestamp":"2017-11-07T09:44:15Z", "event":"Music", "MusicTrack":"Supercruise" }
{ "timestamp":"2017-11-07T09:45:31Z", "event":"Scan", "BodyName":"Eos Aowsy VJ-H d10-1796 1", "DistanceFromArrivalLS":1094.712524, "TidalLock":false, "TerraformState":"", "PlanetClass":"Water world", "Atmosphere":"thick nitrogen atmosphere", "AtmosphereType":"Nitrogen", "AtmosphereComposition":[ { "Name":"Nitrogen", "Percent":89.370171 }, { "Name":"Oxygen", "Percent":7.670870 }, { "Name":"Helium", "Percent":1.312988 } ], "Volcanism":"major silicate vapour geysers volcanism", "MassEM":7.726536, "Radius":10775375.000000, "SurfaceGravity":26.523415, "SurfaceTemperature":266.192017, "SurfacePressure":805167.562500, "Landable":false, "SemiMajorAxis":328132263936.000000, "Eccentricity":0.000240, "OrbitalInclination":-0.622851, "Periapsis":327.448456, "OrbitalPeriod":102833352.000000, "RotationPeriod":127389.531250, "AxialTilt":-0.335881 }
{ "timestamp":"2017-11-07T09:45:35Z", "event":"Music", "MusicTrack":"SystemMap" }
{ "timestamp":"2017-11-07T09:45:37Z", "event":"Music", "MusicTrack":"Supercruise" }
{ "timestamp":"2017-11-07T09:45:58Z", "event":"StartJump", "JumpType":"Hyperspace", "StarSystem":"Eos Aowsy IO-A b43-46", "StarClass":"M" }
{ "timestamp":"2017-11-07T09:46:04Z", "event":"Music", "MusicTrack":"NoTrack" }
{ "timestamp":"2017-11-07T09:46:17Z", "event":"FSDJump", "StarSystem":"Eos Aowsy IO-A b43-46", "StarPos":[826.688,372.156,17779.438], "SystemAllegiance":"", "SystemEconomy":"$economy_None;", "SystemEconomy_Localised":"None", "SystemGovernment":"$government_None;", "SystemGovernment_Localised":"None", "SystemSecurity":"$GAlAXY_MAP_INFO_state_anarchy;", "SystemSecurity_Localised":"Anarchy", "Population":0, "JumpDist":26.115, "FuelUsed":4.067741, "FuelLevel":27.932259 }
{ "timestamp":"2017-11-07T09:46:17Z", "event":"Music", "MusicTrack":"Supercruise" }
{ "timestamp":"2017-11-07T09:46:28Z", "event":"Music", "MusicTrack":"SystemMap" }
{ "timestamp":"2017-11-07T09:46:29Z", "event":"Music", "MusicTrack":"Supercruise" }
{ "timestamp":"2017-11-07T09:46:34Z", "event":"FuelScoop", "Scooped":2.140759, "Total":30.073004 }
{ "timestamp":"2017-11-07T09:46:55Z", "event":"StartJump", "JumpType":"Hyperspace", "StarSystem":"Eos Aowsy KZ-Y b43-48", "StarClass":"M" }
{ "timestamp":"2017-11-07T09:47:00Z", "event":"Music", "MusicTrack":"NoTrack" }
{ "timestamp":"2017-11-07T09:47:14Z", "event":"FSDJump", "StarSystem":"Eos Aowsy KZ-Y b43-48", "StarPos":[822.156,388.594,17799.281], "SystemAllegiance":"", "SystemEconomy":"$economy_None;", "SystemEconomy_Localised":"None", "SystemGovernment":"$government_None;", "SystemGovernment_Localised":"None", "SystemSecurity":"$GAlAXY_MAP_INFO_state_anarchy;", "SystemSecurity_Localised":"Anarchy", "Population":0, "JumpDist":26.163, "FuelUsed":4.036442, "FuelLevel":26.036562 }
{ "timestamp":"2017-11-07T09:47:14Z", "event":"Music", "MusicTrack":"Supercruise" }
{ "timestamp":"2017-11-07T09:47:28Z", "event":"Music", "MusicTrack":"SystemMap" }
{ "timestamp":"2017-11-07T09:47:29Z", "event":"Music", "MusicTrack":"Supercruise" }
{ "timestamp":"2017-11-07T09:47:32Z", "event":"FuelScoop", "Scooped":2.289680, "Total":28.326246 }
